# time 'Cases' 'Susceptible' 'Exposed' 'Infected' 'Removed' 'Deads'
 0.000000E+00 10 100000 0 10 0 0
 4.000000E+00 14 99993 5 4 2 3
 8.000000E+00 14 99988 6 2 2 4
 1.200000E+01 15 99987 6 1 3 5
 1.600000E+01 15 99984 5 2 3 5
 2.000000E+01 18 99983 7 1 4 6
 2.400000E+01 21 99981 6 2 4 9
 2.800000E+01 27 99977 11 2 4 10
 3.200000E+01 27 99970 11 2 4 10
 3.600000E+01 33 99967 14 4 4 11
 4.000000E+01 34 99961 13 3 4 14
 4.400000E+01 45 99956 19 6 4 16
 4.800000E+01 42 99952 14 5 5 18
 5.200000E+01 46 99948 16 6 5 19
 5.600000E+01 60 99941 25 6 6 23
 6.000000E+01 58 99938 16 7 10 25
 6.400000E+01 69 99929 25 3 12 29
 6.800000E+01 82 99922 27 9 13 33
 7.200000E+01 88 99915 28 7 14 39
 7.600000E+01 95 99908 27 12 15 41
 8.000000E+01 103 99899 27 14 16 46
 8.400000E+01 108 99892 26 14 16 52
 8.800000E+01 116 99877 25 18 18 55
 9.200000E+01 119 99864 24 9 21 65
 9.600000E+01 138 99855 32 14 22 70
 1.000000E+02 158 99837 41 16 29 72
 1.040000E+02 167 99828 40 14 34 79
 1.080000E+02 171 99822 33 17 37 84
 1.120000E+02 177 99807 27 20 38 92
 1.160000E+02 192 99793 36 18 42 96
 1.200000E+02 216 99784 45 24 44 103
 1.240000E+02 219 99774 38 19 48 114
 1.280000E+02 235 99764 38 22 50 125
 1.320000E+02 240 99755 32 16 56 136
 1.360000E+02 250 99741 32 21 57 140
 1.400000E+02 259 99731 35 18 59 147
 1.440000E+02 273 99722 40 18 63 152
 1.480000E+02 284 99710 38 21 66 159
 1.520000E+02 298 99696 38 20 74 166
 1.560000E+02 301 99686 31 13 79 178
 1.600000E+02 334 99673 52 18 82 182
 1.640000E+02 329 99669 34 20 85 190
 1.680000E+02 330 99662 19 23 89 199
 1.720000E+02 346 99658 24 17 96 209
 1.760000E+02 348 99652 22 14 98 214
 1.800000E+02 363 99643 33 10 99 221
 1.840000E+02 365 99638 25 7 102 231
 1.880000E+02 381 99630 28 16 105 232
 1.920000E+02 385 99627 24 14 106 241
 1.960000E+02 379 99625 15 10 108 246
 2.000000E+02 383 99623 13 10 111 249

#Simulation ended (eff.: 0.987930, detail below)
	#Events: 92001
	#Valid embedding but no longer unary when required: 0.000000
	#Valid embedding but not binary when required: 0.000000
	#Clashing instance: 0.000000
	#Lazy negative update: 1.000000
	#Lazy negative update of non local instances: 0.000000
	#Perturbation interrupting time advance: 0.000000
