# time 'Cases' 'Susceptible' 'Exposed' 'Infected' 'Removed' 'Deads'
 0.000000E+00 0 1580 0 0 0 0
 4.000000E+00 2 1580 2 0 0 0
 8.000000E+00 2 1580 2 0 0 0
 1.200000E+01 5 1580 5 0 0 0
 1.600000E+01 8 1580 7 0 0 1
 2.000000E+01 7 1579 4 2 0 1
 2.400000E+01 8 1577 6 1 0 1
 2.800000E+01 7 1576 4 2 0 1
 3.200000E+01 11 1575 6 3 0 2
 3.600000E+01 8 1573 3 1 0 4
 4.000000E+01 14 1573 8 2 0 4
 4.400000E+01 14 1571 7 1 0 6
 4.800000E+01 20 1570 10 2 1 7
 5.200000E+01 19 1570 9 1 1 8
 5.600000E+01 24 1569 10 5 1 8
 6.000000E+01 28 1567 12 2 2 12
 6.400000E+01 33 1563 14 4 2 13
 6.800000E+01 41 1554 15 8 3 15
 7.200000E+01 45 1550 17 5 4 19
 7.600000E+01 39 1544 12 3 4 20
 8.000000E+01 43 1543 12 7 4 20
 8.400000E+01 52 1536 21 5 5 21
 8.800000E+01 52 1533 18 5 5 24
 9.200000E+01 50 1526 13 4 7 26
 9.600000E+01 61 1520 23 3 7 28
 1.000000E+02 62 1516 14 8 9 31
 1.040000E+02 73 1510 22 7 9 35
 1.080000E+02 64 1505 10 7 11 36
 1.120000E+02 72 1502 16 4 13 39
 1.160000E+02 72 1500 15 4 14 39
 1.200000E+02 87 1495 23 6 15 43
 1.240000E+02 89 1490 20 8 16 45
 1.280000E+02 94 1484 21 8 17 48
 1.320000E+02 90 1479 15 9 18 48
 1.360000E+02 101 1472 23 5 20 53
 1.400000E+02 104 1471 20 9 20 55
 1.440000E+02 113 1466 23 11 22 57
 1.480000E+02 109 1463 15 9 25 60
 1.520000E+02 120 1459 23 5 27 65
 1.560000E+02 123 1454 22 5 28 68
 1.600000E+02 114 1451 11 2 29 72
 1.640000E+02 119 1450 14 4 29 72
 1.680000E+02 116 1450 7 3 29 77
 1.720000E+02 123 1448 11 4 30 78
 1.760000E+02 124 1446 8 4 31 81
 1.800000E+02 131 1445 9 6 33 83
 1.840000E+02 134 1443 11 3 35 85
 1.880000E+02 136 1443 11 4 35 86
 1.920000E+02 139 1442 10 6 35 88
 1.960000E+02 146 1439 15 4 36 91
 2.000000E+02 144 1437 9 3 37 95

#Simulation ended (eff.: 0.850400, detail below)
	#Events: 4252
	#Valid embedding but no longer unary when required: 0.000000
	#Valid embedding but not binary when required: 0.000000
	#Clashing instance: 0.000000
	#Lazy negative update: 1.000000
	#Lazy negative update of non local instances: 0.000000
	#Perturbation interrupting time advance: 0.000000
