# time 'Cases' 'Susceptible' 'Exposed' 'Infected' 'Removed' 'Deads'
 0.000000E+00 0 470 0 0 0 0
 4.000000E+00 0 470 0 0 0 0
 8.000000E+00 4 470 4 0 0 0
 1.200000E+01 3 470 2 1 0 0
 1.600000E+01 2 468 1 0 1 0
 2.000000E+01 6 468 5 0 1 0
 2.400000E+01 3 468 2 0 1 0
 2.800000E+01 3 468 2 0 1 0
 3.200000E+01 4 468 3 0 1 0
 3.600000E+01 1 468 0 0 1 0
 4.000000E+01 4 468 1 2 1 0
 4.400000E+01 5 468 2 1 2 0
 4.800000E+01 5 468 1 1 2 1
 5.200000E+01 7 466 2 1 3 1
 5.600000E+01 17 465 12 1 3 1
 6.000000E+01 16 458 8 3 3 2
 6.400000E+01 14 456 8 0 3 3
 6.800000E+01 11 454 4 1 3 3
 7.200000E+01 15 452 5 2 4 4
 7.600000E+01 13 450 4 1 4 4
 8.000000E+01 18 449 8 1 4 5
 8.400000E+01 16 447 4 1 4 7
 8.800000E+01 14 447 1 1 5 7
 9.200000E+01 23 446 9 2 5 7
 9.600000E+01 25 444 10 2 5 8
 1.000000E+02 26 439 10 0 5 11
 1.040000E+02 29 438 9 3 5 12
 1.080000E+02 34 436 11 4 6 13
 1.120000E+02 33 435 9 3 6 15
 1.160000E+02 33 432 7 2 6 18
 1.200000E+02 36 431 8 2 6 20
 1.240000E+02 37 427 7 3 6 21
 1.280000E+02 37 426 9 0 6 22
 1.320000E+02 40 426 9 2 6 23
 1.360000E+02 43 426 9 5 6 23
 1.400000E+02 46 426 10 4 7 25
 1.440000E+02 45 425 8 3 7 27
 1.480000E+02 46 425 8 2 8 28
 1.520000E+02 50 423 9 5 8 28
 1.560000E+02 46 423 5 2 9 30
 1.600000E+02 50 422 5 5 10 30
 1.640000E+02 47 421 5 2 10 30
 1.680000E+02 55 417 10 4 11 30
 1.720000E+02 51 416 6 3 12 30
 1.760000E+02 53 416 7 3 12 31
 1.800000E+02 55 416 8 3 12 32
 1.840000E+02 50 416 1 2 12 35
 1.880000E+02 58 416 7 2 14 35
 1.920000E+02 53 416 3 0 14 36
 1.960000E+02 54 416 4 0 14 36
 2.000000E+02 54 414 4 0 14 36

#Simulation ended (eff.: 0.760134, detail below)
	#Events: 1819
	#Valid embedding but no longer unary when required: 0.000000
	#Valid embedding but not binary when required: 0.000000
	#Clashing instance: 0.000000
	#Lazy negative update: 1.000000
	#Lazy negative update of non local instances: 0.000000
	#Perturbation interrupting time advance: 0.000000
