# time 'Cases' 'Susceptible' 'Exposed' 'Infected' 'Removed' 'Deads'
 0.000000E+00 10 100000 0 10 0 0
 4.000000E+00 14 99993 5 4 3 2
 8.000000E+00 16 99988 8 1 3 4
 1.200000E+01 18 99987 8 3 3 4
 1.600000E+01 18 99986 7 4 3 4
 2.000000E+01 23 99979 11 5 3 4
 2.400000E+01 32 99972 16 5 5 6
 2.800000E+01 38 99965 16 8 6 8
 3.200000E+01 38 99960 16 6 7 9
 3.600000E+01 50 99952 24 7 8 11
 4.000000E+01 57 99946 22 12 9 14
 4.400000E+01 61 99941 19 10 12 20
 4.800000E+01 76 99929 24 14 13 25
 5.200000E+01 95 99914 35 13 16 31
 5.600000E+01 115 99897 48 13 19 35
 6.000000E+01 119 99883 37 19 22 41
 6.400000E+01 129 99867 39 17 25 48
 6.800000E+01 141 99851 42 20 26 53
 7.200000E+01 159 99833 50 14 33 62
 7.600000E+01 177 99820 52 17 35 73
 8.000000E+01 195 99808 54 21 40 80
 8.400000E+01 214 99789 53 25 44 92
 8.800000E+01 216 99777 46 19 50 101
 9.200000E+01 237 99761 56 18 51 112
 9.600000E+01 259 99744 59 27 55 118
 1.000000E+02 265 99727 46 29 57 133
 1.040000E+02 291 99710 60 25 58 148
 1.080000E+02 319 99689 72 24 64 159
 1.120000E+02 329 99672 63 32 67 167
 1.160000E+02 338 99656 64 26 72 176
 1.200000E+02 351 99636 55 31 74 191
 1.240000E+02 369 99623 59 29 76 205
 1.280000E+02 374 99602 46 24 83 221
 1.320000E+02 401 99582 54 26 87 234
 1.360000E+02 432 99562 63 32 93 244
 1.400000E+02 454 99540 71 25 98 260
 1.440000E+02 464 99526 63 26 100 275
 1.480000E+02 489 99503 65 29 110 285
 1.520000E+02 497 99482 60 27 114 296
 1.560000E+02 514 99463 58 30 121 305
 1.600000E+02 547 99448 69 33 126 319
 1.640000E+02 561 99435 62 27 133 339
 1.680000E+02 564 99418 48 27 138 351
 1.720000E+02 573 99409 49 16 146 362
 1.760000E+02 590 99393 42 30 152 366
 1.800000E+02 604 99383 51 20 157 376
 1.840000E+02 608 99377 43 21 162 382
 1.880000E+02 621 99365 42 25 167 387
 1.920000E+02 631 99356 39 24 171 397
 1.960000E+02 628 99345 28 19 174 407
 2.000000E+02 657 99333 35 23 184 415

#Simulation ended (eff.: 0.984643, detail below)
	#Events: 95984
	#Valid embedding but no longer unary when required: 0.000000
	#Valid embedding but not binary when required: 0.000000
	#Clashing instance: 0.000000
	#Lazy negative update: 1.000000
	#Lazy negative update of non local instances: 0.000000
	#Perturbation interrupting time advance: 0.000000
