# time 'Cases' 'Susceptible' 'Exposed' 'Infected' 'Removed' 'Deads'
 0.000000E+00 0 1580 0 0 0 0
 4.000000E+00 0 1580 0 0 0 0
 8.000000E+00 3 1580 3 0 0 0
 1.200000E+01 4 1580 4 0 0 0
 1.600000E+01 6 1579 4 0 0 2
 2.000000E+01 4 1579 2 0 0 2
 2.400000E+01 7 1578 3 2 0 2
 2.800000E+01 8 1576 4 1 0 3
 3.200000E+01 9 1574 4 2 0 3
 3.600000E+01 12 1572 7 1 0 4
 4.000000E+01 12 1572 7 0 0 5
 4.400000E+01 12 1571 5 1 0 6
 4.800000E+01 12 1567 2 2 0 8
 5.200000E+01 16 1565 3 3 1 9
 5.600000E+01 20 1565 6 2 1 11
 6.000000E+01 23 1563 9 2 1 11
 6.400000E+01 22 1563 6 3 1 12
 6.800000E+01 26 1560 9 1 2 14
 7.200000E+01 25 1560 6 0 3 16
 7.600000E+01 27 1558 6 1 4 16
 8.000000E+01 34 1554 11 2 5 16
 8.400000E+01 35 1552 11 2 5 17
 8.800000E+01 38 1550 10 3 6 19
 9.200000E+01 47 1545 18 3 6 20
 9.600000E+01 49 1544 16 7 6 20
 1.000000E+02 57 1536 20 6 7 24
 1.040000E+02 52 1536 17 3 8 24
 1.080000E+02 54 1532 11 9 9 25
 1.120000E+02 59 1531 14 4 12 29
 1.160000E+02 68 1527 20 5 12 31
 1.200000E+02 72 1526 21 3 14 34
 1.240000E+02 73 1522 18 6 14 35
 1.280000E+02 80 1520 23 5 15 37
 1.320000E+02 78 1514 16 9 15 38
 1.360000E+02 74 1511 14 2 17 41
 1.400000E+02 86 1509 18 4 18 46
 1.440000E+02 92 1507 17 6 19 50
 1.480000E+02 99 1501 20 9 19 51
 1.520000E+02 100 1496 16 9 22 53
 1.560000E+02 108 1492 19 7 23 59
 1.600000E+02 100 1489 10 3 25 62
 1.640000E+02 109 1489 17 4 25 63
 1.680000E+02 113 1485 13 9 26 65
 1.720000E+02 109 1484 9 7 28 65
 1.760000E+02 113 1479 9 9 29 66
 1.800000E+02 120 1471 10 12 30 68
 1.840000E+02 122 1468 10 4 33 75
 1.880000E+02 123 1464 12 2 34 75
 1.920000E+02 120 1463 6 2 35 77
 1.960000E+02 124 1462 10 1 35 78
 2.000000E+02 127 1459 9 4 35 79

#Simulation ended (eff.: 0.850463, detail below)
	#Events: 3856
	#Valid embedding but no longer unary when required: 0.000000
	#Valid embedding but not binary when required: 0.000000
	#Clashing instance: 0.000000
	#Lazy negative update: 1.000000
	#Lazy negative update of non local instances: 0.000000
	#Perturbation interrupting time advance: 0.000000
