# time 'Cases' 'Susceptible' 'Exposed' 'Infected' 'Removed' 'Deads'
 0.000000E+00 0 7000 0 0 0 0
 4.000000E+00 1 7000 1 0 0 0
 8.000000E+00 1 7000 1 0 0 0
 1.200000E+01 1 7000 1 0 0 0
 1.600000E+01 3 7000 3 0 0 0
 2.000000E+01 3 7000 1 2 0 0
 2.400000E+01 8 7000 6 1 0 1
 2.800000E+01 7 6999 4 0 2 1
 3.200000E+01 9 6995 3 2 2 2
 3.600000E+01 10 6993 3 2 2 3
 4.000000E+01 10 6992 3 1 2 4
 4.400000E+01 18 6991 9 2 2 5
 4.800000E+01 10 6991 2 1 2 5
 5.200000E+01 15 6991 5 3 2 5
 5.600000E+01 13 6990 1 2 4 6
 6.000000E+01 20 6989 7 0 4 9
 6.400000E+01 22 6989 9 0 4 9
 6.800000E+01 24 6989 11 0 4 9
 7.200000E+01 18 6989 4 1 4 9
 7.600000E+01 25 6989 10 2 4 9
 8.000000E+01 29 6987 11 3 4 11
 8.400000E+01 36 6983 14 2 6 14
 8.800000E+01 37 6981 13 2 7 15
 9.200000E+01 28 6981 6 0 7 15
 9.600000E+01 36 6980 11 1 7 17
 1.000000E+02 39 6977 10 3 7 19
 1.040000E+02 42 6973 13 1 8 20
 1.080000E+02 43 6973 12 2 9 20
 1.120000E+02 44 6970 9 4 9 22
 1.160000E+02 48 6967 9 4 10 25
 1.200000E+02 61 6964 19 5 11 26
 1.240000E+02 61 6958 17 2 14 28
 1.280000E+02 66 6956 16 5 15 30
 1.320000E+02 62 6954 10 4 16 32
 1.360000E+02 69 6953 19 1 16 33
 1.400000E+02 62 6953 9 4 16 33
 1.440000E+02 68 6950 12 5 16 35
 1.480000E+02 75 6949 13 5 18 39
 1.520000E+02 75 6946 16 1 18 40
 1.560000E+02 79 6946 14 7 18 40
 1.600000E+02 80 6941 13 8 19 40
 1.640000E+02 72 6940 6 3 21 42
 1.680000E+02 82 6938 15 2 21 44
 1.720000E+02 75 6938 8 0 22 45
 1.760000E+02 77 6936 6 4 22 45
 1.800000E+02 83 6935 11 2 22 48
 1.840000E+02 78 6934 4 2 22 50
 1.880000E+02 81 6931 5 1 23 52
 1.920000E+02 84 6930 5 4 23 52
 1.960000E+02 83 6929 5 2 23 53
 2.000000E+02 85 6929 4 3 25 53

#Simulation ended (eff.: 0.887579, detail below)
	#Events: 8432
	#Valid embedding but no longer unary when required: 0.000000
	#Valid embedding but not binary when required: 0.000000
	#Clashing instance: 0.000000
	#Lazy negative update: 1.000000
	#Lazy negative update of non local instances: 0.000000
	#Perturbation interrupting time advance: 0.000000
