# time 'Cases' 'Susceptible' 'Exposed' 'Infected' 'Removed' 'Deads'
 0.000000E+00 10 10000 0 10 0 0
 4.000000E+00 16 9988 6 7 0 3
 8.000000E+00 19 9983 8 6 1 4
 1.200000E+01 23 9975 11 3 2 7
 1.600000E+01 24 9972 11 2 2 9
 2.000000E+01 31 9968 12 7 2 10
 2.400000E+01 34 9960 13 2 3 16
 2.800000E+01 41 9954 18 4 3 16
 3.200000E+01 47 9948 22 4 4 17
 3.600000E+01 42 9944 10 5 6 21
 4.000000E+01 52 9939 14 5 9 24
 4.400000E+01 73 9926 23 11 10 29
 4.800000E+01 78 9917 26 7 12 33
 5.200000E+01 93 9906 30 13 14 36
 5.600000E+01 105 9892 34 11 16 44
 6.000000E+01 99 9886 25 7 17 50
 6.400000E+01 104 9882 23 9 18 54
 6.800000E+01 126 9869 36 14 20 56
 7.200000E+01 140 9853 41 14 26 59
 7.600000E+01 148 9845 43 12 31 62
 8.000000E+01 159 9832 42 17 34 66
 8.400000E+01 172 9820 38 20 38 76
 8.800000E+01 187 9810 41 17 44 85
 9.200000E+01 203 9795 40 22 47 94
 9.600000E+01 222 9779 49 25 49 99
 1.000000E+02 230 9768 46 18 56 110
 1.040000E+02 259 9743 58 21 60 120
 1.080000E+02 265 9723 50 19 60 136
 1.120000E+02 271 9711 46 17 64 144
 1.160000E+02 287 9695 52 15 70 150
 1.200000E+02 303 9681 52 16 75 160
 1.240000E+02 320 9667 55 18 79 168
 1.280000E+02 345 9654 61 24 86 174
 1.320000E+02 359 9639 55 25 90 189
 1.360000E+02 375 9614 52 28 93 202
 1.400000E+02 394 9597 58 28 98 210
 1.440000E+02 410 9587 55 26 100 229
 1.480000E+02 423 9577 49 29 107 238
 1.520000E+02 436 9559 43 34 113 246
 1.560000E+02 444 9543 43 31 118 252
 1.600000E+02 456 9533 33 34 124 265
 1.640000E+02 475 9517 37 29 130 279
 1.680000E+02 496 9504 49 20 137 290
 1.720000E+02 497 9495 42 15 143 297
 1.760000E+02 496 9489 30 17 148 301
 1.800000E+02 504 9480 26 17 150 311
 1.840000E+02 519 9473 24 15 157 323
 1.880000E+02 530 9461 28 16 158 328
 1.920000E+02 534 9453 21 16 161 336
 1.960000E+02 535 9451 16 12 166 341
 2.000000E+02 549 9444 23 11 168 347

#Simulation ended (eff.: 0.935000, detail below)
	#Events: 16197
	#Valid embedding but no longer unary when required: 0.000000
	#Valid embedding but not binary when required: 0.000000
	#Clashing instance: 0.000000
	#Lazy negative update: 1.000000
	#Lazy negative update of non local instances: 0.000000
	#Perturbation interrupting time advance: 0.000000
