# time 'Cases' 'Susceptible' 'Exposed' 'Infected' 'Removed' 'Deads'
 0.000000E+00 10 100000 0 10 0 0
 4.000000E+00 14 99986 7 5 0 2
 8.000000E+00 19 99983 12 2 1 4
 1.200000E+01 17 99981 9 2 2 4
 1.600000E+01 19 99978 11 1 2 5
 2.000000E+01 22 99974 9 5 2 6
 2.400000E+01 31 99972 17 3 3 8
 2.800000E+01 34 99966 16 3 4 11
 3.200000E+01 33 99962 12 5 5 11
 3.600000E+01 43 99959 16 8 5 14
 4.000000E+01 47 99956 17 7 6 17
 4.400000E+01 48 99951 16 6 8 18
 4.800000E+01 53 99948 17 6 10 20
 5.200000E+01 62 99941 21 10 11 20
 5.600000E+01 65 99931 19 11 14 21
 6.000000E+01 74 99921 27 8 14 25
 6.400000E+01 81 99919 32 5 16 28
 6.800000E+01 88 99912 27 12 18 31
 7.200000E+01 102 99905 30 12 20 40
 7.600000E+01 107 99889 32 11 21 43
 8.000000E+01 119 99880 35 12 24 48
 8.400000E+01 132 99871 36 18 24 54
 8.800000E+01 153 99852 52 12 25 64
 9.200000E+01 165 99842 49 19 27 70
 9.600000E+01 172 99825 40 21 31 80
 1.000000E+02 194 99809 51 20 34 89
 1.040000E+02 212 99789 52 19 41 100
 1.080000E+02 229 99775 54 20 45 110
 1.120000E+02 237 99763 47 23 49 118
 1.160000E+02 245 99751 39 33 52 121
 1.200000E+02 270 99738 57 24 54 135
 1.240000E+02 290 99721 56 27 58 149
 1.280000E+02 305 99704 52 28 63 162
 1.320000E+02 308 99691 38 20 72 178
 1.360000E+02 341 99677 58 21 76 186
 1.400000E+02 349 99662 51 25 79 194
 1.440000E+02 358 99649 51 19 81 207
 1.480000E+02 360 99637 38 25 85 212
 1.520000E+02 388 99622 44 33 89 222
 1.560000E+02 402 99605 40 32 96 234
 1.600000E+02 425 99582 50 28 99 248
 1.640000E+02 434 99570 39 27 104 264
 1.680000E+02 459 99558 51 21 107 280
 1.720000E+02 461 99546 43 20 109 289
 1.760000E+02 463 99539 33 16 116 298
 1.800000E+02 478 99531 28 22 121 307
 1.840000E+02 499 99521 33 23 126 317
 1.880000E+02 495 99512 26 12 129 328
 1.920000E+02 516 99507 35 15 129 337
 1.960000E+02 525 99494 36 15 132 342
 2.000000E+02 535 99482 33 12 138 352

#Simulation ended (eff.: 0.986656, detail below)
	#Events: 94054
	#Valid embedding but no longer unary when required: 0.000000
	#Valid embedding but not binary when required: 0.000000
	#Clashing instance: 0.000000
	#Lazy negative update: 1.000000
	#Lazy negative update of non local instances: 0.000000
	#Perturbation interrupting time advance: 0.000000
