# time 'Cases' 'Susceptible' 'Exposed' 'Infected' 'Removed' 'Deads'
 0.000000E+00 10 100000 0 10 0 0
 4.000000E+00 13 99994 3 5 2 3
 8.000000E+00 17 99988 7 3 2 5
 1.200000E+01 18 99985 9 0 3 6
 1.600000E+01 22 99981 11 1 4 6
 2.000000E+01 21 99978 9 1 4 7
 2.400000E+01 27 99975 13 2 5 7
 2.800000E+01 30 99971 12 6 5 7
 3.200000E+01 36 99967 14 7 6 9
 3.600000E+01 39 99964 16 5 9 9
 4.000000E+01 45 99961 19 6 10 10
 4.400000E+01 46 99954 16 8 10 12
 4.800000E+01 58 99947 23 7 11 17
 5.200000E+01 53 99938 17 4 11 21
 5.600000E+01 65 99931 25 5 11 24
 6.000000E+01 64 99927 20 3 14 27
 6.400000E+01 73 99921 23 5 14 31
 6.800000E+01 78 99914 18 11 15 34
 7.200000E+01 85 99908 19 13 15 38
 7.600000E+01 107 99898 30 14 17 46
 8.000000E+01 108 99890 29 8 18 53
 8.400000E+01 114 99886 24 11 19 60
 8.800000E+01 116 99880 19 14 19 64
 9.200000E+01 126 99875 22 16 20 68
 9.600000E+01 142 99866 29 13 25 75
 1.000000E+02 145 99859 25 15 26 79
 1.040000E+02 161 99850 34 18 28 81
 1.080000E+02 174 99837 37 14 31 92
 1.120000E+02 174 99828 27 15 34 98
 1.160000E+02 183 99819 26 17 36 104
 1.200000E+02 210 99803 44 14 38 114
 1.240000E+02 200 99798 29 11 39 121
 1.280000E+02 216 99793 30 20 44 122
 1.320000E+02 229 99782 34 17 50 128
 1.360000E+02 235 99769 25 21 54 135
 1.400000E+02 258 99751 40 15 58 145
 1.440000E+02 267 99741 40 12 63 152
 1.480000E+02 273 99736 34 19 65 155
 1.520000E+02 272 99731 27 18 66 161
 1.560000E+02 291 99720 30 22 71 168
 1.600000E+02 298 99711 28 20 74 176
 1.640000E+02 311 99696 36 11 77 187
 1.680000E+02 313 99692 29 9 81 194
 1.720000E+02 330 99684 36 13 82 199
 1.760000E+02 335 99676 32 13 82 208
 1.800000E+02 339 99667 26 16 84 213
 1.840000E+02 334 99663 14 10 85 225
 1.880000E+02 341 99661 16 4 91 230
 1.920000E+02 348 99657 11 13 92 232
 1.960000E+02 356 99652 16 9 93 238
 2.000000E+02 358 99645 14 8 94 242

#Simulation ended (eff.: 0.988414, detail below)
	#Events: 91626
	#Valid embedding but no longer unary when required: 0.000000
	#Valid embedding but not binary when required: 0.000000
	#Clashing instance: 0.000000
	#Lazy negative update: 1.000000
	#Lazy negative update of non local instances: 0.000000
	#Perturbation interrupting time advance: 0.000000
