# time 'Cases' 'Susceptible' 'Exposed' 'Infected' 'Removed' 'Deads'
 0.000000E+00 0 15800 0 0 0 0
 4.000000E+00 1 15800 1 0 0 0
 8.000000E+00 1 15800 1 0 0 0
 1.200000E+01 4 15800 4 0 0 0
 1.600000E+01 5 15800 5 0 0 0
 2.000000E+01 7 15800 7 0 0 0
 2.400000E+01 5 15799 4 1 0 0
 2.800000E+01 3 15799 1 2 0 0
 3.200000E+01 4 15797 2 2 0 0
 3.600000E+01 8 15794 5 2 0 1
 4.000000E+01 8 15793 2 1 1 4
 4.400000E+01 15 15789 8 0 1 6
 4.800000E+01 20 15786 12 0 2 6
 5.200000E+01 28 15782 13 5 4 6
 5.600000E+01 26 15779 9 3 4 10
 6.000000E+01 28 15777 11 1 4 12
 6.400000E+01 33 15772 9 6 5 13
 6.800000E+01 36 15770 11 2 7 16
 7.200000E+01 40 15765 10 6 7 17
 7.600000E+01 41 15760 8 5 10 18
 8.000000E+01 54 15756 19 4 10 21
 8.400000E+01 55 15749 15 5 11 24
 8.800000E+01 60 15743 18 4 12 26
 9.200000E+01 65 15737 13 10 13 29
 9.600000E+01 62 15732 11 5 14 32
 1.000000E+02 69 15728 16 3 16 34
 1.040000E+02 69 15726 14 3 17 35
 1.080000E+02 75 15724 13 7 18 37
 1.120000E+02 84 15721 13 10 20 41
 1.160000E+02 86 15719 11 8 21 46
 1.200000E+02 82 15715 7 6 21 48
 1.240000E+02 85 15711 7 4 23 51
 1.280000E+02 90 15711 11 5 23 51
 1.320000E+02 98 15705 16 4 24 54
 1.360000E+02 99 15704 14 4 25 56
 1.400000E+02 100 15703 14 4 26 56
 1.440000E+02 105 15698 16 6 26 57
 1.480000E+02 107 15696 16 5 28 58
 1.520000E+02 107 15691 11 4 33 59
 1.560000E+02 114 15686 11 7 34 62
 1.600000E+02 122 15684 16 6 35 65
 1.640000E+02 121 15682 10 7 38 66
 1.680000E+02 127 15676 15 5 39 68
 1.720000E+02 122 15675 8 3 40 71
 1.760000E+02 121 15674 6 2 41 72
 1.800000E+02 130 15672 8 7 42 73
 1.840000E+02 136 15667 9 6 42 79
 1.880000E+02 136 15666 7 8 42 79
 1.920000E+02 137 15663 6 6 43 82
 1.960000E+02 141 15661 9 4 44 84
 2.000000E+02 144 15660 8 4 46 86

#Simulation ended (eff.: 0.954419, detail below)
	#Events: 16081
	#Valid embedding but no longer unary when required: 0.000000
	#Valid embedding but not binary when required: 0.000000
	#Clashing instance: 0.000000
	#Lazy negative update: 1.000000
	#Lazy negative update of non local instances: 0.000000
	#Perturbation interrupting time advance: 0.000000
