# time 'Cases' 'Susceptible' 'Exposed' 'Infected' 'Removed' 'Deads'
 0.000000E+00 0 700 0 0 0 0
 4.000000E+00 2 700 2 0 0 0
 8.000000E+00 2 700 2 0 0 0
 1.200000E+01 3 700 2 1 0 0
 1.600000E+01 2 699 1 1 0 0
 2.000000E+01 4 699 3 0 0 1
 2.400000E+01 2 699 0 1 0 1
 2.800000E+01 6 699 2 2 1 1
 3.200000E+01 7 699 2 0 2 3
 3.600000E+01 10 697 2 3 2 3
 4.000000E+01 11 694 3 1 2 5
 4.400000E+01 15 690 6 1 3 5
 4.800000E+01 10 688 2 0 3 5
 5.200000E+01 19 687 8 3 3 5
 5.600000E+01 19 686 7 3 4 5
 6.000000E+01 14 683 3 0 4 7
 6.400000E+01 13 683 1 0 4 8
 6.800000E+01 20 683 7 0 4 9
 7.200000E+01 19 683 6 0 4 9
 7.600000E+01 25 683 9 3 4 9
 8.000000E+01 23 682 5 3 4 11
 8.400000E+01 27 679 6 4 5 12
 8.800000E+01 28 677 7 4 5 12
 9.200000E+01 24 677 4 1 7 12
 9.600000E+01 32 676 7 4 7 14
 1.000000E+02 33 672 9 2 7 15
 1.040000E+02 33 672 9 2 7 15
 1.080000E+02 34 671 9 2 7 16
 1.120000E+02 31 669 8 0 7 16
 1.160000E+02 40 666 14 3 7 16
 1.200000E+02 34 663 7 2 8 17
 1.240000E+02 36 661 8 1 8 19
 1.280000E+02 38 661 9 2 8 19
 1.320000E+02 44 659 7 6 9 22
 1.360000E+02 46 657 6 7 9 24
 1.400000E+02 49 655 7 6 11 25
 1.440000E+02 51 647 5 6 13 27
 1.480000E+02 51 643 6 3 13 29
 1.520000E+02 52 642 8 1 14 29
 1.560000E+02 56 642 10 1 15 30
 1.600000E+02 56 641 6 3 16 31
 1.640000E+02 57 641 5 4 17 31
 1.680000E+02 58 641 6 2 18 32
 1.720000E+02 54 641 3 0 18 33
 1.760000E+02 55 641 4 0 18 33
 1.800000E+02 59 640 3 3 19 34
 1.840000E+02 63 639 7 1 21 34
 1.880000E+02 60 639 3 2 21 34
 1.920000E+02 63 639 2 4 22 35
 1.960000E+02 64 639 1 3 25 35
 2.000000E+02 67 638 4 1 26 36

#Simulation ended (eff.: 0.729045, detail below)
	#Events: 2244
	#Valid embedding but no longer unary when required: 0.000000
	#Valid embedding but not binary when required: 0.000000
	#Clashing instance: 0.000000
	#Lazy negative update: 1.000000
	#Lazy negative update of non local instances: 0.000000
	#Perturbation interrupting time advance: 0.000000
