# time 'Cases' 'Susceptible' 'Exposed' 'Infected' 'Removed' 'Deads'
 0.000000E+00 0 7000 0 0 0 0
 4.000000E+00 1 7000 1 0 0 0
 8.000000E+00 3 7000 3 0 0 0
 1.200000E+01 3 7000 2 1 0 0
 1.600000E+01 3 7000 1 2 0 0
 2.000000E+01 3 6997 2 1 0 0
 2.400000E+01 2 6997 2 0 0 0
 2.800000E+01 4 6995 3 1 0 0
 3.200000E+01 7 6994 6 1 0 0
 3.600000E+01 3 6994 1 1 0 1
 4.000000E+01 4 6994 0 2 1 1
 4.400000E+01 8 6993 6 0 1 1
 4.800000E+01 7 6992 4 0 1 2
 5.200000E+01 8 6992 4 1 1 2
 5.600000E+01 9 6992 2 2 1 4
 6.000000E+01 11 6992 3 2 1 5
 6.400000E+01 15 6992 7 2 1 5
 6.800000E+01 9 6992 1 2 1 5
 7.200000E+01 12 6990 5 1 1 5
 7.600000E+01 11 6990 4 1 1 5
 8.000000E+01 9 6990 2 1 1 5
 8.400000E+01 13 6989 5 1 2 5
 8.800000E+01 16 6987 6 1 3 6
 9.200000E+01 20 6986 7 3 3 7
 9.600000E+01 17 6985 3 2 4 8
 1.000000E+02 22 6984 5 2 5 10
 1.040000E+02 22 6983 4 1 5 12
 1.080000E+02 26 6983 8 1 5 12
 1.120000E+02 22 6983 4 0 5 13
 1.160000E+02 24 6980 5 1 5 13
 1.200000E+02 21 6980 3 0 5 13
 1.240000E+02 25 6980 6 0 5 14
 1.280000E+02 28 6978 6 2 6 14
 1.320000E+02 27 6977 5 2 6 14
 1.360000E+02 28 6976 6 2 6 14
 1.400000E+02 31 6974 7 3 7 14
 1.440000E+02 30 6970 5 3 8 14
 1.480000E+02 34 6969 5 4 9 16
 1.520000E+02 36 6967 8 1 9 18
 1.560000E+02 36 6967 4 1 10 21
 1.600000E+02 37 6967 6 0 10 21
 1.640000E+02 38 6967 4 2 11 21
 1.680000E+02 39 6967 3 2 12 22
 1.720000E+02 40 6966 3 2 13 22
 1.760000E+02 46 6963 8 0 15 23
 1.800000E+02 41 6963 3 0 15 23
 1.840000E+02 44 6963 5 0 16 23
 1.880000E+02 45 6962 4 1 16 24
 1.920000E+02 47 6961 5 1 16 25
 1.960000E+02 50 6960 7 0 17 26
 2.000000E+02 51 6960 6 2 17 26

#Simulation ended (eff.: 0.907513, detail below)
	#Events: 7320
	#Valid embedding but no longer unary when required: 0.000000
	#Valid embedding but not binary when required: 0.000000
	#Clashing instance: 0.000000
	#Lazy negative update: 1.000000
	#Lazy negative update of non local instances: 0.000000
	#Perturbation interrupting time advance: 0.000000
