# time 'Cases' 'Susceptible' 'Exposed' 'Infected' 'Removed' 'Deads'
 0.000000E+00 0 15800 0 0 0 0
 4.000000E+00 0 15800 0 0 0 0
 8.000000E+00 5 15800 5 0 0 0
 1.200000E+01 0 15800 0 0 0 0
 1.600000E+01 4 15800 3 1 0 0
 2.000000E+01 6 15800 4 1 0 1
 2.400000E+01 8 15799 6 0 0 2
 2.800000E+01 12 15798 6 4 0 2
 3.200000E+01 12 15793 5 3 1 3
 3.600000E+01 16 15790 9 2 2 3
 4.000000E+01 15 15790 6 2 3 4
 4.400000E+01 21 15789 11 0 4 6
 4.800000E+01 20 15788 6 3 4 7
 5.200000E+01 22 15785 7 4 4 7
 5.600000E+01 23 15781 7 4 4 8
 6.000000E+01 34 15778 15 3 5 11
 6.400000E+01 36 15774 15 4 5 12
 6.800000E+01 33 15772 11 2 5 15
 7.200000E+01 45 15767 15 7 7 16
 7.600000E+01 46 15758 15 5 8 18
 8.000000E+01 43 15749 10 3 8 22
 8.400000E+01 58 15747 18 6 10 24
 8.800000E+01 56 15745 15 5 11 25
 9.200000E+01 62 15739 19 4 11 28
 9.600000E+01 69 15737 20 7 13 29
 1.000000E+02 67 15732 14 5 14 34
 1.040000E+02 74 15728 15 5 15 39
 1.080000E+02 79 15723 18 4 16 41
 1.120000E+02 81 15720 15 5 18 43
 1.160000E+02 80 15718 13 4 18 45
 1.200000E+02 95 15711 26 3 19 47
 1.240000E+02 100 15708 21 5 22 52
 1.280000E+02 95 15706 12 7 24 52
 1.320000E+02 102 15702 16 8 24 54
 1.360000E+02 112 15700 22 5 26 59
 1.400000E+02 109 15698 13 7 26 63
 1.440000E+02 117 15693 16 10 27 64
 1.480000E+02 121 15686 14 9 28 70
 1.520000E+02 132 15684 20 8 30 74
 1.560000E+02 122 15682 11 4 31 76
 1.600000E+02 123 15682 6 5 33 79
 1.640000E+02 130 15681 13 3 34 80
 1.680000E+02 130 15678 8 6 35 81
 1.720000E+02 135 15675 12 1 38 84
 1.760000E+02 140 15675 8 7 38 87
 1.800000E+02 141 15673 10 5 38 88
 1.840000E+02 144 15670 7 6 38 93
 1.880000E+02 146 15669 8 3 39 96
 1.920000E+02 155 15668 13 4 42 96
 1.960000E+02 157 15667 9 5 42 101
 2.000000E+02 157 15666 5 5 43 104

#Simulation ended (eff.: 0.951715, detail below)
	#Events: 16478
	#Valid embedding but no longer unary when required: 0.000000
	#Valid embedding but not binary when required: 0.000000
	#Clashing instance: 0.000000
	#Lazy negative update: 1.000000
	#Lazy negative update of non local instances: 0.000000
	#Perturbation interrupting time advance: 0.000000
