# time 'Cases' 'Susceptible' 'Exposed' 'Infected' 'Removed' 'Deads'
 0.000000E+00 0 700 0 0 0 0
 4.000000E+00 1 700 1 0 0 0
 8.000000E+00 4 700 4 0 0 0
 1.200000E+01 4 700 4 0 0 0
 1.600000E+01 3 700 2 0 0 1
 2.000000E+01 4 700 2 1 0 1
 2.400000E+01 7 697 5 1 0 1
 2.800000E+01 8 695 5 2 0 1
 3.200000E+01 8 692 3 2 0 3
 3.600000E+01 12 691 6 2 0 4
 4.000000E+01 12 691 4 2 1 5
 4.400000E+01 14 688 5 2 1 6
 4.800000E+01 12 686 3 1 1 7
 5.200000E+01 12 686 4 0 1 7
 5.600000E+01 16 685 7 1 1 7
 6.000000E+01 13 683 3 1 1 8
 6.400000E+01 16 682 3 2 1 10
 6.800000E+01 20 681 6 1 1 12
 7.200000E+01 21 681 6 1 1 13
 7.600000E+01 23 681 6 2 2 13
 8.000000E+01 27 678 5 5 3 14
 8.400000E+01 27 676 6 3 3 15
 8.800000E+01 31 674 8 3 4 16
 9.200000E+01 34 672 11 1 5 17
 9.600000E+01 33 672 6 1 6 20
 1.000000E+02 37 669 9 1 6 21
 1.040000E+02 35 668 7 1 6 21
 1.080000E+02 38 666 8 3 6 21
 1.120000E+02 41 664 11 2 6 22
 1.160000E+02 34 662 4 0 6 24
 1.200000E+02 43 662 9 4 6 24
 1.240000E+02 40 660 6 2 6 26
 1.280000E+02 41 654 4 4 6 27
 1.320000E+02 44 654 6 1 8 29
 1.360000E+02 47 652 5 3 8 31
 1.400000E+02 49 650 6 3 8 32
 1.440000E+02 51 649 8 2 8 33
 1.480000E+02 51 649 7 1 9 34
 1.520000E+02 59 648 12 3 9 35
 1.560000E+02 54 647 9 1 9 35
 1.600000E+02 53 647 5 4 9 35
 1.640000E+02 56 644 5 5 9 37
 1.680000E+02 56 643 8 0 9 39
 1.720000E+02 54 642 5 0 10 39
 1.760000E+02 52 642 3 0 10 39
 1.800000E+02 55 642 4 2 10 39
 1.840000E+02 51 642 1 0 10 40
 1.880000E+02 53 642 1 2 10 40
 1.920000E+02 59 640 6 2 10 41
 1.960000E+02 58 640 6 1 10 41
 2.000000E+02 59 638 4 1 11 43

#Simulation ended (eff.: 0.724450, detail below)
	#Events: 2240
	#Valid embedding but no longer unary when required: 0.000000
	#Valid embedding but not binary when required: 0.000000
	#Clashing instance: 0.000000
	#Lazy negative update: 1.000000
	#Lazy negative update of non local instances: 0.000000
	#Perturbation interrupting time advance: 0.000000
