# time 'Cases' 'Susceptible' 'Exposed' 'Infected' 'Removed' 'Deads'
 0.000000E+00 10 10000 0 10 0 0
 4.000000E+00 12 9992 3 5 2 2
 8.000000E+00 19 9987 10 3 2 4
 1.200000E+01 18 9985 9 1 2 6
 1.600000E+01 17 9983 5 3 2 7
 2.000000E+01 23 9982 8 3 2 10
 2.400000E+01 21 9980 6 2 3 10
 2.800000E+01 24 9978 7 3 3 11
 3.200000E+01 23 9975 6 1 4 12
 3.600000E+01 29 9968 9 4 4 12
 4.000000E+01 25 9968 7 2 4 12
 4.400000E+01 28 9965 10 2 4 12
 4.800000E+01 37 9963 17 2 5 13
 5.200000E+01 38 9960 14 5 6 13
 5.600000E+01 47 9951 18 6 6 17
 6.000000E+01 54 9944 24 6 6 18
 6.400000E+01 56 9934 21 5 9 21
 6.800000E+01 61 9929 19 6 11 25
 7.200000E+01 73 9925 24 7 14 28
 7.600000E+01 78 9918 26 8 15 29
 8.000000E+01 88 9907 27 10 16 35
 8.400000E+01 98 9893 31 12 17 38
 8.800000E+01 114 9885 41 12 19 42
 9.200000E+01 117 9877 38 14 19 46
 9.600000E+01 131 9862 37 20 22 52
 1.000000E+02 140 9847 34 21 27 58
 1.040000E+02 159 9831 49 15 29 66
 1.080000E+02 169 9822 44 20 31 74
 1.120000E+02 178 9805 47 15 33 83
 1.160000E+02 193 9791 50 14 37 92
 1.200000E+02 211 9773 49 20 41 101
 1.240000E+02 232 9752 49 27 46 110
 1.280000E+02 235 9741 41 21 51 122
 1.320000E+02 257 9731 48 23 53 133
 1.360000E+02 262 9716 44 20 59 139
 1.400000E+02 275 9704 43 19 63 150
 1.440000E+02 298 9687 53 18 71 156
 1.480000E+02 294 9678 36 16 76 166
 1.520000E+02 305 9673 35 16 80 174
 1.560000E+02 316 9665 27 22 83 184
 1.600000E+02 326 9657 31 14 88 193
 1.640000E+02 336 9651 34 12 90 200
 1.680000E+02 338 9642 32 11 92 203
 1.720000E+02 336 9638 21 12 94 209
 1.760000E+02 345 9634 22 12 96 215
 1.800000E+02 349 9628 14 13 99 223
 1.840000E+02 358 9620 17 14 100 227
 1.880000E+02 360 9613 18 4 100 238
 1.920000E+02 362 9606 18 2 100 242
 1.960000E+02 370 9603 18 9 101 242
 2.000000E+02 373 9600 18 8 101 246

#Simulation ended (eff.: 0.937914, detail below)
	#Events: 14306
	#Valid embedding but no longer unary when required: 0.000000
	#Valid embedding but not binary when required: 0.000000
	#Clashing instance: 0.000000
	#Lazy negative update: 1.000000
	#Lazy negative update of non local instances: 0.000000
	#Perturbation interrupting time advance: 0.000000
