# time 'Cases' 'Susceptible' 'Exposed' 'Infected' 'Removed' 'Deads'
 0.000000E+00 0 470 0 0 0 0
 4.000000E+00 0 470 0 0 0 0
 8.000000E+00 0 470 0 0 0 0
 1.200000E+01 1 470 1 0 0 0
 1.600000E+01 1 470 1 0 0 0
 2.000000E+01 1 470 1 0 0 0
 2.400000E+01 2 470 2 0 0 0
 2.800000E+01 1 470 1 0 0 0
 3.200000E+01 1 470 1 0 0 0
 3.600000E+01 2 470 1 1 0 0
 4.000000E+01 1 470 0 1 0 0
 4.400000E+01 2 470 2 0 0 0
 4.800000E+01 2 470 2 0 0 0
 5.200000E+01 1 470 1 0 0 0
 5.600000E+01 3 470 3 0 0 0
 6.000000E+01 0 470 0 0 0 0
 6.400000E+01 2 469 1 1 0 0
 6.800000E+01 4 467 2 2 0 0
 7.200000E+01 3 467 1 2 0 0
 7.600000E+01 0 466 0 0 0 0
 8.000000E+01 2 466 2 0 0 0
 8.400000E+01 1 466 0 1 0 0
 8.800000E+01 5 465 4 1 0 0
 9.200000E+01 2 464 1 0 1 0
 9.600000E+01 3 464 2 0 1 0
 1.000000E+02 6 463 5 0 1 0
 1.040000E+02 4 463 1 2 1 0
 1.080000E+02 3 461 1 1 1 0
 1.120000E+02 7 461 4 1 1 1
 1.160000E+02 4 461 0 1 1 2
 1.200000E+02 12 459 6 2 1 3
 1.240000E+02 9 458 3 2 1 3
 1.280000E+02 8 458 2 2 1 3
 1.320000E+02 9 458 4 0 1 4
 1.360000E+02 9 458 4 0 1 4
 1.400000E+02 8 457 2 1 1 4
 1.440000E+02 13 456 4 2 1 6
 1.480000E+02 10 456 0 0 2 8
 1.520000E+02 14 455 3 1 2 8
 1.560000E+02 18 455 4 2 2 10
 1.600000E+02 14 455 1 0 2 11
 1.640000E+02 19 455 3 2 3 11
 1.680000E+02 19 455 4 1 3 11
 1.720000E+02 16 454 1 1 3 11
 1.760000E+02 15 454 1 0 3 11
 1.800000E+02 16 453 1 1 3 11
 1.840000E+02 16 453 1 0 3 12
 1.880000E+02 17 453 1 1 3 12
 1.920000E+02 22 452 3 2 3 14
 1.960000E+02 19 452 0 2 3 14
 2.000000E+02 19 451 1 1 3 14

#Simulation ended (eff.: 0.741852, detail below)
	#Events: 865
	#Valid embedding but no longer unary when required: 0.000000
	#Valid embedding but not binary when required: 0.000000
	#Clashing instance: 0.000000
	#Lazy negative update: 1.000000
	#Lazy negative update of non local instances: 0.000000
	#Perturbation interrupting time advance: 0.000000
