# time 'Cases' 'Susceptible' 'Exposed' 'Infected' 'Removed' 'Deads'
 0.000000E+00 10 100000 0 10 0 0
 4.000000E+00 16 99992 7 4 3 2
 8.000000E+00 17 99987 9 2 3 3
 1.200000E+01 19 99987 10 1 4 4
 1.600000E+01 18 99986 8 0 4 6
 2.000000E+01 20 99984 7 2 4 7
 2.400000E+01 28 99984 15 2 4 7
 2.800000E+01 33 99980 14 7 5 7
 3.200000E+01 41 99973 20 3 9 9
 3.600000E+01 46 99966 21 5 9 11
 4.000000E+01 53 99956 22 9 9 13
 4.400000E+01 60 99952 27 6 11 16
 4.800000E+01 69 99947 32 5 13 19
 5.200000E+01 71 99940 25 9 13 24
 5.600000E+01 89 99920 35 12 13 29
 6.000000E+01 96 99910 37 8 14 37
 6.400000E+01 110 99901 38 15 15 42
 6.800000E+01 121 99887 43 9 19 50
 7.200000E+01 144 99878 55 12 22 55
 7.600000E+01 161 99867 51 19 23 68
 8.000000E+01 171 99848 47 19 26 79
 8.400000E+01 187 99827 54 15 27 91
 8.800000E+01 199 99813 45 26 30 98
 9.200000E+01 234 99785 61 27 37 109
 9.600000E+01 239 99771 52 25 41 121
 1.000000E+02 268 99754 64 25 46 133
 1.040000E+02 282 99736 63 20 50 149
 1.080000E+02 304 99718 69 22 55 158
 1.120000E+02 334 99696 72 33 62 167
 1.160000E+02 358 99674 79 29 65 185
 1.200000E+02 369 99652 64 34 74 197
 1.240000E+02 395 99635 79 28 79 209
 1.280000E+02 396 99621 66 26 82 222
 1.320000E+02 427 99605 69 37 87 234
 1.360000E+02 451 99580 77 26 98 250
 1.400000E+02 465 99560 69 30 102 264
 1.440000E+02 475 99548 60 32 111 272
 1.480000E+02 498 99529 62 36 113 287
 1.520000E+02 515 99505 52 41 119 303
 1.560000E+02 544 99484 60 33 130 321
 1.600000E+02 566 99466 57 29 142 338
 1.640000E+02 592 99445 63 21 151 357
 1.680000E+02 603 99429 58 24 158 363
 1.720000E+02 627 99414 68 20 167 372
 1.760000E+02 638 99402 55 27 170 386
 1.800000E+02 650 99387 50 29 179 392
 1.840000E+02 666 99370 48 30 184 404
 1.880000E+02 676 99350 46 28 188 414
 1.920000E+02 690 99335 43 23 195 429
 1.960000E+02 702 99325 50 17 198 437
 2.000000E+02 711 99317 40 22 201 448

#Simulation ended (eff.: 0.984403, detail below)
	#Events: 96377
	#Valid embedding but no longer unary when required: 0.000000
	#Valid embedding but not binary when required: 0.000000
	#Clashing instance: 0.000000
	#Lazy negative update: 1.000000
	#Lazy negative update of non local instances: 0.000000
	#Perturbation interrupting time advance: 0.000000
