# time 'Cases' 'Susceptible' 'Exposed' 'Infected' 'Removed' 'Deads'
 0.000000E+00 0 1580 0 0 0 0
 4.000000E+00 1 1580 1 0 0 0
 8.000000E+00 6 1578 4 2 0 0
 1.200000E+01 4 1575 3 1 0 0
 1.600000E+01 10 1575 8 2 0 0
 2.000000E+01 11 1574 7 2 0 2
 2.400000E+01 13 1573 7 3 0 3
 2.800000E+01 14 1571 4 4 1 5
 3.200000E+01 16 1567 6 2 1 7
 3.600000E+01 27 1563 14 2 3 8
 4.000000E+01 25 1562 11 2 4 8
 4.400000E+01 26 1558 9 3 4 10
 4.800000E+01 33 1555 13 5 4 11
 5.200000E+01 38 1548 19 2 4 13
 5.600000E+01 34 1546 15 1 4 14
 6.000000E+01 40 1546 15 4 4 17
 6.400000E+01 41 1542 14 3 5 19
 6.800000E+01 46 1542 15 4 6 21
 7.200000E+01 52 1535 13 5 6 28
 7.600000E+01 66 1529 22 8 6 30
 8.000000E+01 70 1518 21 12 6 31
 8.400000E+01 76 1515 24 10 7 35
 8.800000E+01 78 1509 20 6 12 40
 9.200000E+01 82 1505 19 7 13 43
 9.600000E+01 92 1500 23 9 15 45
 1.000000E+02 91 1492 21 6 17 47
 1.040000E+02 91 1491 16 9 18 48
 1.080000E+02 99 1483 18 10 19 52
 1.120000E+02 106 1478 17 12 20 57
 1.160000E+02 107 1471 18 8 21 60
 1.200000E+02 117 1468 22 7 24 64
 1.240000E+02 124 1465 26 7 24 67
 1.280000E+02 123 1459 21 6 26 70
 1.320000E+02 132 1457 18 10 28 76
 1.360000E+02 142 1453 23 7 32 80
 1.400000E+02 147 1444 24 6 34 83
 1.440000E+02 157 1439 28 6 35 88
 1.480000E+02 164 1433 27 11 37 89
 1.520000E+02 162 1427 22 10 39 91
 1.560000E+02 175 1419 28 10 42 95
 1.600000E+02 172 1416 20 12 42 98
 1.640000E+02 188 1408 29 8 46 105
 1.680000E+02 192 1405 22 13 47 110
 1.720000E+02 193 1400 18 12 47 116
 1.760000E+02 197 1394 24 4 50 119
 1.800000E+02 195 1388 17 8 50 120
 1.840000E+02 204 1386 17 10 51 126
 1.880000E+02 213 1384 19 13 52 129
 1.920000E+02 212 1382 13 9 55 135
 1.960000E+02 219 1380 17 7 56 139
 2.000000E+02 218 1374 12 11 56 139

#Simulation ended (eff.: 0.848903, detail below)
	#Events: 5416
	#Valid embedding but no longer unary when required: 0.000000
	#Valid embedding but not binary when required: 0.000000
	#Clashing instance: 0.000000
	#Lazy negative update: 1.000000
	#Lazy negative update of non local instances: 0.000000
	#Perturbation interrupting time advance: 0.000000
