# time 'Cases' 'Susceptible' 'Exposed' 'Infected' 'Removed' 'Deads'
 0.000000E+00 0 4700 0 0 0 0
 4.000000E+00 0 4700 0 0 0 0
 8.000000E+00 1 4700 1 0 0 0
 1.200000E+01 2 4700 2 0 0 0
 1.600000E+01 1 4700 1 0 0 0
 2.000000E+01 1 4700 1 0 0 0
 2.400000E+01 0 4700 0 0 0 0
 2.800000E+01 2 4700 1 1 0 0
 3.200000E+01 1 4700 1 0 0 0
 3.600000E+01 4 4700 3 0 0 1
 4.000000E+01 2 4700 1 0 0 1
 4.400000E+01 5 4700 4 0 0 1
 4.800000E+01 4 4699 1 2 0 1
 5.200000E+01 6 4698 3 1 0 2
 5.600000E+01 9 4698 7 0 0 2
 6.000000E+01 6 4698 4 0 0 2
 6.400000E+01 6 4698 3 1 0 2
 6.800000E+01 7 4698 3 2 0 2
 7.200000E+01 10 4698 6 1 1 2
 7.600000E+01 10 4698 6 1 1 2
 8.000000E+01 7 4698 4 0 1 2
 8.400000E+01 11 4698 6 1 1 3
 8.800000E+01 13 4697 7 0 1 5
 9.200000E+01 12 4696 4 2 1 5
 9.600000E+01 18 4694 7 3 1 7
 1.000000E+02 18 4693 8 1 1 8
 1.040000E+02 21 4693 9 1 1 10
 1.080000E+02 15 4692 2 1 1 11
 1.120000E+02 20 4692 6 2 1 11
 1.160000E+02 18 4690 3 0 3 12
 1.200000E+02 25 4690 8 2 3 12
 1.240000E+02 27 4687 7 5 3 12
 1.280000E+02 26 4684 4 2 5 15
 1.320000E+02 30 4682 9 1 5 15
 1.360000E+02 29 4681 7 1 6 15
 1.400000E+02 34 4681 7 6 6 15
 1.440000E+02 37 4679 11 2 6 18
 1.480000E+02 35 4678 7 3 6 19
 1.520000E+02 34 4677 6 2 6 20
 1.560000E+02 35 4677 4 2 7 22
 1.600000E+02 37 4677 4 2 7 24
 1.640000E+02 39 4675 6 2 7 24
 1.680000E+02 41 4674 7 2 7 25
 1.720000E+02 37 4674 3 1 7 26
 1.760000E+02 39 4674 3 1 8 27
 1.800000E+02 40 4674 5 0 8 27
 1.840000E+02 41 4673 5 1 8 27
 1.880000E+02 42 4673 2 2 8 30
 1.920000E+02 51 4665 7 5 8 31
 1.960000E+02 43 4662 1 1 8 33
 2.000000E+02 46 4661 3 2 8 33

#Simulation ended (eff.: 0.907319, detail below)
	#Events: 5306
	#Valid embedding but no longer unary when required: 0.000000
	#Valid embedding but not binary when required: 0.000000
	#Clashing instance: 0.000000
	#Lazy negative update: 1.000000
	#Lazy negative update of non local instances: 0.000000
	#Perturbation interrupting time advance: 0.000000
