# time 'Cases' 'Susceptible' 'Exposed' 'Infected' 'Removed' 'Deads'
 0.000000E+00 10 10000 0 10 0 0
 4.000000E+00 14 9994 4 6 3 1
 8.000000E+00 14 9992 5 2 6 1
 1.200000E+01 15 9991 6 1 6 2
 1.600000E+01 16 9989 6 2 6 2
 2.000000E+01 15 9989 4 3 6 2
 2.400000E+01 21 9984 9 3 6 3
 2.800000E+01 20 9981 7 1 8 4
 3.200000E+01 19 9980 6 0 9 4
 3.600000E+01 22 9979 6 3 9 4
 4.000000E+01 20 9977 3 3 10 4
 4.400000E+01 29 9972 12 1 11 5
 4.800000E+01 29 9968 8 5 11 5
 5.200000E+01 30 9968 7 5 11 7
 5.600000E+01 33 9963 8 2 13 10
 6.000000E+01 43 9960 13 5 13 12
 6.400000E+01 55 9954 19 8 13 15
 6.800000E+01 63 9947 22 6 17 18
 7.200000E+01 68 9940 21 10 18 19
 7.600000E+01 73 9933 22 7 20 24
 8.000000E+01 87 9919 25 12 22 28
 8.400000E+01 90 9911 27 7 23 33
 8.800000E+01 92 9902 24 7 23 38
 9.200000E+01 100 9897 21 12 24 43
 9.600000E+01 107 9891 23 12 25 47
 1.000000E+02 115 9884 26 8 28 53
 1.040000E+02 121 9877 23 13 28 57
 1.080000E+02 125 9867 24 9 32 60
 1.120000E+02 139 9859 28 16 33 62
 1.160000E+02 140 9857 19 19 34 68
 1.200000E+02 146 9849 17 17 38 74
 1.240000E+02 155 9840 20 11 40 84
 1.280000E+02 157 9839 18 8 41 90
 1.320000E+02 168 9833 24 8 41 95
 1.360000E+02 171 9819 18 14 42 97
 1.400000E+02 187 9809 30 11 42 104
 1.440000E+02 187 9801 25 14 44 104
 1.480000E+02 189 9798 20 10 48 111
 1.520000E+02 198 9791 19 11 52 116
 1.560000E+02 202 9784 22 7 53 120
 1.600000E+02 211 9781 20 11 55 125
 1.640000E+02 209 9777 16 7 57 129
 1.680000E+02 215 9773 16 10 58 131
 1.720000E+02 221 9770 17 7 61 136
 1.760000E+02 222 9768 11 6 64 141
 1.800000E+02 230 9760 13 6 64 147
 1.840000E+02 235 9755 11 10 65 149
 1.880000E+02 238 9754 9 10 66 153
 1.920000E+02 236 9754 6 5 68 157
 1.960000E+02 236 9752 4 4 70 158
 2.000000E+02 238 9752 1 5 71 161

#Simulation ended (eff.: 0.945976, detail below)
	#Events: 12047
	#Valid embedding but no longer unary when required: 0.000000
	#Valid embedding but not binary when required: 0.000000
	#Clashing instance: 0.000000
	#Lazy negative update: 1.000000
	#Lazy negative update of non local instances: 0.000000
	#Perturbation interrupting time advance: 0.000000
