# time 'Cases' 'Susceptible' 'Exposed' 'Infected' 'Removed' 'Deads'
 0.000000E+00 0 15800 0 0 0 0
 4.000000E+00 1 15800 1 0 0 0
 8.000000E+00 2 15800 2 0 0 0
 1.200000E+01 4 15800 4 0 0 0
 1.600000E+01 4 15800 4 0 0 0
 2.000000E+01 7 15799 6 1 0 0
 2.400000E+01 6 15799 5 0 0 1
 2.800000E+01 12 15798 8 1 1 2
 3.200000E+01 18 15795 12 3 1 2
 3.600000E+01 13 15792 4 4 2 3
 4.000000E+01 23 15790 12 3 3 5
 4.400000E+01 22 15787 9 3 3 7
 4.800000E+01 24 15782 8 4 3 9
 5.200000E+01 24 15777 7 3 3 11
 5.600000E+01 31 15772 12 4 3 12
 6.000000E+01 36 15769 11 7 3 15
 6.400000E+01 36 15769 11 3 4 18
 6.800000E+01 37 15768 11 4 4 18
 7.200000E+01 46 15765 12 8 5 21
 7.600000E+01 51 15758 17 4 6 24
 8.000000E+01 52 15754 14 4 7 27
 8.400000E+01 57 15751 14 6 8 29
 8.800000E+01 57 15748 15 3 9 30
 9.200000E+01 62 15747 16 4 9 33
 9.600000E+01 67 15740 16 7 10 34
 1.000000E+02 71 15734 16 9 10 36
 1.040000E+02 75 15730 16 7 12 40
 1.080000E+02 74 15725 13 4 12 45
 1.120000E+02 90 15719 21 9 14 46
 1.160000E+02 93 15714 18 11 16 48
 1.200000E+02 100 15708 23 8 19 50
 1.240000E+02 101 15700 22 6 20 53
 1.280000E+02 98 15697 14 8 21 55
 1.320000E+02 94 15691 8 5 22 59
 1.360000E+02 101 15688 13 4 22 62
 1.400000E+02 106 15686 14 7 22 63
 1.440000E+02 110 15686 15 7 22 66
 1.480000E+02 113 15682 11 10 22 70
 1.520000E+02 116 15677 9 10 22 75
 1.560000E+02 129 15667 21 7 23 78
 1.600000E+02 123 15666 9 9 23 82
 1.640000E+02 123 15663 9 5 24 85
 1.680000E+02 129 15662 13 4 25 87
 1.720000E+02 128 15660 9 3 26 90
 1.760000E+02 130 15660 8 5 26 91
 1.800000E+02 134 15657 8 5 29 92
 1.840000E+02 134 15655 7 3 29 95
 1.880000E+02 136 15654 6 1 30 99
 1.920000E+02 140 15653 9 1 30 100
 1.960000E+02 137 15652 3 2 30 102
 2.000000E+02 139 15650 4 2 30 103

#Simulation ended (eff.: 0.955092, detail below)
	#Events: 16270
	#Valid embedding but no longer unary when required: 0.000000
	#Valid embedding but not binary when required: 0.000000
	#Clashing instance: 0.000000
	#Lazy negative update: 1.000000
	#Lazy negative update of non local instances: 0.000000
	#Perturbation interrupting time advance: 0.000000
