# time 'Cases' 'Susceptible' 'Exposed' 'Infected' 'Removed' 'Deads'
 0.000000E+00 0 4700 0 0 0 0
 4.000000E+00 1 4700 0 1 0 0
 8.000000E+00 2 4699 1 0 0 1
 1.200000E+01 4 4699 3 0 0 1
 1.600000E+01 2 4699 1 0 0 1
 2.000000E+01 1 4699 0 0 0 1
 2.400000E+01 7 4699 4 2 0 1
 2.800000E+01 7 4697 5 0 1 1
 3.200000E+01 6 4697 4 0 1 1
 3.600000E+01 5 4696 2 0 1 2
 4.000000E+01 10 4695 7 0 1 2
 4.400000E+01 5 4695 2 0 1 2
 4.800000E+01 7 4695 2 1 2 2
 5.200000E+01 16 4691 9 3 2 2
 5.600000E+01 15 4689 5 4 2 4
 6.000000E+01 19 4689 7 4 2 6
 6.400000E+01 20 4682 9 1 2 8
 6.800000E+01 22 4682 7 3 2 10
 7.200000E+01 25 4679 10 2 3 10
 7.600000E+01 22 4679 7 0 3 12
 8.000000E+01 22 4678 7 0 3 12
 8.400000E+01 22 4677 6 0 3 13
 8.800000E+01 22 4677 5 1 3 13
 9.200000E+01 25 4675 5 3 3 14
 9.600000E+01 31 4672 8 2 4 17
 1.000000E+02 34 4669 10 3 4 17
 1.040000E+02 34 4669 6 6 4 18
 1.080000E+02 45 4667 10 9 5 21
 1.120000E+02 45 4666 12 4 6 23
 1.160000E+02 50 4663 14 4 7 25
 1.200000E+02 46 4661 10 2 7 27
 1.240000E+02 52 4661 9 6 9 28
 1.280000E+02 60 4661 15 7 9 29
 1.320000E+02 52 4659 9 1 9 33
 1.360000E+02 56 4656 7 7 9 33
 1.400000E+02 58 4652 7 4 11 36
 1.440000E+02 61 4650 9 4 11 37
 1.480000E+02 59 4646 5 5 11 38
 1.520000E+02 72 4640 16 6 11 39
 1.560000E+02 68 4636 11 3 13 41
 1.600000E+02 70 4635 11 3 15 41
 1.640000E+02 66 4634 5 1 17 43
 1.680000E+02 72 4634 10 1 18 43
 1.720000E+02 73 4634 8 2 19 44
 1.760000E+02 75 4631 7 4 19 45
 1.800000E+02 75 4630 5 3 20 47
 1.840000E+02 75 4628 4 2 21 48
 1.880000E+02 76 4627 4 1 22 49
 1.920000E+02 73 4627 1 0 22 50
 1.960000E+02 77 4627 4 1 22 50
 2.000000E+02 75 4626 1 1 22 51

#Simulation ended (eff.: 0.898714, detail below)
	#Events: 5732
	#Valid embedding but no longer unary when required: 0.000000
	#Valid embedding but not binary when required: 0.000000
	#Clashing instance: 0.000000
	#Lazy negative update: 1.000000
	#Lazy negative update of non local instances: 0.000000
	#Perturbation interrupting time advance: 0.000000
