# time 'Cases' 'Susceptible' 'Exposed' 'Infected' 'Removed' 'Deads'
 0.000000E+00 10 100000 0 10 0 0
 4.000000E+00 12 99995 2 5 2 3
 8.000000E+00 13 99991 4 2 3 4
 1.200000E+01 14 99988 4 3 3 4
 1.600000E+01 21 99983 7 3 4 7
 2.000000E+01 20 99983 5 1 5 9
 2.400000E+01 26 99981 9 2 6 9
 2.800000E+01 26 99978 5 4 7 10
 3.200000E+01 31 99973 9 2 7 13
 3.600000E+01 32 99973 8 2 8 14
 4.000000E+01 34 99970 10 2 8 14
 4.400000E+01 34 99968 5 4 9 16
 4.800000E+01 42 99963 8 5 9 20
 5.200000E+01 47 99960 11 5 10 21
 5.600000E+01 48 99959 9 4 11 24
 6.000000E+01 53 99951 11 4 11 27
 6.400000E+01 54 99945 10 2 13 29
 6.800000E+01 63 99941 16 4 13 30
 7.200000E+01 66 99935 13 9 14 30
 7.600000E+01 70 99928 13 8 15 34
 8.000000E+01 74 99926 14 7 15 38
 8.400000E+01 84 99921 16 9 17 42
 8.800000E+01 88 99913 16 9 20 43
 9.200000E+01 98 99908 24 6 22 46
 9.600000E+01 103 99903 21 6 25 51
 1.000000E+02 101 99900 14 6 25 56
 1.040000E+02 106 99893 18 2 27 59
 1.080000E+02 112 99888 14 8 29 61
 1.120000E+02 120 99881 21 4 31 64
 1.160000E+02 124 99877 17 9 32 66
 1.200000E+02 124 99875 11 10 34 69
 1.240000E+02 131 99869 16 6 36 73
 1.280000E+02 139 99866 15 13 36 75
 1.320000E+02 141 99861 12 10 37 82
 1.360000E+02 146 99860 15 4 41 86
 1.400000E+02 151 99858 14 7 43 87
 1.440000E+02 158 99855 13 9 44 92
 1.480000E+02 161 99851 13 7 45 96
 1.520000E+02 167 99843 18 3 45 101
 1.560000E+02 172 99838 17 7 46 102
 1.600000E+02 171 99833 16 4 46 105
 1.640000E+02 174 99832 13 6 47 108
 1.680000E+02 184 99829 20 4 50 110
 1.720000E+02 183 99828 15 6 50 112
 1.760000E+02 193 99822 18 10 51 114
 1.800000E+02 192 99820 11 12 52 117
 1.840000E+02 195 99817 7 11 53 124
 1.880000E+02 202 99811 12 9 55 126
 1.920000E+02 206 99805 15 5 57 129
 1.960000E+02 207 99803 11 5 59 132
 2.000000E+02 210 99803 10 7 59 134

#Simulation ended (eff.: 0.990324, detail below)
	#Events: 89353
	#Valid embedding but no longer unary when required: 0.000000
	#Valid embedding but not binary when required: 0.000000
	#Clashing instance: 0.000000
	#Lazy negative update: 1.000000
	#Lazy negative update of non local instances: 0.000000
	#Perturbation interrupting time advance: 0.000000
