# time 'Cases' 'Susceptible' 'Exposed' 'Infected' 'Removed' 'Deads'
 0.000000E+00 10 100000 0 10 0 0
 4.000000E+00 14 99993 5 1 3 5
 8.000000E+00 15 99991 6 1 3 5
 1.200000E+01 14 99989 5 1 3 5
 1.600000E+01 18 99988 6 2 3 7
 2.000000E+01 18 99985 4 3 3 8
 2.400000E+01 22 99982 5 2 5 10
 2.800000E+01 21 99978 4 1 5 11
 3.200000E+01 25 99976 6 2 5 12
 3.600000E+01 30 99972 8 3 5 14
 4.000000E+01 30 99970 7 3 5 15
 4.400000E+01 28 99969 3 2 6 17
 4.800000E+01 37 99968 9 3 6 19
 5.200000E+01 34 99967 3 5 6 20
 5.600000E+01 41 99963 9 2 8 22
 6.000000E+01 44 99961 12 1 8 23
 6.400000E+01 47 99956 12 3 8 24
 6.800000E+01 45 99953 5 5 8 27
 7.200000E+01 53 99951 10 2 10 31
 7.600000E+01 61 99945 12 4 11 34
 8.000000E+01 59 99941 10 4 11 34
 8.400000E+01 63 99940 15 1 11 36
 8.800000E+01 68 99938 14 5 12 37
 9.200000E+01 71 99933 12 2 15 42
 9.600000E+01 75 99928 12 5 16 42
 1.000000E+02 80 99925 15 3 17 45
 1.040000E+02 82 99922 14 3 18 47
 1.080000E+02 86 99920 13 5 19 49
 1.120000E+02 98 99914 18 7 22 51
 1.160000E+02 98 99912 13 6 24 55
 1.200000E+02 110 99905 17 6 26 61
 1.240000E+02 113 99901 15 8 26 64
 1.280000E+02 117 99893 13 8 27 69
 1.320000E+02 116 99886 11 5 28 72
 1.360000E+02 130 99881 21 6 29 74
 1.400000E+02 137 99875 23 6 30 78
 1.440000E+02 136 99872 17 6 30 83
 1.480000E+02 135 99868 10 9 30 86
 1.520000E+02 145 99864 18 4 33 90
 1.560000E+02 142 99864 10 7 34 91
 1.600000E+02 146 99861 8 8 35 95
 1.640000E+02 149 99859 7 7 36 99
 1.680000E+02 154 99855 12 3 37 102
 1.720000E+02 151 99855 5 5 37 104
 1.760000E+02 163 99851 14 3 40 106
 1.800000E+02 159 99851 7 4 40 108
 1.840000E+02 157 99850 3 3 41 110
 1.880000E+02 163 99848 4 8 41 110
 1.920000E+02 164 99847 6 3 42 113
 1.960000E+02 166 99846 4 5 43 114
 2.000000E+02 168 99844 4 4 43 117

#Simulation ended (eff.: 0.991542, detail below)
	#Events: 88632
	#Valid embedding but no longer unary when required: 0.000000
	#Valid embedding but not binary when required: 0.000000
	#Clashing instance: 0.000000
	#Lazy negative update: 1.000000
	#Lazy negative update of non local instances: 0.000000
	#Perturbation interrupting time advance: 0.000000
