# time 'Cases' 'Susceptible' 'Exposed' 'Infected' 'Removed' 'Deads'
 0.000000E+00 0 7000 0 0 0 0
 4.000000E+00 0 7000 0 0 0 0
 8.000000E+00 1 7000 1 0 0 0
 1.200000E+01 1 7000 1 0 0 0
 1.600000E+01 1 7000 1 0 0 0
 2.000000E+01 1 7000 1 0 0 0
 2.400000E+01 1 7000 0 1 0 0
 2.800000E+01 2 7000 1 1 0 0
 3.200000E+01 0 7000 0 0 0 0
 3.600000E+01 4 7000 3 1 0 0
 4.000000E+01 2 6999 1 1 0 0
 4.400000E+01 1 6999 0 0 0 1
 4.800000E+01 3 6999 2 0 0 1
 5.200000E+01 5 6996 3 1 0 1
 5.600000E+01 4 6996 3 0 0 1
 6.000000E+01 4 6996 2 0 0 2
 6.400000E+01 5 6996 3 0 0 2
 6.800000E+01 6 6996 4 0 0 2
 7.200000E+01 4 6996 2 0 0 2
 7.600000E+01 4 6996 1 1 0 2
 8.000000E+01 3 6996 1 0 0 2
 8.400000E+01 3 6996 1 0 0 2
 8.800000E+01 4 6996 2 0 0 2
 9.200000E+01 5 6996 1 2 0 2
 9.600000E+01 7 6996 2 2 0 3
 1.000000E+02 4 6996 1 0 0 3
 1.040000E+02 7 6996 3 0 1 3
 1.080000E+02 9 6996 5 0 1 3
 1.120000E+02 8 6996 3 1 1 3
 1.160000E+02 8 6996 3 0 1 4
 1.200000E+02 14 6996 8 1 1 4
 1.240000E+02 10 6996 5 0 1 4
 1.280000E+02 11 6996 6 0 1 4
 1.320000E+02 8 6994 2 1 1 4
 1.360000E+02 10 6994 5 0 1 4
 1.400000E+02 10 6994 3 2 1 4
 1.440000E+02 10 6993 2 2 1 5
 1.480000E+02 10 6992 1 1 1 7
 1.520000E+02 11 6992 1 1 2 7
 1.560000E+02 12 6991 3 0 2 7
 1.600000E+02 16 6990 6 1 2 7
 1.640000E+02 16 6990 5 1 2 8
 1.680000E+02 20 6990 7 3 2 8
 1.720000E+02 17 6989 2 2 2 11
 1.760000E+02 17 6988 1 2 3 11
 1.800000E+02 17 6988 2 1 3 11
 1.840000E+02 18 6987 3 0 4 11
 1.880000E+02 19 6986 1 2 4 12
 1.920000E+02 21 6986 2 2 5 12
 1.960000E+02 21 6984 3 1 5 12
 2.000000E+02 21 6984 2 2 5 12

#Simulation ended (eff.: 0.916735, detail below)
	#Events: 6738
	#Valid embedding but no longer unary when required: 0.000000
	#Valid embedding but not binary when required: 0.000000
	#Clashing instance: 0.000000
	#Lazy negative update: 1.000000
	#Lazy negative update of non local instances: 0.000000
	#Perturbation interrupting time advance: 0.000000
