# time 'Cases' 'Susceptible' 'Exposed' 'Infected' 'Removed' 'Deads'
 0.000000E+00 0 4700 0 0 0 0
 4.000000E+00 4 4700 3 1 0 0
 8.000000E+00 3 4700 2 1 0 0
 1.200000E+01 2 4699 1 0 0 1
 1.600000E+01 3 4699 2 0 0 1
 2.000000E+01 3 4699 2 0 0 1
 2.400000E+01 1 4699 0 0 0 1
 2.800000E+01 8 4699 6 1 0 1
 3.200000E+01 2 4699 1 0 0 1
 3.600000E+01 5 4699 2 2 0 1
 4.000000E+01 9 4697 8 0 0 1
 4.400000E+01 8 4697 6 1 0 1
 4.800000E+01 5 4697 2 1 1 1
 5.200000E+01 6 4697 3 0 1 2
 5.600000E+01 8 4697 4 1 1 2
 6.000000E+01 10 4695 4 3 1 2
 6.400000E+01 15 4693 8 2 1 4
 6.800000E+01 11 4690 4 2 1 4
 7.200000E+01 14 4688 7 1 1 5
 7.600000E+01 13 4688 6 1 1 5
 8.000000E+01 13 4688 5 2 1 5
 8.400000E+01 16 4688 6 3 1 6
 8.800000E+01 19 4685 8 2 2 7
 9.200000E+01 19 4683 6 2 2 9
 9.600000E+01 27 4682 10 4 2 11
 1.000000E+02 22 4679 7 2 2 11
 1.040000E+02 24 4676 6 4 2 12
 1.080000E+02 26 4672 8 2 4 12
 1.120000E+02 31 4671 11 2 5 13
 1.160000E+02 32 4668 10 2 5 15
 1.200000E+02 36 4666 10 6 5 15
 1.240000E+02 40 4657 12 3 8 17
 1.280000E+02 37 4657 8 2 8 19
 1.320000E+02 42 4656 11 1 10 20
 1.360000E+02 45 4655 11 2 10 22
 1.400000E+02 46 4654 11 2 11 22
 1.440000E+02 46 4654 12 1 11 22
 1.480000E+02 47 4653 10 1 11 25
 1.520000E+02 45 4650 7 2 11 25
 1.560000E+02 50 4650 9 5 11 25
 1.600000E+02 52 4648 9 6 11 26
 1.640000E+02 55 4646 11 5 12 27
 1.680000E+02 54 4644 8 4 13 29
 1.720000E+02 61 4643 8 10 13 30
 1.760000E+02 67 4639 11 8 14 34
 1.800000E+02 65 4635 11 3 15 36
 1.840000E+02 60 4635 5 3 15 37
 1.880000E+02 61 4635 6 1 15 39
 1.920000E+02 61 4635 5 1 15 40
 1.960000E+02 60 4634 4 0 15 41
 2.000000E+02 66 4634 8 2 15 41

#Simulation ended (eff.: 0.897607, detail below)
	#Events: 5777
	#Valid embedding but no longer unary when required: 0.000000
	#Valid embedding but not binary when required: 0.000000
	#Clashing instance: 0.000000
	#Lazy negative update: 1.000000
	#Lazy negative update of non local instances: 0.000000
	#Perturbation interrupting time advance: 0.000000
