# time 'Cases' 'Susceptible' 'Exposed' 'Infected' 'Removed' 'Deads'
 0.000000E+00 0 4700 0 0 0 0
 4.000000E+00 0 4700 0 0 0 0
 8.000000E+00 1 4700 1 0 0 0
 1.200000E+01 0 4700 0 0 0 0
 1.600000E+01 1 4700 0 1 0 0
 2.000000E+01 6 4700 3 2 1 0
 2.400000E+01 3 4699 0 0 1 2
 2.800000E+01 6 4699 2 1 1 2
 3.200000E+01 4 4699 0 0 2 2
 3.600000E+01 4 4699 0 0 2 2
 4.000000E+01 6 4699 2 0 2 2
 4.400000E+01 5 4699 1 0 2 2
 4.800000E+01 8 4699 4 0 2 2
 5.200000E+01 5 4699 1 0 2 2
 5.600000E+01 5 4699 1 0 2 2
 6.000000E+01 5 4699 1 0 2 2
 6.400000E+01 7 4699 3 0 2 2
 6.800000E+01 7 4699 2 1 2 2
 7.200000E+01 5 4699 1 0 2 2
 7.600000E+01 5 4699 1 0 2 2
 8.000000E+01 6 4699 2 0 2 2
 8.400000E+01 10 4699 5 1 2 2
 8.800000E+01 10 4699 5 1 2 2
 9.200000E+01 11 4698 4 1 2 4
 9.600000E+01 8 4698 1 1 2 4
 1.000000E+02 8 4698 1 0 3 4
 1.040000E+02 9 4698 2 0 3 4
 1.080000E+02 10 4697 2 1 3 4
 1.120000E+02 11 4697 1 3 3 4
 1.160000E+02 16 4696 5 2 4 5
 1.200000E+02 12 4696 2 0 5 5
 1.240000E+02 15 4696 5 0 5 5
 1.280000E+02 12 4696 2 0 5 5
 1.320000E+02 11 4696 0 1 5 5
 1.360000E+02 14 4696 1 2 5 6
 1.400000E+02 17 4693 4 1 5 7
 1.440000E+02 18 4693 4 0 5 9
 1.480000E+02 21 4691 4 3 5 9
 1.520000E+02 20 4689 2 2 5 11
 1.560000E+02 19 4687 1 2 5 11
 1.600000E+02 23 4684 5 1 6 11
 1.640000E+02 21 4683 1 2 7 11
 1.680000E+02 20 4682 1 1 7 11
 1.720000E+02 24 4682 2 2 8 12
 1.760000E+02 26 4682 5 1 8 12
 1.800000E+02 25 4681 4 1 8 12
 1.840000E+02 24 4681 3 1 8 12
 1.880000E+02 24 4681 2 0 9 13
 1.920000E+02 24 4681 1 1 9 13
 1.960000E+02 26 4680 2 2 9 13
 2.000000E+02 24 4679 2 0 9 13

#Simulation ended (eff.: 0.930507, detail below)
	#Events: 4566
	#Valid embedding but no longer unary when required: 0.000000
	#Valid embedding but not binary when required: 0.000000
	#Clashing instance: 0.000000
	#Lazy negative update: 1.000000
	#Lazy negative update of non local instances: 0.000000
	#Perturbation interrupting time advance: 0.000000
