# time 'Cases' 'Susceptible' 'Exposed' 'Infected' 'Removed' 'Deads'
 0.000000E+00 0 4700 0 0 0 0
 4.000000E+00 1 4700 1 0 0 0
 8.000000E+00 4 4700 2 1 0 1
 1.200000E+01 4 4699 3 0 0 1
 1.600000E+01 1 4699 0 0 0 1
 2.000000E+01 3 4699 2 0 0 1
 2.400000E+01 2 4699 1 0 0 1
 2.800000E+01 1 4699 0 0 0 1
 3.200000E+01 1 4699 0 0 0 1
 3.600000E+01 3 4699 2 0 0 1
 4.000000E+01 2 4699 1 0 0 1
 4.400000E+01 1 4698 0 0 0 1
 4.800000E+01 4 4698 2 1 0 1
 5.200000E+01 9 4698 7 0 0 2
 5.600000E+01 5 4698 2 1 0 2
 6.000000E+01 3 4698 0 0 0 3
 6.400000E+01 4 4698 1 0 0 3
 6.800000E+01 5 4698 2 0 0 3
 7.200000E+01 6 4698 3 0 0 3
 7.600000E+01 9 4697 4 1 0 4
 8.000000E+01 11 4697 7 0 0 4
 8.400000E+01 12 4697 7 0 0 5
 8.800000E+01 10 4695 4 0 0 6
 9.200000E+01 9 4695 3 0 0 6
 9.600000E+01 15 4694 7 2 0 6
 1.000000E+02 14 4692 7 0 0 7
 1.040000E+02 9 4691 0 2 0 7
 1.080000E+02 15 4690 5 1 1 8
 1.120000E+02 17 4688 5 3 1 8
 1.160000E+02 20 4687 7 0 2 11
 1.200000E+02 18 4687 4 1 2 11
 1.240000E+02 18 4687 4 0 3 11
 1.280000E+02 20 4687 5 1 3 11
 1.320000E+02 25 4687 6 3 5 11
 1.360000E+02 23 4686 2 1 5 15
 1.400000E+02 27 4686 6 0 5 16
 1.440000E+02 26 4685 4 0 5 17
 1.480000E+02 27 4685 3 1 5 18
 1.520000E+02 29 4685 3 2 5 19
 1.560000E+02 30 4685 5 0 6 19
 1.600000E+02 30 4685 4 0 6 20
 1.640000E+02 30 4685 1 1 6 22
 1.680000E+02 32 4683 1 1 6 24
 1.720000E+02 33 4682 3 0 6 24
 1.760000E+02 37 4682 4 2 6 25
 1.800000E+02 38 4679 2 4 6 26
 1.840000E+02 37 4679 1 2 7 27
 1.880000E+02 38 4679 2 2 7 27
 1.920000E+02 37 4678 2 0 7 28
 1.960000E+02 36 4678 1 0 7 28
 2.000000E+02 38 4678 2 1 7 28

#Simulation ended (eff.: 0.917852, detail below)
	#Events: 4838
	#Valid embedding but no longer unary when required: 0.000000
	#Valid embedding but not binary when required: 0.000000
	#Clashing instance: 0.000000
	#Lazy negative update: 1.000000
	#Lazy negative update of non local instances: 0.000000
	#Perturbation interrupting time advance: 0.000000
