# time 'Cases' 'Susceptible' 'Exposed' 'Infected' 'Removed' 'Deads'
 0.000000E+00 0 700 0 0 0 0
 4.000000E+00 3 700 2 1 0 0
 8.000000E+00 2 700 1 0 1 0
 1.200000E+01 6 700 5 0 1 0
 1.600000E+01 6 700 4 1 1 0
 2.000000E+01 2 700 1 0 1 0
 2.400000E+01 4 700 3 0 1 0
 2.800000E+01 3 699 1 1 1 0
 3.200000E+01 4 699 2 0 2 0
 3.600000E+01 13 697 8 1 2 2
 4.000000E+01 11 697 6 1 2 2
 4.400000E+01 15 695 8 2 2 3
 4.800000E+01 20 691 11 3 2 4
 5.200000E+01 15 691 6 2 2 5
 5.600000E+01 14 688 3 2 4 5
 6.000000E+01 18 688 6 2 4 6
 6.400000E+01 20 684 7 2 5 6
 6.800000E+01 29 683 16 2 5 6
 7.200000E+01 23 683 10 0 5 8
 7.600000E+01 23 681 9 0 5 9
 8.000000E+01 27 679 10 2 5 10
 8.400000E+01 27 676 8 2 5 12
 8.800000E+01 35 674 13 5 5 12
 9.200000E+01 32 673 12 0 6 14
 9.600000E+01 36 673 15 1 6 14
 1.000000E+02 31 671 8 1 6 16
 1.040000E+02 37 670 11 3 6 17
 1.080000E+02 42 669 15 3 6 18
 1.120000E+02 45 666 16 4 6 19
 1.160000E+02 41 664 12 2 6 21
 1.200000E+02 46 662 15 1 6 24
 1.240000E+02 44 662 10 4 6 24
 1.280000E+02 46 662 15 1 6 24
 1.320000E+02 42 662 11 1 6 24
 1.360000E+02 50 660 14 4 6 26
 1.400000E+02 52 658 12 6 6 28
 1.440000E+02 56 658 15 3 6 32
 1.480000E+02 51 658 11 1 6 33
 1.520000E+02 56 655 11 3 7 35
 1.560000E+02 57 653 9 4 8 36
 1.600000E+02 58 651 10 1 9 38
 1.640000E+02 65 649 13 2 9 41
 1.680000E+02 68 648 10 4 11 43
 1.720000E+02 64 648 7 3 11 43
 1.760000E+02 66 647 5 3 12 46
 1.800000E+02 66 646 4 3 12 47
 1.840000E+02 75 645 9 4 12 50
 1.880000E+02 79 643 11 1 13 54
 1.920000E+02 71 643 3 1 13 54
 1.960000E+02 78 641 5 3 15 55
 2.000000E+02 79 639 2 3 17 57

#Simulation ended (eff.: 0.748072, detail below)
	#Events: 2910
	#Valid embedding but no longer unary when required: 0.000000
	#Valid embedding but not binary when required: 0.000000
	#Clashing instance: 0.000000
	#Lazy negative update: 1.000000
	#Lazy negative update of non local instances: 0.000000
	#Perturbation interrupting time advance: 0.000000
