# time 'Cases' 'Susceptible' 'Exposed' 'Infected' 'Removed' 'Deads'
 0.000000E+00 0 700 0 0 0 0
 4.000000E+00 0 700 0 0 0 0
 8.000000E+00 1 700 1 0 0 0
 1.200000E+01 5 700 5 0 0 0
 1.600000E+01 1 700 1 0 0 0
 2.000000E+01 6 700 6 0 0 0
 2.400000E+01 4 700 4 0 0 0
 2.800000E+01 6 700 6 0 0 0
 3.200000E+01 0 699 0 0 0 0
 3.600000E+01 3 699 3 0 0 0
 4.000000E+01 2 699 2 0 0 0
 4.400000E+01 5 699 3 2 0 0
 4.800000E+01 5 695 2 1 0 2
 5.200000E+01 12 693 9 0 1 2
 5.600000E+01 6 693 3 0 1 2
 6.000000E+01 10 691 5 0 1 4
 6.400000E+01 12 691 5 2 1 4
 6.800000E+01 21 691 12 2 1 6
 7.200000E+01 18 690 10 0 2 6
 7.600000E+01 20 689 6 3 3 8
 8.000000E+01 25 682 10 1 4 10
 8.400000E+01 21 680 3 4 4 10
 8.800000E+01 25 676 7 1 6 11
 9.200000E+01 26 674 6 3 6 11
 9.600000E+01 26 673 7 0 6 13
 1.000000E+02 31 671 12 0 6 13
 1.040000E+02 28 671 5 3 6 14
 1.080000E+02 36 666 9 6 7 14
 1.120000E+02 35 663 7 5 9 14
 1.160000E+02 35 662 9 2 10 14
 1.200000E+02 37 661 8 2 11 16
 1.240000E+02 40 659 8 4 11 17
 1.280000E+02 45 656 10 6 11 18
 1.320000E+02 48 652 12 2 12 22
 1.360000E+02 49 648 9 4 12 24
 1.400000E+02 55 641 13 3 12 27
 1.440000E+02 57 639 11 4 12 30
 1.480000E+02 51 638 4 5 12 30
 1.520000E+02 55 632 8 3 12 32
 1.560000E+02 60 632 10 4 12 34
 1.600000E+02 58 632 9 3 12 34
 1.640000E+02 61 631 10 1 13 37
 1.680000E+02 66 630 12 3 14 37
 1.720000E+02 61 629 9 1 14 37
 1.760000E+02 63 629 7 3 14 39
 1.800000E+02 65 627 8 2 14 41
 1.840000E+02 64 627 6 3 14 41
 1.880000E+02 68 627 7 3 14 44
 1.920000E+02 70 624 9 2 14 45
 1.960000E+02 72 624 10 3 14 45
 2.000000E+02 68 623 4 4 15 45

#Simulation ended (eff.: 0.722272, detail below)
	#Events: 2442
	#Valid embedding but no longer unary when required: 0.000000
	#Valid embedding but not binary when required: 0.000000
	#Clashing instance: 0.000000
	#Lazy negative update: 1.000000
	#Lazy negative update of non local instances: 0.000000
	#Perturbation interrupting time advance: 0.000000
