# time 'Cases' 'Susceptible' 'Exposed' 'Infected' 'Removed' 'Deads'
 0.000000E+00 0 700 0 0 0 0
 4.000000E+00 1 700 1 0 0 0
 8.000000E+00 1 700 1 0 0 0
 1.200000E+01 4 700 4 0 0 0
 1.600000E+01 1 700 1 0 0 0
 2.000000E+01 3 700 3 0 0 0
 2.400000E+01 2 700 2 0 0 0
 2.800000E+01 4 700 4 0 0 0
 3.200000E+01 4 700 4 0 0 0
 3.600000E+01 5 700 5 0 0 0
 4.000000E+01 3 700 2 0 0 1
 4.400000E+01 7 700 5 1 0 1
 4.800000E+01 10 696 4 5 0 1
 5.200000E+01 5 692 2 0 1 2
 5.600000E+01 8 692 4 1 1 2
 6.000000E+01 9 692 5 1 1 2
 6.400000E+01 9 692 4 2 1 2
 6.800000E+01 8 692 3 0 1 4
 7.200000E+01 11 691 5 1 1 4
 7.600000E+01 13 688 5 3 1 4
 8.000000E+01 12 687 5 1 2 4
 8.400000E+01 18 686 11 0 3 4
 8.800000E+01 14 686 7 0 3 4
 9.200000E+01 16 686 6 2 4 4
 9.600000E+01 25 682 13 3 4 5
 1.000000E+02 20 675 8 3 4 5
 1.040000E+02 19 675 9 1 4 5
 1.080000E+02 20 674 8 3 4 5
 1.120000E+02 20 673 8 2 5 5
 1.160000E+02 25 672 9 5 5 6
 1.200000E+02 23 669 5 3 7 8
 1.240000E+02 24 669 5 3 8 8
 1.280000E+02 27 668 9 1 8 9
 1.320000E+02 24 666 5 1 8 10
 1.360000E+02 28 661 8 1 8 11
 1.400000E+02 31 659 7 4 8 12
 1.440000E+02 29 655 7 1 8 13
 1.480000E+02 31 654 4 4 8 15
 1.520000E+02 31 652 4 1 9 17
 1.560000E+02 35 650 7 2 9 17
 1.600000E+02 30 648 4 0 9 17
 1.640000E+02 32 648 5 0 10 17
 1.680000E+02 37 648 4 3 12 18
 1.720000E+02 41 648 8 0 12 21
 1.760000E+02 40 647 4 2 12 22
 1.800000E+02 38 645 2 1 13 22
 1.840000E+02 37 644 1 0 13 23
 1.880000E+02 43 644 3 3 13 24
 1.920000E+02 45 643 5 2 14 24
 1.960000E+02 43 642 2 0 15 26
 2.000000E+02 45 642 2 2 15 26

#Simulation ended (eff.: 0.718425, detail below)
	#Events: 1934
	#Valid embedding but no longer unary when required: 0.000000
	#Valid embedding but not binary when required: 0.000000
	#Clashing instance: 0.000000
	#Lazy negative update: 1.000000
	#Lazy negative update of non local instances: 0.000000
	#Perturbation interrupting time advance: 0.000000
