# time 'Cases' 'Susceptible' 'Exposed' 'Infected' 'Removed' 'Deads'
 0.000000E+00 10 10000 0 10 0 0
 4.000000E+00 16 9986 7 4 1 4
 8.000000E+00 20 9979 10 3 2 5
 1.200000E+01 21 9974 11 2 2 6
 1.600000E+01 26 9973 13 3 2 8
 2.000000E+01 32 9966 16 3 4 9
 2.400000E+01 40 9961 22 2 5 11
 2.800000E+01 42 9956 19 6 6 11
 3.200000E+01 53 9950 24 8 7 14
 3.600000E+01 58 9942 27 7 9 15
 4.000000E+01 71 9935 29 11 12 19
 4.400000E+01 81 9928 30 14 14 23
 4.800000E+01 86 9916 27 13 19 27
 5.200000E+01 102 9905 37 12 19 34
 5.600000E+01 103 9898 27 14 22 40
 6.000000E+01 123 9888 34 15 26 48
 6.400000E+01 129 9875 35 15 28 51
 6.800000E+01 147 9858 45 17 31 54
 7.200000E+01 167 9842 58 18 34 57
 7.600000E+01 167 9827 47 12 39 69
 8.000000E+01 189 9811 52 20 40 77
 8.400000E+01 220 9792 65 21 46 88
 8.800000E+01 222 9777 52 18 50 102
 9.200000E+01 244 9760 58 23 54 109
 9.600000E+01 266 9744 59 27 58 122
 1.000000E+02 275 9730 52 31 60 132
 1.040000E+02 291 9713 52 29 64 146
 1.080000E+02 304 9701 41 34 71 158
 1.120000E+02 313 9682 42 25 77 169
 1.160000E+02 338 9662 51 26 82 179
 1.200000E+02 350 9647 51 20 88 191
 1.240000E+02 363 9635 50 19 93 201
 1.280000E+02 376 9624 41 25 98 212
 1.320000E+02 401 9604 50 23 100 228
 1.360000E+02 423 9578 55 22 107 239
 1.400000E+02 421 9562 42 19 113 247
 1.440000E+02 425 9558 35 20 115 255
 1.480000E+02 438 9545 33 17 120 268
 1.520000E+02 456 9538 39 18 122 277
 1.560000E+02 470 9525 35 22 124 289
 1.600000E+02 478 9513 31 20 127 300
 1.640000E+02 493 9503 43 10 135 305
 1.680000E+02 501 9492 36 13 140 312
 1.720000E+02 509 9489 30 14 145 320
 1.760000E+02 514 9479 21 15 146 332
 1.800000E+02 523 9471 19 12 152 340
 1.840000E+02 523 9466 15 6 156 346
 1.880000E+02 535 9460 18 11 157 349
 1.920000E+02 536 9456 12 7 159 358
 1.960000E+02 538 9455 12 3 163 360
 2.000000E+02 541 9454 8 8 163 362

#Simulation ended (eff.: 0.935390, detail below)
	#Events: 16374
	#Valid embedding but no longer unary when required: 0.000000
	#Valid embedding but not binary when required: 0.000000
	#Clashing instance: 0.000000
	#Lazy negative update: 1.000000
	#Lazy negative update of non local instances: 0.000000
	#Perturbation interrupting time advance: 0.000000
