# time 'Cases' 'Susceptible' 'Exposed' 'Infected' 'Removed' 'Deads'
 0.000000E+00 0 1580 0 0 0 0
 4.000000E+00 3 1580 2 1 0 0
 8.000000E+00 6 1580 4 1 0 1
 1.200000E+01 5 1578 3 0 0 2
 1.600000E+01 11 1577 9 0 0 2
 2.000000E+01 9 1577 6 0 0 3
 2.400000E+01 8 1576 4 1 0 3
 2.800000E+01 6 1576 1 1 0 4
 3.200000E+01 13 1575 7 0 0 6
 3.600000E+01 11 1575 3 2 0 6
 4.000000E+01 16 1574 7 2 1 6
 4.400000E+01 20 1571 9 1 1 9
 4.800000E+01 18 1571 7 1 1 9
 5.200000E+01 23 1571 8 5 1 9
 5.600000E+01 23 1568 8 2 3 10
 6.000000E+01 33 1565 15 4 4 10
 6.400000E+01 24 1565 7 1 6 10
 6.800000E+01 29 1565 10 2 6 11
 7.200000E+01 33 1562 10 3 6 14
 7.600000E+01 46 1555 16 6 8 16
 8.000000E+01 51 1551 17 8 8 18
 8.400000E+01 47 1545 13 4 9 21
 8.800000E+01 56 1541 18 5 9 24
 9.200000E+01 59 1537 20 5 10 24
 9.600000E+01 68 1531 24 5 10 29
 1.000000E+02 69 1522 21 3 12 33
 1.040000E+02 78 1519 22 7 14 35
 1.080000E+02 88 1514 29 4 16 39
 1.120000E+02 84 1510 17 8 19 40
 1.160000E+02 90 1505 20 7 23 40
 1.200000E+02 96 1501 20 10 24 42
 1.240000E+02 110 1500 24 10 29 47
 1.280000E+02 116 1491 28 7 32 49
 1.320000E+02 124 1486 26 10 32 56
 1.360000E+02 115 1483 16 5 35 59
 1.400000E+02 126 1475 20 7 36 63
 1.440000E+02 133 1470 20 11 36 66
 1.480000E+02 142 1465 23 12 36 71
 1.520000E+02 158 1460 30 14 36 78
 1.560000E+02 158 1449 25 13 37 83
 1.600000E+02 154 1442 16 10 42 86
 1.640000E+02 165 1435 20 9 44 92
 1.680000E+02 166 1428 14 11 45 96
 1.720000E+02 174 1424 21 7 47 99
 1.760000E+02 174 1424 12 8 49 105
 1.800000E+02 178 1419 12 8 50 108
 1.840000E+02 174 1417 11 3 51 109
 1.880000E+02 176 1415 11 2 52 111
 1.920000E+02 177 1412 10 2 53 112
 1.960000E+02 179 1408 8 5 53 113
 2.000000E+02 186 1405 10 7 54 115

#Simulation ended (eff.: 0.850340, detail below)
	#Events: 4750
	#Valid embedding but no longer unary when required: 0.000000
	#Valid embedding but not binary when required: 0.000000
	#Clashing instance: 0.000000
	#Lazy negative update: 1.000000
	#Lazy negative update of non local instances: 0.000000
	#Perturbation interrupting time advance: 0.000000
