# time 'Cases' 'Susceptible' 'Exposed' 'Infected' 'Removed' 'Deads'
 0.000000E+00 10 100000 0 10 0 0
 4.000000E+00 13 99993 7 2 0 4
 8.000000E+00 9 99992 4 0 1 4
 1.200000E+01 17 99988 12 0 1 4
 1.600000E+01 17 99987 11 1 1 4
 2.000000E+01 17 99983 8 3 1 5
 2.400000E+01 22 99978 11 2 2 7
 2.800000E+01 22 99971 10 1 3 8
 3.200000E+01 29 99970 11 5 3 10
 3.600000E+01 42 99960 19 6 5 12
 4.000000E+01 48 99953 19 8 6 15
 4.400000E+01 51 99948 20 4 8 19
 4.800000E+01 58 99942 26 3 9 20
 5.200000E+01 64 99933 21 11 10 22
 5.600000E+01 70 99924 23 10 13 24
 6.000000E+01 73 99919 21 10 16 26
 6.400000E+01 83 99910 24 11 16 32
 6.800000E+01 89 99899 28 7 18 36
 7.200000E+01 98 99891 30 10 19 39
 7.600000E+01 103 99884 24 11 20 48
 8.000000E+01 122 99871 30 14 25 53
 8.400000E+01 136 99854 36 15 27 58
 8.800000E+01 150 99848 39 13 31 67
 9.200000E+01 163 99838 44 12 34 73
 9.600000E+01 171 99826 43 14 34 80
 1.000000E+02 170 99821 37 12 35 86
 1.040000E+02 177 99806 33 18 37 89
 1.080000E+02 189 99795 30 21 41 97
 1.120000E+02 200 99786 31 12 47 110
 1.160000E+02 216 99777 36 16 50 114
 1.200000E+02 222 99766 37 11 55 119
 1.240000E+02 235 99756 39 16 59 121
 1.280000E+02 257 99744 48 17 63 129
 1.320000E+02 255 99737 42 14 65 134
 1.360000E+02 268 99725 37 18 69 144
 1.400000E+02 276 99716 31 16 71 158
 1.440000E+02 293 99701 35 21 74 163
 1.480000E+02 300 99694 35 18 77 170
 1.520000E+02 312 99685 32 17 80 183
 1.560000E+02 325 99676 31 20 84 190
 1.600000E+02 335 99665 34 15 88 198
 1.640000E+02 342 99656 25 19 90 208
 1.680000E+02 341 99648 19 14 92 216
 1.720000E+02 347 99645 17 12 97 221
 1.760000E+02 360 99640 23 7 99 231
 1.800000E+02 359 99639 13 8 100 238
 1.840000E+02 367 99638 16 9 101 241
 1.880000E+02 371 99637 12 8 104 247
 1.920000E+02 373 99633 11 7 105 250
 1.960000E+02 381 99631 16 8 106 251
 2.000000E+02 384 99629 10 10 109 255

#Simulation ended (eff.: 0.987873, detail below)
	#Events: 91891
	#Valid embedding but no longer unary when required: 0.000000
	#Valid embedding but not binary when required: 0.000000
	#Clashing instance: 0.000000
	#Lazy negative update: 1.000000
	#Lazy negative update of non local instances: 0.000000
	#Perturbation interrupting time advance: 0.000000
