# time 'Cases' 'Susceptible' 'Exposed' 'Infected' 'Removed' 'Deads'
 0.000000E+00 0 470 0 0 0 0
 4.000000E+00 1 470 1 0 0 0
 8.000000E+00 2 470 2 0 0 0
 1.200000E+01 2 470 2 0 0 0
 1.600000E+01 0 470 0 0 0 0
 2.000000E+01 1 469 0 1 0 0
 2.400000E+01 2 467 1 0 0 1
 2.800000E+01 2 467 1 0 0 1
 3.200000E+01 5 467 3 0 0 2
 3.600000E+01 4 467 2 0 0 2
 4.000000E+01 2 467 0 0 0 2
 4.400000E+01 2 467 0 0 0 2
 4.800000E+01 6 467 4 0 0 2
 5.200000E+01 3 467 1 0 0 2
 5.600000E+01 5 467 3 0 0 2
 6.000000E+01 5 466 2 1 0 2
 6.400000E+01 7 464 2 2 0 3
 6.800000E+01 8 464 3 1 1 3
 7.200000E+01 8 464 1 2 1 4
 7.600000E+01 11 461 4 1 1 5
 8.000000E+01 9 461 2 0 2 5
 8.400000E+01 8 461 1 0 2 5
 8.800000E+01 7 461 0 0 2 5
 9.200000E+01 11 460 1 2 2 6
 9.600000E+01 12 459 1 0 2 9
 1.000000E+02 13 459 1 1 2 9
 1.040000E+02 15 459 3 0 2 10
 1.080000E+02 17 459 5 0 2 10
 1.120000E+02 15 459 1 0 3 11
 1.160000E+02 18 457 2 2 3 11
 1.200000E+02 19 456 4 0 3 12
 1.240000E+02 19 456 1 3 3 12
 1.280000E+02 15 454 0 0 3 12
 1.320000E+02 21 454 5 1 3 12
 1.360000E+02 20 452 1 1 4 14
 1.400000E+02 20 452 2 0 4 14
 1.440000E+02 21 452 2 0 5 14
 1.480000E+02 22 452 2 1 5 14
 1.520000E+02 21 448 0 2 5 14
 1.560000E+02 22 448 2 0 6 14
 1.600000E+02 21 448 0 0 7 14
 1.640000E+02 23 448 2 0 7 14
 1.680000E+02 22 448 0 1 7 14
 1.720000E+02 23 448 0 2 7 14
 1.760000E+02 23 448 0 2 7 14
 1.800000E+02 24 448 1 1 8 14
 1.840000E+02 22 448 0 0 8 14
 1.880000E+02 25 448 1 2 8 14
 1.920000E+02 22 447 0 0 8 14
 1.960000E+02 23 447 1 0 8 14
 2.000000E+02 23 447 0 1 8 14

#Simulation ended (eff.: 0.758555, detail below)
	#Events: 798
	#Valid embedding but no longer unary when required: 0.000000
	#Valid embedding but not binary when required: 0.000000
	#Clashing instance: 0.000000
	#Lazy negative update: 1.000000
	#Lazy negative update of non local instances: 0.000000
	#Perturbation interrupting time advance: 0.000000
