# time 'Cases' 'Susceptible' 'Exposed' 'Infected' 'Removed' 'Deads'
 0.000000E+00 10 100000 0 10 0 0
 4.000000E+00 13 99991 3 5 3 2
 8.000000E+00 20 99982 8 3 4 5
 1.200000E+01 22 99980 11 2 4 5
 1.600000E+01 22 99978 10 2 5 5
 2.000000E+01 28 99972 13 3 6 6
 2.400000E+01 29 99966 11 4 7 7
 2.800000E+01 29 99963 10 4 7 8
 3.200000E+01 40 99960 16 7 8 9
 3.600000E+01 49 99950 20 7 8 14
 4.000000E+01 51 99941 16 10 9 16
 4.400000E+01 53 99937 14 8 12 19
 4.800000E+01 71 99927 26 9 15 21
 5.200000E+01 78 99916 23 10 17 28
 5.600000E+01 88 99907 28 4 17 39
 6.000000E+01 87 99899 20 7 17 43
 6.400000E+01 89 99895 13 10 19 47
 6.800000E+01 97 99885 18 10 20 49
 7.200000E+01 110 99870 26 9 23 52
 7.600000E+01 114 99863 23 8 25 58
 8.000000E+01 130 99853 34 9 25 62
 8.400000E+01 146 99843 40 15 28 63
 8.800000E+01 146 99831 37 9 32 68
 9.200000E+01 162 99823 37 17 36 72
 9.600000E+01 173 99816 40 13 39 81
 1.000000E+02 184 99805 43 12 43 86
 1.040000E+02 198 99791 45 17 47 89
 1.080000E+02 208 99782 41 15 54 98
 1.120000E+02 224 99771 42 18 59 105
 1.160000E+02 229 99764 34 14 67 114
 1.200000E+02 245 99754 40 13 71 121
 1.240000E+02 248 99743 35 12 74 127
 1.280000E+02 251 99738 29 13 74 135
 1.320000E+02 264 99730 29 14 80 141
 1.360000E+02 277 99723 34 10 84 149
 1.400000E+02 280 99719 25 12 86 157
 1.440000E+02 287 99707 17 13 91 166
 1.480000E+02 300 99701 24 11 93 172
 1.520000E+02 305 99694 24 10 95 176
 1.560000E+02 311 99691 23 10 99 179
 1.600000E+02 317 99687 21 9 103 184
 1.640000E+02 321 99679 19 7 106 189
 1.680000E+02 326 99675 20 7 108 191
 1.720000E+02 329 99672 15 6 111 197
 1.760000E+02 338 99664 15 8 113 202
 1.800000E+02 343 99661 14 10 113 206
 1.840000E+02 351 99657 18 6 117 210
 1.880000E+02 361 99654 21 8 120 212
 1.920000E+02 369 99650 15 16 122 216
 1.960000E+02 377 99641 17 11 125 224
 2.000000E+02 376 99639 14 4 127 231

#Simulation ended (eff.: 0.988695, detail below)
	#Events: 91565
	#Valid embedding but no longer unary when required: 0.000000
	#Valid embedding but not binary when required: 0.000000
	#Clashing instance: 0.000000
	#Lazy negative update: 1.000000
	#Lazy negative update of non local instances: 0.000000
	#Perturbation interrupting time advance: 0.000000
