# time 'Cases' 'Susceptible' 'Exposed' 'Infected' 'Removed' 'Deads'
 0.000000E+00 10 100000 0 10 0 0
 4.000000E+00 16 99990 7 3 2 4
 8.000000E+00 21 99983 12 0 2 7
 1.200000E+01 24 99980 14 1 2 7
 1.600000E+01 22 99978 11 0 4 7
 2.000000E+01 21 99978 9 1 4 7
 2.400000E+01 36 99969 19 4 5 8
 2.800000E+01 50 99958 28 6 6 10
 3.200000E+01 62 99942 32 11 7 12
 3.600000E+01 75 99925 44 5 9 17
 4.000000E+01 91 99913 49 12 12 18
 4.400000E+01 117 99896 61 18 16 22
 4.800000E+01 137 99869 74 13 18 32
 5.200000E+01 176 99840 100 16 22 38
 5.600000E+01 199 99806 103 19 30 47
 6.000000E+01 259 99745 134 26 35 64
 6.400000E+01 333 99673 177 41 39 76
 6.800000E+01 436 99554 240 56 42 98
 7.200000E+01 584 99391 342 69 51 122
 7.600000E+01 742 99194 424 89 67 162
 8.000000E+01 948 98969 543 110 94 201
 8.400000E+01 1216 98699 707 135 115 259
 8.800000E+01 1530 98329 865 185 150 330
 9.200000E+01 1919 97840 1095 214 183 427
 9.600000E+01 2380 97308 1319 277 227 557
 1.000000E+02 3093 96551 1770 333 291 699
 1.040000E+02 3909 95643 2230 437 362 880
 1.080000E+02 4878 94478 2768 535 466 1109
 1.120000E+02 6254 93030 3558 726 590 1380
 1.160000E+02 7724 91261 4296 897 753 1778
 1.200000E+02 9872 88852 5500 1160 981 2231
 1.240000E+02 12296 85925 6765 1466 1256 2809
 1.280000E+02 15369 82373 8415 1806 1577 3571
 1.320000E+02 18988 78067 10276 2244 1993 4475
 1.360000E+02 23355 72874 12431 2790 2496 5638
 1.400000E+02 28174 66758 14569 3382 3159 7064
 1.440000E+02 33316 59985 16464 4162 3915 8775
 1.480000E+02 39203 52303 18561 4962 4798 10882
 1.520000E+02 45365 43574 20313 5874 5845 13333
 1.560000E+02 51268 34751 21320 6636 7121 16191
 1.600000E+02 56968 26342 21660 7385 8514 19409
 1.640000E+02 61856 18639 20842 8028 10014 22972
 1.680000E+02 66040 12301 19191 8461 11630 26758
 1.720000E+02 69304 7705 16882 8567 13288 30567
 1.760000E+02 71805 4533 13946 8315 15002 34542
 1.800000E+02 73619 2563 10856 7965 16577 38221
 1.840000E+02 74706 1439 7955 7009 18144 41598
 1.880000E+02 75529 849 5539 6020 19418 44552
 1.920000E+02 76215 530 3844 4838 20510 47023
 1.960000E+02 76572 355 2402 3798 21371 49001
 2.000000E+02 76811 255 1433 2898 21994 50486

#Simulation ended (eff.: 0.948304, detail below)
	#Events: 1402306
	#Valid embedding but no longer unary when required: 0.000000
	#Valid embedding but not binary when required: 0.000000
	#Clashing instance: 0.000000
	#Lazy negative update: 1.000000
	#Lazy negative update of non local instances: 0.000000
	#Perturbation interrupting time advance: 0.000000
