# time 'Cases' 'Susceptible' 'Exposed' 'Infected' 'Removed' 'Deads'
 0.000000E+00 0 15800 0 0 0 0
 4.000000E+00 2 15800 2 0 0 0
 8.000000E+00 3 15800 3 0 0 0
 1.200000E+01 4 15800 4 0 0 0
 1.600000E+01 6 15800 5 0 0 1
 2.000000E+01 4 15800 3 0 0 1
 2.400000E+01 6 15800 4 1 0 1
 2.800000E+01 6 15800 4 1 0 1
 3.200000E+01 5 15800 2 0 0 3
 3.600000E+01 5 15800 2 0 0 3
 4.000000E+01 11 15800 6 1 0 4
 4.400000E+01 16 15797 7 2 1 6
 4.800000E+01 17 15795 8 1 1 7
 5.200000E+01 20 15790 8 2 1 9
 5.600000E+01 23 15785 9 3 1 10
 6.000000E+01 25 15782 6 6 1 12
 6.400000E+01 29 15775 8 5 2 14
 6.800000E+01 37 15768 12 5 4 16
 7.200000E+01 41 15764 14 5 4 18
 7.600000E+01 40 15757 9 5 6 20
 8.000000E+01 50 15755 15 6 6 23
 8.400000E+01 53 15749 15 5 8 25
 8.800000E+01 56 15747 15 4 9 28
 9.200000E+01 57 15743 11 3 9 34
 9.600000E+01 66 15739 12 7 10 37
 1.000000E+02 74 15730 16 5 13 40
 1.040000E+02 79 15727 18 6 14 41
 1.080000E+02 77 15724 12 5 15 45
 1.120000E+02 75 15722 10 4 15 46
 1.160000E+02 83 15719 13 6 17 47
 1.200000E+02 88 15715 14 8 18 48
 1.240000E+02 89 15714 12 4 19 54
 1.280000E+02 96 15712 13 8 19 56
 1.320000E+02 102 15711 13 9 22 58
 1.360000E+02 112 15703 15 8 23 66
 1.400000E+02 114 15702 15 7 25 67
 1.440000E+02 114 15697 12 4 27 71
 1.480000E+02 122 15694 20 1 28 73
 1.520000E+02 119 15690 10 5 30 74
 1.560000E+02 125 15690 10 4 33 78
 1.600000E+02 130 15689 10 7 34 79
 1.640000E+02 129 15688 7 7 35 80
 1.680000E+02 125 15688 2 4 35 84
 1.720000E+02 128 15688 3 2 39 84
 1.760000E+02 131 15688 5 1 39 86
 1.800000E+02 133 15688 4 3 39 87
 1.840000E+02 134 15685 5 2 39 88
 1.880000E+02 131 15685 4 0 39 88
 1.920000E+02 132 15685 4 1 39 88
 1.960000E+02 138 15684 5 5 40 88
 2.000000E+02 139 15684 4 2 42 91

#Simulation ended (eff.: 0.956376, detail below)
	#Events: 15960
	#Valid embedding but no longer unary when required: 0.000000
	#Valid embedding but not binary when required: 0.000000
	#Clashing instance: 0.000000
	#Lazy negative update: 1.000000
	#Lazy negative update of non local instances: 0.000000
	#Perturbation interrupting time advance: 0.000000
