# time 'Cases' 'Susceptible' 'Exposed' 'Infected' 'Removed' 'Deads'
 0.000000E+00 0 470 0 0 0 0
 4.000000E+00 0 470 0 0 0 0
 8.000000E+00 1 470 1 0 0 0
 1.200000E+01 2 470 2 0 0 0
 1.600000E+01 0 470 0 0 0 0
 2.000000E+01 4 470 4 0 0 0
 2.400000E+01 2 470 2 0 0 0
 2.800000E+01 3 470 2 1 0 0
 3.200000E+01 7 465 5 1 0 1
 3.600000E+01 9 464 5 2 1 1
 4.000000E+01 7 464 2 0 2 3
 4.400000E+01 12 463 6 1 2 3
 4.800000E+01 10 463 4 1 2 3
 5.200000E+01 7 463 2 0 2 3
 5.600000E+01 11 463 4 1 2 4
 6.000000E+01 9 462 3 0 2 4
 6.400000E+01 16 461 10 0 2 4
 6.800000E+01 8 461 2 0 2 4
 7.200000E+01 14 459 7 1 2 4
 7.600000E+01 10 458 2 1 2 5
 8.000000E+01 19 458 12 0 2 5
 8.400000E+01 10 458 3 0 2 5
 8.800000E+01 16 457 4 3 2 7
 9.200000E+01 21 455 9 3 2 7
 9.600000E+01 18 451 5 3 3 7
 1.000000E+02 21 449 7 3 3 8
 1.040000E+02 24 447 5 5 4 10
 1.080000E+02 31 440 12 2 5 12
 1.120000E+02 25 440 7 0 5 13
 1.160000E+02 28 439 7 2 5 14
 1.200000E+02 31 438 9 1 6 15
 1.240000E+02 26 438 5 0 6 15
 1.280000E+02 26 438 2 2 6 16
 1.320000E+02 27 438 4 0 7 16
 1.360000E+02 27 438 4 0 7 16
 1.400000E+02 31 438 7 0 8 16
 1.440000E+02 31 437 7 0 8 16
 1.480000E+02 37 435 10 2 8 17
 1.520000E+02 34 435 5 0 9 20
 1.560000E+02 36 435 6 0 9 21
 1.600000E+02 36 435 3 2 9 22
 1.640000E+02 37 434 3 2 9 23
 1.680000E+02 39 434 3 2 10 24
 1.720000E+02 45 433 9 2 10 24
 1.760000E+02 40 430 2 4 10 24
 1.800000E+02 41 428 5 1 11 24
 1.840000E+02 41 428 5 1 11 24
 1.880000E+02 38 427 2 0 11 25
 1.920000E+02 39 427 3 0 11 25
 1.960000E+02 39 426 3 0 11 25
 2.000000E+02 39 426 3 0 11 25

#Simulation ended (eff.: 0.755396, detail below)
	#Events: 1470
	#Valid embedding but no longer unary when required: 0.000000
	#Valid embedding but not binary when required: 0.000000
	#Clashing instance: 0.000000
	#Lazy negative update: 1.000000
	#Lazy negative update of non local instances: 0.000000
	#Perturbation interrupting time advance: 0.000000
