# time 'Cases' 'Susceptible' 'Exposed' 'Infected' 'Removed' 'Deads'
 0.000000E+00 0 700 0 0 0 0
 4.000000E+00 0 700 0 0 0 0
 8.000000E+00 1 700 1 0 0 0
 1.200000E+01 0 700 0 0 0 0
 1.600000E+01 6 700 6 0 0 0
 2.000000E+01 1 699 0 1 0 0
 2.400000E+01 5 698 3 1 0 1
 2.800000E+01 7 692 4 2 0 1
 3.200000E+01 9 689 4 3 0 2
 3.600000E+01 6 687 2 1 0 3
 4.000000E+01 10 685 4 1 1 4
 4.400000E+01 11 685 4 1 1 5
 4.800000E+01 13 685 4 2 1 6
 5.200000E+01 16 683 7 1 1 7
 5.600000E+01 19 682 7 2 1 9
 6.000000E+01 23 677 6 3 2 12
 6.400000E+01 24 676 7 1 4 12
 6.800000E+01 23 676 6 0 4 13
 7.200000E+01 26 676 8 1 4 13
 7.600000E+01 24 676 7 0 4 13
 8.000000E+01 30 676 12 0 4 14
 8.400000E+01 36 675 13 3 5 15
 8.800000E+01 39 673 12 4 5 18
 9.200000E+01 43 671 13 4 5 21
 9.600000E+01 38 669 7 4 5 22
 1.000000E+02 41 665 9 2 5 25
 1.040000E+02 41 665 9 2 5 25
 1.080000E+02 46 663 12 3 5 26
 1.120000E+02 51 663 15 4 5 27
 1.160000E+02 43 662 7 2 6 28
 1.200000E+02 48 662 8 3 7 30
 1.240000E+02 48 659 7 2 7 32
 1.280000E+02 55 659 11 3 8 33
 1.320000E+02 55 659 9 5 8 33
 1.360000E+02 57 658 11 2 9 35
 1.400000E+02 63 656 14 4 9 36
 1.440000E+02 67 652 15 3 12 37
 1.480000E+02 69 649 15 4 12 38
 1.520000E+02 73 647 18 2 12 41
 1.560000E+02 71 643 11 6 12 42
 1.600000E+02 70 641 9 3 12 46
 1.640000E+02 78 640 13 5 13 47
 1.680000E+02 75 638 9 3 14 49
 1.720000E+02 80 634 8 5 14 53
 1.760000E+02 81 631 5 5 15 56
 1.800000E+02 84 630 9 2 15 58
 1.840000E+02 89 627 15 1 15 58
 1.880000E+02 80 627 5 2 15 58
 1.920000E+02 82 627 6 1 15 60
 1.960000E+02 85 625 5 3 16 61
 2.000000E+02 82 623 2 2 16 62

#Simulation ended (eff.: 0.739097, detail below)
	#Events: 2847
	#Valid embedding but no longer unary when required: 0.000000
	#Valid embedding but not binary when required: 0.000000
	#Clashing instance: 0.000000
	#Lazy negative update: 1.000000
	#Lazy negative update of non local instances: 0.000000
	#Perturbation interrupting time advance: 0.000000
