# time 'Cases' 'Susceptible' 'Exposed' 'Infected' 'Removed' 'Deads'
 0.000000E+00 0 700 0 0 0 0
 4.000000E+00 1 700 1 0 0 0
 8.000000E+00 0 700 0 0 0 0
 1.200000E+01 0 700 0 0 0 0
 1.600000E+01 3 700 3 0 0 0
 2.000000E+01 2 700 2 0 0 0
 2.400000E+01 3 700 2 1 0 0
 2.800000E+01 0 700 0 0 0 0
 3.200000E+01 3 699 2 0 0 1
 3.600000E+01 3 698 2 0 0 1
 4.000000E+01 8 698 6 0 0 2
 4.400000E+01 4 698 2 0 0 2
 4.800000E+01 6 698 3 0 0 3
 5.200000E+01 7 697 3 1 0 3
 5.600000E+01 8 694 4 0 0 4
 6.000000E+01 10 693 4 2 0 4
 6.400000E+01 11 693 5 2 0 4
 6.800000E+01 14 693 7 3 0 4
 7.200000E+01 12 689 5 1 1 5
 7.600000E+01 13 688 5 1 1 6
 8.000000E+01 16 688 8 1 1 6
 8.400000E+01 17 686 8 2 1 6
 8.800000E+01 17 685 8 2 1 6
 9.200000E+01 18 683 4 6 1 7
 9.600000E+01 24 679 8 5 1 10
 1.000000E+02 21 675 7 2 2 10
 1.040000E+02 24 672 11 1 2 10
 1.080000E+02 23 672 8 2 2 11
 1.120000E+02 22 670 7 0 3 12
 1.160000E+02 23 670 7 1 3 12
 1.200000E+02 28 668 9 3 3 13
 1.240000E+02 28 665 7 3 3 15
 1.280000E+02 35 664 7 5 5 18
 1.320000E+02 34 663 6 4 5 19
 1.360000E+02 34 660 6 3 5 20
 1.400000E+02 37 658 7 3 5 22
 1.440000E+02 37 654 6 3 5 23
 1.480000E+02 43 652 9 3 5 26
 1.520000E+02 41 651 6 4 5 26
 1.560000E+02 43 650 7 3 6 27
 1.600000E+02 43 650 6 2 7 28
 1.640000E+02 42 649 4 1 7 30
 1.680000E+02 42 649 4 1 7 30
 1.720000E+02 44 648 4 2 7 31
 1.760000E+02 47 647 4 5 7 31
 1.800000E+02 47 645 1 1 9 36
 1.840000E+02 47 643 1 1 9 36
 1.880000E+02 50 642 4 0 9 37
 1.920000E+02 51 642 3 1 9 38
 1.960000E+02 52 642 2 3 9 38
 2.000000E+02 52 642 1 2 9 40

#Simulation ended (eff.: 0.721288, detail below)
	#Events: 2016
	#Valid embedding but no longer unary when required: 0.000000
	#Valid embedding but not binary when required: 0.000000
	#Clashing instance: 0.000000
	#Lazy negative update: 1.000000
	#Lazy negative update of non local instances: 0.000000
	#Perturbation interrupting time advance: 0.000000
