# time 'Cases' 'Susceptible' 'Exposed' 'Infected' 'Removed' 'Deads'
 0.000000E+00 10 10000 0 10 0 0
 4.000000E+00 13 9989 5 2 4 2
 8.000000E+00 15 9989 7 1 4 3
 1.200000E+01 15 9986 5 1 4 5
 1.600000E+01 22 9984 11 2 4 5
 2.000000E+01 26 9982 10 5 4 7
 2.400000E+01 32 9971 13 5 4 10
 2.800000E+01 39 9962 17 3 5 14
 3.200000E+01 38 9957 10 7 6 15
 3.600000E+01 50 9950 19 8 6 17
 4.000000E+01 52 9946 18 6 7 21
 4.400000E+01 61 9940 21 9 7 24
 4.800000E+01 66 9928 24 8 8 26
 5.200000E+01 70 9922 22 10 8 30
 5.600000E+01 76 9919 25 7 11 33
 6.000000E+01 83 9911 28 7 11 37
 6.400000E+01 92 9898 32 9 11 40
 6.800000E+01 99 9891 34 8 12 45
 7.200000E+01 102 9885 29 12 12 49
 7.600000E+01 113 9870 33 11 16 53
 8.000000E+01 125 9861 35 16 17 57
 8.400000E+01 133 9850 34 13 21 65
 8.800000E+01 146 9841 38 13 23 72
 9.200000E+01 164 9822 42 18 28 76
 9.600000E+01 160 9812 33 14 31 82
 1.000000E+02 173 9801 36 16 34 87
 1.040000E+02 190 9786 49 9 36 96
 1.080000E+02 200 9779 41 18 38 103
 1.120000E+02 207 9764 35 21 42 109
 1.160000E+02 229 9750 47 15 46 121
 1.200000E+02 241 9739 47 18 47 129
 1.240000E+02 253 9729 44 21 49 139
 1.280000E+02 254 9719 34 18 53 149
 1.320000E+02 281 9700 47 17 57 160
 1.360000E+02 291 9685 47 15 57 172
 1.400000E+02 297 9669 42 17 59 179
 1.440000E+02 303 9659 38 16 63 186
 1.480000E+02 325 9646 42 22 69 192
 1.520000E+02 341 9629 47 19 74 201
 1.560000E+02 350 9622 49 16 77 208
 1.600000E+02 355 9614 35 22 78 220
 1.640000E+02 373 9598 42 24 83 224
 1.680000E+02 403 9585 47 30 87 239
 1.720000E+02 406 9570 39 18 95 254
 1.760000E+02 425 9560 39 25 98 263
 1.800000E+02 434 9547 36 19 106 273
 1.840000E+02 439 9540 28 25 108 278
 1.880000E+02 455 9535 34 25 111 285
 1.920000E+02 459 9525 31 18 114 296
 1.960000E+02 467 9517 36 12 118 301
 2.000000E+02 469 9514 25 14 122 308

#Simulation ended (eff.: 0.937289, detail below)
	#Events: 15305
	#Valid embedding but no longer unary when required: 0.000000
	#Valid embedding but not binary when required: 0.000000
	#Clashing instance: 0.000000
	#Lazy negative update: 1.000000
	#Lazy negative update of non local instances: 0.000000
	#Perturbation interrupting time advance: 0.000000
