# time 'Cases' 'Susceptible' 'Exposed' 'Infected' 'Removed' 'Deads'
 0.000000E+00 0 4700 0 0 0 0
 4.000000E+00 1 4700 1 0 0 0
 8.000000E+00 2 4700 0 1 0 1
 1.200000E+01 2 4699 0 0 1 1
 1.600000E+01 3 4699 1 0 1 1
 2.000000E+01 5 4699 3 0 1 1
 2.400000E+01 4 4699 2 0 1 1
 2.800000E+01 4 4699 2 0 1 1
 3.200000E+01 4 4699 1 0 1 2
 3.600000E+01 6 4698 2 0 2 2
 4.000000E+01 7 4698 3 0 2 2
 4.400000E+01 7 4698 2 1 2 2
 4.800000E+01 9 4698 4 0 3 2
 5.200000E+01 13 4697 5 3 3 2
 5.600000E+01 12 4696 3 1 5 3
 6.000000E+01 19 4694 8 2 5 4
 6.400000E+01 15 4692 3 3 5 4
 6.800000E+01 16 4691 4 1 6 5
 7.200000E+01 16 4690 3 2 6 5
 7.600000E+01 19 4689 5 2 6 6
 8.000000E+01 19 4689 5 1 6 7
 8.400000E+01 16 4689 2 1 6 7
 8.800000E+01 17 4689 3 0 6 8
 9.200000E+01 14 4688 0 0 6 8
 9.600000E+01 18 4684 1 2 6 9
 1.000000E+02 19 4683 1 1 7 10
 1.040000E+02 22 4681 4 0 7 11
 1.080000E+02 21 4681 2 1 7 11
 1.120000E+02 25 4680 6 1 7 11
 1.160000E+02 21 4679 1 1 8 11
 1.200000E+02 24 4679 5 0 8 11
 1.240000E+02 26 4679 5 2 8 11
 1.280000E+02 23 4677 1 2 8 12
 1.320000E+02 25 4674 2 2 8 13
 1.360000E+02 29 4674 4 2 10 13
 1.400000E+02 31 4672 6 1 11 13
 1.440000E+02 33 4671 7 2 11 13
 1.480000E+02 34 4669 5 3 11 15
 1.520000E+02 35 4669 6 2 11 16
 1.560000E+02 30 4668 2 1 11 16
 1.600000E+02 36 4668 7 2 11 16
 1.640000E+02 40 4667 8 3 12 17
 1.680000E+02 33 4666 0 2 13 18
 1.720000E+02 40 4665 6 3 13 18
 1.760000E+02 38 4665 4 1 13 20
 1.800000E+02 38 4665 4 1 13 20
 1.840000E+02 39 4664 4 1 14 20
 1.880000E+02 40 4664 4 0 14 22
 1.920000E+02 43 4664 5 2 14 22
 1.960000E+02 43 4661 5 1 14 23
 2.000000E+02 42 4661 3 1 15 23

#Simulation ended (eff.: 0.912979, detail below)
	#Events: 4931
	#Valid embedding but no longer unary when required: 0.000000
	#Valid embedding but not binary when required: 0.000000
	#Clashing instance: 0.000000
	#Lazy negative update: 1.000000
	#Lazy negative update of non local instances: 0.000000
	#Perturbation interrupting time advance: 0.000000
