# time 'Cases' 'Susceptible' 'Exposed' 'Infected' 'Removed' 'Deads'
 0.000000E+00 0 1580 0 0 0 0
 4.000000E+00 0 1580 0 0 0 0
 8.000000E+00 3 1580 3 0 0 0
 1.200000E+01 3 1580 3 0 0 0
 1.600000E+01 4 1580 3 1 0 0
 2.000000E+01 3 1578 2 0 0 1
 2.400000E+01 2 1578 1 0 0 1
 2.800000E+01 5 1578 3 1 0 1
 3.200000E+01 4 1578 1 1 0 2
 3.600000E+01 6 1577 1 3 0 2
 4.000000E+01 12 1574 6 3 1 2
 4.400000E+01 14 1569 7 4 1 2
 4.800000E+01 14 1567 8 0 2 4
 5.200000E+01 12 1566 5 1 2 4
 5.600000E+01 16 1562 5 5 2 4
 6.000000E+01 24 1560 12 3 2 7
 6.400000E+01 27 1558 15 1 3 8
 6.800000E+01 20 1558 7 2 3 8
 7.200000E+01 20 1557 7 0 3 10
 7.600000E+01 25 1557 11 1 3 10
 8.000000E+01 27 1557 11 1 5 10
 8.400000E+01 32 1555 11 3 5 13
 8.800000E+01 39 1552 15 6 5 13
 9.200000E+01 43 1545 15 7 6 15
 9.600000E+01 44 1538 13 8 6 17
 1.000000E+02 46 1531 13 7 7 19
 1.040000E+02 60 1528 21 4 10 25
 1.080000E+02 57 1524 12 6 11 28
 1.120000E+02 66 1518 19 5 12 30
 1.160000E+02 74 1515 23 5 13 33
 1.200000E+02 77 1511 21 6 14 36
 1.240000E+02 77 1506 16 8 15 38
 1.280000E+02 84 1501 22 6 16 40
 1.320000E+02 88 1498 19 8 18 43
 1.360000E+02 89 1490 17 6 19 47
 1.400000E+02 94 1487 18 6 21 49
 1.440000E+02 94 1486 16 6 22 50
 1.480000E+02 95 1486 15 6 22 52
 1.520000E+02 94 1480 9 5 23 57
 1.560000E+02 102 1479 14 3 24 61
 1.600000E+02 104 1477 12 7 24 61
 1.640000E+02 99 1473 7 4 25 63
 1.680000E+02 111 1471 13 8 25 65
 1.720000E+02 107 1469 11 2 27 67
 1.760000E+02 107 1469 7 2 29 69
 1.800000E+02 109 1468 7 3 29 70
 1.840000E+02 112 1465 7 5 29 71
 1.880000E+02 113 1463 7 5 29 72
 1.920000E+02 114 1462 7 2 31 74
 1.960000E+02 118 1461 7 3 31 77
 2.000000E+02 118 1460 5 3 33 77

#Simulation ended (eff.: 0.841564, detail below)
	#Events: 3681
	#Valid embedding but no longer unary when required: 0.000000
	#Valid embedding but not binary when required: 0.000000
	#Clashing instance: 0.000000
	#Lazy negative update: 1.000000
	#Lazy negative update of non local instances: 0.000000
	#Perturbation interrupting time advance: 0.000000
