# time 'Cases' 'Susceptible' 'Exposed' 'Infected' 'Removed' 'Deads'
 0.000000E+00 0 7000 0 0 0 0
 4.000000E+00 0 7000 0 0 0 0
 8.000000E+00 5 6999 4 1 0 0
 1.200000E+01 2 6999 2 0 0 0
 1.600000E+01 4 6999 2 2 0 0
 2.000000E+01 7 6999 5 1 0 1
 2.400000E+01 6 6998 2 2 0 2
 2.800000E+01 9 6997 4 2 0 3
 3.200000E+01 9 6993 2 3 1 3
 3.600000E+01 15 6992 7 2 2 4
 4.000000E+01 14 6991 6 1 3 4
 4.400000E+01 11 6991 3 0 3 5
 4.800000E+01 13 6991 2 3 3 5
 5.200000E+01 15 6989 5 2 3 5
 5.600000E+01 14 6987 4 2 3 5
 6.000000E+01 20 6985 7 4 3 6
 6.400000E+01 20 6983 8 0 3 9
 6.800000E+01 27 6983 13 2 3 9
 7.200000E+01 18 6983 3 1 4 10
 7.600000E+01 25 6980 9 1 4 11
 8.000000E+01 27 6979 11 1 4 11
 8.400000E+01 26 6978 7 3 5 11
 8.800000E+01 25 6978 5 2 6 12
 9.200000E+01 33 6978 13 1 6 13
 9.600000E+01 34 6975 11 3 6 14
 1.000000E+02 31 6975 8 1 6 16
 1.040000E+02 25 6974 3 0 6 16
 1.080000E+02 37 6973 8 6 7 16
 1.120000E+02 33 6971 3 4 8 18
 1.160000E+02 46 6964 10 8 9 19
 1.200000E+02 45 6958 13 3 9 20
 1.240000E+02 48 6957 16 2 9 21
 1.280000E+02 46 6956 11 1 10 24
 1.320000E+02 48 6955 11 2 10 25
 1.360000E+02 51 6954 12 3 10 26
 1.400000E+02 48 6953 7 5 10 26
 1.440000E+02 54 6950 10 5 10 29
 1.480000E+02 55 6950 10 3 10 32
 1.520000E+02 60 6948 10 5 10 35
 1.560000E+02 56 6947 7 1 11 37
 1.600000E+02 62 6947 10 3 12 37
 1.640000E+02 62 6946 10 1 12 39
 1.680000E+02 60 6945 5 4 12 39
 1.720000E+02 72 6943 13 4 15 40
 1.760000E+02 67 6943 8 2 15 42
 1.800000E+02 66 6943 7 2 15 42
 1.840000E+02 62 6942 4 1 15 42
 1.880000E+02 64 6942 5 1 15 43
 1.920000E+02 65 6941 5 1 15 44
 1.960000E+02 65 6940 5 1 15 44
 2.000000E+02 63 6940 2 1 16 44

#Simulation ended (eff.: 0.891787, detail below)
	#Events: 8035
	#Valid embedding but no longer unary when required: 0.000000
	#Valid embedding but not binary when required: 0.000000
	#Clashing instance: 0.000000
	#Lazy negative update: 1.000000
	#Lazy negative update of non local instances: 0.000000
	#Perturbation interrupting time advance: 0.000000
