# time 'Cases' 'Susceptible' 'Exposed' 'Infected' 'Removed' 'Deads'
 0.000000E+00 0 700 0 0 0 0
 4.000000E+00 3 700 1 2 0 0
 8.000000E+00 2 698 1 1 0 0
 1.200000E+01 1 698 0 0 1 0
 1.600000E+01 5 698 3 1 1 0
 2.000000E+01 2 698 1 0 1 0
 2.400000E+01 4 696 3 0 1 0
 2.800000E+01 3 696 2 0 1 0
 3.200000E+01 3 696 2 0 1 0
 3.600000E+01 4 696 3 0 1 0
 4.000000E+01 4 696 1 0 2 1
 4.400000E+01 6 695 2 0 2 2
 4.800000E+01 9 695 4 0 2 3
 5.200000E+01 11 694 5 1 2 3
 5.600000E+01 13 691 5 3 2 3
 6.000000E+01 11 690 4 1 3 3
 6.400000E+01 9 689 2 0 4 3
 6.800000E+01 9 687 1 0 4 4
 7.200000E+01 12 686 3 0 4 5
 7.600000E+01 15 686 5 1 4 5
 8.000000E+01 13 685 2 1 4 6
 8.400000E+01 17 684 4 3 4 6
 8.800000E+01 15 683 1 0 5 9
 9.200000E+01 18 681 4 0 5 9
 9.600000E+01 21 681 4 3 5 9
 1.000000E+02 19 681 3 0 5 11
 1.040000E+02 19 680 3 0 5 11
 1.080000E+02 17 680 1 0 5 11
 1.120000E+02 21 680 5 0 5 11
 1.160000E+02 19 680 2 1 5 11
 1.200000E+02 22 679 4 2 5 11
 1.240000E+02 20 679 2 0 5 13
 1.280000E+02 20 679 2 0 5 13
 1.320000E+02 23 679 4 0 6 13
 1.360000E+02 22 679 3 0 6 13
 1.400000E+02 20 679 1 0 6 13
 1.440000E+02 21 679 1 0 7 13
 1.480000E+02 26 678 5 1 7 13
 1.520000E+02 27 677 3 3 7 14
 1.560000E+02 24 677 1 1 8 14
 1.600000E+02 23 677 1 0 8 14
 1.640000E+02 25 677 3 0 8 14
 1.680000E+02 27 677 5 0 8 14
 1.720000E+02 25 677 3 0 8 14
 1.760000E+02 24 677 2 0 8 14
 1.800000E+02 26 677 4 0 8 14
 1.840000E+02 28 676 4 0 8 16
 1.880000E+02 27 676 1 2 8 16
 1.920000E+02 27 676 1 2 8 16
 1.960000E+02 27 676 2 1 8 16
 2.000000E+02 27 676 2 0 8 17

#Simulation ended (eff.: 0.690339, detail below)
	#Events: 1322
	#Valid embedding but no longer unary when required: 0.000000
	#Valid embedding but not binary when required: 0.000000
	#Clashing instance: 0.000000
	#Lazy negative update: 1.000000
	#Lazy negative update of non local instances: 0.000000
	#Perturbation interrupting time advance: 0.000000
