# time 'Cases' 'Susceptible' 'Exposed' 'Infected' 'Removed' 'Deads'
 0.000000E+00 10 10000 0 10 0 0
 4.000000E+00 9 9997 2 3 2 2
 8.000000E+00 14 9994 6 3 2 3
 1.200000E+01 13 9993 5 0 2 6
 1.600000E+01 14 9989 4 1 2 7
 2.000000E+01 19 9985 7 3 2 7
 2.400000E+01 16 9985 4 2 2 8
 2.800000E+01 25 9982 12 3 2 8
 3.200000E+01 20 9982 6 1 4 9
 3.600000E+01 23 9982 8 1 4 10
 4.000000E+01 29 9979 12 2 4 11
 4.400000E+01 30 9974 12 3 4 11
 4.800000E+01 36 9970 15 2 5 14
 5.200000E+01 40 9967 17 2 6 15
 5.600000E+01 38 9965 10 7 6 15
 6.000000E+01 42 9961 10 7 7 18
 6.400000E+01 56 9957 15 8 8 25
 6.800000E+01 63 9952 18 3 13 29
 7.200000E+01 61 9949 14 4 14 29
 7.600000E+01 60 9947 11 3 15 31
 8.000000E+01 65 9946 12 4 15 34
 8.400000E+01 67 9939 10 6 16 35
 8.800000E+01 78 9933 17 6 16 39
 9.200000E+01 79 9927 12 9 17 41
 9.600000E+01 81 9921 12 5 18 46
 1.000000E+02 91 9913 16 7 21 47
 1.040000E+02 96 9902 18 7 21 50
 1.080000E+02 102 9894 22 7 22 51
 1.120000E+02 101 9890 17 6 24 54
 1.160000E+02 101 9889 9 10 27 55
 1.200000E+02 107 9884 11 6 31 59
 1.240000E+02 113 9882 11 7 33 62
 1.280000E+02 112 9881 7 4 35 66
 1.320000E+02 123 9876 14 5 37 67
 1.360000E+02 126 9871 16 2 39 69
 1.400000E+02 126 9869 14 3 39 70
 1.440000E+02 125 9869 12 3 39 71
 1.480000E+02 127 9866 9 3 39 76
 1.520000E+02 134 9864 12 4 40 78
 1.560000E+02 138 9862 12 4 41 81
 1.600000E+02 136 9860 9 3 43 81
 1.640000E+02 138 9859 7 4 45 82
 1.680000E+02 141 9855 6 5 46 84
 1.720000E+02 143 9852 6 3 48 86
 1.760000E+02 145 9851 7 3 48 87
 1.800000E+02 152 9848 12 3 48 89
 1.840000E+02 152 9846 11 3 49 89
 1.880000E+02 156 9845 10 5 51 90
 1.920000E+02 159 9843 10 4 52 93
 1.960000E+02 157 9842 7 3 53 94
 2.000000E+02 157 9841 4 4 53 96

#Simulation ended (eff.: 0.951059, detail below)
	#Events: 10960
	#Valid embedding but no longer unary when required: 0.000000
	#Valid embedding but not binary when required: 0.000000
	#Clashing instance: 0.000000
	#Lazy negative update: 1.000000
	#Lazy negative update of non local instances: 0.000000
	#Perturbation interrupting time advance: 0.000000
