# time 'Cases' 'Susceptible' 'Exposed' 'Infected' 'Removed' 'Deads'
 0.000000E+00 10 100000 0 10 0 0
 4.000000E+00 13 99990 4 3 1 5
 8.000000E+00 19 99983 11 1 1 6
 1.200000E+01 19 99982 8 3 1 7
 1.600000E+01 25 99976 13 3 2 7
 2.000000E+01 22 99974 9 2 3 8
 2.400000E+01 28 99973 10 4 4 10
 2.800000E+01 30 99968 10 1 4 15
 3.200000E+01 34 99967 8 6 4 16
 3.600000E+01 38 99956 11 5 4 18
 4.000000E+01 43 99955 13 5 4 21
 4.400000E+01 50 99949 17 6 5 22
 4.800000E+01 47 99944 13 4 5 25
 5.200000E+01 49 99941 14 4 5 26
 5.600000E+01 62 99934 21 7 5 29
 6.000000E+01 67 99929 21 9 6 31
 6.400000E+01 83 99919 33 7 9 34
 6.800000E+01 88 99916 33 10 9 36
 7.200000E+01 91 99904 28 10 12 41
 7.600000E+01 99 99900 33 8 15 43
 8.000000E+01 104 99894 29 12 15 48
 8.400000E+01 121 99886 35 16 19 51
 8.800000E+01 127 99875 33 13 23 58
 9.200000E+01 145 99867 38 19 25 63
 9.600000E+01 158 99851 40 22 27 69
 1.000000E+02 166 99838 39 15 32 80
 1.040000E+02 182 99826 44 13 39 86
 1.080000E+02 192 99811 36 18 40 98
 1.120000E+02 203 99801 39 17 43 104
 1.160000E+02 214 99793 41 15 46 112
 1.200000E+02 229 99778 40 19 48 122
 1.240000E+02 239 99766 42 21 51 125
 1.280000E+02 238 99759 29 19 53 137
 1.320000E+02 251 99747 36 17 54 144
 1.360000E+02 258 99741 42 9 56 151
 1.400000E+02 269 99734 35 14 60 160
 1.440000E+02 278 99724 32 14 65 167
 1.480000E+02 290 99712 32 12 70 176
 1.520000E+02 303 99703 35 14 72 182
 1.560000E+02 309 99696 30 10 77 192
 1.600000E+02 314 99689 24 10 79 201
 1.640000E+02 327 99677 24 12 81 210
 1.680000E+02 345 99668 33 12 83 217
 1.720000E+02 348 99662 27 14 84 223
 1.760000E+02 354 99653 25 15 84 230
 1.800000E+02 363 99649 25 11 84 243
 1.840000E+02 371 99642 21 15 87 248
 1.880000E+02 379 99634 24 12 87 256
 1.920000E+02 384 99628 21 15 88 260
 1.960000E+02 397 99622 26 14 96 261
 2.000000E+02 392 99619 15 13 99 265

#Simulation ended (eff.: 0.988140, detail below)
	#Events: 91985
	#Valid embedding but no longer unary when required: 0.000000
	#Valid embedding but not binary when required: 0.000000
	#Clashing instance: 0.000000
	#Lazy negative update: 1.000000
	#Lazy negative update of non local instances: 0.000000
	#Perturbation interrupting time advance: 0.000000
