# time 'Cases' 'Susceptible' 'Exposed' 'Infected' 'Removed' 'Deads'
 0.000000E+00 10 10000 0 10 0 0
 4.000000E+00 14 9992 5 5 1 3
 8.000000E+00 14 9986 5 2 3 4
 1.200000E+01 20 9984 9 4 3 4
 1.600000E+01 25 9977 12 5 3 5
 2.000000E+01 29 9968 16 3 3 7
 2.400000E+01 33 9963 16 5 4 8
 2.800000E+01 42 9956 21 5 4 12
 3.200000E+01 52 9945 24 6 4 18
 3.600000E+01 53 9936 22 5 5 21
 4.000000E+01 60 9930 24 7 8 21
 4.400000E+01 72 9924 32 5 12 23
 4.800000E+01 74 9918 25 9 13 27
 5.200000E+01 79 9913 24 5 15 35
 5.600000E+01 84 9908 19 9 17 39
 6.000000E+01 99 9896 30 10 17 42
 6.400000E+01 105 9890 32 10 17 46
 6.800000E+01 116 9885 30 15 19 52
 7.200000E+01 134 9865 38 16 20 60
 7.600000E+01 149 9855 43 20 20 66
 8.000000E+01 170 9837 57 17 21 75
 8.400000E+01 169 9820 42 18 27 82
 8.800000E+01 192 9802 56 16 30 90
 9.200000E+01 211 9795 56 25 30 100
 9.600000E+01 231 9774 59 21 36 115
 1.000000E+02 249 9754 61 22 42 124
 1.040000E+02 259 9733 54 25 44 136
 1.080000E+02 287 9710 65 26 49 147
 1.120000E+02 311 9682 72 27 55 157
 1.160000E+02 327 9665 73 22 60 172
 1.200000E+02 343 9649 56 35 64 188
 1.240000E+02 379 9623 71 29 75 204
 1.280000E+02 395 9602 54 39 84 218
 1.320000E+02 407 9577 59 28 89 231
 1.360000E+02 428 9563 68 21 97 242
 1.400000E+02 450 9543 71 28 101 250
 1.440000E+02 446 9528 56 21 108 261
 1.480000E+02 477 9513 66 27 112 272
 1.520000E+02 489 9494 58 31 117 283
 1.560000E+02 513 9476 61 34 121 297
 1.600000E+02 532 9452 57 40 127 308
 1.640000E+02 546 9439 55 28 133 330
 1.680000E+02 559 9424 54 21 140 344
 1.720000E+02 563 9413 45 22 145 351
 1.760000E+02 569 9402 35 24 151 359
 1.800000E+02 585 9385 39 21 160 365
 1.840000E+02 595 9375 38 15 166 376
 1.880000E+02 597 9368 33 12 167 385
 1.920000E+02 607 9363 30 15 169 393
 1.960000E+02 609 9353 20 17 174 398
 2.000000E+02 617 9348 20 14 177 406

#Simulation ended (eff.: 0.935858, detail below)
	#Events: 17815
	#Valid embedding but no longer unary when required: 0.000000
	#Valid embedding but not binary when required: 0.000000
	#Clashing instance: 0.000000
	#Lazy negative update: 1.000000
	#Lazy negative update of non local instances: 0.000000
	#Perturbation interrupting time advance: 0.000000
