# time 'Cases' 'Susceptible' 'Exposed' 'Infected' 'Removed' 'Deads'
 0.000000E+00 0 7000 0 0 0 0
 4.000000E+00 1 7000 0 1 0 0
 8.000000E+00 2 6999 1 0 0 1
 1.200000E+01 1 6999 0 0 0 1
 1.600000E+01 2 6999 1 0 0 1
 2.000000E+01 4 6999 2 1 0 1
 2.400000E+01 4 6998 2 1 0 1
 2.800000E+01 6 6997 5 0 0 1
 3.200000E+01 2 6997 1 0 0 1
 3.600000E+01 4 6997 3 0 0 1
 4.000000E+01 8 6997 6 1 0 1
 4.400000E+01 4 6996 2 0 0 2
 4.800000E+01 8 6996 6 0 0 2
 5.200000E+01 10 6994 6 2 0 2
 5.600000E+01 9 6993 4 3 0 2
 6.000000E+01 10 6990 6 0 0 4
 6.400000E+01 12 6990 6 2 0 4
 6.800000E+01 8 6990 4 0 0 4
 7.200000E+01 9 6990 4 1 0 4
 7.600000E+01 10 6990 4 1 0 5
 8.000000E+01 14 6988 7 1 0 6
 8.400000E+01 16 6987 8 1 0 7
 8.800000E+01 17 6986 7 2 0 8
 9.200000E+01 17 6986 7 2 0 8
 9.600000E+01 20 6986 8 2 2 8
 1.000000E+02 23 6981 8 3 2 10
 1.040000E+02 26 6978 7 5 3 11
 1.080000E+02 27 6976 5 5 4 13
 1.120000E+02 27 6972 8 0 4 15
 1.160000E+02 31 6972 10 2 4 15
 1.200000E+02 29 6969 5 2 4 18
 1.240000E+02 35 6968 9 3 4 19
 1.280000E+02 34 6966 7 3 4 20
 1.320000E+02 30 6966 6 0 4 20
 1.360000E+02 32 6965 6 0 6 20
 1.400000E+02 36 6965 6 4 6 20
 1.440000E+02 36 6965 3 2 7 24
 1.480000E+02 36 6965 3 1 8 24
 1.520000E+02 38 6965 4 1 8 25
 1.560000E+02 39 6964 5 1 8 25
 1.600000E+02 40 6964 5 1 8 26
 1.640000E+02 41 6963 5 2 8 26
 1.680000E+02 49 6962 9 3 8 29
 1.720000E+02 44 6957 2 3 9 30
 1.760000E+02 45 6956 2 2 9 32
 1.800000E+02 45 6954 2 2 9 32
 1.840000E+02 43 6953 1 0 9 33
 1.880000E+02 46 6953 3 1 9 33
 1.920000E+02 49 6953 5 1 10 33
 1.960000E+02 49 6953 5 1 10 33
 2.000000E+02 48 6952 2 2 10 34

#Simulation ended (eff.: 0.899756, detail below)
	#Events: 7387
	#Valid embedding but no longer unary when required: 0.000000
	#Valid embedding but not binary when required: 0.000000
	#Clashing instance: 0.000000
	#Lazy negative update: 1.000000
	#Lazy negative update of non local instances: 0.000000
	#Perturbation interrupting time advance: 0.000000
