# time 'Cases' 'Susceptible' 'Exposed' 'Infected' 'Removed' 'Deads'
 0.000000E+00 10 100000 0 10 0 0
 4.000000E+00 14 99994 4 5 1 4
 8.000000E+00 15 99988 5 4 1 5
 1.200000E+01 15 99986 6 1 2 6
 1.600000E+01 21 99982 11 0 2 8
 2.000000E+01 22 99980 9 1 2 10
 2.400000E+01 20 99977 7 0 2 11
 2.800000E+01 24 99975 8 3 2 11
 3.200000E+01 28 99972 10 3 2 13
 3.600000E+01 27 99971 7 3 4 13
 4.000000E+01 31 99968 9 2 5 15
 4.400000E+01 29 99968 6 3 5 15
 4.800000E+01 30 99967 6 4 5 15
 5.200000E+01 37 99963 8 6 6 17
 5.600000E+01 41 99957 9 7 7 18
 6.000000E+01 47 99949 14 3 10 20
 6.400000E+01 47 99948 13 1 11 22
 6.800000E+01 48 99946 11 4 11 22
 7.200000E+01 51 99941 13 2 12 24
 7.600000E+01 58 99936 18 2 12 26
 8.000000E+01 61 99932 15 3 16 27
 8.400000E+01 65 99927 11 6 17 31
 8.800000E+01 72 99924 14 6 18 34
 9.200000E+01 73 99921 13 5 19 36
 9.600000E+01 79 99912 16 6 20 37
 1.000000E+02 85 99907 16 11 21 37
 1.040000E+02 83 99901 15 3 24 41
 1.080000E+02 93 99898 19 8 24 42
 1.120000E+02 89 99898 15 6 24 44
 1.160000E+02 98 99890 19 7 24 48
 1.200000E+02 97 99888 13 10 25 49
 1.240000E+02 103 99883 12 9 27 55
 1.280000E+02 111 99876 18 9 28 56
 1.320000E+02 123 99870 24 9 29 61
 1.360000E+02 132 99862 26 12 33 61
 1.400000E+02 139 99859 26 11 36 66
 1.440000E+02 136 99852 22 7 37 70
 1.480000E+02 154 99845 28 14 38 74
 1.520000E+02 154 99839 22 9 41 82
 1.560000E+02 170 99831 26 15 42 87
 1.600000E+02 173 99824 20 12 45 96
 1.640000E+02 184 99816 25 11 45 103
 1.680000E+02 190 99806 25 10 47 108
 1.720000E+02 194 99796 22 11 48 113
 1.760000E+02 194 99793 20 6 50 118
 1.800000E+02 203 99789 23 8 53 119
 1.840000E+02 212 99783 26 10 53 123
 1.880000E+02 216 99779 21 11 57 127
 1.920000E+02 217 99775 14 10 59 134
 1.960000E+02 231 99771 19 14 60 138
 2.000000E+02 233 99761 14 13 62 144

#Simulation ended (eff.: 0.990205, detail below)
	#Events: 89969
	#Valid embedding but no longer unary when required: 0.000000
	#Valid embedding but not binary when required: 0.000000
	#Clashing instance: 0.000000
	#Lazy negative update: 1.000000
	#Lazy negative update of non local instances: 0.000000
	#Perturbation interrupting time advance: 0.000000
