# time 'Cases' 'Susceptible' 'Exposed' 'Infected' 'Removed' 'Deads'
 0.000000E+00 0 7000 0 0 0 0
 4.000000E+00 1 7000 0 1 0 0
 8.000000E+00 4 6998 3 0 0 1
 1.200000E+01 1 6998 0 0 0 1
 1.600000E+01 4 6998 3 0 0 1
 2.000000E+01 3 6997 1 1 0 1
 2.400000E+01 3 6997 1 1 0 1
 2.800000E+01 3 6996 0 1 1 1
 3.200000E+01 3 6996 1 0 1 1
 3.600000E+01 5 6996 3 0 1 1
 4.000000E+01 3 6996 1 0 1 1
 4.400000E+01 6 6996 3 1 1 1
 4.800000E+01 5 6996 2 0 1 2
 5.200000E+01 8 6994 4 0 2 2
 5.600000E+01 7 6993 3 0 2 2
 6.000000E+01 10 6991 4 1 2 3
 6.400000E+01 9 6991 3 0 2 4
 6.800000E+01 12 6991 3 0 3 6
 7.200000E+01 20 6989 9 2 3 6
 7.600000E+01 18 6988 7 1 4 6
 8.000000E+01 15 6986 4 1 4 6
 8.400000E+01 20 6982 8 2 4 6
 8.800000E+01 14 6981 2 1 5 6
 9.200000E+01 18 6981 5 1 5 7
 9.600000E+01 21 6980 7 1 5 8
 1.000000E+02 15 6980 1 1 5 8
 1.040000E+02 18 6980 4 0 5 9
 1.080000E+02 19 6980 3 0 5 11
 1.120000E+02 23 6980 6 1 5 11
 1.160000E+02 24 6979 5 2 5 12
 1.200000E+02 23 6977 3 1 5 14
 1.240000E+02 29 6977 7 3 5 14
 1.280000E+02 32 6977 8 2 6 16
 1.320000E+02 26 6976 2 1 7 16
 1.360000E+02 31 6975 6 1 7 17
 1.400000E+02 30 6973 5 1 7 17
 1.440000E+02 32 6972 6 0 8 18
 1.480000E+02 35 6972 7 2 8 18
 1.520000E+02 34 6971 6 1 8 19
 1.560000E+02 36 6969 4 2 9 21
 1.600000E+02 37 6969 3 2 11 21
 1.640000E+02 38 6969 4 0 11 23
 1.680000E+02 37 6968 2 1 11 23
 1.720000E+02 41 6968 6 1 11 23
 1.760000E+02 38 6967 2 1 11 24
 1.800000E+02 39 6967 3 0 12 24
 1.840000E+02 41 6966 2 2 12 25
 1.880000E+02 43 6965 3 1 12 27
 1.920000E+02 41 6965 1 0 13 27
 1.960000E+02 43 6965 2 1 13 27
 2.000000E+02 43 6965 2 1 13 27

#Simulation ended (eff.: 0.910760, detail below)
	#Events: 7093
	#Valid embedding but no longer unary when required: 0.000000
	#Valid embedding but not binary when required: 0.000000
	#Clashing instance: 0.000000
	#Lazy negative update: 1.000000
	#Lazy negative update of non local instances: 0.000000
	#Perturbation interrupting time advance: 0.000000
