# time 'Cases' 'Susceptible' 'Exposed' 'Infected' 'Removed' 'Deads'
 0.000000E+00 0 4700 0 0 0 0
 4.000000E+00 0 4700 0 0 0 0
 8.000000E+00 3 4700 3 0 0 0
 1.200000E+01 2 4700 1 0 0 1
 1.600000E+01 3 4700 1 1 0 1
 2.000000E+01 3 4700 1 0 0 2
 2.400000E+01 5 4700 3 0 0 2
 2.800000E+01 4 4700 1 1 0 2
 3.200000E+01 8 4698 3 3 0 2
 3.600000E+01 5 4697 1 1 0 3
 4.000000E+01 7 4697 2 1 0 4
 4.400000E+01 7 4696 1 1 0 5
 4.800000E+01 10 4694 3 0 1 6
 5.200000E+01 9 4694 1 1 1 6
 5.600000E+01 13 4694 4 1 1 7
 6.000000E+01 11 4691 1 2 1 7
 6.400000E+01 12 4690 3 0 1 8
 6.800000E+01 10 4690 1 0 1 8
 7.200000E+01 12 4690 2 1 1 8
 7.600000E+01 11 4690 2 0 1 8
 8.000000E+01 11 4690 2 0 1 8
 8.400000E+01 13 4690 4 0 1 8
 8.800000E+01 14 4689 4 0 1 9
 9.200000E+01 13 4689 1 0 1 11
 9.600000E+01 15 4688 2 1 1 11
 1.000000E+02 15 4688 2 0 1 12
 1.040000E+02 17 4688 3 1 1 12
 1.080000E+02 17 4688 1 1 1 14
 1.120000E+02 20 4687 2 2 1 15
 1.160000E+02 23 4685 4 1 2 16
 1.200000E+02 24 4685 6 0 2 16
 1.240000E+02 19 4685 0 1 2 16
 1.280000E+02 22 4685 4 0 2 16
 1.320000E+02 19 4685 1 0 2 16
 1.360000E+02 21 4685 1 2 2 16
 1.400000E+02 25 4683 5 2 2 16
 1.440000E+02 22 4683 2 0 4 16
 1.480000E+02 25 4683 4 1 4 16
 1.520000E+02 27 4683 7 0 4 16
 1.560000E+02 25 4680 3 2 4 16
 1.600000E+02 25 4677 4 1 4 16
 1.640000E+02 24 4676 2 2 4 16
 1.680000E+02 23 4675 1 1 5 16
 1.720000E+02 28 4675 4 2 5 17
 1.760000E+02 27 4675 3 0 7 17
 1.800000E+02 26 4675 2 0 7 17
 1.840000E+02 26 4675 2 0 7 17
 1.880000E+02 24 4675 0 0 7 17
 1.920000E+02 25 4674 1 0 7 17
 1.960000E+02 28 4672 3 1 7 17
 2.000000E+02 27 4672 1 0 8 18

#Simulation ended (eff.: 0.921271, detail below)
	#Events: 4669
	#Valid embedding but no longer unary when required: 0.000000
	#Valid embedding but not binary when required: 0.000000
	#Clashing instance: 0.000000
	#Lazy negative update: 1.000000
	#Lazy negative update of non local instances: 0.000000
	#Perturbation interrupting time advance: 0.000000
