# time 'Cases' 'Susceptible' 'Exposed' 'Infected' 'Removed' 'Deads'
 0.000000E+00 0 7000 0 0 0 0
 4.000000E+00 3 7000 3 0 0 0
 8.000000E+00 2 7000 1 0 0 1
 1.200000E+01 2 7000 1 0 0 1
 1.600000E+01 2 7000 1 0 0 1
 2.000000E+01 4 6999 2 1 0 1
 2.400000E+01 3 6999 2 0 0 1
 2.800000E+01 4 6999 2 1 0 1
 3.200000E+01 4 6999 2 1 0 1
 3.600000E+01 6 6998 4 1 0 1
 4.000000E+01 8 6997 6 0 0 2
 4.400000E+01 10 6994 7 1 0 2
 4.800000E+01 7 6993 3 1 0 3
 5.200000E+01 12 6991 6 3 0 3
 5.600000E+01 14 6990 7 1 0 6
 6.000000E+01 13 6986 6 0 1 6
 6.400000E+01 12 6986 4 1 1 6
 6.800000E+01 23 6985 12 3 1 7
 7.200000E+01 20 6983 10 1 1 8
 7.600000E+01 19 6982 7 2 1 9
 8.000000E+01 20 6980 6 2 2 10
 8.400000E+01 20 6980 6 2 2 10
 8.800000E+01 29 6979 13 2 2 12
 9.200000E+01 32 6974 10 7 2 13
 9.600000E+01 31 6970 12 2 3 14
 1.000000E+02 24 6969 5 1 4 14
 1.040000E+02 34 6969 10 6 4 14
 1.080000E+02 32 6967 8 2 4 18
 1.120000E+02 41 6967 16 2 4 19
 1.160000E+02 39 6966 11 3 4 21
 1.200000E+02 36 6964 7 4 4 21
 1.240000E+02 36 6963 7 3 4 22
 1.280000E+02 42 6962 12 2 5 23
 1.320000E+02 43 6956 10 3 5 25
 1.360000E+02 47 6955 13 0 7 27
 1.400000E+02 43 6954 6 3 7 27
 1.440000E+02 48 6952 10 2 8 28
 1.480000E+02 51 6950 10 4 8 29
 1.520000E+02 46 6949 5 3 8 30
 1.560000E+02 55 6945 9 7 8 31
 1.600000E+02 59 6939 11 7 8 33
 1.640000E+02 62 6937 11 5 10 36
 1.680000E+02 60 6934 8 3 11 38
 1.720000E+02 68 6932 15 4 11 38
 1.760000E+02 70 6931 12 6 13 39
 1.800000E+02 68 6925 7 7 13 41
 1.840000E+02 66 6925 5 3 15 43
 1.880000E+02 74 6923 11 5 15 43
 1.920000E+02 71 6921 10 2 15 44
 1.960000E+02 75 6919 12 2 15 46
 2.000000E+02 74 6919 9 1 16 48

#Simulation ended (eff.: 0.891231, detail below)
	#Events: 8202
	#Valid embedding but no longer unary when required: 0.000000
	#Valid embedding but not binary when required: 0.000000
	#Clashing instance: 0.000000
	#Lazy negative update: 1.000000
	#Lazy negative update of non local instances: 0.000000
	#Perturbation interrupting time advance: 0.000000
