# time 'Cases' 'Susceptible' 'Exposed' 'Infected' 'Removed' 'Deads'
 0.000000E+00 0 4700 0 0 0 0
 4.000000E+00 3 4700 2 0 1 0
 8.000000E+00 3 4700 2 0 1 0
 1.200000E+01 1 4700 0 0 1 0
 1.600000E+01 2 4700 1 0 1 0
 2.000000E+01 2 4700 1 0 1 0
 2.400000E+01 3 4700 2 0 1 0
 2.800000E+01 2 4699 0 1 1 0
 3.200000E+01 4 4699 1 1 1 1
 3.600000E+01 5 4698 2 1 1 1
 4.000000E+01 4 4698 1 0 2 1
 4.400000E+01 7 4695 3 1 2 1
 4.800000E+01 3 4694 0 0 2 1
 5.200000E+01 4 4694 1 0 2 1
 5.600000E+01 8 4694 3 2 2 1
 6.000000E+01 13 4693 6 3 3 1
 6.400000E+01 10 4690 2 4 3 1
 6.800000E+01 14 4686 5 3 4 2
 7.200000E+01 18 4683 9 0 5 4
 7.600000E+01 19 4681 8 2 5 4
 8.000000E+01 20 4676 8 2 5 5
 8.400000E+01 17 4676 4 3 5 5
 8.800000E+01 20 4675 5 3 5 7
 9.200000E+01 22 4673 7 0 6 9
 9.600000E+01 24 4668 7 2 6 9
 1.000000E+02 26 4668 10 1 6 9
 1.040000E+02 27 4667 7 4 7 9
 1.080000E+02 29 4665 8 1 10 10
 1.120000E+02 24 4665 1 1 11 11
 1.160000E+02 28 4665 5 0 11 12
 1.200000E+02 33 4664 7 3 11 12
 1.240000E+02 38 4663 10 4 11 13
 1.280000E+02 33 4661 5 1 12 15
 1.320000E+02 35 4661 7 0 12 16
 1.360000E+02 40 4659 10 2 12 16
 1.400000E+02 37 4659 8 0 12 17
 1.440000E+02 36 4658 6 0 13 17
 1.480000E+02 37 4656 4 2 13 18
 1.520000E+02 40 4656 6 2 13 19
 1.560000E+02 43 4651 5 6 13 19
 1.600000E+02 51 4648 9 6 14 22
 1.640000E+02 50 4643 7 4 14 25
 1.680000E+02 49 4642 6 3 14 26
 1.720000E+02 47 4641 4 1 15 27
 1.760000E+02 52 4639 7 1 15 29
 1.800000E+02 53 4637 5 3 15 30
 1.840000E+02 53 4633 5 0 16 32
 1.880000E+02 59 4632 7 3 16 33
 1.920000E+02 61 4631 6 4 17 34
 1.960000E+02 64 4631 4 7 17 36
 2.000000E+02 61 4630 3 3 17 38

#Simulation ended (eff.: 0.908111, detail below)
	#Events: 5307
	#Valid embedding but no longer unary when required: 0.000000
	#Valid embedding but not binary when required: 0.000000
	#Clashing instance: 0.000000
	#Lazy negative update: 1.000000
	#Lazy negative update of non local instances: 0.000000
	#Perturbation interrupting time advance: 0.000000
