# time 'Cases' 'Susceptible' 'Exposed' 'Infected' 'Removed' 'Deads'
 0.000000E+00 0 4700 0 0 0 0
 4.000000E+00 2 4699 1 1 0 0
 8.000000E+00 3 4698 2 1 0 0
 1.200000E+01 1 4698 0 1 0 0
 1.600000E+01 1 4697 1 0 0 0
 2.000000E+01 5 4697 5 0 0 0
 2.400000E+01 0 4697 0 0 0 0
 2.800000E+01 0 4697 0 0 0 0
 3.200000E+01 0 4697 0 0 0 0
 3.600000E+01 3 4697 3 0 0 0
 4.000000E+01 2 4696 1 1 0 0
 4.400000E+01 1 4695 1 0 0 0
 4.800000E+01 1 4695 0 1 0 0
 5.200000E+01 1 4695 0 1 0 0
 5.600000E+01 5 4695 4 1 0 0
 6.000000E+01 7 4694 4 0 0 3
 6.400000E+01 7 4694 4 0 0 3
 6.800000E+01 3 4694 0 0 0 3
 7.200000E+01 6 4694 2 1 0 3
 7.600000E+01 6 4693 0 2 0 4
 8.000000E+01 8 4690 3 1 0 4
 8.400000E+01 10 4689 3 1 0 6
 8.800000E+01 9 4688 2 0 1 6
 9.200000E+01 11 4688 2 2 1 6
 9.600000E+01 8 4688 0 1 1 6
 1.000000E+02 8 4688 0 1 1 6
 1.040000E+02 10 4688 2 0 1 7
 1.080000E+02 9 4688 1 0 1 7
 1.120000E+02 11 4688 1 2 1 7
 1.160000E+02 14 4688 2 3 1 8
 1.200000E+02 14 4685 3 2 1 8
 1.240000E+02 13 4685 2 0 3 8
 1.280000E+02 11 4685 0 0 3 8
 1.320000E+02 16 4685 3 1 3 9
 1.360000E+02 12 4685 0 0 3 9
 1.400000E+02 15 4685 3 0 3 9
 1.440000E+02 15 4685 2 1 3 9
 1.480000E+02 15 4685 2 1 3 9
 1.520000E+02 15 4685 3 0 3 9
 1.560000E+02 15 4685 2 1 3 9
 1.600000E+02 16 4684 3 0 3 10
 1.640000E+02 14 4684 1 0 3 10
 1.680000E+02 14 4684 0 1 3 10
 1.720000E+02 14 4684 1 0 3 10
 1.760000E+02 15 4684 1 1 3 10
 1.800000E+02 16 4684 3 0 3 10
 1.840000E+02 16 4682 2 1 3 10
 1.880000E+02 15 4682 1 0 3 11
 1.920000E+02 16 4682 2 0 3 11
 1.960000E+02 15 4682 1 0 3 11
 2.000000E+02 18 4682 3 1 3 11

#Simulation ended (eff.: 0.930671, detail below)
	#Events: 4497
	#Valid embedding but no longer unary when required: 0.000000
	#Valid embedding but not binary when required: 0.000000
	#Clashing instance: 0.000000
	#Lazy negative update: 1.000000
	#Lazy negative update of non local instances: 0.000000
	#Perturbation interrupting time advance: 0.000000
