# time 'Cases' 'Susceptible' 'Exposed' 'Infected' 'Removed' 'Deads'
 0.000000E+00 10 100000 0 10 0 0
 4.000000E+00 9 99993 2 4 1 2
 8.000000E+00 13 99989 7 2 1 3
 1.200000E+01 14 99985 8 1 1 4
 1.600000E+01 16 99983 9 1 2 4
 2.000000E+01 25 99980 14 5 2 4
 2.400000E+01 26 99976 11 7 3 5
 2.800000E+01 37 99963 19 4 3 11
 3.200000E+01 47 99956 26 4 4 13
 3.600000E+01 41 99953 16 8 4 13
 4.000000E+01 60 99943 29 10 5 16
 4.400000E+01 62 99939 25 7 9 21
 4.800000E+01 62 99934 22 6 10 24
 5.200000E+01 74 99933 27 8 11 28
 5.600000E+01 82 99926 24 12 13 33
 6.000000E+01 89 99909 24 9 15 41
 6.400000E+01 108 99903 36 13 15 44
 6.800000E+01 119 99893 38 16 17 48
 7.200000E+01 130 99880 36 19 20 55
 7.600000E+01 129 99871 31 13 23 62
 8.000000E+01 151 99857 40 19 26 66
 8.400000E+01 161 99847 39 19 29 74
 8.800000E+01 163 99835 28 18 32 85
 9.200000E+01 185 99820 35 24 34 92
 9.600000E+01 205 99808 50 13 39 103
 1.000000E+02 219 99794 48 20 42 109
 1.040000E+02 233 99783 46 19 49 119
 1.080000E+02 254 99760 55 18 51 130
 1.120000E+02 269 99737 56 18 55 140
 1.160000E+02 277 99727 48 22 58 149
 1.200000E+02 289 99707 44 19 59 167
 1.240000E+02 312 99694 45 26 64 177
 1.280000E+02 329 99685 44 23 72 190
 1.320000E+02 342 99664 42 22 75 203
 1.360000E+02 354 99655 43 15 80 216
 1.400000E+02 378 99636 51 18 80 229
 1.440000E+02 395 99624 56 15 84 240
 1.480000E+02 397 99616 40 17 90 250
 1.520000E+02 422 99599 51 19 92 260
 1.560000E+02 439 99577 49 25 95 270
 1.600000E+02 452 99560 53 28 97 274
 1.640000E+02 456 99552 42 27 101 286
 1.680000E+02 477 99536 46 21 108 302
 1.720000E+02 486 99527 36 26 112 312
 1.760000E+02 499 99515 36 23 114 326
 1.800000E+02 526 99497 48 20 121 337
 1.840000E+02 532 99489 39 25 123 345
 1.880000E+02 540 99472 31 30 126 353
 1.920000E+02 553 99460 35 21 131 366
 1.960000E+02 566 99445 39 16 136 375
 2.000000E+02 570 99439 35 15 138 382

#Simulation ended (eff.: 0.985821, detail below)
	#Events: 94138
	#Valid embedding but no longer unary when required: 0.000000
	#Valid embedding but not binary when required: 0.000000
	#Clashing instance: 0.000000
	#Lazy negative update: 1.000000
	#Lazy negative update of non local instances: 0.000000
	#Perturbation interrupting time advance: 0.000000
