# time 'Cases' 'Susceptible' 'Exposed' 'Infected' 'Removed' 'Deads'
 0.000000E+00 10 100000 0 10 0 0
 4.000000E+00 19 99986 11 5 1 2
 8.000000E+00 19 99977 10 4 1 4
 1.200000E+01 32 99968 22 3 1 6
 1.600000E+01 37 99959 22 5 1 9
 2.000000E+01 53 99938 27 10 2 14
 2.400000E+01 72 99917 42 9 5 16
 2.800000E+01 80 99900 46 7 7 20
 3.200000E+01 99 99878 55 14 8 22
 3.600000E+01 138 99846 80 20 9 29
 4.000000E+01 174 99798 97 27 13 37
 4.400000E+01 236 99732 138 25 24 49
 4.800000E+01 340 99655 215 28 28 69
 5.200000E+01 391 99568 222 51 34 84
 5.600000E+01 534 99450 315 71 45 103
 6.000000E+01 662 99300 390 68 67 137
 6.400000E+01 804 99118 455 90 83 176
 6.800000E+01 1116 98835 667 112 115 222
 7.200000E+01 1354 98500 777 146 144 287
 7.600000E+01 1731 98110 985 200 176 370
 8.000000E+01 2171 97622 1222 269 233 447
 8.400000E+01 2751 97001 1568 307 285 591
 8.800000E+01 3475 96157 1947 392 355 781
 9.200000E+01 4478 95031 2524 507 446 1001
 9.600000E+01 5612 93708 3175 622 556 1259
 1.000000E+02 7099 92049 4017 796 694 1592
 1.040000E+02 8877 89955 5012 992 873 2000
 1.080000E+02 11115 87307 6201 1261 1131 2522
 1.120000E+02 13838 84034 7594 1631 1417 3196
 1.160000E+02 17179 80155 9321 2056 1775 4027
 1.200000E+02 21060 75329 11285 2458 2230 5087
 1.240000E+02 25800 69577 13627 3030 2770 6373
 1.280000E+02 30798 63065 15713 3704 3411 7970
 1.320000E+02 36642 55548 17950 4575 4188 9929
 1.360000E+02 42529 47267 19688 5395 5169 12277
 1.400000E+02 48337 38688 20867 6155 6334 14981
 1.440000E+02 54423 29823 21743 6986 7695 17999
 1.480000E+02 59403 21786 21254 7569 9167 21413
 1.520000E+02 64058 14795 20080 8214 10710 25054
 1.560000E+02 67896 9328 18079 8484 12381 28952
 1.600000E+02 70653 5538 15274 8422 14056 32901
 1.640000E+02 72528 3212 12023 8141 15743 36621
 1.680000E+02 73915 1817 9037 7396 17212 40270
 1.720000E+02 75020 1037 6524 6500 18560 43436
 1.760000E+02 75644 616 4395 5469 19721 46059
 1.800000E+02 76133 385 2833 4239 20697 48364
 1.840000E+02 76515 252 1843 3225 21430 50017
 1.880000E+02 76654 190 1088 2292 21994 51280
 1.920000E+02 76850 144 640 1630 22370 52210
 1.960000E+02 76956 119 379 1135 22629 52813
 2.000000E+02 77040 97 241 734 22839 53226

#Simulation ended (eff.: 0.948038, detail below)
	#Events: 1420333
	#Valid embedding but no longer unary when required: 0.000000
	#Valid embedding but not binary when required: 0.000000
	#Clashing instance: 0.000000
	#Lazy negative update: 1.000000
	#Lazy negative update of non local instances: 0.000000
	#Perturbation interrupting time advance: 0.000000
