# time 'Cases' 'Susceptible' 'Exposed' 'Infected' 'Removed' 'Deads'
 0.000000E+00 0 4700 0 0 0 0
 4.000000E+00 0 4700 0 0 0 0
 8.000000E+00 2 4700 2 0 0 0
 1.200000E+01 1 4699 0 1 0 0
 1.600000E+01 6 4697 5 1 0 0
 2.000000E+01 3 4696 1 1 0 1
 2.400000E+01 5 4696 2 0 0 3
 2.800000E+01 6 4696 3 0 0 3
 3.200000E+01 8 4696 5 0 0 3
 3.600000E+01 4 4695 1 0 0 3
 4.000000E+01 5 4695 1 1 0 3
 4.400000E+01 9 4695 3 0 0 6
 4.800000E+01 8 4695 2 0 0 6
 5.200000E+01 13 4694 3 2 1 7
 5.600000E+01 15 4692 3 2 1 9
 6.000000E+01 19 4689 3 3 2 11
 6.400000E+01 19 4688 3 1 2 13
 6.800000E+01 21 4686 5 1 2 13
 7.200000E+01 20 4685 4 1 2 13
 7.600000E+01 23 4685 8 0 2 13
 8.000000E+01 22 4685 6 0 2 14
 8.400000E+01 28 4683 11 1 2 14
 8.800000E+01 24 4683 4 2 3 15
 9.200000E+01 31 4683 9 2 3 17
 9.600000E+01 33 4681 8 2 5 18
 1.000000E+02 28 4679 3 2 5 18
 1.040000E+02 35 4675 6 5 6 18
 1.080000E+02 39 4672 10 1 9 19
 1.120000E+02 35 4672 5 1 9 20
 1.160000E+02 39 4671 7 3 9 20
 1.200000E+02 41 4668 9 1 10 21
 1.240000E+02 45 4666 10 1 12 22
 1.280000E+02 46 4665 10 2 12 22
 1.320000E+02 47 4665 10 1 12 24
 1.360000E+02 52 4661 13 3 12 24
 1.400000E+02 46 4660 6 3 13 24
 1.440000E+02 50 4660 9 3 13 25
 1.480000E+02 56 4660 15 2 13 26
 1.520000E+02 56 4659 13 0 14 29
 1.560000E+02 57 4659 12 2 14 29
 1.600000E+02 50 4659 6 0 14 30
 1.640000E+02 56 4659 9 3 14 30
 1.680000E+02 58 4658 12 2 14 30
 1.720000E+02 65 4657 14 6 14 31
 1.760000E+02 61 4655 8 5 16 32
 1.800000E+02 62 4654 9 2 16 35
 1.840000E+02 59 4652 4 3 16 36
 1.880000E+02 63 4651 6 2 17 38
 1.920000E+02 60 4650 4 0 17 39
 1.960000E+02 67 4650 5 6 17 39
 2.000000E+02 62 4649 2 1 18 41

#Simulation ended (eff.: 0.898851, detail below)
	#Events: 5634
	#Valid embedding but no longer unary when required: 0.000000
	#Valid embedding but not binary when required: 0.000000
	#Clashing instance: 0.000000
	#Lazy negative update: 1.000000
	#Lazy negative update of non local instances: 0.000000
	#Perturbation interrupting time advance: 0.000000
