# time 'Cases' 'Susceptible' 'Exposed' 'Infected' 'Removed' 'Deads'
 0.000000E+00 10 10000 0 10 0 0
 4.000000E+00 12 9993 4 6 0 2
 8.000000E+00 18 9985 8 7 0 3
 1.200000E+01 19 9979 9 6 0 4
 1.600000E+01 28 9971 11 8 1 8
 2.000000E+01 33 9965 15 4 3 11
 2.400000E+01 34 9958 12 4 4 14
 2.800000E+01 50 9947 22 4 7 17
 3.200000E+01 55 9941 21 4 8 22
 3.600000E+01 57 9933 16 9 9 23
 4.000000E+01 64 9923 18 12 10 24
 4.400000E+01 74 9914 26 9 10 29
 4.800000E+01 83 9904 30 6 13 34
 5.200000E+01 89 9900 29 9 15 36
 5.600000E+01 100 9891 29 12 17 42
 6.000000E+01 112 9877 32 15 20 45
 6.400000E+01 127 9862 38 13 22 54
 6.800000E+01 155 9847 58 12 23 62
 7.200000E+01 168 9829 58 16 28 66
 7.600000E+01 178 9816 55 18 31 74
 8.000000E+01 191 9806 55 22 35 79
 8.400000E+01 205 9788 51 32 36 86
 8.800000E+01 234 9765 59 25 45 105
 9.200000E+01 256 9739 60 27 53 116
 9.600000E+01 268 9715 57 28 55 128
 1.000000E+02 296 9687 69 30 55 142
 1.040000E+02 321 9666 73 28 63 157
 1.080000E+02 344 9644 73 34 68 169
 1.120000E+02 382 9615 84 33 74 191
 1.160000E+02 387 9596 78 30 80 199
 1.200000E+02 421 9570 84 27 94 216
 1.240000E+02 434 9559 69 38 96 231
 1.280000E+02 453 9543 63 39 106 245
 1.320000E+02 470 9523 54 33 118 265
 1.360000E+02 491 9497 59 33 125 274
 1.400000E+02 526 9474 69 30 133 294
 1.440000E+02 544 9454 70 26 140 308
 1.480000E+02 541 9442 56 24 145 316
 1.520000E+02 564 9424 57 32 147 328
 1.560000E+02 570 9406 46 30 155 339
 1.600000E+02 579 9393 46 19 161 353
 1.640000E+02 589 9386 42 17 168 362
 1.680000E+02 603 9374 41 21 174 367
 1.720000E+02 620 9365 45 21 178 376
 1.760000E+02 625 9359 34 21 183 387
 1.800000E+02 631 9350 27 13 188 403
 1.840000E+02 645 9343 31 13 191 410
 1.880000E+02 657 9332 34 17 192 414
 1.920000E+02 667 9319 31 17 198 421
 1.960000E+02 670 9307 25 16 200 429
 2.000000E+02 690 9294 33 16 204 437

#Simulation ended (eff.: 0.933194, detail below)
	#Events: 18243
	#Valid embedding but no longer unary when required: 0.000000
	#Valid embedding but not binary when required: 0.000000
	#Clashing instance: 0.000000
	#Lazy negative update: 1.000000
	#Lazy negative update of non local instances: 0.000000
	#Perturbation interrupting time advance: 0.000000
