# time 'Cases' 'Susceptible' 'Exposed' 'Infected' 'Removed' 'Deads'
 0.000000E+00 10 10000 0 10 0 0
 4.000000E+00 12 9996 2 1 2 7
 8.000000E+00 14 9993 4 1 2 7
 1.200000E+01 15 9990 5 1 2 7
 1.600000E+01 17 9987 5 2 2 8
 2.000000E+01 18 9984 4 3 2 9
 2.400000E+01 25 9980 11 0 4 10
 2.800000E+01 24 9980 8 1 4 11
 3.200000E+01 25 9979 6 2 5 12
 3.600000E+01 22 9977 3 1 6 12
 4.000000E+01 31 9974 7 2 8 14
 4.400000E+01 29 9971 4 1 8 16
 4.800000E+01 32 9971 2 5 8 17
 5.200000E+01 36 9967 5 3 9 19
 5.600000E+01 45 9959 11 2 9 23
 6.000000E+01 47 9957 13 1 9 24
 6.400000E+01 46 9954 9 3 10 24
 6.800000E+01 51 9951 12 3 10 26
 7.200000E+01 50 9950 9 2 10 29
 7.600000E+01 55 9948 7 6 10 32
 8.000000E+01 56 9946 5 5 12 34
 8.400000E+01 63 9939 9 5 13 36
 8.800000E+01 69 9935 13 5 13 38
 9.200000E+01 74 9933 13 8 15 38
 9.600000E+01 75 9926 12 4 18 41
 1.000000E+02 75 9926 7 6 18 44
 1.040000E+02 74 9925 5 2 20 47
 1.080000E+02 81 9924 9 3 21 48
 1.120000E+02 86 9920 13 3 22 48
 1.160000E+02 84 9919 9 5 22 48
 1.200000E+02 89 9918 7 7 24 51
 1.240000E+02 88 9916 4 7 25 52
 1.280000E+02 92 9914 8 3 28 53
 1.320000E+02 98 9912 12 4 28 54
 1.360000E+02 108 9911 16 5 31 56
 1.400000E+02 107 9908 11 5 31 60
 1.440000E+02 109 9906 11 3 32 63
 1.480000E+02 114 9900 12 4 33 65
 1.520000E+02 125 9896 21 3 35 66
 1.560000E+02 129 9892 21 6 35 67
 1.600000E+02 132 9888 18 8 35 71
 1.640000E+02 134 9883 13 11 36 74
 1.680000E+02 139 9879 11 10 37 81
 1.720000E+02 147 9876 15 7 38 87
 1.760000E+02 147 9873 10 4 41 92
 1.800000E+02 155 9870 11 6 42 96
 1.840000E+02 154 9869 8 4 43 99
 1.880000E+02 152 9864 5 2 44 101
 1.920000E+02 159 9861 8 4 44 103
 1.960000E+02 165 9855 11 6 44 104
 2.000000E+02 169 9852 14 2 46 107

#Simulation ended (eff.: 0.951781, detail below)
	#Events: 10876
	#Valid embedding but no longer unary when required: 0.000000
	#Valid embedding but not binary when required: 0.000000
	#Clashing instance: 0.000000
	#Lazy negative update: 1.000000
	#Lazy negative update of non local instances: 0.000000
	#Perturbation interrupting time advance: 0.000000
