# time 'Cases' 'Susceptible' 'Exposed' 'Infected' 'Removed' 'Deads'
 0.000000E+00 0 7000 0 0 0 0
 4.000000E+00 1 7000 1 0 0 0
 8.000000E+00 3 7000 3 0 0 0
 1.200000E+01 1 7000 1 0 0 0
 1.600000E+01 2 7000 2 0 0 0
 2.000000E+01 6 6999 4 2 0 0
 2.400000E+01 3 6998 1 1 1 0
 2.800000E+01 8 6998 7 0 1 0
 3.200000E+01 7 6997 5 0 1 1
 3.600000E+01 7 6997 5 0 1 1
 4.000000E+01 7 6997 4 1 1 1
 4.400000E+01 7 6996 4 1 1 1
 4.800000E+01 8 6995 3 3 1 1
 5.200000E+01 7 6994 4 0 1 2
 5.600000E+01 7 6994 3 1 1 2
 6.000000E+01 13 6994 8 2 1 2
 6.400000E+01 14 6993 8 1 1 4
 6.800000E+01 13 6993 7 1 1 4
 7.200000E+01 17 6992 8 3 2 4
 7.600000E+01 16 6990 8 1 2 5
 8.000000E+01 16 6990 7 0 3 6
 8.400000E+01 19 6990 9 0 3 7
 8.800000E+01 18 6989 6 1 3 8
 9.200000E+01 26 6989 13 2 3 8
 9.600000E+01 26 6988 11 3 3 9
 1.000000E+02 22 6986 6 1 4 11
 1.040000E+02 33 6983 12 4 6 11
 1.080000E+02 44 6979 22 5 6 11
 1.120000E+02 31 6979 9 4 6 12
 1.160000E+02 35 6974 10 4 7 14
 1.200000E+02 39 6973 14 2 7 16
 1.240000E+02 36 6973 8 4 8 16
 1.280000E+02 34 6970 6 2 9 17
 1.320000E+02 44 6969 15 2 10 17
 1.360000E+02 48 6966 12 9 10 17
 1.400000E+02 51 6959 13 6 11 21
 1.440000E+02 42 6958 8 0 11 23
 1.480000E+02 48 6955 9 4 11 24
 1.520000E+02 48 6953 8 3 11 26
 1.560000E+02 56 6950 14 2 11 29
 1.600000E+02 54 6947 8 4 12 30
 1.640000E+02 55 6945 8 3 13 31
 1.680000E+02 64 6945 13 4 14 33
 1.720000E+02 56 6945 7 0 15 34
 1.760000E+02 59 6945 9 1 15 34
 1.800000E+02 70 6941 17 3 15 35
 1.840000E+02 62 6940 6 4 17 35
 1.880000E+02 65 6939 10 0 17 38
 1.920000E+02 66 6939 9 1 17 39
 1.960000E+02 63 6938 5 1 17 40
 2.000000E+02 64 6938 4 2 17 41

#Simulation ended (eff.: 0.884536, detail below)
	#Events: 8151
	#Valid embedding but no longer unary when required: 0.000000
	#Valid embedding but not binary when required: 0.000000
	#Clashing instance: 0.000000
	#Lazy negative update: 1.000000
	#Lazy negative update of non local instances: 0.000000
	#Perturbation interrupting time advance: 0.000000
