# time 'Cases' 'Susceptible' 'Exposed' 'Infected' 'Removed' 'Deads'
 0.000000E+00 0 15800 0 0 0 0
 4.000000E+00 1 15800 1 0 0 0
 8.000000E+00 2 15800 1 1 0 0
 1.200000E+01 4 15800 4 0 0 0
 1.600000E+01 3 15800 2 0 0 1
 2.000000E+01 2 15799 1 0 0 1
 2.400000E+01 8 15797 7 0 0 1
 2.800000E+01 8 15797 6 1 0 1
 3.200000E+01 10 15795 6 3 0 1
 3.600000E+01 8 15793 1 2 3 2
 4.000000E+01 18 15787 7 2 4 5
 4.400000E+01 16 15783 4 2 4 6
 4.800000E+01 20 15780 7 2 4 7
 5.200000E+01 22 15777 8 2 5 7
 5.600000E+01 27 15776 9 3 6 9
 6.000000E+01 33 15772 12 3 8 10
 6.400000E+01 36 15768 13 4 9 10
 6.800000E+01 37 15766 12 3 9 13
 7.200000E+01 46 15758 15 6 11 14
 7.600000E+01 43 15754 10 3 13 17
 8.000000E+01 49 15749 12 5 14 18
 8.400000E+01 57 15745 19 3 15 20
 8.800000E+01 54 15741 12 5 15 22
 9.200000E+01 60 15732 12 6 16 26
 9.600000E+01 59 15730 12 3 18 26
 1.000000E+02 62 15728 13 3 18 28
 1.040000E+02 72 15725 14 10 18 30
 1.080000E+02 79 15720 17 5 23 34
 1.120000E+02 75 15718 10 2 24 39
 1.160000E+02 82 15716 16 2 24 40
 1.200000E+02 83 15713 12 4 25 42
 1.240000E+02 91 15709 13 9 25 44
 1.280000E+02 98 15701 14 11 28 45
 1.320000E+02 107 15691 18 8 31 50
 1.360000E+02 113 15689 25 4 32 52
 1.400000E+02 114 15685 18 9 33 54
 1.440000E+02 111 15680 10 9 34 58
 1.480000E+02 127 15679 19 10 37 61
 1.520000E+02 126 15674 12 12 38 64
 1.560000E+02 120 15671 9 3 40 68
 1.600000E+02 133 15663 19 4 41 69
 1.640000E+02 133 15660 15 7 42 69
 1.680000E+02 140 15656 17 6 45 72
 1.720000E+02 140 15650 16 2 47 75
 1.760000E+02 144 15646 13 8 47 76
 1.800000E+02 142 15646 11 5 48 78
 1.840000E+02 148 15643 13 6 48 81
 1.880000E+02 153 15641 14 9 48 82
 1.920000E+02 152 15640 11 6 49 86
 1.960000E+02 155 15636 13 0 51 91
 2.000000E+02 155 15636 8 5 51 91

#Simulation ended (eff.: 0.952647, detail below)
	#Events: 16396
	#Valid embedding but no longer unary when required: 0.000000
	#Valid embedding but not binary when required: 0.000000
	#Clashing instance: 0.000000
	#Lazy negative update: 1.000000
	#Lazy negative update of non local instances: 0.000000
	#Perturbation interrupting time advance: 0.000000
