# time 'Cases' 'Susceptible' 'Exposed' 'Infected' 'Removed' 'Deads'
 0.000000E+00 0 700 0 0 0 0
 4.000000E+00 1 700 1 0 0 0
 8.000000E+00 4 700 4 0 0 0
 1.200000E+01 4 700 4 0 0 0
 1.600000E+01 6 699 4 2 0 0
 2.000000E+01 8 694 6 1 0 1
 2.400000E+01 10 691 7 1 0 2
 2.800000E+01 9 690 6 1 0 2
 3.200000E+01 11 688 8 1 0 2
 3.600000E+01 8 688 5 0 0 3
 4.000000E+01 6 688 3 0 0 3
 4.400000E+01 10 688 7 0 0 3
 4.800000E+01 12 687 9 0 0 3
 5.200000E+01 23 686 18 1 0 4
 5.600000E+01 18 686 11 1 0 6
 6.000000E+01 19 684 11 0 1 7
 6.400000E+01 25 680 12 2 1 10
 6.800000E+01 31 671 13 5 2 11
 7.200000E+01 29 667 11 3 3 12
 7.600000E+01 30 665 12 1 3 14
 8.000000E+01 32 662 9 4 5 14
 8.400000E+01 38 659 13 3 6 16
 8.800000E+01 47 655 21 4 6 16
 9.200000E+01 40 653 9 4 9 18
 9.600000E+01 41 651 8 5 9 19
 1.000000E+02 52 651 16 7 9 20
 1.040000E+02 51 649 15 4 9 23
 1.080000E+02 46 647 7 4 10 25
 1.120000E+02 56 643 17 3 11 25
 1.160000E+02 53 640 6 5 14 28
 1.200000E+02 64 639 14 4 15 31
 1.240000E+02 64 636 9 5 16 34
 1.280000E+02 73 632 16 5 16 36
 1.320000E+02 69 628 9 3 17 40
 1.360000E+02 73 621 12 4 17 40
 1.400000E+02 75 618 10 5 19 41
 1.440000E+02 77 616 12 3 21 41
 1.480000E+02 82 615 11 8 21 42
 1.520000E+02 79 614 6 8 22 43
 1.560000E+02 91 613 12 10 22 47
 1.600000E+02 92 609 10 7 25 50
 1.640000E+02 92 607 11 2 26 53
 1.680000E+02 92 601 8 3 26 55
 1.720000E+02 91 601 6 3 26 56
 1.760000E+02 88 599 4 1 27 56
 1.800000E+02 92 599 7 1 27 57
 1.840000E+02 92 597 5 3 27 57
 1.880000E+02 97 597 9 4 27 57
 1.920000E+02 95 597 4 5 27 59
 1.960000E+02 97 595 6 2 28 61
 2.000000E+02 98 592 7 1 28 62

#Simulation ended (eff.: 0.743672, detail below)
	#Events: 3232
	#Valid embedding but no longer unary when required: 0.000000
	#Valid embedding but not binary when required: 0.000000
	#Clashing instance: 0.000000
	#Lazy negative update: 1.000000
	#Lazy negative update of non local instances: 0.000000
	#Perturbation interrupting time advance: 0.000000
