# time 'Cases' 'Susceptible' 'Exposed' 'Infected' 'Removed' 'Deads'
 0.000000E+00 10 100000 0 10 0 0
 4.000000E+00 13 99992 3 3 2 5
 8.000000E+00 18 99987 8 2 2 6
 1.200000E+01 18 99983 8 1 2 7
 1.600000E+01 20 99983 9 2 2 7
 2.000000E+01 22 99980 8 3 2 9
 2.400000E+01 27 99974 12 4 2 9
 2.800000E+01 24 99971 7 5 2 10
 3.200000E+01 26 99966 7 2 5 12
 3.600000E+01 29 99965 6 4 6 13
 4.000000E+01 33 99964 6 3 7 17
 4.400000E+01 37 99962 6 4 8 19
 4.800000E+01 40 99961 8 3 8 21
 5.200000E+01 39 99958 5 4 8 22
 5.600000E+01 46 99956 11 2 9 24
 6.000000E+01 44 99955 10 1 9 24
 6.400000E+01 45 99952 7 3 9 26
 6.800000E+01 48 99948 9 2 11 26
 7.200000E+01 47 99946 6 4 11 26
 7.600000E+01 51 99943 7 4 11 29
 8.000000E+01 59 99936 12 3 11 33
 8.400000E+01 65 99934 14 4 13 34
 8.800000E+01 68 99930 15 4 14 35
 9.200000E+01 76 99925 18 5 14 39
 9.600000E+01 80 99921 16 7 14 43
 1.000000E+02 81 99914 15 6 14 46
 1.040000E+02 89 99908 17 7 16 49
 1.080000E+02 92 99902 16 5 17 54
 1.120000E+02 101 99900 21 6 19 55
 1.160000E+02 108 99892 20 10 20 58
 1.200000E+02 109 99887 13 7 23 66
 1.240000E+02 124 99879 24 7 23 70
 1.280000E+02 130 99868 22 6 27 75
 1.320000E+02 136 99865 23 3 28 82
 1.360000E+02 135 99861 16 9 28 82
 1.400000E+02 143 99855 17 10 30 86
 1.440000E+02 150 99852 21 9 31 89
 1.480000E+02 147 99848 13 9 32 93
 1.520000E+02 152 99843 17 5 34 96
 1.560000E+02 156 99842 16 9 34 97
 1.600000E+02 159 99838 14 9 35 101
 1.640000E+02 164 99831 15 7 37 105
 1.680000E+02 170 99829 18 7 37 108
 1.720000E+02 170 99825 11 6 39 114
 1.760000E+02 180 99824 16 8 40 116
 1.800000E+02 180 99821 10 11 41 118
 1.840000E+02 187 99820 11 11 44 121
 1.880000E+02 188 99817 8 9 45 126
 1.920000E+02 191 99817 9 6 45 131
 1.960000E+02 192 99813 8 7 45 132
 2.000000E+02 193 99813 7 3 47 136

#Simulation ended (eff.: 0.991260, detail below)
	#Events: 89141
	#Valid embedding but no longer unary when required: 0.000000
	#Valid embedding but not binary when required: 0.000000
	#Clashing instance: 0.000000
	#Lazy negative update: 1.000000
	#Lazy negative update of non local instances: 0.000000
	#Perturbation interrupting time advance: 0.000000
