# time 'Cases' 'Susceptible' 'Exposed' 'Infected' 'Removed' 'Deads'
 0.000000E+00 10 10000 0 10 0 0
 4.000000E+00 13 9992 5 5 1 2
 8.000000E+00 16 9989 7 3 2 4
 1.200000E+01 18 9985 7 3 2 6
 1.600000E+01 19 9982 8 3 2 6
 2.000000E+01 26 9979 11 6 3 6
 2.400000E+01 28 9969 12 5 3 8
 2.800000E+01 33 9963 16 3 3 11
 3.200000E+01 35 9962 18 1 3 13
 3.600000E+01 40 9956 16 5 4 15
 4.000000E+01 44 9949 18 6 4 16
 4.400000E+01 55 9943 23 8 5 19
 4.800000E+01 58 9939 20 10 5 23
 5.200000E+01 69 9934 30 6 8 25
 5.600000E+01 75 9924 23 16 9 27
 6.000000E+01 93 9913 34 12 13 34
 6.400000E+01 103 9900 37 12 15 39
 6.800000E+01 128 9884 48 16 16 48
 7.200000E+01 140 9868 51 14 16 59
 7.600000E+01 148 9853 45 12 19 72
 8.000000E+01 171 9838 52 23 22 74
 8.400000E+01 192 9812 49 26 31 86
 8.800000E+01 216 9784 60 28 35 93
 9.200000E+01 237 9764 66 28 39 104
 9.600000E+01 258 9737 64 26 48 120
 1.000000E+02 288 9712 76 30 51 131
 1.040000E+02 303 9686 78 30 54 141
 1.080000E+02 318 9651 69 32 61 156
 1.120000E+02 370 9622 90 35 68 177
 1.160000E+02 383 9601 84 36 74 189
 1.200000E+02 389 9585 66 36 83 204
 1.240000E+02 434 9549 81 36 94 223
 1.280000E+02 449 9533 72 32 102 243
 1.320000E+02 464 9522 69 26 106 263
 1.360000E+02 483 9507 64 31 114 274
 1.400000E+02 499 9488 64 25 122 288
 1.440000E+02 515 9474 66 25 127 297
 1.480000E+02 537 9465 68 33 131 305
 1.520000E+02 541 9444 47 36 135 323
 1.560000E+02 571 9424 65 29 142 335
 1.600000E+02 596 9402 69 33 145 349
 1.640000E+02 617 9386 75 30 151 361
 1.680000E+02 624 9374 58 31 158 377
 1.720000E+02 632 9359 45 26 162 399
 1.760000E+02 642 9348 43 22 169 408
 1.800000E+02 656 9335 36 24 174 422
 1.840000E+02 677 9322 39 22 182 434
 1.880000E+02 685 9315 38 20 186 441
 1.920000E+02 694 9307 36 23 189 446
 1.960000E+02 689 9304 20 21 192 456
 2.000000E+02 704 9294 25 15 194 470

#Simulation ended (eff.: 0.936047, detail below)
	#Events: 18647
	#Valid embedding but no longer unary when required: 0.000000
	#Valid embedding but not binary when required: 0.000000
	#Clashing instance: 0.000000
	#Lazy negative update: 1.000000
	#Lazy negative update of non local instances: 0.000000
	#Perturbation interrupting time advance: 0.000000
