# time 'Cases' 'Susceptible' 'Exposed' 'Infected' 'Removed' 'Deads'
 0.000000E+00 0 700 0 0 0 0
 4.000000E+00 2 700 1 1 0 0
 8.000000E+00 1 699 0 1 0 0
 1.200000E+01 1 699 1 0 0 0
 1.600000E+01 1 698 1 0 0 0
 2.000000E+01 1 698 1 0 0 0
 2.400000E+01 1 698 1 0 0 0
 2.800000E+01 4 698 4 0 0 0
 3.200000E+01 5 698 5 0 0 0
 3.600000E+01 6 698 5 0 0 1
 4.000000E+01 11 695 8 1 0 2
 4.400000E+01 11 694 8 1 0 2
 4.800000E+01 7 693 3 1 1 2
 5.200000E+01 13 693 7 3 1 2
 5.600000E+01 16 691 9 3 1 3
 6.000000E+01 14 691 9 1 1 3
 6.400000E+01 13 690 8 1 1 3
 6.800000E+01 13 690 6 2 1 4
 7.200000E+01 19 687 9 2 2 6
 7.600000E+01 20 685 9 3 2 6
 8.000000E+01 19 682 9 1 3 6
 8.400000E+01 15 681 3 2 4 6
 8.800000E+01 21 679 6 3 5 7
 9.200000E+01 22 675 8 1 5 8
 9.600000E+01 26 672 9 3 5 9
 1.000000E+02 28 669 10 4 5 9
 1.040000E+02 25 666 10 0 5 10
 1.080000E+02 27 665 9 3 5 10
 1.120000E+02 24 665 5 3 6 10
 1.160000E+02 37 664 14 5 7 11
 1.200000E+02 34 662 11 3 7 13
 1.240000E+02 36 657 7 7 7 15
 1.280000E+02 37 651 7 5 8 17
 1.320000E+02 39 648 8 4 8 19
 1.360000E+02 41 647 8 4 8 21
 1.400000E+02 40 646 5 3 10 22
 1.440000E+02 50 642 13 4 10 23
 1.480000E+02 56 641 16 2 12 26
 1.520000E+02 51 636 7 4 12 28
 1.560000E+02 57 636 8 6 15 28
 1.600000E+02 55 634 9 1 16 29
 1.640000E+02 58 633 8 5 16 29
 1.680000E+02 64 628 8 6 18 32
 1.720000E+02 60 627 7 2 19 32
 1.760000E+02 59 627 4 3 19 33
 1.800000E+02 59 627 5 2 19 33
 1.840000E+02 60 626 5 2 19 34
 1.880000E+02 62 625 6 3 19 34
 1.920000E+02 64 624 9 2 19 34
 1.960000E+02 60 623 1 4 19 36
 2.000000E+02 63 623 2 5 19 37

#Simulation ended (eff.: 0.733076, detail below)
	#Events: 2664
	#Valid embedding but no longer unary when required: 0.000000
	#Valid embedding but not binary when required: 0.000000
	#Clashing instance: 0.000000
	#Lazy negative update: 1.000000
	#Lazy negative update of non local instances: 0.000000
	#Perturbation interrupting time advance: 0.000000
