# time 'Cases' 'Susceptible' 'Exposed' 'Infected' 'Removed' 'Deads'
 0.000000E+00 0 1580 0 0 0 0
 4.000000E+00 1 1580 1 0 0 0
 8.000000E+00 2 1580 2 0 0 0
 1.200000E+01 3 1579 2 1 0 0
 1.600000E+01 7 1579 5 1 0 1
 2.000000E+01 7 1579 6 0 0 1
 2.400000E+01 7 1579 6 0 0 1
 2.800000E+01 5 1579 4 0 0 1
 3.200000E+01 7 1579 5 1 0 1
 3.600000E+01 10 1578 5 4 0 1
 4.000000E+01 10 1574 5 0 1 4
 4.400000E+01 13 1573 8 0 1 4
 4.800000E+01 14 1573 8 1 1 4
 5.200000E+01 15 1573 9 0 1 5
 5.600000E+01 13 1572 5 1 1 6
 6.000000E+01 20 1572 11 2 1 6
 6.400000E+01 25 1570 11 1 3 10
 6.800000E+01 29 1564 11 2 3 13
 7.200000E+01 26 1561 6 3 3 14
 7.600000E+01 34 1556 12 3 4 15
 8.000000E+01 39 1554 14 4 4 17
 8.400000E+01 42 1551 10 7 4 21
 8.800000E+01 46 1549 14 4 5 23
 9.200000E+01 50 1547 19 1 6 24
 9.600000E+01 52 1546 14 7 6 25
 1.000000E+02 54 1539 14 6 6 28
 1.040000E+02 60 1531 15 11 6 28
 1.080000E+02 69 1526 21 8 7 33
 1.120000E+02 69 1523 16 12 7 34
 1.160000E+02 69 1520 17 4 10 38
 1.200000E+02 68 1518 10 5 11 42
 1.240000E+02 68 1516 6 7 11 44
 1.280000E+02 74 1512 10 6 12 46
 1.320000E+02 76 1509 12 3 13 48
 1.360000E+02 86 1507 18 6 13 49
 1.400000E+02 83 1503 14 4 15 50
 1.440000E+02 72 1502 1 4 16 51
 1.480000E+02 79 1501 9 1 16 53
 1.520000E+02 82 1499 10 2 16 54
 1.560000E+02 84 1494 5 6 17 56
 1.600000E+02 94 1492 12 3 17 62
 1.640000E+02 90 1490 7 2 17 64
 1.680000E+02 97 1490 10 4 18 65
 1.720000E+02 95 1489 6 5 19 65
 1.760000E+02 95 1489 5 1 21 68
 1.800000E+02 93 1489 3 1 21 68
 1.840000E+02 91 1489 1 1 21 68
 1.880000E+02 91 1489 1 0 22 68
 1.920000E+02 91 1489 1 0 22 68
 1.960000E+02 91 1489 0 1 22 68
 2.000000E+02 95 1488 3 2 22 68

#Simulation ended (eff.: 0.846879, detail below)
	#Events: 3324
	#Valid embedding but no longer unary when required: 0.000000
	#Valid embedding but not binary when required: 0.000000
	#Clashing instance: 0.000000
	#Lazy negative update: 1.000000
	#Lazy negative update of non local instances: 0.000000
	#Perturbation interrupting time advance: 0.000000
