# time 'Cases' 'Susceptible' 'Exposed' 'Infected' 'Removed' 'Deads'
 0.000000E+00 0 7000 0 0 0 0
 4.000000E+00 3 6999 1 2 0 0
 8.000000E+00 4 6998 2 0 0 2
 1.200000E+01 2 6998 0 0 0 2
 1.600000E+01 4 6998 2 0 0 2
 2.000000E+01 5 6998 3 0 0 2
 2.400000E+01 4 6998 1 1 0 2
 2.800000E+01 5 6998 2 1 0 2
 3.200000E+01 12 6992 7 3 0 2
 3.600000E+01 8 6991 2 3 0 3
 4.000000E+01 12 6986 6 1 1 4
 4.400000E+01 13 6985 7 0 1 5
 4.800000E+01 13 6985 6 1 1 5
 5.200000E+01 13 6984 6 1 1 5
 5.600000E+01 17 6983 8 3 1 5
 6.000000E+01 15 6981 5 3 1 6
 6.400000E+01 21 6979 10 2 2 7
 6.800000E+01 19 6977 6 3 2 8
 7.200000E+01 22 6973 9 2 2 9
 7.600000E+01 20 6970 7 2 2 9
 8.000000E+01 20 6970 6 2 2 10
 8.400000E+01 28 6967 10 5 2 11
 8.800000E+01 24 6967 5 3 3 13
 9.200000E+01 39 6965 17 4 3 15
 9.600000E+01 40 6959 16 3 3 18
 1.000000E+02 34 6959 9 1 4 20
 1.040000E+02 38 6957 11 2 4 21
 1.080000E+02 42 6957 15 1 4 22
 1.120000E+02 49 6954 16 4 4 25
 1.160000E+02 44 6954 10 3 5 26
 1.200000E+02 47 6951 11 4 6 26
 1.240000E+02 51 6950 14 4 6 27
 1.280000E+02 45 6950 7 2 7 29
 1.320000E+02 42 6948 4 1 7 30
 1.360000E+02 53 6948 12 2 7 32
 1.400000E+02 53 6948 12 1 7 33
 1.440000E+02 50 6945 3 6 7 34
 1.480000E+02 57 6943 9 4 9 35
 1.520000E+02 58 6942 11 1 10 36
 1.560000E+02 61 6938 10 2 10 39
 1.600000E+02 59 6937 7 1 10 41
 1.640000E+02 61 6937 8 2 10 41
 1.680000E+02 66 6936 9 1 11 45
 1.720000E+02 62 6936 4 1 11 46
 1.760000E+02 66 6935 6 3 11 46
 1.800000E+02 59 6935 2 0 11 46
 1.840000E+02 63 6934 3 3 11 46
 1.880000E+02 66 6933 6 3 11 46
 1.920000E+02 64 6933 4 0 12 48
 1.960000E+02 68 6933 7 1 12 48
 2.000000E+02 65 6933 2 3 12 48

#Simulation ended (eff.: 0.892962, detail below)
	#Events: 8184
	#Valid embedding but no longer unary when required: 0.000000
	#Valid embedding but not binary when required: 0.000000
	#Clashing instance: 0.000000
	#Lazy negative update: 1.000000
	#Lazy negative update of non local instances: 0.000000
	#Perturbation interrupting time advance: 0.000000
