# time 'Cases' 'Susceptible' 'Exposed' 'Infected' 'Removed' 'Deads'
 0.000000E+00 0 1580 0 0 0 0
 4.000000E+00 1 1580 1 0 0 0
 8.000000E+00 1 1580 1 0 0 0
 1.200000E+01 3 1580 3 0 0 0
 1.600000E+01 7 1579 6 1 0 0
 2.000000E+01 3 1579 2 0 0 1
 2.400000E+01 6 1578 5 0 0 1
 2.800000E+01 8 1578 6 1 0 1
 3.200000E+01 10 1577 5 3 0 2
 3.600000E+01 6 1577 2 0 1 3
 4.000000E+01 12 1577 6 1 2 3
 4.400000E+01 15 1575 6 3 2 4
 4.800000E+01 15 1571 4 4 2 5
 5.200000E+01 16 1567 7 1 2 6
 5.600000E+01 14 1566 5 1 2 6
 6.000000E+01 19 1564 8 2 3 6
 6.400000E+01 25 1564 10 4 3 8
 6.800000E+01 32 1563 14 5 4 9
 7.200000E+01 35 1558 12 6 6 11
 7.600000E+01 31 1556 6 2 7 16
 8.000000E+01 45 1553 17 2 8 18
 8.400000E+01 39 1551 9 3 8 19
 8.800000E+01 44 1549 10 5 8 21
 9.200000E+01 49 1548 14 5 8 22
 9.600000E+01 45 1548 7 5 9 24
 1.000000E+02 55 1539 14 7 9 25
 1.040000E+02 54 1537 11 5 11 27
 1.080000E+02 57 1532 13 4 11 29
 1.120000E+02 54 1530 9 3 11 31
 1.160000E+02 63 1526 11 9 11 32
 1.200000E+02 65 1524 12 6 13 34
 1.240000E+02 62 1522 11 2 13 36
 1.280000E+02 75 1518 18 5 13 39
 1.320000E+02 77 1518 14 6 14 43
 1.360000E+02 79 1514 15 4 16 44
 1.400000E+02 85 1513 15 6 17 47
 1.440000E+02 87 1511 13 6 17 51
 1.480000E+02 93 1508 14 6 20 53
 1.520000E+02 90 1506 8 6 21 55
 1.560000E+02 102 1504 17 4 23 58
 1.600000E+02 101 1502 12 5 23 61
 1.640000E+02 104 1498 12 1 27 64
 1.680000E+02 107 1495 12 3 27 65
 1.720000E+02 102 1494 3 4 28 67
 1.760000E+02 114 1492 10 4 29 71
 1.800000E+02 114 1489 9 1 31 73
 1.840000E+02 114 1487 8 1 31 74
 1.880000E+02 115 1486 8 2 31 74
 1.920000E+02 118 1486 7 5 31 75
 1.960000E+02 117 1483 3 5 32 77
 2.000000E+02 122 1482 6 3 33 80

#Simulation ended (eff.: 0.843559, detail below)
	#Events: 3451
	#Valid embedding but no longer unary when required: 0.000000
	#Valid embedding but not binary when required: 0.000000
	#Clashing instance: 0.000000
	#Lazy negative update: 1.000000
	#Lazy negative update of non local instances: 0.000000
	#Perturbation interrupting time advance: 0.000000
