# time 'Cases' 'Susceptible' 'Exposed' 'Infected' 'Removed' 'Deads'
 0.000000E+00 0 15800 0 0 0 0
 4.000000E+00 3 15800 3 0 0 0
 8.000000E+00 5 15800 5 0 0 0
 1.200000E+01 1 15800 1 0 0 0
 1.600000E+01 1 15800 1 0 0 0
 2.000000E+01 1 15800 1 0 0 0
 2.400000E+01 3 15800 2 1 0 0
 2.800000E+01 5 15797 3 2 0 0
 3.200000E+01 2 15797 1 0 0 1
 3.600000E+01 7 15797 5 1 0 1
 4.000000E+01 7 15796 5 0 0 2
 4.400000E+01 8 15796 5 0 0 3
 4.800000E+01 8 15794 4 0 0 4
 5.200000E+01 11 15793 7 0 0 4
 5.600000E+01 15 15793 9 1 0 5
 6.000000E+01 13 15792 6 1 0 6
 6.400000E+01 14 15792 4 4 0 6
 6.800000E+01 17 15790 5 3 1 8
 7.200000E+01 18 15788 6 1 2 9
 7.600000E+01 21 15787 6 4 2 9
 8.000000E+01 24 15784 8 3 3 10
 8.400000E+01 26 15783 11 0 4 11
 8.800000E+01 20 15783 3 2 4 11
 9.200000E+01 25 15780 8 2 4 11
 9.600000E+01 25 15777 6 3 4 12
 1.000000E+02 28 15775 6 5 4 13
 1.040000E+02 29 15773 7 4 4 14
 1.080000E+02 26 15772 2 4 4 16
 1.120000E+02 31 15770 4 3 4 20
 1.160000E+02 36 15767 8 2 4 22
 1.200000E+02 37 15765 7 3 4 23
 1.240000E+02 38 15764 6 4 5 23
 1.280000E+02 41 15762 8 1 7 25
 1.320000E+02 46 15757 8 4 7 27
 1.360000E+02 47 15755 7 2 7 31
 1.400000E+02 56 15754 13 5 7 31
 1.440000E+02 54 15750 10 4 7 33
 1.480000E+02 56 15744 11 3 8 34
 1.520000E+02 54 15744 6 1 9 38
 1.560000E+02 56 15743 5 3 9 39
 1.600000E+02 64 15743 12 2 9 41
 1.640000E+02 57 15743 4 3 9 41
 1.680000E+02 67 15741 9 6 9 43
 1.720000E+02 72 15735 12 4 10 46
 1.760000E+02 75 15731 13 2 11 49
 1.800000E+02 73 15729 9 3 12 49
 1.840000E+02 72 15729 7 4 12 49
 1.880000E+02 71 15728 5 2 13 51
 1.920000E+02 78 15725 9 4 13 52
 1.960000E+02 76 15723 9 1 13 53
 2.000000E+02 77 15722 6 3 13 55

#Simulation ended (eff.: 0.963610, detail below)
	#Events: 15120
	#Valid embedding but no longer unary when required: 0.000000
	#Valid embedding but not binary when required: 0.000000
	#Clashing instance: 0.000000
	#Lazy negative update: 1.000000
	#Lazy negative update of non local instances: 0.000000
	#Perturbation interrupting time advance: 0.000000
