# time 'Cases' 'Susceptible' 'Exposed' 'Infected' 'Removed' 'Deads'
 0.000000E+00 0 700 0 0 0 0
 4.000000E+00 0 700 0 0 0 0
 8.000000E+00 2 700 2 0 0 0
 1.200000E+01 4 700 4 0 0 0
 1.600000E+01 2 700 2 0 0 0
 2.000000E+01 3 700 3 0 0 0
 2.400000E+01 2 700 1 1 0 0
 2.800000E+01 3 699 1 0 1 1
 3.200000E+01 8 699 6 0 1 1
 3.600000E+01 5 699 3 0 1 1
 4.000000E+01 8 698 3 3 1 1
 4.400000E+01 5 697 2 0 1 2
 4.800000E+01 9 697 6 0 1 2
 5.200000E+01 7 697 4 0 1 2
 5.600000E+01 7 697 3 0 1 3
 6.000000E+01 9 697 4 1 1 3
 6.400000E+01 5 697 1 0 1 3
 6.800000E+01 9 697 5 0 1 3
 7.200000E+01 11 697 7 0 1 3
 7.600000E+01 12 697 8 0 1 3
 8.000000E+01 13 695 6 3 1 3
 8.400000E+01 15 692 7 2 1 5
 8.800000E+01 12 690 4 2 1 5
 9.200000E+01 15 690 4 2 2 7
 9.600000E+01 25 686 12 3 3 7
 1.000000E+02 25 685 9 4 3 9
 1.040000E+02 24 684 8 2 4 10
 1.080000E+02 26 683 8 0 7 11
 1.120000E+02 28 682 7 2 7 12
 1.160000E+02 30 682 9 1 7 13
 1.200000E+02 33 681 9 3 7 14
 1.240000E+02 30 681 7 1 8 14
 1.280000E+02 29 681 6 1 8 14
 1.320000E+02 33 680 6 2 10 15
 1.360000E+02 35 679 6 4 10 15
 1.400000E+02 41 676 9 5 10 17
 1.440000E+02 40 670 5 4 12 19
 1.480000E+02 37 668 4 1 13 19
 1.520000E+02 37 668 3 1 13 20
 1.560000E+02 37 668 3 0 13 21
 1.600000E+02 40 668 2 4 13 21
 1.640000E+02 46 667 6 4 15 21
 1.680000E+02 45 665 5 3 15 22
 1.720000E+02 49 665 8 3 15 23
 1.760000E+02 46 665 6 2 15 23
 1.800000E+02 46 665 4 1 17 24
 1.840000E+02 51 664 4 3 17 27
 1.880000E+02 51 662 2 1 19 29
 1.920000E+02 52 661 1 3 19 29
 1.960000E+02 52 661 1 1 19 31
 2.000000E+02 52 658 1 0 19 32

#Simulation ended (eff.: 0.712577, detail below)
	#Events: 1847
	#Valid embedding but no longer unary when required: 0.000000
	#Valid embedding but not binary when required: 0.000000
	#Clashing instance: 0.000000
	#Lazy negative update: 1.000000
	#Lazy negative update of non local instances: 0.000000
	#Perturbation interrupting time advance: 0.000000
