# time 'Cases' 'Susceptible' 'Exposed' 'Infected' 'Removed' 'Deads'
 0.000000E+00 0 1580 0 0 0 0
 4.000000E+00 0 1580 0 0 0 0
 8.000000E+00 3 1580 3 0 0 0
 1.200000E+01 5 1580 5 0 0 0
 1.600000E+01 9 1580 7 1 0 1
 2.000000E+01 5 1578 4 0 0 1
 2.400000E+01 2 1578 1 0 0 1
 2.800000E+01 7 1578 6 0 0 1
 3.200000E+01 7 1575 5 1 0 1
 3.600000E+01 14 1572 7 5 1 1
 4.000000E+01 17 1565 9 3 2 3
 4.400000E+01 21 1564 13 3 2 3
 4.800000E+01 22 1561 14 2 2 4
 5.200000E+01 25 1558 13 4 2 6
 5.600000E+01 31 1555 18 5 2 6
 6.000000E+01 38 1553 20 5 3 10
 6.400000E+01 42 1548 15 8 4 15
 6.800000E+01 48 1542 16 7 4 21
 7.200000E+01 52 1535 17 7 6 22
 7.600000E+01 54 1529 16 4 9 25
 8.000000E+01 61 1526 17 6 9 29
 8.400000E+01 69 1522 20 8 11 30
 8.800000E+01 72 1513 19 7 12 34
 9.200000E+01 72 1507 17 7 13 35
 9.600000E+01 74 1506 13 10 13 38
 1.000000E+02 93 1498 30 8 13 42
 1.040000E+02 94 1492 21 9 15 49
 1.080000E+02 110 1488 26 8 17 59
 1.120000E+02 126 1482 35 10 17 64
 1.160000E+02 127 1476 30 5 20 72
 1.200000E+02 126 1473 20 8 20 78
 1.240000E+02 140 1464 27 6 22 85
 1.280000E+02 141 1460 23 7 24 87
 1.320000E+02 153 1452 29 12 24 88
 1.360000E+02 160 1449 30 10 25 95
 1.400000E+02 158 1443 16 12 26 104
 1.440000E+02 163 1437 19 7 28 109
 1.480000E+02 166 1436 14 10 30 112
 1.520000E+02 171 1433 17 5 31 118
 1.560000E+02 169 1431 12 5 31 121
 1.600000E+02 170 1428 13 2 32 123
 1.640000E+02 180 1428 17 6 34 123
 1.680000E+02 177 1423 7 9 34 127
 1.720000E+02 173 1418 6 4 34 129
 1.760000E+02 176 1417 7 4 35 130
 1.800000E+02 188 1412 11 9 36 132
 1.840000E+02 192 1404 13 8 37 134
 1.880000E+02 189 1398 10 4 38 137
 1.920000E+02 194 1395 13 3 38 140
 1.960000E+02 197 1393 13 3 39 142
 2.000000E+02 191 1393 9 0 39 143

#Simulation ended (eff.: 0.853594, detail below)
	#Events: 4845
	#Valid embedding but no longer unary when required: 0.000000
	#Valid embedding but not binary when required: 0.000000
	#Clashing instance: 0.000000
	#Lazy negative update: 1.000000
	#Lazy negative update of non local instances: 0.000000
	#Perturbation interrupting time advance: 0.000000
