# time 'Cases' 'Susceptible' 'Exposed' 'Infected' 'Removed' 'Deads'
 0.000000E+00 10 100000 0 10 0 0
 4.000000E+00 13 99993 4 4 1 4
 8.000000E+00 15 99985 7 2 1 5
 1.200000E+01 16 99981 8 1 1 6
 1.600000E+01 21 99979 10 4 1 6
 2.000000E+01 22 99975 9 3 2 8
 2.400000E+01 27 99970 13 4 2 8
 2.800000E+01 33 99966 17 2 4 10
 3.200000E+01 34 99963 13 6 5 10
 3.600000E+01 40 99961 16 7 7 10
 4.000000E+01 52 99957 24 8 8 12
 4.400000E+01 46 99951 18 5 10 13
 4.800000E+01 54 99943 20 8 10 16
 5.200000E+01 57 99938 19 5 12 21
 5.600000E+01 66 99930 21 9 14 22
 6.000000E+01 81 99921 26 11 16 28
 6.400000E+01 84 99914 27 4 21 32
 6.800000E+01 93 99907 25 10 23 35
 7.200000E+01 104 99902 30 10 27 37
 7.600000E+01 103 99897 22 11 27 43
 8.000000E+01 110 99890 22 8 30 50
 8.400000E+01 116 99881 22 9 31 54
 8.800000E+01 122 99870 25 7 32 58
 9.200000E+01 132 99864 31 7 33 61
 9.600000E+01 147 99852 36 12 35 64
 1.000000E+02 156 99844 38 9 36 73
 1.040000E+02 157 99837 28 11 42 76
 1.080000E+02 162 99829 30 8 43 81
 1.120000E+02 173 99820 31 12 44 86
 1.160000E+02 183 99809 30 16 48 89
 1.200000E+02 201 99793 39 10 53 99
 1.240000E+02 210 99786 43 7 54 106
 1.280000E+02 217 99780 36 13 56 112
 1.320000E+02 220 99767 33 8 58 121
 1.360000E+02 239 99753 37 17 58 127
 1.400000E+02 247 99739 36 17 59 135
 1.440000E+02 259 99734 36 23 60 140
 1.480000E+02 272 99721 33 23 65 151
 1.520000E+02 279 99710 37 14 68 160
 1.560000E+02 284 99703 33 11 71 169
 1.600000E+02 300 99690 34 18 74 174
 1.640000E+02 305 99682 27 18 82 178
 1.680000E+02 318 99668 31 17 85 185
 1.720000E+02 336 99651 35 19 89 193
 1.760000E+02 339 99643 30 21 90 198
 1.800000E+02 352 99636 32 24 93 203
 1.840000E+02 368 99624 36 19 98 215
 1.880000E+02 366 99616 25 20 102 219
 1.920000E+02 369 99608 26 10 103 230
 1.960000E+02 374 99603 24 11 104 235
 2.000000E+02 385 99594 23 12 107 243

#Simulation ended (eff.: 0.987632, detail below)
	#Events: 92151
	#Valid embedding but no longer unary when required: 0.000000
	#Valid embedding but not binary when required: 0.000000
	#Clashing instance: 0.000000
	#Lazy negative update: 1.000000
	#Lazy negative update of non local instances: 0.000000
	#Perturbation interrupting time advance: 0.000000
