# time 'Cases' 'Susceptible' 'Exposed' 'Infected' 'Removed' 'Deads'
 0.000000E+00 10 100000 0 10 0 0
 4.000000E+00 17 99992 8 5 2 2
 8.000000E+00 18 99986 11 3 2 2
 1.200000E+01 20 99983 11 4 2 3
 1.600000E+01 21 99980 12 3 2 4
 2.000000E+01 27 99976 17 3 3 4
 2.400000E+01 34 99973 16 7 3 8
 2.800000E+01 41 99964 19 8 4 10
 3.200000E+01 48 99952 20 4 5 19
 3.600000E+01 60 99942 30 2 6 22
 4.000000E+01 67 99936 28 7 7 25
 4.400000E+01 73 99931 31 8 8 26
 4.800000E+01 81 99923 28 13 8 32
 5.200000E+01 93 99906 32 9 12 40
 5.600000E+01 117 99889 41 13 14 49
 6.000000E+01 130 99875 44 12 16 58
 6.400000E+01 137 99861 39 14 18 66
 6.800000E+01 163 99840 47 19 21 76
 7.200000E+01 184 99820 58 17 25 84
 7.600000E+01 191 99799 44 25 28 94
 8.000000E+01 216 99775 59 21 31 105
 8.400000E+01 230 99755 59 18 33 120
 8.800000E+01 254 99743 63 25 39 127
 9.200000E+01 274 99721 67 24 47 136
 9.600000E+01 305 99699 78 23 54 150
 1.000000E+02 324 99677 75 27 58 164
 1.040000E+02 351 99647 85 27 61 178
 1.080000E+02 364 99627 80 28 66 190
 1.120000E+02 384 99603 75 35 73 201
 1.160000E+02 424 99577 83 49 79 213
 1.200000E+02 443 99551 77 41 88 237
 1.240000E+02 469 99523 73 43 99 254
 1.280000E+02 501 99492 89 35 106 271
 1.320000E+02 507 99466 73 27 115 292
 1.360000E+02 526 99452 76 25 122 303
 1.400000E+02 549 99437 70 30 128 321
 1.440000E+02 575 99408 68 42 136 329
 1.480000E+02 609 99380 77 38 143 351
 1.520000E+02 629 99361 75 36 147 371
 1.560000E+02 636 99338 58 34 157 387
 1.600000E+02 667 99322 71 32 163 401
 1.640000E+02 680 99308 55 35 170 420
 1.680000E+02 697 99294 54 37 174 432
 1.720000E+02 717 99278 54 37 182 444
 1.760000E+02 725 99259 52 24 188 461
 1.800000E+02 739 99252 46 25 195 473
 1.840000E+02 746 99243 37 24 198 487
 1.880000E+02 755 99232 38 18 202 497
 1.920000E+02 772 99223 38 23 206 505
 1.960000E+02 785 99217 41 24 208 512
 2.000000E+02 797 99210 36 24 212 525

#Simulation ended (eff.: 0.983516, detail below)
	#Events: 97609
	#Valid embedding but no longer unary when required: 0.000000
	#Valid embedding but not binary when required: 0.000000
	#Clashing instance: 0.000000
	#Lazy negative update: 1.000000
	#Lazy negative update of non local instances: 0.000000
	#Perturbation interrupting time advance: 0.000000
