# time 'Cases' 'Susceptible' 'Exposed' 'Infected' 'Removed' 'Deads'
 0.000000E+00 0 15800 0 0 0 0
 4.000000E+00 1 15800 1 0 0 0
 8.000000E+00 3 15800 3 0 0 0
 1.200000E+01 5 15799 4 1 0 0
 1.600000E+01 7 15798 3 4 0 0
 2.000000E+01 14 15792 7 5 2 0
 2.400000E+01 12 15788 5 4 2 1
 2.800000E+01 16 15787 9 0 4 3
 3.200000E+01 20 15785 11 2 4 3
 3.600000E+01 27 15778 16 4 4 3
 4.000000E+01 30 15771 18 2 4 6
 4.400000E+01 26 15766 14 2 4 6
 4.800000E+01 35 15763 22 3 4 6
 5.200000E+01 32 15759 14 3 7 8
 5.600000E+01 36 15755 15 3 7 11
 6.000000E+01 37 15750 13 5 8 11
 6.400000E+01 46 15746 20 6 8 12
 6.800000E+01 52 15741 21 7 10 14
 7.200000E+01 49 15738 14 7 11 17
 7.600000E+01 69 15732 30 5 14 20
 8.000000E+01 70 15728 23 8 16 23
 8.400000E+01 80 15720 29 9 17 25
 8.800000E+01 89 15713 31 8 17 33
 9.200000E+01 92 15704 24 11 18 39
 9.600000E+01 97 15698 23 13 19 42
 1.000000E+02 110 15683 26 10 22 52
 1.040000E+02 122 15676 34 7 24 57
 1.080000E+02 141 15668 47 8 25 61
 1.120000E+02 150 15661 43 16 25 66
 1.160000E+02 153 15654 39 11 27 76
 1.200000E+02 158 15644 35 15 29 79
 1.240000E+02 169 15633 36 16 33 84
 1.280000E+02 175 15626 29 15 36 95
 1.320000E+02 197 15620 37 17 40 103
 1.360000E+02 200 15602 33 14 45 108
 1.400000E+02 202 15593 26 9 46 121
 1.440000E+02 223 15588 36 12 48 127
 1.480000E+02 221 15583 24 15 50 132
 1.520000E+02 225 15576 19 16 52 138
 1.560000E+02 239 15568 31 14 53 141
 1.600000E+02 243 15562 24 14 56 149
 1.640000E+02 254 15554 22 15 58 159
 1.680000E+02 257 15546 19 11 61 166
 1.720000E+02 261 15542 20 9 63 169
 1.760000E+02 270 15536 24 8 65 173
 1.800000E+02 275 15533 26 7 65 177
 1.840000E+02 269 15527 11 11 67 180
 1.880000E+02 284 15525 16 13 67 188
 1.920000E+02 289 15518 20 10 70 189
 1.960000E+02 284 15515 12 7 71 194
 2.000000E+02 291 15511 16 2 74 199

#Simulation ended (eff.: 0.944800, detail below)
	#Events: 18896
	#Valid embedding but no longer unary when required: 0.000000
	#Valid embedding but not binary when required: 0.000000
	#Clashing instance: 0.000000
	#Lazy negative update: 1.000000
	#Lazy negative update of non local instances: 0.000000
	#Perturbation interrupting time advance: 0.000000
