# time 'Cases' 'Susceptible' 'Exposed' 'Infected' 'Removed' 'Deads'
 0.000000E+00 0 1580 0 0 0 0
 4.000000E+00 2 1580 2 0 0 0
 8.000000E+00 1 1580 1 0 0 0
 1.200000E+01 4 1580 3 0 0 1
 1.600000E+01 4 1580 3 0 0 1
 2.000000E+01 3 1580 1 1 0 1
 2.400000E+01 8 1580 5 1 1 1
 2.800000E+01 4 1580 2 0 1 1
 3.200000E+01 9 1579 6 1 1 1
 3.600000E+01 15 1575 10 3 1 1
 4.000000E+01 17 1574 10 4 1 2
 4.400000E+01 16 1569 10 1 2 3
 4.800000E+01 20 1569 12 2 2 4
 5.200000E+01 25 1568 15 4 2 4
 5.600000E+01 15 1567 4 1 2 8
 6.000000E+01 24 1564 10 3 2 9
 6.400000E+01 29 1561 13 5 2 9
 6.800000E+01 26 1559 11 2 3 10
 7.200000E+01 31 1555 14 2 3 12
 7.600000E+01 26 1555 7 3 4 12
 8.000000E+01 36 1550 12 3 5 16
 8.400000E+01 39 1546 14 4 5 16
 8.800000E+01 38 1542 9 5 5 19
 9.200000E+01 51 1539 19 5 6 21
 9.600000E+01 50 1537 15 5 7 23
 1.000000E+02 46 1534 8 5 8 25
 1.040000E+02 56 1530 16 3 9 28
 1.080000E+02 53 1526 11 3 9 30
 1.120000E+02 63 1521 18 1 11 33
 1.160000E+02 68 1520 17 4 13 34
 1.200000E+02 64 1518 10 6 13 35
 1.240000E+02 74 1513 12 10 13 39
 1.280000E+02 81 1504 18 7 15 41
 1.320000E+02 82 1500 16 3 18 45
 1.360000E+02 90 1497 17 8 18 47
 1.400000E+02 87 1492 14 4 18 51
 1.440000E+02 89 1489 14 3 20 52
 1.480000E+02 88 1487 6 4 21 57
 1.520000E+02 98 1486 11 4 24 59
 1.560000E+02 102 1484 12 5 25 60
 1.600000E+02 110 1480 15 8 25 62
 1.640000E+02 106 1478 10 6 26 64
 1.680000E+02 108 1475 10 7 26 65
 1.720000E+02 108 1475 10 0 28 70
 1.760000E+02 107 1475 9 0 28 70
 1.800000E+02 112 1475 8 5 28 71
 1.840000E+02 112 1475 7 4 28 73
 1.880000E+02 123 1475 15 4 31 73
 1.920000E+02 120 1474 7 6 32 75
 1.960000E+02 122 1470 7 4 33 78
 2.000000E+02 120 1469 3 3 35 79

#Simulation ended (eff.: 0.848485, detail below)
	#Events: 3696
	#Valid embedding but no longer unary when required: 0.000000
	#Valid embedding but not binary when required: 0.000000
	#Clashing instance: 0.000000
	#Lazy negative update: 1.000000
	#Lazy negative update of non local instances: 0.000000
	#Perturbation interrupting time advance: 0.000000
