# time 'Cases' 'Susceptible' 'Exposed' 'Infected' 'Removed' 'Deads'
 0.000000E+00 0 15800 0 0 0 0
 4.000000E+00 1 15800 0 1 0 0
 8.000000E+00 3 15799 2 0 0 1
 1.200000E+01 7 15799 6 0 0 1
 1.600000E+01 4 15799 3 0 0 1
 2.000000E+01 11 15799 6 4 0 1
 2.400000E+01 10 15798 4 2 1 3
 2.800000E+01 9 15798 2 0 1 6
 3.200000E+01 13 15796 5 0 1 7
 3.600000E+01 14 15796 5 0 1 8
 4.000000E+01 15 15795 5 1 1 8
 4.400000E+01 17 15794 7 0 1 9
 4.800000E+01 19 15793 6 1 1 11
 5.200000E+01 27 15791 11 3 1 12
 5.600000E+01 31 15781 15 3 1 12
 6.000000E+01 30 15776 12 2 1 15
 6.400000E+01 35 15771 9 7 1 18
 6.800000E+01 34 15768 7 5 1 21
 7.200000E+01 39 15761 7 6 2 24
 7.600000E+01 42 15759 10 4 3 25
 8.000000E+01 43 15756 8 4 4 27
 8.400000E+01 48 15754 13 0 6 29
 8.800000E+01 50 15752 13 2 6 29
 9.200000E+01 55 15746 14 6 6 29
 9.600000E+01 63 15742 17 6 7 33
 1.000000E+02 62 15737 13 6 7 36
 1.040000E+02 61 15732 9 4 9 39
 1.080000E+02 67 15731 12 2 11 42
 1.120000E+02 73 15725 13 4 13 43
 1.160000E+02 78 15724 10 9 14 45
 1.200000E+02 82 15720 12 8 15 47
 1.240000E+02 83 15715 10 6 18 49
 1.280000E+02 83 15714 9 4 19 51
 1.320000E+02 91 15710 14 5 19 53
 1.360000E+02 93 15704 12 4 20 57
 1.400000E+02 92 15702 12 1 20 59
 1.440000E+02 94 15700 11 4 20 59
 1.480000E+02 95 15698 12 2 20 61
 1.520000E+02 105 15695 16 3 21 65
 1.560000E+02 106 15692 11 6 21 68
 1.600000E+02 109 15689 10 9 21 69
 1.640000E+02 112 15685 11 7 23 71
 1.680000E+02 122 15675 18 4 23 77
 1.720000E+02 114 15673 9 1 26 78
 1.760000E+02 116 15673 9 2 26 79
 1.800000E+02 126 15673 14 5 27 80
 1.840000E+02 121 15670 8 2 27 84
 1.880000E+02 125 15669 5 2 28 90
 1.920000E+02 131 15666 6 4 28 93
 1.960000E+02 135 15665 9 4 29 93
 2.000000E+02 147 15663 15 6 30 96

#Simulation ended (eff.: 0.954605, detail below)
	#Events: 16045
	#Valid embedding but no longer unary when required: 0.000000
	#Valid embedding but not binary when required: 0.000000
	#Clashing instance: 0.000000
	#Lazy negative update: 1.000000
	#Lazy negative update of non local instances: 0.000000
	#Perturbation interrupting time advance: 0.000000
