# time 'Cases' 'Susceptible' 'Exposed' 'Infected' 'Removed' 'Deads'
 0.000000E+00 0 7000 0 0 0 0
 4.000000E+00 2 6999 1 1 0 0
 8.000000E+00 5 6994 4 0 0 1
 1.200000E+01 6 6993 4 1 0 1
 1.600000E+01 5 6991 3 1 0 1
 2.000000E+01 4 6987 1 1 1 1
 2.400000E+01 10 6985 7 1 1 1
 2.800000E+01 7 6983 4 1 1 1
 3.200000E+01 8 6983 5 1 1 1
 3.600000E+01 15 6983 11 1 1 2
 4.000000E+01 6 6982 2 0 1 3
 4.400000E+01 10 6982 5 0 2 3
 4.800000E+01 11 6981 5 1 2 3
 5.200000E+01 17 6981 8 3 2 4
 5.600000E+01 14 6980 5 3 2 4
 6.000000E+01 19 6978 10 1 3 5
 6.400000E+01 18 6977 9 1 3 5
 6.800000E+01 20 6977 11 0 3 6
 7.200000E+01 17 6972 5 2 3 7
 7.600000E+01 21 6967 6 4 4 7
 8.000000E+01 22 6967 9 0 6 7
 8.400000E+01 20 6966 5 2 6 7
 8.800000E+01 28 6965 10 4 6 8
 9.200000E+01 29 6959 9 3 6 11
 9.600000E+01 30 6958 10 1 6 13
 1.000000E+02 31 6957 10 2 6 13
 1.040000E+02 27 6956 6 2 6 13
 1.080000E+02 33 6956 11 3 6 13
 1.120000E+02 30 6955 8 2 6 14
 1.160000E+02 37 6954 13 3 6 15
 1.200000E+02 37 6950 14 1 6 16
 1.240000E+02 32 6950 9 1 6 16
 1.280000E+02 34 6950 8 3 6 17
 1.320000E+02 38 6948 11 3 6 18
 1.360000E+02 37 6946 9 3 7 18
 1.400000E+02 33 6944 4 3 8 18
 1.440000E+02 44 6942 8 6 9 21
 1.480000E+02 48 6940 12 0 13 23
 1.520000E+02 56 6932 13 6 14 23
 1.560000E+02 55 6928 12 3 15 25
 1.600000E+02 52 6928 7 1 15 29
 1.640000E+02 58 6927 9 4 15 30
 1.680000E+02 54 6927 7 1 16 30
 1.720000E+02 52 6927 5 1 16 30
 1.760000E+02 59 6927 10 2 16 31
 1.800000E+02 57 6927 8 1 16 32
 1.840000E+02 57 6927 6 1 17 33
 1.880000E+02 56 6927 5 1 17 33
 1.920000E+02 56 6927 4 2 17 33
 1.960000E+02 56 6925 2 2 17 35
 2.000000E+02 64 6922 7 4 17 36

#Simulation ended (eff.: 0.892100, detail below)
	#Events: 7995
	#Valid embedding but no longer unary when required: 0.000000
	#Valid embedding but not binary when required: 0.000000
	#Clashing instance: 0.000000
	#Lazy negative update: 1.000000
	#Lazy negative update of non local instances: 0.000000
	#Perturbation interrupting time advance: 0.000000
