# time 'Cases' 'Susceptible' 'Exposed' 'Infected' 'Removed' 'Deads'
 0.000000E+00 0 7000 0 0 0 0
 4.000000E+00 2 6999 2 0 0 0
 8.000000E+00 1 6999 1 0 0 0
 1.200000E+01 3 6998 2 1 0 0
 1.600000E+01 5 6997 4 1 0 0
 2.000000E+01 3 6996 1 1 0 1
 2.400000E+01 7 6995 3 2 0 2
 2.800000E+01 8 6994 5 0 0 3
 3.200000E+01 6 6994 2 1 0 3
 3.600000E+01 8 6992 4 1 0 3
 4.000000E+01 7 6992 2 1 1 3
 4.400000E+01 8 6992 1 3 1 3
 4.800000E+01 11 6990 3 2 1 5
 5.200000E+01 11 6990 3 1 1 6
 5.600000E+01 12 6986 4 1 1 6
 6.000000E+01 15 6985 5 2 2 6
 6.400000E+01 15 6983 5 0 2 8
 6.800000E+01 15 6982 4 1 2 8
 7.200000E+01 11 6982 1 0 2 8
 7.600000E+01 12 6982 2 0 2 8
 8.000000E+01 16 6982 6 0 2 8
 8.400000E+01 13 6982 2 1 2 8
 8.800000E+01 15 6982 3 2 2 8
 9.200000E+01 14 6981 4 0 2 8
 9.600000E+01 14 6981 4 0 2 8
 1.000000E+02 17 6981 7 0 2 8
 1.040000E+02 17 6981 6 1 2 8
 1.080000E+02 20 6981 6 4 2 8
 1.120000E+02 20 6980 6 1 2 11
 1.160000E+02 18 6979 5 0 2 11
 1.200000E+02 21 6978 6 2 2 11
 1.240000E+02 19 6978 5 0 2 12
 1.280000E+02 21 6978 6 1 2 12
 1.320000E+02 23 6978 7 2 2 12
 1.360000E+02 29 6976 7 6 3 13
 1.400000E+02 25 6972 7 2 3 13
 1.440000E+02 28 6971 9 2 3 14
 1.480000E+02 30 6971 7 4 3 16
 1.520000E+02 29 6971 8 0 3 18
 1.560000E+02 30 6971 7 1 3 19
 1.600000E+02 31 6971 4 5 3 19
 1.640000E+02 33 6970 5 5 3 20
 1.680000E+02 32 6969 5 1 3 23
 1.720000E+02 38 6969 9 1 4 24
 1.760000E+02 39 6969 8 2 4 25
 1.800000E+02 33 6969 2 2 4 25
 1.840000E+02 36 6966 2 3 4 27
 1.880000E+02 41 6965 4 3 6 28
 1.920000E+02 37 6965 2 0 7 28
 1.960000E+02 39 6964 1 2 7 29
 2.000000E+02 44 6964 3 5 7 29

#Simulation ended (eff.: 0.901878, detail below)
	#Events: 7252
	#Valid embedding but no longer unary when required: 0.000000
	#Valid embedding but not binary when required: 0.000000
	#Clashing instance: 0.000000
	#Lazy negative update: 1.000000
	#Lazy negative update of non local instances: 0.000000
	#Perturbation interrupting time advance: 0.000000
