# time 'Cases' 'Susceptible' 'Exposed' 'Infected' 'Removed' 'Deads'
 0.000000E+00 0 700 0 0 0 0
 4.000000E+00 0 700 0 0 0 0
 8.000000E+00 1 700 1 0 0 0
 1.200000E+01 3 700 2 0 0 1
 1.600000E+01 3 699 2 0 0 1
 2.000000E+01 5 699 4 0 0 1
 2.400000E+01 5 696 3 0 0 2
 2.800000E+01 4 696 2 0 0 2
 3.200000E+01 6 694 3 1 0 2
 3.600000E+01 9 691 6 1 0 2
 4.000000E+01 7 691 4 0 0 3
 4.400000E+01 9 691 6 0 0 3
 4.800000E+01 4 690 1 0 0 3
 5.200000E+01 13 690 8 1 1 3
 5.600000E+01 9 689 4 0 1 4
 6.000000E+01 9 689 3 1 1 4
 6.400000E+01 15 687 7 3 1 4
 6.800000E+01 19 683 9 4 1 5
 7.200000E+01 21 682 9 2 1 9
 7.600000E+01 22 680 9 2 1 10
 8.000000E+01 22 678 9 1 1 11
 8.400000E+01 20 676 6 1 1 12
 8.800000E+01 22 676 7 1 1 13
 9.200000E+01 26 674 10 1 1 14
 9.600000E+01 28 674 8 2 3 15
 1.000000E+02 30 674 7 2 3 18
 1.040000E+02 35 671 11 1 3 20
 1.080000E+02 39 669 12 4 3 20
 1.120000E+02 41 668 10 0 6 25
 1.160000E+02 48 667 14 3 6 25
 1.200000E+02 45 663 5 7 6 27
 1.240000E+02 58 658 13 6 8 31
 1.280000E+02 53 655 6 4 10 33
 1.320000E+02 61 654 12 5 11 33
 1.360000E+02 57 653 7 4 12 34
 1.400000E+02 58 651 6 5 12 35
 1.440000E+02 61 649 9 4 12 36
 1.480000E+02 69 647 13 6 12 38
 1.520000E+02 75 647 15 7 14 39
 1.560000E+02 76 643 11 6 15 44
 1.600000E+02 74 637 10 3 15 46
 1.640000E+02 72 635 6 5 15 46
 1.680000E+02 81 632 12 6 16 47
 1.720000E+02 88 629 15 8 16 49
 1.760000E+02 91 625 14 7 19 51
 1.800000E+02 91 622 15 3 20 53
 1.840000E+02 87 620 7 2 20 58
 1.880000E+02 87 619 4 3 20 60
 1.920000E+02 96 619 8 6 20 62
 1.960000E+02 99 617 11 4 20 64
 2.000000E+02 89 616 3 1 20 65

#Simulation ended (eff.: 0.738627, detail below)
	#Events: 2809
	#Valid embedding but no longer unary when required: 0.000000
	#Valid embedding but not binary when required: 0.000000
	#Clashing instance: 0.000000
	#Lazy negative update: 1.000000
	#Lazy negative update of non local instances: 0.000000
	#Perturbation interrupting time advance: 0.000000
