# time 'Cases' 'Susceptible' 'Exposed' 'Infected' 'Removed' 'Deads'
 0.000000E+00 0 470 0 0 0 0
 4.000000E+00 3 470 2 0 1 0
 8.000000E+00 4 470 1 1 2 0
 1.200000E+01 4 470 1 0 2 1
 1.600000E+01 6 470 3 0 2 1
 2.000000E+01 5 470 2 0 2 1
 2.400000E+01 5 470 1 0 2 2
 2.800000E+01 7 469 3 0 2 2
 3.200000E+01 6 468 0 1 2 3
 3.600000E+01 9 466 3 1 2 3
 4.000000E+01 7 466 1 0 2 4
 4.400000E+01 10 466 4 0 2 4
 4.800000E+01 8 466 1 1 2 4
 5.200000E+01 8 465 0 2 2 4
 5.600000E+01 13 465 5 2 2 4
 6.000000E+01 11 464 3 1 2 5
 6.400000E+01 14 463 6 1 2 5
 6.800000E+01 16 461 8 1 2 5
 7.200000E+01 14 460 4 2 2 6
 7.600000E+01 18 457 6 3 2 7
 8.000000E+01 21 455 7 3 3 8
 8.400000E+01 22 454 7 4 3 8
 8.800000E+01 21 454 6 0 6 9
 9.200000E+01 20 454 5 0 6 9
 9.600000E+01 28 453 11 1 7 9
 1.000000E+02 22 450 3 3 7 9
 1.040000E+02 25 447 6 3 7 9
 1.080000E+02 23 446 5 0 7 11
 1.120000E+02 23 445 5 0 7 11
 1.160000E+02 24 443 4 1 8 11
 1.200000E+02 30 442 8 3 8 11
 1.240000E+02 30 441 7 2 8 13
 1.280000E+02 30 441 8 0 8 14
 1.320000E+02 29 441 7 0 8 14
 1.360000E+02 32 439 8 1 8 15
 1.400000E+02 33 438 8 1 9 15
 1.440000E+02 32 437 4 2 9 17
 1.480000E+02 39 437 7 2 10 20
 1.520000E+02 40 437 2 5 12 21
 1.560000E+02 41 437 5 3 12 21
 1.600000E+02 44 434 6 3 13 22
 1.640000E+02 52 432 13 3 13 23
 1.680000E+02 47 431 6 4 13 24
 1.720000E+02 45 430 4 2 14 25
 1.760000E+02 51 429 7 3 15 26
 1.800000E+02 50 427 6 1 15 28
 1.840000E+02 54 427 8 1 16 29
 1.880000E+02 52 427 6 0 16 30
 1.920000E+02 50 427 3 1 16 30
 1.960000E+02 52 426 4 2 16 30
 2.000000E+02 55 426 3 4 17 31

#Simulation ended (eff.: 0.756601, detail below)
	#Events: 1576
	#Valid embedding but no longer unary when required: 0.000000
	#Valid embedding but not binary when required: 0.000000
	#Clashing instance: 0.000000
	#Lazy negative update: 1.000000
	#Lazy negative update of non local instances: 0.000000
	#Perturbation interrupting time advance: 0.000000
