# time 'Cases' 'Susceptible' 'Exposed' 'Infected' 'Removed' 'Deads'
 0.000000E+00 0 700 0 0 0 0
 4.000000E+00 2 700 0 2 0 0
 8.000000E+00 2 699 1 0 0 1
 1.200000E+01 5 699 4 0 0 1
 1.600000E+01 3 697 1 1 0 1
 2.000000E+01 5 697 3 0 1 1
 2.400000E+01 4 697 1 0 1 2
 2.800000E+01 5 697 1 1 1 2
 3.200000E+01 8 696 3 1 1 3
 3.600000E+01 8 695 4 0 1 3
 4.000000E+01 15 694 9 1 1 4
 4.400000E+01 18 692 10 2 2 4
 4.800000E+01 15 689 6 2 3 4
 5.200000E+01 17 687 6 3 3 5
 5.600000E+01 21 684 10 2 3 6
 6.000000E+01 23 681 11 2 3 7
 6.400000E+01 24 673 11 1 3 9
 6.800000E+01 28 672 14 0 3 11
 7.200000E+01 35 669 14 5 3 13
 7.600000E+01 44 665 17 7 6 14
 8.000000E+01 40 665 15 2 7 16
 8.400000E+01 41 664 16 1 8 16
 8.800000E+01 44 661 17 3 8 16
 9.200000E+01 45 657 13 7 9 16
 9.600000E+01 45 654 13 3 10 19
 1.000000E+02 43 650 11 1 11 20
 1.040000E+02 45 649 13 1 11 20
 1.080000E+02 50 648 15 2 12 21
 1.120000E+02 51 647 13 3 12 23
 1.160000E+02 48 645 10 2 13 23
 1.200000E+02 55 643 16 1 15 23
 1.240000E+02 52 642 10 4 15 23
 1.280000E+02 56 640 12 5 15 24
 1.320000E+02 58 635 12 5 15 26
 1.360000E+02 56 630 10 3 16 27
 1.400000E+02 59 630 10 4 17 28
 1.440000E+02 58 629 8 4 17 29
 1.480000E+02 58 627 9 1 18 30
 1.520000E+02 61 627 9 3 18 31
 1.560000E+02 63 625 8 3 20 32
 1.600000E+02 62 625 8 1 21 32
 1.640000E+02 59 624 3 3 21 32
 1.680000E+02 66 622 10 2 21 33
 1.720000E+02 65 620 8 2 21 34
 1.760000E+02 67 620 10 1 21 35
 1.800000E+02 68 619 6 3 22 37
 1.840000E+02 70 619 4 5 23 38
 1.880000E+02 70 617 3 4 24 39
 1.920000E+02 74 615 6 3 25 40
 1.960000E+02 76 614 8 2 26 40
 2.000000E+02 71 614 3 0 26 42

#Simulation ended (eff.: 0.745223, detail below)
	#Events: 2925
	#Valid embedding but no longer unary when required: 0.000000
	#Valid embedding but not binary when required: 0.000000
	#Clashing instance: 0.000000
	#Lazy negative update: 1.000000
	#Lazy negative update of non local instances: 0.000000
	#Perturbation interrupting time advance: 0.000000
