# time 'Cases' 'Susceptible' 'Exposed' 'Infected' 'Removed' 'Deads'
 0.000000E+00 0 470 0 0 0 0
 4.000000E+00 1 470 1 0 0 0
 8.000000E+00 1 470 1 0 0 0
 1.200000E+01 0 470 0 0 0 0
 1.600000E+01 2 470 1 1 0 0
 2.000000E+01 0 470 0 0 0 0
 2.400000E+01 3 470 3 0 0 0
 2.800000E+01 4 470 4 0 0 0
 3.200000E+01 0 470 0 0 0 0
 3.600000E+01 3 470 3 0 0 0
 4.000000E+01 2 470 2 0 0 0
 4.400000E+01 2 470 2 0 0 0
 4.800000E+01 1 470 0 1 0 0
 5.200000E+01 6 470 5 0 0 1
 5.600000E+01 4 470 2 0 0 2
 6.000000E+01 2 469 0 0 0 2
 6.400000E+01 3 469 1 0 0 2
 6.800000E+01 4 469 2 0 0 2
 7.200000E+01 6 469 4 0 0 2
 7.600000E+01 6 467 3 0 0 3
 8.000000E+01 6 466 1 1 0 4
 8.400000E+01 8 466 3 0 0 5
 8.800000E+01 10 466 5 0 0 5
 9.200000E+01 11 466 6 0 0 5
 9.600000E+01 8 466 3 0 0 5
 1.000000E+02 10 465 4 1 0 5
 1.040000E+02 8 465 3 0 0 5
 1.080000E+02 10 465 4 1 0 5
 1.120000E+02 9 465 2 2 0 5
 1.160000E+02 11 465 5 0 1 5
 1.200000E+02 12 464 3 2 2 5
 1.240000E+02 11 461 2 1 2 6
 1.280000E+02 17 460 3 4 4 6
 1.320000E+02 18 459 4 2 4 8
 1.360000E+02 15 459 1 2 4 8
 1.400000E+02 19 459 5 1 5 8
 1.440000E+02 19 459 5 0 5 9
 1.480000E+02 22 459 6 1 6 9
 1.520000E+02 18 459 3 0 6 9
 1.560000E+02 21 458 4 2 6 9
 1.600000E+02 23 457 6 1 7 9
 1.640000E+02 27 456 6 3 8 10
 1.680000E+02 24 454 3 2 8 11
 1.720000E+02 24 454 2 1 10 11
 1.760000E+02 23 453 0 2 10 11
 1.800000E+02 25 452 3 0 11 11
 1.840000E+02 25 452 3 0 11 11
 1.880000E+02 27 452 4 0 11 12
 1.920000E+02 28 451 4 0 11 13
 1.960000E+02 26 451 2 0 11 13
 2.000000E+02 27 451 2 1 11 13

#Simulation ended (eff.: 0.737307, detail below)
	#Events: 1002
	#Valid embedding but no longer unary when required: 0.000000
	#Valid embedding but not binary when required: 0.000000
	#Clashing instance: 0.000000
	#Lazy negative update: 1.000000
	#Lazy negative update of non local instances: 0.000000
	#Perturbation interrupting time advance: 0.000000
