# time 'Cases' 'Susceptible' 'Exposed' 'Infected' 'Removed' 'Deads'
 0.000000E+00 0 4700 0 0 0 0
 4.000000E+00 1 4700 1 0 0 0
 8.000000E+00 3 4700 2 1 0 0
 1.200000E+01 1 4699 0 1 0 0
 1.600000E+01 3 4699 2 0 0 1
 2.000000E+01 3 4699 2 0 0 1
 2.400000E+01 5 4699 3 0 0 2
 2.800000E+01 3 4699 1 0 0 2
 3.200000E+01 5 4699 3 0 0 2
 3.600000E+01 2 4699 0 0 0 2
 4.000000E+01 9 4699 6 1 0 2
 4.400000E+01 7 4697 2 2 0 3
 4.800000E+01 8 4696 4 0 0 4
 5.200000E+01 9 4695 2 3 0 4
 5.600000E+01 9 4695 2 1 1 5
 6.000000E+01 16 4694 6 3 1 6
 6.400000E+01 13 4691 4 2 1 6
 6.800000E+01 12 4689 3 1 1 7
 7.200000E+01 13 4687 4 1 1 7
 7.600000E+01 13 4686 1 3 1 8
 8.000000E+01 15 4684 4 0 2 9
 8.400000E+01 17 4684 3 2 2 10
 8.800000E+01 20 4684 6 1 2 11
 9.200000E+01 20 4684 6 1 2 11
 9.600000E+01 23 4683 9 0 3 11
 1.000000E+02 22 4681 6 1 3 12
 1.040000E+02 24 4681 5 3 3 13
 1.080000E+02 26 4680 6 1 3 16
 1.120000E+02 31 4678 9 2 3 17
 1.160000E+02 29 4675 7 1 4 17
 1.200000E+02 28 4675 5 0 4 19
 1.240000E+02 27 4675 4 0 4 19
 1.280000E+02 33 4675 8 2 4 19
 1.320000E+02 36 4671 7 4 4 21
 1.360000E+02 35 4670 4 2 5 24
 1.400000E+02 34 4668 4 0 6 24
 1.440000E+02 33 4668 2 0 7 24
 1.480000E+02 36 4668 4 0 8 24
 1.520000E+02 38 4666 2 2 9 25
 1.560000E+02 44 4666 7 1 9 27
 1.600000E+02 44 4666 8 0 9 27
 1.640000E+02 45 4665 7 2 9 27
 1.680000E+02 44 4665 2 6 9 27
 1.720000E+02 46 4663 4 4 9 29
 1.760000E+02 46 4661 4 4 9 29
 1.800000E+02 45 4661 4 1 10 30
 1.840000E+02 49 4661 9 0 10 30
 1.880000E+02 46 4661 3 0 10 33
 1.920000E+02 45 4661 1 1 10 33
 1.960000E+02 49 4660 5 1 10 33
 2.000000E+02 48 4660 3 1 11 33

#Simulation ended (eff.: 0.910259, detail below)
	#Events: 5102
	#Valid embedding but no longer unary when required: 0.000000
	#Valid embedding but not binary when required: 0.000000
	#Clashing instance: 0.000000
	#Lazy negative update: 1.000000
	#Lazy negative update of non local instances: 0.000000
	#Perturbation interrupting time advance: 0.000000
