# time 'Cases' 'Susceptible' 'Exposed' 'Infected' 'Removed' 'Deads'
 0.000000E+00 10 10000 0 10 0 0
 4.000000E+00 13 9995 3 5 1 4
 8.000000E+00 13 9992 3 3 1 6
 1.200000E+01 14 9990 4 3 1 6
 1.600000E+01 17 9989 7 2 2 6
 2.000000E+01 20 9988 5 5 3 7
 2.400000E+01 22 9986 8 3 3 8
 2.800000E+01 21 9982 7 3 3 8
 3.200000E+01 21 9980 7 2 3 9
 3.600000E+01 28 9976 13 0 5 10
 4.000000E+01 35 9971 17 3 5 10
 4.400000E+01 35 9969 13 4 5 13
 4.800000E+01 41 9966 18 3 5 15
 5.200000E+01 44 9962 12 8 6 18
 5.600000E+01 51 9955 14 5 9 23
 6.000000E+01 55 9952 15 5 9 26
 6.400000E+01 59 9944 15 7 11 26
 6.800000E+01 61 9941 14 7 12 28
 7.200000E+01 73 9934 21 7 13 32
 7.600000E+01 86 9930 27 8 15 36
 8.000000E+01 86 9927 26 6 16 38
 8.400000E+01 102 9920 31 13 16 42
 8.800000E+01 101 9913 22 10 18 51
 9.200000E+01 109 9905 21 12 21 55
 9.600000E+01 134 9894 37 10 23 64
 1.000000E+02 132 9889 27 10 26 69
 1.040000E+02 144 9882 28 16 27 73
 1.080000E+02 147 9875 20 10 31 86
 1.120000E+02 154 9870 18 10 34 92
 1.160000E+02 169 9862 26 9 36 98
 1.200000E+02 167 9855 17 8 37 105
 1.240000E+02 176 9846 16 10 40 110
 1.280000E+02 183 9840 19 9 42 113
 1.320000E+02 195 9833 25 9 44 117
 1.360000E+02 194 9829 20 9 44 121
 1.400000E+02 196 9826 17 8 48 123
 1.440000E+02 204 9823 21 8 49 126
 1.480000E+02 207 9816 20 8 50 129
 1.520000E+02 210 9812 18 10 51 131
 1.560000E+02 216 9807 19 9 52 136
 1.600000E+02 218 9801 16 9 53 140
 1.640000E+02 221 9795 15 8 55 143
 1.680000E+02 229 9794 16 9 57 147
 1.720000E+02 235 9788 14 10 60 151
 1.760000E+02 239 9786 16 7 61 155
 1.800000E+02 250 9778 18 9 62 161
 1.840000E+02 259 9771 23 9 63 164
 1.880000E+02 252 9770 15 3 64 170
 1.920000E+02 267 9768 18 12 65 172
 1.960000E+02 263 9764 13 5 66 179
 2.000000E+02 263 9762 8 8 66 181

#Simulation ended (eff.: 0.945439, detail below)
	#Events: 12407
	#Valid embedding but no longer unary when required: 0.000000
	#Valid embedding but not binary when required: 0.000000
	#Clashing instance: 0.000000
	#Lazy negative update: 1.000000
	#Lazy negative update of non local instances: 0.000000
	#Perturbation interrupting time advance: 0.000000
