# time 'Cases' 'Susceptible' 'Exposed' 'Infected' 'Removed' 'Deads'
 0.000000E+00 0 4700 0 0 0 0
 4.000000E+00 0 4700 0 0 0 0
 8.000000E+00 2 4700 1 1 0 0
 1.200000E+01 3 4700 2 0 1 0
 1.600000E+01 4 4700 3 0 1 0
 2.000000E+01 6 4699 3 2 1 0
 2.400000E+01 7 4698 4 1 1 1
 2.800000E+01 6 4695 2 2 1 1
 3.200000E+01 5 4695 2 1 1 1
 3.600000E+01 6 4695 4 0 1 1
 4.000000E+01 7 4695 5 0 1 1
 4.400000E+01 9 4695 6 1 1 1
 4.800000E+01 7 4694 3 1 2 1
 5.200000E+01 6 4693 2 0 2 2
 5.600000E+01 10 4692 5 1 2 2
 6.000000E+01 11 4692 5 1 2 3
 6.400000E+01 11 4691 3 2 2 4
 6.800000E+01 16 4684 7 2 2 5
 7.200000E+01 15 4682 5 3 2 5
 7.600000E+01 16 4678 6 2 3 5
 8.000000E+01 20 4676 8 2 4 6
 8.400000E+01 29 4673 14 4 4 7
 8.800000E+01 34 4668 18 2 4 10
 9.200000E+01 29 4666 8 6 5 10
 9.600000E+01 30 4662 9 3 6 12
 1.000000E+02 27 4662 6 1 6 14
 1.040000E+02 32 4659 8 4 6 14
 1.080000E+02 35 4654 7 8 6 14
 1.120000E+02 37 4654 10 3 8 16
 1.160000E+02 36 4650 6 4 8 18
 1.200000E+02 35 4648 5 3 8 19
 1.240000E+02 45 4647 12 5 9 19
 1.280000E+02 44 4646 10 4 10 20
 1.320000E+02 38 4645 2 2 11 23
 1.360000E+02 46 4642 6 5 12 23
 1.400000E+02 52 4640 12 2 12 26
 1.440000E+02 51 4640 8 3 12 28
 1.480000E+02 55 4637 10 4 12 29
 1.520000E+02 53 4636 10 1 12 30
 1.560000E+02 58 4633 10 4 13 31
 1.600000E+02 60 4632 10 4 13 33
 1.640000E+02 62 4630 11 2 15 34
 1.680000E+02 63 4628 9 4 15 35
 1.720000E+02 68 4626 11 5 15 37
 1.760000E+02 70 4624 8 7 16 39
 1.800000E+02 68 4623 5 4 17 42
 1.840000E+02 67 4623 3 3 18 43
 1.880000E+02 72 4623 8 2 18 44
 1.920000E+02 70 4623 4 3 18 45
 1.960000E+02 70 4623 4 3 18 45
 2.000000E+02 67 4622 3 0 18 46

#Simulation ended (eff.: 0.899136, detail below)
	#Events: 5723
	#Valid embedding but no longer unary when required: 0.000000
	#Valid embedding but not binary when required: 0.000000
	#Clashing instance: 0.000000
	#Lazy negative update: 1.000000
	#Lazy negative update of non local instances: 0.000000
	#Perturbation interrupting time advance: 0.000000
