# time 'Cases' 'Susceptible' 'Exposed' 'Infected' 'Removed' 'Deads'
 0.000000E+00 10 10000 0 10 0 0
 4.000000E+00 15 9991 6 4 1 4
 8.000000E+00 18 9986 10 1 2 5
 1.200000E+01 17 9984 8 0 3 6
 1.600000E+01 19 9981 7 3 3 6
 2.000000E+01 28 9977 13 5 3 7
 2.400000E+01 27 9974 11 2 4 10
 2.800000E+01 30 9972 12 2 5 11
 3.200000E+01 36 9971 12 5 6 13
 3.600000E+01 35 9969 7 3 9 16
 4.000000E+01 39 9965 8 4 10 17
 4.400000E+01 53 9959 18 4 10 21
 4.800000E+01 49 9955 12 3 10 24
 5.200000E+01 55 9948 14 5 10 26
 5.600000E+01 60 9946 17 5 10 28
 6.000000E+01 66 9941 19 5 11 31
 6.400000E+01 72 9938 21 6 12 33
 6.800000E+01 78 9930 21 8 14 35
 7.200000E+01 90 9925 25 11 16 38
 7.600000E+01 98 9916 22 13 20 43
 8.000000E+01 107 9912 23 10 24 50
 8.400000E+01 120 9904 28 13 25 54
 8.800000E+01 122 9894 22 11 32 57
 9.200000E+01 128 9891 22 12 35 59
 9.600000E+01 130 9882 16 13 38 63
 1.000000E+02 143 9876 20 16 39 68
 1.040000E+02 156 9869 25 13 41 77
 1.080000E+02 161 9859 21 15 43 82
 1.120000E+02 174 9845 28 10 46 90
 1.160000E+02 183 9839 29 14 48 92
 1.200000E+02 192 9823 28 15 51 98
 1.240000E+02 204 9814 35 12 53 104
 1.280000E+02 202 9805 23 13 57 109
 1.320000E+02 211 9796 26 9 59 117
 1.360000E+02 226 9788 30 11 61 124
 1.400000E+02 242 9776 38 12 64 128
 1.440000E+02 243 9770 25 15 66 137
 1.480000E+02 260 9753 29 16 71 144
 1.520000E+02 262 9744 22 11 76 153
 1.560000E+02 278 9736 34 9 79 156
 1.600000E+02 282 9728 28 12 83 159
 1.640000E+02 284 9728 27 8 86 163
 1.680000E+02 299 9720 24 15 89 171
 1.720000E+02 305 9713 22 14 93 176
 1.760000E+02 311 9707 20 18 94 179
 1.800000E+02 317 9699 20 13 95 189
 1.840000E+02 334 9691 23 20 96 195
 1.880000E+02 337 9681 22 14 99 202
 1.920000E+02 347 9677 23 14 102 208
 1.960000E+02 360 9663 21 17 105 217
 2.000000E+02 362 9655 15 13 109 225

#Simulation ended (eff.: 0.941774, detail below)
	#Events: 13344
	#Valid embedding but no longer unary when required: 0.000000
	#Valid embedding but not binary when required: 0.000000
	#Clashing instance: 0.000000
	#Lazy negative update: 1.000000
	#Lazy negative update of non local instances: 0.000000
	#Perturbation interrupting time advance: 0.000000
