# time 'Cases' 'Susceptible' 'Exposed' 'Infected' 'Removed' 'Deads'
 0.000000E+00 0 1580 0 0 0 0
 4.000000E+00 4 1579 1 3 0 0
 8.000000E+00 3 1579 2 1 0 0
 1.200000E+01 4 1578 3 0 0 1
 1.600000E+01 4 1577 3 0 0 1
 2.000000E+01 9 1577 7 1 0 1
 2.400000E+01 5 1576 3 1 0 1
 2.800000E+01 8 1576 6 1 0 1
 3.200000E+01 11 1573 5 5 0 1
 3.600000E+01 10 1570 5 3 0 2
 4.000000E+01 11 1569 6 2 1 2
 4.400000E+01 12 1568 7 2 1 2
 4.800000E+01 12 1566 8 0 1 3
 5.200000E+01 13 1565 6 1 1 5
 5.600000E+01 13 1561 6 1 1 5
 6.000000E+01 15 1561 7 0 3 5
 6.400000E+01 18 1561 7 1 4 6
 6.800000E+01 16 1560 5 0 5 6
 7.200000E+01 20 1559 6 3 5 6
 7.600000E+01 17 1554 2 2 7 6
 8.000000E+01 20 1553 6 1 7 6
 8.400000E+01 23 1553 9 0 8 6
 8.800000E+01 21 1552 5 2 8 6
 9.200000E+01 24 1552 9 1 8 6
 9.600000E+01 23 1550 6 3 8 6
 1.000000E+02 24 1548 6 2 9 7
 1.040000E+02 27 1547 6 2 9 10
 1.080000E+02 28 1545 5 3 9 11
 1.120000E+02 30 1543 4 2 10 14
 1.160000E+02 36 1540 8 3 10 15
 1.200000E+02 32 1538 4 2 10 16
 1.240000E+02 33 1537 4 1 10 18
 1.280000E+02 33 1536 3 1 10 19
 1.320000E+02 34 1534 1 4 10 19
 1.360000E+02 35 1534 3 1 11 20
 1.400000E+02 34 1533 2 0 12 20
 1.440000E+02 34 1533 2 0 12 20
 1.480000E+02 34 1533 1 1 12 20
 1.520000E+02 38 1533 5 0 12 21
 1.560000E+02 42 1533 8 1 12 21
 1.600000E+02 38 1533 4 0 12 22
 1.640000E+02 42 1532 5 2 12 23
 1.680000E+02 38 1530 1 0 13 24
 1.720000E+02 39 1529 2 0 13 24
 1.760000E+02 40 1529 1 2 13 24
 1.800000E+02 41 1529 1 1 13 26
 1.840000E+02 41 1529 1 0 13 27
 1.880000E+02 43 1529 3 0 13 27
 1.920000E+02 43 1529 3 0 13 27
 1.960000E+02 44 1529 4 0 13 27
 2.000000E+02 41 1529 1 0 13 27

#Simulation ended (eff.: 0.840622, detail below)
	#Events: 2326
	#Valid embedding but no longer unary when required: 0.000000
	#Valid embedding but not binary when required: 0.000000
	#Clashing instance: 0.000000
	#Lazy negative update: 1.000000
	#Lazy negative update of non local instances: 0.000000
	#Perturbation interrupting time advance: 0.000000
