# time 'Cases' 'Susceptible' 'Exposed' 'Infected' 'Removed' 'Deads'
 0.000000E+00 10 10000 0 10 0 0
 4.000000E+00 15 9987 7 4 1 3
 8.000000E+00 17 9984 9 2 2 4
 1.200000E+01 17 9984 7 4 2 4
 1.600000E+01 24 9975 14 3 2 5
 2.000000E+01 28 9973 14 4 2 8
 2.400000E+01 29 9967 15 2 2 10
 2.800000E+01 35 9965 18 3 3 11
 3.200000E+01 40 9961 19 5 3 13
 3.600000E+01 37 9958 14 4 3 16
 4.000000E+01 44 9953 19 3 5 17
 4.400000E+01 48 9949 19 5 5 19
 4.800000E+01 52 9943 14 4 5 29
 5.200000E+01 62 9937 23 3 6 30
 5.600000E+01 69 9931 24 8 7 30
 6.000000E+01 80 9924 32 7 7 34
 6.400000E+01 88 9916 29 11 8 40
 6.800000E+01 96 9906 29 15 9 43
 7.200000E+01 101 9891 31 11 9 50
 7.600000E+01 117 9879 36 15 11 55
 8.000000E+01 131 9866 43 10 14 64
 8.400000E+01 142 9851 45 12 17 68
 8.800000E+01 150 9842 40 17 19 74
 9.200000E+01 168 9833 51 11 24 82
 9.600000E+01 178 9820 50 17 26 85
 1.000000E+02 186 9805 40 20 31 95
 1.040000E+02 209 9791 49 18 38 104
 1.080000E+02 219 9779 50 15 40 114
 1.120000E+02 223 9770 48 13 41 121
 1.160000E+02 224 9757 32 20 44 128
 1.200000E+02 248 9747 47 20 46 135
 1.240000E+02 257 9741 41 16 51 149
 1.280000E+02 274 9729 39 25 56 154
 1.320000E+02 288 9713 41 20 63 164
 1.360000E+02 298 9698 41 15 67 175
 1.400000E+02 318 9682 44 20 71 183
 1.440000E+02 331 9673 43 22 77 189
 1.480000E+02 328 9662 32 14 81 201
 1.520000E+02 338 9656 31 14 87 206
 1.560000E+02 352 9644 41 14 88 209
 1.600000E+02 359 9636 31 21 90 217
 1.640000E+02 356 9632 23 16 92 225
 1.680000E+02 375 9619 33 16 93 233
 1.720000E+02 386 9611 39 12 96 239
 1.760000E+02 398 9604 35 19 98 246
 1.800000E+02 410 9594 40 18 105 247
 1.840000E+02 415 9585 31 23 108 253
 1.880000E+02 419 9580 21 19 115 264
 1.920000E+02 432 9573 23 14 120 275
 1.960000E+02 434 9570 16 12 123 283
 2.000000E+02 445 9567 22 9 127 287

#Simulation ended (eff.: 0.937531, detail below)
	#Events: 15083
	#Valid embedding but no longer unary when required: 0.000000
	#Valid embedding but not binary when required: 0.000000
	#Clashing instance: 0.000000
	#Lazy negative update: 1.000000
	#Lazy negative update of non local instances: 0.000000
	#Perturbation interrupting time advance: 0.000000
