# time 'Cases' 'Susceptible' 'Exposed' 'Infected' 'Removed' 'Deads'
 0.000000E+00 0 1580 0 0 0 0
 4.000000E+00 1 1580 1 0 0 0
 8.000000E+00 1 1580 1 0 0 0
 1.200000E+01 0 1580 0 0 0 0
 1.600000E+01 3 1579 2 1 0 0
 2.000000E+01 3 1578 2 0 0 1
 2.400000E+01 3 1578 0 2 0 1
 2.800000E+01 6 1573 4 1 0 1
 3.200000E+01 8 1572 5 0 0 3
 3.600000E+01 8 1572 4 0 0 4
 4.000000E+01 14 1571 9 1 0 4
 4.400000E+01 16 1566 9 3 0 4
 4.800000E+01 19 1563 11 2 1 5
 5.200000E+01 18 1562 9 2 1 6
 5.600000E+01 23 1561 12 2 1 8
 6.000000E+01 22 1560 10 1 2 9
 6.400000E+01 23 1558 6 4 3 10
 6.800000E+01 28 1554 9 4 3 12
 7.200000E+01 36 1548 13 4 5 14
 7.600000E+01 52 1542 22 10 5 15
 8.000000E+01 44 1533 15 5 6 18
 8.400000E+01 53 1526 23 4 6 20
 8.800000E+01 44 1524 12 5 6 21
 9.200000E+01 56 1521 18 9 7 22
 9.600000E+01 69 1517 28 7 9 25
 1.000000E+02 67 1510 22 6 9 30
 1.040000E+02 70 1503 20 9 9 32
 1.080000E+02 73 1496 20 7 12 34
 1.120000E+02 85 1492 26 10 13 36
 1.160000E+02 90 1482 29 6 14 41
 1.200000E+02 91 1478 20 12 15 44
 1.240000E+02 114 1468 37 13 18 46
 1.280000E+02 125 1461 37 12 19 57
 1.320000E+02 129 1451 32 13 20 64
 1.360000E+02 139 1444 31 15 23 70
 1.400000E+02 144 1437 26 17 26 75
 1.440000E+02 147 1434 20 15 29 83
 1.480000E+02 142 1427 17 8 31 86
 1.520000E+02 156 1424 27 7 33 89
 1.560000E+02 174 1419 36 11 33 94
 1.600000E+02 170 1415 22 12 34 102
 1.640000E+02 179 1408 25 16 35 103
 1.680000E+02 189 1401 29 14 38 108
 1.720000E+02 189 1400 22 13 41 113
 1.760000E+02 193 1398 20 11 44 118
 1.800000E+02 200 1390 25 10 46 119
 1.840000E+02 209 1388 28 9 49 123
 1.880000E+02 210 1380 20 13 51 126
 1.920000E+02 216 1373 22 12 51 131
 1.960000E+02 222 1366 20 10 55 137
 2.000000E+02 212 1364 8 9 56 139

#Simulation ended (eff.: 0.852108, detail below)
	#Events: 5416
	#Valid embedding but no longer unary when required: 0.000000
	#Valid embedding but not binary when required: 0.000000
	#Clashing instance: 0.000000
	#Lazy negative update: 1.000000
	#Lazy negative update of non local instances: 0.000000
	#Perturbation interrupting time advance: 0.000000
