# time 'Cases' 'Susceptible' 'Exposed' 'Infected' 'Removed' 'Deads'
 0.000000E+00 0 470 0 0 0 0
 4.000000E+00 2 470 2 0 0 0
 8.000000E+00 2 470 2 0 0 0
 1.200000E+01 2 469 1 1 0 0
 1.600000E+01 7 466 5 1 1 0
 2.000000E+01 9 464 6 1 1 1
 2.400000E+01 8 464 5 0 2 1
 2.800000E+01 5 464 1 1 2 1
 3.200000E+01 6 463 2 1 2 1
 3.600000E+01 8 463 3 2 2 1
 4.000000E+01 9 463 4 1 2 2
 4.400000E+01 12 463 6 2 2 2
 4.800000E+01 14 461 7 2 2 3
 5.200000E+01 16 457 9 2 2 3
 5.600000E+01 13 457 6 0 2 5
 6.000000E+01 12 457 4 0 2 6
 6.400000E+01 17 456 7 2 2 6
 6.800000E+01 23 453 10 3 2 8
 7.200000E+01 24 450 11 3 2 8
 7.600000E+01 25 448 10 1 2 12
 8.000000E+01 32 447 17 0 3 12
 8.400000E+01 28 444 9 2 3 14
 8.800000E+01 34 442 15 1 3 15
 9.200000E+01 32 440 12 1 3 16
 9.600000E+01 28 438 6 2 3 17
 1.000000E+02 45 433 16 6 3 20
 1.040000E+02 43 428 12 5 4 22
 1.080000E+02 41 426 11 2 5 23
 1.120000E+02 46 425 11 7 5 23
 1.160000E+02 50 421 15 5 5 25
 1.200000E+02 62 416 22 7 6 27
 1.240000E+02 55 415 12 6 6 31
 1.280000E+02 57 413 16 1 8 32
 1.320000E+02 63 412 17 4 10 32
 1.360000E+02 62 409 13 3 11 35
 1.400000E+02 62 407 11 5 11 35
 1.440000E+02 65 403 10 4 12 39
 1.480000E+02 73 403 15 2 13 43
 1.520000E+02 72 402 11 4 13 44
 1.560000E+02 69 401 10 1 13 45
 1.600000E+02 74 398 12 3 13 46
 1.640000E+02 79 396 10 7 14 48
 1.680000E+02 80 395 11 3 15 51
 1.720000E+02 78 395 5 1 18 54
 1.760000E+02 83 394 7 0 18 58
 1.800000E+02 84 393 7 1 18 58
 1.840000E+02 88 392 8 3 19 58
 1.880000E+02 90 391 10 2 19 59
 1.920000E+02 93 388 9 6 19 59
 1.960000E+02 94 383 9 4 20 61
 2.000000E+02 92 383 6 3 20 63

#Simulation ended (eff.: 0.781690, detail below)
	#Events: 2553
	#Valid embedding but no longer unary when required: 0.000000
	#Valid embedding but not binary when required: 0.000000
	#Clashing instance: 0.000000
	#Lazy negative update: 1.000000
	#Lazy negative update of non local instances: 0.000000
	#Perturbation interrupting time advance: 0.000000
