# time 'Cases' 'Susceptible' 'Exposed' 'Infected' 'Removed' 'Deads'
 0.000000E+00 10 10000 0 10 0 0
 4.000000E+00 18 9987 9 4 2 3
 8.000000E+00 23 9984 14 2 2 5
 1.200000E+01 22 9979 9 5 3 5
 1.600000E+01 32 9970 20 3 3 6
 2.000000E+01 30 9966 15 3 3 9
 2.400000E+01 33 9963 12 5 5 11
 2.800000E+01 39 9961 15 7 6 11
 3.200000E+01 49 9950 16 10 9 14
 3.600000E+01 43 9945 10 6 9 18
 4.000000E+01 59 9937 21 7 11 20
 4.400000E+01 58 9927 17 9 11 21
 4.800000E+01 66 9926 23 7 12 24
 5.200000E+01 72 9920 21 10 12 29
 5.600000E+01 74 9916 14 10 16 34
 6.000000E+01 73 9913 13 4 17 39
 6.400000E+01 82 9909 17 4 18 43
 6.800000E+01 84 9903 16 5 18 45
 7.200000E+01 98 9896 25 6 19 48
 7.600000E+01 99 9894 22 3 20 54
 8.000000E+01 110 9889 20 11 20 59
 8.400000E+01 126 9876 24 13 22 67
 8.800000E+01 132 9870 23 8 27 74
 9.200000E+01 144 9860 27 7 29 81
 9.600000E+01 144 9855 19 8 29 88
 1.000000E+02 154 9844 25 7 32 90
 1.040000E+02 157 9839 21 9 33 94
 1.080000E+02 163 9832 22 8 34 99
 1.120000E+02 175 9828 28 9 35 103
 1.160000E+02 175 9818 26 7 37 105
 1.200000E+02 174 9813 21 9 37 107
 1.240000E+02 185 9809 23 11 39 112
 1.280000E+02 201 9797 29 12 43 117
 1.320000E+02 205 9782 24 13 44 124
 1.360000E+02 222 9768 37 9 47 129
 1.400000E+02 237 9752 38 16 49 134
 1.440000E+02 241 9743 32 15 53 141
 1.480000E+02 254 9736 34 22 56 142
 1.520000E+02 261 9727 23 26 57 155
 1.560000E+02 261 9718 19 17 59 166
 1.600000E+02 273 9709 22 14 63 174
 1.640000E+02 279 9701 23 8 66 182
 1.680000E+02 287 9697 24 10 68 185
 1.720000E+02 291 9690 21 10 70 190
 1.760000E+02 298 9688 19 7 71 201
 1.800000E+02 295 9685 13 6 73 203
 1.840000E+02 301 9683 11 10 74 206
 1.880000E+02 309 9676 11 8 77 213
 1.920000E+02 313 9675 11 6 78 218
 1.960000E+02 311 9675 6 3 82 220
 2.000000E+02 315 9673 7 5 83 220

#Simulation ended (eff.: 0.939331, detail below)
	#Events: 13176
	#Valid embedding but no longer unary when required: 0.000000
	#Valid embedding but not binary when required: 0.000000
	#Clashing instance: 0.000000
	#Lazy negative update: 1.000000
	#Lazy negative update of non local instances: 0.000000
	#Perturbation interrupting time advance: 0.000000
