# time 'Cases' 'Susceptible' 'Exposed' 'Infected' 'Removed' 'Deads'
 0.000000E+00 0 1580 0 0 0 0
 4.000000E+00 2 1580 0 2 0 0
 8.000000E+00 2 1580 1 0 0 1
 1.200000E+01 5 1576 3 1 0 1
 1.600000E+01 4 1574 1 1 0 2
 2.000000E+01 6 1574 2 2 0 2
 2.400000E+01 5 1574 2 1 0 2
 2.800000E+01 4 1574 0 1 1 2
 3.200000E+01 5 1574 2 0 1 2
 3.600000E+01 5 1574 0 0 2 3
 4.000000E+01 7 1573 2 0 2 3
 4.400000E+01 7 1573 2 0 2 3
 4.800000E+01 6 1573 1 0 2 3
 5.200000E+01 8 1573 3 0 2 3
 5.600000E+01 7 1573 2 0 2 3
 6.000000E+01 5 1573 0 0 2 3
 6.400000E+01 5 1573 0 0 2 3
 6.800000E+01 6 1573 1 0 2 3
 7.200000E+01 7 1573 1 0 2 4
 7.600000E+01 9 1573 2 0 3 4
 8.000000E+01 10 1573 2 0 3 5
 8.400000E+01 9 1573 0 1 3 5
 8.800000E+01 10 1571 0 0 4 6
 9.200000E+01 10 1571 0 0 4 6
 9.600000E+01 13 1571 3 0 4 6
 1.000000E+02 13 1571 2 1 4 6
 1.040000E+02 13 1571 2 1 4 6
 1.080000E+02 11 1569 0 1 4 6
 1.120000E+02 11 1569 0 1 4 6
 1.160000E+02 11 1566 1 0 4 6
 1.200000E+02 11 1566 1 0 4 6
 1.240000E+02 11 1566 1 0 4 6
 1.280000E+02 14 1566 3 1 4 6
 1.320000E+02 13 1566 2 1 4 6
 1.360000E+02 15 1565 3 2 4 6
 1.400000E+02 12 1563 1 1 4 6
 1.440000E+02 17 1561 5 2 4 6
 1.480000E+02 18 1560 5 3 4 6
 1.520000E+02 14 1559 1 1 4 8
 1.560000E+02 15 1559 2 0 4 9
 1.600000E+02 17 1558 4 0 4 9
 1.640000E+02 14 1558 1 0 4 9
 1.680000E+02 16 1558 2 1 4 9
 1.720000E+02 16 1558 0 2 4 10
 1.760000E+02 16 1558 0 1 5 10
 1.800000E+02 16 1558 1 0 5 10
 1.840000E+02 17 1558 2 0 5 10
 1.880000E+02 18 1558 3 0 5 10
 1.920000E+02 18 1558 3 0 5 10
 1.960000E+02 18 1557 1 2 5 10
 2.000000E+02 18 1556 2 0 5 11

#Simulation ended (eff.: 0.854323, detail below)
	#Events: 1818
	#Valid embedding but no longer unary when required: 0.000000
	#Valid embedding but not binary when required: 0.000000
	#Clashing instance: 0.000000
	#Lazy negative update: 1.000000
	#Lazy negative update of non local instances: 0.000000
	#Perturbation interrupting time advance: 0.000000
