# time 'Cases' 'Susceptible' 'Exposed' 'Infected' 'Removed' 'Deads'
 0.000000E+00 0 1580 0 0 0 0
 4.000000E+00 2 1580 2 0 0 0
 8.000000E+00 2 1580 1 1 0 0
 1.200000E+01 8 1579 7 1 0 0
 1.600000E+01 6 1579 5 0 1 0
 2.000000E+01 8 1578 6 0 2 0
 2.400000E+01 5 1578 3 0 2 0
 2.800000E+01 6 1578 4 0 2 0
 3.200000E+01 4 1578 2 0 2 0
 3.600000E+01 7 1578 5 0 2 0
 4.000000E+01 9 1578 5 2 2 0
 4.400000E+01 7 1578 1 2 2 2
 4.800000E+01 10 1577 4 1 2 3
 5.200000E+01 11 1575 4 2 2 3
 5.600000E+01 12 1572 6 0 2 4
 6.000000E+01 14 1572 7 1 2 4
 6.400000E+01 15 1569 7 1 2 5
 6.800000E+01 23 1569 15 1 2 5
 7.200000E+01 23 1568 12 3 2 6
 7.600000E+01 28 1561 14 3 3 8
 8.000000E+01 22 1561 7 3 3 9
 8.400000E+01 24 1556 8 3 3 10
 8.800000E+01 26 1556 8 3 3 12
 9.200000E+01 34 1556 12 4 4 14
 9.600000E+01 32 1554 10 3 5 14
 1.000000E+02 44 1549 17 7 6 14
 1.040000E+02 36 1547 8 4 6 18
 1.080000E+02 34 1546 5 3 7 19
 1.120000E+02 40 1545 10 3 7 20
 1.160000E+02 39 1543 5 4 8 22
 1.200000E+02 42 1542 5 4 8 25
 1.240000E+02 52 1536 12 6 8 26
 1.280000E+02 57 1535 13 7 9 28
 1.320000E+02 61 1532 13 6 10 32
 1.360000E+02 71 1529 16 6 11 38
 1.400000E+02 66 1526 6 7 13 40
 1.440000E+02 67 1525 7 2 15 43
 1.480000E+02 75 1524 11 3 17 44
 1.520000E+02 79 1521 12 5 17 45
 1.560000E+02 76 1519 6 3 18 49
 1.600000E+02 83 1517 9 7 18 49
 1.640000E+02 85 1512 9 5 20 51
 1.680000E+02 90 1508 13 5 20 52
 1.720000E+02 89 1504 10 5 20 54
 1.760000E+02 88 1503 8 6 20 54
 1.800000E+02 87 1501 4 4 21 58
 1.840000E+02 92 1499 8 4 21 59
 1.880000E+02 91 1499 4 7 21 59
 1.920000E+02 94 1497 4 7 21 62
 1.960000E+02 94 1495 6 4 21 63
 2.000000E+02 93 1495 5 2 23 63

#Simulation ended (eff.: 0.848173, detail below)
	#Events: 3134
	#Valid embedding but no longer unary when required: 0.000000
	#Valid embedding but not binary when required: 0.000000
	#Clashing instance: 0.000000
	#Lazy negative update: 1.000000
	#Lazy negative update of non local instances: 0.000000
	#Perturbation interrupting time advance: 0.000000
