# time 'Cases' 'Susceptible' 'Exposed' 'Infected' 'Removed' 'Deads'
 0.000000E+00 0 15800 0 0 0 0
 4.000000E+00 2 15800 1 1 0 0
 8.000000E+00 3 15798 2 1 0 0
 1.200000E+01 4 15798 3 0 1 0
 1.600000E+01 4 15798 2 1 1 0
 2.000000E+01 4 15798 2 1 1 0
 2.400000E+01 5 15798 3 1 1 0
 2.800000E+01 5 15797 3 0 1 1
 3.200000E+01 4 15797 2 0 1 1
 3.600000E+01 4 15797 2 0 1 1
 4.000000E+01 9 15796 6 0 2 1
 4.400000E+01 7 15796 4 0 2 1
 4.800000E+01 11 15796 7 1 2 1
 5.200000E+01 8 15795 4 0 2 2
 5.600000E+01 11 15793 5 0 2 4
 6.000000E+01 12 15793 5 1 2 4
 6.400000E+01 19 15792 11 1 3 4
 6.800000E+01 20 15792 9 1 6 4
 7.200000E+01 18 15792 3 3 7 5
 7.600000E+01 24 15788 8 3 7 6
 8.000000E+01 23 15787 6 3 7 7
 8.400000E+01 29 15786 11 2 7 9
 8.800000E+01 24 15785 5 3 7 9
 9.200000E+01 31 15782 11 2 7 11
 9.600000E+01 29 15781 8 2 8 11
 1.000000E+02 31 15777 8 3 9 11
 1.040000E+02 29 15774 6 2 9 12
 1.080000E+02 29 15772 3 3 9 14
 1.120000E+02 35 15771 7 4 9 15
 1.160000E+02 33 15771 6 0 10 17
 1.200000E+02 33 15771 5 1 10 17
 1.240000E+02 30 15771 1 2 10 17
 1.280000E+02 39 15771 6 2 11 20
 1.320000E+02 44 15769 6 4 11 23
 1.360000E+02 46 15769 4 6 12 24
 1.400000E+02 46 15769 4 2 12 28
 1.440000E+02 47 15767 1 5 12 29
 1.480000E+02 49 15766 4 2 12 31
 1.520000E+02 50 15766 4 1 12 33
 1.560000E+02 50 15766 4 0 12 34
 1.600000E+02 54 15766 5 3 12 34
 1.640000E+02 53 15764 4 1 13 35
 1.680000E+02 55 15764 4 1 15 35
 1.720000E+02 59 15763 6 1 16 36
 1.760000E+02 61 15761 5 3 16 37
 1.800000E+02 59 15760 3 3 16 37
 1.840000E+02 61 15759 4 2 17 38
 1.880000E+02 63 15758 4 1 18 40
 1.920000E+02 64 15756 4 2 18 40
 1.960000E+02 67 15755 6 2 18 41
 2.000000E+02 69 15754 3 4 19 43

#Simulation ended (eff.: 0.964631, detail below)
	#Events: 14782
	#Valid embedding but no longer unary when required: 0.000000
	#Valid embedding but not binary when required: 0.000000
	#Clashing instance: 0.000000
	#Lazy negative update: 1.000000
	#Lazy negative update of non local instances: 0.000000
	#Perturbation interrupting time advance: 0.000000
