# time 'Cases' 'Susceptible' 'Exposed' 'Infected' 'Removed' 'Deads'
 0.000000E+00 0 15800 0 0 0 0
 4.000000E+00 1 15800 1 0 0 0
 8.000000E+00 3 15800 1 1 1 0
 1.200000E+01 5 15800 3 1 1 0
 1.600000E+01 4 15799 2 1 1 0
 2.000000E+01 8 15797 2 5 1 0
 2.400000E+01 6 15795 1 1 2 2
 2.800000E+01 10 15794 5 0 2 3
 3.200000E+01 7 15794 2 0 2 3
 3.600000E+01 14 15792 6 3 2 3
 4.000000E+01 13 15791 5 0 3 5
 4.400000E+01 18 15788 9 1 3 5
 4.800000E+01 18 15787 6 3 4 5
 5.200000E+01 20 15785 7 3 4 6
 5.600000E+01 19 15783 4 1 4 10
 6.000000E+01 32 15776 11 7 4 10
 6.400000E+01 32 15771 9 5 4 14
 6.800000E+01 39 15765 13 5 5 16
 7.200000E+01 41 15758 10 9 5 17
 7.600000E+01 43 15753 11 4 6 22
 8.000000E+01 46 15750 11 4 7 24
 8.400000E+01 55 15747 14 8 8 25
 8.800000E+01 50 15743 11 4 8 27
 9.200000E+01 52 15741 13 3 9 27
 9.600000E+01 52 15740 10 5 9 28
 1.000000E+02 58 15737 14 4 10 30
 1.040000E+02 64 15729 14 5 11 34
 1.080000E+02 72 15719 18 7 13 34
 1.120000E+02 82 15710 26 7 13 36
 1.160000E+02 91 15705 27 10 14 40
 1.200000E+02 88 15701 18 12 16 42
 1.240000E+02 90 15692 15 11 16 48
 1.280000E+02 98 15688 16 10 20 52
 1.320000E+02 108 15676 17 13 22 56
 1.360000E+02 113 15672 21 10 24 58
 1.400000E+02 113 15664 18 7 25 63
 1.440000E+02 124 15658 23 8 27 66
 1.480000E+02 122 15656 16 7 30 69
 1.520000E+02 125 15652 13 7 33 72
 1.560000E+02 138 15647 20 7 33 78
 1.600000E+02 131 15646 11 6 34 80
 1.640000E+02 143 15644 20 6 34 83
 1.680000E+02 142 15640 13 8 36 85
 1.720000E+02 142 15638 11 6 37 88
 1.760000E+02 152 15635 15 9 37 91
 1.800000E+02 148 15634 8 4 42 94
 1.840000E+02 148 15632 7 3 43 95
 1.880000E+02 146 15631 4 1 43 98
 1.920000E+02 146 15630 4 1 43 98
 1.960000E+02 149 15630 3 4 43 99
 2.000000E+02 152 15629 5 1 44 102

#Simulation ended (eff.: 0.953699, detail below)
	#Events: 16437
	#Valid embedding but no longer unary when required: 0.000000
	#Valid embedding but not binary when required: 0.000000
	#Clashing instance: 0.000000
	#Lazy negative update: 1.000000
	#Lazy negative update of non local instances: 0.000000
	#Perturbation interrupting time advance: 0.000000
