# time 'Cases' 'Susceptible' 'Exposed' 'Infected' 'Removed' 'Deads'
 0.000000E+00 0 1580 0 0 0 0
 4.000000E+00 2 1580 2 0 0 0
 8.000000E+00 3 1580 3 0 0 0
 1.200000E+01 5 1580 5 0 0 0
 1.600000E+01 4 1580 3 1 0 0
 2.000000E+01 7 1580 5 1 0 1
 2.400000E+01 7 1576 4 2 0 1
 2.800000E+01 12 1574 6 5 0 1
 3.200000E+01 14 1570 8 2 1 3
 3.600000E+01 14 1569 5 1 1 7
 4.000000E+01 13 1569 3 2 1 7
 4.400000E+01 15 1566 4 3 1 7
 4.800000E+01 19 1563 6 2 2 9
 5.200000E+01 28 1559 13 2 2 11
 5.600000E+01 32 1557 15 2 2 13
 6.000000E+01 30 1555 13 1 2 14
 6.400000E+01 32 1555 13 2 3 14
 6.800000E+01 33 1551 10 3 3 17
 7.200000E+01 43 1544 14 7 3 19
 7.600000E+01 57 1533 24 8 4 21
 8.000000E+01 61 1525 25 5 6 25
 8.400000E+01 62 1517 23 4 8 27
 8.800000E+01 68 1511 22 9 10 27
 9.200000E+01 73 1504 20 12 11 30
 9.600000E+01 87 1494 27 13 14 33
 1.000000E+02 84 1488 22 6 17 39
 1.040000E+02 97 1481 24 12 18 43
 1.080000E+02 114 1462 34 9 21 50
 1.120000E+02 107 1456 22 8 21 56
 1.160000E+02 130 1445 36 15 21 58
 1.200000E+02 133 1439 31 13 23 66
 1.240000E+02 140 1424 30 11 26 73
 1.280000E+02 162 1416 43 10 31 78
 1.320000E+02 153 1410 21 12 34 86
 1.360000E+02 173 1400 31 10 36 96
 1.400000E+02 179 1385 31 8 38 102
 1.440000E+02 188 1378 28 12 38 110
 1.480000E+02 192 1367 20 16 39 117
 1.520000E+02 196 1357 25 7 40 124
 1.560000E+02 211 1354 27 15 42 127
 1.600000E+02 217 1345 19 15 47 136
 1.640000E+02 222 1341 22 12 47 141
 1.680000E+02 231 1338 28 9 50 144
 1.720000E+02 230 1333 19 12 50 149
 1.760000E+02 238 1328 16 18 52 152
 1.800000E+02 236 1321 16 8 54 158
 1.840000E+02 238 1319 13 8 56 161
 1.880000E+02 249 1314 14 14 56 165
 1.920000E+02 253 1306 18 8 57 170
 1.960000E+02 255 1303 17 7 58 173
 2.000000E+02 253 1300 9 6 60 178

#Simulation ended (eff.: 0.856426, detail below)
	#Events: 5804
	#Valid embedding but no longer unary when required: 0.000000
	#Valid embedding but not binary when required: 0.000000
	#Clashing instance: 0.000000
	#Lazy negative update: 1.000000
	#Lazy negative update of non local instances: 0.000000
	#Perturbation interrupting time advance: 0.000000
