# time 'Cases' 'Susceptible' 'Exposed' 'Infected' 'Removed' 'Deads'
 0.000000E+00 0 15800 0 0 0 0
 4.000000E+00 3 15800 2 1 0 0
 8.000000E+00 5 15799 4 0 0 1
 1.200000E+01 8 15798 7 0 0 1
 1.600000E+01 10 15796 7 1 1 1
 2.000000E+01 8 15794 4 2 1 1
 2.400000E+01 6 15794 2 0 3 1
 2.800000E+01 9 15793 5 0 3 1
 3.200000E+01 10 15793 5 0 3 2
 3.600000E+01 15 15793 8 1 3 3
 4.000000E+01 22 15789 10 2 4 6
 4.400000E+01 21 15787 5 5 4 7
 4.800000E+01 24 15783 8 1 5 10
 5.200000E+01 31 15782 15 0 5 11
 5.600000E+01 30 15781 10 3 5 12
 6.000000E+01 31 15781 10 2 5 14
 6.400000E+01 31 15778 8 3 5 15
 6.800000E+01 34 15776 9 2 7 16
 7.200000E+01 37 15776 11 2 7 17
 7.600000E+01 36 15776 8 2 8 18
 8.000000E+01 37 15774 9 1 8 19
 8.400000E+01 40 15771 9 2 10 19
 8.800000E+01 43 15770 10 1 11 21
 9.200000E+01 51 15769 14 3 11 23
 9.600000E+01 49 15768 10 0 12 27
 1.000000E+02 49 15764 7 2 12 28
 1.040000E+02 50 15764 9 1 12 28
 1.080000E+02 54 15764 8 4 12 30
 1.120000E+02 55 15761 7 4 13 31
 1.160000E+02 66 15757 16 4 15 31
 1.200000E+02 72 15752 19 2 16 35
 1.240000E+02 69 15752 14 3 16 36
 1.280000E+02 67 15745 8 6 16 37
 1.320000E+02 79 15737 14 5 17 43
 1.360000E+02 89 15727 19 7 19 44
 1.400000E+02 90 15721 17 6 20 47
 1.440000E+02 88 15717 9 8 21 50
 1.480000E+02 97 15714 17 7 22 51
 1.520000E+02 107 15711 23 6 24 54
 1.560000E+02 103 15708 14 5 25 59
 1.600000E+02 118 15704 23 8 27 60
 1.640000E+02 111 15701 12 6 28 65
 1.680000E+02 122 15696 17 7 29 69
 1.720000E+02 129 15691 17 8 31 73
 1.760000E+02 132 15690 20 3 32 77
 1.800000E+02 131 15688 14 7 32 78
 1.840000E+02 142 15681 21 7 33 81
 1.880000E+02 140 15676 13 9 34 84
 1.920000E+02 139 15676 9 7 36 87
 1.960000E+02 142 15676 10 6 38 88
 2.000000E+02 150 15670 11 5 40 94

#Simulation ended (eff.: 0.955157, detail below)
	#Events: 16316
	#Valid embedding but no longer unary when required: 0.000000
	#Valid embedding but not binary when required: 0.000000
	#Clashing instance: 0.000000
	#Lazy negative update: 1.000000
	#Lazy negative update of non local instances: 0.000000
	#Perturbation interrupting time advance: 0.000000
