# time 'Cases' 'Susceptible' 'Exposed' 'Infected' 'Removed' 'Deads'
 0.000000E+00 0 470 0 0 0 0
 4.000000E+00 2 470 1 0 0 1
 8.000000E+00 1 470 0 0 0 1
 1.200000E+01 1 470 0 0 0 1
 1.600000E+01 2 470 1 0 0 1
 2.000000E+01 3 470 2 0 0 1
 2.400000E+01 2 470 1 0 0 1
 2.800000E+01 2 470 1 0 0 1
 3.200000E+01 6 470 5 0 0 1
 3.600000E+01 1 470 0 0 0 1
 4.000000E+01 5 470 4 0 0 1
 4.400000E+01 5 470 3 1 0 1
 4.800000E+01 4 468 1 2 0 1
 5.200000E+01 7 465 4 0 0 3
 5.600000E+01 4 464 1 0 0 3
 6.000000E+01 6 463 3 0 0 3
 6.400000E+01 8 463 4 0 1 3
 6.800000E+01 14 461 9 1 1 3
 7.200000E+01 10 456 5 1 1 3
 7.600000E+01 12 455 5 3 1 3
 8.000000E+01 17 453 8 3 2 4
 8.400000E+01 8 453 0 1 2 5
 8.800000E+01 14 452 4 2 2 6
 9.200000E+01 18 452 6 3 2 7
 9.600000E+01 20 450 7 1 4 8
 1.000000E+02 18 450 4 2 4 8
 1.040000E+02 19 450 4 2 5 8
 1.080000E+02 24 449 7 3 5 9
 1.120000E+02 22 447 4 2 5 11
 1.160000E+02 24 447 5 1 6 12
 1.200000E+02 32 447 10 2 7 13
 1.240000E+02 30 444 4 5 7 14
 1.280000E+02 29 442 2 2 8 17
 1.320000E+02 35 442 6 3 9 17
 1.360000E+02 36 440 7 1 9 19
 1.400000E+02 36 440 3 5 9 19
 1.440000E+02 35 438 4 1 9 21
 1.480000E+02 38 438 6 2 9 21
 1.520000E+02 38 437 5 1 9 23
 1.560000E+02 36 437 4 0 9 23
 1.600000E+02 43 436 7 3 9 24
 1.640000E+02 40 435 6 1 9 24
 1.680000E+02 39 434 1 5 9 24
 1.720000E+02 38 433 3 1 9 25
 1.760000E+02 46 433 7 1 12 26
 1.800000E+02 44 432 6 0 12 26
 1.840000E+02 45 428 5 2 12 26
 1.880000E+02 49 426 8 1 13 27
 1.920000E+02 45 426 5 0 13 27
 1.960000E+02 43 426 2 1 13 27
 2.000000E+02 47 426 4 3 13 27

#Simulation ended (eff.: 0.758073, detail below)
	#Events: 1432
	#Valid embedding but no longer unary when required: 0.000000
	#Valid embedding but not binary when required: 0.000000
	#Clashing instance: 0.000000
	#Lazy negative update: 1.000000
	#Lazy negative update of non local instances: 0.000000
	#Perturbation interrupting time advance: 0.000000
