# time 'Cases' 'Susceptible' 'Exposed' 'Infected' 'Removed' 'Deads'
 0.000000E+00 0 470 0 0 0 0
 4.000000E+00 0 470 0 0 0 0
 8.000000E+00 2 468 1 0 0 1
 1.200000E+01 2 468 1 0 0 1
 1.600000E+01 2 468 1 0 0 1
 2.000000E+01 1 468 0 0 0 1
 2.400000E+01 1 468 0 0 0 1
 2.800000E+01 2 468 1 0 0 1
 3.200000E+01 1 468 0 0 0 1
 3.600000E+01 3 468 2 0 0 1
 4.000000E+01 4 468 3 0 0 1
 4.400000E+01 7 468 5 0 0 2
 4.800000E+01 9 466 5 2 0 2
 5.200000E+01 4 466 2 0 0 2
 5.600000E+01 4 466 1 1 0 2
 6.000000E+01 5 465 1 1 1 2
 6.400000E+01 13 461 5 3 2 3
 6.800000E+01 18 456 9 1 2 6
 7.200000E+01 20 454 9 1 3 7
 7.600000E+01 18 453 8 0 3 7
 8.000000E+01 15 453 5 0 3 7
 8.400000E+01 20 453 8 2 3 7
 8.800000E+01 16 452 5 1 3 7
 9.200000E+01 20 449 8 2 3 7
 9.600000E+01 17 449 7 0 3 7
 1.000000E+02 17 447 6 0 4 7
 1.040000E+02 11 447 0 0 4 7
 1.080000E+02 13 447 1 1 4 7
 1.120000E+02 16 446 2 3 4 7
 1.160000E+02 21 446 5 2 4 10
 1.200000E+02 16 445 0 2 4 10
 1.240000E+02 23 444 6 1 5 11
 1.280000E+02 27 444 8 1 5 13
 1.320000E+02 20 444 1 1 5 13
 1.360000E+02 25 444 6 1 5 13
 1.400000E+02 24 444 5 0 5 14
 1.440000E+02 31 443 9 2 5 15
 1.480000E+02 30 442 6 3 5 16
 1.520000E+02 33 441 7 4 6 16
 1.560000E+02 29 441 4 2 7 16
 1.600000E+02 30 440 3 3 7 17
 1.640000E+02 27 440 1 2 7 17
 1.680000E+02 36 438 8 1 8 19
 1.720000E+02 33 437 3 2 9 19
 1.760000E+02 31 437 2 0 10 19
 1.800000E+02 30 437 0 1 10 19
 1.840000E+02 34 437 2 1 11 20
 1.880000E+02 38 435 5 2 11 20
 1.920000E+02 39 435 6 1 11 21
 1.960000E+02 35 434 2 1 11 21
 2.000000E+02 34 434 1 1 11 21

#Simulation ended (eff.: 0.738255, detail below)
	#Events: 1320
	#Valid embedding but no longer unary when required: 0.000000
	#Valid embedding but not binary when required: 0.000000
	#Clashing instance: 0.000000
	#Lazy negative update: 1.000000
	#Lazy negative update of non local instances: 0.000000
	#Perturbation interrupting time advance: 0.000000
