# time 'Cases' 'Susceptible' 'Exposed' 'Infected' 'Removed' 'Deads'
 0.000000E+00 0 1580 0 0 0 0
 4.000000E+00 3 1580 2 1 0 0
 8.000000E+00 3 1579 2 0 0 1
 1.200000E+01 7 1578 5 0 0 2
 1.600000E+01 9 1577 7 0 0 2
 2.000000E+01 4 1577 1 1 0 2
 2.400000E+01 11 1577 7 1 0 3
 2.800000E+01 10 1574 3 2 0 5
 3.200000E+01 10 1570 2 1 1 6
 3.600000E+01 10 1570 2 0 1 7
 4.000000E+01 13 1569 4 0 1 8
 4.400000E+01 16 1566 6 1 1 8
 4.800000E+01 17 1566 6 0 2 9
 5.200000E+01 18 1566 5 1 2 10
 5.600000E+01 22 1565 8 2 2 10
 6.000000E+01 24 1562 9 3 2 10
 6.400000E+01 29 1561 15 1 2 11
 6.800000E+01 31 1560 13 2 4 12
 7.200000E+01 35 1557 16 1 5 13
 7.600000E+01 34 1555 14 2 5 13
 8.000000E+01 38 1553 13 3 5 17
 8.400000E+01 40 1552 14 2 6 18
 8.800000E+01 40 1550 8 3 9 20
 9.200000E+01 44 1550 10 4 9 21
 9.600000E+01 45 1550 7 5 10 23
 1.000000E+02 46 1548 7 3 12 24
 1.040000E+02 50 1545 9 2 14 25
 1.080000E+02 51 1543 9 1 15 26
 1.120000E+02 52 1542 7 2 16 27
 1.160000E+02 56 1542 9 2 16 29
 1.200000E+02 59 1542 12 1 16 30
 1.240000E+02 53 1541 7 0 16 30
 1.280000E+02 54 1539 4 2 16 32
 1.320000E+02 58 1538 6 4 16 32
 1.360000E+02 61 1537 10 0 17 34
 1.400000E+02 70 1530 12 7 17 34
 1.440000E+02 69 1526 11 2 17 39
 1.480000E+02 71 1522 10 3 18 40
 1.520000E+02 76 1519 9 6 19 42
 1.560000E+02 76 1518 6 6 19 45
 1.600000E+02 81 1513 10 7 19 45
 1.640000E+02 86 1512 14 2 22 48
 1.680000E+02 86 1510 7 8 22 49
 1.720000E+02 90 1509 11 4 24 51
 1.760000E+02 83 1508 2 2 26 53
 1.800000E+02 93 1501 9 2 26 56
 1.840000E+02 96 1497 10 2 26 58
 1.880000E+02 97 1495 8 1 26 62
 1.920000E+02 102 1495 10 3 27 62
 1.960000E+02 99 1493 6 1 28 64
 2.000000E+02 97 1491 2 2 28 65

#Simulation ended (eff.: 0.829622, detail below)
	#Events: 3204
	#Valid embedding but no longer unary when required: 0.000000
	#Valid embedding but not binary when required: 0.000000
	#Clashing instance: 0.000000
	#Lazy negative update: 1.000000
	#Lazy negative update of non local instances: 0.000000
	#Perturbation interrupting time advance: 0.000000
