# time 'Cases' 'Susceptible' 'Exposed' 'Infected' 'Removed' 'Deads'
 0.000000E+00 0 1580 0 0 0 0
 4.000000E+00 2 1580 2 0 0 0
 8.000000E+00 7 1580 5 1 0 1
 1.200000E+01 4 1579 2 1 0 1
 1.600000E+01 3 1579 0 1 0 2
 2.000000E+01 4 1579 1 0 0 3
 2.400000E+01 7 1579 4 0 0 3
 2.800000E+01 5 1579 0 2 0 3
 3.200000E+01 8 1577 1 2 0 5
 3.600000E+01 7 1577 1 0 1 5
 4.000000E+01 9 1577 3 0 1 5
 4.400000E+01 10 1577 3 1 1 5
 4.800000E+01 12 1577 4 1 1 6
 5.200000E+01 9 1576 0 2 1 6
 5.600000E+01 12 1575 2 0 2 8
 6.000000E+01 12 1575 2 0 2 8
 6.400000E+01 14 1575 4 0 2 8
 6.800000E+01 15 1574 3 2 2 8
 7.200000E+01 16 1571 4 0 2 10
 7.600000E+01 17 1570 4 1 2 10
 8.000000E+01 17 1569 3 2 2 10
 8.400000E+01 20 1569 4 2 3 11
 8.800000E+01 21 1569 5 0 4 12
 9.200000E+01 22 1568 3 0 5 14
 9.600000E+01 23 1566 3 0 6 14
 1.000000E+02 26 1565 6 0 6 14
 1.040000E+02 28 1563 5 2 6 15
 1.080000E+02 25 1560 3 0 6 16
 1.120000E+02 27 1560 4 1 6 16
 1.160000E+02 31 1556 5 4 6 16
 1.200000E+02 36 1552 10 1 6 19
 1.240000E+02 36 1552 7 4 6 19
 1.280000E+02 39 1550 7 3 6 23
 1.320000E+02 40 1549 7 4 6 23
 1.360000E+02 44 1543 6 5 8 25
 1.400000E+02 39 1543 2 2 9 26
 1.440000E+02 44 1540 7 2 9 26
 1.480000E+02 41 1539 3 3 9 26
 1.520000E+02 40 1538 2 3 9 26
 1.560000E+02 45 1537 4 6 9 26
 1.600000E+02 46 1535 4 5 10 27
 1.640000E+02 48 1535 5 3 10 30
 1.680000E+02 49 1533 4 4 10 31
 1.720000E+02 48 1533 2 3 11 32
 1.760000E+02 51 1531 5 1 12 33
 1.800000E+02 49 1530 3 1 12 33
 1.840000E+02 51 1530 3 2 12 34
 1.880000E+02 48 1530 1 0 12 35
 1.920000E+02 52 1530 4 1 12 35
 1.960000E+02 47 1530 0 0 12 35
 2.000000E+02 49 1530 2 0 12 35

#Simulation ended (eff.: 0.840553, detail below)
	#Events: 2309
	#Valid embedding but no longer unary when required: 0.000000
	#Valid embedding but not binary when required: 0.000000
	#Clashing instance: 0.000000
	#Lazy negative update: 1.000000
	#Lazy negative update of non local instances: 0.000000
	#Perturbation interrupting time advance: 0.000000
