# time 'Cases' 'Susceptible' 'Exposed' 'Infected' 'Removed' 'Deads'
 0.000000E+00 0 15800 0 0 0 0
 4.000000E+00 1 15800 1 0 0 0
 8.000000E+00 3 15800 1 2 0 0
 1.200000E+01 10 15797 7 2 1 0
 1.600000E+01 5 15795 2 2 1 0
 2.000000E+01 9 15793 5 1 1 2
 2.400000E+01 12 15792 7 0 2 3
 2.800000E+01 11 15792 3 3 2 3
 3.200000E+01 11 15787 4 2 2 3
 3.600000E+01 18 15786 10 1 4 3
 4.000000E+01 22 15783 12 3 4 3
 4.400000E+01 18 15781 7 4 4 3
 4.800000E+01 23 15775 10 2 5 6
 5.200000E+01 29 15768 13 3 6 7
 5.600000E+01 28 15763 9 5 6 8
 6.000000E+01 32 15761 12 3 9 8
 6.400000E+01 37 15755 11 3 10 13
 6.800000E+01 45 15749 16 4 10 15
 7.200000E+01 53 15746 23 3 10 17
 7.600000E+01 52 15746 18 5 11 18
 8.000000E+01 63 15740 20 7 16 20
 8.400000E+01 63 15735 18 3 16 26
 8.800000E+01 76 15730 27 5 18 26
 9.200000E+01 83 15720 28 8 18 29
 9.600000E+01 83 15715 22 8 20 33
 1.000000E+02 87 15708 20 7 23 37
 1.040000E+02 93 15700 20 6 25 42
 1.080000E+02 102 15695 25 6 28 43
 1.120000E+02 100 15691 21 5 28 46
 1.160000E+02 112 15686 26 9 29 48
 1.200000E+02 108 15683 21 4 32 51
 1.240000E+02 120 15681 26 6 35 53
 1.280000E+02 119 15678 20 6 39 54
 1.320000E+02 129 15676 27 8 39 55
 1.360000E+02 129 15674 24 7 39 59
 1.400000E+02 129 15670 21 6 41 61
 1.440000E+02 133 15669 19 9 41 64
 1.480000E+02 129 15667 14 5 44 66
 1.520000E+02 142 15663 22 8 45 67
 1.560000E+02 138 15657 17 5 46 70
 1.600000E+02 143 15654 15 7 47 74
 1.640000E+02 150 15651 11 13 50 76
 1.680000E+02 156 15647 16 9 54 77
 1.720000E+02 156 15643 14 8 55 79
 1.760000E+02 151 15637 9 4 57 81
 1.800000E+02 152 15637 8 3 59 82
 1.840000E+02 165 15628 14 8 59 84
 1.880000E+02 160 15627 7 9 59 85
 1.920000E+02 165 15624 10 8 59 88
 1.960000E+02 174 15613 15 7 60 92
 2.000000E+02 171 15607 10 5 61 95

#Simulation ended (eff.: 0.951736, detail below)
	#Events: 16998
	#Valid embedding but no longer unary when required: 0.000000
	#Valid embedding but not binary when required: 0.000000
	#Clashing instance: 0.000000
	#Lazy negative update: 1.000000
	#Lazy negative update of non local instances: 0.000000
	#Perturbation interrupting time advance: 0.000000
