# time 'Cases' 'Susceptible' 'Exposed' 'Infected' 'Removed' 'Deads'
 0.000000E+00 0 4700 0 0 0 0
 4.000000E+00 0 4700 0 0 0 0
 8.000000E+00 2 4699 1 1 0 0
 1.200000E+01 2 4698 1 1 0 0
 1.600000E+01 3 4698 2 1 0 0
 2.000000E+01 3 4697 2 0 0 1
 2.400000E+01 3 4695 1 1 0 1
 2.800000E+01 6 4693 3 1 0 2
 3.200000E+01 3 4693 0 0 1 2
 3.600000E+01 3 4693 0 0 1 2
 4.000000E+01 5 4693 2 0 1 2
 4.400000E+01 7 4693 2 1 2 2
 4.800000E+01 10 4691 4 2 2 2
 5.200000E+01 11 4690 4 1 2 4
 5.600000E+01 9 4689 2 1 2 4
 6.000000E+01 9 4687 3 0 2 4
 6.400000E+01 10 4687 3 1 2 4
 6.800000E+01 11 4687 3 1 2 5
 7.200000E+01 14 4684 6 1 2 5
 7.600000E+01 19 4681 8 2 2 7
 8.000000E+01 16 4681 4 1 3 8
 8.400000E+01 20 4678 7 1 3 9
 8.800000E+01 26 4676 8 4 3 11
 9.200000E+01 30 4674 7 6 4 13
 9.600000E+01 32 4670 9 2 5 16
 1.000000E+02 35 4668 10 3 5 17
 1.040000E+02 28 4666 6 0 5 17
 1.080000E+02 38 4666 12 3 6 17
 1.120000E+02 37 4666 9 4 6 18
 1.160000E+02 43 4665 9 8 6 20
 1.200000E+02 47 4661 12 7 7 21
 1.240000E+02 40 4659 7 4 7 22
 1.280000E+02 46 4656 11 4 7 24
 1.320000E+02 41 4653 7 0 7 27
 1.360000E+02 47 4653 9 4 7 27
 1.400000E+02 45 4647 7 3 8 27
 1.440000E+02 42 4647 4 1 8 29
 1.480000E+02 53 4647 11 3 8 31
 1.520000E+02 60 4644 11 7 10 32
 1.560000E+02 53 4643 6 1 12 34
 1.600000E+02 54 4643 6 1 13 34
 1.640000E+02 58 4642 9 1 13 35
 1.680000E+02 59 4641 7 2 14 36
 1.720000E+02 59 4640 8 0 14 37
 1.760000E+02 60 4640 4 4 14 38
 1.800000E+02 63 4640 5 2 16 40
 1.840000E+02 61 4640 2 1 16 42
 1.880000E+02 69 4639 9 2 16 42
 1.920000E+02 65 4637 6 1 16 42
 1.960000E+02 74 4637 14 1 16 43
 2.000000E+02 71 4637 9 2 16 44

#Simulation ended (eff.: 0.899405, detail below)
	#Events: 5597
	#Valid embedding but no longer unary when required: 0.000000
	#Valid embedding but not binary when required: 0.000000
	#Clashing instance: 0.000000
	#Lazy negative update: 1.000000
	#Lazy negative update of non local instances: 0.000000
	#Perturbation interrupting time advance: 0.000000
