# time 'Cases' 'Susceptible' 'Exposed' 'Infected' 'Removed' 'Deads'
 0.000000E+00 0 1580 0 0 0 0
 4.000000E+00 0 1580 0 0 0 0
 8.000000E+00 2 1580 2 0 0 0
 1.200000E+01 2 1580 1 1 0 0
 1.600000E+01 5 1580 4 0 0 1
 2.000000E+01 3 1580 2 0 0 1
 2.400000E+01 4 1580 3 0 0 1
 2.800000E+01 10 1579 6 3 0 1
 3.200000E+01 6 1578 2 0 1 3
 3.600000E+01 12 1577 7 1 1 3
 4.000000E+01 16 1576 12 0 1 3
 4.400000E+01 14 1576 9 0 2 3
 4.800000E+01 12 1576 7 0 2 3
 5.200000E+01 12 1576 4 2 3 3
 5.600000E+01 19 1574 5 7 3 4
 6.000000E+01 21 1570 5 4 5 7
 6.400000E+01 31 1568 13 3 6 9
 6.800000E+01 28 1566 8 3 7 10
 7.200000E+01 31 1562 9 1 9 12
 7.600000E+01 33 1562 10 2 9 12
 8.000000E+01 33 1560 10 0 11 12
 8.400000E+01 36 1560 11 2 11 12
 8.800000E+01 36 1558 11 1 12 12
 9.200000E+01 43 1555 13 4 12 14
 9.600000E+01 43 1553 12 2 12 17
 1.000000E+02 52 1553 18 3 13 18
 1.040000E+02 47 1552 10 4 13 20
 1.080000E+02 60 1548 18 7 13 22
 1.120000E+02 56 1546 14 1 15 26
 1.160000E+02 61 1545 16 3 16 26
 1.200000E+02 68 1538 16 9 16 27
 1.240000E+02 67 1534 13 8 16 30
 1.280000E+02 69 1529 11 9 16 33
 1.320000E+02 74 1524 14 8 18 34
 1.360000E+02 76 1520 13 6 20 37
 1.400000E+02 85 1514 17 2 22 44
 1.440000E+02 79 1512 9 3 23 44
 1.480000E+02 93 1508 16 8 24 45
 1.520000E+02 87 1506 8 6 25 48
 1.560000E+02 101 1500 15 8 28 50
 1.600000E+02 103 1492 14 6 31 52
 1.640000E+02 105 1486 10 7 34 54
 1.680000E+02 114 1482 12 10 35 57
 1.720000E+02 120 1478 16 8 37 59
 1.760000E+02 119 1475 13 6 38 62
 1.800000E+02 119 1472 10 5 38 66
 1.840000E+02 119 1471 9 4 39 67
 1.880000E+02 127 1467 13 4 40 70
 1.920000E+02 125 1466 8 4 40 73
 1.960000E+02 126 1465 4 5 42 75
 2.000000E+02 132 1465 6 4 45 77

#Simulation ended (eff.: 0.844192, detail below)
	#Events: 3641
	#Valid embedding but no longer unary when required: 0.000000
	#Valid embedding but not binary when required: 0.000000
	#Clashing instance: 0.000000
	#Lazy negative update: 1.000000
	#Lazy negative update of non local instances: 0.000000
	#Perturbation interrupting time advance: 0.000000
