# time 'Cases' 'Susceptible' 'Exposed' 'Infected' 'Removed' 'Deads'
 0.000000E+00 10 10000 0 10 0 0
 4.000000E+00 13 9994 3 6 1 3
 8.000000E+00 19 9989 9 3 2 5
 1.200000E+01 15 9989 5 2 3 5
 1.600000E+01 15 9989 4 3 3 5
 2.000000E+01 21 9986 8 4 4 5
 2.400000E+01 21 9982 4 5 4 8
 2.800000E+01 28 9978 9 5 5 9
 3.200000E+01 36 9972 14 5 6 11
 3.600000E+01 39 9965 13 4 6 16
 4.000000E+01 39 9962 8 7 6 18
 4.400000E+01 46 9954 12 7 6 21
 4.800000E+01 53 9943 19 5 6 23
 5.200000E+01 59 9938 20 7 6 26
 5.600000E+01 62 9927 18 6 6 32
 6.000000E+01 74 9924 25 8 7 34
 6.400000E+01 76 9917 22 11 8 35
 6.800000E+01 78 9910 21 8 9 40
 7.200000E+01 88 9905 22 10 10 46
 7.600000E+01 96 9898 26 10 11 49
 8.000000E+01 99 9889 24 8 13 54
 8.400000E+01 113 9880 30 12 14 57
 8.800000E+01 129 9867 35 16 18 60
 9.200000E+01 137 9859 33 12 21 71
 9.600000E+01 143 9847 31 10 24 78
 1.000000E+02 158 9831 38 10 26 84
 1.040000E+02 169 9824 34 15 27 93
 1.080000E+02 180 9817 37 16 28 99
 1.120000E+02 186 9811 34 16 29 107
 1.160000E+02 200 9795 38 14 30 118
 1.200000E+02 214 9784 37 17 32 128
 1.240000E+02 219 9773 34 17 34 134
 1.280000E+02 231 9765 33 13 37 148
 1.320000E+02 241 9754 37 15 39 150
 1.360000E+02 252 9737 32 22 42 156
 1.400000E+02 261 9719 32 19 46 164
 1.440000E+02 270 9712 39 11 48 172
 1.480000E+02 283 9708 39 16 54 174
 1.520000E+02 283 9702 29 17 58 179
 1.560000E+02 283 9690 18 19 61 185
 1.600000E+02 296 9682 26 15 62 193
 1.640000E+02 298 9675 22 15 63 198
 1.680000E+02 308 9671 24 16 64 204
 1.720000E+02 312 9668 18 10 70 214
 1.760000E+02 318 9664 16 8 71 223
 1.800000E+02 327 9657 17 10 72 228
 1.840000E+02 342 9649 19 13 75 235
 1.880000E+02 344 9642 17 8 80 239
 1.920000E+02 345 9639 12 8 82 243
 1.960000E+02 350 9635 15 6 83 246
 2.000000E+02 353 9632 16 5 85 247

#Simulation ended (eff.: 0.942287, detail below)
	#Events: 13682
	#Valid embedding but no longer unary when required: 0.000000
	#Valid embedding but not binary when required: 0.000000
	#Clashing instance: 0.000000
	#Lazy negative update: 1.000000
	#Lazy negative update of non local instances: 0.000000
	#Perturbation interrupting time advance: 0.000000
