# time 'Cases' 'Susceptible' 'Exposed' 'Infected' 'Removed' 'Deads'
 0.000000E+00 0 15800 0 0 0 0
 4.000000E+00 1 15798 0 1 0 0
 8.000000E+00 1 15798 1 0 0 0
 1.200000E+01 1 15797 1 0 0 0
 1.600000E+01 3 15797 3 0 0 0
 2.000000E+01 1 15797 1 0 0 0
 2.400000E+01 2 15797 2 0 0 0
 2.800000E+01 8 15796 6 2 0 0
 3.200000E+01 9 15792 6 1 0 2
 3.600000E+01 9 15790 4 3 0 2
 4.000000E+01 12 15788 5 3 0 4
 4.400000E+01 14 15788 5 4 0 5
 4.800000E+01 20 15785 8 4 0 8
 5.200000E+01 21 15784 9 2 1 9
 5.600000E+01 19 15783 7 1 1 10
 6.000000E+01 23 15779 6 3 2 12
 6.400000E+01 24 15775 7 1 2 14
 6.800000E+01 30 15769 10 2 3 15
 7.200000E+01 34 15766 11 4 3 16
 7.600000E+01 35 15763 9 3 4 19
 8.000000E+01 38 15760 8 3 6 21
 8.400000E+01 40 15758 7 3 6 24
 8.800000E+01 46 15755 12 3 7 24
 9.200000E+01 48 15751 11 3 8 26
 9.600000E+01 48 15750 10 1 9 28
 1.000000E+02 55 15748 12 5 10 28
 1.040000E+02 58 15748 10 2 14 32
 1.080000E+02 63 15744 11 3 15 34
 1.120000E+02 72 15735 15 7 15 35
 1.160000E+02 72 15726 14 7 15 36
 1.200000E+02 76 15721 17 2 17 40
 1.240000E+02 77 15721 14 6 17 40
 1.280000E+02 89 15718 22 4 20 43
 1.320000E+02 86 15717 16 6 20 44
 1.360000E+02 90 15716 12 10 21 47
 1.400000E+02 95 15713 17 7 21 50
 1.440000E+02 90 15709 8 5 24 53
 1.480000E+02 99 15707 14 3 26 56
 1.520000E+02 98 15705 7 6 27 58
 1.560000E+02 99 15704 8 2 29 60
 1.600000E+02 101 15704 9 1 29 62
 1.640000E+02 105 15703 11 2 29 63
 1.680000E+02 107 15701 11 3 30 63
 1.720000E+02 99 15700 2 1 30 66
 1.760000E+02 113 15700 13 4 30 66
 1.800000E+02 118 15694 16 4 32 66
 1.840000E+02 113 15691 9 4 34 66
 1.880000E+02 117 15690 11 5 34 67
 1.920000E+02 116 15688 6 5 34 71
 1.960000E+02 124 15686 11 6 35 72
 2.000000E+02 119 15684 7 4 36 72

#Simulation ended (eff.: 0.959739, detail below)
	#Events: 15733
	#Valid embedding but no longer unary when required: 0.000000
	#Valid embedding but not binary when required: 0.000000
	#Clashing instance: 0.000000
	#Lazy negative update: 1.000000
	#Lazy negative update of non local instances: 0.000000
	#Perturbation interrupting time advance: 0.000000
