# time 'Cases' 'Susceptible' 'Exposed' 'Infected' 'Removed' 'Deads'
 0.000000E+00 0 4700 0 0 0 0
 4.000000E+00 2 4699 2 0 0 0
 8.000000E+00 1 4699 1 0 0 0
 1.200000E+01 3 4699 3 0 0 0
 1.600000E+01 1 4699 1 0 0 0
 2.000000E+01 6 4696 3 2 1 0
 2.400000E+01 6 4695 3 1 1 1
 2.800000E+01 4 4695 1 0 1 2
 3.200000E+01 6 4695 2 1 1 2
 3.600000E+01 12 4694 7 0 1 4
 4.000000E+01 9 4694 3 1 1 4
 4.400000E+01 10 4694 5 0 1 4
 4.800000E+01 11 4694 6 0 1 4
 5.200000E+01 9 4694 2 0 2 5
 5.600000E+01 15 4694 7 1 2 5
 6.000000E+01 12 4691 4 0 2 6
 6.400000E+01 15 4691 4 3 2 6
 6.800000E+01 16 4690 6 1 2 7
 7.200000E+01 15 4690 5 0 2 8
 7.600000E+01 13 4690 3 0 2 8
 8.000000E+01 16 4690 5 1 2 8
 8.400000E+01 20 4690 10 0 2 8
 8.800000E+01 23 4689 11 2 2 8
 9.200000E+01 22 4689 8 2 3 9
 9.600000E+01 15 4686 2 1 3 9
 1.000000E+02 28 4685 10 4 4 10
 1.040000E+02 24 4681 5 5 4 10
 1.080000E+02 32 4677 10 3 6 13
 1.120000E+02 31 4673 9 1 6 15
 1.160000E+02 40 4671 13 4 7 16
 1.200000E+02 35 4668 10 1 7 17
 1.240000E+02 33 4665 7 1 7 18
 1.280000E+02 40 4665 12 1 7 20
 1.320000E+02 38 4665 7 1 7 23
 1.360000E+02 41 4665 10 1 7 23
 1.400000E+02 47 4664 14 3 7 23
 1.440000E+02 46 4662 10 4 8 24
 1.480000E+02 42 4661 5 1 10 26
 1.520000E+02 45 4661 8 0 10 27
 1.560000E+02 47 4661 8 2 10 27
 1.600000E+02 53 4657 11 3 11 28
 1.640000E+02 50 4657 9 1 11 29
 1.680000E+02 53 4653 9 4 11 29
 1.720000E+02 48 4653 3 2 12 31
 1.760000E+02 58 4653 11 2 12 33
 1.800000E+02 56 4652 10 1 12 33
 1.840000E+02 58 4652 9 2 13 34
 1.880000E+02 56 4650 5 3 14 34
 1.920000E+02 54 4650 3 1 14 36
 1.960000E+02 56 4649 3 1 14 38
 2.000000E+02 63 4649 7 3 14 39

#Simulation ended (eff.: 0.896612, detail below)
	#Events: 5663
	#Valid embedding but no longer unary when required: 0.000000
	#Valid embedding but not binary when required: 0.000000
	#Clashing instance: 0.000000
	#Lazy negative update: 1.000000
	#Lazy negative update of non local instances: 0.000000
	#Perturbation interrupting time advance: 0.000000
