# time 'Cases' 'Susceptible' 'Exposed' 'Infected' 'Removed' 'Deads'
 0.000000E+00 0 700 0 0 0 0
 4.000000E+00 4 699 3 1 0 0
 8.000000E+00 4 698 2 1 0 1
 1.200000E+01 5 698 3 0 0 2
 1.600000E+01 3 698 1 0 0 2
 2.000000E+01 6 698 4 0 0 2
 2.400000E+01 4 698 0 2 0 2
 2.800000E+01 3 697 0 1 0 2
 3.200000E+01 5 695 2 0 1 2
 3.600000E+01 6 695 3 0 1 2
 4.000000E+01 9 694 6 0 1 2
 4.400000E+01 13 694 9 1 1 2
 4.800000E+01 13 694 6 4 1 2
 5.200000E+01 17 692 8 2 2 5
 5.600000E+01 15 691 7 0 2 6
 6.000000E+01 12 689 3 0 2 7
 6.400000E+01 16 689 6 1 2 7
 6.800000E+01 23 689 11 2 2 8
 7.200000E+01 21 686 7 3 2 9
 7.600000E+01 20 686 6 2 2 10
 8.000000E+01 26 684 10 2 2 12
 8.400000E+01 31 679 12 2 2 15
 8.800000E+01 30 679 8 3 2 17
 9.200000E+01 31 679 8 3 3 17
 9.600000E+01 40 679 14 2 7 17
 1.000000E+02 39 679 11 4 7 17
 1.040000E+02 40 676 12 2 7 19
 1.080000E+02 41 672 9 3 8 21
 1.120000E+02 46 666 13 2 8 23
 1.160000E+02 42 665 8 0 8 26
 1.200000E+02 49 664 11 2 8 28
 1.240000E+02 52 664 10 3 8 31
 1.280000E+02 53 663 11 3 8 31
 1.320000E+02 47 663 3 3 8 33
 1.360000E+02 50 661 5 3 8 34
 1.400000E+02 57 659 12 2 8 35
 1.440000E+02 54 658 6 3 9 36
 1.480000E+02 55 657 9 0 9 37
 1.520000E+02 55 654 6 2 9 38
 1.560000E+02 66 651 14 2 9 41
 1.600000E+02 66 649 9 3 12 42
 1.640000E+02 65 646 6 4 12 43
 1.680000E+02 69 644 7 6 13 43
 1.720000E+02 70 643 8 5 13 44
 1.760000E+02 68 642 5 2 13 48
 1.800000E+02 72 641 5 2 15 50
 1.840000E+02 74 638 6 1 15 52
 1.880000E+02 75 638 5 3 15 52
 1.920000E+02 82 637 9 4 16 53
 1.960000E+02 78 636 6 1 17 54
 2.000000E+02 79 636 5 1 17 56

#Simulation ended (eff.: 0.738592, detail below)
	#Events: 2622
	#Valid embedding but no longer unary when required: 0.000000
	#Valid embedding but not binary when required: 0.000000
	#Clashing instance: 0.000000
	#Lazy negative update: 1.000000
	#Lazy negative update of non local instances: 0.000000
	#Perturbation interrupting time advance: 0.000000
