# time 'Cases' 'Susceptible' 'Exposed' 'Infected' 'Removed' 'Deads'
 0.000000E+00 10 100000 0 10 0 0
 4.000000E+00 16 99992 6 5 2 3
 8.000000E+00 18 99988 9 3 3 3
 1.200000E+01 23 99982 9 5 3 6
 1.600000E+01 24 99977 9 4 4 7
 2.000000E+01 25 99976 12 2 4 7
 2.400000E+01 27 99974 10 5 4 8
 2.800000E+01 37 99967 17 4 5 11
 3.200000E+01 39 99961 13 6 6 14
 3.600000E+01 49 99955 20 5 6 18
 4.000000E+01 48 99949 14 8 6 20
 4.400000E+01 63 99929 25 11 6 21
 4.800000E+01 88 99921 41 11 9 27
 5.200000E+01 92 99913 37 9 10 36
 5.600000E+01 104 99900 40 12 12 40
 6.000000E+01 115 99890 41 15 13 46
 6.400000E+01 120 99872 38 14 18 50
 6.800000E+01 145 99856 47 22 22 54
 7.200000E+01 164 99834 48 23 26 67
 7.600000E+01 196 99812 66 21 30 79
 8.000000E+01 213 99787 65 26 33 89
 8.400000E+01 241 99759 76 28 40 97
 8.800000E+01 261 99734 74 30 46 111
 9.200000E+01 283 99709 75 28 51 129
 9.600000E+01 298 99679 71 30 57 140
 1.000000E+02 333 99655 79 35 67 152
 1.040000E+02 340 99637 68 30 71 171
 1.080000E+02 359 99615 69 32 73 185
 1.120000E+02 389 99584 77 36 78 198
 1.160000E+02 426 99555 85 36 83 222
 1.200000E+02 459 99518 92 39 89 239
 1.240000E+02 485 99496 91 43 96 255
 1.280000E+02 514 99469 88 46 101 279
 1.320000E+02 531 99442 87 39 105 300
 1.360000E+02 561 99415 92 35 118 316
 1.400000E+02 588 99394 91 42 123 332
 1.440000E+02 606 99364 85 47 128 346
 1.480000E+02 638 99337 93 45 136 364
 1.520000E+02 653 99310 89 37 140 387
 1.560000E+02 677 99279 84 46 143 404
 1.600000E+02 692 99259 80 40 150 422
 1.640000E+02 731 99239 92 44 156 439
 1.680000E+02 762 99212 82 47 170 463
 1.720000E+02 767 99188 65 37 180 485
 1.760000E+02 800 99168 61 49 188 502
 1.800000E+02 826 99139 71 37 201 517
 1.840000E+02 831 99122 57 36 204 534
 1.880000E+02 852 99103 54 30 214 554
 1.920000E+02 871 99090 54 35 218 564
 1.960000E+02 878 99073 47 29 223 579
 2.000000E+02 902 99059 56 26 227 593

#Simulation ended (eff.: 0.982801, detail below)
	#Events: 99145
	#Valid embedding but no longer unary when required: 0.000000
	#Valid embedding but not binary when required: 0.000000
	#Clashing instance: 0.000000
	#Lazy negative update: 1.000000
	#Lazy negative update of non local instances: 0.000000
	#Perturbation interrupting time advance: 0.000000
