# time 'Cases' 'Susceptible' 'Exposed' 'Infected' 'Removed' 'Deads'
 0.000000E+00 0 15800 0 0 0 0
 4.000000E+00 2 15800 2 0 0 0
 8.000000E+00 2 15800 2 0 0 0
 1.200000E+01 5 15800 5 0 0 0
 1.600000E+01 5 15800 2 3 0 0
 2.000000E+01 9 15796 6 2 0 1
 2.400000E+01 12 15793 8 2 0 2
 2.800000E+01 9 15792 5 1 0 3
 3.200000E+01 13 15792 7 2 0 4
 3.600000E+01 10 15788 4 2 0 4
 4.000000E+01 26 15782 16 5 1 4
 4.400000E+01 32 15775 16 9 2 5
 4.800000E+01 30 15769 13 7 3 7
 5.200000E+01 33 15765 16 6 4 7
 5.600000E+01 31 15760 14 4 4 9
 6.000000E+01 41 15756 18 6 5 12
 6.400000E+01 53 15746 21 13 5 14
 6.800000E+01 60 15736 23 10 8 19
 7.200000E+01 60 15725 20 8 11 21
 7.600000E+01 76 15718 27 9 14 26
 8.000000E+01 83 15707 25 9 17 32
 8.400000E+01 93 15697 28 12 19 34
 8.800000E+01 93 15690 25 6 25 37
 9.200000E+01 95 15685 22 5 26 42
 9.600000E+01 106 15683 28 5 26 47
 1.000000E+02 110 15674 25 7 28 50
 1.040000E+02 127 15669 28 18 29 52
 1.080000E+02 133 15663 31 6 36 60
 1.120000E+02 132 15661 28 4 38 62
 1.160000E+02 140 15653 25 12 39 64
 1.200000E+02 147 15642 23 12 43 69
 1.240000E+02 163 15636 34 12 44 73
 1.280000E+02 172 15630 38 10 47 77
 1.320000E+02 164 15630 24 11 49 80
 1.360000E+02 176 15622 26 13 53 84
 1.400000E+02 179 15619 30 8 54 87
 1.440000E+02 191 15615 30 12 56 93
 1.480000E+02 200 15610 30 14 57 99
 1.520000E+02 207 15607 27 13 60 107
 1.560000E+02 214 15599 31 11 62 110
 1.600000E+02 220 15587 28 14 63 115
 1.640000E+02 236 15575 33 17 66 120
 1.680000E+02 235 15565 29 14 68 124
 1.720000E+02 240 15555 24 18 70 128
 1.760000E+02 244 15551 23 15 72 134
 1.800000E+02 244 15545 17 12 76 139
 1.840000E+02 263 15536 20 22 77 144
 1.880000E+02 274 15524 26 17 80 151
 1.920000E+02 278 15514 18 17 84 159
 1.960000E+02 285 15504 19 14 86 166
 2.000000E+02 287 15499 21 9 88 169

#Simulation ended (eff.: 0.944599, detail below)
	#Events: 18704
	#Valid embedding but no longer unary when required: 0.000000
	#Valid embedding but not binary when required: 0.000000
	#Clashing instance: 0.000000
	#Lazy negative update: 1.000000
	#Lazy negative update of non local instances: 0.000000
	#Perturbation interrupting time advance: 0.000000
