# time 'Cases' 'Susceptible' 'Exposed' 'Infected' 'Removed' 'Deads'
 0.000000E+00 0 470 0 0 0 0
 4.000000E+00 2 470 2 0 0 0
 8.000000E+00 0 470 0 0 0 0
 1.200000E+01 2 470 2 0 0 0
 1.600000E+01 1 470 1 0 0 0
 2.000000E+01 0 470 0 0 0 0
 2.400000E+01 3 470 3 0 0 0
 2.800000E+01 3 470 2 1 0 0
 3.200000E+01 3 470 2 1 0 0
 3.600000E+01 4 468 3 1 0 0
 4.000000E+01 2 467 1 0 0 1
 4.400000E+01 5 466 4 0 0 1
 4.800000E+01 4 466 2 1 0 1
 5.200000E+01 6 465 4 0 1 1
 5.600000E+01 7 464 3 2 1 1
 6.000000E+01 8 459 2 2 1 3
 6.400000E+01 7 457 2 0 2 3
 6.800000E+01 9 457 3 1 2 3
 7.200000E+01 8 456 3 0 2 3
 7.600000E+01 8 456 3 0 2 3
 8.000000E+01 7 456 2 0 2 3
 8.400000E+01 8 456 1 0 2 5
 8.800000E+01 14 456 6 0 2 6
 9.200000E+01 13 456 4 1 2 6
 9.600000E+01 15 456 5 2 2 6
 1.000000E+02 19 453 7 4 2 6
 1.040000E+02 18 451 6 2 3 7
 1.080000E+02 17 451 5 1 4 7
 1.120000E+02 23 451 10 2 4 7
 1.160000E+02 22 450 9 2 4 7
 1.200000E+02 19 450 7 0 5 7
 1.240000E+02 21 449 6 1 6 8
 1.280000E+02 19 449 2 1 6 10
 1.320000E+02 24 446 6 1 6 11
 1.360000E+02 28 446 4 6 7 11
 1.400000E+02 32 444 7 3 9 13
 1.440000E+02 29 444 3 0 9 17
 1.480000E+02 36 443 8 1 9 18
 1.520000E+02 35 442 5 1 10 19
 1.560000E+02 38 442 7 1 11 19
 1.600000E+02 39 439 4 3 12 20
 1.640000E+02 41 438 4 4 12 21
 1.680000E+02 43 437 7 2 12 22
 1.720000E+02 39 435 2 1 13 23
 1.760000E+02 46 433 5 3 14 24
 1.800000E+02 42 431 2 2 14 24
 1.840000E+02 41 431 1 2 14 24
 1.880000E+02 42 431 2 1 14 25
 1.920000E+02 41 429 2 0 14 25
 1.960000E+02 44 429 5 0 14 25
 2.000000E+02 42 429 1 1 15 25

#Simulation ended (eff.: 0.757436, detail below)
	#Events: 1477
	#Valid embedding but no longer unary when required: 0.000000
	#Valid embedding but not binary when required: 0.000000
	#Clashing instance: 0.000000
	#Lazy negative update: 1.000000
	#Lazy negative update of non local instances: 0.000000
	#Perturbation interrupting time advance: 0.000000
