# time 'Cases' 'Susceptible' 'Exposed' 'Infected' 'Removed' 'Deads'
 0.000000E+00 0 4700 0 0 0 0
 4.000000E+00 0 4700 0 0 0 0
 8.000000E+00 0 4700 0 0 0 0
 1.200000E+01 0 4700 0 0 0 0
 1.600000E+01 3 4700 3 0 0 0
 2.000000E+01 4 4700 4 0 0 0
 2.400000E+01 4 4700 4 0 0 0
 2.800000E+01 3 4700 3 0 0 0
 3.200000E+01 6 4700 6 0 0 0
 3.600000E+01 3 4700 2 0 0 1
 4.000000E+01 2 4700 0 0 0 2
 4.400000E+01 3 4700 1 0 0 2
 4.800000E+01 4 4700 1 1 0 2
 5.200000E+01 6 4698 3 1 0 2
 5.600000E+01 7 4698 5 0 0 2
 6.000000E+01 6 4698 3 0 0 3
 6.400000E+01 11 4697 4 4 0 3
 6.800000E+01 9 4697 1 2 1 5
 7.200000E+01 12 4696 3 1 1 7
 7.600000E+01 16 4695 7 1 1 7
 8.000000E+01 10 4695 1 1 1 7
 8.400000E+01 14 4695 4 1 2 7
 8.800000E+01 18 4690 5 3 3 7
 9.200000E+01 17 4687 4 3 3 7
 9.600000E+01 18 4685 3 3 3 9
 1.000000E+02 23 4683 5 5 3 10
 1.040000E+02 23 4683 4 4 4 11
 1.080000E+02 23 4683 5 2 4 12
 1.120000E+02 30 4683 12 1 5 12
 1.160000E+02 33 4679 13 2 5 13
 1.200000E+02 24 4678 4 1 5 14
 1.240000E+02 31 4677 8 2 6 15
 1.280000E+02 33 4675 8 1 8 16
 1.320000E+02 38 4674 7 5 8 18
 1.360000E+02 42 4667 8 6 8 20
 1.400000E+02 37 4665 7 0 9 21
 1.440000E+02 51 4663 19 2 9 21
 1.480000E+02 41 4661 8 1 11 21
 1.520000E+02 51 4660 14 4 11 22
 1.560000E+02 44 4659 5 0 13 26
 1.600000E+02 45 4659 6 0 13 26
 1.640000E+02 46 4659 6 0 14 26
 1.680000E+02 46 4657 5 0 14 27
 1.720000E+02 46 4657 5 0 14 27
 1.760000E+02 50 4657 6 3 14 27
 1.800000E+02 50 4653 2 6 14 28
 1.840000E+02 49 4653 4 2 15 28
 1.880000E+02 57 4652 12 1 15 29
 1.920000E+02 58 4651 12 1 15 30
 1.960000E+02 55 4651 5 3 16 31
 2.000000E+02 60 4651 5 4 16 35

#Simulation ended (eff.: 0.906164, detail below)
	#Events: 5292
	#Valid embedding but no longer unary when required: 0.000000
	#Valid embedding but not binary when required: 0.000000
	#Clashing instance: 0.000000
	#Lazy negative update: 1.000000
	#Lazy negative update of non local instances: 0.000000
	#Perturbation interrupting time advance: 0.000000
