# time 'Cases' 'Susceptible' 'Exposed' 'Infected' 'Removed' 'Deads'
 0.000000E+00 0 7000 0 0 0 0
 4.000000E+00 1 7000 1 0 0 0
 8.000000E+00 4 7000 4 0 0 0
 1.200000E+01 3 7000 3 0 0 0
 1.600000E+01 2 7000 2 0 0 0
 2.000000E+01 2 7000 1 1 0 0
 2.400000E+01 2 6999 2 0 0 0
 2.800000E+01 1 6999 1 0 0 0
 3.200000E+01 1 6999 1 0 0 0
 3.600000E+01 2 6999 2 0 0 0
 4.000000E+01 1 6999 1 0 0 0
 4.400000E+01 2 6999 2 0 0 0
 4.800000E+01 5 6999 3 1 0 1
 5.200000E+01 5 6999 4 0 0 1
 5.600000E+01 4 6999 3 0 0 1
 6.000000E+01 3 6999 2 0 0 1
 6.400000E+01 2 6998 0 1 0 1
 6.800000E+01 6 6996 3 2 0 1
 7.200000E+01 6 6994 3 0 1 2
 7.600000E+01 7 6994 4 0 1 2
 8.000000E+01 5 6994 1 1 1 2
 8.400000E+01 5 6993 2 0 1 2
 8.800000E+01 4 6993 1 0 1 2
 9.200000E+01 9 6992 4 2 1 2
 9.600000E+01 6 6991 3 0 1 2
 1.000000E+02 3 6991 0 0 1 2
 1.040000E+02 6 6991 3 0 1 2
 1.080000E+02 5 6991 2 0 1 2
 1.120000E+02 7 6990 2 0 2 3
 1.160000E+02 10 6990 4 1 2 3
 1.200000E+02 11 6990 4 1 3 3
 1.240000E+02 12 6989 2 2 4 4
 1.280000E+02 13 6988 3 0 4 6
 1.320000E+02 12 6988 2 0 4 6
 1.360000E+02 12 6988 2 0 4 6
 1.400000E+02 10 6988 0 0 4 6
 1.440000E+02 12 6988 2 0 4 6
 1.480000E+02 11 6988 1 0 4 6
 1.520000E+02 11 6988 1 0 4 6
 1.560000E+02 11 6988 1 0 4 6
 1.600000E+02 13 6988 2 1 4 6
 1.640000E+02 13 6988 2 0 4 7
 1.680000E+02 13 6988 1 0 4 8
 1.720000E+02 13 6988 1 0 4 8
 1.760000E+02 15 6988 3 0 4 8
 1.800000E+02 13 6988 1 0 4 8
 1.840000E+02 14 6988 1 1 4 8
 1.880000E+02 15 6986 2 1 4 8
 1.920000E+02 14 6985 0 1 4 9
 1.960000E+02 15 6984 1 0 4 10
 2.000000E+02 18 6984 3 1 4 10

#Simulation ended (eff.: 0.926958, detail below)
	#Events: 6485
	#Valid embedding but no longer unary when required: 0.000000
	#Valid embedding but not binary when required: 0.000000
	#Clashing instance: 0.000000
	#Lazy negative update: 1.000000
	#Lazy negative update of non local instances: 0.000000
	#Perturbation interrupting time advance: 0.000000
