# time 'Cases' 'Susceptible' 'Exposed' 'Infected' 'Removed' 'Deads'
 0.000000E+00 0 15800 0 0 0 0
 4.000000E+00 0 15800 0 0 0 0
 8.000000E+00 2 15800 2 0 0 0
 1.200000E+01 2 15800 2 0 0 0
 1.600000E+01 2 15800 1 0 1 0
 2.000000E+01 4 15800 3 0 1 0
 2.400000E+01 5 15800 3 1 1 0
 2.800000E+01 7 15799 4 0 2 1
 3.200000E+01 10 15795 6 1 2 1
 3.600000E+01 9 15795 6 0 2 1
 4.000000E+01 8 15795 3 2 2 1
 4.400000E+01 12 15794 7 1 2 2
 4.800000E+01 14 15794 7 3 2 2
 5.200000E+01 20 15789 11 4 3 2
 5.600000E+01 13 15788 4 4 3 2
 6.000000E+01 19 15787 9 2 4 4
 6.400000E+01 17 15785 5 1 4 7
 6.800000E+01 22 15784 7 3 4 8
 7.200000E+01 25 15782 8 3 5 9
 7.600000E+01 31 15778 10 5 6 10
 8.000000E+01 33 15774 10 5 7 11
 8.400000E+01 36 15770 8 7 8 13
 8.800000E+01 40 15765 13 2 9 16
 9.200000E+01 43 15760 16 1 10 16
 9.600000E+01 37 15760 10 1 10 16
 1.000000E+02 48 15760 16 4 10 18
 1.040000E+02 47 15756 10 6 11 20
 1.080000E+02 45 15752 9 4 12 20
 1.120000E+02 51 15751 13 4 13 21
 1.160000E+02 57 15748 14 6 14 23
 1.200000E+02 55 15746 11 5 15 24
 1.240000E+02 51 15746 8 2 15 26
 1.280000E+02 55 15746 9 3 15 28
 1.320000E+02 60 15744 14 1 16 29
 1.360000E+02 56 15744 7 2 17 30
 1.400000E+02 71 15742 16 5 18 32
 1.440000E+02 76 15735 13 9 20 34
 1.480000E+02 79 15730 12 6 24 37
 1.520000E+02 94 15726 22 9 25 38
 1.560000E+02 81 15720 8 4 28 41
 1.600000E+02 83 15716 9 2 29 43
 1.640000E+02 91 15713 8 8 30 45
 1.680000E+02 93 15710 9 6 31 47
 1.720000E+02 89 15709 5 3 31 50
 1.760000E+02 94 15706 7 5 31 51
 1.800000E+02 97 15705 7 7 32 51
 1.840000E+02 103 15702 10 8 32 53
 1.880000E+02 107 15697 9 10 32 56
 1.920000E+02 108 15696 11 4 32 61
 1.960000E+02 106 15694 6 6 32 62
 2.000000E+02 108 15691 7 6 32 63

#Simulation ended (eff.: 0.960824, detail below)
	#Events: 15819
	#Valid embedding but no longer unary when required: 0.000000
	#Valid embedding but not binary when required: 0.000000
	#Clashing instance: 0.000000
	#Lazy negative update: 1.000000
	#Lazy negative update of non local instances: 0.000000
	#Perturbation interrupting time advance: 0.000000
