# time 'Cases' 'Susceptible' 'Exposed' 'Infected' 'Removed' 'Deads'
 0.000000E+00 0 1580 0 0 0 0
 4.000000E+00 0 1580 0 0 0 0
 8.000000E+00 1 1580 1 0 0 0
 1.200000E+01 1 1580 1 0 0 0
 1.600000E+01 5 1579 4 1 0 0
 2.000000E+01 5 1575 4 1 0 0
 2.400000E+01 5 1575 5 0 0 0
 2.800000E+01 8 1572 4 3 0 1
 3.200000E+01 4 1570 3 0 0 1
 3.600000E+01 8 1570 5 1 1 1
 4.000000E+01 8 1570 5 1 1 1
 4.400000E+01 11 1570 8 0 1 2
 4.800000E+01 7 1569 3 0 1 3
 5.200000E+01 5 1569 1 0 1 3
 5.600000E+01 9 1569 4 1 1 3
 6.000000E+01 16 1569 9 2 2 3
 6.400000E+01 11 1565 4 0 3 4
 6.800000E+01 11 1563 3 1 3 4
 7.200000E+01 15 1561 5 3 3 4
 7.600000E+01 13 1559 2 1 3 7
 8.000000E+01 15 1557 3 1 3 8
 8.400000E+01 20 1557 7 1 4 8
 8.800000E+01 19 1557 2 3 5 9
 9.200000E+01 24 1555 6 2 6 10
 9.600000E+01 29 1553 11 1 7 10
 1.000000E+02 27 1550 6 3 8 10
 1.040000E+02 29 1545 7 1 9 12
 1.080000E+02 32 1543 9 1 9 13
 1.120000E+02 30 1542 7 0 9 14
 1.160000E+02 30 1541 6 1 9 14
 1.200000E+02 31 1541 6 1 9 15
 1.240000E+02 35 1537 8 1 9 17
 1.280000E+02 35 1537 6 3 9 17
 1.320000E+02 36 1536 5 3 9 19
 1.360000E+02 42 1535 7 5 10 20
 1.400000E+02 36 1532 3 2 10 21
 1.440000E+02 37 1532 3 2 11 21
 1.480000E+02 35 1532 1 1 11 22
 1.520000E+02 36 1532 1 2 11 22
 1.560000E+02 41 1532 5 1 12 23
 1.600000E+02 44 1531 5 3 13 23
 1.640000E+02 41 1531 2 2 13 24
 1.680000E+02 42 1530 3 2 13 24
 1.720000E+02 44 1529 5 0 15 24
 1.760000E+02 41 1529 2 0 15 24
 1.800000E+02 49 1529 8 1 15 25
 1.840000E+02 50 1527 7 2 15 26
 1.880000E+02 45 1527 0 3 15 27
 1.920000E+02 48 1526 2 3 15 28
 1.960000E+02 54 1522 6 2 15 31
 2.000000E+02 52 1520 4 2 15 31

#Simulation ended (eff.: 0.845477, detail below)
	#Events: 2402
	#Valid embedding but no longer unary when required: 0.000000
	#Valid embedding but not binary when required: 0.000000
	#Clashing instance: 0.000000
	#Lazy negative update: 1.000000
	#Lazy negative update of non local instances: 0.000000
	#Perturbation interrupting time advance: 0.000000
