# time 'Cases' 'Susceptible' 'Exposed' 'Infected' 'Removed' 'Deads'
 0.000000E+00 0 15800 0 0 0 0
 4.000000E+00 1 15800 1 0 0 0
 8.000000E+00 4 15800 4 0 0 0
 1.200000E+01 4 15800 4 0 0 0
 1.600000E+01 8 15800 7 1 0 0
 2.000000E+01 11 15799 10 0 0 1
 2.400000E+01 6 15799 5 0 0 1
 2.800000E+01 7 15797 5 1 0 1
 3.200000E+01 17 15792 12 3 0 2
 3.600000E+01 15 15787 7 3 0 5
 4.000000E+01 14 15783 6 3 0 5
 4.400000E+01 27 15778 17 4 0 6
 4.800000E+01 22 15773 10 4 1 7
 5.200000E+01 27 15771 13 2 3 9
 5.600000E+01 25 15769 9 1 5 10
 6.000000E+01 29 15767 12 1 6 10
 6.400000E+01 33 15767 12 4 6 11
 6.800000E+01 35 15763 12 3 8 12
 7.200000E+01 45 15759 17 4 8 16
 7.600000E+01 45 15754 15 5 9 16
 8.000000E+01 53 15744 17 7 10 19
 8.400000E+01 56 15735 12 11 12 21
 8.800000E+01 60 15730 17 4 13 26
 9.200000E+01 69 15728 20 7 13 29
 9.600000E+01 69 15722 13 8 13 35
 1.000000E+02 80 15715 24 3 15 38
 1.040000E+02 86 15712 25 5 16 40
 1.080000E+02 95 15707 27 8 16 44
 1.120000E+02 93 15704 18 7 20 48
 1.160000E+02 99 15699 20 6 22 51
 1.200000E+02 100 15694 14 8 24 54
 1.240000E+02 108 15684 21 5 24 58
 1.280000E+02 106 15674 17 5 25 59
 1.320000E+02 121 15671 23 9 26 63
 1.360000E+02 118 15667 18 6 29 65
 1.400000E+02 119 15663 16 7 29 67
 1.440000E+02 130 15660 19 7 30 74
 1.480000E+02 137 15656 21 7 30 79
 1.520000E+02 141 15652 19 9 31 82
 1.560000E+02 150 15649 22 10 33 85
 1.600000E+02 151 15644 19 3 35 94
 1.640000E+02 154 15638 17 4 36 97
 1.680000E+02 161 15634 17 9 37 98
 1.720000E+02 165 15627 19 9 37 100
 1.760000E+02 163 15624 15 6 38 104
 1.800000E+02 170 15623 19 5 40 106
 1.840000E+02 162 15620 11 3 41 107
 1.880000E+02 178 15612 17 8 43 110
 1.920000E+02 184 15607 17 7 44 116
 1.960000E+02 185 15603 14 7 46 118
 2.000000E+02 185 15602 11 6 48 120

#Simulation ended (eff.: 0.949480, detail below)
	#Events: 17178
	#Valid embedding but no longer unary when required: 0.000000
	#Valid embedding but not binary when required: 0.000000
	#Clashing instance: 0.000000
	#Lazy negative update: 1.000000
	#Lazy negative update of non local instances: 0.000000
	#Perturbation interrupting time advance: 0.000000
