# time 'Cases' 'Susceptible' 'Exposed' 'Infected' 'Removed' 'Deads'
 0.000000E+00 0 700 0 0 0 0
 4.000000E+00 0 700 0 0 0 0
 8.000000E+00 2 698 1 1 0 0
 1.200000E+01 3 698 1 1 1 0
 1.600000E+01 5 697 3 0 2 0
 2.000000E+01 4 697 2 0 2 0
 2.400000E+01 5 697 3 0 2 0
 2.800000E+01 4 695 0 2 2 0
 3.200000E+01 6 693 2 1 3 0
 3.600000E+01 6 693 3 0 3 0
 4.000000E+01 3 693 0 0 3 0
 4.400000E+01 5 693 2 0 3 0
 4.800000E+01 4 693 0 1 3 0
 5.200000E+01 10 691 5 0 3 2
 5.600000E+01 6 691 1 0 3 2
 6.000000E+01 7 691 2 0 3 2
 6.400000E+01 10 691 4 1 3 2
 6.800000E+01 10 690 4 1 3 2
 7.200000E+01 11 690 5 1 3 2
 7.600000E+01 9 690 4 0 3 2
 8.000000E+01 9 690 4 0 3 2
 8.400000E+01 10 690 3 1 3 3
 8.800000E+01 14 690 4 3 4 3
 9.200000E+01 16 689 6 0 5 5
 9.600000E+01 15 689 4 1 5 5
 1.000000E+02 18 689 8 0 5 5
 1.040000E+02 15 689 4 1 5 5
 1.080000E+02 16 689 4 2 5 5
 1.120000E+02 13 687 2 0 5 6
 1.160000E+02 14 686 2 0 6 6
 1.200000E+02 16 686 2 1 6 7
 1.240000E+02 17 686 4 0 6 7
 1.280000E+02 16 685 1 2 6 7
 1.320000E+02 17 684 2 1 6 8
 1.360000E+02 20 681 5 1 6 8
 1.400000E+02 18 679 2 2 6 8
 1.440000E+02 19 679 1 1 6 11
 1.480000E+02 22 679 3 1 6 12
 1.520000E+02 21 679 1 2 6 12
 1.560000E+02 23 679 3 1 6 13
 1.600000E+02 23 679 2 1 6 14
 1.640000E+02 23 678 2 1 6 14
 1.680000E+02 25 677 3 2 6 14
 1.720000E+02 23 676 0 3 6 14
 1.760000E+02 22 676 0 0 6 16
 1.800000E+02 23 675 1 0 6 16
 1.840000E+02 23 675 1 0 6 16
 1.880000E+02 22 675 0 0 6 16
 1.920000E+02 24 675 2 0 6 16
 1.960000E+02 27 675 4 0 7 16
 2.000000E+02 25 675 2 0 7 16

#Simulation ended (eff.: 0.703504, detail below)
	#Events: 1305
	#Valid embedding but no longer unary when required: 0.000000
	#Valid embedding but not binary when required: 0.000000
	#Clashing instance: 0.000000
	#Lazy negative update: 1.000000
	#Lazy negative update of non local instances: 0.000000
	#Perturbation interrupting time advance: 0.000000
