# time 'Cases' 'Susceptible' 'Exposed' 'Infected' 'Removed' 'Deads'
 0.000000E+00 10 10000 0 10 0 0
 4.000000E+00 12 9991 4 3 1 4
 8.000000E+00 12 9989 3 1 2 6
 1.200000E+01 18 9985 7 2 2 7
 1.600000E+01 16 9982 5 0 3 8
 2.000000E+01 24 9980 8 3 3 10
 2.400000E+01 27 9975 9 3 3 12
 2.800000E+01 28 9970 7 4 4 13
 3.200000E+01 31 9967 7 3 4 17
 3.600000E+01 36 9965 10 2 6 18
 4.000000E+01 32 9961 4 3 7 18
 4.400000E+01 36 9960 8 1 7 20
 4.800000E+01 41 9958 8 4 7 22
 5.200000E+01 45 9957 9 3 8 25
 5.600000E+01 48 9949 12 2 8 26
 6.000000E+01 48 9943 9 4 9 26
 6.400000E+01 55 9940 17 2 9 27
 6.800000E+01 60 9935 17 3 9 31
 7.200000E+01 66 9934 17 4 11 34
 7.600000E+01 64 9931 10 5 13 36
 8.000000E+01 72 9927 12 7 14 39
 8.400000E+01 75 9925 10 4 16 45
 8.800000E+01 77 9920 7 5 17 48
 9.200000E+01 81 9917 9 5 18 49
 9.600000E+01 80 9915 8 3 19 50
 1.000000E+02 83 9911 7 6 20 50
 1.040000E+02 97 9900 17 4 23 53
 1.080000E+02 104 9895 18 6 25 55
 1.120000E+02 108 9890 17 4 25 62
 1.160000E+02 113 9887 17 5 26 65
 1.200000E+02 119 9884 18 6 26 69
 1.240000E+02 126 9880 20 5 27 74
 1.280000E+02 125 9877 14 7 29 75
 1.320000E+02 129 9874 17 4 32 76
 1.360000E+02 129 9868 13 4 34 78
 1.400000E+02 130 9866 12 5 35 78
 1.440000E+02 130 9862 7 7 36 80
 1.480000E+02 139 9857 14 6 37 82
 1.520000E+02 139 9851 11 6 38 84
 1.560000E+02 149 9849 20 4 40 85
 1.600000E+02 145 9848 11 5 41 88
 1.640000E+02 150 9844 13 6 42 89
 1.680000E+02 153 9840 9 8 42 94
 1.720000E+02 158 9838 13 7 42 96
 1.760000E+02 158 9836 11 3 46 98
 1.800000E+02 161 9834 10 5 46 100
 1.840000E+02 164 9829 8 9 47 100
 1.880000E+02 168 9824 9 6 47 106
 1.920000E+02 172 9821 11 5 49 107
 1.960000E+02 177 9818 15 2 49 111
 2.000000E+02 179 9814 13 4 49 113

#Simulation ended (eff.: 0.947506, detail below)
	#Events: 11245
	#Valid embedding but no longer unary when required: 0.000000
	#Valid embedding but not binary when required: 0.000000
	#Clashing instance: 0.000000
	#Lazy negative update: 1.000000
	#Lazy negative update of non local instances: 0.000000
	#Perturbation interrupting time advance: 0.000000
