# time 'Cases' 'Susceptible' 'Exposed' 'Infected' 'Removed' 'Deads'
 0.000000E+00 10 10000 0 10 0 0
 4.000000E+00 13 9994 3 5 0 5
 8.000000E+00 17 9987 8 2 1 6
 1.200000E+01 22 9984 11 1 2 8
 1.600000E+01 22 9981 9 1 4 8
 2.000000E+01 22 9980 6 2 4 10
 2.400000E+01 30 9975 9 5 5 11
 2.800000E+01 31 9970 10 1 6 14
 3.200000E+01 35 9967 12 3 6 14
 3.600000E+01 39 9963 12 2 10 15
 4.000000E+01 46 9960 15 5 11 15
 4.400000E+01 43 9954 8 4 13 18
 4.800000E+01 51 9949 15 3 13 20
 5.200000E+01 53 9945 10 9 13 21
 5.600000E+01 56 9941 12 6 13 25
 6.000000E+01 66 9934 19 5 14 28
 6.400000E+01 74 9930 22 6 15 31
 6.800000E+01 69 9928 14 4 17 34
 7.200000E+01 82 9921 19 7 18 38
 7.600000E+01 84 9917 17 6 19 42
 8.000000E+01 84 9907 12 3 23 46
 8.400000E+01 99 9902 21 7 24 47
 8.800000E+01 105 9896 23 6 26 50
 9.200000E+01 105 9893 15 7 29 54
 9.600000E+01 108 9888 14 6 31 57
 1.000000E+02 125 9878 25 10 31 59
 1.040000E+02 124 9874 22 6 32 64
 1.080000E+02 129 9868 21 8 33 67
 1.120000E+02 125 9866 14 8 34 69
 1.160000E+02 133 9853 16 7 36 74
 1.200000E+02 143 9851 20 8 37 78
 1.240000E+02 143 9843 18 8 38 79
 1.280000E+02 158 9837 27 9 40 82
 1.320000E+02 166 9832 25 14 41 86
 1.360000E+02 181 9823 34 13 44 90
 1.400000E+02 182 9815 26 10 49 97
 1.440000E+02 183 9809 20 10 53 100
 1.480000E+02 195 9804 23 11 56 105
 1.520000E+02 197 9799 18 6 60 113
 1.560000E+02 197 9796 14 6 63 114
 1.600000E+02 205 9788 17 8 65 115
 1.640000E+02 214 9784 25 5 66 118
 1.680000E+02 219 9780 25 6 66 122
 1.720000E+02 222 9776 17 12 67 126
 1.760000E+02 230 9771 17 10 71 132
 1.800000E+02 242 9767 20 14 73 135
 1.840000E+02 240 9765 13 14 74 139
 1.880000E+02 247 9756 18 10 74 145
 1.920000E+02 245 9754 11 7 76 151
 1.960000E+02 250 9750 15 6 77 152
 2.000000E+02 252 9747 11 6 81 154

#Simulation ended (eff.: 0.943745, detail below)
	#Events: 12297
	#Valid embedding but no longer unary when required: 0.000000
	#Valid embedding but not binary when required: 0.000000
	#Clashing instance: 0.000000
	#Lazy negative update: 1.000000
	#Lazy negative update of non local instances: 0.000000
	#Perturbation interrupting time advance: 0.000000
