# time 'Cases' 'Susceptible' 'Exposed' 'Infected' 'Removed' 'Deads'
 0.000000E+00 10 100000 0 10 0 0
 4.000000E+00 12 99997 4 3 1 4
 8.000000E+00 9 99993 1 1 2 5
 1.200000E+01 14 99991 5 2 2 5
 1.600000E+01 14 99990 4 2 3 5
 2.000000E+01 13 99987 3 0 3 7
 2.400000E+01 16 99986 4 2 3 7
 2.800000E+01 19 99985 6 2 4 7
 3.200000E+01 19 99981 5 2 5 7
 3.600000E+01 20 99980 5 2 5 8
 4.000000E+01 24 99978 8 1 6 9
 4.400000E+01 25 99978 6 3 7 9
 4.800000E+01 24 99978 5 2 7 10
 5.200000E+01 33 99971 12 3 7 11
 5.600000E+01 32 99969 10 4 7 11
 6.000000E+01 31 99968 6 4 9 12
 6.400000E+01 36 99963 10 2 10 14
 6.800000E+01 39 99961 13 1 10 15
 7.200000E+01 39 99959 10 4 10 15
 7.600000E+01 41 99956 11 3 11 16
 8.000000E+01 48 99949 13 6 11 18
 8.400000E+01 48 99943 9 5 13 21
 8.800000E+01 55 99939 15 3 14 23
 9.200000E+01 53 99938 11 3 14 25
 9.600000E+01 59 99934 13 4 15 27
 1.000000E+02 62 99931 16 0 16 30
 1.040000E+02 78 99921 19 9 17 33
 1.080000E+02 81 99915 16 12 18 35
 1.120000E+02 87 99909 17 9 22 39
 1.160000E+02 90 99903 15 10 23 42
 1.200000E+02 98 99893 21 7 24 46
 1.240000E+02 97 99890 16 4 28 49
 1.280000E+02 102 99887 17 7 28 50
 1.320000E+02 106 99885 17 5 31 53
 1.360000E+02 104 99884 15 3 32 54
 1.400000E+02 109 99882 13 6 33 57
 1.440000E+02 114 99876 13 6 34 61
 1.480000E+02 120 99871 16 7 34 63
 1.520000E+02 124 99869 16 6 35 67
 1.560000E+02 126 99864 14 5 37 70
 1.600000E+02 132 99861 15 6 39 72
 1.640000E+02 135 99857 13 7 40 75
 1.680000E+02 143 99850 17 7 41 78
 1.720000E+02 145 99843 14 9 42 80
 1.760000E+02 147 99839 11 10 43 83
 1.800000E+02 147 99837 10 9 43 85
 1.840000E+02 150 99835 10 6 46 88
 1.880000E+02 151 99834 8 5 48 90
 1.920000E+02 154 99832 8 6 48 92
 1.960000E+02 154 99828 8 5 49 92
 2.000000E+02 156 99823 6 6 50 94

#Simulation ended (eff.: 0.991212, detail below)
	#Events: 88772
	#Valid embedding but no longer unary when required: 0.000000
	#Valid embedding but not binary when required: 0.000000
	#Clashing instance: 0.000000
	#Lazy negative update: 1.000000
	#Lazy negative update of non local instances: 0.000000
	#Perturbation interrupting time advance: 0.000000
