# time 'Cases' 'Susceptible' 'Exposed' 'Infected' 'Removed' 'Deads'
 0.000000E+00 0 4700 0 0 0 0
 4.000000E+00 3 4699 2 1 0 0
 8.000000E+00 0 4699 0 0 0 0
 1.200000E+01 3 4699 2 1 0 0
 1.600000E+01 4 4699 1 2 0 1
 2.000000E+01 2 4698 1 0 0 1
 2.400000E+01 3 4698 2 0 0 1
 2.800000E+01 2 4698 1 0 0 1
 3.200000E+01 4 4698 2 1 0 1
 3.600000E+01 2 4698 0 1 0 1
 4.000000E+01 5 4698 3 0 0 2
 4.400000E+01 8 4698 5 0 0 3
 4.800000E+01 9 4698 6 0 0 3
 5.200000E+01 8 4698 5 0 0 3
 5.600000E+01 4 4698 1 0 0 3
 6.000000E+01 7 4698 4 0 0 3
 6.400000E+01 7 4698 4 0 0 3
 6.800000E+01 7 4697 4 0 0 3
 7.200000E+01 8 4697 3 2 0 3
 7.600000E+01 9 4696 3 3 0 3
 8.000000E+01 11 4691 5 2 0 4
 8.400000E+01 11 4689 7 0 0 4
 8.800000E+01 12 4689 6 2 0 4
 9.200000E+01 11 4689 5 2 0 4
 9.600000E+01 9 4689 4 0 0 5
 1.000000E+02 13 4689 7 1 0 5
 1.040000E+02 16 4688 9 2 0 5
 1.080000E+02 24 4684 13 3 1 7
 1.120000E+02 15 4683 4 2 2 7
 1.160000E+02 20 4681 7 3 2 8
 1.200000E+02 22 4679 6 5 2 9
 1.240000E+02 25 4677 11 2 3 9
 1.280000E+02 21 4673 6 3 3 9
 1.320000E+02 21 4672 7 1 3 10
 1.360000E+02 26 4672 10 1 5 10
 1.400000E+02 26 4671 10 0 6 10
 1.440000E+02 24 4671 5 2 6 11
 1.480000E+02 26 4668 6 2 7 11
 1.520000E+02 32 4667 9 1 8 14
 1.560000E+02 28 4667 4 0 8 16
 1.600000E+02 32 4667 7 1 8 16
 1.640000E+02 30 4667 2 4 8 16
 1.680000E+02 36 4667 8 1 9 18
 1.720000E+02 37 4666 8 1 9 19
 1.760000E+02 40 4663 7 4 9 20
 1.800000E+02 38 4663 6 2 9 21
 1.840000E+02 36 4662 1 2 10 23
 1.880000E+02 42 4659 4 5 10 23
 1.920000E+02 44 4657 6 2 12 24
 1.960000E+02 42 4656 3 2 12 25
 2.000000E+02 40 4655 3 0 12 25

#Simulation ended (eff.: 0.909869, detail below)
	#Events: 5209
	#Valid embedding but no longer unary when required: 0.000000
	#Valid embedding but not binary when required: 0.000000
	#Clashing instance: 0.000000
	#Lazy negative update: 1.000000
	#Lazy negative update of non local instances: 0.000000
	#Perturbation interrupting time advance: 0.000000
