# time 'Cases' 'Susceptible' 'Exposed' 'Infected' 'Removed' 'Deads'
 0.000000E+00 0 15800 0 0 0 0
 4.000000E+00 2 15799 1 0 0 1
 8.000000E+00 6 15796 4 1 0 1
 1.200000E+01 8 15796 5 2 0 1
 1.600000E+01 8 15792 5 0 0 3
 2.000000E+01 7 15792 4 0 0 3
 2.400000E+01 7 15792 4 0 0 3
 2.800000E+01 7 15792 4 0 0 3
 3.200000E+01 7 15792 3 0 1 3
 3.600000E+01 13 15791 8 0 1 4
 4.000000E+01 15 15791 9 0 2 4
 4.400000E+01 12 15791 5 0 3 4
 4.800000E+01 22 15791 11 3 3 5
 5.200000E+01 20 15791 7 2 4 7
 5.600000E+01 24 15791 9 2 4 9
 6.000000E+01 24 15789 6 3 4 11
 6.400000E+01 32 15787 12 2 4 14
 6.800000E+01 43 15782 21 2 4 16
 7.200000E+01 39 15781 14 3 5 17
 7.600000E+01 37 15776 12 2 5 18
 8.000000E+01 42 15773 13 6 5 18
 8.400000E+01 53 15765 18 9 5 21
 8.800000E+01 50 15760 15 5 5 25
 9.200000E+01 56 15757 16 7 6 27
 9.600000E+01 66 15755 25 5 8 28
 1.000000E+02 63 15753 18 6 9 30
 1.040000E+02 71 15749 17 10 10 34
 1.080000E+02 86 15742 26 12 11 37
 1.120000E+02 85 15734 23 5 13 44
 1.160000E+02 87 15729 21 6 13 47
 1.200000E+02 92 15726 19 6 14 53
 1.240000E+02 103 15719 25 5 15 58
 1.280000E+02 97 15717 15 7 16 59
 1.320000E+02 102 15716 18 7 17 60
 1.360000E+02 120 15710 26 11 21 62
 1.400000E+02 122 15702 23 5 24 70
 1.440000E+02 133 15697 26 8 25 74
 1.480000E+02 121 15697 10 7 28 76
 1.520000E+02 130 15694 16 6 30 78
 1.560000E+02 138 15692 19 6 34 79
 1.600000E+02 138 15687 16 9 34 79
 1.640000E+02 149 15683 18 11 36 84
 1.680000E+02 155 15680 19 10 36 90
 1.720000E+02 152 15676 14 6 36 96
 1.760000E+02 157 15676 17 3 37 100
 1.800000E+02 160 15671 10 8 39 103
 1.840000E+02 165 15669 13 7 41 104
 1.880000E+02 168 15667 11 9 41 107
 1.920000E+02 173 15662 13 4 45 111
 1.960000E+02 176 15660 9 8 46 113
 2.000000E+02 175 15658 9 5 47 114

#Simulation ended (eff.: 0.950101, detail below)
	#Events: 16851
	#Valid embedding but no longer unary when required: 0.000000
	#Valid embedding but not binary when required: 0.000000
	#Clashing instance: 0.000000
	#Lazy negative update: 1.000000
	#Lazy negative update of non local instances: 0.000000
	#Perturbation interrupting time advance: 0.000000
