# time 'Cases' 'Susceptible' 'Exposed' 'Infected' 'Removed' 'Deads'
 0.000000E+00 0 7000 0 0 0 0
 4.000000E+00 2 6999 1 0 0 1
 8.000000E+00 3 6997 2 0 0 1
 1.200000E+01 3 6996 2 0 0 1
 1.600000E+01 1 6996 0 0 0 1
 2.000000E+01 6 6996 4 0 0 2
 2.400000E+01 8 6996 6 0 0 2
 2.800000E+01 7 6996 4 1 0 2
 3.200000E+01 3 6996 0 0 1 2
 3.600000E+01 4 6996 0 0 2 2
 4.000000E+01 5 6996 1 0 2 2
 4.400000E+01 4 6996 0 0 2 2
 4.800000E+01 6 6996 2 0 2 2
 5.200000E+01 8 6996 4 0 2 2
 5.600000E+01 8 6994 4 0 2 2
 6.000000E+01 7 6993 2 1 2 2
 6.400000E+01 10 6993 5 1 2 2
 6.800000E+01 10 6990 3 1 2 4
 7.200000E+01 12 6989 3 1 2 6
 7.600000E+01 11 6987 2 0 2 7
 8.000000E+01 14 6985 4 1 2 7
 8.400000E+01 17 6985 6 1 2 8
 8.800000E+01 14 6985 3 1 2 8
 9.200000E+01 16 6985 5 0 2 9
 9.600000E+01 16 6984 5 0 2 9
 1.000000E+02 17 6984 4 2 2 9
 1.040000E+02 15 6984 2 2 2 9
 1.080000E+02 19 6983 4 2 3 10
 1.120000E+02 22 6983 6 1 4 11
 1.160000E+02 23 6983 5 2 4 12
 1.200000E+02 21 6983 4 1 4 12
 1.240000E+02 22 6981 4 1 4 13
 1.280000E+02 24 6980 3 4 4 13
 1.320000E+02 27 6978 4 1 5 17
 1.360000E+02 28 6977 6 0 5 17
 1.400000E+02 29 6974 5 1 6 17
 1.440000E+02 34 6972 8 2 6 18
 1.480000E+02 35 6971 9 2 6 18
 1.520000E+02 36 6969 8 2 7 19
 1.560000E+02 34 6967 6 1 7 20
 1.600000E+02 35 6966 6 1 8 20
 1.640000E+02 32 6965 2 2 8 20
 1.680000E+02 36 6965 5 3 8 20
 1.720000E+02 37 6964 2 5 8 22
 1.760000E+02 40 6964 6 2 10 22
 1.800000E+02 39 6964 5 0 10 24
 1.840000E+02 37 6963 2 0 10 25
 1.880000E+02 38 6963 3 0 10 25
 1.920000E+02 37 6961 1 1 10 25
 1.960000E+02 40 6961 5 0 10 25
 2.000000E+02 36 6961 1 0 10 25

#Simulation ended (eff.: 0.911991, detail below)
	#Events: 7119
	#Valid embedding but no longer unary when required: 0.000000
	#Valid embedding but not binary when required: 0.000000
	#Clashing instance: 0.000000
	#Lazy negative update: 1.000000
	#Lazy negative update of non local instances: 0.000000
	#Perturbation interrupting time advance: 0.000000
