# time 'Cases' 'Susceptible' 'Exposed' 'Infected' 'Removed' 'Deads'
 0.000000E+00 0 470 0 0 0 0
 4.000000E+00 1 470 0 1 0 0
 8.000000E+00 2 469 0 1 1 0
 1.200000E+01 3 469 1 0 2 0
 1.600000E+01 3 469 0 1 2 0
 2.000000E+01 5 469 2 1 2 0
 2.400000E+01 4 468 2 0 2 0
 2.800000E+01 4 468 2 0 2 0
 3.200000E+01 4 468 2 0 2 0
 3.600000E+01 4 468 2 0 2 0
 4.000000E+01 9 468 6 1 2 0
 4.400000E+01 6 468 3 1 2 0
 4.800000E+01 8 468 5 1 2 0
 5.200000E+01 5 468 3 0 2 0
 5.600000E+01 7 468 5 0 2 0
 6.000000E+01 7 468 5 0 2 0
 6.400000E+01 5 468 3 0 2 0
 6.800000E+01 8 468 4 2 2 0
 7.200000E+01 8 468 4 1 2 1
 7.600000E+01 11 466 5 1 2 3
 8.000000E+01 11 466 5 0 2 4
 8.400000E+01 18 463 8 3 2 5
 8.800000E+01 17 461 6 2 3 6
 9.200000E+01 20 460 7 2 4 7
 9.600000E+01 24 459 11 1 4 8
 1.000000E+02 24 458 10 1 4 9
 1.040000E+02 18 458 4 1 4 9
 1.080000E+02 30 456 14 2 4 10
 1.120000E+02 24 454 6 2 6 10
 1.160000E+02 24 453 6 1 6 11
 1.200000E+02 29 451 8 3 7 11
 1.240000E+02 33 447 11 2 7 13
 1.280000E+02 34 447 8 3 7 16
 1.320000E+02 37 443 7 4 7 19
 1.360000E+02 39 441 9 2 7 21
 1.400000E+02 44 437 12 3 7 22
 1.440000E+02 43 433 9 3 7 24
 1.480000E+02 44 432 10 1 7 26
 1.520000E+02 47 432 10 3 7 27
 1.560000E+02 50 431 11 5 7 27
 1.600000E+02 46 430 7 1 8 30
 1.640000E+02 44 430 4 0 8 32
 1.680000E+02 46 429 4 1 9 32
 1.720000E+02 48 428 6 1 9 32
 1.760000E+02 45 428 2 1 10 32
 1.800000E+02 54 424 7 3 11 33
 1.840000E+02 48 424 2 2 11 33
 1.880000E+02 54 424 8 1 11 34
 1.920000E+02 52 422 3 4 11 34
 1.960000E+02 49 421 1 2 11 35
 2.000000E+02 54 421 6 0 12 36

#Simulation ended (eff.: 0.747565, detail below)
	#Events: 1765
	#Valid embedding but no longer unary when required: 0.000000
	#Valid embedding but not binary when required: 0.000000
	#Clashing instance: 0.000000
	#Lazy negative update: 1.000000
	#Lazy negative update of non local instances: 0.000000
	#Perturbation interrupting time advance: 0.000000
