# time 'Cases' 'Susceptible' 'Exposed' 'Infected' 'Removed' 'Deads'
 0.000000E+00 10 100000 0 10 0 0
 4.000000E+00 8 99995 1 5 2 0
 8.000000E+00 14 99992 6 3 4 1
 1.200000E+01 18 99989 9 4 4 1
 1.600000E+01 20 99985 12 1 4 3
 2.000000E+01 19 99984 5 6 5 3
 2.400000E+01 25 99978 9 6 6 4
 2.800000E+01 33 99974 17 3 6 7
 3.200000E+01 32 99971 12 4 8 8
 3.600000E+01 37 99965 13 7 9 8
 4.000000E+01 43 99960 16 3 9 15
 4.400000E+01 49 99951 19 3 10 17
 4.800000E+01 52 99948 14 8 11 19
 5.200000E+01 64 99935 22 7 12 23
 5.600000E+01 74 99927 23 10 13 28
 6.000000E+01 82 99916 28 7 15 32
 6.400000E+01 92 99909 30 9 18 35
 6.800000E+01 104 99900 31 12 20 41
 7.200000E+01 116 99892 37 14 20 45
 7.600000E+01 136 99875 41 20 20 55
 8.000000E+01 157 99848 46 23 23 65
 8.400000E+01 168 99827 43 18 29 78
 8.800000E+01 184 99814 53 13 34 84
 9.200000E+01 189 99794 43 17 36 93
 9.600000E+01 202 99784 48 13 41 100
 1.000000E+02 220 99775 51 16 44 109
 1.040000E+02 223 99761 40 24 47 112
 1.080000E+02 226 99757 33 19 52 122
 1.120000E+02 244 99747 38 17 56 133
 1.160000E+02 255 99733 36 19 61 139
 1.200000E+02 267 99721 35 19 62 151
 1.240000E+02 283 99712 39 21 65 158
 1.280000E+02 301 99698 45 19 69 168
 1.320000E+02 316 99684 42 26 74 174
 1.360000E+02 329 99667 42 21 84 182
 1.400000E+02 342 99644 46 19 85 192
 1.440000E+02 343 99631 42 13 87 201
 1.480000E+02 371 99615 54 15 90 212
 1.520000E+02 383 99602 47 19 94 223
 1.560000E+02 404 99592 52 16 101 235
 1.600000E+02 410 99575 45 19 107 239
 1.640000E+02 419 99563 42 22 110 245
 1.680000E+02 432 99544 44 18 115 255
 1.720000E+02 440 99541 39 19 119 263
 1.760000E+02 448 99537 31 20 125 272
 1.800000E+02 455 99532 30 18 127 280
 1.840000E+02 473 99518 37 15 128 293
 1.880000E+02 486 99505 40 17 130 299
 1.920000E+02 491 99500 27 23 134 307
 1.960000E+02 519 99489 41 22 140 316
 2.000000E+02 521 99483 33 20 142 326

#Simulation ended (eff.: 0.986658, detail below)
	#Events: 93403
	#Valid embedding but no longer unary when required: 0.000000
	#Valid embedding but not binary when required: 0.000000
	#Clashing instance: 0.000000
	#Lazy negative update: 1.000000
	#Lazy negative update of non local instances: 0.000000
	#Perturbation interrupting time advance: 0.000000
