# time 'Cases' 'Susceptible' 'Exposed' 'Infected' 'Removed' 'Deads'
 0.000000E+00 0 15800 0 0 0 0
 4.000000E+00 0 15800 0 0 0 0
 8.000000E+00 6 15800 5 0 1 0
 1.200000E+01 2 15800 1 0 1 0
 1.600000E+01 3 15800 2 0 1 0
 2.000000E+01 3 15800 2 0 1 0
 2.400000E+01 5 15800 3 1 1 0
 2.800000E+01 5 15800 3 1 1 0
 3.200000E+01 5 15798 3 1 1 0
 3.600000E+01 6 15798 5 0 1 0
 4.000000E+01 6 15798 3 1 1 1
 4.400000E+01 6 15798 1 2 1 2
 4.800000E+01 7 15796 2 1 1 3
 5.200000E+01 9 15795 3 2 1 3
 5.600000E+01 10 15795 3 2 1 4
 6.000000E+01 14 15794 5 3 1 5
 6.400000E+01 13 15791 3 3 2 5
 6.800000E+01 15 15788 5 3 2 5
 7.200000E+01 20 15787 9 2 2 7
 7.600000E+01 22 15782 9 4 2 7
 8.000000E+01 24 15775 9 3 2 10
 8.400000E+01 23 15771 7 3 2 11
 8.800000E+01 29 15770 12 1 2 14
 9.200000E+01 25 15770 7 1 2 15
 9.600000E+01 22 15770 1 4 2 15
 1.000000E+02 20 15770 1 2 2 15
 1.040000E+02 26 15768 5 3 3 15
 1.080000E+02 31 15766 9 3 4 15
 1.120000E+02 30 15764 6 2 5 17
 1.160000E+02 32 15762 6 2 6 18
 1.200000E+02 38 15761 10 4 6 18
 1.240000E+02 36 15760 6 4 6 20
 1.280000E+02 37 15757 7 2 8 20
 1.320000E+02 39 15756 5 1 10 23
 1.360000E+02 43 15756 7 3 10 23
 1.400000E+02 40 15756 3 2 10 25
 1.440000E+02 46 15755 8 2 10 26
 1.480000E+02 41 15754 3 0 12 26
 1.520000E+02 51 15753 11 2 12 26
 1.560000E+02 51 15751 9 3 13 26
 1.600000E+02 50 15750 5 4 14 27
 1.640000E+02 50 15748 2 5 15 28
 1.680000E+02 57 15747 8 5 15 29
 1.720000E+02 53 15746 4 2 15 32
 1.760000E+02 54 15746 6 1 15 32
 1.800000E+02 55 15744 5 1 15 34
 1.840000E+02 55 15742 4 2 15 34
 1.880000E+02 58 15740 4 1 16 37
 1.920000E+02 59 15740 3 1 17 38
 1.960000E+02 62 15740 3 1 18 40
 2.000000E+02 62 15737 2 1 18 41

#Simulation ended (eff.: 0.965692, detail below)
	#Events: 14834
	#Valid embedding but no longer unary when required: 0.000000
	#Valid embedding but not binary when required: 0.000000
	#Clashing instance: 0.000000
	#Lazy negative update: 1.000000
	#Lazy negative update of non local instances: 0.000000
	#Perturbation interrupting time advance: 0.000000
