# time 'Cases' 'Susceptible' 'Exposed' 'Infected' 'Removed' 'Deads'
 0.000000E+00 0 4700 0 0 0 0
 4.000000E+00 1 4699 1 0 0 0
 8.000000E+00 0 4699 0 0 0 0
 1.200000E+01 2 4699 2 0 0 0
 1.600000E+01 0 4699 0 0 0 0
 2.000000E+01 0 4699 0 0 0 0
 2.400000E+01 2 4699 1 1 0 0
 2.800000E+01 2 4699 1 0 0 1
 3.200000E+01 2 4696 1 0 0 1
 3.600000E+01 3 4696 2 0 0 1
 4.000000E+01 3 4696 2 0 0 1
 4.400000E+01 7 4696 6 0 0 1
 4.800000E+01 7 4696 4 2 0 1
 5.200000E+01 7 4695 4 1 1 1
 5.600000E+01 3 4694 0 0 1 2
 6.000000E+01 6 4694 3 0 1 2
 6.400000E+01 8 4694 2 3 1 2
 6.800000E+01 11 4692 5 2 1 3
 7.200000E+01 15 4691 8 1 2 4
 7.600000E+01 12 4690 4 0 2 6
 8.000000E+01 15 4689 4 2 3 6
 8.400000E+01 14 4689 3 2 3 6
 8.800000E+01 15 4685 2 3 3 7
 9.200000E+01 17 4684 4 3 3 7
 9.600000E+01 16 4681 5 0 3 8
 1.000000E+02 17 4681 5 1 3 8
 1.040000E+02 16 4681 3 1 3 9
 1.080000E+02 15 4681 1 1 3 10
 1.120000E+02 22 4681 7 2 3 10
 1.160000E+02 17 4680 4 0 3 10
 1.200000E+02 24 4680 10 1 3 10
 1.240000E+02 18 4677 2 1 3 12
 1.280000E+02 21 4677 3 3 3 12
 1.320000E+02 19 4674 2 0 3 14
 1.360000E+02 21 4673 4 0 3 14
 1.400000E+02 27 4672 8 1 3 15
 1.440000E+02 28 4670 7 2 3 16
 1.480000E+02 26 4669 4 3 3 16
 1.520000E+02 26 4669 5 1 4 16
 1.560000E+02 25 4667 3 2 4 16
 1.600000E+02 27 4667 5 1 4 17
 1.640000E+02 26 4667 4 1 4 17
 1.680000E+02 23 4667 2 0 4 17
 1.720000E+02 25 4667 3 1 4 17
 1.760000E+02 22 4667 1 0 4 17
 1.800000E+02 27 4667 5 1 4 17
 1.840000E+02 30 4666 4 3 4 19
 1.880000E+02 27 4666 2 1 5 19
 1.920000E+02 26 4666 1 0 5 20
 1.960000E+02 29 4666 2 1 5 21
 2.000000E+02 33 4666 3 2 5 23

#Simulation ended (eff.: 0.912589, detail below)
	#Events: 4980
	#Valid embedding but no longer unary when required: 0.000000
	#Valid embedding but not binary when required: 0.000000
	#Clashing instance: 0.000000
	#Lazy negative update: 1.000000
	#Lazy negative update of non local instances: 0.000000
	#Perturbation interrupting time advance: 0.000000
