# time 'Cases' 'Susceptible' 'Exposed' 'Infected' 'Removed' 'Deads'
 0.000000E+00 10 100000 0 10 0 0
 4.000000E+00 19 99987 11 3 0 5
 8.000000E+00 17 99984 9 0 0 8
 1.200000E+01 23 99978 13 0 1 9
 1.600000E+01 21 99977 8 2 1 10
 2.000000E+01 24 99974 7 4 1 12
 2.400000E+01 26 99968 9 2 1 14
 2.800000E+01 30 99967 8 6 2 14
 3.200000E+01 37 99958 11 7 3 16
 3.600000E+01 46 99949 19 6 4 17
 4.000000E+01 49 99941 16 8 6 19
 4.400000E+01 55 99931 18 9 8 20
 4.800000E+01 66 99923 21 11 11 23
 5.200000E+01 72 99916 20 11 13 28
 5.600000E+01 71 99908 15 7 15 34
 6.000000E+01 81 99902 17 9 19 36
 6.400000E+01 89 99890 23 7 20 39
 6.800000E+01 97 99883 25 9 20 43
 7.200000E+01 105 99874 25 11 21 48
 7.600000E+01 117 99865 30 10 22 55
 8.000000E+01 124 99856 25 14 23 62
 8.400000E+01 136 99849 25 15 25 71
 8.800000E+01 146 99840 24 15 29 78
 9.200000E+01 162 99832 33 14 31 84
 9.600000E+01 169 99823 27 16 35 91
 1.000000E+02 185 99805 40 15 35 95
 1.040000E+02 196 99791 41 14 38 103
 1.080000E+02 210 99784 45 12 42 111
 1.120000E+02 216 99768 37 12 45 122
 1.160000E+02 220 99759 30 10 49 131
 1.200000E+02 228 99753 29 12 52 135
 1.240000E+02 238 99747 30 14 54 140
 1.280000E+02 247 99737 27 17 60 143
 1.320000E+02 263 99723 37 14 63 149
 1.360000E+02 260 99715 27 15 63 155
 1.400000E+02 272 99709 27 14 70 161
 1.440000E+02 272 99704 23 9 71 169
 1.480000E+02 280 99700 19 15 73 173
 1.520000E+02 287 99697 16 12 79 180
 1.560000E+02 294 99688 15 14 81 184
 1.600000E+02 298 99681 20 7 82 189
 1.640000E+02 304 99675 21 7 84 192
 1.680000E+02 313 99671 21 11 85 196
 1.720000E+02 324 99665 23 13 87 201
 1.760000E+02 323 99658 19 10 87 207
 1.800000E+02 336 99648 27 9 90 210
 1.840000E+02 336 99645 21 10 92 213
 1.880000E+02 336 99641 16 11 94 215
 1.920000E+02 344 99638 21 6 97 220
 1.960000E+02 349 99636 17 9 97 226
 2.000000E+02 357 99635 18 6 99 234

#Simulation ended (eff.: 0.988745, detail below)
	#Events: 91452
	#Valid embedding but no longer unary when required: 0.000000
	#Valid embedding but not binary when required: 0.000000
	#Clashing instance: 0.000000
	#Lazy negative update: 1.000000
	#Lazy negative update of non local instances: 0.000000
	#Perturbation interrupting time advance: 0.000000
