# time 'Cases' 'Susceptible' 'Exposed' 'Infected' 'Removed' 'Deads'
 0.000000E+00 0 7000 0 0 0 0
 4.000000E+00 1 7000 1 0 0 0
 8.000000E+00 1 7000 0 1 0 0
 1.200000E+01 5 6999 4 1 0 0
 1.600000E+01 1 6999 1 0 0 0
 2.000000E+01 3 6999 3 0 0 0
 2.400000E+01 9 6999 8 1 0 0
 2.800000E+01 2 6998 2 0 0 0
 3.200000E+01 6 6998 6 0 0 0
 3.600000E+01 6 6998 5 1 0 0
 4.000000E+01 4 6998 3 1 0 0
 4.400000E+01 9 6997 6 2 0 1
 4.800000E+01 7 6993 3 3 0 1
 5.200000E+01 11 6990 8 1 0 2
 5.600000E+01 13 6989 10 1 0 2
 6.000000E+01 9 6989 6 0 1 2
 6.400000E+01 14 6989 11 0 1 2
 6.800000E+01 14 6989 9 2 1 2
 7.200000E+01 14 6987 8 1 1 4
 7.600000E+01 15 6987 7 3 1 4
 8.000000E+01 14 6986 5 2 2 5
 8.400000E+01 16 6984 7 0 3 6
 8.800000E+01 17 6984 7 1 3 6
 9.200000E+01 29 6982 18 2 3 6
 9.600000E+01 25 6982 12 2 3 8
 1.000000E+02 26 6981 10 4 3 9
 1.040000E+02 23 6980 4 4 6 9
 1.080000E+02 28 6976 7 5 6 10
 1.120000E+02 30 6974 10 2 7 11
 1.160000E+02 36 6973 14 3 7 12
 1.200000E+02 34 6971 10 1 7 16
 1.240000E+02 37 6969 8 4 9 16
 1.280000E+02 40 6967 10 3 10 17
 1.320000E+02 41 6966 9 4 10 18
 1.360000E+02 49 6964 15 4 11 19
 1.400000E+02 43 6960 8 3 12 20
 1.440000E+02 48 6958 12 2 13 21
 1.480000E+02 46 6955 7 4 13 22
 1.520000E+02 58 6952 13 7 13 25
 1.560000E+02 53 6951 8 4 14 27
 1.600000E+02 55 6946 9 4 14 28
 1.640000E+02 58 6946 9 3 14 32
 1.680000E+02 59 6944 9 2 14 34
 1.720000E+02 60 6943 10 1 14 35
 1.760000E+02 65 6942 11 4 14 36
 1.800000E+02 57 6937 2 2 15 38
 1.840000E+02 66 6934 10 2 15 39
 1.880000E+02 67 6930 6 5 17 39
 1.920000E+02 71 6928 8 5 17 41
 1.960000E+02 73 6927 7 5 17 44
 2.000000E+02 73 6925 6 3 19 45

#Simulation ended (eff.: 0.890365, detail below)
	#Events: 8243
	#Valid embedding but no longer unary when required: 0.000000
	#Valid embedding but not binary when required: 0.000000
	#Clashing instance: 0.000000
	#Lazy negative update: 1.000000
	#Lazy negative update of non local instances: 0.000000
	#Perturbation interrupting time advance: 0.000000
