# time 'Cases' 'Susceptible' 'Exposed' 'Infected' 'Removed' 'Deads'
 0.000000E+00 0 4700 0 0 0 0
 4.000000E+00 1 4700 0 1 0 0
 8.000000E+00 3 4700 2 1 0 0
 1.200000E+01 2 4699 1 0 0 1
 1.600000E+01 1 4699 0 0 0 1
 2.000000E+01 3 4699 1 1 0 1
 2.400000E+01 3 4697 1 1 0 1
 2.800000E+01 5 4695 3 0 0 2
 3.200000E+01 5 4695 3 0 0 2
 3.600000E+01 4 4695 1 0 1 2
 4.000000E+01 4 4695 1 0 1 2
 4.400000E+01 4 4695 0 1 1 2
 4.800000E+01 11 4694 5 2 1 3
 5.200000E+01 8 4691 3 1 1 3
 5.600000E+01 9 4689 4 1 1 3
 6.000000E+01 11 4686 5 2 1 3
 6.400000E+01 9 4684 2 2 1 4
 6.800000E+01 12 4682 4 2 1 5
 7.200000E+01 14 4679 5 2 1 6
 7.600000E+01 20 4679 9 2 1 8
 8.000000E+01 16 4678 3 3 1 9
 8.400000E+01 20 4676 10 0 1 9
 8.800000E+01 19 4672 6 2 1 10
 9.200000E+01 17 4672 5 1 1 10
 9.600000E+01 16 4669 4 1 1 10
 1.000000E+02 20 4667 6 1 3 10
 1.040000E+02 21 4667 6 2 3 10
 1.080000E+02 18 4665 1 2 4 11
 1.120000E+02 31 4664 12 2 4 13
 1.160000E+02 25 4662 6 1 4 14
 1.200000E+02 24 4662 2 4 4 14
 1.240000E+02 29 4661 7 2 4 16
 1.280000E+02 33 4656 8 5 4 16
 1.320000E+02 34 4653 8 4 6 16
 1.360000E+02 30 4651 5 1 6 18
 1.400000E+02 32 4651 6 1 6 19
 1.440000E+02 33 4650 6 1 6 20
 1.480000E+02 40 4650 12 2 6 20
 1.520000E+02 35 4649 7 1 6 21
 1.560000E+02 35 4648 2 4 7 22
 1.600000E+02 39 4648 5 5 7 22
 1.640000E+02 43 4646 7 5 7 24
 1.680000E+02 44 4646 7 5 8 24
 1.720000E+02 47 4644 11 3 9 24
 1.760000E+02 41 4642 4 3 9 25
 1.800000E+02 42 4640 6 1 10 25
 1.840000E+02 43 4640 8 0 10 25
 1.880000E+02 38 4640 2 1 10 25
 1.920000E+02 41 4639 4 2 10 25
 1.960000E+02 39 4639 4 0 10 25
 2.000000E+02 39 4638 4 0 10 25

#Simulation ended (eff.: 0.903932, detail below)
	#Events: 5288
	#Valid embedding but no longer unary when required: 0.000000
	#Valid embedding but not binary when required: 0.000000
	#Clashing instance: 0.000000
	#Lazy negative update: 1.000000
	#Lazy negative update of non local instances: 0.000000
	#Perturbation interrupting time advance: 0.000000
