# time 'Cases' 'Susceptible' 'Exposed' 'Infected' 'Removed' 'Deads'
 0.000000E+00 0 7000 0 0 0 0
 4.000000E+00 1 7000 1 0 0 0
 8.000000E+00 2 6999 1 1 0 0
 1.200000E+01 0 6997 0 0 0 0
 1.600000E+01 1 6997 1 0 0 0
 2.000000E+01 2 6996 1 0 0 1
 2.400000E+01 6 6995 2 3 0 1
 2.800000E+01 4 6995 2 0 0 2
 3.200000E+01 8 6995 3 2 1 2
 3.600000E+01 7 6995 4 0 1 2
 4.000000E+01 12 6995 7 1 1 3
 4.400000E+01 9 6994 3 1 2 3
 4.800000E+01 14 6994 8 0 2 4
 5.200000E+01 14 6993 6 2 2 4
 5.600000E+01 16 6991 7 2 2 5
 6.000000E+01 18 6991 8 2 2 6
 6.400000E+01 20 6990 7 3 3 7
 6.800000E+01 24 6988 9 3 3 9
 7.200000E+01 26 6987 13 0 3 10
 7.600000E+01 25 6987 11 1 3 10
 8.000000E+01 23 6987 5 2 3 13
 8.400000E+01 33 6985 14 1 3 15
 8.800000E+01 33 6984 12 1 4 16
 9.200000E+01 32 6984 10 2 4 16
 9.600000E+01 32 6983 9 2 4 17
 1.000000E+02 33 6979 6 5 4 18
 1.040000E+02 39 6975 11 4 4 20
 1.080000E+02 46 6972 13 8 4 21
 1.120000E+02 42 6965 10 5 4 23
 1.160000E+02 46 6962 14 4 4 24
 1.200000E+02 47 6961 13 2 6 26
 1.240000E+02 51 6961 16 1 6 28
 1.280000E+02 59 6957 18 3 7 31
 1.320000E+02 62 6957 16 5 7 34
 1.360000E+02 64 6955 18 4 7 35
 1.400000E+02 65 6953 18 3 7 37
 1.440000E+02 71 6949 18 5 8 40
 1.480000E+02 65 6946 11 2 10 42
 1.520000E+02 76 6944 16 4 11 45
 1.560000E+02 73 6944 9 4 12 48
 1.600000E+02 83 6942 13 7 14 49
 1.640000E+02 89 6937 18 5 14 52
 1.680000E+02 89 6934 14 5 16 54
 1.720000E+02 85 6933 9 4 18 54
 1.760000E+02 87 6933 9 4 18 56
 1.800000E+02 86 6932 8 1 19 58
 1.840000E+02 92 6931 10 3 20 59
 1.880000E+02 89 6931 7 1 20 61
 1.920000E+02 93 6927 6 5 20 62
 1.960000E+02 100 6925 10 4 23 63
 2.000000E+02 96 6923 6 2 24 64

#Simulation ended (eff.: 0.875580, detail below)
	#Events: 8684
	#Valid embedding but no longer unary when required: 0.000000
	#Valid embedding but not binary when required: 0.000000
	#Clashing instance: 0.000000
	#Lazy negative update: 1.000000
	#Lazy negative update of non local instances: 0.000000
	#Perturbation interrupting time advance: 0.000000
