# time 'Cases' 'Susceptible' 'Exposed' 'Infected' 'Removed' 'Deads'
 0.000000E+00 0 15800 0 0 0 0
 4.000000E+00 2 15800 2 0 0 0
 8.000000E+00 4 15797 2 2 0 0
 1.200000E+01 8 15793 6 2 0 0
 1.600000E+01 8 15792 7 1 0 0
 2.000000E+01 10 15792 7 3 0 0
 2.400000E+01 6 15790 4 2 0 0
 2.800000E+01 10 15788 7 1 1 1
 3.200000E+01 13 15782 9 1 1 2
 3.600000E+01 13 15780 7 1 2 3
 4.000000E+01 18 15780 12 1 2 3
 4.400000E+01 17 15779 9 3 2 3
 4.800000E+01 21 15776 8 5 2 6
 5.200000E+01 22 15773 9 3 2 8
 5.600000E+01 22 15770 6 3 3 10
 6.000000E+01 32 15764 12 3 6 11
 6.400000E+01 34 15764 11 4 6 13
 6.800000E+01 42 15758 16 3 7 16
 7.200000E+01 47 15755 15 4 8 20
 7.600000E+01 52 15749 14 6 10 22
 8.000000E+01 54 15746 9 7 13 25
 8.400000E+01 70 15737 14 13 14 29
 8.800000E+01 71 15731 10 11 18 32
 9.200000E+01 75 15725 15 6 19 35
 9.600000E+01 73 15719 10 4 19 40
 1.000000E+02 78 15716 15 4 19 40
 1.040000E+02 81 15714 15 5 19 42
 1.080000E+02 89 15711 12 8 20 49
 1.120000E+02 92 15708 11 5 23 53
 1.160000E+02 94 15703 12 2 23 57
 1.200000E+02 99 15702 15 2 24 58
 1.240000E+02 101 15700 14 3 26 58
 1.280000E+02 103 15697 10 7 26 60
 1.320000E+02 108 15694 12 4 28 64
 1.360000E+02 114 15691 12 9 28 65
 1.400000E+02 115 15687 9 7 30 69
 1.440000E+02 122 15684 13 7 30 72
 1.480000E+02 116 15683 6 4 33 73
 1.520000E+02 123 15679 12 1 35 75
 1.560000E+02 128 15679 14 4 35 75
 1.600000E+02 132 15677 11 7 35 79
 1.640000E+02 131 15675 9 4 36 82
 1.680000E+02 131 15671 5 6 38 82
 1.720000E+02 147 15660 15 5 39 88
 1.760000E+02 150 15657 16 6 39 89
 1.800000E+02 146 15654 8 4 42 92
 1.840000E+02 152 15650 11 5 43 93
 1.880000E+02 150 15647 6 4 45 95
 1.920000E+02 149 15646 4 3 46 96
 1.960000E+02 157 15645 9 4 46 98
 2.000000E+02 155 15642 6 4 47 98

#Simulation ended (eff.: 0.954604, detail below)
	#Events: 16192
	#Valid embedding but no longer unary when required: 0.000000
	#Valid embedding but not binary when required: 0.000000
	#Clashing instance: 0.000000
	#Lazy negative update: 1.000000
	#Lazy negative update of non local instances: 0.000000
	#Perturbation interrupting time advance: 0.000000
