# time 'Cases' 'Susceptible' 'Exposed' 'Infected' 'Removed' 'Deads'
 0.000000E+00 10 10000 0 10 0 0
 4.000000E+00 15 9991 6 6 0 3
 8.000000E+00 13 9987 4 1 1 7
 1.200000E+01 19 9983 8 2 1 8
 1.600000E+01 20 9982 8 2 1 9
 2.000000E+01 18 9981 5 3 1 9
 2.400000E+01 17 9980 3 2 2 10
 2.800000E+01 25 9975 10 2 3 10
 3.200000E+01 27 9973 10 3 3 11
 3.600000E+01 34 9970 12 6 5 11
 4.000000E+01 33 9969 9 5 5 14
 4.400000E+01 34 9969 7 4 6 17
 4.800000E+01 48 9964 17 4 7 20
 5.200000E+01 45 9959 10 5 8 22
 5.600000E+01 54 9952 17 4 9 24
 6.000000E+01 54 9946 12 6 10 26
 6.400000E+01 58 9943 14 5 11 28
 6.800000E+01 58 9943 12 4 12 30
 7.200000E+01 62 9942 14 3 12 33
 7.600000E+01 70 9939 18 5 12 35
 8.000000E+01 75 9932 17 6 13 39
 8.400000E+01 81 9926 19 7 14 41
 8.800000E+01 97 9916 30 10 14 43
 9.200000E+01 101 9908 25 17 15 44
 9.600000E+01 100 9901 28 5 17 50
 1.000000E+02 117 9896 32 13 19 53
 1.040000E+02 120 9891 29 11 20 60
 1.080000E+02 140 9869 39 12 24 65
 1.120000E+02 150 9862 41 12 27 70
 1.160000E+02 153 9855 40 9 29 75
 1.200000E+02 157 9846 31 13 32 81
 1.240000E+02 177 9840 39 15 34 89
 1.280000E+02 186 9826 37 14 35 100
 1.320000E+02 197 9819 36 14 40 107
 1.360000E+02 205 9812 31 17 44 113
 1.400000E+02 215 9797 29 16 47 123
 1.440000E+02 232 9787 36 19 49 128
 1.480000E+02 243 9773 36 17 51 139
 1.520000E+02 254 9761 31 20 55 148
 1.560000E+02 264 9745 31 21 59 153
 1.600000E+02 286 9731 39 20 61 166
 1.640000E+02 283 9726 25 20 66 172
 1.680000E+02 296 9717 22 20 73 181
 1.720000E+02 302 9708 21 16 79 186
 1.760000E+02 322 9703 24 23 81 194
 1.800000E+02 330 9694 26 15 83 206
 1.840000E+02 326 9689 22 7 84 213
 1.880000E+02 334 9685 26 6 85 217
 1.920000E+02 341 9683 20 14 87 220
 1.960000E+02 343 9679 16 11 89 227
 2.000000E+02 342 9675 13 9 90 230

#Simulation ended (eff.: 0.939508, detail below)
	#Events: 13512
	#Valid embedding but no longer unary when required: 0.000000
	#Valid embedding but not binary when required: 0.000000
	#Clashing instance: 0.000000
	#Lazy negative update: 1.000000
	#Lazy negative update of non local instances: 0.000000
	#Perturbation interrupting time advance: 0.000000
