# time 'Cases' 'Susceptible' 'Exposed' 'Infected' 'Removed' 'Deads'
 0.000000E+00 10 100000 0 10 0 0
 4.000000E+00 16 99989 7 6 1 2
 8.000000E+00 19 99984 10 3 2 4
 1.200000E+01 22 99978 11 4 3 4
 1.600000E+01 27 99974 13 4 4 6
 2.000000E+01 23 99971 11 1 4 7
 2.400000E+01 27 99968 14 2 4 7
 2.800000E+01 25 99964 9 2 4 10
 3.200000E+01 38 99962 21 1 5 11
 3.600000E+01 42 99955 12 10 7 13
 4.000000E+01 42 99948 12 4 8 18
 4.400000E+01 58 99943 25 4 8 21
 4.800000E+01 61 99933 22 5 8 26
 5.200000E+01 65 99926 19 4 9 33
 5.600000E+01 72 99919 17 10 10 35
 6.000000E+01 79 99913 20 9 11 39
 6.400000E+01 91 99902 27 9 11 44
 6.800000E+01 96 99896 28 9 11 48
 7.200000E+01 108 99888 27 12 14 55
 7.600000E+01 117 99881 30 13 16 58
 8.000000E+01 114 99875 25 7 17 65
 8.400000E+01 125 99869 22 11 21 71
 8.800000E+01 136 99858 20 16 24 76
 9.200000E+01 158 99846 35 11 28 84
 9.600000E+01 158 99840 28 11 30 89
 1.000000E+02 163 99829 26 11 33 93
 1.040000E+02 179 99821 32 12 36 99
 1.080000E+02 181 99812 28 10 36 107
 1.120000E+02 184 99807 28 7 37 112
 1.160000E+02 196 99803 27 15 38 116
 1.200000E+02 202 99795 23 15 41 123
 1.240000E+02 207 99787 25 7 43 132
 1.280000E+02 217 99779 28 9 44 136
 1.320000E+02 220 99776 25 8 47 140
 1.360000E+02 227 99771 26 11 49 141
 1.400000E+02 236 99761 26 17 49 144
 1.440000E+02 243 99750 25 13 55 150
 1.480000E+02 241 99745 21 11 57 152
 1.520000E+02 242 99739 17 8 58 159
 1.560000E+02 250 99735 20 9 59 162
 1.600000E+02 260 99722 20 13 60 167
 1.640000E+02 259 99717 18 9 61 171
 1.680000E+02 263 99711 14 7 64 178
 1.720000E+02 266 99708 15 4 65 182
 1.760000E+02 270 99704 10 10 67 183
 1.800000E+02 276 99702 12 7 68 189
 1.840000E+02 276 99698 7 8 69 192
 1.880000E+02 281 99695 8 9 69 195
 1.920000E+02 276 99695 5 4 70 197
 1.960000E+02 277 99694 5 3 70 199
 2.000000E+02 281 99692 5 2 72 202

#Simulation ended (eff.: 0.989036, detail below)
	#Events: 90928
	#Valid embedding but no longer unary when required: 0.000000
	#Valid embedding but not binary when required: 0.000000
	#Clashing instance: 0.000000
	#Lazy negative update: 1.000000
	#Lazy negative update of non local instances: 0.000000
	#Perturbation interrupting time advance: 0.000000
