# time 'Cases' 'Susceptible' 'Exposed' 'Infected' 'Removed' 'Deads'
 0.000000E+00 0 4700 0 0 0 0
 4.000000E+00 2 4700 2 0 0 0
 8.000000E+00 3 4700 2 1 0 0
 1.200000E+01 2 4700 1 0 1 0
 1.600000E+01 2 4700 0 0 1 1
 2.000000E+01 4 4700 2 0 1 1
 2.400000E+01 4 4700 2 0 1 1
 2.800000E+01 3 4700 1 0 1 1
 3.200000E+01 3 4700 1 0 1 1
 3.600000E+01 3 4700 1 0 1 1
 4.000000E+01 3 4700 1 0 1 1
 4.400000E+01 3 4700 0 1 1 1
 4.800000E+01 6 4700 3 0 1 2
 5.200000E+01 8 4700 4 0 1 3
 5.600000E+01 6 4700 2 0 1 3
 6.000000E+01 7 4700 2 0 2 3
 6.400000E+01 10 4700 5 0 2 3
 6.800000E+01 10 4699 5 0 2 3
 7.200000E+01 11 4699 6 0 2 3
 7.600000E+01 12 4699 7 0 2 3
 8.000000E+01 12 4699 4 1 2 5
 8.400000E+01 15 4697 5 2 2 6
 8.800000E+01 17 4694 5 2 4 6
 9.200000E+01 19 4694 6 1 4 8
 9.600000E+01 22 4692 7 2 4 9
 1.000000E+02 23 4689 5 4 4 10
 1.040000E+02 27 4681 6 5 5 11
 1.080000E+02 29 4680 8 3 5 13
 1.120000E+02 26 4679 8 0 5 13
 1.160000E+02 27 4679 7 1 5 14
 1.200000E+02 35 4678 14 1 5 15
 1.240000E+02 31 4676 9 1 5 16
 1.280000E+02 31 4673 5 5 5 16
 1.320000E+02 31 4672 6 2 6 17
 1.360000E+02 35 4669 9 2 6 18
 1.400000E+02 33 4669 7 2 6 18
 1.440000E+02 42 4668 16 0 6 20
 1.480000E+02 39 4667 9 2 7 21
 1.520000E+02 50 4663 15 7 7 21
 1.560000E+02 42 4662 8 4 7 23
 1.600000E+02 47 4659 12 3 7 25
 1.640000E+02 43 4659 8 0 7 28
 1.680000E+02 47 4658 8 4 7 28
 1.720000E+02 46 4657 7 3 8 28
 1.760000E+02 49 4657 8 3 9 29
 1.800000E+02 51 4656 8 3 11 29
 1.840000E+02 47 4655 2 4 11 30
 1.880000E+02 56 4652 10 4 11 31
 1.920000E+02 52 4651 6 3 11 32
 1.960000E+02 54 4650 6 2 12 34
 2.000000E+02 57 4648 5 3 12 37

#Simulation ended (eff.: 0.899035, detail below)
	#Events: 5494
	#Valid embedding but no longer unary when required: 0.000000
	#Valid embedding but not binary when required: 0.000000
	#Clashing instance: 0.000000
	#Lazy negative update: 1.000000
	#Lazy negative update of non local instances: 0.000000
	#Perturbation interrupting time advance: 0.000000
