# time 'Cases' 'Susceptible' 'Exposed' 'Infected' 'Removed' 'Deads'
 0.000000E+00 10 100000 0 10 0 0
 4.000000E+00 16 99989 6 5 2 3
 8.000000E+00 16 99985 5 2 3 6
 1.200000E+01 19 99983 5 4 3 7
 1.600000E+01 27 99978 11 3 3 10
 2.000000E+01 24 99974 8 0 3 13
 2.400000E+01 26 99974 9 1 3 13
 2.800000E+01 28 99971 8 3 3 14
 3.200000E+01 35 99968 10 4 4 17
 3.600000E+01 38 99965 9 4 4 21
 4.000000E+01 37 99958 6 5 4 22
 4.400000E+01 45 99952 14 4 4 23
 4.800000E+01 46 99948 11 6 5 24
 5.200000E+01 49 99943 12 4 7 26
 5.600000E+01 60 99936 19 6 7 28
 6.000000E+01 66 99927 21 7 8 30
 6.400000E+01 78 99919 28 8 10 32
 6.800000E+01 86 99908 30 10 12 34
 7.200000E+01 102 99896 40 11 14 37
 7.600000E+01 107 99884 34 11 21 41
 8.000000E+01 124 99873 39 13 23 49
 8.400000E+01 132 99864 36 21 23 52
 8.800000E+01 162 99845 55 17 26 64
 9.200000E+01 181 99817 59 20 31 71
 9.600000E+01 188 99805 56 23 32 77
 1.000000E+02 210 99782 62 26 36 86
 1.040000E+02 227 99761 62 25 40 100
 1.080000E+02 242 99743 55 35 44 108
 1.120000E+02 268 99722 64 29 50 125
 1.160000E+02 288 99706 66 27 53 142
 1.200000E+02 302 99690 63 23 59 157
 1.240000E+02 324 99666 60 27 62 175
 1.280000E+02 337 99655 60 22 68 187
 1.320000E+02 372 99635 68 31 75 198
 1.360000E+02 393 99618 63 36 80 214
 1.400000E+02 405 99595 56 35 87 227
 1.440000E+02 424 99582 61 32 95 236
 1.480000E+02 426 99574 52 29 102 243
 1.520000E+02 441 99557 54 29 107 251
 1.560000E+02 462 99548 60 25 111 266
 1.600000E+02 480 99535 55 22 117 286
 1.640000E+02 492 99522 55 23 121 293
 1.680000E+02 516 99507 58 23 126 309
 1.720000E+02 531 99490 58 26 132 315
 1.760000E+02 529 99477 50 19 136 324
 1.800000E+02 536 99469 45 21 141 329
 1.840000E+02 569 99449 58 28 144 339
 1.880000E+02 570 99438 39 33 148 350
 1.920000E+02 581 99431 40 26 149 366
 1.960000E+02 595 99417 38 25 153 379
 2.000000E+02 609 99406 39 24 158 388

#Simulation ended (eff.: 0.986270, detail below)
	#Events: 94745
	#Valid embedding but no longer unary when required: 0.000000
	#Valid embedding but not binary when required: 0.000000
	#Clashing instance: 0.000000
	#Lazy negative update: 1.000000
	#Lazy negative update of non local instances: 0.000000
	#Perturbation interrupting time advance: 0.000000
