# time 'Cases' 'Susceptible' 'Exposed' 'Infected' 'Removed' 'Deads'
 0.000000E+00 10 10000 0 10 0 0
 4.000000E+00 9 9993 3 1 1 4
 8.000000E+00 14 9988 6 3 1 4
 1.200000E+01 18 9982 9 2 1 6
 1.600000E+01 19 9980 9 3 1 6
 2.000000E+01 22 9976 10 2 1 9
 2.400000E+01 27 9975 11 4 2 10
 2.800000E+01 32 9968 13 5 2 12
 3.200000E+01 35 9959 13 4 4 14
 3.600000E+01 45 9954 20 3 5 17
 4.000000E+01 51 9950 22 4 6 19
 4.400000E+01 47 9942 12 4 8 23
 4.800000E+01 67 9930 26 7 9 25
 5.200000E+01 77 9924 33 7 10 27
 5.600000E+01 79 9920 30 6 10 33
 6.000000E+01 89 9914 29 8 15 37
 6.400000E+01 97 9907 32 10 15 40
 6.800000E+01 102 9896 28 12 17 45
 7.200000E+01 118 9887 38 10 19 51
 7.600000E+01 135 9872 44 12 21 58
 8.000000E+01 131 9863 30 18 21 62
 8.400000E+01 161 9846 46 20 25 70
 8.800000E+01 175 9831 49 21 29 76
 9.200000E+01 190 9811 48 31 32 79
 9.600000E+01 226 9779 65 30 38 93
 1.000000E+02 241 9765 65 23 48 105
 1.040000E+02 252 9747 62 25 52 113
 1.080000E+02 265 9733 56 24 56 129
 1.120000E+02 285 9717 65 27 60 133
 1.160000E+02 304 9692 63 30 65 146
 1.200000E+02 312 9675 59 26 71 156
 1.240000E+02 344 9653 70 24 75 175
 1.280000E+02 364 9640 64 31 82 187
 1.320000E+02 382 9623 57 38 88 199
 1.360000E+02 388 9604 50 34 96 208
 1.400000E+02 406 9592 54 23 106 223
 1.440000E+02 418 9583 47 29 111 231
 1.480000E+02 429 9568 44 25 116 244
 1.520000E+02 450 9552 43 24 122 261
 1.560000E+02 456 9543 36 23 127 270
 1.600000E+02 469 9529 40 16 131 282
 1.640000E+02 476 9520 41 12 133 290
 1.680000E+02 494 9515 42 21 136 295
 1.720000E+02 501 9503 37 23 139 302
 1.760000E+02 514 9491 39 23 144 308
 1.800000E+02 521 9483 36 18 149 318
 1.840000E+02 527 9476 30 14 157 326
 1.880000E+02 536 9467 31 16 158 331
 1.920000E+02 538 9460 21 19 161 337
 1.960000E+02 548 9454 21 19 165 343
 2.000000E+02 548 9452 17 14 169 348

#Simulation ended (eff.: 0.936193, detail below)
	#Events: 16741
	#Valid embedding but no longer unary when required: 0.000000
	#Valid embedding but not binary when required: 0.000000
	#Clashing instance: 0.000000
	#Lazy negative update: 1.000000
	#Lazy negative update of non local instances: 0.000000
	#Perturbation interrupting time advance: 0.000000
