# time 'Cases' 'Susceptible' 'Exposed' 'Infected' 'Removed' 'Deads'
 0.000000E+00 0 700 0 0 0 0
 4.000000E+00 2 700 2 0 0 0
 8.000000E+00 1 700 1 0 0 0
 1.200000E+01 3 700 3 0 0 0
 1.600000E+01 2 700 2 0 0 0
 2.000000E+01 6 700 5 0 1 0
 2.400000E+01 6 700 4 0 1 1
 2.800000E+01 7 696 3 1 2 1
 3.200000E+01 9 694 4 2 2 1
 3.600000E+01 10 693 7 0 2 1
 4.000000E+01 10 692 6 1 2 1
 4.400000E+01 11 690 5 3 2 1
 4.800000E+01 16 684 9 3 2 2
 5.200000E+01 14 681 8 1 3 2
 5.600000E+01 11 681 4 2 3 2
 6.000000E+01 15 681 9 1 3 2
 6.400000E+01 21 680 13 1 5 2
 6.800000E+01 19 679 10 1 5 3
 7.200000E+01 21 678 9 3 5 4
 7.600000E+01 27 674 14 2 6 5
 8.000000E+01 28 674 11 5 6 6
 8.400000E+01 32 671 10 6 7 9
 8.800000E+01 35 665 14 2 7 12
 9.200000E+01 29 662 7 2 7 13
 9.600000E+01 42 658 14 6 7 15
 1.000000E+02 42 656 13 3 8 18
 1.040000E+02 39 653 8 5 8 18
 1.080000E+02 54 649 18 8 8 20
 1.120000E+02 53 647 10 9 8 26
 1.160000E+02 54 640 13 6 8 27
 1.200000E+02 61 637 20 4 8 29
 1.240000E+02 58 636 15 3 9 31
 1.280000E+02 65 629 18 5 11 31
 1.320000E+02 63 626 12 5 12 34
 1.360000E+02 73 624 19 6 13 35
 1.400000E+02 71 620 14 5 13 39
 1.440000E+02 74 618 16 3 15 40
 1.480000E+02 75 617 12 3 17 43
 1.520000E+02 79 617 11 3 19 46
 1.560000E+02 87 616 17 4 19 47
 1.600000E+02 92 611 11 12 19 50
 1.640000E+02 93 602 13 3 22 55
 1.680000E+02 96 601 13 3 22 58
 1.720000E+02 89 600 4 2 22 61
 1.760000E+02 106 600 16 4 22 64
 1.800000E+02 101 600 9 3 23 66
 1.840000E+02 101 598 7 4 24 66
 1.880000E+02 103 596 9 3 24 67
 1.920000E+02 106 594 6 6 26 68
 1.960000E+02 114 594 9 7 27 71
 2.000000E+02 111 593 5 6 27 73

#Simulation ended (eff.: 0.756125, detail below)
	#Events: 3395
	#Valid embedding but no longer unary when required: 0.000000
	#Valid embedding but not binary when required: 0.000000
	#Clashing instance: 0.000000
	#Lazy negative update: 1.000000
	#Lazy negative update of non local instances: 0.000000
	#Perturbation interrupting time advance: 0.000000
