# time 'Cases' 'Susceptible' 'Exposed' 'Infected' 'Removed' 'Deads'
 0.000000E+00 0 1580 0 0 0 0
 4.000000E+00 6 1578 4 1 0 1
 8.000000E+00 6 1576 4 1 0 1
 1.200000E+01 4 1576 2 0 0 2
 1.600000E+01 6 1576 4 0 0 2
 2.000000E+01 8 1576 6 0 0 2
 2.400000E+01 10 1573 6 2 0 2
 2.800000E+01 8 1572 4 1 0 3
 3.200000E+01 9 1571 5 0 0 4
 3.600000E+01 12 1570 7 1 0 4
 4.000000E+01 13 1566 6 2 0 5
 4.400000E+01 21 1565 14 1 0 6
 4.800000E+01 17 1560 7 4 0 6
 5.200000E+01 21 1558 10 2 1 8
 5.600000E+01 22 1557 9 3 1 9
 6.000000E+01 31 1550 14 4 2 11
 6.400000E+01 41 1549 21 3 4 13
 6.800000E+01 45 1539 16 10 4 15
 7.200000E+01 54 1537 23 6 6 19
 7.600000E+01 56 1529 17 7 6 26
 8.000000E+01 56 1524 11 10 6 29
 8.400000E+01 64 1521 14 5 12 33
 8.800000E+01 71 1520 20 4 13 34
 9.200000E+01 78 1515 21 7 13 37
 9.600000E+01 67 1511 7 6 13 41
 1.000000E+02 83 1506 20 8 13 42
 1.040000E+02 83 1501 15 9 15 44
 1.080000E+02 88 1499 17 6 16 49
 1.120000E+02 88 1498 15 4 16 53
 1.160000E+02 88 1496 14 4 16 54
 1.200000E+02 93 1492 12 6 18 57
 1.240000E+02 101 1492 16 9 18 58
 1.280000E+02 97 1489 14 3 18 62
 1.320000E+02 103 1488 12 5 19 67
 1.360000E+02 108 1486 11 7 19 71
 1.400000E+02 111 1485 11 7 20 73
 1.440000E+02 111 1484 12 1 22 76
 1.480000E+02 114 1484 14 0 23 77
 1.520000E+02 115 1484 9 5 24 77
 1.560000E+02 115 1482 5 5 24 81
 1.600000E+02 130 1479 14 8 24 84
 1.640000E+02 134 1475 15 5 27 87
 1.680000E+02 135 1473 12 4 27 92
 1.720000E+02 133 1470 10 0 28 95
 1.760000E+02 135 1470 8 3 28 96
 1.800000E+02 140 1465 13 1 29 97
 1.840000E+02 136 1465 4 4 29 99
 1.880000E+02 137 1462 5 2 30 100
 1.920000E+02 138 1460 4 1 31 102
 1.960000E+02 142 1459 4 3 32 103
 2.000000E+02 143 1458 6 2 32 103

#Simulation ended (eff.: 0.844534, detail below)
	#Events: 3971
	#Valid embedding but no longer unary when required: 0.000000
	#Valid embedding but not binary when required: 0.000000
	#Clashing instance: 0.000000
	#Lazy negative update: 1.000000
	#Lazy negative update of non local instances: 0.000000
	#Perturbation interrupting time advance: 0.000000
