# time 'Cases' 'Susceptible' 'Exposed' 'Infected' 'Removed' 'Deads'
 0.000000E+00 0 4700 0 0 0 0
 4.000000E+00 1 4700 1 0 0 0
 8.000000E+00 0 4700 0 0 0 0
 1.200000E+01 1 4700 1 0 0 0
 1.600000E+01 3 4700 3 0 0 0
 2.000000E+01 2 4700 2 0 0 0
 2.400000E+01 2 4700 2 0 0 0
 2.800000E+01 1 4700 1 0 0 0
 3.200000E+01 5 4700 4 1 0 0
 3.600000E+01 2 4698 1 0 0 1
 4.000000E+01 3 4696 1 1 0 1
 4.400000E+01 4 4694 2 1 0 1
 4.800000E+01 4 4693 2 1 0 1
 5.200000E+01 1 4692 0 0 0 1
 5.600000E+01 1 4692 0 0 0 1
 6.000000E+01 3 4692 2 0 0 1
 6.400000E+01 3 4692 2 0 0 1
 6.800000E+01 3 4691 1 0 1 1
 7.200000E+01 4 4691 2 0 1 1
 7.600000E+01 4 4691 1 0 1 2
 8.000000E+01 6 4691 3 0 1 2
 8.400000E+01 8 4690 2 3 1 2
 8.800000E+01 12 4688 5 1 2 4
 9.200000E+01 12 4687 5 0 2 5
 9.600000E+01 11 4686 2 0 2 7
 1.000000E+02 16 4685 6 1 2 7
 1.040000E+02 13 4685 2 2 2 7
 1.080000E+02 15 4684 4 0 2 9
 1.120000E+02 14 4683 3 0 2 9
 1.160000E+02 14 4683 2 0 2 10
 1.200000E+02 19 4683 6 1 2 10
 1.240000E+02 17 4681 3 2 2 10
 1.280000E+02 14 4679 0 2 2 10
 1.320000E+02 16 4679 1 3 2 10
 1.360000E+02 17 4678 1 2 3 11
 1.400000E+02 21 4677 2 3 4 12
 1.440000E+02 21 4676 3 2 4 12
 1.480000E+02 20 4675 2 1 4 13
 1.520000E+02 19 4675 2 0 4 13
 1.560000E+02 20 4674 2 1 4 13
 1.600000E+02 21 4674 3 0 4 14
 1.640000E+02 20 4674 1 0 4 15
 1.680000E+02 20 4674 1 0 4 15
 1.720000E+02 24 4674 4 1 4 15
 1.760000E+02 23 4674 2 1 4 16
 1.800000E+02 27 4671 4 2 5 16
 1.840000E+02 27 4671 3 2 5 17
 1.880000E+02 28 4671 3 2 5 18
 1.920000E+02 25 4671 1 0 5 19
 1.960000E+02 25 4671 1 0 5 19
 2.000000E+02 25 4671 1 0 5 19

#Simulation ended (eff.: 0.926651, detail below)
	#Events: 4687
	#Valid embedding but no longer unary when required: 0.000000
	#Valid embedding but not binary when required: 0.000000
	#Clashing instance: 0.000000
	#Lazy negative update: 1.000000
	#Lazy negative update of non local instances: 0.000000
	#Perturbation interrupting time advance: 0.000000
