# time 'Cases' 'Susceptible' 'Exposed' 'Infected' 'Removed' 'Deads'
 0.000000E+00 0 15800 0 0 0 0
 4.000000E+00 1 15800 0 1 0 0
 8.000000E+00 4 15797 2 0 1 1
 1.200000E+01 5 15796 3 0 1 1
 1.600000E+01 3 15796 1 0 1 1
 2.000000E+01 3 15796 1 0 1 1
 2.400000E+01 3 15796 1 0 1 1
 2.800000E+01 4 15794 1 1 1 1
 3.200000E+01 3 15793 0 1 1 1
 3.600000E+01 6 15793 2 1 1 2
 4.000000E+01 10 15793 5 1 1 3
 4.400000E+01 14 15790 7 0 2 5
 4.800000E+01 14 15788 5 0 3 6
 5.200000E+01 14 15788 4 1 3 6
 5.600000E+01 14 15787 4 0 3 7
 6.000000E+01 19 15787 9 0 3 7
 6.400000E+01 14 15787 3 0 4 7
 6.800000E+01 19 15787 6 1 4 8
 7.200000E+01 20 15786 5 2 5 8
 7.600000E+01 17 15786 2 1 6 8
 8.000000E+01 20 15786 4 1 6 9
 8.400000E+01 21 15781 3 2 6 10
 8.800000E+01 29 15777 10 2 6 11
 9.200000E+01 24 15775 4 2 7 11
 9.600000E+01 23 15775 3 2 7 11
 1.000000E+02 25 15774 5 2 7 11
 1.040000E+02 28 15773 6 3 7 12
 1.080000E+02 35 15770 8 4 10 13
 1.120000E+02 36 15766 8 5 10 13
 1.160000E+02 37 15762 8 3 10 16
 1.200000E+02 34 15756 6 1 10 17
 1.240000E+02 36 15755 7 1 10 18
 1.280000E+02 38 15751 6 3 10 19
 1.320000E+02 39 15750 5 5 10 19
 1.360000E+02 47 15750 10 5 10 22
 1.400000E+02 47 15746 7 4 11 25
 1.440000E+02 47 15741 6 4 11 26
 1.480000E+02 51 15739 9 1 12 29
 1.520000E+02 51 15739 6 3 12 30
 1.560000E+02 57 15738 12 3 12 30
 1.600000E+02 60 15738 12 5 12 31
 1.640000E+02 60 15734 9 5 12 34
 1.680000E+02 60 15731 7 4 15 34
 1.720000E+02 63 15729 6 4 16 37
 1.760000E+02 63 15725 6 2 17 38
 1.800000E+02 62 15724 3 2 18 39
 1.840000E+02 64 15723 5 2 18 39
 1.880000E+02 64 15723 3 2 18 41
 1.920000E+02 67 15722 4 3 19 41
 1.960000E+02 71 15721 7 2 20 42
 2.000000E+02 67 15721 1 1 21 44

#Simulation ended (eff.: 0.964008, detail below)
	#Events: 15026
	#Valid embedding but no longer unary when required: 0.000000
	#Valid embedding but not binary when required: 0.000000
	#Clashing instance: 0.000000
	#Lazy negative update: 1.000000
	#Lazy negative update of non local instances: 0.000000
	#Perturbation interrupting time advance: 0.000000
