# time 'Cases' 'Susceptible' 'Exposed' 'Infected' 'Removed' 'Deads'
 0.000000E+00 0 7000 0 0 0 0
 4.000000E+00 1 7000 1 0 0 0
 8.000000E+00 4 7000 4 0 0 0
 1.200000E+01 6 7000 5 1 0 0
 1.600000E+01 1 6999 1 0 0 0
 2.000000E+01 1 6999 1 0 0 0
 2.400000E+01 2 6999 2 0 0 0
 2.800000E+01 3 6999 3 0 0 0
 3.200000E+01 4 6999 4 0 0 0
 3.600000E+01 3 6999 3 0 0 0
 4.000000E+01 2 6998 1 1 0 0
 4.400000E+01 7 6996 5 1 0 1
 4.800000E+01 5 6996 3 1 0 1
 5.200000E+01 6 6996 5 0 0 1
 5.600000E+01 5 6996 3 1 0 1
 6.000000E+01 3 6995 0 1 1 1
 6.400000E+01 6 6995 4 0 1 1
 6.800000E+01 7 6992 5 0 1 1
 7.200000E+01 8 6992 5 1 1 1
 7.600000E+01 10 6990 5 2 1 2
 8.000000E+01 15 6987 9 3 1 2
 8.400000E+01 14 6984 7 1 1 5
 8.800000E+01 22 6979 12 3 1 6
 9.200000E+01 27 6976 12 6 2 7
 9.600000E+01 22 6972 6 6 2 8
 1.000000E+02 24 6967 9 2 3 10
 1.040000E+02 35 6964 20 0 4 11
 1.080000E+02 30 6964 13 2 4 11
 1.120000E+02 32 6961 11 5 4 12
 1.160000E+02 36 6956 13 4 5 14
 1.200000E+02 40 6955 13 6 5 16
 1.240000E+02 34 6949 7 2 7 18
 1.280000E+02 42 6949 14 1 7 20
 1.320000E+02 49 6949 17 1 9 22
 1.360000E+02 47 6949 15 0 9 23
 1.400000E+02 49 6948 14 2 9 24
 1.440000E+02 43 6948 6 0 10 27
 1.480000E+02 48 6946 8 2 10 28
 1.520000E+02 49 6943 8 0 10 31
 1.560000E+02 53 6941 8 1 10 34
 1.600000E+02 56 6940 11 1 10 34
 1.640000E+02 56 6940 11 1 10 34
 1.680000E+02 53 6940 5 4 10 34
 1.720000E+02 61 6938 8 5 10 38
 1.760000E+02 64 6936 6 5 13 40
 1.800000E+02 70 6934 8 7 14 41
 1.840000E+02 71 6932 8 3 15 45
 1.880000E+02 65 6932 1 2 17 45
 1.920000E+02 69 6929 2 3 17 47
 1.960000E+02 70 6927 3 3 17 47
 2.000000E+02 76 6924 8 2 17 49

#Simulation ended (eff.: 0.889936, detail below)
	#Events: 8029
	#Valid embedding but no longer unary when required: 0.000000
	#Valid embedding but not binary when required: 0.000000
	#Clashing instance: 0.000000
	#Lazy negative update: 1.000000
	#Lazy negative update of non local instances: 0.000000
	#Perturbation interrupting time advance: 0.000000
