# time 'Cases' 'Susceptible' 'Exposed' 'Infected' 'Removed' 'Deads'
 0.000000E+00 10 100000 0 10 0 0
 4.000000E+00 14 99992 4 2 2 6
 8.000000E+00 19 99985 8 3 2 6
 1.200000E+01 20 99981 9 2 2 7
 1.600000E+01 21 99979 11 1 2 7
 2.000000E+01 24 99975 11 3 2 8
 2.400000E+01 26 99973 8 5 3 10
 2.800000E+01 28 99971 10 3 4 11
 3.200000E+01 32 99968 12 5 4 11
 3.600000E+01 29 99964 6 3 6 14
 4.000000E+01 41 99958 16 5 6 14
 4.400000E+01 40 99952 15 2 6 17
 4.800000E+01 41 99950 13 3 7 18
 5.200000E+01 55 99946 21 6 7 21
 5.600000E+01 54 99943 14 9 9 22
 6.000000E+01 58 99934 17 6 9 26
 6.400000E+01 66 99927 19 7 9 31
 6.800000E+01 72 99917 23 5 11 33
 7.200000E+01 76 99915 24 6 11 35
 7.600000E+01 86 99907 26 10 12 38
 8.000000E+01 96 99900 29 9 16 42
 8.400000E+01 99 99895 26 11 16 46
 8.800000E+01 111 99885 29 13 18 51
 9.200000E+01 119 99879 31 11 18 59
 9.600000E+01 138 99870 37 14 22 65
 1.000000E+02 150 99861 34 18 26 72
 1.040000E+02 155 99852 30 15 29 81
 1.080000E+02 167 99844 32 17 32 86
 1.120000E+02 171 99834 33 8 37 93
 1.160000E+02 189 99824 40 13 37 99
 1.200000E+02 204 99807 44 13 42 105
 1.240000E+02 233 99798 58 18 46 111
 1.280000E+02 229 99783 38 16 48 127
 1.320000E+02 239 99769 37 19 51 132
 1.360000E+02 253 99759 34 20 56 143
 1.400000E+02 272 99752 38 17 60 157
 1.440000E+02 281 99740 35 16 65 165
 1.480000E+02 289 99722 36 12 71 170
 1.520000E+02 306 99717 35 19 74 178
 1.560000E+02 315 99704 36 14 77 188
 1.600000E+02 322 99692 31 16 77 198
 1.640000E+02 333 99685 32 14 80 207
 1.680000E+02 341 99675 35 13 80 213
 1.720000E+02 339 99668 26 8 83 222
 1.760000E+02 348 99659 23 11 87 227
 1.800000E+02 350 99655 17 11 91 231
 1.840000E+02 358 99647 18 7 94 239
 1.880000E+02 370 99641 22 12 95 241
 1.920000E+02 376 99633 23 14 95 244
 1.960000E+02 383 99628 27 10 95 251
 2.000000E+02 384 99624 21 10 97 256

#Simulation ended (eff.: 0.987161, detail below)
	#Events: 92112
	#Valid embedding but no longer unary when required: 0.000000
	#Valid embedding but not binary when required: 0.000000
	#Clashing instance: 0.000000
	#Lazy negative update: 1.000000
	#Lazy negative update of non local instances: 0.000000
	#Perturbation interrupting time advance: 0.000000
