# time 'Cases' 'Susceptible' 'Exposed' 'Infected' 'Removed' 'Deads'
 0.000000E+00 10 100000 0 10 0 0
 4.000000E+00 11 99991 4 5 1 1
 8.000000E+00 19 99983 12 4 2 1
 1.200000E+01 18 99978 11 1 3 3
 1.600000E+01 19 99977 9 4 3 3
 2.000000E+01 25 99975 13 4 4 4
 2.400000E+01 29 99972 11 6 5 7
 2.800000E+01 38 99966 14 10 5 9
 3.200000E+01 48 99956 22 5 6 15
 3.600000E+01 50 99946 19 7 8 16
 4.000000E+01 60 99943 24 8 10 18
 4.400000E+01 64 99937 24 10 10 20
 4.800000E+01 73 99927 28 7 12 26
 5.200000E+01 82 99914 29 7 16 30
 5.600000E+01 97 99906 35 8 20 34
 6.000000E+01 115 99893 44 9 22 40
 6.400000E+01 123 99883 34 21 25 43
 6.800000E+01 145 99861 46 21 27 51
 7.200000E+01 158 99850 50 15 30 63
 7.600000E+01 179 99833 62 16 32 69
 8.000000E+01 185 99822 44 25 36 80
 8.400000E+01 210 99801 54 30 39 87
 8.800000E+01 225 99781 53 31 43 98
 9.200000E+01 252 99764 64 26 51 111
 9.600000E+01 262 99745 57 27 60 118
 1.000000E+02 279 99726 50 28 66 135
 1.040000E+02 310 99701 67 26 74 143
 1.080000E+02 328 99680 67 26 79 156
 1.120000E+02 341 99664 60 22 88 171
 1.160000E+02 366 99639 64 25 92 185
 1.200000E+02 386 99628 70 17 97 202
 1.240000E+02 409 99608 70 26 102 211
 1.280000E+02 434 99585 72 32 107 223
 1.320000E+02 448 99569 62 35 111 240
 1.360000E+02 445 99553 54 21 117 253
 1.400000E+02 484 99536 72 29 122 261
 1.440000E+02 498 99518 60 34 130 274
 1.480000E+02 531 99492 76 29 139 287
 1.520000E+02 540 99473 61 32 146 301
 1.560000E+02 555 99448 58 23 153 321
 1.600000E+02 573 99433 55 27 158 333
 1.640000E+02 606 99416 64 30 163 349
 1.680000E+02 618 99404 58 24 166 370
 1.720000E+02 634 99392 56 24 172 382
 1.760000E+02 632 99383 36 21 177 398
 1.800000E+02 664 99372 46 27 180 411
 1.840000E+02 687 99359 52 31 181 423
 1.880000E+02 679 99354 32 25 188 434
 1.920000E+02 697 99341 36 25 193 443
 1.960000E+02 709 99333 37 19 201 452
 2.000000E+02 714 99325 32 12 207 463

#Simulation ended (eff.: 0.984340, detail below)
	#Events: 96550
	#Valid embedding but no longer unary when required: 0.000000
	#Valid embedding but not binary when required: 0.000000
	#Clashing instance: 0.000000
	#Lazy negative update: 1.000000
	#Lazy negative update of non local instances: 0.000000
	#Perturbation interrupting time advance: 0.000000
