# time 'Cases' 'Susceptible' 'Exposed' 'Infected' 'Removed' 'Deads'
 0.000000E+00 10 10000 0 10 0 0
 4.000000E+00 10 9994 2 3 2 3
 8.000000E+00 13 9991 3 1 3 6
 1.200000E+01 19 9987 9 0 3 7
 1.600000E+01 15 9987 5 0 3 7
 2.000000E+01 16 9985 5 1 3 7
 2.400000E+01 20 9981 7 3 3 7
 2.800000E+01 26 9976 10 4 4 8
 3.200000E+01 39 9971 16 7 5 11
 3.600000E+01 39 9966 13 6 6 14
 4.000000E+01 42 9962 12 3 11 16
 4.400000E+01 50 9956 17 3 11 19
 4.800000E+01 53 9954 14 6 13 20
 5.200000E+01 52 9952 12 4 15 21
 5.600000E+01 59 9945 12 6 16 25
 6.000000E+01 64 9939 19 2 16 27
 6.400000E+01 60 9935 13 2 17 28
 6.800000E+01 70 9930 17 5 18 30
 7.200000E+01 73 9924 12 7 21 33
 7.600000E+01 84 9919 21 4 24 35
 8.000000E+01 89 9914 21 4 26 38
 8.400000E+01 89 9908 17 5 27 40
 8.800000E+01 100 9905 20 8 29 43
 9.200000E+01 109 9896 19 11 31 48
 9.600000E+01 127 9885 30 10 32 55
 1.000000E+02 128 9876 23 13 34 58
 1.040000E+02 143 9866 30 12 37 64
 1.080000E+02 140 9858 17 11 39 73
 1.120000E+02 167 9851 35 13 40 79
 1.160000E+02 169 9841 25 15 44 85
 1.200000E+02 181 9835 33 10 48 90
 1.240000E+02 178 9833 20 12 52 94
 1.280000E+02 192 9816 24 12 53 103
 1.320000E+02 201 9813 27 7 56 111
 1.360000E+02 204 9808 25 5 59 115
 1.400000E+02 209 9803 20 12 61 116
 1.440000E+02 221 9800 28 6 63 124
 1.480000E+02 232 9790 28 12 67 125
 1.520000E+02 232 9783 21 11 68 132
 1.560000E+02 237 9777 18 11 72 136
 1.600000E+02 244 9762 22 11 74 137
 1.640000E+02 256 9753 28 11 78 139
 1.680000E+02 263 9748 28 10 80 145
 1.720000E+02 263 9744 15 13 83 152
 1.760000E+02 270 9739 19 10 85 156
 1.800000E+02 273 9735 18 7 88 160
 1.840000E+02 277 9732 11 13 89 164
 1.880000E+02 292 9727 20 12 92 168
 1.920000E+02 294 9725 16 8 96 174
 1.960000E+02 295 9722 13 7 98 177
 2.000000E+02 298 9721 9 7 99 183

#Simulation ended (eff.: 0.941243, detail below)
	#Events: 12559
	#Valid embedding but no longer unary when required: 0.000000
	#Valid embedding but not binary when required: 0.000000
	#Clashing instance: 0.000000
	#Lazy negative update: 1.000000
	#Lazy negative update of non local instances: 0.000000
	#Perturbation interrupting time advance: 0.000000
