# time 'Cases' 'Susceptible' 'Exposed' 'Infected' 'Removed' 'Deads'
 0.000000E+00 0 1580 0 0 0 0
 4.000000E+00 2 1580 1 1 0 0
 8.000000E+00 7 1579 6 1 0 0
 1.200000E+01 6 1579 5 1 0 0
 1.600000E+01 2 1579 2 0 0 0
 2.000000E+01 7 1576 5 2 0 0
 2.400000E+01 8 1575 4 2 0 2
 2.800000E+01 5 1574 3 0 0 2
 3.200000E+01 8 1574 4 2 0 2
 3.600000E+01 9 1573 3 2 2 2
 4.000000E+01 15 1573 7 2 3 3
 4.400000E+01 16 1571 7 2 3 4
 4.800000E+01 18 1567 8 2 3 5
 5.200000E+01 21 1564 10 2 4 5
 5.600000E+01 27 1562 12 2 5 8
 6.000000E+01 26 1556 9 1 6 10
 6.400000E+01 26 1555 7 2 7 10
 6.800000E+01 38 1552 12 7 7 12
 7.200000E+01 32 1549 4 3 9 16
 7.600000E+01 34 1549 4 4 9 17
 8.000000E+01 43 1546 12 4 9 18
 8.400000E+01 39 1544 8 2 9 20
 8.800000E+01 46 1544 13 1 10 22
 9.200000E+01 47 1542 9 3 11 24
 9.600000E+01 47 1542 9 2 11 25
 1.000000E+02 55 1535 14 4 11 26
 1.040000E+02 50 1533 8 4 12 26
 1.080000E+02 58 1531 13 4 12 29
 1.120000E+02 59 1528 11 5 12 31
 1.160000E+02 59 1526 9 4 12 34
 1.200000E+02 60 1524 7 4 14 35
 1.240000E+02 61 1524 7 3 16 35
 1.280000E+02 67 1523 9 7 16 35
 1.320000E+02 73 1522 12 5 17 39
 1.360000E+02 73 1519 12 4 17 40
 1.400000E+02 71 1517 7 4 18 42
 1.440000E+02 80 1515 11 6 19 44
 1.480000E+02 85 1509 13 8 19 45
 1.520000E+02 83 1503 8 6 20 49
 1.560000E+02 91 1501 12 8 20 51
 1.600000E+02 95 1495 16 4 22 53
 1.640000E+02 97 1490 15 5 22 55
 1.680000E+02 93 1484 9 4 22 58
 1.720000E+02 97 1482 9 6 23 59
 1.760000E+02 103 1480 11 6 25 61
 1.800000E+02 105 1477 10 9 25 61
 1.840000E+02 102 1475 5 3 26 68
 1.880000E+02 104 1474 5 1 26 72
 1.920000E+02 110 1471 9 2 26 73
 1.960000E+02 112 1470 7 3 27 75
 2.000000E+02 115 1469 7 4 27 77

#Simulation ended (eff.: 0.837754, detail below)
	#Events: 3506
	#Valid embedding but no longer unary when required: 0.000000
	#Valid embedding but not binary when required: 0.000000
	#Clashing instance: 0.000000
	#Lazy negative update: 1.000000
	#Lazy negative update of non local instances: 0.000000
	#Perturbation interrupting time advance: 0.000000
