# time 'Cases' 'Susceptible' 'Exposed' 'Infected' 'Removed' 'Deads'
 0.000000E+00 0 4700 0 0 0 0
 4.000000E+00 0 4700 0 0 0 0
 8.000000E+00 1 4700 1 0 0 0
 1.200000E+01 3 4699 2 1 0 0
 1.600000E+01 4 4699 3 1 0 0
 2.000000E+01 3 4698 2 1 0 0
 2.400000E+01 4 4697 3 0 1 0
 2.800000E+01 4 4696 2 1 1 0
 3.200000E+01 6 4696 3 0 1 2
 3.600000E+01 7 4696 3 1 1 2
 4.000000E+01 9 4696 3 2 2 2
 4.400000E+01 10 4694 3 2 2 3
 4.800000E+01 13 4694 3 4 3 3
 5.200000E+01 14 4692 3 2 4 5
 5.600000E+01 20 4688 6 4 4 6
 6.000000E+01 20 4685 6 2 5 7
 6.400000E+01 20 4683 5 2 5 8
 6.800000E+01 22 4680 5 2 5 10
 7.200000E+01 23 4678 4 2 6 11
 7.600000E+01 28 4675 7 2 6 13
 8.000000E+01 26 4674 5 1 7 13
 8.400000E+01 25 4674 5 0 7 13
 8.800000E+01 26 4674 6 0 7 13
 9.200000E+01 25 4673 4 1 7 13
 9.600000E+01 30 4672 7 2 8 13
 1.000000E+02 27 4672 5 1 8 13
 1.040000E+02 34 4671 6 4 9 15
 1.080000E+02 35 4664 7 3 9 16
 1.120000E+02 32 4663 6 0 9 17
 1.160000E+02 39 4662 12 0 9 18
 1.200000E+02 34 4661 6 1 9 18
 1.240000E+02 43 4660 11 5 9 18
 1.280000E+02 40 4659 8 2 10 20
 1.320000E+02 40 4659 6 2 10 22
 1.360000E+02 45 4656 9 1 11 24
 1.400000E+02 44 4656 5 3 12 24
 1.440000E+02 44 4655 4 3 12 25
 1.480000E+02 46 4653 6 2 12 26
 1.520000E+02 48 4652 6 3 13 26
 1.560000E+02 47 4650 4 1 14 28
 1.600000E+02 55 4649 10 3 14 28
 1.640000E+02 55 4647 7 6 14 28
 1.680000E+02 52 4646 6 3 14 29
 1.720000E+02 50 4644 5 0 15 30
 1.760000E+02 49 4644 4 0 15 30
 1.800000E+02 47 4644 1 1 15 30
 1.840000E+02 56 4642 8 1 16 31
 1.880000E+02 59 4640 8 2 17 32
 1.920000E+02 56 4639 4 2 17 33
 1.960000E+02 55 4638 4 0 17 34
 2.000000E+02 56 4637 2 2 17 35

#Simulation ended (eff.: 0.901734, detail below)
	#Events: 5304
	#Valid embedding but no longer unary when required: 0.000000
	#Valid embedding but not binary when required: 0.000000
	#Clashing instance: 0.000000
	#Lazy negative update: 1.000000
	#Lazy negative update of non local instances: 0.000000
	#Perturbation interrupting time advance: 0.000000
