# time 'Cases' 'Susceptible' 'Exposed' 'Infected' 'Removed' 'Deads'
 0.000000E+00 0 7000 0 0 0 0
 4.000000E+00 1 7000 0 0 0 1
 8.000000E+00 4 7000 3 0 0 1
 1.200000E+01 5 7000 3 1 0 1
 1.600000E+01 2 7000 1 0 0 1
 2.000000E+01 3 7000 2 0 0 1
 2.400000E+01 6 6999 4 1 0 1
 2.800000E+01 5 6999 3 0 1 1
 3.200000E+01 6 6998 3 1 1 1
 3.600000E+01 10 6996 6 0 2 2
 4.000000E+01 7 6996 2 1 2 2
 4.400000E+01 7 6993 2 1 2 2
 4.800000E+01 5 6993 0 0 3 2
 5.200000E+01 6 6993 1 0 3 2
 5.600000E+01 11 6993 6 0 3 2
 6.000000E+01 10 6993 4 1 3 2
 6.400000E+01 9 6993 1 2 4 2
 6.800000E+01 16 6988 6 2 4 4
 7.200000E+01 14 6988 3 1 6 4
 7.600000E+01 18 6987 6 1 6 5
 8.000000E+01 20 6985 8 1 6 5
 8.400000E+01 20 6985 6 1 7 6
 8.800000E+01 17 6985 4 0 7 6
 9.200000E+01 25 6981 7 3 8 7
 9.600000E+01 25 6979 6 0 11 8
 1.000000E+02 29 6978 7 1 12 9
 1.040000E+02 28 6977 5 2 12 9
 1.080000E+02 26 6975 2 0 12 12
 1.120000E+02 28 6975 4 0 12 12
 1.160000E+02 31 6975 6 1 12 12
 1.200000E+02 29 6975 4 1 12 12
 1.240000E+02 31 6973 2 4 12 13
 1.280000E+02 35 6968 3 4 12 16
 1.320000E+02 35 6967 5 0 12 18
 1.360000E+02 34 6966 4 0 12 18
 1.400000E+02 36 6965 4 2 12 18
 1.440000E+02 37 6963 4 3 12 18
 1.480000E+02 39 6962 7 1 12 19
 1.520000E+02 43 6962 10 2 12 19
 1.560000E+02 34 6962 2 0 12 20
 1.600000E+02 40 6961 4 2 12 22
 1.640000E+02 41 6961 3 1 14 23
 1.680000E+02 46 6961 7 1 14 24
 1.720000E+02 44 6960 2 3 15 24
 1.760000E+02 43 6960 0 3 15 25
 1.800000E+02 46 6958 5 1 15 25
 1.840000E+02 47 6958 4 1 15 27
 1.880000E+02 45 6957 1 2 15 27
 1.920000E+02 48 6955 3 1 15 29
 1.960000E+02 51 6953 5 2 15 29
 2.000000E+02 50 6952 4 2 15 29

#Simulation ended (eff.: 0.905795, detail below)
	#Events: 7221
	#Valid embedding but no longer unary when required: 0.000000
	#Valid embedding but not binary when required: 0.000000
	#Clashing instance: 0.000000
	#Lazy negative update: 1.000000
	#Lazy negative update of non local instances: 0.000000
	#Perturbation interrupting time advance: 0.000000
