# time 'Cases' 'Susceptible' 'Exposed' 'Infected' 'Removed' 'Deads'
 0.000000E+00 0 15800 0 0 0 0
 4.000000E+00 2 15800 2 0 0 0
 8.000000E+00 2 15800 2 0 0 0
 1.200000E+01 3 15800 2 0 0 1
 1.600000E+01 6 15799 4 0 0 2
 2.000000E+01 3 15798 1 0 0 2
 2.400000E+01 7 15798 4 1 0 2
 2.800000E+01 11 15797 5 2 1 3
 3.200000E+01 9 15794 2 0 1 6
 3.600000E+01 11 15794 4 0 1 6
 4.000000E+01 9 15794 2 0 1 6
 4.400000E+01 11 15794 4 0 1 6
 4.800000E+01 13 15793 4 1 2 6
 5.200000E+01 17 15792 8 1 2 6
 5.600000E+01 14 15790 5 0 2 7
 6.000000E+01 16 15790 4 2 3 7
 6.400000E+01 20 15789 5 4 3 8
 6.800000E+01 27 15784 13 3 3 8
 7.200000E+01 19 15780 6 2 3 8
 7.600000E+01 22 15778 8 2 4 8
 8.000000E+01 27 15774 10 4 4 9
 8.400000E+01 25 15772 7 2 5 11
 8.800000E+01 33 15772 13 3 5 12
 9.200000E+01 37 15771 13 5 6 13
 9.600000E+01 34 15770 9 0 8 17
 1.000000E+02 36 15768 9 2 8 17
 1.040000E+02 43 15764 11 6 8 18
 1.080000E+02 48 15763 14 2 10 22
 1.120000E+02 46 15762 6 5 12 23
 1.160000E+02 49 15762 6 5 13 25
 1.200000E+02 54 15760 8 6 13 27
 1.240000E+02 57 15760 9 7 13 28
 1.280000E+02 58 15758 11 2 15 30
 1.320000E+02 56 15756 8 2 15 31
 1.360000E+02 56 15756 7 2 15 32
 1.400000E+02 54 15755 5 1 15 33
 1.440000E+02 62 15749 11 2 15 34
 1.480000E+02 67 15748 10 6 16 35
 1.520000E+02 68 15743 10 2 18 38
 1.560000E+02 73 15741 11 5 19 38
 1.600000E+02 75 15739 11 6 19 39
 1.640000E+02 76 15735 9 5 20 42
 1.680000E+02 75 15731 6 2 20 47
 1.720000E+02 82 15729 9 4 21 48
 1.760000E+02 82 15728 5 3 23 51
 1.800000E+02 81 15726 2 1 25 53
 1.840000E+02 85 15725 6 1 25 53
 1.880000E+02 87 15725 4 2 26 55
 1.920000E+02 89 15724 4 4 26 55
 1.960000E+02 89 15723 2 4 26 57
 2.000000E+02 94 15720 4 3 26 61

#Simulation ended (eff.: 0.962197, detail below)
	#Events: 15170
	#Valid embedding but no longer unary when required: 0.000000
	#Valid embedding but not binary when required: 0.000000
	#Clashing instance: 0.000000
	#Lazy negative update: 1.000000
	#Lazy negative update of non local instances: 0.000000
	#Perturbation interrupting time advance: 0.000000
