# time 'Cases' 'Susceptible' 'Exposed' 'Infected' 'Removed' 'Deads'
 0.000000E+00 10 100000 0 10 0 0
 4.000000E+00 14 99993 4 3 1 6
 8.000000E+00 16 99991 6 0 2 8
 1.200000E+01 16 99991 6 0 2 8
 1.600000E+01 12 99991 2 0 2 8
 2.000000E+01 14 99991 2 2 2 8
 2.400000E+01 15 99990 1 2 3 9
 2.800000E+01 16 99989 1 1 3 11
 3.200000E+01 16 99989 1 1 3 11
 3.600000E+01 21 99987 5 1 3 12
 4.000000E+01 18 99986 2 1 3 12
 4.400000E+01 22 99985 4 3 3 12
 4.800000E+01 21 99985 3 3 3 12
 5.200000E+01 26 99980 6 3 4 13
 5.600000E+01 25 99978 4 3 4 14
 6.000000E+01 27 99978 5 4 4 14
 6.400000E+01 29 99977 7 2 5 15
 6.800000E+01 35 99974 10 2 6 17
 7.200000E+01 36 99971 11 1 6 18
 7.600000E+01 38 99966 6 7 6 19
 8.000000E+01 44 99960 9 6 9 20
 8.400000E+01 47 99959 11 3 11 22
 8.800000E+01 53 99956 16 2 12 23
 9.200000E+01 53 99956 13 3 12 25
 9.600000E+01 55 99954 8 5 13 29
 1.000000E+02 59 99950 10 3 13 33
 1.040000E+02 63 99943 12 3 13 35
 1.080000E+02 62 99937 10 2 14 36
 1.120000E+02 70 99933 15 3 14 38
 1.160000E+02 71 99929 12 5 15 39
 1.200000E+02 79 99923 13 6 16 44
 1.240000E+02 82 99915 12 8 16 46
 1.280000E+02 86 99910 14 6 18 48
 1.320000E+02 86 99908 13 4 18 51
 1.360000E+02 93 99904 13 6 19 55
 1.400000E+02 95 99902 14 4 20 57
 1.440000E+02 99 99899 13 7 21 58
 1.480000E+02 101 99897 11 7 23 60
 1.520000E+02 103 99896 7 10 23 63
 1.560000E+02 107 99892 9 6 23 69
 1.600000E+02 114 99885 11 7 23 73
 1.640000E+02 113 99883 9 2 24 78
 1.680000E+02 121 99878 11 7 25 78
 1.720000E+02 122 99875 10 3 28 81
 1.760000E+02 127 99871 10 7 28 82
 1.800000E+02 126 99869 8 4 30 84
 1.840000E+02 130 99867 8 7 30 85
 1.880000E+02 129 99864 4 5 30 90
 1.920000E+02 133 99863 5 5 30 93
 1.960000E+02 139 99859 6 7 30 96
 2.000000E+02 144 99854 9 7 31 97

#Simulation ended (eff.: 0.992125, detail below)
	#Events: 88311
	#Valid embedding but no longer unary when required: 0.000000
	#Valid embedding but not binary when required: 0.000000
	#Clashing instance: 0.000000
	#Lazy negative update: 1.000000
	#Lazy negative update of non local instances: 0.000000
	#Perturbation interrupting time advance: 0.000000
