# time 'Cases' 'Susceptible' 'Exposed' 'Infected' 'Removed' 'Deads'
 0.000000E+00 10 10000 0 10 0 0
 4.000000E+00 15 9990 5 5 1 4
 8.000000E+00 17 9986 8 2 2 5
 1.200000E+01 20 9986 8 4 2 6
 1.600000E+01 21 9978 6 5 2 8
 2.000000E+01 32 9970 16 5 2 9
 2.400000E+01 38 9963 21 4 3 10
 2.800000E+01 33 9957 12 1 5 15
 3.200000E+01 39 9955 12 5 5 17
 3.600000E+01 50 9945 16 12 5 17
 4.000000E+01 56 9935 22 7 8 19
 4.400000E+01 66 9924 24 8 13 21
 4.800000E+01 87 9914 33 14 16 24
 5.200000E+01 85 9902 25 11 19 30
 5.600000E+01 97 9896 28 11 25 33
 6.000000E+01 105 9887 30 13 26 36
 6.400000E+01 105 9883 25 12 28 40
 6.800000E+01 129 9869 34 20 29 46
 7.200000E+01 139 9856 34 20 33 52
 7.600000E+01 158 9832 42 23 35 58
 8.000000E+01 176 9817 54 12 44 66
 8.400000E+01 189 9797 47 16 48 78
 8.800000E+01 205 9780 51 20 50 84
 9.200000E+01 224 9762 60 20 53 91
 9.600000E+01 235 9737 58 18 58 101
 1.000000E+02 264 9719 68 26 60 110
 1.040000E+02 276 9695 63 29 66 118
 1.080000E+02 279 9681 56 22 68 133
 1.120000E+02 301 9663 60 22 69 150
 1.160000E+02 337 9641 69 30 75 163
 1.200000E+02 366 9613 75 31 79 181
 1.240000E+02 382 9598 75 27 86 194
 1.280000E+02 403 9579 82 24 92 205
 1.320000E+02 410 9559 66 29 100 215
 1.360000E+02 436 9551 66 34 104 232
 1.400000E+02 463 9532 64 42 108 249
 1.440000E+02 492 9504 69 45 114 264
 1.480000E+02 505 9481 69 30 124 282
 1.520000E+02 539 9452 82 40 127 290
 1.560000E+02 541 9438 71 26 133 311
 1.600000E+02 558 9421 60 35 140 323
 1.640000E+02 578 9408 53 42 145 338
 1.680000E+02 588 9396 47 33 151 357
 1.720000E+02 620 9383 56 36 158 370
 1.760000E+02 628 9367 50 29 164 385
 1.800000E+02 641 9349 48 34 165 394
 1.840000E+02 657 9334 46 31 171 409
 1.880000E+02 676 9319 49 31 177 419
 1.920000E+02 676 9310 45 20 184 427
 1.960000E+02 694 9298 46 23 187 438
 2.000000E+02 704 9287 38 21 195 450

#Simulation ended (eff.: 0.933489, detail below)
	#Events: 18400
	#Valid embedding but no longer unary when required: 0.000000
	#Valid embedding but not binary when required: 0.000000
	#Clashing instance: 0.000000
	#Lazy negative update: 1.000000
	#Lazy negative update of non local instances: 0.000000
	#Perturbation interrupting time advance: 0.000000
