# time 'Cases' 'Susceptible' 'Exposed' 'Infected' 'Removed' 'Deads'
 0.000000E+00 0 1580 0 0 0 0
 4.000000E+00 5 1580 5 0 0 0
 8.000000E+00 2 1580 2 0 0 0
 1.200000E+01 3 1580 3 0 0 0
 1.600000E+01 8 1579 4 4 0 0
 2.000000E+01 6 1575 3 2 0 1
 2.400000E+01 11 1573 7 1 0 3
 2.800000E+01 14 1571 9 1 0 4
 3.200000E+01 14 1569 8 1 0 5
 3.600000E+01 10 1565 3 2 0 5
 4.000000E+01 17 1562 9 2 1 5
 4.400000E+01 24 1559 14 3 1 6
 4.800000E+01 23 1557 10 4 2 7
 5.200000E+01 26 1555 13 2 2 9
 5.600000E+01 26 1553 9 5 2 10
 6.000000E+01 37 1548 16 6 4 11
 6.400000E+01 37 1540 11 7 8 11
 6.800000E+01 43 1537 15 5 8 15
 7.200000E+01 57 1532 24 7 8 18
 7.600000E+01 50 1526 13 5 12 20
 8.000000E+01 53 1521 16 2 13 22
 8.400000E+01 59 1519 18 4 14 23
 8.800000E+01 55 1517 14 3 14 24
 9.200000E+01 61 1516 17 4 15 25
 9.600000E+01 68 1512 20 5 15 28
 1.000000E+02 76 1508 20 10 16 30
 1.040000E+02 77 1506 19 10 18 30
 1.080000E+02 84 1499 21 10 18 35
 1.120000E+02 92 1489 24 8 20 40
 1.160000E+02 94 1486 23 7 22 42
 1.200000E+02 101 1476 21 12 24 44
 1.240000E+02 105 1469 17 10 28 50
 1.280000E+02 114 1468 21 6 31 56
 1.320000E+02 122 1460 21 12 33 56
 1.360000E+02 121 1453 15 10 34 62
 1.400000E+02 134 1449 23 6 35 70
 1.440000E+02 144 1443 24 6 37 77
 1.480000E+02 143 1440 19 6 40 78
 1.520000E+02 152 1435 19 7 42 84
 1.560000E+02 157 1431 16 10 42 89
 1.600000E+02 159 1427 12 12 44 91
 1.640000E+02 166 1423 17 10 44 95
 1.680000E+02 160 1419 8 6 47 99
 1.720000E+02 169 1416 14 8 48 99
 1.760000E+02 175 1411 10 12 53 100
 1.800000E+02 175 1407 9 10 55 101
 1.840000E+02 184 1404 16 6 56 106
 1.880000E+02 185 1399 14 5 59 107
 1.920000E+02 186 1396 11 5 60 110
 1.960000E+02 194 1389 13 9 61 111
 2.000000E+02 191 1386 10 3 63 115

#Simulation ended (eff.: 0.848182, detail below)
	#Events: 4922
	#Valid embedding but no longer unary when required: 0.000000
	#Valid embedding but not binary when required: 0.000000
	#Clashing instance: 0.000000
	#Lazy negative update: 1.000000
	#Lazy negative update of non local instances: 0.000000
	#Perturbation interrupting time advance: 0.000000
