# time 'Cases' 'Susceptible' 'Exposed' 'Infected' 'Removed' 'Deads'
 0.000000E+00 0 15800 0 0 0 0
 4.000000E+00 1 15800 1 0 0 0
 8.000000E+00 3 15800 3 0 0 0
 1.200000E+01 2 15800 2 0 0 0
 1.600000E+01 3 15800 3 0 0 0
 2.000000E+01 1 15800 1 0 0 0
 2.400000E+01 5 15800 3 2 0 0
 2.800000E+01 6 15798 3 2 0 1
 3.200000E+01 7 15797 4 1 0 2
 3.600000E+01 5 15795 3 0 0 2
 4.000000E+01 9 15795 5 2 0 2
 4.400000E+01 10 15792 7 0 0 3
 4.800000E+01 12 15790 5 4 0 3
 5.200000E+01 20 15785 11 3 0 6
 5.600000E+01 21 15779 10 4 1 6
 6.000000E+01 21 15776 10 1 2 8
 6.400000E+01 22 15776 10 2 2 8
 6.800000E+01 21 15775 9 1 2 9
 7.200000E+01 28 15774 9 3 3 13
 7.600000E+01 34 15769 12 3 3 16
 8.000000E+01 44 15762 18 2 4 20
 8.400000E+01 39 15759 10 3 5 21
 8.800000E+01 49 15756 16 6 6 21
 9.200000E+01 55 15752 19 6 8 22
 9.600000E+01 60 15747 18 5 10 27
 1.000000E+02 63 15745 15 6 13 29
 1.040000E+02 70 15743 14 5 19 32
 1.080000E+02 77 15741 15 8 21 33
 1.120000E+02 78 15740 10 9 22 37
 1.160000E+02 81 15737 7 4 26 44
 1.200000E+02 94 15731 12 8 26 48
 1.240000E+02 101 15725 18 5 28 50
 1.280000E+02 105 15721 20 4 29 52
 1.320000E+02 106 15718 17 6 29 54
 1.360000E+02 107 15713 14 5 30 58
 1.400000E+02 113 15710 16 4 31 62
 1.440000E+02 116 15709 15 5 32 64
 1.480000E+02 121 15707 13 7 34 67
 1.520000E+02 118 15707 10 3 35 70
 1.560000E+02 121 15707 14 1 35 71
 1.600000E+02 131 15705 20 4 35 72
 1.640000E+02 130 15702 13 8 35 74
 1.680000E+02 140 15697 16 5 39 80
 1.720000E+02 136 15694 9 5 39 83
 1.760000E+02 141 15693 11 6 40 84
 1.800000E+02 149 15690 12 10 40 87
 1.840000E+02 157 15685 12 14 44 87
 1.880000E+02 157 15682 12 8 46 91
 1.920000E+02 153 15679 8 5 48 92
 1.960000E+02 156 15677 7 7 48 94
 2.000000E+02 165 15671 12 8 48 97

#Simulation ended (eff.: 0.953687, detail below)
	#Events: 16412
	#Valid embedding but no longer unary when required: 0.000000
	#Valid embedding but not binary when required: 0.000000
	#Clashing instance: 0.000000
	#Lazy negative update: 1.000000
	#Lazy negative update of non local instances: 0.000000
	#Perturbation interrupting time advance: 0.000000
