# time 'Cases' 'Susceptible' 'Exposed' 'Infected' 'Removed' 'Deads'
 0.000000E+00 0 4700 0 0 0 0
 4.000000E+00 0 4700 0 0 0 0
 8.000000E+00 0 4700 0 0 0 0
 1.200000E+01 1 4700 1 0 0 0
 1.600000E+01 0 4700 0 0 0 0
 2.000000E+01 0 4700 0 0 0 0
 2.400000E+01 1 4700 1 0 0 0
 2.800000E+01 3 4700 3 0 0 0
 3.200000E+01 2 4700 2 0 0 0
 3.600000E+01 1 4700 1 0 0 0
 4.000000E+01 3 4700 2 1 0 0
 4.400000E+01 3 4699 1 2 0 0
 4.800000E+01 3 4699 1 0 0 2
 5.200000E+01 3 4698 1 0 0 2
 5.600000E+01 6 4698 3 1 0 2
 6.000000E+01 3 4698 0 0 1 2
 6.400000E+01 3 4698 0 0 1 2
 6.800000E+01 7 4697 3 1 1 2
 7.200000E+01 6 4697 2 1 1 2
 7.600000E+01 6 4695 2 1 1 2
 8.000000E+01 7 4695 3 0 1 3
 8.400000E+01 4 4695 0 0 1 3
 8.800000E+01 5 4695 1 0 1 3
 9.200000E+01 5 4695 1 0 1 3
 9.600000E+01 8 4695 4 0 1 3
 1.000000E+02 7 4695 3 0 1 3
 1.040000E+02 10 4695 3 2 1 4
 1.080000E+02 12 4693 4 3 1 4
 1.120000E+02 14 4693 5 0 2 7
 1.160000E+02 11 4692 2 0 2 7
 1.200000E+02 11 4692 2 0 2 7
 1.240000E+02 12 4692 2 0 2 8
 1.280000E+02 12 4692 1 1 2 8
 1.320000E+02 11 4691 1 0 2 8
 1.360000E+02 12 4691 0 2 2 8
 1.400000E+02 12 4689 1 0 2 9
 1.440000E+02 15 4689 4 0 2 9
 1.480000E+02 12 4689 1 0 2 9
 1.520000E+02 13 4689 2 0 2 9
 1.560000E+02 16 4689 4 1 2 9
 1.600000E+02 15 4688 2 1 3 9
 1.640000E+02 17 4685 5 0 3 9
 1.680000E+02 16 4682 2 1 4 9
 1.720000E+02 16 4682 2 1 4 9
 1.760000E+02 16 4682 2 0 5 9
 1.800000E+02 18 4681 2 2 5 9
 1.840000E+02 17 4681 1 1 5 10
 1.880000E+02 19 4681 2 1 6 10
 1.920000E+02 18 4680 2 0 6 10
 1.960000E+02 20 4680 1 1 7 11
 2.000000E+02 20 4680 0 0 9 11

#Simulation ended (eff.: 0.935766, detail below)
	#Events: 4487
	#Valid embedding but no longer unary when required: 0.000000
	#Valid embedding but not binary when required: 0.000000
	#Clashing instance: 0.000000
	#Lazy negative update: 1.000000
	#Lazy negative update of non local instances: 0.000000
	#Perturbation interrupting time advance: 0.000000
