# time 'Cases' 'Susceptible' 'Exposed' 'Infected' 'Removed' 'Deads'
 0.000000E+00 10 100000 0 10 0 0
 4.000000E+00 12 99995 4 2 3 3
 8.000000E+00 10 99992 2 1 4 3
 1.200000E+01 15 99991 7 0 4 4
 1.600000E+01 16 99991 7 1 4 4
 2.000000E+01 15 99990 5 0 5 5
 2.400000E+01 20 99987 5 4 5 6
 2.800000E+01 22 99981 6 3 5 8
 3.200000E+01 24 99979 8 0 6 10
 3.600000E+01 25 99978 7 1 6 11
 4.000000E+01 34 99974 14 3 6 11
 4.400000E+01 38 99973 14 5 7 12
 4.800000E+01 36 99971 8 4 8 16
 5.200000E+01 39 99970 7 6 9 17
 5.600000E+01 42 99963 9 5 10 18
 6.000000E+01 44 99962 7 3 13 21
 6.400000E+01 51 99957 10 4 13 24
 6.800000E+01 50 99953 9 3 13 25
 7.200000E+01 52 99952 10 2 15 25
 7.600000E+01 58 99949 14 3 15 26
 8.000000E+01 59 99944 13 3 15 28
 8.400000E+01 72 99940 21 5 15 31
 8.800000E+01 72 99939 19 4 17 32
 9.200000E+01 68 99935 9 6 19 34
 9.600000E+01 66 99931 7 3 20 36
 1.000000E+02 82 99925 17 7 21 37
 1.040000E+02 83 99920 13 6 21 43
 1.080000E+02 86 99914 14 5 22 45
 1.120000E+02 88 99911 10 9 22 47
 1.160000E+02 94 99908 12 10 22 50
 1.200000E+02 100 99902 13 8 24 55
 1.240000E+02 103 99900 13 4 27 59
 1.280000E+02 103 99899 10 3 27 63
 1.320000E+02 112 99897 10 8 28 66
 1.360000E+02 123 99888 17 7 32 67
 1.400000E+02 123 99885 14 4 35 70
 1.440000E+02 129 99880 14 7 35 73
 1.480000E+02 132 99876 13 6 35 78
 1.520000E+02 137 99869 18 2 36 81
 1.560000E+02 132 99867 9 5 36 82
 1.600000E+02 137 99864 12 4 37 84
 1.640000E+02 142 99861 11 6 38 87
 1.680000E+02 145 99859 12 3 40 90
 1.720000E+02 151 99858 16 5 40 90
 1.760000E+02 152 99857 8 9 43 92
 1.800000E+02 155 99854 7 10 45 93
 1.840000E+02 162 99850 10 9 45 98
 1.880000E+02 159 99848 5 3 46 105
 1.920000E+02 164 99848 6 4 47 107
 1.960000E+02 165 99845 6 5 47 107
 2.000000E+02 165 99844 6 1 47 111

#Simulation ended (eff.: 0.991171, detail below)
	#Events: 88799
	#Valid embedding but no longer unary when required: 0.000000
	#Valid embedding but not binary when required: 0.000000
	#Clashing instance: 0.000000
	#Lazy negative update: 1.000000
	#Lazy negative update of non local instances: 0.000000
	#Perturbation interrupting time advance: 0.000000
