# time 'Cases' 'Susceptible' 'Exposed' 'Infected' 'Removed' 'Deads'
 0.000000E+00 0 700 0 0 0 0
 4.000000E+00 1 700 1 0 0 0
 8.000000E+00 4 700 4 0 0 0
 1.200000E+01 1 700 1 0 0 0
 1.600000E+01 4 700 4 0 0 0
 2.000000E+01 6 697 3 3 0 0
 2.400000E+01 4 697 2 1 0 1
 2.800000E+01 2 695 1 0 0 1
 3.200000E+01 6 695 5 0 0 1
 3.600000E+01 4 695 3 0 0 1
 4.000000E+01 7 694 5 1 0 1
 4.400000E+01 5 694 2 2 0 1
 4.800000E+01 6 694 4 1 0 1
 5.200000E+01 4 694 2 0 0 2
 5.600000E+01 6 693 4 0 0 2
 6.000000E+01 6 693 4 0 0 2
 6.400000E+01 3 693 1 0 0 2
 6.800000E+01 7 693 4 1 0 2
 7.200000E+01 15 693 10 2 0 3
 7.600000E+01 14 693 9 2 0 3
 8.000000E+01 14 691 8 1 1 4
 8.400000E+01 17 689 7 4 1 5
 8.800000E+01 24 681 13 3 2 6
 9.200000E+01 24 679 11 3 3 7
 9.600000E+01 24 677 9 4 4 7
 1.000000E+02 35 667 16 6 4 9
 1.040000E+02 29 666 14 1 4 10
 1.080000E+02 25 666 8 2 5 10
 1.120000E+02 25 664 8 1 5 11
 1.160000E+02 34 663 15 1 6 12
 1.200000E+02 43 661 21 3 7 12
 1.240000E+02 36 659 14 2 8 12
 1.280000E+02 35 657 10 4 9 12
 1.320000E+02 40 656 13 4 10 13
 1.360000E+02 40 654 13 3 10 14
 1.400000E+02 42 653 9 6 10 17
 1.440000E+02 51 653 15 3 10 23
 1.480000E+02 48 651 10 2 12 24
 1.520000E+02 55 648 15 3 13 24
 1.560000E+02 52 647 10 2 15 25
 1.600000E+02 54 647 11 3 15 25
 1.640000E+02 57 643 9 5 16 27
 1.680000E+02 56 641 10 1 17 28
 1.720000E+02 54 640 8 1 17 28
 1.760000E+02 55 639 6 4 17 28
 1.800000E+02 55 637 3 4 18 30
 1.840000E+02 60 635 8 1 18 33
 1.880000E+02 59 635 6 2 18 33
 1.920000E+02 64 635 9 2 18 35
 1.960000E+02 64 635 4 5 18 37
 2.000000E+02 73 633 12 2 19 40

#Simulation ended (eff.: 0.740506, detail below)
	#Events: 2574
	#Valid embedding but no longer unary when required: 0.000000
	#Valid embedding but not binary when required: 0.000000
	#Clashing instance: 0.000000
	#Lazy negative update: 1.000000
	#Lazy negative update of non local instances: 0.000000
	#Perturbation interrupting time advance: 0.000000
