# time 'Cases' 'Susceptible' 'Exposed' 'Infected' 'Removed' 'Deads'
 0.000000E+00 10 10000 0 10 0 0
 4.000000E+00 14 9990 4 4 3 3
 8.000000E+00 13 9989 3 2 5 3
 1.200000E+01 13 9989 2 3 5 3
 1.600000E+01 19 9986 5 5 5 4
 2.000000E+01 22 9984 9 0 6 7
 2.400000E+01 26 9984 11 1 7 7
 2.800000E+01 29 9983 10 4 8 7
 3.200000E+01 30 9980 7 7 8 8
 3.600000E+01 30 9977 8 2 9 11
 4.000000E+01 35 9972 10 4 9 12
 4.400000E+01 44 9969 18 3 10 13
 4.800000E+01 51 9964 16 7 13 15
 5.200000E+01 58 9959 20 8 13 17
 5.600000E+01 53 9953 10 6 14 23
 6.000000E+01 60 9945 14 7 15 24
 6.400000E+01 82 9936 27 11 15 29
 6.800000E+01 86 9918 24 10 15 37
 7.200000E+01 89 9910 22 9 18 40
 7.600000E+01 101 9899 30 11 18 42
 8.000000E+01 105 9893 25 12 20 48
 8.400000E+01 122 9883 34 13 20 55
 8.800000E+01 127 9873 35 14 21 57
 9.200000E+01 130 9867 28 14 25 63
 9.600000E+01 139 9858 24 16 29 70
 1.000000E+02 151 9844 30 13 31 77
 1.040000E+02 169 9832 38 15 35 81
 1.080000E+02 184 9817 42 19 37 86
 1.120000E+02 213 9793 55 19 42 97
 1.160000E+02 225 9777 50 22 47 106
 1.200000E+02 232 9762 43 20 52 117
 1.240000E+02 251 9753 50 14 57 130
 1.280000E+02 262 9742 53 11 59 139
 1.320000E+02 271 9729 40 19 64 148
 1.360000E+02 284 9717 43 21 66 154
 1.400000E+02 307 9707 50 25 68 164
 1.440000E+02 314 9696 44 19 74 177
 1.480000E+02 323 9687 33 22 78 190
 1.520000E+02 336 9673 35 17 83 201
 1.560000E+02 359 9659 44 17 86 212
 1.600000E+02 374 9645 35 26 93 220
 1.640000E+02 384 9637 39 19 98 228
 1.680000E+02 399 9628 45 15 101 238
 1.720000E+02 399 9622 32 14 105 248
 1.760000E+02 411 9613 30 15 107 259
 1.800000E+02 423 9605 29 18 112 264
 1.840000E+02 432 9600 27 16 116 273
 1.880000E+02 440 9595 23 13 121 283
 1.920000E+02 442 9588 18 14 122 288
 1.960000E+02 447 9583 20 5 129 293
 2.000000E+02 450 9580 15 11 130 294

#Simulation ended (eff.: 0.939306, detail below)
	#Events: 14888
	#Valid embedding but no longer unary when required: 0.000000
	#Valid embedding but not binary when required: 0.000000
	#Clashing instance: 0.000000
	#Lazy negative update: 1.000000
	#Lazy negative update of non local instances: 0.000000
	#Perturbation interrupting time advance: 0.000000
