# time 'Cases' 'Susceptible' 'Exposed' 'Infected' 'Removed' 'Deads'
 0.000000E+00 0 4700 0 0 0 0
 4.000000E+00 2 4700 2 0 0 0
 8.000000E+00 0 4700 0 0 0 0
 1.200000E+01 2 4700 2 0 0 0
 1.600000E+01 0 4700 0 0 0 0
 2.000000E+01 6 4700 6 0 0 0
 2.400000E+01 0 4700 0 0 0 0
 2.800000E+01 4 4700 1 3 0 0
 3.200000E+01 6 4700 3 1 1 1
 3.600000E+01 4 4698 0 2 1 1
 4.000000E+01 7 4697 3 0 1 3
 4.400000E+01 8 4697 4 0 1 3
 4.800000E+01 12 4694 4 2 1 5
 5.200000E+01 13 4691 3 2 1 7
 5.600000E+01 14 4690 4 1 1 8
 6.000000E+01 17 4690 4 3 2 8
 6.400000E+01 17 4690 2 4 2 9
 6.800000E+01 19 4687 4 3 3 9
 7.200000E+01 25 4684 7 3 3 12
 7.600000E+01 33 4683 9 8 3 13
 8.000000E+01 29 4680 7 4 4 14
 8.400000E+01 34 4676 13 1 5 15
 8.800000E+01 29 4675 7 1 5 16
 9.200000E+01 30 4673 7 2 5 16
 9.600000E+01 31 4671 4 3 6 18
 1.000000E+02 30 4670 4 2 6 18
 1.040000E+02 31 4668 3 4 6 18
 1.080000E+02 35 4666 8 2 6 19
 1.120000E+02 35 4666 7 3 6 19
 1.160000E+02 32 4666 5 1 7 19
 1.200000E+02 34 4665 5 3 7 19
 1.240000E+02 36 4665 6 1 9 20
 1.280000E+02 38 4664 8 0 10 20
 1.320000E+02 40 4664 7 3 10 20
 1.360000E+02 36 4662 5 0 11 20
 1.400000E+02 41 4660 8 1 12 20
 1.440000E+02 39 4660 5 2 12 20
 1.480000E+02 43 4659 9 0 13 21
 1.520000E+02 41 4659 6 1 13 21
 1.560000E+02 41 4659 7 0 13 21
 1.600000E+02 45 4659 10 0 13 22
 1.640000E+02 39 4659 2 1 13 23
 1.680000E+02 45 4659 6 3 13 23
 1.720000E+02 43 4659 5 1 14 23
 1.760000E+02 39 4658 0 1 14 24
 1.800000E+02 44 4657 4 2 14 24
 1.840000E+02 47 4655 5 1 15 26
 1.880000E+02 48 4654 4 1 16 27
 1.920000E+02 47 4654 4 0 16 27
 1.960000E+02 45 4654 1 1 16 27
 2.000000E+02 46 4652 1 2 16 27

#Simulation ended (eff.: 0.907992, detail below)
	#Events: 5260
	#Valid embedding but no longer unary when required: 0.000000
	#Valid embedding but not binary when required: 0.000000
	#Clashing instance: 0.000000
	#Lazy negative update: 1.000000
	#Lazy negative update of non local instances: 0.000000
	#Perturbation interrupting time advance: 0.000000
