# time 'Cases' 'Susceptible' 'Exposed' 'Infected' 'Removed' 'Deads'
 0.000000E+00 10 100000 0 10 0 0
 4.000000E+00 13 99991 4 3 0 6
 8.000000E+00 17 99987 7 1 0 9
 1.200000E+01 18 99984 6 2 0 10
 1.600000E+01 19 99983 6 1 0 12
 2.000000E+01 23 99979 8 2 1 12
 2.400000E+01 24 99975 7 3 1 13
 2.800000E+01 28 99974 11 1 2 14
 3.200000E+01 28 99972 9 1 3 15
 3.600000E+01 29 99971 6 4 3 16
 4.000000E+01 25 99970 1 3 4 17
 4.400000E+01 28 99968 4 1 4 19
 4.800000E+01 29 99966 5 1 4 19
 5.200000E+01 32 99966 7 1 4 20
 5.600000E+01 30 99966 3 2 4 21
 6.000000E+01 33 99965 5 1 5 22
 6.400000E+01 36 99964 4 4 5 23
 6.800000E+01 42 99961 8 4 6 24
 7.200000E+01 41 99959 6 4 6 25
 7.600000E+01 38 99958 4 0 7 27
 8.000000E+01 41 99958 7 0 7 27
 8.400000E+01 45 99958 4 5 7 29
 8.800000E+01 45 99957 3 4 8 30
 9.200000E+01 52 99953 9 2 8 33
 9.600000E+01 48 99950 4 1 8 35
 1.000000E+02 52 99949 8 1 8 35
 1.040000E+02 56 99948 9 3 8 36
 1.080000E+02 58 99944 10 4 8 36
 1.120000E+02 59 99940 8 5 8 38
 1.160000E+02 60 99935 6 7 9 38
 1.200000E+02 69 99930 14 4 10 41
 1.240000E+02 72 99926 15 2 12 43
 1.280000E+02 73 99924 12 4 13 44
 1.320000E+02 76 99919 11 4 14 47
 1.360000E+02 78 99918 10 5 14 49
 1.400000E+02 83 99915 11 5 15 52
 1.440000E+02 82 99915 9 4 16 53
 1.480000E+02 86 99912 10 7 16 53
 1.520000E+02 83 99910 10 2 16 55
 1.560000E+02 87 99910 9 3 17 58
 1.600000E+02 90 99909 7 6 18 59
 1.640000E+02 95 99905 9 4 20 62
 1.680000E+02 101 99901 14 3 20 64
 1.720000E+02 99 99898 8 4 21 66
 1.760000E+02 99 99897 6 3 21 69
 1.800000E+02 101 99896 8 2 21 70
 1.840000E+02 106 99894 9 3 21 73
 1.880000E+02 103 99891 4 1 22 76
 1.920000E+02 109 99890 9 0 23 77
 1.960000E+02 106 99890 4 2 23 77
 2.000000E+02 107 99890 6 0 23 78

#Simulation ended (eff.: 0.992143, detail below)
	#Events: 88014
	#Valid embedding but no longer unary when required: 0.000000
	#Valid embedding but not binary when required: 0.000000
	#Clashing instance: 0.000000
	#Lazy negative update: 1.000000
	#Lazy negative update of non local instances: 0.000000
	#Perturbation interrupting time advance: 0.000000
