# time 'Cases' 'Susceptible' 'Exposed' 'Infected' 'Removed' 'Deads'
 0.000000E+00 0 700 0 0 0 0
 4.000000E+00 0 700 0 0 0 0
 8.000000E+00 1 700 1 0 0 0
 1.200000E+01 3 700 3 0 0 0
 1.600000E+01 3 700 3 0 0 0
 2.000000E+01 4 700 3 1 0 0
 2.400000E+01 7 699 5 2 0 0
 2.800000E+01 6 699 4 0 1 1
 3.200000E+01 9 699 5 1 1 2
 3.600000E+01 11 699 5 3 1 2
 4.000000E+01 7 697 2 1 2 2
 4.400000E+01 7 692 1 1 2 3
 4.800000E+01 13 691 6 0 3 4
 5.200000E+01 14 691 6 1 3 4
 5.600000E+01 18 690 8 2 3 5
 6.000000E+01 17 689 5 2 4 6
 6.400000E+01 18 688 5 3 4 6
 6.800000E+01 19 688 7 1 4 7
 7.200000E+01 18 686 5 2 4 7
 7.600000E+01 24 684 9 3 4 8
 8.000000E+01 33 681 16 2 5 10
 8.400000E+01 28 676 7 2 6 13
 8.800000E+01 30 675 10 0 6 14
 9.200000E+01 32 674 10 0 6 16
 9.600000E+01 34 674 11 1 6 16
 1.000000E+02 31 668 7 1 6 17
 1.040000E+02 35 667 9 2 7 17
 1.080000E+02 46 664 15 4 7 20
 1.120000E+02 40 659 9 3 7 21
 1.160000E+02 39 657 4 4 8 23
 1.200000E+02 52 653 16 3 9 24
 1.240000E+02 49 653 11 1 10 27
 1.280000E+02 49 650 8 4 10 27
 1.320000E+02 55 649 10 7 11 27
 1.360000E+02 54 646 11 2 12 29
 1.400000E+02 53 645 7 5 12 29
 1.440000E+02 62 645 11 5 14 32
 1.480000E+02 65 645 13 4 15 33
 1.520000E+02 67 640 14 4 15 34
 1.560000E+02 69 638 13 1 16 39
 1.600000E+02 69 635 8 6 16 39
 1.640000E+02 73 635 11 2 19 41
 1.680000E+02 71 633 7 2 20 42
 1.720000E+02 72 633 7 2 20 43
 1.760000E+02 71 632 7 1 20 43
 1.800000E+02 69 632 4 1 20 44
 1.840000E+02 72 631 5 2 20 45
 1.880000E+02 76 629 9 1 21 45
 1.920000E+02 74 627 4 4 21 45
 1.960000E+02 81 627 11 3 22 45
 2.000000E+02 75 626 2 2 24 47

#Simulation ended (eff.: 0.733351, detail below)
	#Events: 2753
	#Valid embedding but no longer unary when required: 0.000000
	#Valid embedding but not binary when required: 0.000000
	#Clashing instance: 0.000000
	#Lazy negative update: 1.000000
	#Lazy negative update of non local instances: 0.000000
	#Perturbation interrupting time advance: 0.000000
