# time 'Cases' 'Susceptible' 'Exposed' 'Infected' 'Removed' 'Deads'
 0.000000E+00 0 7000 0 0 0 0
 4.000000E+00 2 7000 1 1 0 0
 8.000000E+00 2 6999 1 1 0 0
 1.200000E+01 1 6998 0 0 0 1
 1.600000E+01 4 6996 1 2 0 1
 2.000000E+01 3 6995 2 0 0 1
 2.400000E+01 4 6995 0 2 0 2
 2.800000E+01 5 6995 2 0 0 3
 3.200000E+01 3 6995 0 0 0 3
 3.600000E+01 6 6995 2 0 0 4
 4.000000E+01 8 6995 4 0 0 4
 4.400000E+01 8 6995 1 2 0 5
 4.800000E+01 12 6993 3 3 0 6
 5.200000E+01 8 6993 1 1 0 6
 5.600000E+01 14 6991 7 1 0 6
 6.000000E+01 13 6991 5 2 0 6
 6.400000E+01 11 6991 3 1 0 7
 6.800000E+01 8 6991 1 0 0 7
 7.200000E+01 11 6991 4 0 0 7
 7.600000E+01 11 6989 3 0 0 8
 8.000000E+01 9 6988 1 0 0 8
 8.400000E+01 12 6988 3 0 0 9
 8.800000E+01 14 6988 5 0 0 9
 9.200000E+01 25 6987 12 4 0 9
 9.600000E+01 17 6983 3 3 0 11
 1.000000E+02 16 6982 4 0 1 11
 1.040000E+02 19 6982 6 1 1 11
 1.080000E+02 17 6981 4 0 1 12
 1.120000E+02 22 6981 5 4 1 12
 1.160000E+02 19 6981 4 2 1 12
 1.200000E+02 19 6981 4 2 1 12
 1.240000E+02 24 6979 6 4 2 12
 1.280000E+02 23 6973 6 0 2 15
 1.320000E+02 29 6971 9 2 3 15
 1.360000E+02 25 6970 4 2 4 15
 1.400000E+02 28 6970 7 1 5 15
 1.440000E+02 34 6967 9 4 5 16
 1.480000E+02 34 6962 7 4 7 16
 1.520000E+02 30 6961 3 3 7 17
 1.560000E+02 29 6961 3 0 7 19
 1.600000E+02 30 6961 3 1 7 19
 1.640000E+02 38 6961 9 1 7 21
 1.680000E+02 35 6961 4 3 7 21
 1.720000E+02 45 6956 9 3 9 24
 1.760000E+02 44 6956 7 2 9 26
 1.800000E+02 45 6954 6 4 9 26
 1.840000E+02 47 6953 7 4 9 27
 1.880000E+02 43 6951 2 2 9 30
 1.920000E+02 43 6949 3 1 9 30
 1.960000E+02 50 6945 6 1 9 34
 2.000000E+02 49 6942 4 0 10 35

#Simulation ended (eff.: 0.907089, detail below)
	#Events: 7332
	#Valid embedding but no longer unary when required: 0.000000
	#Valid embedding but not binary when required: 0.000000
	#Clashing instance: 0.000000
	#Lazy negative update: 1.000000
	#Lazy negative update of non local instances: 0.000000
	#Perturbation interrupting time advance: 0.000000
