# time 'Cases' 'Susceptible' 'Exposed' 'Infected' 'Removed' 'Deads'
 0.000000E+00 10 100000 0 10 0 0
 4.000000E+00 12 99995 3 6 1 2
 8.000000E+00 13 99992 5 3 2 3
 1.200000E+01 17 99990 9 0 3 5
 1.600000E+01 13 99990 4 1 3 5
 2.000000E+01 17 99990 5 4 3 5
 2.400000E+01 21 99987 7 1 6 7
 2.800000E+01 23 99987 7 2 6 8
 3.200000E+01 24 99983 5 3 6 10
 3.600000E+01 31 99976 13 2 6 10
 4.000000E+01 31 99974 10 4 6 11
 4.400000E+01 36 99972 11 6 7 12
 4.800000E+01 43 99962 16 6 8 13
 5.200000E+01 49 99958 15 10 8 16
 5.600000E+01 50 99950 16 7 9 18
 6.000000E+01 51 99942 12 6 10 23
 6.400000E+01 66 99933 23 9 11 23
 6.800000E+01 67 99929 19 10 13 25
 7.200000E+01 70 99920 19 8 15 28
 7.600000E+01 81 99912 23 9 16 33
 8.000000E+01 89 99910 27 4 19 39
 8.400000E+01 83 99907 16 5 21 41
 8.800000E+01 96 99898 21 9 21 45
 9.200000E+01 99 99891 18 7 22 52
 9.600000E+01 111 99884 26 3 24 58
 1.000000E+02 116 99880 25 7 25 59
 1.040000E+02 125 99875 26 13 25 61
 1.080000E+02 126 99868 21 10 27 68
 1.120000E+02 132 99862 24 10 30 68
 1.160000E+02 140 99852 21 12 30 77
 1.200000E+02 157 99840 34 13 32 78
 1.240000E+02 166 99828 31 13 34 88
 1.280000E+02 162 99824 22 11 36 93
 1.320000E+02 173 99820 23 13 41 96
 1.360000E+02 177 99815 22 11 42 102
 1.400000E+02 196 99804 28 16 44 108
 1.440000E+02 205 99792 25 19 45 116
 1.480000E+02 204 99783 20 14 47 123
 1.520000E+02 220 99778 27 13 52 128
 1.560000E+02 225 99764 22 14 53 136
 1.600000E+02 227 99761 19 11 55 142
 1.640000E+02 242 99758 25 15 56 146
 1.680000E+02 238 99752 11 14 58 155
 1.720000E+02 249 99747 13 12 66 158
 1.760000E+02 258 99741 20 5 67 166
 1.800000E+02 257 99738 16 4 69 168
 1.840000E+02 258 99736 12 5 71 170
 1.880000E+02 265 99733 14 7 72 172
 1.920000E+02 264 99730 9 7 74 174
 1.960000E+02 266 99729 7 7 74 178
 2.000000E+02 265 99729 5 2 79 179

#Simulation ended (eff.: 0.989895, detail below)
	#Events: 90322
	#Valid embedding but no longer unary when required: 0.000000
	#Valid embedding but not binary when required: 0.000000
	#Clashing instance: 0.000000
	#Lazy negative update: 1.000000
	#Lazy negative update of non local instances: 0.000000
	#Perturbation interrupting time advance: 0.000000
