# time 'Cases' 'Susceptible' 'Exposed' 'Infected' 'Removed' 'Deads'
 0.000000E+00 0 15800 0 0 0 0
 4.000000E+00 2 15800 2 0 0 0
 8.000000E+00 3 15800 2 1 0 0
 1.200000E+01 4 15800 3 1 0 0
 1.600000E+01 5 15800 2 3 0 0
 2.000000E+01 8 15798 4 3 0 1
 2.400000E+01 6 15795 3 2 0 1
 2.800000E+01 5 15795 3 0 0 2
 3.200000E+01 5 15795 2 0 0 3
 3.600000E+01 12 15793 6 3 0 3
 4.000000E+01 14 15790 7 1 1 5
 4.400000E+01 15 15789 6 1 2 6
 4.800000E+01 18 15784 8 2 2 6
 5.200000E+01 20 15780 9 1 2 8
 5.600000E+01 22 15778 9 0 5 8
 6.000000E+01 24 15778 11 0 5 8
 6.400000E+01 29 15772 12 4 5 8
 6.800000E+01 32 15768 11 7 5 9
 7.200000E+01 34 15762 12 5 6 11
 7.600000E+01 29 15759 7 5 6 11
 8.000000E+01 35 15752 8 6 8 13
 8.400000E+01 44 15748 15 3 9 17
 8.800000E+01 47 15743 11 5 9 22
 9.200000E+01 61 15743 22 5 9 25
 9.600000E+01 67 15735 25 7 9 26
 1.000000E+02 72 15732 21 10 11 30
 1.040000E+02 82 15723 24 10 13 35
 1.080000E+02 85 15712 19 12 13 41
 1.120000E+02 97 15703 29 7 18 43
 1.160000E+02 93 15697 21 6 22 44
 1.200000E+02 108 15693 25 14 22 47
 1.240000E+02 106 15688 18 8 24 56
 1.280000E+02 120 15685 30 2 28 60
 1.320000E+02 124 15682 24 8 29 63
 1.360000E+02 125 15682 20 6 32 67
 1.400000E+02 129 15675 20 7 33 69
 1.440000E+02 145 15672 27 10 36 72
 1.480000E+02 152 15660 25 10 40 77
 1.520000E+02 148 15653 17 9 41 81
 1.560000E+02 163 15645 22 13 42 86
 1.600000E+02 164 15642 18 12 42 92
 1.640000E+02 172 15638 17 14 46 95
 1.680000E+02 180 15632 19 12 50 99
 1.720000E+02 190 15627 21 15 50 104
 1.760000E+02 203 15620 27 10 54 112
 1.800000E+02 206 15615 20 10 56 120
 1.840000E+02 212 15609 18 14 57 123
 1.880000E+02 213 15604 16 11 60 126
 1.920000E+02 207 15602 10 4 61 132
 1.960000E+02 219 15601 20 4 61 134
 2.000000E+02 222 15600 20 3 63 136

#Simulation ended (eff.: 0.950637, detail below)
	#Events: 17313
	#Valid embedding but no longer unary when required: 0.000000
	#Valid embedding but not binary when required: 0.000000
	#Clashing instance: 0.000000
	#Lazy negative update: 1.000000
	#Lazy negative update of non local instances: 0.000000
	#Perturbation interrupting time advance: 0.000000
