# time 'Cases' 'Susceptible' 'Exposed' 'Infected' 'Removed' 'Deads'
 0.000000E+00 0 470 0 0 0 0
 4.000000E+00 0 470 0 0 0 0
 8.000000E+00 0 470 0 0 0 0
 1.200000E+01 0 470 0 0 0 0
 1.600000E+01 3 470 2 1 0 0
 2.000000E+01 1 469 1 0 0 0
 2.400000E+01 2 469 2 0 0 0
 2.800000E+01 1 469 1 0 0 0
 3.200000E+01 3 469 1 1 0 1
 3.600000E+01 4 469 3 0 0 1
 4.000000E+01 5 468 2 2 0 1
 4.400000E+01 4 467 1 1 0 2
 4.800000E+01 5 466 2 1 0 2
 5.200000E+01 7 465 5 0 0 2
 5.600000E+01 6 465 3 1 0 2
 6.000000E+01 5 465 2 0 0 3
 6.400000E+01 5 465 2 0 0 3
 6.800000E+01 6 465 3 0 0 3
 7.200000E+01 5 464 1 1 0 3
 7.600000E+01 8 463 3 1 0 4
 8.000000E+01 8 461 3 1 0 4
 8.400000E+01 11 461 5 2 0 4
 8.800000E+01 13 461 6 2 0 5
 9.200000E+01 8 459 2 1 0 5
 9.600000E+01 10 458 3 2 0 5
 1.000000E+02 10 458 2 2 0 6
 1.040000E+02 13 455 4 2 0 7
 1.080000E+02 13 453 3 1 1 8
 1.120000E+02 15 452 4 1 1 9
 1.160000E+02 16 448 4 2 1 9
 1.200000E+02 14 446 1 2 1 10
 1.240000E+02 17 445 4 1 1 11
 1.280000E+02 16 443 3 1 1 11
 1.320000E+02 15 443 2 1 1 11
 1.360000E+02 14 440 1 0 2 11
 1.400000E+02 15 440 2 0 2 11
 1.440000E+02 15 440 2 0 2 11
 1.480000E+02 16 440 1 1 2 12
 1.520000E+02 16 440 2 0 2 12
 1.560000E+02 16 440 0 1 3 12
 1.600000E+02 19 439 2 1 3 13
 1.640000E+02 19 437 1 2 3 13
 1.680000E+02 20 437 1 2 3 14
 1.720000E+02 19 436 1 0 3 15
 1.760000E+02 21 436 3 0 3 15
 1.800000E+02 19 436 1 0 3 15
 1.840000E+02 19 436 1 0 3 15
 1.880000E+02 18 436 0 0 3 15
 1.920000E+02 19 436 1 0 3 15
 1.960000E+02 18 436 0 0 3 15
 2.000000E+02 20 436 1 0 3 16

#Simulation ended (eff.: 0.751174, detail below)
	#Events: 960
	#Valid embedding but no longer unary when required: 0.000000
	#Valid embedding but not binary when required: 0.000000
	#Clashing instance: 0.000000
	#Lazy negative update: 1.000000
	#Lazy negative update of non local instances: 0.000000
	#Perturbation interrupting time advance: 0.000000
