# time 'Cases' 'Susceptible' 'Exposed' 'Infected' 'Removed' 'Deads'
 0.000000E+00 0 15800 0 0 0 0
 4.000000E+00 4 15800 3 1 0 0
 8.000000E+00 5 15800 4 0 0 1
 1.200000E+01 1 15800 0 0 0 1
 1.600000E+01 5 15800 4 0 0 1
 2.000000E+01 7 15800 6 0 0 1
 2.400000E+01 8 15799 6 1 0 1
 2.800000E+01 9 15796 4 3 0 2
 3.200000E+01 13 15795 8 2 1 2
 3.600000E+01 11 15794 7 0 1 3
 4.000000E+01 9 15793 5 0 1 3
 4.400000E+01 11 15793 6 1 1 3
 4.800000E+01 8 15793 3 1 1 3
 5.200000E+01 12 15789 3 3 1 5
 5.600000E+01 15 15787 7 1 1 6
 6.000000E+01 18 15786 9 2 1 6
 6.400000E+01 22 15785 13 1 2 6
 6.800000E+01 18 15781 7 3 2 6
 7.200000E+01 23 15775 11 3 2 7
 7.600000E+01 23 15769 10 4 2 7
 8.000000E+01 25 15765 9 4 3 9
 8.400000E+01 30 15760 13 2 5 10
 8.800000E+01 35 15759 14 4 7 10
 9.200000E+01 36 15753 12 7 7 10
 9.600000E+01 41 15747 11 9 8 13
 1.000000E+02 44 15742 14 4 8 18
 1.040000E+02 41 15738 11 0 9 21
 1.080000E+02 48 15735 14 3 9 22
 1.120000E+02 49 15731 12 5 10 22
 1.160000E+02 54 15728 13 5 11 25
 1.200000E+02 67 15723 21 7 14 25
 1.240000E+02 60 15717 14 2 17 27
 1.280000E+02 72 15714 18 8 19 27
 1.320000E+02 72 15710 17 5 20 30
 1.360000E+02 73 15710 15 7 21 30
 1.400000E+02 73 15707 12 6 22 33
 1.440000E+02 75 15702 9 8 24 34
 1.480000E+02 82 15701 13 7 26 36
 1.520000E+02 75 15700 7 6 26 36
 1.560000E+02 87 15696 14 7 26 40
 1.600000E+02 87 15693 12 8 26 41
 1.640000E+02 85 15691 5 6 29 45
 1.680000E+02 88 15688 9 3 30 46
 1.720000E+02 96 15686 14 3 31 48
 1.760000E+02 102 15685 14 5 32 51
 1.800000E+02 105 15682 12 6 34 53
 1.840000E+02 106 15681 12 5 35 54
 1.880000E+02 103 15679 8 4 35 56
 1.920000E+02 107 15676 7 5 38 57
 1.960000E+02 112 15675 12 3 38 59
 2.000000E+02 114 15673 7 9 39 59

#Simulation ended (eff.: 0.957592, detail below)
	#Events: 15829
	#Valid embedding but no longer unary when required: 0.000000
	#Valid embedding but not binary when required: 0.000000
	#Clashing instance: 0.000000
	#Lazy negative update: 1.000000
	#Lazy negative update of non local instances: 0.000000
	#Perturbation interrupting time advance: 0.000000
