# time 'Cases' 'Susceptible' 'Exposed' 'Infected' 'Removed' 'Deads'
 0.000000E+00 0 700 0 0 0 0
 4.000000E+00 0 700 0 0 0 0
 8.000000E+00 0 700 0 0 0 0
 1.200000E+01 0 700 0 0 0 0
 1.600000E+01 0 700 0 0 0 0
 2.000000E+01 1 700 0 0 0 1
 2.400000E+01 3 699 2 0 0 1
 2.800000E+01 2 699 1 0 0 1
 3.200000E+01 3 699 2 0 0 1
 3.600000E+01 3 699 2 0 0 1
 4.000000E+01 4 699 3 0 0 1
 4.400000E+01 6 698 3 0 0 3
 4.800000E+01 4 698 1 0 0 3
 5.200000E+01 4 697 1 0 0 3
 5.600000E+01 5 696 1 1 0 3
 6.000000E+01 6 695 1 1 0 4
 6.400000E+01 7 692 2 0 0 5
 6.800000E+01 8 691 3 0 0 5
 7.200000E+01 9 691 4 0 0 5
 7.600000E+01 6 691 1 0 0 5
 8.000000E+01 8 690 2 0 1 5
 8.400000E+01 9 690 3 0 1 5
 8.800000E+01 9 689 2 1 1 5
 9.200000E+01 8 689 1 0 2 5
 9.600000E+01 8 688 0 0 2 6
 1.000000E+02 11 688 2 1 2 6
 1.040000E+02 9 688 1 0 2 6
 1.080000E+02 8 688 0 0 2 6
 1.120000E+02 12 688 3 1 2 6
 1.160000E+02 10 688 1 1 2 6
 1.200000E+02 9 688 0 0 2 7
 1.240000E+02 10 688 1 0 2 7
 1.280000E+02 11 688 1 1 2 7
 1.320000E+02 9 688 0 0 2 7
 1.360000E+02 9 688 0 0 2 7
 1.400000E+02 9 688 0 0 2 7
 1.440000E+02 11 688 1 1 2 7
 1.480000E+02 10 688 1 0 2 7
 1.520000E+02 9 688 0 0 2 7
 1.560000E+02 9 688 0 0 2 7
 1.600000E+02 9 688 0 0 2 7
 1.640000E+02 10 688 1 0 2 7
 1.680000E+02 9 688 0 0 2 7
 1.720000E+02 9 688 0 0 2 7
 1.760000E+02 9 688 0 0 2 7
 1.800000E+02 11 688 2 0 2 7
 1.840000E+02 9 688 0 0 2 7
 1.880000E+02 9 688 0 0 2 7
 1.920000E+02 11 688 2 0 2 7
 1.960000E+02 11 688 1 1 2 7
 2.000000E+02 10 688 1 0 2 7

#Simulation ended (eff.: 0.706422, detail below)
	#Events: 1001
	#Valid embedding but no longer unary when required: 0.000000
	#Valid embedding but not binary when required: 0.000000
	#Clashing instance: 0.000000
	#Lazy negative update: 1.000000
	#Lazy negative update of non local instances: 0.000000
	#Perturbation interrupting time advance: 0.000000
