# time 'Cases' 'Susceptible' 'Exposed' 'Infected' 'Removed' 'Deads'
 0.000000E+00 10 10000 0 10 0 0
 4.000000E+00 15 9994 5 4 1 5
 8.000000E+00 16 9989 6 3 1 6
 1.200000E+01 20 9983 9 2 1 8
 1.600000E+01 21 9981 9 2 1 9
 2.000000E+01 25 9976 8 2 2 13
 2.400000E+01 32 9969 14 1 2 15
 2.800000E+01 32 9967 10 3 2 17
 3.200000E+01 36 9962 11 4 3 18
 3.600000E+01 38 9958 10 5 4 19
 4.000000E+01 47 9950 15 6 5 21
 4.400000E+01 53 9941 19 5 6 23
 4.800000E+01 62 9938 24 4 7 27
 5.200000E+01 76 9928 26 9 9 32
 5.600000E+01 80 9918 23 10 11 36
 6.000000E+01 92 9905 26 13 14 39
 6.400000E+01 112 9895 34 12 15 51
 6.800000E+01 112 9882 28 8 18 58
 7.200000E+01 119 9875 28 10 22 59
 7.600000E+01 132 9862 32 12 24 64
 8.000000E+01 154 9847 44 14 27 69
 8.400000E+01 159 9838 36 16 32 75
 8.800000E+01 157 9831 26 13 35 83
 9.200000E+01 174 9813 31 12 38 93
 9.600000E+01 195 9801 37 19 41 98
 1.000000E+02 204 9791 36 14 46 108
 1.040000E+02 212 9784 36 9 51 116
 1.080000E+02 233 9771 44 18 51 120
 1.120000E+02 241 9760 35 21 55 130
 1.160000E+02 257 9746 37 21 57 142
 1.200000E+02 273 9730 43 19 60 151
 1.240000E+02 284 9710 42 17 67 158
 1.280000E+02 309 9698 50 24 71 164
 1.320000E+02 320 9684 49 24 75 172
 1.360000E+02 323 9680 38 22 82 181
 1.400000E+02 333 9669 42 20 85 186
 1.440000E+02 344 9657 41 17 89 197
 1.480000E+02 364 9642 46 20 93 205
 1.520000E+02 378 9631 51 20 97 210
 1.560000E+02 380 9620 43 18 102 217
 1.600000E+02 387 9608 38 15 103 231
 1.640000E+02 398 9597 36 18 106 238
 1.680000E+02 409 9580 36 19 107 247
 1.720000E+02 428 9570 41 22 109 256
 1.760000E+02 444 9554 36 23 118 267
 1.800000E+02 450 9543 34 19 124 273
 1.840000E+02 459 9536 33 19 128 279
 1.880000E+02 463 9528 27 19 130 287
 1.920000E+02 483 9521 32 22 131 298
 1.960000E+02 485 9515 26 20 134 305
 2.000000E+02 492 9509 19 23 135 315

#Simulation ended (eff.: 0.938689, detail below)
	#Events: 15295
	#Valid embedding but no longer unary when required: 0.000000
	#Valid embedding but not binary when required: 0.000000
	#Clashing instance: 0.000000
	#Lazy negative update: 1.000000
	#Lazy negative update of non local instances: 0.000000
	#Perturbation interrupting time advance: 0.000000
