# time 'Cases' 'Susceptible' 'Exposed' 'Infected' 'Removed' 'Deads'
 0.000000E+00 10 10000 0 10 0 0
 4.000000E+00 15 9991 7 7 1 0
 8.000000E+00 18 9981 9 4 1 4
 1.200000E+01 20 9977 11 2 2 5
 1.600000E+01 22 9976 11 3 2 6
 2.000000E+01 27 9972 12 2 4 9
 2.400000E+01 26 9968 9 3 4 10
 2.800000E+01 33 9964 13 5 4 11
 3.200000E+01 42 9956 15 7 4 16
 3.600000E+01 49 9949 21 4 5 19
 4.000000E+01 56 9943 25 3 7 21
 4.400000E+01 54 9939 16 5 8 25
 4.800000E+01 71 9931 29 6 9 27
 5.200000E+01 77 9922 27 6 10 34
 5.600000E+01 88 9917 31 7 10 40
 6.000000E+01 96 9911 28 11 12 45
 6.400000E+01 100 9902 25 14 14 47
 6.800000E+01 108 9898 28 10 17 53
 7.200000E+01 118 9887 32 8 20 58
 7.600000E+01 134 9879 39 11 21 63
 8.000000E+01 146 9865 39 15 22 70
 8.400000E+01 163 9849 45 12 25 81
 8.800000E+01 173 9844 45 13 30 85
 9.200000E+01 185 9831 45 16 32 92
 9.600000E+01 197 9820 43 20 34 100
 1.000000E+02 220 9804 55 17 39 109
 1.040000E+02 233 9791 55 18 41 119
 1.080000E+02 242 9777 52 18 47 125
 1.120000E+02 262 9766 59 20 48 135
 1.160000E+02 272 9752 47 24 53 148
 1.200000E+02 288 9733 47 23 58 160
 1.240000E+02 297 9715 41 22 61 173
 1.280000E+02 308 9709 43 20 65 180
 1.320000E+02 313 9697 37 21 69 186
 1.360000E+02 336 9681 50 16 76 194
 1.400000E+02 345 9668 47 17 81 200
 1.440000E+02 357 9656 44 15 88 210
 1.480000E+02 367 9644 32 25 95 215
 1.520000E+02 372 9634 30 15 103 224
 1.560000E+02 383 9627 30 18 106 229
 1.600000E+02 393 9613 31 14 107 241
 1.640000E+02 407 9602 31 20 112 244
 1.680000E+02 419 9589 32 17 117 253
 1.720000E+02 431 9576 36 14 119 262
 1.760000E+02 427 9570 14 21 123 269
 1.800000E+02 446 9565 28 18 127 273
 1.840000E+02 444 9559 20 12 132 280
 1.880000E+02 450 9551 20 10 132 288
 1.920000E+02 462 9545 19 10 134 299
 1.960000E+02 464 9537 18 7 138 301
 2.000000E+02 470 9533 19 6 140 305

#Simulation ended (eff.: 0.933293, detail below)
	#Events: 15362
	#Valid embedding but no longer unary when required: 0.000000
	#Valid embedding but not binary when required: 0.000000
	#Clashing instance: 0.000000
	#Lazy negative update: 1.000000
	#Lazy negative update of non local instances: 0.000000
	#Perturbation interrupting time advance: 0.000000
