# time 'Cases' 'Susceptible' 'Exposed' 'Infected' 'Removed' 'Deads'
 0.000000E+00 0 1580 0 0 0 0
 4.000000E+00 1 1580 1 0 0 0
 8.000000E+00 3 1580 3 0 0 0
 1.200000E+01 4 1580 2 2 0 0
 1.600000E+01 5 1580 4 1 0 0
 2.000000E+01 3 1579 3 0 0 0
 2.400000E+01 5 1578 4 0 1 0
 2.800000E+01 2 1578 0 1 1 0
 3.200000E+01 9 1574 5 1 2 1
 3.600000E+01 8 1574 4 0 2 2
 4.000000E+01 9 1574 4 1 2 2
 4.400000E+01 9 1573 2 2 2 3
 4.800000E+01 16 1570 7 3 3 3
 5.200000E+01 22 1561 10 3 3 6
 5.600000E+01 22 1555 7 4 4 7
 6.000000E+01 28 1553 14 3 4 7
 6.400000E+01 30 1553 13 3 6 8
 6.800000E+01 30 1548 10 6 6 8
 7.200000E+01 37 1540 13 4 8 12
 7.600000E+01 41 1539 16 3 9 13
 8.000000E+01 42 1539 13 4 9 16
 8.400000E+01 43 1537 10 4 9 20
 8.800000E+01 48 1531 10 7 9 22
 9.200000E+01 46 1528 7 3 11 25
 9.600000E+01 49 1524 8 3 12 26
 1.000000E+02 56 1522 11 4 12 29
 1.040000E+02 55 1520 9 3 14 29
 1.080000E+02 59 1517 11 4 14 30
 1.120000E+02 63 1515 9 5 16 33
 1.160000E+02 67 1510 11 4 17 35
 1.200000E+02 69 1509 10 4 17 38
 1.240000E+02 75 1506 10 4 18 43
 1.280000E+02 84 1500 10 7 20 47
 1.320000E+02 89 1499 14 3 22 50
 1.360000E+02 85 1493 11 1 23 50
 1.400000E+02 90 1491 11 5 23 51
 1.440000E+02 96 1489 13 6 24 53
 1.480000E+02 95 1487 9 9 24 53
 1.520000E+02 96 1484 10 3 25 58
 1.560000E+02 95 1480 10 2 25 58
 1.600000E+02 96 1479 8 5 25 58
 1.640000E+02 98 1479 11 3 25 59
 1.680000E+02 101 1477 8 8 26 59
 1.720000E+02 105 1472 10 5 26 64
 1.760000E+02 106 1471 9 3 29 65
 1.800000E+02 110 1470 8 5 30 67
 1.840000E+02 113 1466 9 2 32 70
 1.880000E+02 112 1465 6 3 32 71
 1.920000E+02 116 1465 9 2 33 72
 1.960000E+02 112 1465 4 1 34 73
 2.000000E+02 115 1465 5 3 34 73

#Simulation ended (eff.: 0.842625, detail below)
	#Events: 3325
	#Valid embedding but no longer unary when required: 0.000000
	#Valid embedding but not binary when required: 0.000000
	#Clashing instance: 0.000000
	#Lazy negative update: 1.000000
	#Lazy negative update of non local instances: 0.000000
	#Perturbation interrupting time advance: 0.000000
