# time 'Cases' 'Susceptible' 'Exposed' 'Infected' 'Removed' 'Deads'
 0.000000E+00 10 10000 0 10 0 0
 4.000000E+00 17 9987 8 6 2 1
 8.000000E+00 22 9979 12 5 3 2
 1.200000E+01 28 9973 18 1 5 4
 1.600000E+01 31 9969 18 3 5 5
 2.000000E+01 34 9961 18 3 6 7
 2.400000E+01 45 9955 18 6 6 15
 2.800000E+01 46 9949 17 4 8 17
 3.200000E+01 54 9945 20 8 9 17
 3.600000E+01 66 9934 26 6 10 24
 4.000000E+01 78 9922 32 8 11 27
 4.400000E+01 84 9912 32 7 14 31
 4.800000E+01 93 9902 30 13 15 35
 5.200000E+01 104 9893 34 12 18 40
 5.600000E+01 100 9884 27 12 18 43
 6.000000E+01 123 9871 35 21 20 47
 6.400000E+01 144 9848 51 20 22 51
 6.800000E+01 148 9833 46 14 27 61
 7.200000E+01 168 9820 54 18 28 68
 7.600000E+01 179 9808 52 19 29 79
 8.000000E+01 188 9788 43 22 33 90
 8.400000E+01 202 9774 47 19 39 97
 8.800000E+01 222 9756 58 15 41 108
 9.200000E+01 250 9738 68 21 45 116
 9.600000E+01 274 9717 72 20 52 130
 1.000000E+02 283 9706 67 23 54 139
 1.040000E+02 308 9688 71 25 61 151
 1.080000E+02 333 9666 74 33 65 161
 1.120000E+02 364 9641 83 32 76 173
 1.160000E+02 366 9616 59 34 87 186
 1.200000E+02 386 9599 59 30 95 202
 1.240000E+02 416 9571 69 23 103 221
 1.280000E+02 423 9552 57 21 107 238
 1.320000E+02 445 9537 61 23 111 250
 1.360000E+02 452 9528 55 20 118 259
 1.400000E+02 477 9518 61 24 123 269
 1.440000E+02 493 9499 53 27 129 284
 1.480000E+02 498 9489 44 26 133 295
 1.520000E+02 509 9474 43 23 137 306
 1.560000E+02 519 9463 45 16 144 314
 1.600000E+02 536 9453 45 17 146 328
 1.640000E+02 548 9445 40 23 147 338
 1.680000E+02 550 9438 30 23 151 346
 1.720000E+02 560 9429 29 19 154 358
 1.760000E+02 563 9425 22 21 157 363
 1.800000E+02 574 9420 20 21 163 370
 1.840000E+02 582 9409 25 10 167 380
 1.880000E+02 588 9405 20 16 171 381
 1.920000E+02 596 9400 18 19 174 385
 1.960000E+02 598 9391 20 14 176 388
 2.000000E+02 600 9386 13 15 178 394

#Simulation ended (eff.: 0.932499, detail below)
	#Events: 17434
	#Valid embedding but no longer unary when required: 0.000000
	#Valid embedding but not binary when required: 0.000000
	#Clashing instance: 0.000000
	#Lazy negative update: 1.000000
	#Lazy negative update of non local instances: 0.000000
	#Perturbation interrupting time advance: 0.000000
