# time 'Cases' 'Susceptible' 'Exposed' 'Infected' 'Removed' 'Deads'
 0.000000E+00 10 10000 0 10 0 0
 4.000000E+00 10 9996 2 2 1 5
 8.000000E+00 13 9994 5 2 1 5
 1.200000E+01 12 9991 5 1 1 5
 1.600000E+01 12 9988 5 1 1 5
 2.000000E+01 15 9986 5 3 2 5
 2.400000E+01 22 9980 8 4 2 8
 2.800000E+01 29 9979 16 2 3 8
 3.200000E+01 28 9975 11 5 3 9
 3.600000E+01 37 9968 16 5 4 12
 4.000000E+01 40 9960 16 3 6 15
 4.400000E+01 48 9956 22 3 6 17
 4.800000E+01 52 9950 22 4 7 19
 5.200000E+01 56 9946 18 8 8 22
 5.600000E+01 66 9938 21 8 11 26
 6.000000E+01 72 9931 20 14 11 27
 6.400000E+01 75 9915 20 8 13 34
 6.800000E+01 81 9913 25 6 14 36
 7.200000E+01 91 9903 25 11 16 39
 7.600000E+01 100 9893 28 10 16 46
 8.000000E+01 114 9882 33 8 20 53
 8.400000E+01 114 9876 26 9 22 57
 8.800000E+01 126 9871 35 4 24 63
 9.200000E+01 143 9858 35 16 26 66
 9.600000E+01 153 9842 34 17 31 71
 1.000000E+02 165 9832 36 11 40 78
 1.040000E+02 166 9826 29 12 42 83
 1.080000E+02 176 9813 28 16 45 87
 1.120000E+02 195 9801 35 18 50 92
 1.160000E+02 201 9791 35 13 56 97
 1.200000E+02 213 9783 35 15 59 104
 1.240000E+02 222 9778 35 14 61 112
 1.280000E+02 235 9771 35 14 65 121
 1.320000E+02 249 9755 41 15 66 127
 1.360000E+02 257 9746 33 17 69 138
 1.400000E+02 272 9733 31 19 74 148
 1.440000E+02 294 9715 41 15 78 160
 1.480000E+02 301 9706 36 14 80 171
 1.520000E+02 311 9696 37 14 81 179
 1.560000E+02 328 9686 36 21 84 187
 1.600000E+02 343 9676 40 18 89 196
 1.640000E+02 354 9662 38 18 94 204
 1.680000E+02 363 9647 37 20 96 210
 1.720000E+02 375 9632 37 25 98 215
 1.760000E+02 383 9623 36 19 104 224
 1.800000E+02 381 9614 27 13 108 233
 1.840000E+02 389 9611 27 13 112 237
 1.880000E+02 409 9600 34 19 113 243
 1.920000E+02 408 9589 29 8 120 251
 1.960000E+02 421 9587 34 11 121 255
 2.000000E+02 435 9581 31 15 124 265

#Simulation ended (eff.: 0.941477, detail below)
	#Events: 14382
	#Valid embedding but no longer unary when required: 0.000000
	#Valid embedding but not binary when required: 0.000000
	#Clashing instance: 0.000000
	#Lazy negative update: 1.000000
	#Lazy negative update of non local instances: 0.000000
	#Perturbation interrupting time advance: 0.000000
