# time 'Cases' 'Susceptible' 'Exposed' 'Infected' 'Removed' 'Deads'
 0.000000E+00 0 15800 0 0 0 0
 4.000000E+00 3 15800 3 0 0 0
 8.000000E+00 2 15800 2 0 0 0
 1.200000E+01 5 15800 3 2 0 0
 1.600000E+01 8 15798 5 0 0 3
 2.000000E+01 7 15797 3 0 0 4
 2.400000E+01 11 15795 5 1 0 5
 2.800000E+01 17 15794 9 2 1 5
 3.200000E+01 17 15794 9 2 1 5
 3.600000E+01 13 15793 5 1 1 6
 4.000000E+01 19 15792 11 1 1 6
 4.400000E+01 22 15792 13 2 1 6
 4.800000E+01 19 15790 8 1 3 7
 5.200000E+01 26 15789 13 3 3 7
 5.600000E+01 30 15788 15 2 3 10
 6.000000E+01 33 15786 15 3 3 12
 6.400000E+01 38 15783 11 7 7 13
 6.800000E+01 40 15778 12 5 9 14
 7.200000E+01 45 15775 14 8 9 14
 7.600000E+01 54 15769 20 4 12 18
 8.000000E+01 54 15766 13 8 12 21
 8.400000E+01 63 15761 21 4 13 25
 8.800000E+01 63 15756 14 9 14 26
 9.200000E+01 71 15755 18 9 15 29
 9.600000E+01 82 15744 22 11 16 33
 1.000000E+02 80 15736 18 11 17 34
 1.040000E+02 91 15731 21 12 19 39
 1.080000E+02 104 15718 32 8 21 43
 1.120000E+02 110 15711 33 9 23 45
 1.160000E+02 122 15702 32 15 25 50
 1.200000E+02 124 15695 28 10 27 59
 1.240000E+02 127 15690 24 12 29 62
 1.280000E+02 138 15682 25 11 30 72
 1.320000E+02 147 15679 28 10 32 77
 1.360000E+02 156 15672 27 15 33 81
 1.400000E+02 163 15663 29 13 37 84
 1.440000E+02 173 15651 34 10 38 91
 1.480000E+02 171 15647 23 11 42 95
 1.520000E+02 175 15642 16 13 48 98
 1.560000E+02 184 15636 22 9 50 103
 1.600000E+02 205 15630 32 13 51 109
 1.640000E+02 200 15623 26 10 54 110
 1.680000E+02 206 15617 29 10 54 113
 1.720000E+02 215 15614 31 7 55 122
 1.760000E+02 217 15613 26 7 56 128
 1.800000E+02 213 15609 14 9 58 132
 1.840000E+02 217 15606 14 9 58 136
 1.880000E+02 217 15604 12 6 59 140
 1.920000E+02 225 15602 15 9 60 141
 1.960000E+02 222 15596 9 8 60 145
 2.000000E+02 233 15590 15 6 65 147

#Simulation ended (eff.: 0.948463, detail below)
	#Events: 17870
	#Valid embedding but no longer unary when required: 0.000000
	#Valid embedding but not binary when required: 0.000000
	#Clashing instance: 0.000000
	#Lazy negative update: 1.000000
	#Lazy negative update of non local instances: 0.000000
	#Perturbation interrupting time advance: 0.000000
