# time 'Cases' 'Susceptible' 'Exposed' 'Infected' 'Removed' 'Deads'
 0.000000E+00 10 10000 0 10 0 0
 4.000000E+00 9 9995 0 4 1 4
 8.000000E+00 17 9985 7 5 1 4
 1.200000E+01 18 9983 10 1 2 5
 1.600000E+01 14 9982 5 2 2 5
 2.000000E+01 19 9982 9 3 2 5
 2.400000E+01 21 9977 10 2 2 7
 2.800000E+01 31 9971 18 1 2 10
 3.200000E+01 33 9970 15 4 2 12
 3.600000E+01 38 9969 16 5 3 14
 4.000000E+01 38 9966 9 5 8 16
 4.400000E+01 41 9963 12 1 8 20
 4.800000E+01 41 9960 11 1 8 21
 5.200000E+01 40 9959 9 2 8 21
 5.600000E+01 47 9958 14 2 9 22
 6.000000E+01 53 9954 15 4 10 24
 6.400000E+01 55 9947 11 8 11 25
 6.800000E+01 60 9944 16 4 12 28
 7.200000E+01 66 9940 16 7 12 31
 7.600000E+01 73 9932 19 5 15 34
 8.000000E+01 82 9927 22 7 15 38
 8.400000E+01 79 9924 19 3 18 39
 8.800000E+01 86 9919 17 6 19 44
 9.200000E+01 87 9919 12 6 24 45
 9.600000E+01 93 9917 11 8 25 49
 1.000000E+02 102 9907 17 6 28 51
 1.040000E+02 102 9900 15 5 29 53
 1.080000E+02 106 9897 11 11 29 55
 1.120000E+02 112 9892 14 8 31 59
 1.160000E+02 120 9885 17 9 31 63
 1.200000E+02 125 9876 19 5 34 67
 1.240000E+02 130 9871 16 4 37 73
 1.280000E+02 131 9869 14 5 38 74
 1.320000E+02 135 9867 13 7 38 77
 1.360000E+02 139 9863 9 9 40 81
 1.400000E+02 146 9859 12 10 42 82
 1.440000E+02 145 9850 10 5 43 87
 1.480000E+02 150 9846 13 4 44 89
 1.520000E+02 159 9842 17 9 44 89
 1.560000E+02 159 9839 13 9 44 93
 1.600000E+02 163 9835 12 9 44 98
 1.640000E+02 162 9834 10 6 46 100
 1.680000E+02 166 9833 9 6 49 102
 1.720000E+02 173 9831 8 8 51 106
 1.760000E+02 179 9823 11 7 52 109
 1.800000E+02 176 9822 6 6 52 112
 1.840000E+02 180 9818 5 8 52 115
 1.880000E+02 181 9816 6 3 52 120
 1.920000E+02 180 9816 3 2 52 123
 1.960000E+02 186 9814 8 2 52 124
 2.000000E+02 188 9812 8 3 52 125

#Simulation ended (eff.: 0.948489, detail below)
	#Events: 11361
	#Valid embedding but no longer unary when required: 0.000000
	#Valid embedding but not binary when required: 0.000000
	#Clashing instance: 0.000000
	#Lazy negative update: 1.000000
	#Lazy negative update of non local instances: 0.000000
	#Perturbation interrupting time advance: 0.000000
