# time 'Cases' 'Susceptible' 'Exposed' 'Infected' 'Removed' 'Deads'
 0.000000E+00 0 7000 0 0 0 0
 4.000000E+00 1 7000 0 1 0 0
 8.000000E+00 2 7000 1 0 0 1
 1.200000E+01 3 7000 2 0 0 1
 1.600000E+01 1 7000 0 0 0 1
 2.000000E+01 4 7000 3 0 0 1
 2.400000E+01 2 7000 1 0 0 1
 2.800000E+01 2 6999 0 0 0 2
 3.200000E+01 5 6999 3 0 0 2
 3.600000E+01 7 6999 5 0 0 2
 4.000000E+01 5 6999 3 0 0 2
 4.400000E+01 5 6999 2 1 0 2
 4.800000E+01 5 6999 2 0 0 3
 5.200000E+01 6 6998 2 1 0 3
 5.600000E+01 6 6998 2 1 0 3
 6.000000E+01 10 6996 4 2 0 4
 6.400000E+01 9 6995 3 2 0 4
 6.800000E+01 12 6995 5 0 2 5
 7.200000E+01 16 6995 9 0 2 5
 7.600000E+01 17 6995 9 0 2 6
 8.000000E+01 14 6994 4 2 2 6
 8.400000E+01 20 6985 7 4 2 7
 8.800000E+01 18 6982 7 1 2 8
 9.200000E+01 23 6982 9 3 2 9
 9.600000E+01 22 6982 8 0 3 11
 1.000000E+02 23 6981 9 0 3 11
 1.040000E+02 24 6979 8 2 3 11
 1.080000E+02 22 6978 7 0 3 12
 1.120000E+02 25 6977 8 1 3 13
 1.160000E+02 28 6976 7 4 3 14
 1.200000E+02 29 6976 6 5 3 15
 1.240000E+02 33 6975 11 2 3 17
 1.280000E+02 33 6973 8 3 3 19
 1.320000E+02 40 6973 13 2 3 22
 1.360000E+02 38 6973 11 1 4 22
 1.400000E+02 37 6973 8 2 4 23
 1.440000E+02 41 6972 9 3 4 25
 1.480000E+02 35 6971 3 0 5 27
 1.520000E+02 41 6970 5 2 6 28
 1.560000E+02 44 6967 7 2 6 29
 1.600000E+02 44 6967 4 3 6 31
 1.640000E+02 45 6967 5 3 6 31
 1.680000E+02 46 6965 5 3 6 32
 1.720000E+02 46 6965 5 2 6 33
 1.760000E+02 43 6964 3 1 6 33
 1.800000E+02 44 6963 3 2 6 33
 1.840000E+02 42 6963 1 0 6 35
 1.880000E+02 47 6963 4 2 6 35
 1.920000E+02 49 6962 3 2 7 37
 1.960000E+02 49 6960 3 2 7 37
 2.000000E+02 50 6960 5 0 7 38

#Simulation ended (eff.: 0.901242, detail below)
	#Events: 7401
	#Valid embedding but no longer unary when required: 0.000000
	#Valid embedding but not binary when required: 0.000000
	#Clashing instance: 0.000000
	#Lazy negative update: 1.000000
	#Lazy negative update of non local instances: 0.000000
	#Perturbation interrupting time advance: 0.000000
