# time 'Cases' 'Susceptible' 'Exposed' 'Infected' 'Removed' 'Deads'
 0.000000E+00 0 7000 0 0 0 0
 4.000000E+00 3 6999 2 1 0 0
 8.000000E+00 1 6997 1 0 0 0
 1.200000E+01 3 6997 3 0 0 0
 1.600000E+01 6 6997 6 0 0 0
 2.000000E+01 3 6997 3 0 0 0
 2.400000E+01 5 6997 5 0 0 0
 2.800000E+01 4 6997 3 1 0 0
 3.200000E+01 8 6996 7 0 0 1
 3.600000E+01 4 6995 3 0 0 1
 4.000000E+01 13 6995 11 1 0 1
 4.400000E+01 11 6993 7 1 1 2
 4.800000E+01 9 6992 3 2 1 3
 5.200000E+01 13 6992 6 3 1 3
 5.600000E+01 16 6989 8 2 2 4
 6.000000E+01 21 6987 12 1 2 6
 6.400000E+01 27 6987 16 2 2 7
 6.800000E+01 22 6986 8 2 3 9
 7.200000E+01 27 6983 10 2 4 11
 7.600000E+01 31 6980 10 5 4 12
 8.000000E+01 31 6979 13 1 4 13
 8.400000E+01 33 6979 12 4 4 13
 8.800000E+01 25 6978 4 1 7 13
 9.200000E+01 36 6978 15 1 7 13
 9.600000E+01 34 6977 12 1 8 13
 1.000000E+02 39 6974 11 2 10 16
 1.040000E+02 42 6972 10 4 11 17
 1.080000E+02 45 6970 12 5 11 17
 1.120000E+02 49 6968 13 5 11 20
 1.160000E+02 48 6966 12 0 12 24
 1.200000E+02 47 6966 9 2 12 24
 1.240000E+02 53 6962 11 6 12 24
 1.280000E+02 53 6960 7 7 14 25
 1.320000E+02 52 6958 7 2 16 27
 1.360000E+02 58 6956 10 2 17 29
 1.400000E+02 62 6955 11 5 17 29
 1.440000E+02 68 6954 14 5 19 30
 1.480000E+02 70 6953 15 3 19 33
 1.520000E+02 70 6952 9 7 21 33
 1.560000E+02 72 6950 9 5 22 36
 1.600000E+02 70 6949 7 3 22 38
 1.640000E+02 73 6947 6 3 23 41
 1.680000E+02 78 6945 11 1 24 42
 1.720000E+02 83 6945 14 2 24 43
 1.760000E+02 76 6945 6 2 25 43
 1.800000E+02 81 6945 8 3 26 44
 1.840000E+02 82 6945 7 0 26 49
 1.880000E+02 82 6944 4 3 26 49
 1.920000E+02 80 6943 3 1 27 49
 1.960000E+02 84 6943 5 2 27 50
 2.000000E+02 82 6943 4 1 27 50

#Simulation ended (eff.: 0.890342, detail below)
	#Events: 8306
	#Valid embedding but no longer unary when required: 0.000000
	#Valid embedding but not binary when required: 0.000000
	#Clashing instance: 0.000000
	#Lazy negative update: 1.000000
	#Lazy negative update of non local instances: 0.000000
	#Perturbation interrupting time advance: 0.000000
