# time 'Cases' 'Susceptible' 'Exposed' 'Infected' 'Removed' 'Deads'
 0.000000E+00 10 100000 0 10 0 0
 4.000000E+00 13 99994 4 2 2 5
 8.000000E+00 13 99993 5 1 2 5
 1.200000E+01 14 99993 4 2 2 6
 1.600000E+01 16 99988 6 2 2 6
 2.000000E+01 20 99985 9 2 2 7
 2.400000E+01 20 99984 9 1 2 8
 2.800000E+01 22 99983 12 0 2 8
 3.200000E+01 25 99983 8 7 2 8
 3.600000E+01 33 99977 10 7 3 13
 4.000000E+01 35 99970 9 6 3 17
 4.400000E+01 36 99965 10 6 3 17
 4.800000E+01 45 99960 17 6 3 19
 5.200000E+01 46 99955 13 6 4 23
 5.600000E+01 55 99947 18 5 6 26
 6.000000E+01 60 99944 17 5 10 28
 6.400000E+01 62 99936 14 9 10 29
 6.800000E+01 76 99924 24 8 11 33
 7.200000E+01 86 99914 32 6 11 37
 7.600000E+01 89 99906 27 11 12 39
 8.000000E+01 94 99897 29 6 15 44
 8.400000E+01 92 99892 21 8 18 45
 8.800000E+01 112 99887 28 15 20 49
 9.200000E+01 113 99877 23 11 24 55
 9.600000E+01 128 99858 31 12 26 59
 1.000000E+02 133 99850 28 14 27 64
 1.040000E+02 145 99839 29 12 29 75
 1.080000E+02 152 99832 32 6 32 82
 1.120000E+02 159 99826 24 13 33 89
 1.160000E+02 163 99817 22 11 36 94
 1.200000E+02 181 99807 33 12 38 98
 1.240000E+02 180 99802 28 11 40 101
 1.280000E+02 198 99795 27 21 46 104
 1.320000E+02 220 99780 39 17 51 113
 1.360000E+02 231 99768 40 16 55 120
 1.400000E+02 234 99762 35 8 58 133
 1.440000E+02 236 99755 31 6 59 140
 1.480000E+02 245 99750 21 15 62 147
 1.520000E+02 258 99743 27 9 68 154
 1.560000E+02 265 99737 24 13 70 158
 1.600000E+02 266 99733 21 9 72 164
 1.640000E+02 269 99730 18 8 76 167
 1.680000E+02 277 99724 18 14 76 169
 1.720000E+02 281 99719 17 13 77 174
 1.760000E+02 283 99717 13 11 81 178
 1.800000E+02 286 99711 12 11 81 182
 1.840000E+02 293 99710 15 9 83 186
 1.880000E+02 293 99709 6 11 86 190
 1.920000E+02 296 99706 7 9 88 192
 1.960000E+02 298 99704 7 6 90 195
 2.000000E+02 299 99702 6 5 91 197

#Simulation ended (eff.: 0.989197, detail below)
	#Events: 90835
	#Valid embedding but no longer unary when required: 0.000000
	#Valid embedding but not binary when required: 0.000000
	#Clashing instance: 0.000000
	#Lazy negative update: 1.000000
	#Lazy negative update of non local instances: 0.000000
	#Perturbation interrupting time advance: 0.000000
