# time 'Cases' 'Susceptible' 'Exposed' 'Infected' 'Removed' 'Deads'
 0.000000E+00 0 15800 0 0 0 0
 4.000000E+00 1 15800 1 0 0 0
 8.000000E+00 5 15800 4 1 0 0
 1.200000E+01 4 15799 3 1 0 0
 1.600000E+01 7 15797 5 1 0 1
 2.000000E+01 9 15796 7 0 0 2
 2.400000E+01 6 15795 3 0 1 2
 2.800000E+01 10 15795 7 0 1 2
 3.200000E+01 11 15795 8 0 1 2
 3.600000E+01 11 15795 6 2 1 2
 4.000000E+01 12 15793 6 2 2 2
 4.400000E+01 18 15787 9 5 2 2
 4.800000E+01 15 15785 5 5 2 3
 5.200000E+01 25 15777 13 5 2 5
 5.600000E+01 26 15775 13 6 2 5
 6.000000E+01 27 15774 13 6 2 6
 6.400000E+01 29 15773 12 4 4 9
 6.800000E+01 31 15767 9 4 5 13
 7.200000E+01 35 15764 13 2 7 13
 7.600000E+01 28 15763 5 2 7 14
 8.000000E+01 35 15761 7 5 8 15
 8.400000E+01 41 15758 11 6 8 16
 8.800000E+01 38 15756 7 5 8 18
 9.200000E+01 46 15751 14 4 9 19
 9.600000E+01 42 15750 6 7 9 20
 1.000000E+02 49 15746 11 6 10 22
 1.040000E+02 54 15742 13 8 10 23
 1.080000E+02 49 15738 7 2 13 27
 1.120000E+02 53 15738 7 5 13 28
 1.160000E+02 68 15736 19 4 16 29
 1.200000E+02 79 15735 23 8 18 30
 1.240000E+02 83 15728 20 8 23 32
 1.280000E+02 76 15723 13 5 23 35
 1.320000E+02 84 15720 19 4 23 38
 1.360000E+02 83 15718 14 6 23 40
 1.400000E+02 93 15714 19 6 23 45
 1.440000E+02 95 15711 13 9 24 49
 1.480000E+02 97 15710 13 6 27 51
 1.520000E+02 103 15707 14 7 28 54
 1.560000E+02 110 15703 13 9 30 58
 1.600000E+02 122 15700 17 8 33 64
 1.640000E+02 122 15700 13 8 34 67
 1.680000E+02 129 15697 17 4 36 72
 1.720000E+02 129 15696 12 6 36 75
 1.760000E+02 142 15692 17 8 38 79
 1.800000E+02 139 15690 8 7 41 83
 1.840000E+02 145 15687 9 7 41 88
 1.880000E+02 147 15682 10 6 41 90
 1.920000E+02 145 15682 8 5 41 91
 1.960000E+02 142 15681 5 2 42 93
 2.000000E+02 146 15681 7 0 43 96

#Simulation ended (eff.: 0.953354, detail below)
	#Events: 16330
	#Valid embedding but no longer unary when required: 0.000000
	#Valid embedding but not binary when required: 0.000000
	#Clashing instance: 0.000000
	#Lazy negative update: 1.000000
	#Lazy negative update of non local instances: 0.000000
	#Perturbation interrupting time advance: 0.000000
