# time 'Cases' 'Susceptible' 'Exposed' 'Infected' 'Removed' 'Deads'
 0.000000E+00 0 15800 0 0 0 0
 4.000000E+00 4 15800 4 0 0 0
 8.000000E+00 3 15800 3 0 0 0
 1.200000E+01 6 15797 5 0 0 1
 1.600000E+01 9 15796 5 3 0 1
 2.000000E+01 6 15795 2 1 0 3
 2.400000E+01 7 15795 4 0 0 3
 2.800000E+01 9 15795 5 1 0 3
 3.200000E+01 12 15795 8 1 0 3
 3.600000E+01 9 15793 4 1 0 4
 4.000000E+01 15 15789 8 3 0 4
 4.400000E+01 16 15785 9 1 0 6
 4.800000E+01 15 15783 6 3 0 6
 5.200000E+01 19 15783 9 0 1 9
 5.600000E+01 23 15782 12 1 1 9
 6.000000E+01 24 15781 11 2 1 10
 6.400000E+01 22 15779 7 1 1 13
 6.800000E+01 32 15776 13 4 1 14
 7.200000E+01 32 15772 12 4 1 15
 7.600000E+01 29 15768 8 3 1 17
 8.000000E+01 30 15764 8 3 1 18
 8.400000E+01 43 15760 18 6 1 18
 8.800000E+01 48 15754 21 5 3 19
 9.200000E+01 58 15750 22 11 4 21
 9.600000E+01 59 15741 20 9 4 26
 1.000000E+02 65 15732 26 7 5 27
 1.040000E+02 61 15729 18 4 6 33
 1.080000E+02 83 15726 30 7 8 38
 1.120000E+02 82 15718 27 7 8 40
 1.160000E+02 89 15708 23 10 12 44
 1.200000E+02 100 15700 27 11 14 48
 1.240000E+02 106 15694 26 13 14 53
 1.280000E+02 120 15687 31 10 16 63
 1.320000E+02 132 15681 26 14 20 72
 1.360000E+02 138 15674 28 13 22 75
 1.400000E+02 148 15670 27 15 25 81
 1.440000E+02 151 15661 24 14 27 86
 1.480000E+02 159 15648 23 14 32 90
 1.520000E+02 171 15636 30 13 34 94
 1.560000E+02 174 15625 27 12 34 101
 1.600000E+02 184 15623 30 10 38 106
 1.640000E+02 184 15617 24 6 41 113
 1.680000E+02 204 15606 32 12 43 117
 1.720000E+02 210 15594 31 11 47 121
 1.760000E+02 219 15586 34 8 52 125
 1.800000E+02 226 15581 27 15 55 129
 1.840000E+02 237 15576 29 12 60 136
 1.880000E+02 248 15566 28 16 63 141
 1.920000E+02 249 15559 26 11 66 146
 1.960000E+02 251 15558 19 12 66 154
 2.000000E+02 250 15555 15 8 70 157

#Simulation ended (eff.: 0.946531, detail below)
	#Events: 17968
	#Valid embedding but no longer unary when required: 0.000000
	#Valid embedding but not binary when required: 0.000000
	#Clashing instance: 0.000000
	#Lazy negative update: 1.000000
	#Lazy negative update of non local instances: 0.000000
	#Perturbation interrupting time advance: 0.000000
