# time 'Cases' 'Susceptible' 'Exposed' 'Infected' 'Removed' 'Deads'
 0.000000E+00 0 7000 0 0 0 0
 4.000000E+00 1 7000 1 0 0 0
 8.000000E+00 2 7000 2 0 0 0
 1.200000E+01 2 7000 2 0 0 0
 1.600000E+01 2 7000 2 0 0 0
 2.000000E+01 2 7000 2 0 0 0
 2.400000E+01 4 7000 3 0 0 1
 2.800000E+01 5 6999 3 0 0 2
 3.200000E+01 7 6999 4 1 0 2
 3.600000E+01 10 6996 7 1 0 2
 4.000000E+01 8 6995 4 2 0 2
 4.400000E+01 16 6994 11 1 0 4
 4.800000E+01 11 6992 5 2 0 4
 5.200000E+01 19 6989 14 0 1 4
 5.600000E+01 16 6988 9 2 1 4
 6.000000E+01 18 6985 8 2 2 6
 6.400000E+01 21 6985 10 0 3 8
 6.800000E+01 23 6984 9 3 3 8
 7.200000E+01 35 6980 17 7 3 8
 7.600000E+01 34 6976 16 6 4 8
 8.000000E+01 32 6973 15 5 4 8
 8.400000E+01 33 6969 16 4 4 9
 8.800000E+01 40 6964 18 9 4 9
 9.200000E+01 32 6958 9 6 5 12
 9.600000E+01 49 6950 26 5 6 12
 1.000000E+02 44 6950 23 2 6 13
 1.040000E+02 40 6949 14 5 7 14
 1.080000E+02 55 6946 26 7 7 15
 1.120000E+02 46 6942 10 8 10 18
 1.160000E+02 53 6937 17 4 10 22
 1.200000E+02 61 6933 18 8 11 24
 1.240000E+02 66 6927 20 9 13 24
 1.280000E+02 71 6921 14 12 16 29
 1.320000E+02 78 6908 18 10 16 34
 1.360000E+02 76 6903 13 8 18 37
 1.400000E+02 85 6898 23 4 19 39
 1.440000E+02 94 6894 22 11 20 41
 1.480000E+02 94 6887 18 9 24 43
 1.520000E+02 97 6884 19 4 26 48
 1.560000E+02 91 6882 12 4 26 49
 1.600000E+02 95 6880 15 3 26 51
 1.640000E+02 104 6876 21 5 27 51
 1.680000E+02 106 6876 23 3 28 52
 1.720000E+02 106 6873 19 5 28 54
 1.760000E+02 114 6870 20 6 32 56
 1.800000E+02 106 6868 12 4 32 58
 1.840000E+02 107 6864 11 5 32 59
 1.880000E+02 110 6863 12 4 34 60
 1.920000E+02 110 6861 10 3 35 62
 1.960000E+02 106 6861 6 2 35 63
 2.000000E+02 105 6861 6 0 35 64

#Simulation ended (eff.: 0.885518, detail below)
	#Events: 9661
	#Valid embedding but no longer unary when required: 0.000000
	#Valid embedding but not binary when required: 0.000000
	#Clashing instance: 0.000000
	#Lazy negative update: 1.000000
	#Lazy negative update of non local instances: 0.000000
	#Perturbation interrupting time advance: 0.000000
