# time 'Cases' 'Susceptible' 'Exposed' 'Infected' 'Removed' 'Deads'
 0.000000E+00 0 1580 0 0 0 0
 4.000000E+00 1 1580 0 1 0 0
 8.000000E+00 3 1579 1 2 0 0
 1.200000E+01 6 1577 4 0 0 2
 1.600000E+01 3 1577 1 0 0 2
 2.000000E+01 6 1577 3 0 1 2
 2.400000E+01 10 1577 5 1 1 3
 2.800000E+01 6 1576 1 1 1 3
 3.200000E+01 11 1574 3 3 2 3
 3.600000E+01 10 1573 3 2 2 3
 4.000000E+01 19 1572 11 1 3 4
 4.400000E+01 18 1567 8 3 3 4
 4.800000E+01 25 1564 13 4 3 5
 5.200000E+01 22 1563 8 1 5 8
 5.600000E+01 25 1561 9 2 6 8
 6.000000E+01 33 1559 14 5 6 8
 6.400000E+01 35 1555 14 5 6 10
 6.800000E+01 28 1552 8 3 6 11
 7.200000E+01 32 1550 8 3 7 14
 7.600000E+01 41 1547 15 3 7 16
 8.000000E+01 36 1546 8 5 7 16
 8.400000E+01 50 1541 13 12 7 18
 8.800000E+01 54 1531 14 5 10 25
 9.200000E+01 50 1526 9 5 10 26
 9.600000E+01 64 1524 22 5 10 27
 1.000000E+02 59 1524 14 4 11 30
 1.040000E+02 60 1523 10 5 12 33
 1.080000E+02 66 1522 12 5 13 36
 1.120000E+02 69 1515 13 5 14 37
 1.160000E+02 64 1513 4 5 14 41
 1.200000E+02 71 1510 6 6 14 45
 1.240000E+02 80 1507 10 7 17 46
 1.280000E+02 82 1506 10 3 20 49
 1.320000E+02 86 1505 10 4 20 52
 1.360000E+02 87 1504 8 5 21 53
 1.400000E+02 94 1502 12 5 21 56
 1.440000E+02 89 1501 7 3 21 58
 1.480000E+02 91 1500 8 3 21 59
 1.520000E+02 95 1500 9 4 22 60
 1.560000E+02 96 1499 7 5 24 60
 1.600000E+02 97 1495 8 4 24 61
 1.640000E+02 103 1489 11 5 25 62
 1.680000E+02 102 1484 7 6 27 62
 1.720000E+02 104 1478 6 5 28 65
 1.760000E+02 112 1477 11 4 29 68
 1.800000E+02 117 1473 10 5 31 71
 1.840000E+02 118 1472 8 5 31 74
 1.880000E+02 116 1470 6 2 32 76
 1.920000E+02 122 1468 10 3 32 77
 1.960000E+02 119 1462 6 0 36 77
 2.000000E+02 127 1460 9 5 36 77

#Simulation ended (eff.: 0.848051, detail below)
	#Events: 3438
	#Valid embedding but no longer unary when required: 0.000000
	#Valid embedding but not binary when required: 0.000000
	#Clashing instance: 0.000000
	#Lazy negative update: 1.000000
	#Lazy negative update of non local instances: 0.000000
	#Perturbation interrupting time advance: 0.000000
