# time 'Cases' 'Susceptible' 'Exposed' 'Infected' 'Removed' 'Deads'
 0.000000E+00 0 1580 0 0 0 0
 4.000000E+00 1 1580 1 0 0 0
 8.000000E+00 2 1580 2 0 0 0
 1.200000E+01 3 1580 3 0 0 0
 1.600000E+01 3 1580 3 0 0 0
 2.000000E+01 3 1578 1 2 0 0
 2.400000E+01 4 1575 2 1 1 0
 2.800000E+01 7 1573 5 1 1 0
 3.200000E+01 9 1572 5 1 2 1
 3.600000E+01 10 1570 5 2 2 1
 4.000000E+01 12 1570 8 1 2 1
 4.400000E+01 13 1564 7 1 3 2
 4.800000E+01 17 1559 9 2 4 2
 5.200000E+01 20 1558 9 4 4 3
 5.600000E+01 18 1558 4 4 7 3
 6.000000E+01 25 1554 7 4 7 7
 6.400000E+01 27 1551 9 2 8 8
 6.800000E+01 25 1548 8 1 8 8
 7.200000E+01 28 1547 5 4 10 9
 7.600000E+01 30 1543 8 0 10 12
 8.000000E+01 27 1543 3 2 10 12
 8.400000E+01 37 1541 9 4 10 14
 8.800000E+01 33 1540 5 1 12 15
 9.200000E+01 38 1538 8 2 12 16
 9.600000E+01 34 1538 2 4 12 16
 1.000000E+02 42 1536 9 5 12 16
 1.040000E+02 39 1533 6 2 14 17
 1.080000E+02 43 1530 9 1 14 19
 1.120000E+02 47 1527 8 5 15 19
 1.160000E+02 50 1526 8 6 15 21
 1.200000E+02 55 1526 11 3 18 23
 1.240000E+02 54 1525 8 5 18 23
 1.280000E+02 60 1522 13 2 18 27
 1.320000E+02 66 1521 14 3 19 30
 1.360000E+02 67 1514 11 6 19 31
 1.400000E+02 72 1512 13 6 20 33
 1.440000E+02 73 1507 13 4 22 34
 1.480000E+02 72 1506 11 2 24 35
 1.520000E+02 78 1505 13 3 25 37
 1.560000E+02 78 1503 9 4 26 39
 1.600000E+02 85 1501 12 5 26 42
 1.640000E+02 88 1501 14 1 28 45
 1.680000E+02 89 1500 12 3 28 46
 1.720000E+02 86 1495 7 3 29 47
 1.760000E+02 90 1494 7 4 31 48
 1.800000E+02 94 1494 9 3 33 49
 1.840000E+02 94 1492 7 4 33 50
 1.880000E+02 102 1490 11 3 34 54
 1.920000E+02 95 1488 5 1 34 55
 1.960000E+02 97 1486 5 2 34 56
 2.000000E+02 96 1486 3 3 34 56

#Simulation ended (eff.: 0.847392, detail below)
	#Events: 3054
	#Valid embedding but no longer unary when required: 0.000000
	#Valid embedding but not binary when required: 0.000000
	#Clashing instance: 0.000000
	#Lazy negative update: 1.000000
	#Lazy negative update of non local instances: 0.000000
	#Perturbation interrupting time advance: 0.000000
