# time 'Cases' 'Susceptible' 'Exposed' 'Infected' 'Removed' 'Deads'
 0.000000E+00 10 100000 0 10 0 0
 4.000000E+00 10 99993 3 3 0 4
 8.000000E+00 14 99991 6 3 0 5
 1.200000E+01 14 99990 5 2 1 6
 1.600000E+01 16 99988 6 2 1 7
 2.000000E+01 22 99986 10 3 2 7
 2.400000E+01 21 99978 8 1 2 10
 2.800000E+01 23 99975 9 1 3 10
 3.200000E+01 30 99972 12 4 3 11
 3.600000E+01 36 99967 12 8 3 13
 4.000000E+01 36 99957 9 8 3 16
 4.400000E+01 44 99952 16 4 5 19
 4.800000E+01 48 99949 16 5 6 21
 5.200000E+01 51 99946 16 6 8 21
 5.600000E+01 49 99941 10 8 8 23
 6.000000E+01 70 99933 23 10 10 27
 6.400000E+01 77 99918 27 7 11 32
 6.800000E+01 82 99917 25 11 12 34
 7.200000E+01 93 99906 28 13 14 38
 7.600000E+01 100 99897 29 10 16 45
 8.000000E+01 99 99894 24 8 17 50
 8.400000E+01 116 99889 34 12 19 51
 8.800000E+01 123 99882 34 9 25 55
 9.200000E+01 127 99874 30 9 27 61
 9.600000E+01 136 99869 28 10 32 66
 1.000000E+02 147 99858 34 9 33 71
 1.040000E+02 151 99851 26 11 35 79
 1.080000E+02 156 99845 23 10 38 85
 1.120000E+02 161 99840 21 11 40 89
 1.160000E+02 175 99831 25 14 41 95
 1.200000E+02 185 99820 25 19 42 99
 1.240000E+02 198 99813 34 13 49 102
 1.280000E+02 197 99809 29 10 52 106
 1.320000E+02 209 99803 28 12 53 116
 1.360000E+02 230 99791 37 15 56 122
 1.400000E+02 228 99783 22 16 59 131
 1.440000E+02 244 99767 33 10 63 138
 1.480000E+02 250 99764 29 15 64 142
 1.520000E+02 270 99753 38 14 69 149
 1.560000E+02 276 99745 31 16 72 157
 1.600000E+02 281 99741 27 15 75 164
 1.640000E+02 292 99730 30 12 78 172
 1.680000E+02 295 99726 24 17 80 174
 1.720000E+02 309 99714 30 16 84 179
 1.760000E+02 307 99714 23 13 87 184
 1.800000E+02 305 99708 15 12 88 190
 1.840000E+02 317 99701 17 17 90 193
 1.880000E+02 329 99696 23 15 90 201
 1.920000E+02 327 99692 14 17 91 205
 1.960000E+02 338 99686 21 15 96 206
 2.000000E+02 339 99680 18 11 97 213

#Simulation ended (eff.: 0.988761, detail below)
	#Events: 91495
	#Valid embedding but no longer unary when required: 0.000000
	#Valid embedding but not binary when required: 0.000000
	#Clashing instance: 0.000000
	#Lazy negative update: 1.000000
	#Lazy negative update of non local instances: 0.000000
	#Perturbation interrupting time advance: 0.000000
