# time 'Cases' 'Susceptible' 'Exposed' 'Infected' 'Removed' 'Deads'
 0.000000E+00 0 1580 0 0 0 0
 4.000000E+00 1 1580 1 0 0 0
 8.000000E+00 3 1580 3 0 0 0
 1.200000E+01 7 1580 7 0 0 0
 1.600000E+01 2 1580 0 1 0 1
 2.000000E+01 4 1579 2 1 0 1
 2.400000E+01 9 1577 6 2 0 1
 2.800000E+01 9 1574 5 2 1 1
 3.200000E+01 9 1573 4 1 1 3
 3.600000E+01 12 1571 4 4 1 3
 4.000000E+01 16 1568 8 2 1 5
 4.400000E+01 14 1566 3 2 2 7
 4.800000E+01 12 1566 2 0 2 8
 5.200000E+01 16 1566 4 2 2 8
 5.600000E+01 15 1565 4 0 3 8
 6.000000E+01 18 1560 3 2 4 9
 6.400000E+01 21 1559 5 2 4 10
 6.800000E+01 26 1558 9 2 4 11
 7.200000E+01 28 1552 6 2 5 15
 7.600000E+01 34 1550 9 2 6 17
 8.000000E+01 37 1545 9 3 7 18
 8.400000E+01 41 1543 12 2 8 19
 8.800000E+01 40 1541 12 1 8 19
 9.200000E+01 39 1540 8 1 9 21
 9.600000E+01 38 1540 7 1 9 21
 1.000000E+02 45 1538 10 4 10 21
 1.040000E+02 44 1535 8 3 10 23
 1.080000E+02 50 1532 11 3 11 25
 1.120000E+02 52 1531 7 6 13 26
 1.160000E+02 59 1528 12 6 14 27
 1.200000E+02 55 1526 8 4 14 29
 1.240000E+02 60 1525 11 4 15 30
 1.280000E+02 65 1523 10 4 16 35
 1.320000E+02 76 1521 15 6 20 35
 1.360000E+02 73 1516 11 4 21 37
 1.400000E+02 80 1514 15 7 21 37
 1.440000E+02 77 1512 10 5 22 40
 1.480000E+02 75 1510 4 5 24 42
 1.520000E+02 78 1510 5 4 25 44
 1.560000E+02 79 1509 6 1 25 47
 1.600000E+02 82 1506 6 2 26 48
 1.640000E+02 82 1506 5 3 26 48
 1.680000E+02 86 1504 5 5 27 49
 1.720000E+02 89 1502 7 5 27 50
 1.760000E+02 86 1501 4 3 27 52
 1.800000E+02 92 1498 6 3 27 56
 1.840000E+02 86 1498 1 2 27 56
 1.880000E+02 92 1497 7 1 27 57
 1.920000E+02 90 1497 3 3 27 57
 1.960000E+02 93 1495 3 4 27 59
 2.000000E+02 98 1492 7 1 27 63

#Simulation ended (eff.: 0.844156, detail below)
	#Events: 3055
	#Valid embedding but no longer unary when required: 0.000000
	#Valid embedding but not binary when required: 0.000000
	#Clashing instance: 0.000000
	#Lazy negative update: 1.000000
	#Lazy negative update of non local instances: 0.000000
	#Perturbation interrupting time advance: 0.000000
