# time 'Cases' 'Susceptible' 'Exposed' 'Infected' 'Removed' 'Deads'
 0.000000E+00 0 15800 0 0 0 0
 4.000000E+00 1 15800 1 0 0 0
 8.000000E+00 2 15800 1 1 0 0
 1.200000E+01 1 15800 0 0 0 1
 1.600000E+01 4 15800 3 0 0 1
 2.000000E+01 7 15800 5 1 0 1
 2.400000E+01 4 15800 3 0 0 1
 2.800000E+01 1 15800 0 0 0 1
 3.200000E+01 2 15800 1 0 0 1
 3.600000E+01 2 15800 0 1 0 1
 4.000000E+01 4 15797 2 1 0 1
 4.400000E+01 3 15794 1 0 0 2
 4.800000E+01 6 15794 4 0 0 2
 5.200000E+01 5 15794 3 0 0 2
 5.600000E+01 12 15792 9 0 0 3
 6.000000E+01 9 15792 6 0 0 3
 6.400000E+01 7 15792 3 1 0 3
 6.800000E+01 13 15791 6 3 1 3
 7.200000E+01 11 15788 5 1 1 4
 7.600000E+01 11 15785 6 0 1 4
 8.000000E+01 16 15784 8 3 1 4
 8.400000E+01 15 15781 6 2 1 6
 8.800000E+01 15 15781 4 3 2 6
 9.200000E+01 13 15780 2 3 2 6
 9.600000E+01 19 15778 7 3 2 7
 1.000000E+02 21 15776 7 3 2 9
 1.040000E+02 19 15776 3 3 2 11
 1.080000E+02 22 15776 5 4 2 11
 1.120000E+02 22 15775 7 0 2 13
 1.160000E+02 25 15772 7 2 2 14
 1.200000E+02 24 15772 3 4 3 14
 1.240000E+02 27 15772 4 3 5 15
 1.280000E+02 33 15770 5 4 5 19
 1.320000E+02 34 15767 6 3 6 19
 1.360000E+02 33 15766 5 0 8 20
 1.400000E+02 34 15766 6 0 8 20
 1.440000E+02 33 15766 3 0 8 22
 1.480000E+02 34 15766 2 1 8 23
 1.520000E+02 34 15764 2 1 8 23
 1.560000E+02 37 15764 4 2 8 23
 1.600000E+02 36 15763 3 2 8 23
 1.640000E+02 35 15762 2 2 8 23
 1.680000E+02 36 15761 2 2 8 24
 1.720000E+02 34 15761 0 0 9 25
 1.760000E+02 37 15761 2 1 9 25
 1.800000E+02 38 15761 0 1 11 26
 1.840000E+02 40 15761 1 2 11 26
 1.880000E+02 41 15761 3 1 11 26
 1.920000E+02 39 15761 1 0 12 26
 1.960000E+02 40 15761 2 0 12 26
 2.000000E+02 40 15761 1 1 12 26

#Simulation ended (eff.: 0.968006, detail below)
	#Events: 14553
	#Valid embedding but no longer unary when required: 0.000000
	#Valid embedding but not binary when required: 0.000000
	#Clashing instance: 0.000000
	#Lazy negative update: 1.000000
	#Lazy negative update of non local instances: 0.000000
	#Perturbation interrupting time advance: 0.000000
