# time 'Cases' 'Susceptible' 'Exposed' 'Infected' 'Removed' 'Deads'
 0.000000E+00 0 4700 0 0 0 0
 4.000000E+00 0 4700 0 0 0 0
 8.000000E+00 3 4700 3 0 0 0
 1.200000E+01 2 4700 2 0 0 0
 1.600000E+01 3 4699 2 1 0 0
 2.000000E+01 1 4699 0 0 0 1
 2.400000E+01 3 4698 2 0 0 1
 2.800000E+01 4 4698 1 1 0 2
 3.200000E+01 10 4697 5 2 0 3
 3.600000E+01 7 4695 2 1 1 3
 4.000000E+01 11 4693 5 2 1 3
 4.400000E+01 13 4690 7 2 1 3
 4.800000E+01 10 4686 4 1 1 4
 5.200000E+01 9 4685 2 1 1 5
 5.600000E+01 8 4685 1 1 1 5
 6.000000E+01 13 4685 5 1 1 6
 6.400000E+01 12 4684 2 1 2 7
 6.800000E+01 14 4684 3 1 3 7
 7.200000E+01 18 4684 6 2 3 7
 7.600000E+01 19 4680 5 1 3 10
 8.000000E+01 19 4679 5 1 3 10
 8.400000E+01 18 4679 3 2 3 10
 8.800000E+01 21 4677 4 2 3 12
 9.200000E+01 24 4675 5 4 3 12
 9.600000E+01 25 4675 7 1 3 14
 1.000000E+02 24 4673 7 0 3 14
 1.040000E+02 28 4673 10 1 3 14
 1.080000E+02 26 4673 7 0 4 15
 1.120000E+02 25 4673 6 0 4 15
 1.160000E+02 31 4673 10 1 4 16
 1.200000E+02 32 4672 10 0 5 17
 1.240000E+02 32 4670 6 3 6 17
 1.280000E+02 32 4670 5 3 6 18
 1.320000E+02 32 4669 1 3 7 21
 1.360000E+02 41 4666 9 2 7 23
 1.400000E+02 38 4666 5 3 7 23
 1.440000E+02 41 4666 5 4 8 24
 1.480000E+02 48 4665 11 4 8 25
 1.520000E+02 47 4659 9 4 9 25
 1.560000E+02 46 4658 8 3 9 26
 1.600000E+02 47 4657 5 6 9 27
 1.640000E+02 50 4655 9 2 9 30
 1.680000E+02 48 4654 5 2 10 31
 1.720000E+02 52 4652 7 1 10 34
 1.760000E+02 53 4651 7 1 11 34
 1.800000E+02 56 4651 7 2 11 36
 1.840000E+02 53 4650 3 2 12 36
 1.880000E+02 55 4649 5 0 13 37
 1.920000E+02 54 4649 2 2 13 37
 1.960000E+02 54 4649 0 2 14 38
 2.000000E+02 56 4649 2 2 14 38

#Simulation ended (eff.: 0.904100, detail below)
	#Events: 5270
	#Valid embedding but no longer unary when required: 0.000000
	#Valid embedding but not binary when required: 0.000000
	#Clashing instance: 0.000000
	#Lazy negative update: 1.000000
	#Lazy negative update of non local instances: 0.000000
	#Perturbation interrupting time advance: 0.000000
