# time 'Cases' 'Susceptible' 'Exposed' 'Infected' 'Removed' 'Deads'
 0.000000E+00 10 100000 0 10 0 0
 4.000000E+00 12 99995 5 2 2 3
 8.000000E+00 14 99990 7 1 2 4
 1.200000E+01 19 99990 10 3 2 4
 1.600000E+01 16 99986 5 3 3 5
 2.000000E+01 23 99985 11 3 3 6
 2.400000E+01 23 99982 6 5 3 9
 2.800000E+01 22 99979 4 3 4 11
 3.200000E+01 35 99973 13 3 7 12
 3.600000E+01 32 99973 10 2 7 13
 4.000000E+01 40 99971 12 7 7 14
 4.400000E+01 37 99971 4 9 9 15
 4.800000E+01 42 99966 9 8 10 15
 5.200000E+01 50 99960 14 8 12 16
 5.600000E+01 52 99954 14 6 13 19
 6.000000E+01 65 99951 25 7 14 19
 6.400000E+01 65 99943 18 7 14 26
 6.800000E+01 75 99934 25 9 15 26
 7.200000E+01 83 99928 25 9 18 31
 7.600000E+01 93 99922 24 13 20 36
 8.000000E+01 97 99915 21 9 24 43
 8.400000E+01 107 99904 24 11 26 46
 8.800000E+01 114 99899 28 7 28 51
 9.200000E+01 122 99895 29 9 30 54
 9.600000E+01 137 99882 31 12 35 59
 1.000000E+02 142 99876 27 15 38 62
 1.040000E+02 147 99866 27 9 45 66
 1.080000E+02 160 99859 28 11 48 73
 1.120000E+02 168 99854 32 8 52 76
 1.160000E+02 173 99846 26 13 54 80
 1.200000E+02 186 99833 30 15 59 82
 1.240000E+02 197 99823 35 9 67 86
 1.280000E+02 211 99812 39 12 67 93
 1.320000E+02 215 99804 33 15 72 95
 1.360000E+02 223 99794 29 13 78 103
 1.400000E+02 236 99785 33 10 80 113
 1.440000E+02 246 99774 28 14 85 119
 1.480000E+02 251 99766 24 12 89 126
 1.520000E+02 249 99761 17 7 91 134
 1.560000E+02 260 99758 23 11 91 135
 1.600000E+02 266 99757 23 10 92 141
 1.640000E+02 269 99751 16 8 95 150
 1.680000E+02 277 99745 15 10 95 157
 1.720000E+02 281 99742 15 7 96 163
 1.760000E+02 281 99737 13 7 96 165
 1.800000E+02 284 99736 16 2 97 169
 1.840000E+02 287 99735 14 7 97 169
 1.880000E+02 287 99732 9 4 98 176
 1.920000E+02 289 99730 8 4 99 178
 1.960000E+02 292 99726 7 6 100 179
 2.000000E+02 291 99725 3 7 102 179

#Simulation ended (eff.: 0.988917, detail below)
	#Events: 90392
	#Valid embedding but no longer unary when required: 0.000000
	#Valid embedding but not binary when required: 0.000000
	#Clashing instance: 0.000000
	#Lazy negative update: 1.000000
	#Lazy negative update of non local instances: 0.000000
	#Perturbation interrupting time advance: 0.000000
