# time 'Cases' 'Susceptible' 'Exposed' 'Infected' 'Removed' 'Deads'
 0.000000E+00 10 100000 0 10 0 0
 4.000000E+00 14 99995 5 5 0 4
 8.000000E+00 16 99989 7 3 0 6
 1.200000E+01 17 99986 8 2 0 7
 1.600000E+01 20 99985 10 3 0 7
 2.000000E+01 28 99979 14 6 0 8
 2.400000E+01 27 99972 11 5 2 9
 2.800000E+01 42 99966 24 7 2 9
 3.200000E+01 46 99962 24 6 3 13
 3.600000E+01 51 99957 23 9 3 16
 4.000000E+01 65 99943 30 9 6 20
 4.400000E+01 69 99938 29 10 8 22
 4.800000E+01 89 99930 38 13 12 26
 5.200000E+01 81 99923 20 14 13 34
 5.600000E+01 98 99908 31 13 14 40
 6.000000E+01 111 99895 38 13 17 43
 6.400000E+01 117 99885 38 10 20 49
 6.800000E+01 133 99869 41 15 20 57
 7.200000E+01 147 99853 41 18 23 65
 7.600000E+01 164 99837 50 17 27 70
 8.000000E+01 185 99816 58 23 29 75
 8.400000E+01 197 99799 57 21 35 84
 8.800000E+01 205 99782 50 19 41 95
 9.200000E+01 218 99772 49 20 44 105
 9.600000E+01 232 99757 52 20 48 112
 1.000000E+02 250 99740 57 20 54 119
 1.040000E+02 273 99724 62 21 60 130
 1.080000E+02 291 99712 59 25 63 144
 1.120000E+02 321 99692 63 35 66 157
 1.160000E+02 347 99658 70 31 75 171
 1.200000E+02 367 99637 70 25 82 190
 1.240000E+02 383 99616 73 20 89 201
 1.280000E+02 400 99603 70 24 94 212
 1.320000E+02 417 99589 63 29 106 219
 1.360000E+02 439 99561 61 33 112 233
 1.400000E+02 467 99539 72 33 115 247
 1.440000E+02 489 99513 63 47 118 261
 1.480000E+02 528 99486 79 33 131 285
 1.520000E+02 543 99470 74 28 138 303
 1.560000E+02 556 99458 64 32 144 316
 1.600000E+02 574 99441 57 39 151 327
 1.640000E+02 604 99418 67 39 159 339
 1.680000E+02 606 99403 54 33 164 355
 1.720000E+02 635 99386 61 30 172 372
 1.760000E+02 645 99365 56 28 175 386
 1.800000E+02 673 99347 52 39 181 401
 1.840000E+02 689 99337 59 24 189 417
 1.880000E+02 695 99326 50 22 196 427
 1.920000E+02 699 99314 36 24 203 436
 1.960000E+02 715 99300 40 22 206 447
 2.000000E+02 717 99293 33 23 209 452

#Simulation ended (eff.: 0.983870, detail below)
	#Events: 96377
	#Valid embedding but no longer unary when required: 0.000000
	#Valid embedding but not binary when required: 0.000000
	#Clashing instance: 0.000000
	#Lazy negative update: 1.000000
	#Lazy negative update of non local instances: 0.000000
	#Perturbation interrupting time advance: 0.000000
