# time 'Cases' 'Susceptible' 'Exposed' 'Infected' 'Removed' 'Deads'
 0.000000E+00 10 100000 0 10 0 0
 4.000000E+00 15 99989 6 3 1 5
 8.000000E+00 17 99986 8 1 1 7
 1.200000E+01 22 99983 12 2 1 7
 1.600000E+01 17 99980 6 1 2 8
 2.000000E+01 24 99977 10 2 2 10
 2.400000E+01 24 99975 7 5 2 10
 2.800000E+01 33 99965 12 6 4 11
 3.200000E+01 42 99959 19 4 6 13
 3.600000E+01 41 99956 15 4 7 15
 4.000000E+01 47 99951 18 4 7 18
 4.400000E+01 57 99943 20 10 8 19
 4.800000E+01 58 99936 20 6 9 23
 5.200000E+01 63 99928 17 9 11 26
 5.600000E+01 77 99922 25 12 11 29
 6.000000E+01 85 99910 28 9 14 34
 6.400000E+01 86 99905 23 11 16 36
 6.800000E+01 92 99900 21 12 20 39
 7.200000E+01 116 99891 35 16 22 43
 7.600000E+01 125 99872 39 10 26 50
 8.000000E+01 129 99856 28 15 30 56
 8.400000E+01 145 99844 40 10 32 63
 8.800000E+01 147 99835 33 11 35 68
 9.200000E+01 162 99823 36 13 39 74
 9.600000E+01 183 99811 46 14 42 81
 1.000000E+02 211 99792 53 21 47 90
 1.040000E+02 211 99785 44 18 53 96
 1.080000E+02 233 99773 50 17 62 104
 1.120000E+02 232 99764 34 17 64 117
 1.160000E+02 235 99757 32 11 69 123
 1.200000E+02 250 99752 30 22 74 124
 1.240000E+02 269 99739 36 21 78 134
 1.280000E+02 287 99721 39 21 82 145
 1.320000E+02 298 99706 38 18 90 152
 1.360000E+02 301 99697 32 17 91 161
 1.400000E+02 318 99684 38 18 93 169
 1.440000E+02 314 99679 27 12 96 179
 1.480000E+02 335 99672 33 21 96 185
 1.520000E+02 343 99666 28 29 97 189
 1.560000E+02 359 99649 32 23 100 204
 1.600000E+02 370 99639 35 19 107 209
 1.640000E+02 385 99624 40 16 112 217
 1.680000E+02 392 99613 42 12 115 223
 1.720000E+02 402 99602 40 17 117 228
 1.760000E+02 413 99593 40 10 124 239
 1.800000E+02 422 99584 34 18 126 244
 1.840000E+02 432 99576 35 19 129 249
 1.880000E+02 431 99563 27 15 129 260
 1.920000E+02 440 99559 25 17 132 266
 1.960000E+02 450 99551 26 16 137 271
 2.000000E+02 451 99544 22 9 141 279

#Simulation ended (eff.: 0.987631, detail below)
	#Events: 92943
	#Valid embedding but no longer unary when required: 0.000000
	#Valid embedding but not binary when required: 0.000000
	#Clashing instance: 0.000000
	#Lazy negative update: 1.000000
	#Lazy negative update of non local instances: 0.000000
	#Perturbation interrupting time advance: 0.000000
