# time 'Cases' 'Susceptible' 'Exposed' 'Infected' 'Removed' 'Deads'
 0.000000E+00 0 470 0 0 0 0
 4.000000E+00 1 470 0 1 0 0
 8.000000E+00 2 470 1 1 0 0
 1.200000E+01 1 469 1 0 0 0
 1.600000E+01 3 469 3 0 0 0
 2.000000E+01 1 469 1 0 0 0
 2.400000E+01 1 469 1 0 0 0
 2.800000E+01 6 465 3 2 0 1
 3.200000E+01 4 463 2 1 0 1
 3.600000E+01 7 462 6 0 0 1
 4.000000E+01 6 462 4 0 0 2
 4.400000E+01 13 460 9 1 0 3
 4.800000E+01 9 460 5 1 0 3
 5.200000E+01 10 460 6 0 0 4
 5.600000E+01 6 460 2 0 0 4
 6.000000E+01 10 460 5 0 1 4
 6.400000E+01 8 460 2 1 1 4
 6.800000E+01 12 460 7 0 1 4
 7.200000E+01 15 460 10 0 1 4
 7.600000E+01 11 460 4 1 1 5
 8.000000E+01 14 460 6 1 1 6
 8.400000E+01 16 459 7 0 2 7
 8.800000E+01 23 457 13 1 2 7
 9.200000E+01 22 453 10 3 2 7
 9.600000E+01 21 453 8 3 2 8
 1.000000E+02 23 453 9 1 2 11
 1.040000E+02 24 450 6 2 2 14
 1.080000E+02 24 449 6 1 2 15
 1.120000E+02 34 448 14 2 2 16
 1.160000E+02 33 447 11 1 2 19
 1.200000E+02 31 446 9 0 2 20
 1.240000E+02 30 445 7 0 2 21
 1.280000E+02 29 445 4 1 2 22
 1.320000E+02 34 444 9 1 2 22
 1.360000E+02 31 444 6 0 3 22
 1.400000E+02 36 444 8 1 4 23
 1.440000E+02 36 442 7 1 4 24
 1.480000E+02 36 442 6 2 4 24
 1.520000E+02 40 438 8 1 5 26
 1.560000E+02 43 435 8 2 5 28
 1.600000E+02 42 435 7 1 5 29
 1.640000E+02 43 434 5 2 5 31
 1.680000E+02 48 429 7 3 5 33
 1.720000E+02 47 428 8 1 5 33
 1.760000E+02 50 428 7 3 5 35
 1.800000E+02 51 425 5 5 5 36
 1.840000E+02 56 424 7 5 8 36
 1.880000E+02 52 424 3 2 10 37
 1.920000E+02 56 424 6 2 11 37
 1.960000E+02 54 424 4 1 11 38
 2.000000E+02 51 424 1 1 11 38

#Simulation ended (eff.: 0.749043, detail below)
	#Events: 1761
	#Valid embedding but no longer unary when required: 0.000000
	#Valid embedding but not binary when required: 0.000000
	#Clashing instance: 0.000000
	#Lazy negative update: 1.000000
	#Lazy negative update of non local instances: 0.000000
	#Perturbation interrupting time advance: 0.000000
