# time 'Cases' 'Susceptible' 'Exposed' 'Infected' 'Removed' 'Deads'
 0.000000E+00 0 470 0 0 0 0
 4.000000E+00 2 470 1 0 0 1
 8.000000E+00 6 467 4 1 0 1
 1.200000E+01 2 465 1 0 0 1
 1.600000E+01 2 465 1 0 0 1
 2.000000E+01 2 465 1 0 0 1
 2.400000E+01 1 465 0 0 0 1
 2.800000E+01 2 465 1 0 0 1
 3.200000E+01 5 465 4 0 0 1
 3.600000E+01 3 465 2 0 0 1
 4.000000E+01 2 465 1 0 0 1
 4.400000E+01 6 465 3 1 0 2
 4.800000E+01 5 464 2 1 0 2
 5.200000E+01 3 464 0 0 0 3
 5.600000E+01 5 464 2 0 0 3
 6.000000E+01 6 464 2 0 0 4
 6.400000E+01 9 464 5 0 0 4
 6.800000E+01 10 464 5 1 0 4
 7.200000E+01 7 464 1 1 1 4
 7.600000E+01 11 463 5 0 1 5
 8.000000E+01 11 463 5 0 1 5
 8.400000E+01 14 463 7 0 1 6
 8.800000E+01 11 463 3 1 1 6
 9.200000E+01 16 462 6 3 1 6
 9.600000E+01 16 459 6 2 1 7
 1.000000E+02 16 459 5 3 1 7
 1.040000E+02 17 458 5 3 2 7
 1.080000E+02 19 458 6 3 2 8
 1.120000E+02 23 457 10 2 2 9
 1.160000E+02 19 455 3 5 2 9
 1.200000E+02 26 451 9 2 4 11
 1.240000E+02 24 451 8 1 4 11
 1.280000E+02 29 451 12 2 4 11
 1.320000E+02 27 451 10 1 4 12
 1.360000E+02 27 449 7 2 5 13
 1.400000E+02 25 448 2 3 6 14
 1.440000E+02 31 446 7 2 7 15
 1.480000E+02 27 446 3 1 8 15
 1.520000E+02 27 445 3 1 8 15
 1.560000E+02 33 444 7 3 8 15
 1.600000E+02 31 441 3 4 8 16
 1.640000E+02 35 440 7 3 8 17
 1.680000E+02 36 440 9 1 8 18
 1.720000E+02 33 440 4 2 8 19
 1.760000E+02 35 440 4 1 8 22
 1.800000E+02 34 439 2 1 8 23
 1.840000E+02 38 439 6 1 8 23
 1.880000E+02 36 438 4 0 8 24
 1.920000E+02 38 438 2 3 9 24
 1.960000E+02 43 437 5 2 9 27
 2.000000E+02 38 436 1 1 9 27

#Simulation ended (eff.: 0.742702, detail below)
	#Events: 1501
	#Valid embedding but no longer unary when required: 0.000000
	#Valid embedding but not binary when required: 0.000000
	#Clashing instance: 0.000000
	#Lazy negative update: 1.000000
	#Lazy negative update of non local instances: 0.000000
	#Perturbation interrupting time advance: 0.000000
