# time 'Cases' 'Susceptible' 'Exposed' 'Infected' 'Removed' 'Deads'
 0.000000E+00 0 7000 0 0 0 0
 4.000000E+00 0 7000 0 0 0 0
 8.000000E+00 2 7000 2 0 0 0
 1.200000E+01 1 7000 1 0 0 0
 1.600000E+01 1 7000 1 0 0 0
 2.000000E+01 6 6997 5 1 0 0
 2.400000E+01 3 6994 3 0 0 0
 2.800000E+01 5 6994 5 0 0 0
 3.200000E+01 4 6994 4 0 0 0
 3.600000E+01 7 6994 6 1 0 0
 4.000000E+01 9 6993 8 1 0 0
 4.400000E+01 8 6991 6 1 0 1
 4.800000E+01 8 6990 6 1 0 1
 5.200000E+01 15 6987 12 1 1 1
 5.600000E+01 9 6987 4 2 1 2
 6.000000E+01 19 6987 14 1 2 2
 6.400000E+01 16 6985 9 3 2 2
 6.800000E+01 23 6981 12 6 2 3
 7.200000E+01 22 6978 12 4 2 4
 7.600000E+01 36 6974 20 5 3 8
 8.000000E+01 28 6971 11 5 3 9
 8.400000E+01 32 6971 13 5 4 10
 8.800000E+01 42 6968 21 3 4 14
 9.200000E+01 38 6963 14 5 4 15
 9.600000E+01 43 6962 19 2 6 16
 1.000000E+02 43 6956 17 4 6 16
 1.040000E+02 40 6953 15 2 6 17
 1.080000E+02 40 6947 13 3 6 18
 1.120000E+02 49 6940 18 3 7 21
 1.160000E+02 54 6936 19 6 8 21
 1.200000E+02 49 6934 13 3 9 24
 1.240000E+02 56 6933 17 3 10 26
 1.280000E+02 66 6929 20 9 10 27
 1.320000E+02 70 6924 23 5 11 31
 1.360000E+02 61 6921 13 4 11 33
 1.400000E+02 57 6918 9 3 11 34
 1.440000E+02 64 6918 16 2 12 34
 1.480000E+02 62 6915 11 4 12 35
 1.520000E+02 63 6911 9 5 14 35
 1.560000E+02 73 6910 18 4 14 37
 1.600000E+02 68 6909 8 7 16 37
 1.640000E+02 76 6903 14 5 17 40
 1.680000E+02 71 6899 8 5 17 41
 1.720000E+02 70 6896 8 4 17 41
 1.760000E+02 79 6895 13 6 17 43
 1.800000E+02 81 6888 14 5 18 44
 1.840000E+02 78 6887 12 3 19 44
 1.880000E+02 86 6885 14 7 19 46
 1.920000E+02 87 6883 14 3 19 51
 1.960000E+02 84 6881 10 2 19 53
 2.000000E+02 86 6879 9 4 19 54

#Simulation ended (eff.: 0.884468, detail below)
	#Events: 9202
	#Valid embedding but no longer unary when required: 0.000000
	#Valid embedding but not binary when required: 0.000000
	#Clashing instance: 0.000000
	#Lazy negative update: 1.000000
	#Lazy negative update of non local instances: 0.000000
	#Perturbation interrupting time advance: 0.000000
