# time 'Cases' 'Susceptible' 'Exposed' 'Infected' 'Removed' 'Deads'
 0.000000E+00 0 1580 0 0 0 0
 4.000000E+00 1 1580 1 0 0 0
 8.000000E+00 2 1580 2 0 0 0
 1.200000E+01 3 1580 2 1 0 0
 1.600000E+01 6 1580 5 1 0 0
 2.000000E+01 3 1580 1 1 1 0
 2.400000E+01 7 1579 5 0 1 1
 2.800000E+01 10 1578 5 2 1 2
 3.200000E+01 11 1575 5 1 2 3
 3.600000E+01 14 1572 7 2 2 3
 4.000000E+01 12 1570 4 2 3 3
 4.400000E+01 12 1570 4 1 3 4
 4.800000E+01 16 1569 7 1 3 5
 5.200000E+01 18 1568 9 0 3 6
 5.600000E+01 18 1567 6 2 4 6
 6.000000E+01 16 1566 5 1 4 6
 6.400000E+01 22 1564 9 1 4 8
 6.800000E+01 28 1563 13 1 4 10
 7.200000E+01 33 1562 16 2 4 11
 7.600000E+01 35 1560 14 3 5 13
 8.000000E+01 31 1557 4 8 6 13
 8.400000E+01 37 1554 9 5 8 15
 8.800000E+01 36 1551 4 7 10 15
 9.200000E+01 49 1542 15 4 12 18
 9.600000E+01 44 1542 9 0 12 23
 1.000000E+02 50 1540 10 3 12 25
 1.040000E+02 49 1536 7 3 12 27
 1.080000E+02 52 1533 11 1 12 28
 1.120000E+02 52 1532 10 1 12 29
 1.160000E+02 57 1528 14 1 13 29
 1.200000E+02 58 1528 15 1 13 29
 1.240000E+02 57 1527 11 4 13 29
 1.280000E+02 58 1526 8 4 14 32
 1.320000E+02 64 1523 10 7 14 33
 1.360000E+02 67 1522 10 7 16 34
 1.400000E+02 69 1518 13 3 17 36
 1.440000E+02 73 1516 14 4 18 37
 1.480000E+02 75 1511 8 10 20 37
 1.520000E+02 72 1508 6 4 21 41
 1.560000E+02 75 1503 5 4 21 45
 1.600000E+02 88 1499 17 2 23 46
 1.640000E+02 87 1494 13 3 25 46
 1.680000E+02 96 1492 15 7 25 49
 1.720000E+02 98 1487 14 8 26 50
 1.760000E+02 97 1484 12 8 27 50
 1.800000E+02 103 1476 12 9 28 54
 1.840000E+02 100 1475 9 5 29 57
 1.880000E+02 100 1474 5 3 30 62
 1.920000E+02 108 1472 11 1 33 63
 1.960000E+02 106 1472 8 2 33 63
 2.000000E+02 109 1470 10 3 33 63

#Simulation ended (eff.: 0.837192, detail below)
	#Events: 3399
	#Valid embedding but no longer unary when required: 0.000000
	#Valid embedding but not binary when required: 0.000000
	#Clashing instance: 0.000000
	#Lazy negative update: 1.000000
	#Lazy negative update of non local instances: 0.000000
	#Perturbation interrupting time advance: 0.000000
