# time 'Cases' 'Susceptible' 'Exposed' 'Infected' 'Removed' 'Deads'
 0.000000E+00 0 4700 0 0 0 0
 4.000000E+00 1 4700 0 1 0 0
 8.000000E+00 3 4700 2 1 0 0
 1.200000E+01 0 4700 0 0 0 0
 1.600000E+01 2 4700 2 0 0 0
 2.000000E+01 1 4700 1 0 0 0
 2.400000E+01 2 4700 1 1 0 0
 2.800000E+01 3 4700 2 1 0 0
 3.200000E+01 1 4700 1 0 0 0
 3.600000E+01 1 4700 1 0 0 0
 4.000000E+01 4 4700 4 0 0 0
 4.400000E+01 1 4700 1 0 0 0
 4.800000E+01 1 4700 0 1 0 0
 5.200000E+01 5 4700 4 1 0 0
 5.600000E+01 3 4699 3 0 0 0
 6.000000E+01 4 4698 3 1 0 0
 6.400000E+01 7 4697 3 4 0 0
 6.800000E+01 8 4694 4 3 0 1
 7.200000E+01 7 4693 3 1 1 2
 7.600000E+01 4 4693 1 0 1 2
 8.000000E+01 6 4692 2 1 1 2
 8.400000E+01 6 4691 3 0 1 2
 8.800000E+01 6 4691 3 0 1 2
 9.200000E+01 12 4690 8 1 1 2
 9.600000E+01 12 4690 7 2 1 2
 1.000000E+02 13 4687 6 2 1 4
 1.040000E+02 13 4687 4 3 1 5
 1.080000E+02 10 4687 0 2 1 7
 1.120000E+02 12 4687 1 3 1 7
 1.160000E+02 15 4684 5 1 1 8
 1.200000E+02 14 4684 4 0 2 8
 1.240000E+02 19 4683 6 3 2 8
 1.280000E+02 16 4683 3 1 2 10
 1.320000E+02 17 4681 4 0 3 10
 1.360000E+02 20 4679 6 1 3 10
 1.400000E+02 19 4679 5 0 4 10
 1.440000E+02 22 4678 4 3 4 11
 1.480000E+02 21 4677 3 3 4 11
 1.520000E+02 22 4676 4 0 4 14
 1.560000E+02 28 4675 8 2 4 14
 1.600000E+02 22 4674 2 1 4 15
 1.640000E+02 22 4674 3 0 4 15
 1.680000E+02 25 4674 4 2 4 15
 1.720000E+02 26 4674 2 3 5 16
 1.760000E+02 28 4673 3 2 5 18
 1.800000E+02 26 4672 3 0 5 18
 1.840000E+02 25 4672 1 0 5 19
 1.880000E+02 25 4672 1 0 5 19
 1.920000E+02 25 4672 0 1 5 19
 1.960000E+02 27 4668 2 0 5 20
 2.000000E+02 27 4668 2 0 5 20

#Simulation ended (eff.: 0.922280, detail below)
	#Events: 4806
	#Valid embedding but no longer unary when required: 0.000000
	#Valid embedding but not binary when required: 0.000000
	#Clashing instance: 0.000000
	#Lazy negative update: 1.000000
	#Lazy negative update of non local instances: 0.000000
	#Perturbation interrupting time advance: 0.000000
