# time 'Cases' 'Susceptible' 'Exposed' 'Infected' 'Removed' 'Deads'
 0.000000E+00 0 4700 0 0 0 0
 4.000000E+00 1 4700 1 0 0 0
 8.000000E+00 1 4700 1 0 0 0
 1.200000E+01 0 4700 0 0 0 0
 1.600000E+01 3 4700 2 1 0 0
 2.000000E+01 2 4699 1 1 0 0
 2.400000E+01 2 4699 1 0 0 1
 2.800000E+01 3 4698 2 0 0 1
 3.200000E+01 5 4697 3 1 0 1
 3.600000E+01 5 4697 4 0 0 1
 4.000000E+01 5 4697 4 0 0 1
 4.400000E+01 6 4696 2 3 0 1
 4.800000E+01 7 4694 4 0 0 3
 5.200000E+01 6 4693 3 0 0 3
 5.600000E+01 5 4692 2 0 0 3
 6.000000E+01 9 4692 6 0 0 3
 6.400000E+01 5 4692 1 0 1 3
 6.800000E+01 13 4692 7 2 1 3
 7.200000E+01 11 4692 4 3 1 3
 7.600000E+01 11 4692 3 3 2 3
 8.000000E+01 15 4691 4 3 2 6
 8.400000E+01 15 4690 3 2 3 7
 8.800000E+01 18 4690 6 2 3 7
 9.200000E+01 17 4690 5 0 3 9
 9.600000E+01 16 4690 3 1 3 9
 1.000000E+02 17 4690 4 1 3 9
 1.040000E+02 21 4688 7 0 3 11
 1.080000E+02 18 4684 3 0 3 12
 1.120000E+02 21 4683 6 0 3 12
 1.160000E+02 22 4682 6 0 3 13
 1.200000E+02 22 4682 4 2 3 13
 1.240000E+02 20 4682 3 0 3 14
 1.280000E+02 23 4682 6 0 3 14
 1.320000E+02 23 4681 4 0 3 16
 1.360000E+02 23 4681 4 0 3 16
 1.400000E+02 31 4678 7 4 3 17
 1.440000E+02 30 4674 6 1 3 20
 1.480000E+02 26 4674 3 0 3 20
 1.520000E+02 27 4674 4 0 3 20
 1.560000E+02 29 4674 2 2 4 21
 1.600000E+02 33 4674 4 3 4 22
 1.640000E+02 36 4671 7 1 6 22
 1.680000E+02 32 4671 1 3 6 22
 1.720000E+02 34 4671 4 1 6 23
 1.760000E+02 32 4671 1 0 6 25
 1.800000E+02 35 4671 2 2 6 25
 1.840000E+02 37 4671 3 2 6 26
 1.880000E+02 37 4671 3 1 6 27
 1.920000E+02 37 4671 3 0 7 27
 1.960000E+02 39 4668 3 1 7 28
 2.000000E+02 43 4667 7 1 7 28

#Simulation ended (eff.: 0.909862, detail below)
	#Events: 4936
	#Valid embedding but no longer unary when required: 0.000000
	#Valid embedding but not binary when required: 0.000000
	#Clashing instance: 0.000000
	#Lazy negative update: 1.000000
	#Lazy negative update of non local instances: 0.000000
	#Perturbation interrupting time advance: 0.000000
