# time 'Cases' 'Susceptible' 'Exposed' 'Infected' 'Removed' 'Deads'
 0.000000E+00 0 700 0 0 0 0
 4.000000E+00 2 699 1 1 0 0
 8.000000E+00 3 699 2 0 1 0
 1.200000E+01 3 699 2 0 1 0
 1.600000E+01 5 699 3 1 1 0
 2.000000E+01 3 696 1 1 1 0
 2.400000E+01 7 696 4 1 1 1
 2.800000E+01 5 696 2 0 1 2
 3.200000E+01 4 696 1 0 1 2
 3.600000E+01 8 695 5 0 1 2
 4.000000E+01 7 695 4 0 1 2
 4.400000E+01 8 695 4 0 1 3
 4.800000E+01 7 695 3 0 1 3
 5.200000E+01 12 695 8 0 1 3
 5.600000E+01 10 695 6 0 1 3
 6.000000E+01 9 694 5 0 1 3
 6.400000E+01 9 693 3 1 2 3
 6.800000E+01 12 692 3 4 2 3
 7.200000E+01 12 688 5 1 2 4
 7.600000E+01 14 686 7 1 2 4
 8.000000E+01 11 686 4 1 2 4
 8.400000E+01 16 686 7 1 2 6
 8.800000E+01 18 684 6 3 3 6
 9.200000E+01 20 683 7 3 3 7
 9.600000E+01 20 683 8 1 3 8
 1.000000E+02 20 682 6 2 3 9
 1.040000E+02 20 678 7 1 3 9
 1.080000E+02 18 677 3 3 3 9
 1.120000E+02 20 674 6 0 3 11
 1.160000E+02 23 671 6 2 3 12
 1.200000E+02 28 670 10 2 3 13
 1.240000E+02 24 669 7 1 3 13
 1.280000E+02 22 668 3 1 3 15
 1.320000E+02 24 667 5 1 3 15
 1.360000E+02 23 666 1 4 3 15
 1.400000E+02 28 664 6 2 3 17
 1.440000E+02 26 663 4 2 3 17
 1.480000E+02 33 663 8 4 3 18
 1.520000E+02 32 663 8 2 3 19
 1.560000E+02 30 663 4 2 3 21
 1.600000E+02 30 663 4 0 3 23
 1.640000E+02 32 663 5 1 3 23
 1.680000E+02 32 663 4 1 3 24
 1.720000E+02 34 663 4 3 3 24
 1.760000E+02 34 662 4 2 3 25
 1.800000E+02 38 661 7 1 3 27
 1.840000E+02 37 661 6 0 4 27
 1.880000E+02 44 659 5 6 4 29
 1.920000E+02 47 654 4 5 5 33
 1.960000E+02 48 653 5 3 5 35
 2.000000E+02 46 652 4 1 5 36

#Simulation ended (eff.: 0.709251, detail below)
	#Events: 1932
	#Valid embedding but no longer unary when required: 0.000000
	#Valid embedding but not binary when required: 0.000000
	#Clashing instance: 0.000000
	#Lazy negative update: 1.000000
	#Lazy negative update of non local instances: 0.000000
	#Perturbation interrupting time advance: 0.000000
