# time 'Cases' 'Susceptible' 'Exposed' 'Infected' 'Removed' 'Deads'
 0.000000E+00 10 10000 0 10 0 0
 4.000000E+00 14 9991 4 4 2 4
 8.000000E+00 19 9985 9 2 2 6
 1.200000E+01 16 9980 6 1 2 7
 1.600000E+01 24 9977 9 4 3 8
 2.000000E+01 26 9975 9 2 4 11
 2.400000E+01 26 9975 8 3 4 11
 2.800000E+01 29 9974 9 3 5 12
 3.200000E+01 29 9972 6 2 6 15
 3.600000E+01 42 9965 14 5 6 17
 4.000000E+01 43 9962 15 3 7 18
 4.400000E+01 46 9960 16 4 7 19
 4.800000E+01 54 9956 21 5 9 19
 5.200000E+01 55 9954 15 8 11 21
 5.600000E+01 68 9945 21 8 12 27
 6.000000E+01 81 9932 27 7 13 34
 6.400000E+01 86 9924 28 9 14 35
 6.800000E+01 92 9913 28 7 15 42
 7.200000E+01 112 9906 35 15 17 45
 7.600000E+01 119 9896 32 16 18 53
 8.000000E+01 131 9886 37 19 19 56
 8.400000E+01 130 9872 26 16 23 65
 8.800000E+01 146 9861 28 20 25 73
 9.200000E+01 159 9846 30 21 30 78
 9.600000E+01 169 9832 32 21 31 85
 1.000000E+02 195 9818 47 28 33 87
 1.040000E+02 206 9807 50 22 36 98
 1.080000E+02 207 9793 35 23 38 111
 1.120000E+02 229 9774 42 26 42 119
 1.160000E+02 247 9759 43 22 50 132
 1.200000E+02 256 9743 36 23 52 145
 1.240000E+02 262 9734 33 21 56 152
 1.280000E+02 264 9727 30 8 65 161
 1.320000E+02 267 9725 26 9 67 165
 1.360000E+02 276 9722 22 14 72 168
 1.400000E+02 289 9712 23 16 74 176
 1.440000E+02 295 9706 21 11 80 183
 1.480000E+02 296 9702 16 10 81 189
 1.520000E+02 312 9689 25 11 83 193
 1.560000E+02 317 9685 20 13 87 197
 1.600000E+02 323 9675 22 7 89 205
 1.640000E+02 325 9671 19 7 91 208
 1.680000E+02 332 9668 19 9 92 212
 1.720000E+02 334 9665 19 7 94 214
 1.760000E+02 338 9659 14 9 95 220
 1.800000E+02 346 9654 18 8 97 223
 1.840000E+02 349 9651 15 10 98 226
 1.880000E+02 348 9649 13 3 103 229
 1.920000E+02 353 9644 12 7 103 231
 1.960000E+02 354 9641 13 4 103 234
 2.000000E+02 358 9640 12 8 103 235

#Simulation ended (eff.: 0.939101, detail below)
	#Events: 13678
	#Valid embedding but no longer unary when required: 0.000000
	#Valid embedding but not binary when required: 0.000000
	#Clashing instance: 0.000000
	#Lazy negative update: 1.000000
	#Lazy negative update of non local instances: 0.000000
	#Perturbation interrupting time advance: 0.000000
