# time 'Cases' 'Susceptible' 'Exposed' 'Infected' 'Removed' 'Deads'
 0.000000E+00 0 1580 0 0 0 0
 4.000000E+00 2 1580 2 0 0 0
 8.000000E+00 2 1580 2 0 0 0
 1.200000E+01 5 1580 5 0 0 0
 1.600000E+01 3 1580 3 0 0 0
 2.000000E+01 3 1580 3 0 0 0
 2.400000E+01 12 1578 7 2 0 3
 2.800000E+01 13 1574 7 2 1 3
 3.200000E+01 11 1573 5 1 1 4
 3.600000E+01 16 1570 10 1 1 4
 4.000000E+01 16 1568 7 4 1 4
 4.400000E+01 19 1567 9 3 2 5
 4.800000E+01 17 1565 7 2 3 5
 5.200000E+01 23 1562 11 3 3 6
 5.600000E+01 30 1556 13 6 5 6
 6.000000E+01 34 1552 14 1 9 10
 6.400000E+01 46 1549 19 6 10 11
 6.800000E+01 41 1546 17 1 11 12
 7.200000E+01 43 1544 15 4 11 13
 7.600000E+01 53 1538 21 3 12 17
 8.000000E+01 49 1538 11 4 14 20
 8.400000E+01 54 1537 13 4 15 22
 8.800000E+01 62 1536 13 9 15 25
 9.200000E+01 68 1530 16 9 15 28
 9.600000E+01 77 1522 22 7 15 33
 1.000000E+02 76 1519 17 7 18 34
 1.040000E+02 79 1514 21 4 18 36
 1.080000E+02 81 1510 17 6 20 38
 1.120000E+02 80 1507 12 6 21 41
 1.160000E+02 82 1507 12 4 22 44
 1.200000E+02 88 1504 12 7 23 46
 1.240000E+02 91 1499 13 6 23 49
 1.280000E+02 90 1498 13 4 23 50
 1.320000E+02 102 1495 15 11 23 53
 1.360000E+02 115 1487 23 12 24 56
 1.400000E+02 123 1479 22 13 26 62
 1.440000E+02 122 1471 21 6 30 65
 1.480000E+02 121 1466 18 6 31 66
 1.520000E+02 122 1462 16 3 33 70
 1.560000E+02 128 1460 14 6 35 73
 1.600000E+02 130 1455 12 7 36 75
 1.640000E+02 135 1453 13 9 37 76
 1.680000E+02 140 1450 15 10 38 77
 1.720000E+02 141 1445 14 9 39 79
 1.760000E+02 139 1441 12 7 40 80
 1.800000E+02 141 1438 11 7 41 82
 1.840000E+02 138 1437 8 4 41 85
 1.880000E+02 141 1436 7 4 43 87
 1.920000E+02 145 1435 8 5 43 89
 1.960000E+02 145 1433 8 2 44 91
 2.000000E+02 147 1433 7 2 44 94

#Simulation ended (eff.: 0.846657, detail below)
	#Events: 4268
	#Valid embedding but no longer unary when required: 0.000000
	#Valid embedding but not binary when required: 0.000000
	#Clashing instance: 0.000000
	#Lazy negative update: 1.000000
	#Lazy negative update of non local instances: 0.000000
	#Perturbation interrupting time advance: 0.000000
