# time 'Cases' 'Susceptible' 'Exposed' 'Infected' 'Removed' 'Deads'
 0.000000E+00 0 700 0 0 0 0
 4.000000E+00 1 697 0 0 1 0
 8.000000E+00 3 697 2 0 1 0
 1.200000E+01 3 697 2 0 1 0
 1.600000E+01 4 697 3 0 1 0
 2.000000E+01 3 697 2 0 1 0
 2.400000E+01 3 696 2 0 1 0
 2.800000E+01 4 696 2 1 1 0
 3.200000E+01 4 696 2 0 2 0
 3.600000E+01 6 696 3 0 3 0
 4.000000E+01 10 696 7 0 3 0
 4.400000E+01 5 695 1 0 4 0
 4.800000E+01 8 695 4 0 4 0
 5.200000E+01 9 695 3 1 5 0
 5.600000E+01 12 695 6 1 5 0
 6.000000E+01 13 695 6 1 5 1
 6.400000E+01 10 694 2 2 5 1
 6.800000E+01 14 694 5 1 6 2
 7.200000E+01 11 694 2 0 7 2
 7.600000E+01 12 693 2 1 7 2
 8.000000E+01 12 691 3 0 7 2
 8.400000E+01 18 691 9 0 7 2
 8.800000E+01 12 690 2 1 7 2
 9.200000E+01 13 690 3 1 7 2
 9.600000E+01 13 688 2 1 7 3
 1.000000E+02 18 688 7 1 7 3
 1.040000E+02 17 688 7 0 7 3
 1.080000E+02 17 687 7 0 7 3
 1.120000E+02 18 685 5 2 8 3
 1.160000E+02 19 684 6 1 9 3
 1.200000E+02 22 683 7 3 9 3
 1.240000E+02 22 680 6 4 9 3
 1.280000E+02 27 678 9 4 10 4
 1.320000E+02 32 674 11 3 11 7
 1.360000E+02 30 674 7 2 12 9
 1.400000E+02 37 672 11 3 13 10
 1.440000E+02 38 669 9 3 13 13
 1.480000E+02 33 668 5 0 14 14
 1.520000E+02 34 668 5 0 15 14
 1.560000E+02 42 668 13 0 15 14
 1.600000E+02 40 668 5 3 15 17
 1.640000E+02 45 664 8 2 15 20
 1.680000E+02 49 663 8 4 15 22
 1.720000E+02 47 661 6 3 16 22
 1.760000E+02 44 660 4 1 16 23
 1.800000E+02 49 659 6 2 16 25
 1.840000E+02 53 658 9 1 16 27
 1.880000E+02 54 657 7 4 16 27
 1.920000E+02 50 656 4 2 16 28
 1.960000E+02 48 655 2 0 17 29
 2.000000E+02 50 655 4 0 17 29

#Simulation ended (eff.: 0.712046, detail below)
	#Events: 1998
	#Valid embedding but no longer unary when required: 0.000000
	#Valid embedding but not binary when required: 0.000000
	#Clashing instance: 0.000000
	#Lazy negative update: 1.000000
	#Lazy negative update of non local instances: 0.000000
	#Perturbation interrupting time advance: 0.000000
