# time 'Cases' 'Susceptible' 'Exposed' 'Infected' 'Removed' 'Deads'
 0.000000E+00 10 100000 0 10 0 0
 4.000000E+00 11 99993 3 3 0 5
 8.000000E+00 15 99991 8 1 0 6
 1.200000E+01 13 99990 6 1 0 6
 1.600000E+01 12 99988 4 2 0 6
 2.000000E+01 15 99988 8 1 0 6
 2.400000E+01 15 99987 5 3 0 7
 2.800000E+01 18 99985 6 2 0 10
 3.200000E+01 21 99985 8 1 2 10
 3.600000E+01 29 99982 13 2 2 12
 4.000000E+01 25 99979 9 1 2 13
 4.400000E+01 27 99978 7 2 3 15
 4.800000E+01 31 99976 10 1 3 17
 5.200000E+01 33 99974 8 4 3 18
 5.600000E+01 41 99967 13 4 3 21
 6.000000E+01 43 99963 13 5 3 22
 6.400000E+01 48 99958 14 4 5 25
 6.800000E+01 45 99955 11 2 7 25
 7.200000E+01 47 99955 11 1 8 27
 7.600000E+01 57 99950 16 3 8 30
 8.000000E+01 62 99945 17 6 9 30
 8.400000E+01 67 99940 17 5 12 33
 8.800000E+01 65 99937 13 4 13 35
 9.200000E+01 69 99934 16 4 13 36
 9.600000E+01 82 99927 24 6 14 38
 1.000000E+02 86 99925 23 8 14 41
 1.040000E+02 96 99916 27 6 16 47
 1.080000E+02 102 99910 27 9 17 49
 1.120000E+02 111 99899 26 11 19 55
 1.160000E+02 117 99896 27 10 22 58
 1.200000E+02 122 99894 28 4 28 62
 1.240000E+02 122 99891 19 9 29 65
 1.280000E+02 135 99884 26 10 30 69
 1.320000E+02 135 99876 22 8 31 74
 1.360000E+02 144 99867 25 6 33 80
 1.400000E+02 158 99860 33 9 34 82
 1.440000E+02 166 99853 31 9 39 87
 1.480000E+02 173 99848 31 8 41 93
 1.520000E+02 187 99841 35 10 43 99
 1.560000E+02 200 99836 33 13 46 108
 1.600000E+02 202 99819 24 18 49 111
 1.640000E+02 220 99808 34 15 53 118
 1.680000E+02 230 99797 34 18 54 124
 1.720000E+02 238 99791 32 17 60 129
 1.760000E+02 234 99783 24 9 65 136
 1.800000E+02 242 99776 25 12 66 139
 1.840000E+02 254 99771 28 10 70 146
 1.880000E+02 253 99768 20 9 75 149
 1.920000E+02 263 99766 19 9 78 157
 1.960000E+02 270 99757 17 10 81 162
 2.000000E+02 272 99755 18 8 81 165

#Simulation ended (eff.: 0.989241, detail below)
	#Events: 90292
	#Valid embedding but no longer unary when required: 0.000000
	#Valid embedding but not binary when required: 0.000000
	#Clashing instance: 0.000000
	#Lazy negative update: 1.000000
	#Lazy negative update of non local instances: 0.000000
	#Perturbation interrupting time advance: 0.000000
