# time 'Cases' 'Susceptible' 'Exposed' 'Infected' 'Removed' 'Deads'
 0.000000E+00 0 4700 0 0 0 0
 4.000000E+00 0 4700 0 0 0 0
 8.000000E+00 0 4700 0 0 0 0
 1.200000E+01 0 4700 0 0 0 0
 1.600000E+01 3 4700 3 0 0 0
 2.000000E+01 2 4700 2 0 0 0
 2.400000E+01 4 4700 4 0 0 0
 2.800000E+01 5 4700 3 2 0 0
 3.200000E+01 3 4698 2 1 0 0
 3.600000E+01 4 4698 3 1 0 0
 4.000000E+01 8 4698 6 1 0 1
 4.400000E+01 9 4698 7 0 1 1
 4.800000E+01 9 4698 6 0 1 2
 5.200000E+01 14 4698 10 1 1 2
 5.600000E+01 14 4698 9 1 1 3
 6.000000E+01 12 4696 7 1 1 3
 6.400000E+01 11 4695 6 1 1 3
 6.800000E+01 10 4694 5 1 1 3
 7.200000E+01 9 4692 3 2 1 3
 7.600000E+01 10 4692 3 1 2 4
 8.000000E+01 13 4691 4 1 3 5
 8.400000E+01 23 4689 12 1 3 7
 8.800000E+01 20 4688 8 1 4 7
 9.200000E+01 26 4688 10 4 4 8
 9.600000E+01 30 4686 12 4 5 9
 1.000000E+02 33 4685 14 3 5 11
 1.040000E+02 29 4681 10 2 5 12
 1.080000E+02 35 4681 14 3 6 12
 1.120000E+02 31 4680 9 2 7 13
 1.160000E+02 37 4678 12 3 9 13
 1.200000E+02 38 4677 11 2 11 14
 1.240000E+02 41 4675 11 5 11 14
 1.280000E+02 46 4671 15 4 12 15
 1.320000E+02 44 4669 13 2 12 17
 1.360000E+02 48 4667 17 1 12 18
 1.400000E+02 43 4666 8 4 12 19
 1.440000E+02 41 4664 6 1 14 20
 1.480000E+02 50 4662 14 2 14 20
 1.520000E+02 45 4661 8 1 15 21
 1.560000E+02 50 4661 12 0 15 23
 1.600000E+02 50 4658 10 1 15 24
 1.640000E+02 56 4656 11 5 16 24
 1.680000E+02 49 4655 3 5 16 25
 1.720000E+02 51 4653 7 2 17 25
 1.760000E+02 53 4651 5 4 19 25
 1.800000E+02 58 4650 9 1 20 28
 1.840000E+02 58 4649 8 2 20 28
 1.880000E+02 57 4648 8 1 20 28
 1.920000E+02 58 4648 8 2 20 28
 1.960000E+02 62 4647 8 4 21 29
 2.000000E+02 64 4644 8 5 21 30

#Simulation ended (eff.: 0.892916, detail below)
	#Events: 5912
	#Valid embedding but no longer unary when required: 0.000000
	#Valid embedding but not binary when required: 0.000000
	#Clashing instance: 0.000000
	#Lazy negative update: 1.000000
	#Lazy negative update of non local instances: 0.000000
	#Perturbation interrupting time advance: 0.000000
