# time 'Cases' 'Susceptible' 'Exposed' 'Infected' 'Removed' 'Deads'
 0.000000E+00 0 700 0 0 0 0
 4.000000E+00 1 700 1 0 0 0
 8.000000E+00 0 700 0 0 0 0
 1.200000E+01 2 700 2 0 0 0
 1.600000E+01 4 700 4 0 0 0
 2.000000E+01 6 699 5 1 0 0
 2.400000E+01 3 698 1 1 0 1
 2.800000E+01 4 697 1 2 0 1
 3.200000E+01 3 696 1 1 0 1
 3.600000E+01 1 695 0 0 0 1
 4.000000E+01 5 693 2 1 0 2
 4.400000E+01 6 693 3 0 1 2
 4.800000E+01 8 693 4 1 1 2
 5.200000E+01 8 693 4 0 2 2
 5.600000E+01 10 692 4 2 2 2
 6.000000E+01 16 690 11 0 2 3
 6.400000E+01 12 690 3 2 2 5
 6.800000E+01 13 687 4 0 2 7
 7.200000E+01 15 687 3 1 2 9
 7.600000E+01 18 686 6 1 2 9
 8.000000E+01 12 686 0 1 2 9
 8.400000E+01 21 686 5 4 2 10
 8.800000E+01 25 681 8 4 2 11
 9.200000E+01 19 681 3 0 3 13
 9.600000E+01 21 681 4 1 3 13
 1.000000E+02 25 678 7 2 3 13
 1.040000E+02 30 676 10 3 3 14
 1.080000E+02 26 673 6 1 4 15
 1.120000E+02 23 672 3 1 4 15
 1.160000E+02 30 672 9 2 4 15
 1.200000E+02 33 670 7 6 4 16
 1.240000E+02 32 670 9 1 6 16
 1.280000E+02 34 669 9 2 6 17
 1.320000E+02 34 668 7 2 6 19
 1.360000E+02 32 667 6 0 6 20
 1.400000E+02 34 666 4 3 7 20
 1.440000E+02 39 665 9 2 7 21
 1.480000E+02 40 665 10 1 7 22
 1.520000E+02 34 664 2 2 8 22
 1.560000E+02 36 663 3 3 8 22
 1.600000E+02 39 662 4 4 8 23
 1.640000E+02 40 660 3 4 8 25
 1.680000E+02 42 660 1 7 8 26
 1.720000E+02 44 660 6 1 9 28
 1.760000E+02 41 660 2 1 10 28
 1.800000E+02 42 660 3 0 10 29
 1.840000E+02 45 659 5 1 10 29
 1.880000E+02 43 659 2 0 12 29
 1.920000E+02 44 659 1 1 12 30
 1.960000E+02 45 659 1 1 12 31
 2.000000E+02 48 658 1 3 12 32

#Simulation ended (eff.: 0.713112, detail below)
	#Events: 1822
	#Valid embedding but no longer unary when required: 0.000000
	#Valid embedding but not binary when required: 0.000000
	#Clashing instance: 0.000000
	#Lazy negative update: 1.000000
	#Lazy negative update of non local instances: 0.000000
	#Perturbation interrupting time advance: 0.000000
