# time 'Cases' 'Susceptible' 'Exposed' 'Infected' 'Removed' 'Deads'
 0.000000E+00 0 470 0 0 0 0
 4.000000E+00 2 469 2 0 0 0
 8.000000E+00 1 469 1 0 0 0
 1.200000E+01 4 469 3 0 0 1
 1.600000E+01 3 467 2 0 0 1
 2.000000E+01 5 465 3 1 0 1
 2.400000E+01 5 463 3 0 0 2
 2.800000E+01 5 462 2 1 0 2
 3.200000E+01 12 460 9 1 0 2
 3.600000E+01 6 459 3 0 0 3
 4.000000E+01 8 455 3 0 0 5
 4.400000E+01 9 453 4 0 0 5
 4.800000E+01 8 451 2 1 0 5
 5.200000E+01 14 447 8 1 0 5
 5.600000E+01 9 446 2 2 0 5
 6.000000E+01 12 446 5 0 1 6
 6.400000E+01 16 445 7 1 1 7
 6.800000E+01 14 445 6 0 1 7
 7.200000E+01 18 442 8 2 1 7
 7.600000E+01 19 440 8 1 1 9
 8.000000E+01 18 440 6 1 1 10
 8.400000E+01 21 440 7 2 2 10
 8.800000E+01 16 440 2 2 2 10
 9.200000E+01 23 438 6 4 2 11
 9.600000E+01 23 438 5 5 2 11
 1.000000E+02 20 436 5 1 3 11
 1.040000E+02 25 436 8 1 5 11
 1.080000E+02 36 435 18 0 5 13
 1.120000E+02 33 435 9 3 6 15
 1.160000E+02 37 433 13 2 6 16
 1.200000E+02 39 430 11 2 8 18
 1.240000E+02 42 429 11 2 9 20
 1.280000E+02 43 427 9 4 9 21
 1.320000E+02 51 422 15 4 10 22
 1.360000E+02 40 419 5 2 11 22
 1.400000E+02 42 419 7 1 11 23
 1.440000E+02 44 418 8 2 11 23
 1.480000E+02 42 415 5 2 11 24
 1.520000E+02 41 415 4 2 11 24
 1.560000E+02 45 413 6 3 12 24
 1.600000E+02 44 413 4 3 12 25
 1.640000E+02 46 409 4 3 12 27
 1.680000E+02 49 407 6 3 13 27
 1.720000E+02 48 406 6 2 13 27
 1.760000E+02 44 406 1 2 13 28
 1.800000E+02 47 406 3 2 13 29
 1.840000E+02 48 406 5 1 13 29
 1.880000E+02 47 406 4 1 13 29
 1.920000E+02 46 406 3 1 13 29
 1.960000E+02 48 405 3 1 14 30
 2.000000E+02 49 404 3 2 14 30

#Simulation ended (eff.: 0.752981, detail below)
	#Events: 1768
	#Valid embedding but no longer unary when required: 0.000000
	#Valid embedding but not binary when required: 0.000000
	#Clashing instance: 0.000000
	#Lazy negative update: 1.000000
	#Lazy negative update of non local instances: 0.000000
	#Perturbation interrupting time advance: 0.000000
