# time 'Cases' 'Susceptible' 'Exposed' 'Infected' 'Removed' 'Deads'
 0.000000E+00 10 100000 0 10 0 0
 4.000000E+00 14 99992 4 6 2 2
 8.000000E+00 17 99985 8 3 3 3
 1.200000E+01 24 99980 14 2 5 3
 1.600000E+01 27 99972 12 5 6 4
 2.000000E+01 31 99968 14 4 6 7
 2.400000E+01 33 99957 13 4 6 10
 2.800000E+01 47 99948 22 5 7 13
 3.200000E+01 47 99941 19 7 7 14
 3.600000E+01 58 99935 26 7 7 18
 4.000000E+01 62 99924 27 4 8 23
 4.400000E+01 70 99922 30 3 9 28
 4.800000E+01 81 99917 29 10 11 31
 5.200000E+01 82 99910 24 10 13 35
 5.600000E+01 98 99904 37 7 16 38
 6.000000E+01 109 99896 38 11 19 41
 6.400000E+01 110 99889 33 10 21 46
 6.800000E+01 123 99882 36 12 25 50
 7.200000E+01 134 99874 35 14 28 57
 7.600000E+01 134 99868 32 9 29 64
 8.000000E+01 154 99856 40 13 32 69
 8.400000E+01 171 99844 48 14 34 75
 8.800000E+01 193 99825 55 17 36 85
 9.200000E+01 194 99817 44 17 41 92
 9.600000E+01 211 99804 48 14 49 100
 1.000000E+02 217 99797 46 14 53 104
 1.040000E+02 228 99787 43 18 58 109
 1.080000E+02 246 99775 42 19 62 123
 1.120000E+02 257 99757 41 18 64 134
 1.160000E+02 277 99744 46 20 69 142
 1.200000E+02 288 99728 47 18 73 150
 1.240000E+02 297 99718 44 16 79 158
 1.280000E+02 309 99704 42 18 82 167
 1.320000E+02 334 99692 48 22 87 177
 1.360000E+02 340 99680 41 15 94 190
 1.400000E+02 343 99668 35 16 98 194
 1.440000E+02 342 99660 24 17 102 199
 1.480000E+02 363 99651 33 15 107 208
 1.520000E+02 369 99642 28 12 114 215
 1.560000E+02 385 99636 32 14 117 222
 1.600000E+02 389 99620 28 14 121 226
 1.640000E+02 404 99608 34 15 121 234
 1.680000E+02 404 99599 24 14 122 244
 1.720000E+02 411 99597 27 12 125 247
 1.760000E+02 425 99581 28 18 128 251
 1.800000E+02 432 99570 30 14 130 258
 1.840000E+02 438 99556 28 12 133 265
 1.880000E+02 450 99549 33 13 136 268
 1.920000E+02 448 99544 23 12 139 274
 1.960000E+02 449 99540 19 12 141 277
 2.000000E+02 461 99535 23 16 141 281

#Simulation ended (eff.: 0.986896, detail below)
	#Events: 93163
	#Valid embedding but no longer unary when required: 0.000000
	#Valid embedding but not binary when required: 0.000000
	#Clashing instance: 0.000000
	#Lazy negative update: 1.000000
	#Lazy negative update of non local instances: 0.000000
	#Perturbation interrupting time advance: 0.000000
