# time 'Cases' 'Susceptible' 'Exposed' 'Infected' 'Removed' 'Deads'
 0.000000E+00 10 100000 0 10 0 0
 4.000000E+00 14 99993 6 4 0 4
 8.000000E+00 15 99992 7 3 0 5
 1.200000E+01 15 99991 6 1 1 7
 1.600000E+01 13 99991 4 0 1 8
 2.000000E+01 18 99991 8 1 1 8
 2.400000E+01 19 99989 6 3 1 9
 2.800000E+01 27 99985 10 4 2 11
 3.200000E+01 31 99980 12 2 3 14
 3.600000E+01 37 99977 13 6 3 15
 4.000000E+01 32 99973 8 2 3 19
 4.400000E+01 38 99973 10 4 3 21
 4.800000E+01 49 99960 13 7 3 26
 5.200000E+01 61 99948 22 6 5 28
 5.600000E+01 65 99936 27 4 6 28
 6.000000E+01 70 99930 25 4 7 34
 6.400000E+01 80 99918 26 10 8 36
 6.800000E+01 87 99913 25 10 13 39
 7.200000E+01 95 99908 23 11 16 45
 7.600000E+01 100 99901 22 9 18 51
 8.000000E+01 113 99888 32 10 18 53
 8.400000E+01 117 99875 30 9 21 57
 8.800000E+01 137 99866 41 9 26 61
 9.200000E+01 147 99857 44 9 28 66
 9.600000E+01 152 99851 38 12 32 70
 1.000000E+02 166 99845 42 15 34 75
 1.040000E+02 166 99839 29 13 35 89
 1.080000E+02 177 99831 31 14 38 94
 1.120000E+02 181 99827 27 11 43 100
 1.160000E+02 189 99817 22 16 45 106
 1.200000E+02 206 99806 31 9 52 114
 1.240000E+02 209 99801 30 6 52 121
 1.280000E+02 219 99794 29 14 54 122
 1.320000E+02 224 99784 25 13 54 132
 1.360000E+02 230 99781 26 9 61 134
 1.400000E+02 246 99771 30 9 63 144
 1.440000E+02 258 99760 28 14 67 149
 1.480000E+02 264 99753 31 9 68 156
 1.520000E+02 265 99748 24 9 71 161
 1.560000E+02 273 99739 24 13 71 165
 1.600000E+02 283 99725 29 11 73 170
 1.640000E+02 279 99715 19 9 75 176
 1.680000E+02 304 99708 29 15 78 182
 1.720000E+02 312 99704 26 16 80 190
 1.760000E+02 316 99698 23 12 83 198
 1.800000E+02 319 99696 25 5 87 202
 1.840000E+02 324 99689 23 7 89 205
 1.880000E+02 329 99686 20 8 90 211
 1.920000E+02 335 99682 17 12 90 216
 1.960000E+02 344 99677 21 12 91 220
 2.000000E+02 345 99673 20 12 91 222

#Simulation ended (eff.: 0.988633, detail below)
	#Events: 91233
	#Valid embedding but no longer unary when required: 0.000000
	#Valid embedding but not binary when required: 0.000000
	#Clashing instance: 0.000000
	#Lazy negative update: 1.000000
	#Lazy negative update of non local instances: 0.000000
	#Perturbation interrupting time advance: 0.000000
