# time 'Cases' 'Susceptible' 'Exposed' 'Infected' 'Removed' 'Deads'
 0.000000E+00 0 15800 0 0 0 0
 4.000000E+00 1 15800 1 0 0 0
 8.000000E+00 3 15800 2 1 0 0
 1.200000E+01 3 15799 2 0 1 0
 1.600000E+01 7 15799 4 1 2 0
 2.000000E+01 7 15799 4 1 2 0
 2.400000E+01 4 15797 1 0 3 0
 2.800000E+01 6 15797 3 0 3 0
 3.200000E+01 6 15796 1 2 3 0
 3.600000E+01 9 15795 4 0 5 0
 4.000000E+01 10 15795 1 3 6 0
 4.400000E+01 12 15794 4 2 6 0
 4.800000E+01 12 15793 3 1 7 1
 5.200000E+01 16 15793 4 1 7 4
 5.600000E+01 18 15790 3 2 8 5
 6.000000E+01 18 15787 3 0 8 7
 6.400000E+01 21 15786 6 0 8 7
 6.800000E+01 20 15786 5 0 8 7
 7.200000E+01 20 15786 5 0 8 7
 7.600000E+01 24 15785 6 2 8 8
 8.000000E+01 24 15784 4 1 9 10
 8.400000E+01 33 15783 8 5 9 11
 8.800000E+01 33 15778 6 4 10 13
 9.200000E+01 34 15776 7 2 11 14
 9.600000E+01 35 15775 8 2 11 14
 1.000000E+02 34 15775 6 2 11 15
 1.040000E+02 37 15774 6 3 12 16
 1.080000E+02 42 15773 10 2 12 18
 1.120000E+02 45 15773 12 2 12 19
 1.160000E+02 44 15772 7 5 12 20
 1.200000E+02 46 15770 5 5 14 22
 1.240000E+02 50 15767 9 4 15 22
 1.280000E+02 48 15765 7 2 15 24
 1.320000E+02 52 15765 9 3 16 24
 1.360000E+02 53 15763 9 3 17 24
 1.400000E+02 49 15761 5 2 18 24
 1.440000E+02 49 15761 5 2 18 24
 1.480000E+02 54 15761 6 4 20 24
 1.520000E+02 56 15761 5 3 20 28
 1.560000E+02 58 15755 6 3 20 29
 1.600000E+02 56 15754 4 2 20 30
 1.640000E+02 60 15753 3 6 21 30
 1.680000E+02 66 15748 6 4 23 33
 1.720000E+02 63 15746 3 3 24 33
 1.760000E+02 69 15745 7 3 24 35
 1.800000E+02 69 15743 8 1 24 36
 1.840000E+02 67 15742 6 0 24 37
 1.880000E+02 67 15742 2 3 25 37
 1.920000E+02 69 15741 2 0 27 40
 1.960000E+02 73 15740 6 0 27 40
 2.000000E+02 73 15738 3 2 27 41

#Simulation ended (eff.: 0.964652, detail below)
	#Events: 14955
	#Valid embedding but no longer unary when required: 0.000000
	#Valid embedding but not binary when required: 0.000000
	#Clashing instance: 0.000000
	#Lazy negative update: 1.000000
	#Lazy negative update of non local instances: 0.000000
	#Perturbation interrupting time advance: 0.000000
