# time 'Cases' 'Susceptible' 'Exposed' 'Infected' 'Removed' 'Deads'
 0.000000E+00 0 4700 0 0 0 0
 4.000000E+00 1 4700 1 0 0 0
 8.000000E+00 1 4700 1 0 0 0
 1.200000E+01 2 4700 2 0 0 0
 1.600000E+01 2 4700 2 0 0 0
 2.000000E+01 1 4700 1 0 0 0
 2.400000E+01 0 4700 0 0 0 0
 2.800000E+01 3 4700 3 0 0 0
 3.200000E+01 2 4700 2 0 0 0
 3.600000E+01 5 4699 4 0 0 1
 4.000000E+01 3 4699 1 0 0 2
 4.400000E+01 3 4699 0 0 1 2
 4.800000E+01 4 4699 1 0 1 2
 5.200000E+01 5 4699 2 0 1 2
 5.600000E+01 5 4699 1 0 2 2
 6.000000E+01 7 4699 3 0 2 2
 6.400000E+01 6 4698 1 1 2 2
 6.800000E+01 8 4698 3 0 3 2
 7.200000E+01 11 4698 6 0 3 2
 7.600000E+01 7 4698 1 1 3 2
 8.000000E+01 9 4696 3 1 3 2
 8.400000E+01 9 4696 2 1 3 3
 8.800000E+01 12 4696 4 2 3 3
 9.200000E+01 10 4696 4 0 3 3
 9.600000E+01 13 4696 4 3 3 3
 1.000000E+02 12 4694 3 2 3 4
 1.040000E+02 8 4694 1 0 3 4
 1.080000E+02 12 4694 3 2 3 4
 1.120000E+02 13 4693 4 1 3 5
 1.160000E+02 12 4693 3 0 3 6
 1.200000E+02 15 4693 4 2 3 6
 1.240000E+02 14 4693 3 1 3 7
 1.280000E+02 13 4693 2 0 3 8
 1.320000E+02 20 4693 8 1 3 8
 1.360000E+02 19 4691 5 3 3 8
 1.400000E+02 16 4689 2 3 3 8
 1.440000E+02 19 4687 4 2 4 9
 1.480000E+02 20 4686 4 2 4 10
 1.520000E+02 17 4686 1 0 4 12
 1.560000E+02 19 4686 2 1 4 12
 1.600000E+02 16 4686 0 0 4 12
 1.640000E+02 19 4686 2 1 4 12
 1.680000E+02 20 4686 2 1 5 12
 1.720000E+02 23 4686 4 2 5 12
 1.760000E+02 22 4686 3 1 6 12
 1.800000E+02 24 4685 3 2 7 12
 1.840000E+02 24 4685 3 1 7 13
 1.880000E+02 21 4685 0 1 7 13
 1.920000E+02 22 4685 1 0 7 14
 1.960000E+02 22 4685 1 0 7 14
 2.000000E+02 23 4685 1 1 7 14

#Simulation ended (eff.: 0.931557, detail below)
	#Events: 4614
	#Valid embedding but no longer unary when required: 0.000000
	#Valid embedding but not binary when required: 0.000000
	#Clashing instance: 0.000000
	#Lazy negative update: 1.000000
	#Lazy negative update of non local instances: 0.000000
	#Perturbation interrupting time advance: 0.000000
