# time 'Cases' 'Susceptible' 'Exposed' 'Infected' 'Removed' 'Deads'
 0.000000E+00 0 7000 0 0 0 0
 4.000000E+00 1 7000 0 1 0 0
 8.000000E+00 4 6999 2 1 0 1
 1.200000E+01 4 6999 2 0 1 1
 1.600000E+01 5 6999 3 0 1 1
 2.000000E+01 6 6995 3 1 1 1
 2.400000E+01 4 6993 1 1 1 1
 2.800000E+01 2 6993 0 0 1 1
 3.200000E+01 6 6992 3 1 1 1
 3.600000E+01 8 6991 5 0 1 2
 4.000000E+01 8 6991 5 0 1 2
 4.400000E+01 5 6991 2 0 1 2
 4.800000E+01 10 6991 6 0 2 2
 5.200000E+01 13 6990 6 2 3 2
 5.600000E+01 10 6990 5 0 3 2
 6.000000E+01 11 6990 5 1 3 2
 6.400000E+01 12 6989 5 1 3 3
 6.800000E+01 16 6987 6 4 3 3
 7.200000E+01 17 6985 5 4 4 4
 7.600000E+01 19 6984 7 2 4 6
 8.000000E+01 20 6982 6 1 4 9
 8.400000E+01 20 6981 6 0 4 10
 8.800000E+01 22 6981 7 1 4 10
 9.200000E+01 28 6981 11 2 4 11
 9.600000E+01 25 6980 6 2 4 13
 1.000000E+02 28 6979 9 1 4 14
 1.040000E+02 33 6979 10 2 5 16
 1.080000E+02 28 6979 4 3 5 16
 1.120000E+02 33 6979 6 3 6 18
 1.160000E+02 35 6977 9 1 6 19
 1.200000E+02 38 6976 10 3 6 19
 1.240000E+02 39 6974 13 1 6 19
 1.280000E+02 39 6973 11 2 6 20
 1.320000E+02 33 6972 6 0 6 21
 1.360000E+02 41 6972 11 1 7 22
 1.400000E+02 40 6968 5 3 8 24
 1.440000E+02 48 6962 11 3 9 25
 1.480000E+02 44 6957 5 3 9 27
 1.520000E+02 48 6956 10 2 9 27
 1.560000E+02 60 6955 16 6 11 27
 1.600000E+02 54 6955 10 3 11 30
 1.640000E+02 58 6953 7 8 11 32
 1.680000E+02 62 6949 10 6 12 34
 1.720000E+02 62 6947 7 6 12 37
 1.760000E+02 60 6944 5 3 14 38
 1.800000E+02 64 6943 6 4 14 40
 1.840000E+02 64 6942 4 5 14 41
 1.880000E+02 72 6940 10 6 14 42
 1.920000E+02 64 6935 6 0 16 42
 1.960000E+02 62 6935 3 0 17 42
 2.000000E+02 61 6935 2 0 17 42

#Simulation ended (eff.: 0.888988, detail below)
	#Events: 7976
	#Valid embedding but no longer unary when required: 0.000000
	#Valid embedding but not binary when required: 0.000000
	#Clashing instance: 0.000000
	#Lazy negative update: 1.000000
	#Lazy negative update of non local instances: 0.000000
	#Perturbation interrupting time advance: 0.000000
