# time 'Cases' 'Susceptible' 'Exposed' 'Infected' 'Removed' 'Deads'
 0.000000E+00 0 7000 0 0 0 0
 4.000000E+00 2 7000 2 0 0 0
 8.000000E+00 1 7000 1 0 0 0
 1.200000E+01 0 7000 0 0 0 0
 1.600000E+01 0 7000 0 0 0 0
 2.000000E+01 2 7000 2 0 0 0
 2.400000E+01 3 7000 3 0 0 0
 2.800000E+01 0 7000 0 0 0 0
 3.200000E+01 1 7000 1 0 0 0
 3.600000E+01 5 7000 5 0 0 0
 4.000000E+01 2 7000 2 0 0 0
 4.400000E+01 3 7000 3 0 0 0
 4.800000E+01 3 7000 3 0 0 0
 5.200000E+01 2 7000 2 0 0 0
 5.600000E+01 4 7000 3 1 0 0
 6.000000E+01 5 6999 3 1 0 1
 6.400000E+01 8 6999 6 0 0 2
 6.800000E+01 4 6999 2 0 0 2
 7.200000E+01 6 6999 2 1 1 2
 7.600000E+01 6 6999 1 1 2 2
 8.000000E+01 10 6999 3 3 2 2
 8.400000E+01 9 6998 4 0 2 3
 8.800000E+01 9 6998 4 0 2 3
 9.200000E+01 11 6997 4 2 2 3
 9.600000E+01 14 6996 6 3 2 3
 1.000000E+02 12 6996 5 1 2 4
 1.040000E+02 11 6996 4 0 3 4
 1.080000E+02 16 6991 6 2 4 4
 1.120000E+02 14 6991 4 0 4 6
 1.160000E+02 16 6991 4 2 4 6
 1.200000E+02 19 6990 6 2 4 7
 1.240000E+02 26 6990 12 0 5 9
 1.280000E+02 21 6990 2 3 6 10
 1.320000E+02 27 6988 7 2 8 10
 1.360000E+02 28 6986 6 3 8 11
 1.400000E+02 27 6986 5 2 9 11
 1.440000E+02 34 6985 11 2 9 12
 1.480000E+02 29 6984 6 0 9 14
 1.520000E+02 33 6984 7 3 9 14
 1.560000E+02 34 6983 7 2 10 15
 1.600000E+02 34 6980 5 2 11 16
 1.640000E+02 40 6979 8 3 13 16
 1.680000E+02 37 6979 6 0 14 17
 1.720000E+02 40 6979 6 3 14 17
 1.760000E+02 44 6977 8 2 15 19
 1.800000E+02 46 6974 8 4 15 19
 1.840000E+02 44 6974 5 3 15 21
 1.880000E+02 42 6973 2 2 15 23
 1.920000E+02 48 6972 5 3 16 24
 1.960000E+02 47 6972 3 4 16 24
 2.000000E+02 48 6972 2 5 17 24

#Simulation ended (eff.: 0.910685, detail below)
	#Events: 7270
	#Valid embedding but no longer unary when required: 0.000000
	#Valid embedding but not binary when required: 0.000000
	#Clashing instance: 0.000000
	#Lazy negative update: 1.000000
	#Lazy negative update of non local instances: 0.000000
	#Perturbation interrupting time advance: 0.000000
