# time 'Cases' 'Susceptible' 'Exposed' 'Infected' 'Removed' 'Deads'
 0.000000E+00 0 15800 0 0 0 0
 4.000000E+00 0 15800 0 0 0 0
 8.000000E+00 5 15800 5 0 0 0
 1.200000E+01 6 15800 6 0 0 0
 1.600000E+01 3 15797 2 1 0 0
 2.000000E+01 3 15797 2 0 1 0
 2.400000E+01 6 15796 4 1 1 0
 2.800000E+01 7 15794 3 2 1 1
 3.200000E+01 8 15793 5 1 1 1
 3.600000E+01 11 15792 7 0 1 3
 4.000000E+01 11 15789 7 0 1 3
 4.400000E+01 14 15789 8 2 1 3
 4.800000E+01 11 15788 5 0 3 3
 5.200000E+01 12 15788 6 0 3 3
 5.600000E+01 17 15787 9 1 4 3
 6.000000E+01 17 15785 7 3 4 3
 6.400000E+01 15 15782 2 1 4 8
 6.800000E+01 26 15775 12 0 4 10
 7.200000E+01 25 15774 7 1 4 13
 7.600000E+01 29 15773 9 3 4 13
 8.000000E+01 33 15767 10 1 6 16
 8.400000E+01 38 15765 13 2 6 17
 8.800000E+01 38 15763 8 4 8 18
 9.200000E+01 43 15757 9 7 8 19
 9.600000E+01 44 15752 9 8 8 19
 1.000000E+02 48 15749 10 4 9 25
 1.040000E+02 49 15746 6 6 11 26
 1.080000E+02 55 15744 12 3 13 27
 1.120000E+02 57 15740 10 5 13 29
 1.160000E+02 62 15736 12 8 13 29
 1.200000E+02 60 15732 9 4 15 32
 1.240000E+02 62 15729 8 4 17 33
 1.280000E+02 65 15727 11 3 17 34
 1.320000E+02 72 15725 17 2 17 36
 1.360000E+02 68 15724 10 3 18 37
 1.400000E+02 71 15723 8 4 20 39
 1.440000E+02 72 15721 7 5 21 39
 1.480000E+02 79 15718 12 4 21 42
 1.520000E+02 87 15714 13 7 22 45
 1.560000E+02 86 15710 12 4 22 48
 1.600000E+02 88 15709 9 5 24 50
 1.640000E+02 93 15709 10 7 24 52
 1.680000E+02 94 15708 11 5 24 54
 1.720000E+02 92 15706 8 2 26 56
 1.760000E+02 91 15705 5 3 26 57
 1.800000E+02 96 15703 7 4 27 58
 1.840000E+02 98 15699 7 3 27 61
 1.880000E+02 100 15699 7 2 28 63
 1.920000E+02 106 15699 8 2 29 67
 1.960000E+02 108 15696 8 3 29 68
 2.000000E+02 106 15695 5 3 30 68

#Simulation ended (eff.: 0.957163, detail below)
	#Events: 15574
	#Valid embedding but no longer unary when required: 0.000000
	#Valid embedding but not binary when required: 0.000000
	#Clashing instance: 0.000000
	#Lazy negative update: 1.000000
	#Lazy negative update of non local instances: 0.000000
	#Perturbation interrupting time advance: 0.000000
