# time 'Cases' 'Susceptible' 'Exposed' 'Infected' 'Removed' 'Deads'
 0.000000E+00 0 470 0 0 0 0
 4.000000E+00 3 470 1 0 1 1
 8.000000E+00 2 469 0 0 1 1
 1.200000E+01 3 468 1 0 1 1
 1.600000E+01 3 468 1 0 1 1
 2.000000E+01 4 468 2 0 1 1
 2.400000E+01 7 468 5 0 1 1
 2.800000E+01 3 468 1 0 1 1
 3.200000E+01 4 468 1 1 1 1
 3.600000E+01 5 468 2 0 1 2
 4.000000E+01 3 467 0 0 1 2
 4.400000E+01 4 467 1 0 1 2
 4.800000E+01 7 467 4 0 1 2
 5.200000E+01 5 467 2 0 1 2
 5.600000E+01 8 467 5 0 1 2
 6.000000E+01 6 467 1 2 1 2
 6.400000E+01 9 467 4 2 1 2
 6.800000E+01 8 465 4 1 1 2
 7.200000E+01 9 462 4 2 1 2
 7.600000E+01 10 460 4 3 1 2
 8.000000E+01 10 457 3 2 1 4
 8.400000E+01 15 456 6 3 1 5
 8.800000E+01 20 452 9 5 1 5
 9.200000E+01 19 451 9 1 1 8
 9.600000E+01 16 450 5 1 1 9
 1.000000E+02 16 449 5 0 1 10
 1.040000E+02 21 448 7 2 1 11
 1.080000E+02 21 447 4 4 2 11
 1.120000E+02 20 445 2 3 3 12
 1.160000E+02 25 444 5 3 5 12
 1.200000E+02 24 444 3 1 5 15
 1.240000E+02 29 442 8 0 5 16
 1.280000E+02 27 440 4 2 5 16
 1.320000E+02 29 440 7 1 5 16
 1.360000E+02 27 439 4 1 6 16
 1.400000E+02 33 439 9 1 6 17
 1.440000E+02 33 439 8 2 6 17
 1.480000E+02 32 437 4 3 7 18
 1.520000E+02 32 437 6 0 7 19
 1.560000E+02 35 436 7 2 7 19
 1.600000E+02 33 436 5 1 8 19
 1.640000E+02 40 436 11 0 10 19
 1.680000E+02 37 435 6 2 10 19
 1.720000E+02 38 435 6 3 10 19
 1.760000E+02 35 434 3 2 10 20
 1.800000E+02 39 433 7 1 10 21
 1.840000E+02 40 432 5 2 10 23
 1.880000E+02 41 431 5 1 10 25
 1.920000E+02 39 431 2 1 10 26
 1.960000E+02 41 430 4 1 10 26
 2.000000E+02 40 430 2 1 11 26

#Simulation ended (eff.: 0.745278, detail below)
	#Events: 1460
	#Valid embedding but no longer unary when required: 0.000000
	#Valid embedding but not binary when required: 0.000000
	#Clashing instance: 0.000000
	#Lazy negative update: 1.000000
	#Lazy negative update of non local instances: 0.000000
	#Perturbation interrupting time advance: 0.000000
