# time 'Cases' 'Susceptible' 'Exposed' 'Infected' 'Removed' 'Deads'
 0.000000E+00 10 100000 0 10 0 0
 4.000000E+00 16 99993 7 4 1 4
 8.000000E+00 14 99990 7 0 3 4
 1.200000E+01 14 99988 6 1 3 4
 1.600000E+01 20 99984 10 2 3 5
 2.000000E+01 21 99982 9 2 4 6
 2.400000E+01 25 99974 9 4 6 6
 2.800000E+01 26 99970 8 2 7 9
 3.200000E+01 28 99967 10 1 8 9
 3.600000E+01 33 99967 13 3 8 9
 4.000000E+01 37 99964 12 6 9 10
 4.400000E+01 40 99958 10 5 12 13
 4.800000E+01 47 99955 16 3 14 14
 5.200000E+01 53 99954 15 8 16 14
 5.600000E+01 59 99943 17 7 17 18
 6.000000E+01 64 99939 16 9 19 20
 6.400000E+01 73 99937 24 8 21 20
 6.800000E+01 78 99930 21 8 25 24
 7.200000E+01 92 99914 30 9 26 27
 7.600000E+01 93 99905 24 10 26 33
 8.000000E+01 100 99898 27 8 27 38
 8.400000E+01 108 99892 29 9 28 42
 8.800000E+01 130 99877 38 15 31 46
 9.200000E+01 147 99867 41 22 32 52
 9.600000E+01 140 99854 31 11 33 65
 1.000000E+02 157 99850 40 12 37 68
 1.040000E+02 157 99844 29 14 40 74
 1.080000E+02 163 99837 25 15 42 81
 1.120000E+02 168 99829 26 13 43 86
 1.160000E+02 178 99823 30 14 44 90
 1.200000E+02 193 99817 32 21 46 94
 1.240000E+02 204 99807 35 15 50 104
 1.280000E+02 216 99795 35 13 53 115
 1.320000E+02 217 99780 31 11 56 119
 1.360000E+02 229 99774 29 13 61 126
 1.400000E+02 249 99762 38 22 61 128
 1.440000E+02 250 99760 34 14 67 135
 1.480000E+02 260 99753 33 17 69 141
 1.520000E+02 277 99740 36 17 72 152
 1.560000E+02 282 99729 34 16 74 158
 1.600000E+02 295 99719 32 21 79 163
 1.640000E+02 307 99707 33 18 83 173
 1.680000E+02 316 99697 29 19 87 181
 1.720000E+02 330 99689 28 19 89 194
 1.760000E+02 346 99670 36 20 92 198
 1.800000E+02 348 99660 32 15 95 206
 1.840000E+02 350 99654 29 11 98 212
 1.880000E+02 363 99647 29 16 100 218
 1.920000E+02 367 99639 23 18 102 224
 1.960000E+02 378 99632 26 15 106 231
 2.000000E+02 385 99625 21 17 109 238

#Simulation ended (eff.: 0.987883, detail below)
	#Events: 91636
	#Valid embedding but no longer unary when required: 0.000000
	#Valid embedding but not binary when required: 0.000000
	#Clashing instance: 0.000000
	#Lazy negative update: 1.000000
	#Lazy negative update of non local instances: 0.000000
	#Perturbation interrupting time advance: 0.000000
