# time 'Cases' 'Susceptible' 'Exposed' 'Infected' 'Removed' 'Deads'
 0.000000E+00 10 100000 0 10 0 0
 4.000000E+00 11 99996 3 2 0 6
 8.000000E+00 12 99993 4 2 0 6
 1.200000E+01 12 99991 4 2 0 6
 1.600000E+01 21 99987 13 1 0 7
 2.000000E+01 20 99984 9 4 0 7
 2.400000E+01 24 99977 10 5 1 8
 2.800000E+01 33 99971 20 3 1 9
 3.200000E+01 30 99967 14 4 1 11
 3.600000E+01 40 99962 19 6 2 13
 4.000000E+01 40 99954 14 6 3 17
 4.400000E+01 47 99952 13 8 4 22
 4.800000E+01 49 99948 14 5 4 26
 5.200000E+01 51 99943 12 5 7 27
 5.600000E+01 66 99937 21 7 9 29
 6.000000E+01 75 99928 23 11 10 31
 6.400000E+01 87 99922 25 15 11 36
 6.800000E+01 88 99916 23 7 16 42
 7.200000E+01 94 99912 24 9 17 44
 7.600000E+01 100 99909 23 9 17 51
 8.000000E+01 99 99901 21 3 19 56
 8.400000E+01 112 99898 21 10 23 58
 8.800000E+01 122 99889 24 10 25 63
 9.200000E+01 129 99876 27 9 27 66
 9.600000E+01 140 99865 32 10 29 69
 1.000000E+02 155 99857 38 15 29 73
 1.040000E+02 159 99844 36 12 32 79
 1.080000E+02 183 99831 46 19 35 83
 1.120000E+02 183 99823 29 23 38 93
 1.160000E+02 197 99811 38 17 43 99
 1.200000E+02 210 99794 38 20 43 109
 1.240000E+02 227 99779 43 21 46 117
 1.280000E+02 236 99763 35 20 53 128
 1.320000E+02 244 99754 34 19 57 134
 1.360000E+02 260 99745 36 22 61 141
 1.400000E+02 277 99729 38 25 65 149
 1.440000E+02 289 99719 39 17 70 163
 1.480000E+02 291 99709 36 14 72 169
 1.520000E+02 314 99689 43 18 73 180
 1.560000E+02 317 99682 35 15 76 191
 1.600000E+02 331 99672 39 14 80 198
 1.640000E+02 334 99666 28 19 84 203
 1.680000E+02 343 99656 25 17 90 211
 1.720000E+02 347 99653 24 9 92 222
 1.760000E+02 365 99645 37 11 92 225
 1.800000E+02 361 99639 21 14 94 232
 1.840000E+02 371 99630 23 11 99 238
 1.880000E+02 368 99629 13 11 99 245
 1.920000E+02 377 99628 18 10 102 247
 1.960000E+02 378 99626 12 11 103 252
 2.000000E+02 387 99621 17 6 106 258

#Simulation ended (eff.: 0.987999, detail below)
	#Events: 91632
	#Valid embedding but no longer unary when required: 0.000000
	#Valid embedding but not binary when required: 0.000000
	#Clashing instance: 0.000000
	#Lazy negative update: 1.000000
	#Lazy negative update of non local instances: 0.000000
	#Perturbation interrupting time advance: 0.000000
