# time 'Cases' 'Susceptible' 'Exposed' 'Infected' 'Removed' 'Deads'
 0.000000E+00 0 15800 0 0 0 0
 4.000000E+00 2 15799 1 1 0 0
 8.000000E+00 3 15799 2 1 0 0
 1.200000E+01 4 15798 2 2 0 0
 1.600000E+01 7 15797 4 1 1 1
 2.000000E+01 9 15794 5 1 1 2
 2.400000E+01 11 15791 6 2 1 2
 2.800000E+01 12 15791 6 0 2 4
 3.200000E+01 13 15790 5 2 2 4
 3.600000E+01 16 15790 6 3 3 4
 4.000000E+01 20 15788 8 5 3 4
 4.400000E+01 20 15785 7 3 4 6
 4.800000E+01 20 15783 6 3 4 7
 5.200000E+01 24 15782 6 5 4 9
 5.600000E+01 31 15776 12 6 4 9
 6.000000E+01 31 15773 10 3 5 13
 6.400000E+01 34 15770 8 6 7 13
 6.800000E+01 36 15764 6 7 7 16
 7.200000E+01 46 15756 14 4 8 20
 7.600000E+01 48 15753 14 3 8 23
 8.000000E+01 55 15749 19 3 9 24
 8.400000E+01 51 15746 11 6 9 25
 8.800000E+01 57 15741 13 4 9 31
 9.200000E+01 57 15739 9 7 9 32
 9.600000E+01 61 15737 12 7 9 33
 1.000000E+02 68 15732 13 8 12 35
 1.040000E+02 77 15722 18 9 12 38
 1.080000E+02 82 15712 21 10 12 39
 1.120000E+02 84 15703 19 8 13 44
 1.160000E+02 87 15699 17 8 14 48
 1.200000E+02 84 15695 9 6 15 54
 1.240000E+02 106 15689 22 7 17 60
 1.280000E+02 109 15680 21 5 17 66
 1.320000E+02 118 15674 25 10 17 66
 1.360000E+02 110 15670 15 7 17 71
 1.400000E+02 115 15668 17 3 18 77
 1.440000E+02 119 15661 15 8 19 77
 1.480000E+02 118 15660 13 5 21 79
 1.520000E+02 127 15660 16 7 22 82
 1.560000E+02 132 15659 13 9 26 84
 1.600000E+02 137 15655 14 6 26 91
 1.640000E+02 147 15649 17 9 27 94
 1.680000E+02 151 15642 18 3 29 101
 1.720000E+02 147 15641 13 1 29 104
 1.760000E+02 150 15638 13 3 30 104
 1.800000E+02 149 15634 8 3 31 107
 1.840000E+02 161 15628 15 7 31 108
 1.880000E+02 164 15626 15 6 33 110
 1.920000E+02 164 15624 7 9 34 114
 1.960000E+02 172 15620 11 6 35 120
 2.000000E+02 174 15619 11 4 36 123

#Simulation ended (eff.: 0.952870, detail below)
	#Events: 16619
	#Valid embedding but no longer unary when required: 0.000000
	#Valid embedding but not binary when required: 0.000000
	#Clashing instance: 0.000000
	#Lazy negative update: 1.000000
	#Lazy negative update of non local instances: 0.000000
	#Perturbation interrupting time advance: 0.000000
