# time 'Cases' 'Susceptible' 'Exposed' 'Infected' 'Removed' 'Deads'
 0.000000E+00 0 15800 0 0 0 0
 4.000000E+00 3 15800 3 0 0 0
 8.000000E+00 4 15800 4 0 0 0
 1.200000E+01 6 15800 6 0 0 0
 1.600000E+01 5 15800 5 0 0 0
 2.000000E+01 4 15800 4 0 0 0
 2.400000E+01 5 15800 5 0 0 0
 2.800000E+01 6 15800 5 1 0 0
 3.200000E+01 6 15799 2 3 1 0
 3.600000E+01 9 15797 4 3 1 1
 4.000000E+01 8 15796 3 1 2 2
 4.400000E+01 12 15795 5 2 2 3
 4.800000E+01 14 15795 6 2 3 3
 5.200000E+01 17 15795 7 3 3 4
 5.600000E+01 20 15792 7 2 5 6
 6.000000E+01 25 15791 12 2 5 6
 6.400000E+01 23 15790 6 4 6 7
 6.800000E+01 27 15785 8 3 6 10
 7.200000E+01 31 15782 8 4 7 12
 7.600000E+01 30 15780 5 3 8 14
 8.000000E+01 38 15777 10 5 9 14
 8.400000E+01 30 15774 3 1 10 16
 8.800000E+01 37 15773 8 2 10 17
 9.200000E+01 47 15771 17 2 11 17
 9.600000E+01 41 15770 8 4 11 18
 1.000000E+02 48 15768 11 5 12 20
 1.040000E+02 50 15763 12 4 12 22
 1.080000E+02 48 15763 8 4 13 23
 1.120000E+02 50 15762 9 3 14 24
 1.160000E+02 51 15760 5 6 14 26
 1.200000E+02 55 15757 10 3 15 27
 1.240000E+02 60 15754 10 4 17 29
 1.280000E+02 63 15746 11 4 18 30
 1.320000E+02 65 15744 10 6 19 30
 1.360000E+02 68 15742 11 4 19 34
 1.400000E+02 64 15739 6 4 19 35
 1.440000E+02 66 15737 8 3 19 36
 1.480000E+02 71 15735 11 3 21 36
 1.520000E+02 78 15735 15 4 22 37
 1.560000E+02 82 15734 15 6 22 39
 1.600000E+02 76 15731 5 6 24 41
 1.640000E+02 88 15727 12 8 25 43
 1.680000E+02 89 15724 11 8 26 44
 1.720000E+02 88 15723 7 7 28 46
 1.760000E+02 94 15720 10 4 31 49
 1.800000E+02 95 15718 7 6 32 50
 1.840000E+02 96 15716 5 6 32 53
 1.880000E+02 99 15713 7 2 32 58
 1.920000E+02 101 15712 5 5 32 59
 1.960000E+02 99 15705 3 4 32 60
 2.000000E+02 104 15702 7 2 33 62

#Simulation ended (eff.: 0.957163, detail below)
	#Events: 15641
	#Valid embedding but no longer unary when required: 0.000000
	#Valid embedding but not binary when required: 0.000000
	#Clashing instance: 0.000000
	#Lazy negative update: 1.000000
	#Lazy negative update of non local instances: 0.000000
	#Perturbation interrupting time advance: 0.000000
