# time 'Cases' 'Susceptible' 'Exposed' 'Infected' 'Removed' 'Deads'
 0.000000E+00 0 15800 0 0 0 0
 4.000000E+00 0 15800 0 0 0 0
 8.000000E+00 4 15800 4 0 0 0
 1.200000E+01 4 15800 4 0 0 0
 1.600000E+01 0 15800 0 0 0 0
 2.000000E+01 0 15800 0 0 0 0
 2.400000E+01 4 15800 4 0 0 0
 2.800000E+01 4 15800 1 2 0 1
 3.200000E+01 13 15797 9 1 1 2
 3.600000E+01 9 15795 5 1 1 2
 4.000000E+01 12 15795 8 0 1 3
 4.400000E+01 11 15795 6 1 1 3
 4.800000E+01 15 15791 9 0 1 5
 5.200000E+01 14 15790 5 3 1 5
 5.600000E+01 16 15788 6 1 2 7
 6.000000E+01 14 15787 4 0 3 7
 6.400000E+01 24 15787 14 0 3 7
 6.800000E+01 28 15783 12 5 3 8
 7.200000E+01 30 15779 13 3 3 11
 7.600000E+01 31 15773 13 1 4 13
 8.000000E+01 31 15771 10 2 4 15
 8.400000E+01 39 15770 14 5 4 16
 8.800000E+01 36 15770 10 3 5 18
 9.200000E+01 46 15769 16 5 6 19
 9.600000E+01 42 15769 10 6 7 19
 1.000000E+02 45 15765 11 5 8 21
 1.040000E+02 43 15764 8 5 8 22
 1.080000E+02 54 15758 14 6 8 26
 1.120000E+02 59 15751 11 9 8 31
 1.160000E+02 69 15747 19 8 10 32
 1.200000E+02 72 15741 14 10 11 37
 1.240000E+02 72 15734 12 9 14 37
 1.280000E+02 67 15732 7 6 15 39
 1.320000E+02 83 15729 17 6 15 45
 1.360000E+02 88 15724 16 9 16 47
 1.400000E+02 94 15722 19 9 16 50
 1.440000E+02 91 15718 15 7 17 52
 1.480000E+02 100 15713 16 11 19 54
 1.520000E+02 101 15708 14 6 21 60
 1.560000E+02 114 15706 19 9 22 64
 1.600000E+02 115 15704 10 11 24 70
 1.640000E+02 126 15703 18 11 26 71
 1.680000E+02 121 15695 10 8 27 76
 1.720000E+02 126 15691 13 5 29 79
 1.760000E+02 126 15688 10 3 31 82
 1.800000E+02 129 15684 10 1 33 85
 1.840000E+02 131 15684 10 3 33 85
 1.880000E+02 130 15684 8 2 33 87
 1.920000E+02 137 15683 10 4 34 89
 1.960000E+02 137 15683 7 5 35 90
 2.000000E+02 145 15681 12 4 36 93

#Simulation ended (eff.: 0.955797, detail below)
	#Events: 16217
	#Valid embedding but no longer unary when required: 0.000000
	#Valid embedding but not binary when required: 0.000000
	#Clashing instance: 0.000000
	#Lazy negative update: 1.000000
	#Lazy negative update of non local instances: 0.000000
	#Perturbation interrupting time advance: 0.000000
