# time 'Cases' 'Susceptible' 'Exposed' 'Infected' 'Removed' 'Deads'
 0.000000E+00 0 700 0 0 0 0
 4.000000E+00 0 700 0 0 0 0
 8.000000E+00 4 700 4 0 0 0
 1.200000E+01 4 700 4 0 0 0
 1.600000E+01 5 700 5 0 0 0
 2.000000E+01 7 700 6 0 1 0
 2.400000E+01 3 700 2 0 1 0
 2.800000E+01 3 700 1 1 1 0
 3.200000E+01 7 699 5 0 2 0
 3.600000E+01 5 699 2 1 2 0
 4.000000E+01 12 699 10 0 2 0
 4.400000E+01 8 699 5 1 2 0
 4.800000E+01 6 698 3 1 2 0
 5.200000E+01 14 696 8 4 2 0
 5.600000E+01 12 696 7 1 2 2
 6.000000E+01 17 695 9 3 3 2
 6.400000E+01 11 695 4 1 3 3
 6.800000E+01 15 693 7 2 3 3
 7.200000E+01 12 693 3 1 3 5
 7.600000E+01 16 692 6 2 3 5
 8.000000E+01 20 689 10 1 3 6
 8.400000E+01 21 688 10 1 4 6
 8.800000E+01 19 686 7 1 4 7
 9.200000E+01 23 683 8 4 4 7
 9.600000E+01 30 679 12 6 4 8
 1.000000E+02 24 674 5 4 4 11
 1.040000E+02 32 673 10 5 4 13
 1.080000E+02 31 673 10 2 4 15
 1.120000E+02 31 672 6 2 4 19
 1.160000E+02 33 671 8 1 4 20
 1.200000E+02 38 670 12 2 4 20
 1.240000E+02 38 669 8 5 4 21
 1.280000E+02 44 668 13 3 4 24
 1.320000E+02 36 667 5 3 4 24
 1.360000E+02 43 667 7 6 4 26
 1.400000E+02 44 665 8 2 5 29
 1.440000E+02 44 663 5 4 6 29
 1.480000E+02 51 660 11 3 7 30
 1.520000E+02 49 656 7 4 7 31
 1.560000E+02 51 655 9 4 7 31
 1.600000E+02 49 655 6 3 7 33
 1.640000E+02 50 654 6 3 7 34
 1.680000E+02 52 653 6 3 9 34
 1.720000E+02 56 651 6 6 10 34
 1.760000E+02 56 649 5 3 13 35
 1.800000E+02 53 649 3 0 13 37
 1.840000E+02 59 647 5 1 16 37
 1.880000E+02 69 647 12 4 16 37
 1.920000E+02 66 647 8 3 17 38
 1.960000E+02 66 646 8 1 17 40
 2.000000E+02 63 641 3 2 17 41

#Simulation ended (eff.: 0.721126, detail below)
	#Events: 2485
	#Valid embedding but no longer unary when required: 0.000000
	#Valid embedding but not binary when required: 0.000000
	#Clashing instance: 0.000000
	#Lazy negative update: 1.000000
	#Lazy negative update of non local instances: 0.000000
	#Perturbation interrupting time advance: 0.000000
