# time 'Cases' 'Susceptible' 'Exposed' 'Infected' 'Removed' 'Deads'
 0.000000E+00 0 700 0 0 0 0
 4.000000E+00 1 700 1 0 0 0
 8.000000E+00 4 700 3 1 0 0
 1.200000E+01 1 700 1 0 0 0
 1.600000E+01 1 700 1 0 0 0
 2.000000E+01 4 700 3 1 0 0
 2.400000E+01 2 700 2 0 0 0
 2.800000E+01 3 700 3 0 0 0
 3.200000E+01 0 700 0 0 0 0
 3.600000E+01 2 700 2 0 0 0
 4.000000E+01 4 700 4 0 0 0
 4.400000E+01 3 700 2 1 0 0
 4.800000E+01 3 700 3 0 0 0
 5.200000E+01 1 700 1 0 0 0
 5.600000E+01 1 700 0 1 0 0
 6.000000E+01 3 699 2 1 0 0
 6.400000E+01 7 699 6 1 0 0
 6.800000E+01 5 699 4 1 0 0
 7.200000E+01 11 698 7 3 1 0
 7.600000E+01 10 697 6 3 1 0
 8.000000E+01 10 697 8 1 1 0
 8.400000E+01 10 697 6 1 2 1
 8.800000E+01 9 695 5 1 2 1
 9.200000E+01 15 693 8 2 2 3
 9.600000E+01 20 692 12 2 2 4
 1.000000E+02 13 692 5 1 2 5
 1.040000E+02 14 691 5 2 2 5
 1.080000E+02 22 689 8 6 2 6
 1.120000E+02 26 687 11 3 4 8
 1.160000E+02 22 684 6 2 5 9
 1.200000E+02 22 684 4 1 5 12
 1.240000E+02 25 681 7 0 5 13
 1.280000E+02 28 680 9 0 6 13
 1.320000E+02 35 680 14 1 6 14
 1.360000E+02 30 679 7 2 6 15
 1.400000E+02 37 676 15 0 6 16
 1.440000E+02 33 676 8 1 6 18
 1.480000E+02 33 673 6 3 6 18
 1.520000E+02 30 672 3 1 6 20
 1.560000E+02 31 672 2 2 6 21
 1.600000E+02 36 670 2 4 6 24
 1.640000E+02 39 669 5 1 7 26
 1.680000E+02 40 669 6 0 7 27
 1.720000E+02 39 669 3 2 7 27
 1.760000E+02 37 669 1 1 8 27
 1.800000E+02 42 669 6 1 8 27
 1.840000E+02 39 666 2 2 8 27
 1.880000E+02 39 666 1 3 8 27
 1.920000E+02 42 666 5 2 8 27
 1.960000E+02 41 664 3 2 8 28
 2.000000E+02 43 663 6 1 8 28

#Simulation ended (eff.: 0.705681, detail below)
	#Events: 1851
	#Valid embedding but no longer unary when required: 0.000000
	#Valid embedding but not binary when required: 0.000000
	#Clashing instance: 0.000000
	#Lazy negative update: 1.000000
	#Lazy negative update of non local instances: 0.000000
	#Perturbation interrupting time advance: 0.000000
