# time 'Cases' 'Susceptible' 'Exposed' 'Infected' 'Removed' 'Deads'
 0.000000E+00 0 15800 0 0 0 0
 4.000000E+00 2 15800 2 0 0 0
 8.000000E+00 1 15800 1 0 0 0
 1.200000E+01 5 15800 5 0 0 0
 1.600000E+01 5 15798 4 1 0 0
 2.000000E+01 4 15798 3 0 0 1
 2.400000E+01 7 15798 5 1 0 1
 2.800000E+01 5 15798 3 1 0 1
 3.200000E+01 9 15795 7 1 0 1
 3.600000E+01 10 15794 7 1 1 1
 4.000000E+01 6 15794 3 1 1 1
 4.400000E+01 8 15793 5 0 2 1
 4.800000E+01 14 15793 10 1 2 1
 5.200000E+01 12 15793 8 1 2 1
 5.600000E+01 19 15791 13 2 3 1
 6.000000E+01 16 15788 9 1 4 2
 6.400000E+01 34 15783 21 3 6 4
 6.800000E+01 28 15782 14 3 6 5
 7.200000E+01 29 15782 13 3 6 7
 7.600000E+01 29 15778 11 2 7 9
 8.000000E+01 29 15776 11 2 7 9
 8.400000E+01 43 15774 18 4 8 13
 8.800000E+01 42 15773 15 2 8 17
 9.200000E+01 44 15773 13 3 9 19
 9.600000E+01 60 15768 18 11 9 22
 1.000000E+02 64 15758 22 6 10 26
 1.040000E+02 71 15753 25 7 11 28
 1.080000E+02 75 15748 24 7 13 31
 1.120000E+02 72 15748 15 8 16 33
 1.160000E+02 82 15743 15 12 18 37
 1.200000E+02 96 15731 23 11 21 41
 1.240000E+02 99 15727 22 12 21 44
 1.280000E+02 105 15717 24 10 23 48
 1.320000E+02 109 15711 22 9 26 52
 1.360000E+02 102 15708 13 4 29 56
 1.400000E+02 116 15704 20 6 30 60
 1.440000E+02 119 15695 17 12 30 60
 1.480000E+02 126 15689 20 7 34 65
 1.520000E+02 126 15686 11 11 36 68
 1.560000E+02 140 15679 21 12 37 70
 1.600000E+02 150 15675 24 7 38 81
 1.640000E+02 153 15672 22 9 38 84
 1.680000E+02 161 15671 25 9 40 87
 1.720000E+02 157 15669 17 8 40 92
 1.760000E+02 155 15667 12 8 40 95
 1.800000E+02 161 15665 15 6 41 99
 1.840000E+02 164 15663 12 8 42 102
 1.880000E+02 168 15658 12 8 44 104
 1.920000E+02 164 15656 9 2 46 107
 1.960000E+02 172 15655 13 4 46 109
 2.000000E+02 171 15655 11 4 46 110

#Simulation ended (eff.: 0.949022, detail below)
	#Events: 16829
	#Valid embedding but no longer unary when required: 0.000000
	#Valid embedding but not binary when required: 0.000000
	#Clashing instance: 0.000000
	#Lazy negative update: 1.000000
	#Lazy negative update of non local instances: 0.000000
	#Perturbation interrupting time advance: 0.000000
