# time 'Cases' 'Susceptible' 'Exposed' 'Infected' 'Removed' 'Deads'
 0.000000E+00 0 700 0 0 0 0
 4.000000E+00 0 700 0 0 0 0
 8.000000E+00 4 699 3 1 0 0
 1.200000E+01 1 699 0 1 0 0
 1.600000E+01 2 699 1 1 0 0
 2.000000E+01 3 698 2 0 0 1
 2.400000E+01 2 698 1 0 0 1
 2.800000E+01 2 698 0 1 0 1
 3.200000E+01 4 698 1 1 1 1
 3.600000E+01 6 698 2 0 2 2
 4.000000E+01 11 697 6 1 2 2
 4.400000E+01 8 694 3 1 2 2
 4.800000E+01 10 693 5 1 2 2
 5.200000E+01 7 693 0 2 2 3
 5.600000E+01 11 692 4 1 2 4
 6.000000E+01 10 690 3 1 2 4
 6.400000E+01 13 690 6 0 2 5
 6.800000E+01 15 690 7 1 2 5
 7.200000E+01 13 688 2 3 3 5
 7.600000E+01 16 687 3 3 5 5
 8.000000E+01 16 685 3 1 6 6
 8.400000E+01 26 681 10 3 6 7
 8.800000E+01 22 679 6 2 7 7
 9.200000E+01 20 679 6 0 7 7
 9.600000E+01 20 677 5 1 7 7
 1.000000E+02 20 676 4 2 7 7
 1.040000E+02 23 673 5 2 8 8
 1.080000E+02 28 672 7 3 9 9
 1.120000E+02 33 668 9 6 9 9
 1.160000E+02 31 665 8 2 9 12
 1.200000E+02 36 664 11 2 9 14
 1.240000E+02 43 660 11 7 10 15
 1.280000E+02 35 659 5 3 10 17
 1.320000E+02 40 658 8 4 10 18
 1.360000E+02 43 658 10 4 11 18
 1.400000E+02 42 657 9 1 12 20
 1.440000E+02 43 657 9 0 12 22
 1.480000E+02 45 656 7 3 13 22
 1.520000E+02 48 655 8 2 13 25
 1.560000E+02 53 655 11 3 14 25
 1.600000E+02 52 653 7 1 14 30
 1.640000E+02 53 651 7 0 14 32
 1.680000E+02 51 651 3 1 14 33
 1.720000E+02 55 651 5 2 15 33
 1.760000E+02 53 650 3 1 16 33
 1.800000E+02 57 649 5 3 16 33
 1.840000E+02 61 648 8 1 16 36
 1.880000E+02 57 642 3 1 16 37
 1.920000E+02 59 642 5 0 16 38
 1.960000E+02 57 642 3 0 16 38
 2.000000E+02 56 642 1 0 16 39

#Simulation ended (eff.: 0.722342, detail below)
	#Events: 2011
	#Valid embedding but no longer unary when required: 0.000000
	#Valid embedding but not binary when required: 0.000000
	#Clashing instance: 0.000000
	#Lazy negative update: 1.000000
	#Lazy negative update of non local instances: 0.000000
	#Perturbation interrupting time advance: 0.000000
