# time 'Cases' 'Susceptible' 'Exposed' 'Infected' 'Removed' 'Deads'
 0.000000E+00 0 470 0 0 0 0
 4.000000E+00 1 470 0 1 0 0
 8.000000E+00 5 464 3 1 0 1
 1.200000E+01 4 463 2 1 0 1
 1.600000E+01 3 463 1 0 0 2
 2.000000E+01 6 463 2 1 1 2
 2.400000E+01 6 463 1 2 1 2
 2.800000E+01 5 463 1 0 1 3
 3.200000E+01 5 463 1 0 1 3
 3.600000E+01 4 463 0 0 1 3
 4.000000E+01 6 463 2 0 1 3
 4.400000E+01 6 463 2 0 1 3
 4.800000E+01 6 463 2 0 1 3
 5.200000E+01 6 463 2 0 1 3
 5.600000E+01 6 463 2 0 1 3
 6.000000E+01 5 463 0 1 1 3
 6.400000E+01 9 462 4 1 1 3
 6.800000E+01 7 461 2 0 1 4
 7.200000E+01 9 460 4 0 1 4
 7.600000E+01 8 459 2 1 1 4
 8.000000E+01 12 456 4 2 1 5
 8.400000E+01 9 455 2 1 1 5
 8.800000E+01 11 455 3 2 1 5
 9.200000E+01 10 454 1 3 1 5
 9.600000E+01 11 454 2 2 1 6
 1.000000E+02 15 454 7 1 1 6
 1.040000E+02 14 454 6 1 1 6
 1.080000E+02 16 453 5 2 2 7
 1.120000E+02 14 451 5 0 2 7
 1.160000E+02 14 449 4 0 2 8
 1.200000E+02 19 449 8 1 2 8
 1.240000E+02 17 449 4 2 3 8
 1.280000E+02 16 448 4 1 3 8
 1.320000E+02 17 447 4 1 3 9
 1.360000E+02 18 447 4 0 5 9
 1.400000E+02 16 447 2 0 5 9
 1.440000E+02 16 447 2 0 5 9
 1.480000E+02 19 446 3 1 6 9
 1.520000E+02 20 446 4 1 6 9
 1.560000E+02 19 446 3 1 6 9
 1.600000E+02 22 446 5 1 7 9
 1.640000E+02 21 445 3 0 9 9
 1.680000E+02 21 445 2 0 9 10
 1.720000E+02 23 445 2 2 9 10
 1.760000E+02 22 444 1 0 10 11
 1.800000E+02 24 444 3 0 10 11
 1.840000E+02 23 444 1 1 10 11
 1.880000E+02 24 444 0 2 10 12
 1.920000E+02 26 442 1 1 11 13
 1.960000E+02 28 442 3 0 11 14
 2.000000E+02 26 441 0 1 11 14

#Simulation ended (eff.: 0.731596, detail below)
	#Events: 1123
	#Valid embedding but no longer unary when required: 0.000000
	#Valid embedding but not binary when required: 0.000000
	#Clashing instance: 0.000000
	#Lazy negative update: 1.000000
	#Lazy negative update of non local instances: 0.000000
	#Perturbation interrupting time advance: 0.000000
