# time 'Cases' 'Susceptible' 'Exposed' 'Infected' 'Removed' 'Deads'
 0.000000E+00 0 7000 0 0 0 0
 4.000000E+00 2 7000 1 1 0 0
 8.000000E+00 4 7000 2 2 0 0
 1.200000E+01 3 7000 2 0 0 1
 1.600000E+01 4 7000 3 0 0 1
 2.000000E+01 3 7000 2 0 0 1
 2.400000E+01 5 7000 4 0 0 1
 2.800000E+01 4 7000 3 0 0 1
 3.200000E+01 9 7000 8 0 0 1
 3.600000E+01 8 6999 4 3 0 1
 4.000000E+01 6 6998 4 1 0 1
 4.400000E+01 4 6997 1 1 0 2
 4.800000E+01 5 6997 3 0 0 2
 5.200000E+01 10 6996 6 1 1 2
 5.600000E+01 10 6995 5 1 2 2
 6.000000E+01 10 6995 4 1 2 3
 6.400000E+01 14 6994 7 2 2 3
 6.800000E+01 16 6989 6 2 4 4
 7.200000E+01 20 6986 8 3 4 5
 7.600000E+01 20 6983 7 2 6 5
 8.000000E+01 22 6983 10 0 7 5
 8.400000E+01 24 6982 9 3 7 5
 8.800000E+01 27 6981 10 3 9 5
 9.200000E+01 30 6980 12 1 10 7
 9.600000E+01 27 6979 9 1 10 7
 1.000000E+02 31 6978 12 2 10 7
 1.040000E+02 30 6977 9 4 10 7
 1.080000E+02 35 6976 10 5 10 10
 1.120000E+02 36 6969 6 6 11 13
 1.160000E+02 50 6969 19 5 11 15
 1.200000E+02 48 6966 11 5 13 19
 1.240000E+02 45 6964 10 1 13 21
 1.280000E+02 43 6960 8 1 13 21
 1.320000E+02 42 6959 6 1 13 22
 1.360000E+02 47 6959 10 1 13 23
 1.400000E+02 50 6958 6 6 14 24
 1.440000E+02 54 6957 10 2 15 27
 1.480000E+02 51 6957 6 2 15 28
 1.520000E+02 56 6957 11 0 17 28
 1.560000E+02 57 6956 10 2 17 28
 1.600000E+02 59 6956 9 2 17 31
 1.640000E+02 55 6956 4 1 19 31
 1.680000E+02 58 6955 5 3 19 31
 1.720000E+02 58 6952 4 1 19 34
 1.760000E+02 60 6951 3 1 19 37
 1.800000E+02 63 6951 4 2 19 38
 1.840000E+02 64 6951 5 1 19 39
 1.880000E+02 66 6949 6 1 20 39
 1.920000E+02 68 6949 7 2 20 39
 1.960000E+02 65 6949 3 2 20 40
 2.000000E+02 70 6949 7 2 21 40

#Simulation ended (eff.: 0.897288, detail below)
	#Events: 7775
	#Valid embedding but no longer unary when required: 0.000000
	#Valid embedding but not binary when required: 0.000000
	#Clashing instance: 0.000000
	#Lazy negative update: 1.000000
	#Lazy negative update of non local instances: 0.000000
	#Perturbation interrupting time advance: 0.000000
