# time 'Cases' 'Susceptible' 'Exposed' 'Infected' 'Removed' 'Deads'
 0.000000E+00 0 470 0 0 0 0
 4.000000E+00 0 470 0 0 0 0
 8.000000E+00 0 470 0 0 0 0
 1.200000E+01 0 470 0 0 0 0
 1.600000E+01 1 470 1 0 0 0
 2.000000E+01 0 470 0 0 0 0
 2.400000E+01 2 470 1 1 0 0
 2.800000E+01 1 469 0 1 0 0
 3.200000E+01 3 466 1 1 1 0
 3.600000E+01 3 465 1 0 1 1
 4.000000E+01 4 464 1 1 1 1
 4.400000E+01 5 462 1 2 1 1
 4.800000E+01 6 461 2 1 1 2
 5.200000E+01 6 460 3 0 1 2
 5.600000E+01 8 459 5 0 1 2
 6.000000E+01 5 459 1 1 1 2
 6.400000E+01 9 457 4 2 1 2
 6.800000E+01 8 453 3 2 1 2
 7.200000E+01 10 452 4 3 1 2
 7.600000E+01 7 451 3 0 2 2
 8.000000E+01 7 449 2 0 2 3
 8.400000E+01 10 447 4 1 2 3
 8.800000E+01 11 446 5 1 2 3
 9.200000E+01 14 446 7 2 2 3
 9.600000E+01 10 446 3 0 3 4
 1.000000E+02 10 446 2 1 3 4
 1.040000E+02 17 445 7 2 3 5
 1.080000E+02 18 444 6 4 3 5
 1.120000E+02 20 438 9 2 3 6
 1.160000E+02 15 438 3 3 3 6
 1.200000E+02 19 437 6 1 3 9
 1.240000E+02 24 436 11 1 3 9
 1.280000E+02 20 435 4 2 3 11
 1.320000E+02 23 435 5 1 4 13
 1.360000E+02 26 434 6 1 6 13
 1.400000E+02 25 431 3 3 6 13
 1.440000E+02 25 429 5 1 6 13
 1.480000E+02 37 428 12 5 6 14
 1.520000E+02 31 425 4 4 6 17
 1.560000E+02 35 422 5 5 6 19
 1.600000E+02 33 420 3 3 6 21
 1.640000E+02 36 419 5 3 6 22
 1.680000E+02 34 419 3 1 7 23
 1.720000E+02 37 419 4 3 7 23
 1.760000E+02 32 419 1 0 7 24
 1.800000E+02 33 418 1 1 7 24
 1.840000E+02 38 417 4 3 7 24
 1.880000E+02 37 417 3 1 8 25
 1.920000E+02 35 416 1 1 8 25
 1.960000E+02 39 416 2 2 9 26
 2.000000E+02 37 416 1 0 10 26

#Simulation ended (eff.: 0.758140, detail below)
	#Events: 1304
	#Valid embedding but no longer unary when required: 0.000000
	#Valid embedding but not binary when required: 0.000000
	#Clashing instance: 0.000000
	#Lazy negative update: 1.000000
	#Lazy negative update of non local instances: 0.000000
	#Perturbation interrupting time advance: 0.000000
