# time 'Cases' 'Susceptible' 'Exposed' 'Infected' 'Removed' 'Deads'
 0.000000E+00 0 1580 0 0 0 0
 4.000000E+00 2 1580 2 0 0 0
 8.000000E+00 4 1580 4 0 0 0
 1.200000E+01 4 1580 4 0 0 0
 1.600000E+01 6 1580 2 4 0 0
 2.000000E+01 6 1577 3 2 0 1
 2.400000E+01 10 1577 5 1 2 2
 2.800000E+01 10 1577 6 0 2 2
 3.200000E+01 17 1575 10 3 2 2
 3.600000E+01 19 1574 12 2 2 3
 4.000000E+01 18 1570 7 4 3 4
 4.400000E+01 14 1567 5 1 3 5
 4.800000E+01 19 1566 8 1 4 6
 5.200000E+01 30 1565 18 1 4 7
 5.600000E+01 33 1565 17 3 4 9
 6.000000E+01 31 1562 12 3 5 11
 6.400000E+01 34 1559 10 6 6 12
 6.800000E+01 38 1557 14 1 7 16
 7.200000E+01 48 1556 20 3 7 18
 7.600000E+01 47 1552 16 5 8 18
 8.000000E+01 49 1548 13 6 8 22
 8.400000E+01 58 1542 17 10 8 23
 8.800000E+01 64 1537 22 8 9 25
 9.200000E+01 63 1532 19 6 10 28
 9.600000E+01 62 1530 12 8 12 30
 1.000000E+02 80 1526 26 6 14 34
 1.040000E+02 79 1518 20 9 14 36
 1.080000E+02 93 1514 27 9 14 43
 1.120000E+02 102 1507 26 15 16 45
 1.160000E+02 98 1504 19 12 17 50
 1.200000E+02 109 1498 25 7 20 57
 1.240000E+02 119 1490 23 8 23 65
 1.280000E+02 119 1485 18 7 25 69
 1.320000E+02 124 1481 19 4 27 74
 1.360000E+02 129 1479 19 6 29 75
 1.400000E+02 132 1477 16 5 31 80
 1.440000E+02 145 1471 21 7 31 86
 1.480000E+02 149 1466 20 8 31 90
 1.520000E+02 151 1462 19 7 33 92
 1.560000E+02 154 1459 16 7 37 94
 1.600000E+02 156 1454 13 8 37 98
 1.640000E+02 161 1451 12 5 39 105
 1.680000E+02 166 1448 10 8 40 108
 1.720000E+02 166 1443 12 4 40 110
 1.760000E+02 168 1443 13 2 40 113
 1.800000E+02 165 1442 8 4 40 113
 1.840000E+02 165 1441 6 5 41 113
 1.880000E+02 170 1440 9 4 41 116
 1.920000E+02 165 1437 4 1 42 118
 1.960000E+02 169 1434 5 3 42 119
 2.000000E+02 175 1433 9 4 42 120

#Simulation ended (eff.: 0.844283, detail below)
	#Events: 4408
	#Valid embedding but no longer unary when required: 0.000000
	#Valid embedding but not binary when required: 0.000000
	#Clashing instance: 0.000000
	#Lazy negative update: 1.000000
	#Lazy negative update of non local instances: 0.000000
	#Perturbation interrupting time advance: 0.000000
