# time 'Cases' 'Susceptible' 'Exposed' 'Infected' 'Removed' 'Deads'
 0.000000E+00 10 100000 0 10 0 0
 4.000000E+00 14 99990 6 2 3 3
 8.000000E+00 18 99989 8 1 5 4
 1.200000E+01 15 99987 5 1 5 4
 1.600000E+01 18 99987 6 2 5 5
 2.000000E+01 22 99981 7 2 6 7
 2.400000E+01 26 99978 10 1 6 9
 2.800000E+01 29 99973 10 3 6 10
 3.200000E+01 32 99971 8 5 7 12
 3.600000E+01 44 99959 18 4 7 15
 4.000000E+01 50 99948 18 8 8 16
 4.400000E+01 57 99942 23 5 11 18
 4.800000E+01 58 99939 17 9 11 21
 5.200000E+01 62 99928 17 8 12 25
 5.600000E+01 75 99921 25 9 13 28
 6.000000E+01 88 99909 28 14 14 32
 6.400000E+01 97 99895 32 14 16 35
 6.800000E+01 107 99885 40 11 18 38
 7.200000E+01 109 99877 28 18 20 43
 7.600000E+01 124 99864 30 22 22 50
 8.000000E+01 142 99848 43 14 26 59
 8.400000E+01 143 99840 40 14 28 61
 8.800000E+01 151 99830 33 22 31 65
 9.200000E+01 167 99812 42 17 34 74
 9.600000E+01 178 99801 44 15 38 81
 1.000000E+02 184 99790 38 16 40 90
 1.040000E+02 208 99771 46 19 44 99
 1.080000E+02 220 99755 46 23 44 107
 1.120000E+02 231 99734 50 20 46 115
 1.160000E+02 238 99724 48 19 46 125
 1.200000E+02 260 99708 54 21 50 135
 1.240000E+02 273 99700 49 24 55 145
 1.280000E+02 297 99689 55 27 61 154
 1.320000E+02 312 99671 53 23 65 171
 1.360000E+02 319 99663 53 14 71 181
 1.400000E+02 337 99645 49 22 75 191
 1.440000E+02 346 99629 46 24 79 197
 1.480000E+02 374 99612 55 23 83 213
 1.520000E+02 378 99601 48 22 86 222
 1.560000E+02 391 99591 40 26 91 234
 1.600000E+02 400 99579 41 16 98 245
 1.640000E+02 412 99569 38 21 100 253
 1.680000E+02 418 99563 34 19 104 261
 1.720000E+02 434 99554 37 19 112 266
 1.760000E+02 447 99538 39 20 115 273
 1.800000E+02 463 99528 40 21 117 285
 1.840000E+02 483 99502 43 27 123 290
 1.880000E+02 484 99494 34 21 128 301
 1.920000E+02 494 99491 38 16 132 308
 1.960000E+02 495 99486 23 16 139 317
 2.000000E+02 511 99479 25 20 141 325

#Simulation ended (eff.: 0.986229, detail below)
	#Events: 93605
	#Valid embedding but no longer unary when required: 0.000000
	#Valid embedding but not binary when required: 0.000000
	#Clashing instance: 0.000000
	#Lazy negative update: 1.000000
	#Lazy negative update of non local instances: 0.000000
	#Perturbation interrupting time advance: 0.000000
