# time 'Cases' 'Susceptible' 'Exposed' 'Infected' 'Removed' 'Deads'
 0.000000E+00 0 4700 0 0 0 0
 4.000000E+00 0 4700 0 0 0 0
 8.000000E+00 0 4700 0 0 0 0
 1.200000E+01 1 4700 1 0 0 0
 1.600000E+01 2 4700 2 0 0 0
 2.000000E+01 8 4699 7 1 0 0
 2.400000E+01 4 4699 2 0 0 2
 2.800000E+01 3 4699 1 0 0 2
 3.200000E+01 6 4698 4 0 0 2
 3.600000E+01 3 4698 1 0 0 2
 4.000000E+01 5 4698 3 0 0 2
 4.400000E+01 5 4698 3 0 0 2
 4.800000E+01 6 4698 4 0 0 2
 5.200000E+01 11 4696 6 0 0 5
 5.600000E+01 15 4694 9 0 0 6
 6.000000E+01 16 4694 9 1 0 6
 6.400000E+01 13 4693 4 1 0 8
 6.800000E+01 13 4691 3 2 0 8
 7.200000E+01 18 4691 8 0 0 10
 7.600000E+01 22 4690 9 2 1 10
 8.000000E+01 23 4685 8 2 1 12
 8.400000E+01 24 4685 9 1 1 13
 8.800000E+01 28 4685 9 5 1 13
 9.200000E+01 27 4681 8 2 1 16
 9.600000E+01 26 4677 7 1 1 17
 1.000000E+02 28 4676 8 2 1 17
 1.040000E+02 25 4676 6 1 1 17
 1.080000E+02 33 4674 11 4 1 17
 1.120000E+02 26 4672 3 4 1 18
 1.160000E+02 29 4672 5 2 2 20
 1.200000E+02 37 4669 10 4 2 21
 1.240000E+02 35 4666 5 5 3 22
 1.280000E+02 38 4666 10 2 4 22
 1.320000E+02 42 4665 14 0 5 23
 1.360000E+02 45 4663 13 2 6 24
 1.400000E+02 39 4662 5 2 7 25
 1.440000E+02 45 4661 9 3 8 25
 1.480000E+02 49 4659 10 5 9 25
 1.520000E+02 51 4659 11 3 10 27
 1.560000E+02 51 4659 6 1 11 33
 1.600000E+02 50 4659 5 1 11 33
 1.640000E+02 52 4659 7 1 11 33
 1.680000E+02 51 4659 5 2 11 33
 1.720000E+02 50 4659 4 0 12 34
 1.760000E+02 55 4658 5 2 12 36
 1.800000E+02 57 4658 6 2 12 37
 1.840000E+02 59 4657 7 3 12 37
 1.880000E+02 62 4656 9 3 12 38
 1.920000E+02 59 4655 7 2 12 38
 1.960000E+02 64 4653 10 4 12 38
 2.000000E+02 63 4650 8 4 12 39

#Simulation ended (eff.: 0.901019, detail below)
	#Events: 5571
	#Valid embedding but no longer unary when required: 0.000000
	#Valid embedding but not binary when required: 0.000000
	#Clashing instance: 0.000000
	#Lazy negative update: 1.000000
	#Lazy negative update of non local instances: 0.000000
	#Perturbation interrupting time advance: 0.000000
