# time 'Cases' 'Susceptible' 'Exposed' 'Infected' 'Removed' 'Deads'
 0.000000E+00 0 4700 0 0 0 0
 4.000000E+00 0 4700 0 0 0 0
 8.000000E+00 1 4700 1 0 0 0
 1.200000E+01 2 4700 2 0 0 0
 1.600000E+01 0 4700 0 0 0 0
 2.000000E+01 2 4700 2 0 0 0
 2.400000E+01 1 4700 0 0 0 1
 2.800000E+01 2 4700 1 0 0 1
 3.200000E+01 5 4700 4 0 0 1
 3.600000E+01 8 4699 6 1 0 1
 4.000000E+01 4 4699 0 1 0 3
 4.400000E+01 7 4699 3 0 1 3
 4.800000E+01 8 4699 4 0 1 3
 5.200000E+01 11 4699 4 3 1 3
 5.600000E+01 9 4699 0 2 1 6
 6.000000E+01 16 4698 6 2 1 7
 6.400000E+01 14 4697 6 0 1 7
 6.800000E+01 14 4697 3 2 2 7
 7.200000E+01 16 4697 6 1 2 7
 7.600000E+01 17 4697 6 2 2 7
 8.000000E+01 15 4695 4 1 2 8
 8.400000E+01 22 4692 9 2 3 8
 8.800000E+01 27 4692 11 4 3 9
 9.200000E+01 23 4690 6 2 4 11
 9.600000E+01 22 4690 6 1 4 11
 1.000000E+02 20 4690 5 0 4 11
 1.040000E+02 26 4690 8 2 4 12
 1.080000E+02 26 4690 7 1 4 14
 1.120000E+02 27 4687 3 5 5 14
 1.160000E+02 28 4685 5 3 5 15
 1.200000E+02 28 4684 5 2 5 16
 1.240000E+02 30 4682 6 2 5 17
 1.280000E+02 29 4680 5 1 5 18
 1.320000E+02 31 4678 5 2 5 19
 1.360000E+02 35 4678 8 1 5 21
 1.400000E+02 39 4676 9 2 6 22
 1.440000E+02 38 4674 6 3 6 23
 1.480000E+02 36 4669 5 1 7 23
 1.520000E+02 44 4668 8 5 8 23
 1.560000E+02 36 4668 2 0 8 26
 1.600000E+02 44 4668 5 4 8 27
 1.640000E+02 44 4668 3 2 8 31
 1.680000E+02 44 4666 4 0 8 32
 1.720000E+02 43 4665 2 1 8 32
 1.760000E+02 48 4664 5 2 8 33
 1.800000E+02 50 4664 6 2 8 34
 1.840000E+02 44 4663 0 2 8 34
 1.880000E+02 50 4660 6 1 8 35
 1.920000E+02 50 4658 5 2 8 35
 1.960000E+02 49 4658 2 3 8 36
 2.000000E+02 50 4657 1 3 8 38

#Simulation ended (eff.: 0.910531, detail below)
	#Events: 5231
	#Valid embedding but no longer unary when required: 0.000000
	#Valid embedding but not binary when required: 0.000000
	#Clashing instance: 0.000000
	#Lazy negative update: 1.000000
	#Lazy negative update of non local instances: 0.000000
	#Perturbation interrupting time advance: 0.000000
