# time 'Cases' 'Susceptible' 'Exposed' 'Infected' 'Removed' 'Deads'
 0.000000E+00 0 470 0 0 0 0
 4.000000E+00 3 467 0 1 0 2
 8.000000E+00 6 466 3 0 0 3
 1.200000E+01 5 466 2 0 0 3
 1.600000E+01 4 465 1 0 0 3
 2.000000E+01 4 463 1 0 0 3
 2.400000E+01 3 463 0 0 0 3
 2.800000E+01 6 463 3 0 0 3
 3.200000E+01 5 463 2 0 0 3
 3.600000E+01 4 463 0 1 0 3
 4.000000E+01 4 463 0 1 0 3
 4.400000E+01 4 463 1 0 0 3
 4.800000E+01 4 463 1 0 0 3
 5.200000E+01 4 463 1 0 0 3
 5.600000E+01 6 463 3 0 0 3
 6.000000E+01 6 463 3 0 0 3
 6.400000E+01 6 463 3 0 0 3
 6.800000E+01 5 463 2 0 0 3
 7.200000E+01 9 463 3 1 0 5
 7.600000E+01 6 461 1 0 0 5
 8.000000E+01 10 461 5 0 0 5
 8.400000E+01 8 461 3 0 0 5
 8.800000E+01 9 460 2 1 0 6
 9.200000E+01 9 460 2 0 1 6
 9.600000E+01 16 459 7 1 1 7
 1.000000E+02 14 456 5 1 1 7
 1.040000E+02 18 450 6 3 1 8
 1.080000E+02 18 449 6 2 2 8
 1.120000E+02 14 447 2 2 2 8
 1.160000E+02 13 446 0 2 3 8
 1.200000E+02 19 446 7 0 3 9
 1.240000E+02 18 446 5 1 3 9
 1.280000E+02 24 443 7 4 3 10
 1.320000E+02 25 438 7 3 3 12
 1.360000E+02 24 437 4 2 5 13
 1.400000E+02 24 435 3 2 5 14
 1.440000E+02 25 435 4 0 6 15
 1.480000E+02 27 435 5 1 6 15
 1.520000E+02 28 435 5 1 7 15
 1.560000E+02 25 434 1 1 8 15
 1.600000E+02 30 434 6 0 8 16
 1.640000E+02 27 434 3 0 8 16
 1.680000E+02 27 434 3 0 8 16
 1.720000E+02 26 434 1 1 8 16
 1.760000E+02 31 432 3 2 8 18
 1.800000E+02 32 431 4 1 8 19
 1.840000E+02 30 431 3 0 8 19
 1.880000E+02 31 431 2 2 8 19
 1.920000E+02 32 431 3 0 10 19
 1.960000E+02 33 431 3 1 10 19
 2.000000E+02 32 430 1 1 10 20

#Simulation ended (eff.: 0.742492, detail below)
	#Events: 1162
	#Valid embedding but no longer unary when required: 0.000000
	#Valid embedding but not binary when required: 0.000000
	#Clashing instance: 0.000000
	#Lazy negative update: 1.000000
	#Lazy negative update of non local instances: 0.000000
	#Perturbation interrupting time advance: 0.000000
