# time 'Cases' 'Susceptible' 'Exposed' 'Infected' 'Removed' 'Deads'
 0.000000E+00 0 4700 0 0 0 0
 4.000000E+00 2 4700 2 0 0 0
 8.000000E+00 1 4700 1 0 0 0
 1.200000E+01 3 4699 1 2 0 0
 1.600000E+01 4 4699 2 0 1 1
 2.000000E+01 5 4699 3 0 1 1
 2.400000E+01 4 4699 1 0 1 2
 2.800000E+01 4 4699 1 0 1 2
 3.200000E+01 4 4699 1 0 1 2
 3.600000E+01 6 4699 3 0 1 2
 4.000000E+01 8 4699 3 1 2 2
 4.400000E+01 5 4699 0 1 2 2
 4.800000E+01 7 4699 1 1 2 3
 5.200000E+01 11 4698 5 1 2 3
 5.600000E+01 8 4698 1 1 2 4
 6.000000E+01 11 4696 4 1 2 4
 6.400000E+01 10 4695 3 0 2 5
 6.800000E+01 10 4694 2 1 2 5
 7.200000E+01 11 4693 2 2 2 5
 7.600000E+01 10 4691 0 3 2 5
 8.000000E+01 12 4688 2 2 3 5
 8.400000E+01 11 4684 2 1 3 5
 8.800000E+01 12 4683 3 0 3 6
 9.200000E+01 17 4683 7 1 3 6
 9.600000E+01 16 4682 5 2 3 6
 1.000000E+02 16 4681 4 1 4 7
 1.040000E+02 17 4680 4 1 5 7
 1.080000E+02 15 4680 2 1 5 7
 1.120000E+02 15 4680 2 0 5 8
 1.160000E+02 19 4679 5 1 5 8
 1.200000E+02 15 4679 1 1 5 8
 1.240000E+02 21 4678 5 3 5 8
 1.280000E+02 24 4678 6 4 5 9
 1.320000E+02 21 4677 3 2 6 10
 1.360000E+02 21 4675 3 1 6 11
 1.400000E+02 23 4675 3 1 7 12
 1.440000E+02 26 4674 6 0 7 13
 1.480000E+02 24 4673 3 0 7 14
 1.520000E+02 26 4673 4 0 7 15
 1.560000E+02 26 4672 3 1 7 15
 1.600000E+02 23 4671 1 0 7 15
 1.640000E+02 23 4671 1 0 7 15
 1.680000E+02 23 4671 1 0 7 15
 1.720000E+02 29 4671 6 1 7 15
 1.760000E+02 25 4670 1 2 7 15
 1.800000E+02 27 4670 3 1 7 16
 1.840000E+02 23 4670 0 0 7 16
 1.880000E+02 29 4669 5 1 7 16
 1.920000E+02 23 4669 0 0 7 16
 1.960000E+02 25 4669 2 0 7 16
 2.000000E+02 25 4669 2 0 7 16

#Simulation ended (eff.: 0.926916, detail below)
	#Events: 4680
	#Valid embedding but no longer unary when required: 0.000000
	#Valid embedding but not binary when required: 0.000000
	#Clashing instance: 0.000000
	#Lazy negative update: 1.000000
	#Lazy negative update of non local instances: 0.000000
	#Perturbation interrupting time advance: 0.000000
