# time 'Cases' 'Susceptible' 'Exposed' 'Infected' 'Removed' 'Deads'
 0.000000E+00 0 470 0 0 0 0
 4.000000E+00 2 470 1 1 0 0
 8.000000E+00 2 470 2 0 0 0
 1.200000E+01 1 469 0 0 1 0
 1.600000E+01 3 469 2 0 1 0
 2.000000E+01 4 469 3 0 1 0
 2.400000E+01 2 468 0 0 1 1
 2.800000E+01 3 467 1 0 1 1
 3.200000E+01 4 467 2 0 1 1
 3.600000E+01 7 465 5 0 1 1
 4.000000E+01 5 465 3 0 1 1
 4.400000E+01 9 462 3 3 1 2
 4.800000E+01 9 459 4 0 1 4
 5.200000E+01 9 459 3 0 1 5
 5.600000E+01 10 459 3 1 1 5
 6.000000E+01 12 459 4 1 1 6
 6.400000E+01 11 457 3 1 1 6
 6.800000E+01 12 457 4 0 1 7
 7.200000E+01 12 457 3 1 1 7
 7.600000E+01 13 456 3 1 1 8
 8.000000E+01 17 455 7 1 1 8
 8.400000E+01 13 455 4 0 1 8
 8.800000E+01 15 455 5 1 1 8
 9.200000E+01 12 455 2 0 2 8
 9.600000E+01 19 455 6 3 2 8
 1.000000E+02 17 455 5 2 2 8
 1.040000E+02 19 453 6 1 3 9
 1.080000E+02 23 449 7 3 4 9
 1.120000E+02 24 449 9 1 4 10
 1.160000E+02 33 446 15 3 4 11
 1.200000E+02 35 444 10 6 7 12
 1.240000E+02 31 442 9 3 7 12
 1.280000E+02 29 441 6 2 8 13
 1.320000E+02 29 440 6 2 8 13
 1.360000E+02 31 439 5 2 10 14
 1.400000E+02 37 439 9 2 10 16
 1.440000E+02 41 438 7 4 13 17
 1.480000E+02 45 435 7 5 14 19
 1.520000E+02 45 431 7 2 14 22
 1.560000E+02 43 431 4 1 15 23
 1.600000E+02 45 430 5 1 16 23
 1.640000E+02 49 429 8 2 16 23
 1.680000E+02 43 426 3 1 16 23
 1.720000E+02 41 426 1 0 16 24
 1.760000E+02 47 424 4 2 17 24
 1.800000E+02 54 423 9 3 17 25
 1.840000E+02 55 422 7 4 18 26
 1.880000E+02 49 422 3 1 19 26
 1.920000E+02 48 421 1 2 19 26
 1.960000E+02 53 420 7 0 19 27
 2.000000E+02 49 420 2 1 19 27

#Simulation ended (eff.: 0.744611, detail below)
	#Events: 1589
	#Valid embedding but no longer unary when required: 0.000000
	#Valid embedding but not binary when required: 0.000000
	#Clashing instance: 0.000000
	#Lazy negative update: 1.000000
	#Lazy negative update of non local instances: 0.000000
	#Perturbation interrupting time advance: 0.000000
