# time 'Cases' 'Susceptible' 'Exposed' 'Infected' 'Removed' 'Deads'
 0.000000E+00 0 4700 0 0 0 0
 4.000000E+00 1 4700 0 1 0 0
 8.000000E+00 1 4700 1 0 0 0
 1.200000E+01 2 4699 2 0 0 0
 1.600000E+01 3 4699 3 0 0 0
 2.000000E+01 3 4698 2 1 0 0
 2.400000E+01 2 4697 1 0 0 1
 2.800000E+01 2 4697 1 0 0 1
 3.200000E+01 3 4696 1 0 0 2
 3.600000E+01 3 4695 1 0 0 2
 4.000000E+01 7 4695 4 1 0 2
 4.400000E+01 5 4694 2 0 0 3
 4.800000E+01 5 4694 2 0 0 3
 5.200000E+01 5 4694 2 0 0 3
 5.600000E+01 7 4692 2 1 0 4
 6.000000E+01 8 4692 3 0 0 5
 6.400000E+01 8 4691 2 1 0 5
 6.800000E+01 9 4691 2 1 0 6
 7.200000E+01 11 4688 3 2 0 6
 7.600000E+01 11 4687 2 0 1 8
 8.000000E+01 13 4687 3 0 2 8
 8.400000E+01 15 4687 3 1 2 9
 8.800000E+01 14 4687 3 0 2 9
 9.200000E+01 16 4685 5 0 2 9
 9.600000E+01 13 4685 1 1 2 9
 1.000000E+02 16 4684 4 1 2 9
 1.040000E+02 12 4684 1 0 2 9
 1.080000E+02 19 4682 6 2 2 9
 1.120000E+02 16 4681 3 2 2 9
 1.160000E+02 19 4680 5 2 2 10
 1.200000E+02 21 4680 5 1 2 13
 1.240000E+02 23 4679 8 0 2 13
 1.280000E+02 20 4678 4 1 2 13
 1.320000E+02 23 4676 5 3 2 13
 1.360000E+02 22 4675 5 0 3 14
 1.400000E+02 21 4675 3 1 3 14
 1.440000E+02 27 4674 5 3 3 16
 1.480000E+02 26 4673 6 1 3 16
 1.520000E+02 26 4673 6 1 3 16
 1.560000E+02 30 4671 8 1 4 17
 1.600000E+02 28 4668 3 1 5 19
 1.640000E+02 32 4668 6 1 5 20
 1.680000E+02 34 4667 6 2 5 21
 1.720000E+02 36 4665 7 1 5 23
 1.760000E+02 37 4664 5 4 5 23
 1.800000E+02 35 4663 4 3 5 23
 1.840000E+02 34 4663 5 0 5 24
 1.880000E+02 35 4663 3 2 6 24
 1.920000E+02 37 4663 4 2 6 25
 1.960000E+02 43 4661 8 2 7 26
 2.000000E+02 39 4661 3 1 8 27

#Simulation ended (eff.: 0.912454, detail below)
	#Events: 4982
	#Valid embedding but no longer unary when required: 0.000000
	#Valid embedding but not binary when required: 0.000000
	#Clashing instance: 0.000000
	#Lazy negative update: 1.000000
	#Lazy negative update of non local instances: 0.000000
	#Perturbation interrupting time advance: 0.000000
