# time 'Cases' 'Susceptible' 'Exposed' 'Infected' 'Removed' 'Deads'
 0.000000E+00 0 470 0 0 0 0
 4.000000E+00 0 470 0 0 0 0
 8.000000E+00 3 470 3 0 0 0
 1.200000E+01 3 470 3 0 0 0
 1.600000E+01 3 470 2 1 0 0
 2.000000E+01 2 468 1 0 0 1
 2.400000E+01 2 468 1 0 0 1
 2.800000E+01 3 468 2 0 0 1
 3.200000E+01 6 468 4 1 0 1
 3.600000E+01 5 468 2 2 0 1
 4.000000E+01 7 467 4 1 0 2
 4.400000E+01 9 466 5 0 0 4
 4.800000E+01 6 466 2 0 0 4
 5.200000E+01 10 466 4 2 0 4
 5.600000E+01 13 464 7 2 0 4
 6.000000E+01 12 464 5 2 1 4
 6.400000E+01 13 463 5 3 1 4
 6.800000E+01 14 463 6 1 2 5
 7.200000E+01 12 463 4 1 2 5
 7.600000E+01 15 462 4 4 2 5
 8.000000E+01 19 459 7 2 4 6
 8.400000E+01 21 459 8 1 5 7
 8.800000E+01 16 459 3 1 5 7
 9.200000E+01 23 457 7 2 6 8
 9.600000E+01 27 454 10 3 6 8
 1.000000E+02 21 453 4 1 7 9
 1.040000E+02 24 452 7 0 7 10
 1.080000E+02 21 452 4 0 7 10
 1.120000E+02 23 452 4 0 9 10
 1.160000E+02 27 452 7 1 9 10
 1.200000E+02 28 451 7 0 10 11
 1.240000E+02 35 450 10 2 11 12
 1.280000E+02 34 449 6 4 11 13
 1.320000E+02 39 446 9 3 12 15
 1.360000E+02 43 444 12 3 12 16
 1.400000E+02 43 443 11 1 13 18
 1.440000E+02 43 443 10 1 13 19
 1.480000E+02 47 441 10 3 14 20
 1.520000E+02 46 441 7 4 15 20
 1.560000E+02 50 440 9 2 16 23
 1.600000E+02 47 440 5 1 18 23
 1.640000E+02 48 439 6 1 18 23
 1.680000E+02 46 439 3 1 18 24
 1.720000E+02 52 439 9 0 18 25
 1.760000E+02 51 437 4 4 18 25
 1.800000E+02 54 437 5 2 21 26
 1.840000E+02 57 436 7 3 21 26
 1.880000E+02 55 436 4 3 21 27
 1.920000E+02 53 435 2 1 22 28
 1.960000E+02 57 435 4 2 22 29
 2.000000E+02 59 434 3 4 22 30

#Simulation ended (eff.: 0.753505, detail below)
	#Events: 1666
	#Valid embedding but no longer unary when required: 0.000000
	#Valid embedding but not binary when required: 0.000000
	#Clashing instance: 0.000000
	#Lazy negative update: 1.000000
	#Lazy negative update of non local instances: 0.000000
	#Perturbation interrupting time advance: 0.000000
