# time 'Cases' 'Susceptible' 'Exposed' 'Infected' 'Removed' 'Deads'
 0.000000E+00 0 1580 0 0 0 0
 4.000000E+00 2 1580 2 0 0 0
 8.000000E+00 5 1579 4 0 1 0
 1.200000E+01 5 1579 3 1 1 0
 1.600000E+01 8 1579 5 1 1 1
 2.000000E+01 9 1578 6 1 1 1
 2.400000E+01 6 1577 0 3 1 2
 2.800000E+01 13 1570 7 2 1 3
 3.200000E+01 12 1569 5 2 1 4
 3.600000E+01 14 1565 6 3 1 4
 4.000000E+01 14 1564 6 2 1 5
 4.400000E+01 15 1561 4 3 2 6
 4.800000E+01 17 1560 6 1 2 8
 5.200000E+01 16 1559 4 2 2 8
 5.600000E+01 20 1556 7 1 3 9
 6.000000E+01 28 1554 10 3 3 12
 6.400000E+01 30 1553 11 2 3 14
 6.800000E+01 32 1550 11 1 5 15
 7.200000E+01 27 1549 4 2 5 16
 7.600000E+01 32 1549 6 5 5 16
 8.000000E+01 32 1546 6 2 6 18
 8.400000E+01 32 1546 5 1 6 20
 8.800000E+01 37 1546 9 2 6 20
 9.200000E+01 38 1545 11 1 6 20
 9.600000E+01 36 1545 5 3 7 21
 1.000000E+02 42 1544 9 3 8 22
 1.040000E+02 42 1542 6 3 8 25
 1.080000E+02 43 1541 6 0 10 27
 1.120000E+02 50 1541 12 1 10 27
 1.160000E+02 48 1541 9 2 10 27
 1.200000E+02 55 1539 10 5 12 28
 1.240000E+02 53 1537 7 4 14 28
 1.280000E+02 48 1537 2 0 17 29
 1.320000E+02 51 1537 5 0 17 29
 1.360000E+02 50 1537 3 1 17 29
 1.400000E+02 53 1536 5 2 17 29
 1.440000E+02 56 1536 6 3 17 30
 1.480000E+02 57 1536 7 2 18 30
 1.520000E+02 60 1534 10 1 18 31
 1.560000E+02 56 1533 5 1 18 32
 1.600000E+02 57 1532 6 0 18 33
 1.640000E+02 59 1531 3 4 19 33
 1.680000E+02 62 1527 5 4 19 34
 1.720000E+02 62 1527 6 3 19 34
 1.760000E+02 62 1526 5 3 19 35
 1.800000E+02 60 1525 5 1 19 35
 1.840000E+02 62 1521 2 5 19 36
 1.880000E+02 64 1519 3 4 20 37
 1.920000E+02 63 1518 4 2 20 37
 1.960000E+02 65 1518 4 3 20 38
 2.000000E+02 68 1517 6 2 21 39

#Simulation ended (eff.: 0.840138, detail below)
	#Events: 2675
	#Valid embedding but no longer unary when required: 0.000000
	#Valid embedding but not binary when required: 0.000000
	#Clashing instance: 0.000000
	#Lazy negative update: 1.000000
	#Lazy negative update of non local instances: 0.000000
	#Perturbation interrupting time advance: 0.000000
