# time 'Cases' 'Susceptible' 'Exposed' 'Infected' 'Removed' 'Deads'
 0.000000E+00 10 10000 0 10 0 0
 4.000000E+00 14 9990 6 5 1 2
 8.000000E+00 15 9987 6 5 1 3
 1.200000E+01 19 9979 9 3 3 4
 1.600000E+01 25 9975 11 4 3 7
 2.000000E+01 26 9971 11 2 5 8
 2.400000E+01 32 9967 13 3 7 9
 2.800000E+01 35 9964 14 3 7 11
 3.200000E+01 37 9961 12 3 8 14
 3.600000E+01 42 9958 14 4 8 16
 4.000000E+01 48 9955 15 6 9 18
 4.400000E+01 58 9946 20 5 10 23
 4.800000E+01 58 9942 16 5 10 27
 5.200000E+01 71 9936 24 8 10 29
 5.600000E+01 80 9927 32 5 12 31
 6.000000E+01 80 9919 23 8 13 36
 6.400000E+01 95 9907 28 9 17 41
 6.800000E+01 101 9893 31 5 19 46
 7.200000E+01 106 9888 28 8 21 49
 7.600000E+01 132 9869 34 23 21 54
 8.000000E+01 145 9852 39 20 25 61
 8.400000E+01 152 9842 38 12 30 72
 8.800000E+01 158 9833 29 19 32 78
 9.200000E+01 175 9819 38 15 34 88
 9.600000E+01 180 9810 36 11 37 96
 1.000000E+02 189 9800 39 7 38 105
 1.040000E+02 223 9780 61 16 38 108
 1.080000E+02 220 9768 46 19 42 113
 1.120000E+02 246 9757 50 26 45 125
 1.160000E+02 255 9743 53 21 51 130
 1.200000E+02 277 9724 61 24 56 136
 1.240000E+02 287 9704 52 22 59 154
 1.280000E+02 305 9692 57 23 61 164
 1.320000E+02 319 9668 52 31 65 171
 1.360000E+02 313 9648 41 23 69 180
 1.400000E+02 335 9643 53 14 75 193
 1.440000E+02 347 9631 44 27 78 198
 1.480000E+02 376 9612 58 15 87 216
 1.520000E+02 375 9603 40 19 90 226
 1.560000E+02 398 9581 43 23 97 235
 1.600000E+02 406 9570 38 21 102 245
 1.640000E+02 403 9555 30 11 106 256
 1.680000E+02 423 9546 36 15 109 263
 1.720000E+02 433 9540 38 10 111 274
 1.760000E+02 446 9531 34 15 112 285
 1.800000E+02 457 9516 30 19 116 292
 1.840000E+02 475 9502 42 16 120 297
 1.880000E+02 481 9496 34 20 123 304
 1.920000E+02 490 9489 33 13 129 315
 1.960000E+02 501 9477 36 12 132 321
 2.000000E+02 499 9475 20 14 135 330

#Simulation ended (eff.: 0.936821, detail below)
	#Events: 15688
	#Valid embedding but no longer unary when required: 0.000000
	#Valid embedding but not binary when required: 0.000000
	#Clashing instance: 0.000000
	#Lazy negative update: 1.000000
	#Lazy negative update of non local instances: 0.000000
	#Perturbation interrupting time advance: 0.000000
