# time 'Cases' 'Susceptible' 'Exposed' 'Infected' 'Removed' 'Deads'
 0.000000E+00 0 7000 0 0 0 0
 4.000000E+00 2 7000 1 1 0 0
 8.000000E+00 2 7000 1 1 0 0
 1.200000E+01 4 7000 3 0 1 0
 1.600000E+01 2 7000 1 0 1 0
 2.000000E+01 5 7000 4 0 1 0
 2.400000E+01 2 7000 1 0 1 0
 2.800000E+01 3 7000 1 1 1 0
 3.200000E+01 5 7000 3 0 1 1
 3.600000E+01 5 7000 3 0 1 1
 4.000000E+01 6 6999 3 1 1 1
 4.400000E+01 3 6999 1 0 1 1
 4.800000E+01 4 6999 2 0 1 1
 5.200000E+01 3 6999 1 0 1 1
 5.600000E+01 7 6995 3 1 1 2
 6.000000E+01 6 6993 1 2 1 2
 6.400000E+01 10 6991 4 2 1 3
 6.800000E+01 9 6990 3 2 1 3
 7.200000E+01 8 6989 3 1 1 3
 7.600000E+01 12 6989 7 0 1 4
 8.000000E+01 11 6989 5 1 1 4
 8.400000E+01 13 6988 6 1 2 4
 8.800000E+01 18 6988 10 2 2 4
 9.200000E+01 15 6987 6 2 2 5
 9.600000E+01 18 6985 8 1 2 7
 1.000000E+02 15 6985 5 0 2 8
 1.040000E+02 17 6985 6 1 2 8
 1.080000E+02 18 6984 4 3 2 9
 1.120000E+02 23 6980 9 2 2 10
 1.160000E+02 18 6978 5 1 2 10
 1.200000E+02 20 6978 6 2 2 10
 1.240000E+02 22 6977 8 0 2 12
 1.280000E+02 24 6977 6 3 2 13
 1.320000E+02 28 6974 6 5 2 15
 1.360000E+02 25 6970 4 0 3 18
 1.400000E+02 28 6969 5 2 3 18
 1.440000E+02 33 6966 11 0 3 19
 1.480000E+02 32 6966 7 3 3 19
 1.520000E+02 36 6966 11 2 3 20
 1.560000E+02 32 6965 5 2 4 21
 1.600000E+02 36 6963 9 2 4 21
 1.640000E+02 38 6961 10 3 4 21
 1.680000E+02 40 6961 9 3 4 24
 1.720000E+02 33 6961 4 0 5 24
 1.760000E+02 38 6960 7 2 5 24
 1.800000E+02 34 6960 2 2 5 25
 1.840000E+02 43 6960 8 2 6 27
 1.880000E+02 35 6960 0 1 6 28
 1.920000E+02 43 6960 6 1 7 29
 1.960000E+02 39 6960 2 0 7 30
 2.000000E+02 41 6960 3 1 7 30

#Simulation ended (eff.: 0.900608, detail below)
	#Events: 7403
	#Valid embedding but no longer unary when required: 0.000000
	#Valid embedding but not binary when required: 0.000000
	#Clashing instance: 0.000000
	#Lazy negative update: 1.000000
	#Lazy negative update of non local instances: 0.000000
	#Perturbation interrupting time advance: 0.000000
