# time 'Cases' 'Susceptible' 'Exposed' 'Infected' 'Removed' 'Deads'
 0.000000E+00 0 1580 0 0 0 0
 4.000000E+00 2 1580 2 0 0 0
 8.000000E+00 1 1580 1 0 0 0
 1.200000E+01 1 1580 1 0 0 0
 1.600000E+01 2 1580 2 0 0 0
 2.000000E+01 7 1580 5 2 0 0
 2.400000E+01 6 1578 5 0 1 0
 2.800000E+01 8 1578 5 1 1 1
 3.200000E+01 13 1577 9 1 1 2
 3.600000E+01 16 1575 12 1 1 2
 4.000000E+01 18 1574 13 2 1 2
 4.400000E+01 8 1574 3 1 1 3
 4.800000E+01 22 1573 15 1 3 3
 5.200000E+01 21 1568 12 2 4 3
 5.600000E+01 21 1566 10 2 4 5
 6.000000E+01 27 1566 13 3 4 7
 6.400000E+01 30 1561 14 4 4 8
 6.800000E+01 31 1554 11 5 5 10
 7.200000E+01 48 1544 24 4 7 13
 7.600000E+01 43 1542 15 6 8 14
 8.000000E+01 54 1538 20 9 8 17
 8.400000E+01 59 1534 20 9 8 22
 8.800000E+01 65 1532 18 10 10 27
 9.200000E+01 78 1529 21 12 14 31
 9.600000E+01 85 1523 27 7 16 35
 1.000000E+02 89 1515 22 10 17 40
 1.040000E+02 104 1503 33 9 19 43
 1.080000E+02 100 1499 22 13 19 46
 1.120000E+02 106 1493 25 13 20 48
 1.160000E+02 112 1486 28 11 22 51
 1.200000E+02 113 1484 25 8 24 56
 1.240000E+02 124 1475 25 14 26 59
 1.280000E+02 131 1471 24 13 27 67
 1.320000E+02 136 1463 24 11 30 71
 1.360000E+02 149 1457 29 9 34 77
 1.400000E+02 161 1454 30 10 38 83
 1.440000E+02 153 1451 15 9 38 91
 1.480000E+02 159 1448 19 8 39 93
 1.520000E+02 157 1448 15 5 41 96
 1.560000E+02 168 1442 18 10 41 99
 1.600000E+02 172 1438 17 7 43 105
 1.640000E+02 167 1434 12 4 43 108
 1.680000E+02 175 1432 12 7 44 112
 1.720000E+02 177 1423 11 7 44 115
 1.760000E+02 184 1422 13 9 44 118
 1.800000E+02 188 1416 14 3 48 123
 1.840000E+02 188 1416 10 6 49 123
 1.880000E+02 199 1411 14 8 52 125
 1.920000E+02 200 1409 10 9 54 127
 1.960000E+02 204 1405 14 6 55 129
 2.000000E+02 206 1402 11 4 55 136

#Simulation ended (eff.: 0.852456, detail below)
	#Events: 4911
	#Valid embedding but no longer unary when required: 0.000000
	#Valid embedding but not binary when required: 0.000000
	#Clashing instance: 0.000000
	#Lazy negative update: 1.000000
	#Lazy negative update of non local instances: 0.000000
	#Perturbation interrupting time advance: 0.000000
