# time 'Cases' 'Susceptible' 'Exposed' 'Infected' 'Removed' 'Deads'
 0.000000E+00 0 4700 0 0 0 0
 4.000000E+00 0 4700 0 0 0 0
 8.000000E+00 3 4700 3 0 0 0
 1.200000E+01 0 4700 0 0 0 0
 1.600000E+01 2 4700 2 0 0 0
 2.000000E+01 2 4700 2 0 0 0
 2.400000E+01 3 4699 2 1 0 0
 2.800000E+01 2 4699 1 1 0 0
 3.200000E+01 1 4697 1 0 0 0
 3.600000E+01 6 4697 5 1 0 0
 4.000000E+01 9 4696 5 3 0 1
 4.400000E+01 6 4696 2 1 1 2
 4.800000E+01 8 4695 4 0 1 3
 5.200000E+01 10 4695 6 0 1 3
 5.600000E+01 7 4694 3 0 1 3
 6.000000E+01 8 4694 4 0 1 3
 6.400000E+01 9 4694 3 2 1 3
 6.800000E+01 14 4694 6 3 1 4
 7.200000E+01 10 4692 2 2 2 4
 7.600000E+01 12 4692 5 1 2 4
 8.000000E+01 9 4690 2 1 2 4
 8.400000E+01 17 4690 10 1 2 4
 8.800000E+01 17 4686 8 1 2 6
 9.200000E+01 17 4686 8 1 2 6
 9.600000E+01 18 4682 7 3 2 6
 1.000000E+02 19 4681 9 1 2 7
 1.040000E+02 17 4681 5 2 3 7
 1.080000E+02 24 4680 10 2 3 9
 1.120000E+02 30 4678 15 1 5 9
 1.160000E+02 22 4677 6 1 5 10
 1.200000E+02 22 4676 4 2 5 11
 1.240000E+02 22 4675 4 2 5 11
 1.280000E+02 25 4674 6 1 6 12
 1.320000E+02 30 4674 9 2 6 13
 1.360000E+02 31 4674 6 3 8 14
 1.400000E+02 33 4673 6 2 8 17
 1.440000E+02 39 4668 9 4 8 18
 1.480000E+02 41 4666 10 2 9 20
 1.520000E+02 43 4665 11 2 10 20
 1.560000E+02 42 4665 7 4 10 21
 1.600000E+02 45 4663 8 4 10 23
 1.640000E+02 45 4662 5 3 14 23
 1.680000E+02 47 4661 4 3 15 25
 1.720000E+02 47 4661 5 1 16 25
 1.760000E+02 49 4661 6 1 17 25
 1.800000E+02 48 4661 4 2 17 25
 1.840000E+02 51 4660 6 2 17 26
 1.880000E+02 44 4659 1 0 17 26
 1.920000E+02 45 4659 0 2 17 26
 1.960000E+02 51 4659 6 0 17 28
 2.000000E+02 48 4659 2 1 17 28

#Simulation ended (eff.: 0.899400, detail below)
	#Events: 5248
	#Valid embedding but no longer unary when required: 0.000000
	#Valid embedding but not binary when required: 0.000000
	#Clashing instance: 0.000000
	#Lazy negative update: 1.000000
	#Lazy negative update of non local instances: 0.000000
	#Perturbation interrupting time advance: 0.000000
