# time 'Cases' 'Susceptible' 'Exposed' 'Infected' 'Removed' 'Deads'
 0.000000E+00 0 7000 0 0 0 0
 4.000000E+00 3 6997 1 2 0 0
 8.000000E+00 5 6996 4 0 0 1
 1.200000E+01 3 6996 2 0 0 1
 1.600000E+01 3 6996 2 0 0 1
 2.000000E+01 10 6993 6 3 0 1
 2.400000E+01 6 6993 3 2 0 1
 2.800000E+01 8 6992 6 0 0 2
 3.200000E+01 6 6992 4 0 0 2
 3.600000E+01 8 6992 4 1 1 2
 4.000000E+01 11 6992 5 3 1 2
 4.400000E+01 11 6988 5 3 1 2
 4.800000E+01 9 6988 5 0 1 3
 5.200000E+01 10 6987 5 0 1 4
 5.600000E+01 8 6986 1 2 1 4
 6.000000E+01 15 6985 8 2 1 4
 6.400000E+01 17 6984 8 2 2 5
 6.800000E+01 13 6981 3 3 2 5
 7.200000E+01 18 6979 7 3 3 5
 7.600000E+01 19 6977 6 4 3 6
 8.000000E+01 18 6974 4 3 3 8
 8.400000E+01 29 6972 12 5 3 9
 8.800000E+01 33 6972 16 4 4 9
 9.200000E+01 24 6969 7 2 4 11
 9.600000E+01 30 6967 12 2 5 11
 1.000000E+02 29 6962 9 4 5 11
 1.040000E+02 29 6961 10 3 5 11
 1.080000E+02 29 6959 10 1 5 13
 1.120000E+02 32 6959 12 1 6 13
 1.160000E+02 29 6958 8 2 6 13
 1.200000E+02 35 6956 11 5 6 13
 1.240000E+02 32 6954 8 4 7 13
 1.280000E+02 37 6950 14 3 7 13
 1.320000E+02 32 6947 7 5 7 13
 1.360000E+02 32 6947 7 3 7 15
 1.400000E+02 38 6947 15 1 7 15
 1.440000E+02 32 6946 8 1 7 16
 1.480000E+02 41 6940 14 3 8 16
 1.520000E+02 37 6937 8 2 8 19
 1.560000E+02 47 6934 11 3 10 23
 1.600000E+02 45 6931 10 2 10 23
 1.640000E+02 44 6929 9 0 10 25
 1.680000E+02 50 6929 13 2 10 25
 1.720000E+02 48 6925 8 4 11 25
 1.760000E+02 53 6924 9 7 12 25
 1.800000E+02 53 6924 8 4 14 27
 1.840000E+02 53 6921 8 2 14 29
 1.880000E+02 61 6921 15 3 14 29
 1.920000E+02 58 6920 8 4 15 31
 1.960000E+02 55 6920 3 5 15 32
 2.000000E+02 58 6918 8 1 17 32

#Simulation ended (eff.: 0.893956, detail below)
	#Events: 8194
	#Valid embedding but no longer unary when required: 0.000000
	#Valid embedding but not binary when required: 0.000000
	#Clashing instance: 0.000000
	#Lazy negative update: 1.000000
	#Lazy negative update of non local instances: 0.000000
	#Perturbation interrupting time advance: 0.000000
