# time 'Cases' 'Susceptible' 'Exposed' 'Infected' 'Removed' 'Deads'
 0.000000E+00 0 700 0 0 0 0
 4.000000E+00 1 700 1 0 0 0
 8.000000E+00 0 700 0 0 0 0
 1.200000E+01 1 700 1 0 0 0
 1.600000E+01 5 700 4 1 0 0
 2.000000E+01 1 699 0 1 0 0
 2.400000E+01 5 698 3 1 0 1
 2.800000E+01 2 697 0 0 0 2
 3.200000E+01 3 697 1 0 0 2
 3.600000E+01 5 697 3 0 0 2
 4.000000E+01 7 697 5 0 0 2
 4.400000E+01 4 697 2 0 0 2
 4.800000E+01 6 697 3 1 0 2
 5.200000E+01 4 697 2 0 0 2
 5.600000E+01 7 696 3 1 0 3
 6.000000E+01 10 695 2 3 1 4
 6.400000E+01 12 693 4 3 1 4
 6.800000E+01 15 690 6 3 2 4
 7.200000E+01 14 690 6 2 2 4
 7.600000E+01 12 688 5 0 2 5
 8.000000E+01 12 688 4 0 2 6
 8.400000E+01 17 688 8 0 3 6
 8.800000E+01 13 688 3 1 3 6
 9.200000E+01 18 687 6 2 3 7
 9.600000E+01 17 686 5 1 4 7
 1.000000E+02 16 683 3 2 4 7
 1.040000E+02 16 683 3 1 5 7
 1.080000E+02 18 683 5 0 5 8
 1.120000E+02 19 683 6 0 5 8
 1.160000E+02 26 683 12 1 5 8
 1.200000E+02 21 683 6 2 5 8
 1.240000E+02 21 682 3 3 7 8
 1.280000E+02 22 679 5 1 7 9
 1.320000E+02 24 676 4 2 8 10
 1.360000E+02 26 673 4 2 8 12
 1.400000E+02 29 673 7 0 8 14
 1.440000E+02 26 672 3 1 8 14
 1.480000E+02 33 670 9 0 9 15
 1.520000E+02 31 669 7 0 9 15
 1.560000E+02 27 669 2 1 9 15
 1.600000E+02 32 669 8 0 9 15
 1.640000E+02 32 666 6 2 9 15
 1.680000E+02 35 665 9 2 9 15
 1.720000E+02 35 663 4 4 9 18
 1.760000E+02 37 662 7 2 9 19
 1.800000E+02 36 662 3 3 9 21
 1.840000E+02 37 660 4 1 10 22
 1.880000E+02 37 660 4 1 10 22
 1.920000E+02 40 659 4 3 11 22
 1.960000E+02 36 659 3 0 11 22
 2.000000E+02 37 659 4 0 11 22

#Simulation ended (eff.: 0.698018, detail below)
	#Events: 1655
	#Valid embedding but no longer unary when required: 0.000000
	#Valid embedding but not binary when required: 0.000000
	#Clashing instance: 0.000000
	#Lazy negative update: 1.000000
	#Lazy negative update of non local instances: 0.000000
	#Perturbation interrupting time advance: 0.000000
