# time 'Cases' 'Susceptible' 'Exposed' 'Infected' 'Removed' 'Deads'
 0.000000E+00 0 700 0 0 0 0
 4.000000E+00 0 700 0 0 0 0
 8.000000E+00 1 700 1 0 0 0
 1.200000E+01 2 700 2 0 0 0
 1.600000E+01 0 700 0 0 0 0
 2.000000E+01 4 698 2 2 0 0
 2.400000E+01 4 698 3 1 0 0
 2.800000E+01 2 698 2 0 0 0
 3.200000E+01 4 698 3 1 0 0
 3.600000E+01 2 698 2 0 0 0
 4.000000E+01 5 698 5 0 0 0
 4.400000E+01 5 697 4 1 0 0
 4.800000E+01 9 696 6 2 0 1
 5.200000E+01 10 693 7 1 0 2
 5.600000E+01 9 693 5 1 1 2
 6.000000E+01 14 692 9 1 1 3
 6.400000E+01 9 692 3 2 1 3
 6.800000E+01 14 692 8 0 1 5
 7.200000E+01 12 692 2 4 1 5
 7.600000E+01 17 692 9 0 1 7
 8.000000E+01 20 690 8 3 2 7
 8.400000E+01 20 690 7 0 5 8
 8.800000E+01 23 690 7 3 5 8
 9.200000E+01 22 687 7 2 5 8
 9.600000E+01 22 685 8 1 5 8
 1.000000E+02 23 684 7 2 5 9
 1.040000E+02 21 683 4 2 5 10
 1.080000E+02 26 681 6 4 5 11
 1.120000E+02 28 679 7 5 5 11
 1.160000E+02 30 675 10 2 7 11
 1.200000E+02 27 675 5 3 8 11
 1.240000E+02 34 672 9 3 10 12
 1.280000E+02 29 671 5 2 10 12
 1.320000E+02 35 669 7 1 10 17
 1.360000E+02 41 668 9 4 10 18
 1.400000E+02 36 667 4 1 10 21
 1.440000E+02 35 666 3 1 10 21
 1.480000E+02 39 666 6 1 10 22
 1.520000E+02 41 666 7 1 11 22
 1.560000E+02 36 666 3 0 11 22
 1.600000E+02 41 664 6 1 11 23
 1.640000E+02 40 663 4 2 11 23
 1.680000E+02 41 663 4 2 11 24
 1.720000E+02 38 661 2 1 11 24
 1.760000E+02 42 661 5 0 11 26
 1.800000E+02 47 659 7 2 11 27
 1.840000E+02 42 659 4 0 11 27
 1.880000E+02 42 659 3 1 11 27
 1.920000E+02 42 659 4 0 11 27
 1.960000E+02 41 659 2 1 11 27
 2.000000E+02 42 658 3 1 11 27

#Simulation ended (eff.: 0.712217, detail below)
	#Events: 1918
	#Valid embedding but no longer unary when required: 0.000000
	#Valid embedding but not binary when required: 0.000000
	#Clashing instance: 0.000000
	#Lazy negative update: 1.000000
	#Lazy negative update of non local instances: 0.000000
	#Perturbation interrupting time advance: 0.000000
