# time 'Cases' 'Susceptible' 'Exposed' 'Infected' 'Removed' 'Deads'
 0.000000E+00 0 1580 0 0 0 0
 4.000000E+00 1 1580 0 0 0 1
 8.000000E+00 3 1580 2 0 0 1
 1.200000E+01 1 1580 0 0 0 1
 1.600000E+01 4 1580 2 1 0 1
 2.000000E+01 7 1579 5 1 0 1
 2.400000E+01 8 1576 5 1 0 2
 2.800000E+01 9 1575 4 2 0 3
 3.200000E+01 11 1571 5 2 0 4
 3.600000E+01 13 1567 6 2 0 5
 4.000000E+01 11 1564 4 1 0 6
 4.400000E+01 14 1561 5 3 0 6
 4.800000E+01 17 1559 8 1 0 8
 5.200000E+01 20 1556 6 3 1 10
 5.600000E+01 24 1554 8 4 1 11
 6.000000E+01 30 1549 11 3 4 12
 6.400000E+01 24 1547 6 2 4 12
 6.800000E+01 30 1544 10 2 4 14
 7.200000E+01 40 1543 14 5 5 16
 7.600000E+01 37 1537 8 7 6 16
 8.000000E+01 40 1533 12 2 7 19
 8.400000E+01 35 1533 6 1 7 21
 8.800000E+01 40 1533 9 1 8 22
 9.200000E+01 43 1533 11 2 8 22
 9.600000E+01 45 1531 11 2 8 24
 1.000000E+02 51 1529 11 6 9 25
 1.040000E+02 52 1524 9 6 10 27
 1.080000E+02 56 1523 12 4 11 29
 1.120000E+02 58 1521 10 5 12 31
 1.160000E+02 58 1519 7 5 14 32
 1.200000E+02 62 1514 8 4 15 35
 1.240000E+02 68 1510 10 5 16 37
 1.280000E+02 74 1507 11 5 19 39
 1.320000E+02 78 1506 14 4 20 40
 1.360000E+02 76 1504 8 6 20 42
 1.400000E+02 84 1502 11 8 22 43
 1.440000E+02 77 1501 3 4 22 48
 1.480000E+02 81 1498 7 2 23 49
 1.520000E+02 90 1494 13 5 23 49
 1.560000E+02 90 1491 10 3 24 53
 1.600000E+02 89 1490 6 3 25 55
 1.640000E+02 94 1488 11 2 25 56
 1.680000E+02 94 1486 9 3 25 57
 1.720000E+02 95 1485 7 4 25 59
 1.760000E+02 97 1483 7 6 25 59
 1.800000E+02 99 1482 7 4 25 63
 1.840000E+02 104 1478 10 5 26 63
 1.880000E+02 102 1478 4 6 28 64
 1.920000E+02 103 1472 3 6 29 65
 1.960000E+02 105 1470 4 5 30 66
 2.000000E+02 110 1462 6 4 33 67

#Simulation ended (eff.: 0.840754, detail below)
	#Events: 3210
	#Valid embedding but no longer unary when required: 0.000000
	#Valid embedding but not binary when required: 0.000000
	#Clashing instance: 0.000000
	#Lazy negative update: 1.000000
	#Lazy negative update of non local instances: 0.000000
	#Perturbation interrupting time advance: 0.000000
