# time 'Cases' 'Susceptible' 'Exposed' 'Infected' 'Removed' 'Deads'
 0.000000E+00 0 1580 0 0 0 0
 4.000000E+00 3 1580 1 2 0 0
 8.000000E+00 4 1578 2 2 0 0
 1.200000E+01 6 1576 4 1 0 1
 1.600000E+01 5 1576 3 0 0 2
 2.000000E+01 6 1574 4 0 0 2
 2.400000E+01 8 1573 6 0 0 2
 2.800000E+01 8 1573 6 0 0 2
 3.200000E+01 7 1573 5 0 0 2
 3.600000E+01 10 1572 6 1 0 3
 4.000000E+01 11 1571 5 3 0 3
 4.400000E+01 14 1568 6 3 0 5
 4.800000E+01 19 1564 9 4 0 6
 5.200000E+01 19 1559 9 2 1 7
 5.600000E+01 20 1558 9 2 2 7
 6.000000E+01 21 1554 7 3 2 9
 6.400000E+01 22 1553 7 3 3 9
 6.800000E+01 32 1553 15 5 3 9
 7.200000E+01 35 1551 16 4 3 12
 7.600000E+01 30 1546 10 2 4 14
 8.000000E+01 36 1543 13 3 4 16
 8.400000E+01 37 1539 13 3 5 16
 8.800000E+01 40 1536 13 4 5 18
 9.200000E+01 43 1533 13 4 5 21
 9.600000E+01 50 1530 17 2 6 25
 1.000000E+02 47 1527 8 7 6 26
 1.040000E+02 63 1518 21 10 6 26
 1.080000E+02 63 1513 15 8 8 32
 1.120000E+02 60 1511 14 3 9 34
 1.160000E+02 69 1511 16 5 10 38
 1.200000E+02 80 1508 20 11 11 38
 1.240000E+02 81 1503 18 9 12 42
 1.280000E+02 84 1495 15 9 13 47
 1.320000E+02 93 1488 19 12 13 49
 1.360000E+02 97 1483 17 9 16 55
 1.400000E+02 99 1481 17 6 17 59
 1.440000E+02 102 1477 18 4 18 62
 1.480000E+02 104 1476 14 7 20 63
 1.520000E+02 107 1473 12 8 22 65
 1.560000E+02 110 1467 10 10 22 68
 1.600000E+02 109 1465 10 5 23 71
 1.640000E+02 116 1464 15 5 23 73
 1.680000E+02 120 1457 16 5 23 76
 1.720000E+02 131 1450 17 11 23 80
 1.760000E+02 124 1448 11 2 25 86
 1.800000E+02 138 1446 15 9 27 87
 1.840000E+02 148 1443 17 10 29 92
 1.880000E+02 148 1435 16 3 32 97
 1.920000E+02 144 1432 9 5 32 98
 1.960000E+02 150 1432 13 3 32 102
 2.000000E+02 149 1432 9 4 34 102

#Simulation ended (eff.: 0.844143, detail below)
	#Events: 4295
	#Valid embedding but no longer unary when required: 0.000000
	#Valid embedding but not binary when required: 0.000000
	#Clashing instance: 0.000000
	#Lazy negative update: 1.000000
	#Lazy negative update of non local instances: 0.000000
	#Perturbation interrupting time advance: 0.000000
