# time 'Cases' 'Susceptible' 'Exposed' 'Infected' 'Removed' 'Deads'
 0.000000E+00 10 10000 0 10 0 0
 4.000000E+00 12 9988 4 6 0 2
 8.000000E+00 16 9985 9 4 0 3
 1.200000E+01 19 9981 9 6 0 4
 1.600000E+01 25 9975 13 2 2 8
 2.000000E+01 31 9973 15 2 2 12
 2.400000E+01 32 9967 15 2 2 13
 2.800000E+01 34 9963 16 3 2 13
 3.200000E+01 38 9958 17 5 2 14
 3.600000E+01 48 9950 20 6 3 19
 4.000000E+01 50 9943 18 8 4 20
 4.400000E+01 50 9941 17 7 5 21
 4.800000E+01 69 9931 26 11 7 25
 5.200000E+01 74 9924 25 13 7 29
 5.600000E+01 85 9911 31 9 8 37
 6.000000E+01 96 9898 32 12 9 43
 6.400000E+01 114 9882 45 9 9 51
 6.800000E+01 126 9868 48 11 9 58
 7.200000E+01 142 9851 49 16 11 66
 7.600000E+01 166 9829 58 18 14 76
 8.000000E+01 173 9810 51 18 18 86
 8.400000E+01 186 9793 47 27 18 94
 8.800000E+01 216 9769 62 25 23 106
 9.200000E+01 227 9757 60 23 25 119
 9.600000E+01 239 9739 56 24 28 131
 1.000000E+02 256 9717 57 24 36 139
 1.040000E+02 261 9709 50 16 43 152
 1.080000E+02 277 9696 45 19 50 163
 1.120000E+02 290 9691 49 21 52 168
 1.160000E+02 301 9672 42 24 56 179
 1.200000E+02 334 9655 59 25 61 189
 1.240000E+02 357 9629 59 31 65 202
 1.280000E+02 380 9606 71 24 71 214
 1.320000E+02 382 9591 56 24 74 228
 1.360000E+02 397 9582 59 23 76 239
 1.400000E+02 403 9565 47 29 78 249
 1.440000E+02 443 9545 70 26 83 264
 1.480000E+02 436 9532 50 23 85 278
 1.520000E+02 460 9518 51 27 91 291
 1.560000E+02 479 9496 58 23 95 303
 1.600000E+02 499 9480 56 34 100 309
 1.640000E+02 522 9463 65 30 104 323
 1.680000E+02 514 9451 39 23 110 342
 1.720000E+02 550 9436 49 35 114 352
 1.760000E+02 544 9431 34 21 123 366
 1.800000E+02 546 9425 29 16 125 376
 1.840000E+02 555 9421 26 20 127 382
 1.880000E+02 579 9407 36 21 130 392
 1.920000E+02 582 9399 31 12 137 402
 1.960000E+02 582 9396 24 10 140 408
 2.000000E+02 585 9392 22 8 142 413

#Simulation ended (eff.: 0.931491, detail below)
	#Events: 17254
	#Valid embedding but no longer unary when required: 0.000000
	#Valid embedding but not binary when required: 0.000000
	#Clashing instance: 0.000000
	#Lazy negative update: 1.000000
	#Lazy negative update of non local instances: 0.000000
	#Perturbation interrupting time advance: 0.000000
