# time 'Cases' 'Susceptible' 'Exposed' 'Infected' 'Removed' 'Deads'
 0.000000E+00 0 1580 0 0 0 0
 4.000000E+00 4 1580 3 1 0 0
 8.000000E+00 4 1579 3 0 0 1
 1.200000E+01 7 1579 5 0 0 2
 1.600000E+01 10 1577 6 1 1 2
 2.000000E+01 7 1577 4 0 1 2
 2.400000E+01 11 1576 8 0 1 2
 2.800000E+01 12 1576 8 1 1 2
 3.200000E+01 12 1572 4 3 1 4
 3.600000E+01 16 1571 8 3 1 4
 4.000000E+01 16 1570 5 3 3 5
 4.400000E+01 22 1567 7 5 4 6
 4.800000E+01 25 1560 7 5 5 8
 5.200000E+01 34 1554 14 5 5 10
 5.600000E+01 36 1550 13 4 5 14
 6.000000E+01 39 1547 14 4 6 15
 6.400000E+01 48 1536 17 8 7 16
 6.800000E+01 48 1529 16 8 7 17
 7.200000E+01 54 1523 19 7 7 21
 7.600000E+01 56 1518 19 4 8 25
 8.000000E+01 72 1512 30 8 8 26
 8.400000E+01 78 1507 32 5 10 31
 8.800000E+01 77 1500 23 5 11 38
 9.200000E+01 77 1497 22 3 13 39
 9.600000E+01 84 1494 18 10 14 42
 1.000000E+02 90 1489 19 6 18 47
 1.040000E+02 103 1485 27 5 18 53
 1.080000E+02 99 1480 14 9 18 58
 1.120000E+02 107 1479 14 9 22 62
 1.160000E+02 120 1470 23 4 26 67
 1.200000E+02 118 1462 15 8 26 69
 1.240000E+02 131 1458 26 6 26 73
 1.280000E+02 130 1455 21 8 27 74
 1.320000E+02 143 1449 27 10 28 78
 1.360000E+02 145 1443 21 12 28 84
 1.400000E+02 153 1437 23 12 30 88
 1.440000E+02 153 1430 21 9 32 91
 1.480000E+02 161 1428 25 7 33 96
 1.520000E+02 159 1426 20 4 33 102
 1.560000E+02 168 1423 25 4 34 105
 1.600000E+02 167 1419 18 6 35 108
 1.640000E+02 172 1417 20 6 35 111
 1.680000E+02 178 1416 20 8 36 114
 1.720000E+02 172 1415 11 7 38 116
 1.760000E+02 185 1411 16 11 39 119
 1.800000E+02 190 1408 13 12 40 125
 1.840000E+02 198 1406 16 7 43 132
 1.880000E+02 192 1404 9 6 43 134
 1.920000E+02 202 1399 12 6 45 139
 1.960000E+02 208 1398 17 7 45 139
 2.000000E+02 206 1396 13 5 46 142

#Simulation ended (eff.: 0.849283, detail below)
	#Events: 5094
	#Valid embedding but no longer unary when required: 0.000000
	#Valid embedding but not binary when required: 0.000000
	#Clashing instance: 0.000000
	#Lazy negative update: 1.000000
	#Lazy negative update of non local instances: 0.000000
	#Perturbation interrupting time advance: 0.000000
