# time 'Cases' 'Susceptible' 'Exposed' 'Infected' 'Removed' 'Deads'
 0.000000E+00 0 470 0 0 0 0
 4.000000E+00 0 470 0 0 0 0
 8.000000E+00 2 470 2 0 0 0
 1.200000E+01 0 470 0 0 0 0
 1.600000E+01 1 470 1 0 0 0
 2.000000E+01 1 470 1 0 0 0
 2.400000E+01 1 470 1 0 0 0
 2.800000E+01 1 470 1 0 0 0
 3.200000E+01 1 470 1 0 0 0
 3.600000E+01 1 470 1 0 0 0
 4.000000E+01 1 470 1 0 0 0
 4.400000E+01 1 470 1 0 0 0
 4.800000E+01 1 470 1 0 0 0
 5.200000E+01 0 470 0 0 0 0
 5.600000E+01 2 470 2 0 0 0
 6.000000E+01 3 470 3 0 0 0
 6.400000E+01 5 470 5 0 0 0
 6.800000E+01 3 468 0 3 0 0
 7.200000E+01 4 466 2 0 0 2
 7.600000E+01 4 466 2 0 0 2
 8.000000E+01 8 466 4 1 1 2
 8.400000E+01 7 466 3 1 1 2
 8.800000E+01 6 464 2 0 2 2
 9.200000E+01 7 464 3 0 2 2
 9.600000E+01 8 462 3 1 2 2
 1.000000E+02 13 461 7 2 2 2
 1.040000E+02 10 461 3 0 3 4
 1.080000E+02 10 461 3 0 3 4
 1.120000E+02 17 461 9 1 3 4
 1.160000E+02 15 460 6 2 3 4
 1.200000E+02 15 459 5 2 3 5
 1.240000E+02 16 456 6 1 3 6
 1.280000E+02 17 453 3 4 3 7
 1.320000E+02 18 450 4 3 3 8
 1.360000E+02 24 448 9 2 5 8
 1.400000E+02 22 446 6 2 5 9
 1.440000E+02 24 446 5 2 6 11
 1.480000E+02 30 443 11 2 6 11
 1.520000E+02 21 443 2 1 6 12
 1.560000E+02 21 443 2 0 6 13
 1.600000E+02 26 443 6 1 6 13
 1.640000E+02 28 442 5 2 6 15
 1.680000E+02 30 442 4 4 7 15
 1.720000E+02 30 442 5 1 8 16
 1.760000E+02 28 441 2 0 9 17
 1.800000E+02 29 441 3 0 9 17
 1.840000E+02 32 440 5 0 10 17
 1.880000E+02 28 440 1 0 10 17
 1.920000E+02 29 440 2 0 10 17
 1.960000E+02 30 440 3 0 10 17
 2.000000E+02 31 440 1 1 10 19

#Simulation ended (eff.: 0.751557, detail below)
	#Events: 1207
	#Valid embedding but no longer unary when required: 0.000000
	#Valid embedding but not binary when required: 0.000000
	#Clashing instance: 0.000000
	#Lazy negative update: 1.000000
	#Lazy negative update of non local instances: 0.000000
	#Perturbation interrupting time advance: 0.000000
