# time 'Cases' 'Susceptible' 'Exposed' 'Infected' 'Removed' 'Deads'
 0.000000E+00 0 7000 0 0 0 0
 4.000000E+00 0 7000 0 0 0 0
 8.000000E+00 5 6999 4 1 0 0
 1.200000E+01 2 6999 1 0 0 1
 1.600000E+01 6 6997 4 1 0 1
 2.000000E+01 5 6995 2 1 0 2
 2.400000E+01 5 6995 3 0 0 2
 2.800000E+01 7 6995 3 2 0 2
 3.200000E+01 5 6995 3 0 0 2
 3.600000E+01 5 6995 3 0 0 2
 4.000000E+01 7 6994 4 0 0 3
 4.400000E+01 10 6994 3 3 0 4
 4.800000E+01 14 6992 7 2 1 4
 5.200000E+01 13 6990 5 3 1 4
 5.600000E+01 14 6988 7 1 2 4
 6.000000E+01 13 6987 4 2 3 4
 6.400000E+01 12 6987 4 0 3 5
 6.800000E+01 17 6987 7 0 4 6
 7.200000E+01 18 6986 6 1 4 7
 7.600000E+01 21 6986 7 3 4 7
 8.000000E+01 19 6984 5 1 4 9
 8.400000E+01 22 6984 8 1 4 9
 8.800000E+01 25 6981 8 4 4 9
 9.200000E+01 26 6980 10 2 4 10
 9.600000E+01 25 6977 5 5 4 11
 1.000000E+02 32 6975 11 3 4 14
 1.040000E+02 26 6974 8 0 4 14
 1.080000E+02 31 6974 11 2 4 14
 1.120000E+02 31 6974 10 2 5 14
 1.160000E+02 41 6974 16 3 5 17
 1.200000E+02 46 6972 16 5 5 20
 1.240000E+02 48 6971 15 5 7 21
 1.280000E+02 50 6969 11 5 9 25
 1.320000E+02 49 6966 11 1 9 28
 1.360000E+02 48 6966 8 3 9 28
 1.400000E+02 55 6963 11 5 10 29
 1.440000E+02 60 6960 10 7 11 32
 1.480000E+02 65 6958 13 4 12 36
 1.520000E+02 63 6957 11 2 12 38
 1.560000E+02 60 6957 7 1 12 40
 1.600000E+02 73 6957 18 3 12 40
 1.640000E+02 69 6954 10 4 12 43
 1.680000E+02 70 6952 10 2 13 45
 1.720000E+02 73 6949 11 2 13 47
 1.760000E+02 77 6949 14 2 13 48
 1.800000E+02 75 6949 10 3 14 48
 1.840000E+02 67 6947 4 1 14 48
 1.880000E+02 68 6947 2 3 14 49
 1.920000E+02 74 6946 4 6 14 50
 1.960000E+02 71 6945 3 4 14 50
 2.000000E+02 75 6944 5 4 15 51

#Simulation ended (eff.: 0.895531, detail below)
	#Events: 7955
	#Valid embedding but no longer unary when required: 0.000000
	#Valid embedding but not binary when required: 0.000000
	#Clashing instance: 0.000000
	#Lazy negative update: 1.000000
	#Lazy negative update of non local instances: 0.000000
	#Perturbation interrupting time advance: 0.000000
