# time 'Cases' 'Susceptible' 'Exposed' 'Infected' 'Removed' 'Deads'
 0.000000E+00 0 470 0 0 0 0
 4.000000E+00 1 470 1 0 0 0
 8.000000E+00 2 470 2 0 0 0
 1.200000E+01 1 470 1 0 0 0
 1.600000E+01 0 470 0 0 0 0
 2.000000E+01 3 470 2 1 0 0
 2.400000E+01 5 470 5 0 0 0
 2.800000E+01 3 470 3 0 0 0
 3.200000E+01 1 470 1 0 0 0
 3.600000E+01 1 470 1 0 0 0
 4.000000E+01 3 470 3 0 0 0
 4.400000E+01 4 470 4 0 0 0
 4.800000E+01 9 469 7 2 0 0
 5.200000E+01 8 469 7 1 0 0
 5.600000E+01 5 467 4 1 0 0
 6.000000E+01 5 466 4 1 0 0
 6.400000E+01 8 465 8 0 0 0
 6.800000E+01 6 465 6 0 0 0
 7.200000E+01 6 463 5 1 0 0
 7.600000E+01 12 462 12 0 0 0
 8.000000E+01 8 462 6 2 0 0
 8.400000E+01 12 460 9 2 1 0
 8.800000E+01 12 457 8 3 1 0
 9.200000E+01 15 452 7 5 2 1
 9.600000E+01 17 449 10 0 4 3
 1.000000E+02 26 446 13 4 4 5
 1.040000E+02 28 445 16 2 4 6
 1.080000E+02 25 445 10 4 5 6
 1.120000E+02 24 443 9 3 5 7
 1.160000E+02 30 441 14 0 6 10
 1.200000E+02 29 439 11 2 6 10
 1.240000E+02 31 437 7 8 6 10
 1.280000E+02 28 434 6 3 7 12
 1.320000E+02 31 433 9 3 7 12
 1.360000E+02 41 431 13 7 7 14
 1.400000E+02 33 430 4 5 8 16
 1.440000E+02 34 428 4 4 9 17
 1.480000E+02 46 426 14 4 9 19
 1.520000E+02 41 425 8 5 9 19
 1.560000E+02 40 423 6 3 9 22
 1.600000E+02 42 420 6 4 9 23
 1.640000E+02 38 419 2 2 9 25
 1.680000E+02 45 418 7 1 11 26
 1.720000E+02 50 417 8 5 11 26
 1.760000E+02 53 417 6 6 13 28
 1.800000E+02 54 417 7 2 17 28
 1.840000E+02 55 417 5 2 19 29
 1.880000E+02 54 416 2 2 19 31
 1.920000E+02 56 415 4 2 19 31
 1.960000E+02 55 415 3 1 19 32
 2.000000E+02 53 415 1 0 19 33

#Simulation ended (eff.: 0.751681, detail below)
	#Events: 1789
	#Valid embedding but no longer unary when required: 0.000000
	#Valid embedding but not binary when required: 0.000000
	#Clashing instance: 0.000000
	#Lazy negative update: 1.000000
	#Lazy negative update of non local instances: 0.000000
	#Perturbation interrupting time advance: 0.000000
