# time 'Cases' 'Susceptible' 'Exposed' 'Infected' 'Removed' 'Deads'
 0.000000E+00 0 4700 0 0 0 0
 4.000000E+00 1 4699 0 1 0 0
 8.000000E+00 1 4699 1 0 0 0
 1.200000E+01 2 4699 1 1 0 0
 1.600000E+01 2 4698 1 1 0 0
 2.000000E+01 3 4696 2 1 0 0
 2.400000E+01 1 4695 0 1 0 0
 2.800000E+01 1 4695 0 0 0 1
 3.200000E+01 4 4695 3 0 0 1
 3.600000E+01 3 4695 2 0 0 1
 4.000000E+01 5 4695 3 1 0 1
 4.400000E+01 6 4694 4 1 0 1
 4.800000E+01 2 4694 1 0 0 1
 5.200000E+01 7 4693 5 0 0 2
 5.600000E+01 6 4693 2 1 0 3
 6.000000E+01 5 4693 0 1 1 3
 6.400000E+01 10 4692 5 1 1 3
 6.800000E+01 12 4692 4 2 2 4
 7.200000E+01 14 4692 6 1 2 5
 7.600000E+01 16 4691 7 0 2 7
 8.000000E+01 13 4691 3 1 2 7
 8.400000E+01 15 4689 3 1 3 8
 8.800000E+01 18 4689 6 1 3 8
 9.200000E+01 28 4688 15 0 3 10
 9.600000E+01 23 4686 5 3 4 11
 1.000000E+02 29 4682 10 3 4 12
 1.040000E+02 29 4680 9 1 5 14
 1.080000E+02 31 4680 9 3 5 14
 1.120000E+02 30 4680 5 2 6 17
 1.160000E+02 39 4674 11 3 6 19
 1.200000E+02 38 4672 9 1 7 21
 1.240000E+02 38 4672 7 1 7 23
 1.280000E+02 41 4672 10 1 7 23
 1.320000E+02 39 4671 4 3 8 24
 1.360000E+02 43 4671 9 0 8 26
 1.400000E+02 43 4671 8 1 8 26
 1.440000E+02 47 4670 8 2 9 28
 1.480000E+02 49 4668 7 4 10 28
 1.520000E+02 61 4664 17 3 11 30
 1.560000E+02 59 4658 10 7 11 31
 1.600000E+02 62 4658 12 5 12 33
 1.640000E+02 65 4657 14 2 14 35
 1.680000E+02 64 4655 7 4 15 38
 1.720000E+02 66 4654 10 2 15 39
 1.760000E+02 66 4654 10 1 16 39
 1.800000E+02 67 4650 8 1 16 42
 1.840000E+02 70 4650 7 5 16 42
 1.880000E+02 74 4650 11 3 17 43
 1.920000E+02 67 4649 3 2 18 44
 1.960000E+02 79 4647 10 4 19 46
 2.000000E+02 74 4647 4 2 21 47

#Simulation ended (eff.: 0.899450, detail below)
	#Events: 5564
	#Valid embedding but no longer unary when required: 0.000000
	#Valid embedding but not binary when required: 0.000000
	#Clashing instance: 0.000000
	#Lazy negative update: 1.000000
	#Lazy negative update of non local instances: 0.000000
	#Perturbation interrupting time advance: 0.000000
