# time 'Cases' 'Susceptible' 'Exposed' 'Infected' 'Removed' 'Deads'
 0.000000E+00 0 700 0 0 0 0
 4.000000E+00 0 700 0 0 0 0
 8.000000E+00 3 700 3 0 0 0
 1.200000E+01 4 700 4 0 0 0
 1.600000E+01 3 700 2 1 0 0
 2.000000E+01 3 700 2 0 0 1
 2.400000E+01 6 700 2 2 0 2
 2.800000E+01 6 698 2 2 0 2
 3.200000E+01 6 697 3 0 1 2
 3.600000E+01 7 696 2 1 1 3
 4.000000E+01 9 695 4 1 1 3
 4.400000E+01 10 695 4 1 1 4
 4.800000E+01 11 694 4 0 2 5
 5.200000E+01 12 694 4 0 2 6
 5.600000E+01 14 693 4 1 2 7
 6.000000E+01 14 692 5 0 2 7
 6.400000E+01 14 691 3 1 2 8
 6.800000E+01 17 688 5 2 2 8
 7.200000E+01 16 685 1 3 3 9
 7.600000E+01 22 683 5 3 4 10
 8.000000E+01 22 682 5 1 5 11
 8.400000E+01 22 681 5 1 5 11
 8.800000E+01 30 680 11 2 5 12
 9.200000E+01 26 679 7 1 5 13
 9.600000E+01 28 679 8 1 5 14
 1.000000E+02 27 679 6 1 6 14
 1.040000E+02 24 679 2 0 7 15
 1.080000E+02 27 679 5 0 7 15
 1.120000E+02 27 678 3 2 7 15
 1.160000E+02 30 676 4 4 7 15
 1.200000E+02 29 674 1 3 8 17
 1.240000E+02 33 673 5 1 10 17
 1.280000E+02 34 673 6 1 10 17
 1.320000E+02 37 673 5 3 10 19
 1.360000E+02 32 672 1 1 11 19
 1.400000E+02 35 671 4 0 11 20
 1.440000E+02 34 671 2 1 11 20
 1.480000E+02 38 671 6 1 11 20
 1.520000E+02 34 671 2 0 11 21
 1.560000E+02 34 671 1 1 11 21
 1.600000E+02 36 670 2 2 11 21
 1.640000E+02 38 670 5 0 11 22
 1.680000E+02 36 670 1 2 11 22
 1.720000E+02 42 669 3 5 11 23
 1.760000E+02 40 668 2 1 12 25
 1.800000E+02 38 667 1 0 12 25
 1.840000E+02 40 667 2 0 13 25
 1.880000E+02 41 667 2 1 13 25
 1.920000E+02 42 667 3 1 13 25
 1.960000E+02 42 667 2 2 13 25
 2.000000E+02 42 667 2 2 13 25

#Simulation ended (eff.: 0.699367, detail below)
	#Events: 1547
	#Valid embedding but no longer unary when required: 0.000000
	#Valid embedding but not binary when required: 0.000000
	#Clashing instance: 0.000000
	#Lazy negative update: 1.000000
	#Lazy negative update of non local instances: 0.000000
	#Perturbation interrupting time advance: 0.000000
