# time 'Cases' 'Susceptible' 'Exposed' 'Infected' 'Removed' 'Deads'
 0.000000E+00 10 10000 0 10 0 0
 4.000000E+00 18 9989 9 4 2 3
 8.000000E+00 18 9986 10 2 2 4
 1.200000E+01 17 9985 9 1 2 5
 1.600000E+01 19 9982 10 2 2 5
 2.000000E+01 19 9980 6 4 2 7
 2.400000E+01 18 9976 6 2 2 8
 2.800000E+01 23 9976 9 0 3 11
 3.200000E+01 23 9974 6 1 4 12
 3.600000E+01 31 9972 10 3 4 14
 4.000000E+01 32 9969 9 3 4 16
 4.400000E+01 38 9966 12 2 5 19
 4.800000E+01 37 9964 10 2 6 19
 5.200000E+01 38 9963 8 3 6 21
 5.600000E+01 41 9961 8 4 7 22
 6.000000E+01 46 9958 11 5 7 23
 6.400000E+01 50 9954 11 4 8 27
 6.800000E+01 56 9953 14 3 10 29
 7.200000E+01 58 9953 13 2 10 33
 7.600000E+01 56 9952 9 2 11 34
 8.000000E+01 59 9949 7 5 12 35
 8.400000E+01 63 9946 7 5 12 39
 8.800000E+01 68 9943 11 1 14 42
 9.200000E+01 65 9941 6 1 14 44
 9.600000E+01 68 9939 6 3 14 45
 1.000000E+02 74 9937 9 3 15 47
 1.040000E+02 74 9931 8 4 15 47
 1.080000E+02 80 9926 11 5 17 47
 1.120000E+02 86 9922 12 8 17 49
 1.160000E+02 88 9920 12 7 18 51
 1.200000E+02 90 9916 11 4 20 55
 1.240000E+02 93 9913 14 4 20 55
 1.280000E+02 107 9911 20 5 20 62
 1.320000E+02 108 9907 15 6 23 64
 1.360000E+02 111 9902 16 5 24 66
 1.400000E+02 120 9888 20 6 24 70
 1.440000E+02 125 9887 20 7 25 73
 1.480000E+02 131 9882 16 8 30 77
 1.520000E+02 136 9880 17 3 34 82
 1.560000E+02 147 9877 22 6 34 85
 1.600000E+02 140 9876 12 4 34 90
 1.640000E+02 143 9874 12 4 36 91
 1.680000E+02 147 9871 12 5 37 93
 1.720000E+02 152 9870 13 5 37 97
 1.760000E+02 152 9870 11 5 39 97
 1.800000E+02 153 9870 11 2 41 99
 1.840000E+02 153 9869 7 3 41 102
 1.880000E+02 156 9869 8 3 41 104
 1.920000E+02 157 9867 7 4 41 105
 1.960000E+02 160 9863 6 6 41 107
 2.000000E+02 158 9863 3 4 43 108

#Simulation ended (eff.: 0.947721, detail below)
	#Events: 11040
	#Valid embedding but no longer unary when required: 0.000000
	#Valid embedding but not binary when required: 0.000000
	#Clashing instance: 0.000000
	#Lazy negative update: 1.000000
	#Lazy negative update of non local instances: 0.000000
	#Perturbation interrupting time advance: 0.000000
