# time 'Cases' 'Susceptible' 'Exposed' 'Infected' 'Removed' 'Deads'
 0.000000E+00 10 100000 0 10 0 0
 4.000000E+00 13 99995 4 4 1 4
 8.000000E+00 15 99987 6 1 2 6
 1.200000E+01 18 99982 8 1 3 6
 1.600000E+01 20 99980 7 3 3 7
 2.000000E+01 27 99975 13 4 3 7
 2.400000E+01 34 99966 17 2 4 11
 2.800000E+01 39 99963 20 2 5 12
 3.200000E+01 36 99956 14 5 5 12
 3.600000E+01 40 99951 13 7 6 14
 4.000000E+01 49 99941 17 10 6 16
 4.400000E+01 58 99927 21 10 6 21
 4.800000E+01 66 99917 27 10 6 23
 5.200000E+01 72 99910 26 11 11 24
 5.600000E+01 81 99902 29 12 12 28
 6.000000E+01 85 99894 29 11 12 33
 6.400000E+01 101 99881 33 13 15 40
 6.800000E+01 120 99870 42 16 19 43
 7.200000E+01 126 99860 36 18 23 49
 7.600000E+01 135 99849 38 18 23 56
 8.000000E+01 146 99834 42 10 29 65
 8.400000E+01 148 99828 35 13 31 69
 8.800000E+01 158 99814 34 11 34 79
 9.200000E+01 170 99803 36 15 37 82
 9.600000E+01 187 99789 46 17 39 85
 1.000000E+02 202 99773 52 18 41 91
 1.040000E+02 202 99767 44 19 43 96
 1.080000E+02 224 99750 45 25 48 106
 1.120000E+02 247 99727 46 31 50 120
 1.160000E+02 256 99711 39 30 57 130
 1.200000E+02 274 99693 50 18 63 143
 1.240000E+02 293 99675 55 20 65 153
 1.280000E+02 317 99655 57 23 71 166
 1.320000E+02 335 99639 52 31 74 178
 1.360000E+02 347 99624 54 21 79 193
 1.400000E+02 358 99614 47 25 86 200
 1.440000E+02 374 99603 46 21 93 214
 1.480000E+02 398 99587 51 24 97 226
 1.520000E+02 411 99568 50 19 100 242
 1.560000E+02 430 99554 52 16 104 258
 1.600000E+02 434 99542 43 16 107 268
 1.640000E+02 456 99522 47 25 109 275
 1.680000E+02 468 99507 53 20 112 283
 1.720000E+02 486 99497 54 20 116 296
 1.760000E+02 487 99489 41 20 119 307
 1.800000E+02 499 99478 38 19 125 317
 1.840000E+02 508 99466 35 17 131 325
 1.880000E+02 527 99456 34 22 137 334
 1.920000E+02 539 99450 38 17 139 345
 1.960000E+02 544 99443 35 12 145 352
 2.000000E+02 559 99431 32 18 150 359

#Simulation ended (eff.: 0.986307, detail below)
	#Events: 94070
	#Valid embedding but no longer unary when required: 0.000000
	#Valid embedding but not binary when required: 0.000000
	#Clashing instance: 0.000000
	#Lazy negative update: 1.000000
	#Lazy negative update of non local instances: 0.000000
	#Perturbation interrupting time advance: 0.000000
