# time 'Cases' 'Susceptible' 'Exposed' 'Infected' 'Removed' 'Deads'
 0.000000E+00 0 7000 0 0 0 0
 4.000000E+00 1 7000 0 1 0 0
 8.000000E+00 2 6999 0 2 0 0
 1.200000E+01 4 6999 3 0 0 1
 1.600000E+01 3 6998 1 1 0 1
 2.000000E+01 6 6996 5 0 0 1
 2.400000E+01 7 6996 5 1 0 1
 2.800000E+01 7 6994 5 1 0 1
 3.200000E+01 4 6994 2 0 1 1
 3.600000E+01 7 6994 5 0 1 1
 4.000000E+01 6 6994 4 0 1 1
 4.400000E+01 9 6993 6 1 1 1
 4.800000E+01 6 6993 3 1 1 1
 5.200000E+01 11 6992 7 2 1 1
 5.600000E+01 8 6991 5 1 1 1
 6.000000E+01 11 6991 7 2 1 1
 6.400000E+01 17 6986 10 3 1 3
 6.800000E+01 14 6984 9 0 2 3
 7.200000E+01 17 6982 9 2 3 3
 7.600000E+01 19 6981 9 3 3 4
 8.000000E+01 21 6981 11 2 3 5
 8.400000E+01 21 6981 10 2 3 6
 8.800000E+01 29 6978 13 6 4 6
 9.200000E+01 34 6976 13 6 4 11
 9.600000E+01 34 6974 12 1 5 16
 1.000000E+02 42 6974 19 0 5 18
 1.040000E+02 36 6973 11 1 5 19
 1.080000E+02 43 6972 17 1 5 20
 1.120000E+02 48 6969 18 4 6 20
 1.160000E+02 45 6969 12 5 7 21
 1.200000E+02 43 6966 13 1 7 22
 1.240000E+02 51 6963 15 5 8 23
 1.280000E+02 53 6962 15 4 9 25
 1.320000E+02 54 6961 13 5 10 26
 1.360000E+02 54 6957 10 6 11 27
 1.400000E+02 63 6955 14 9 12 28
 1.440000E+02 67 6952 12 10 12 33
 1.480000E+02 74 6949 15 7 14 38
 1.520000E+02 76 6947 18 4 14 40
 1.560000E+02 69 6946 11 2 15 41
 1.600000E+02 84 6946 21 5 15 43
 1.640000E+02 82 6946 17 4 16 45
 1.680000E+02 79 6944 13 0 18 48
 1.720000E+02 78 6943 8 3 19 48
 1.760000E+02 83 6943 9 3 20 51
 1.800000E+02 77 6942 3 3 20 51
 1.840000E+02 79 6941 5 2 21 51
 1.880000E+02 80 6940 6 1 21 52
 1.920000E+02 86 6939 7 5 21 53
 1.960000E+02 85 6937 6 4 22 53
 2.000000E+02 88 6935 4 4 23 57

#Simulation ended (eff.: 0.882829, detail below)
	#Events: 8838
	#Valid embedding but no longer unary when required: 0.000000
	#Valid embedding but not binary when required: 0.000000
	#Clashing instance: 0.000000
	#Lazy negative update: 1.000000
	#Lazy negative update of non local instances: 0.000000
	#Perturbation interrupting time advance: 0.000000
