# time 'Cases' 'Susceptible' 'Exposed' 'Infected' 'Removed' 'Deads'
 0.000000E+00 0 4700 0 0 0 0
 4.000000E+00 2 4700 1 1 0 0
 8.000000E+00 2 4698 1 0 0 1
 1.200000E+01 2 4698 1 0 0 1
 1.600000E+01 2 4698 0 1 0 1
 2.000000E+01 2 4698 1 0 0 1
 2.400000E+01 4 4698 3 0 0 1
 2.800000E+01 1 4698 0 0 0 1
 3.200000E+01 2 4698 1 0 0 1
 3.600000E+01 5 4698 3 1 0 1
 4.000000E+01 8 4698 4 2 0 2
 4.400000E+01 5 4697 2 1 0 2
 4.800000E+01 5 4697 2 0 0 3
 5.200000E+01 7 4694 2 2 0 3
 5.600000E+01 15 4693 7 3 2 3
 6.000000E+01 14 4692 5 2 3 4
 6.400000E+01 14 4690 5 2 3 4
 6.800000E+01 15 4688 3 4 3 5
 7.200000E+01 24 4682 11 3 4 6
 7.600000E+01 24 4680 9 4 5 6
 8.000000E+01 27 4678 12 2 6 7
 8.400000E+01 26 4676 10 1 6 9
 8.800000E+01 33 4673 14 3 6 10
 9.200000E+01 29 4668 8 4 6 11
 9.600000E+01 32 4664 11 2 6 13
 1.000000E+02 37 4661 13 2 7 15
 1.040000E+02 32 4660 6 1 8 17
 1.080000E+02 40 4660 7 7 8 18
 1.120000E+02 44 4655 11 4 10 19
 1.160000E+02 42 4653 7 4 11 20
 1.200000E+02 45 4651 8 1 13 23
 1.240000E+02 49 4650 7 5 13 24
 1.280000E+02 55 4649 10 5 13 27
 1.320000E+02 62 4646 14 2 16 30
 1.360000E+02 61 4645 13 2 16 30
 1.400000E+02 63 4643 13 3 16 31
 1.440000E+02 57 4639 5 3 17 32
 1.480000E+02 67 4639 11 3 19 34
 1.520000E+02 64 4638 6 2 20 36
 1.560000E+02 71 4638 8 4 22 37
 1.600000E+02 68 4638 5 1 22 40
 1.640000E+02 70 4637 6 1 22 41
 1.680000E+02 72 4636 7 1 23 41
 1.720000E+02 81 4634 11 6 23 41
 1.760000E+02 74 4631 5 3 23 43
 1.800000E+02 75 4627 5 2 24 44
 1.840000E+02 75 4627 6 0 24 45
 1.880000E+02 78 4627 7 2 24 45
 1.920000E+02 77 4627 5 2 25 45
 1.960000E+02 74 4627 2 1 26 45
 2.000000E+02 77 4626 5 1 26 45

#Simulation ended (eff.: 0.897079, detail below)
	#Events: 5744
	#Valid embedding but no longer unary when required: 0.000000
	#Valid embedding but not binary when required: 0.000000
	#Clashing instance: 0.000000
	#Lazy negative update: 1.000000
	#Lazy negative update of non local instances: 0.000000
	#Perturbation interrupting time advance: 0.000000
