# time 'Cases' 'Susceptible' 'Exposed' 'Infected' 'Removed' 'Deads'
 0.000000E+00 0 4700 0 0 0 0
 4.000000E+00 2 4700 2 0 0 0
 8.000000E+00 5 4698 3 2 0 0
 1.200000E+01 3 4695 1 0 2 0
 1.600000E+01 4 4695 2 0 2 0
 2.000000E+01 4 4695 1 0 3 0
 2.400000E+01 6 4695 3 0 3 0
 2.800000E+01 4 4694 1 0 3 0
 3.200000E+01 9 4694 4 2 3 0
 3.600000E+01 4 4693 0 1 3 0
 4.000000E+01 10 4693 6 1 3 0
 4.400000E+01 6 4693 2 0 3 1
 4.800000E+01 8 4693 4 0 3 1
 5.200000E+01 9 4692 4 0 3 2
 5.600000E+01 10 4691 3 2 3 2
 6.000000E+01 12 4690 6 1 3 2
 6.400000E+01 10 4687 3 1 3 3
 6.800000E+01 13 4687 6 1 3 3
 7.200000E+01 10 4687 3 0 3 4
 7.600000E+01 8 4687 1 0 3 4
 8.000000E+01 8 4687 1 0 3 4
 8.400000E+01 11 4687 3 1 3 4
 8.800000E+01 14 4685 5 2 3 4
 9.200000E+01 16 4685 5 2 5 4
 9.600000E+01 18 4685 5 2 6 5
 1.000000E+02 19 4681 5 1 7 6
 1.040000E+02 24 4679 7 3 7 7
 1.080000E+02 27 4676 6 3 7 11
 1.120000E+02 30 4676 9 1 7 13
 1.160000E+02 27 4672 4 1 7 15
 1.200000E+02 24 4672 0 1 8 15
 1.240000E+02 28 4672 3 2 8 15
 1.280000E+02 29 4670 4 1 8 16
 1.320000E+02 30 4669 5 1 8 16
 1.360000E+02 32 4667 6 1 9 16
 1.400000E+02 29 4667 3 0 9 17
 1.440000E+02 34 4667 8 0 9 17
 1.480000E+02 31 4665 3 2 9 17
 1.520000E+02 34 4664 6 2 9 17
 1.560000E+02 35 4662 6 1 9 19
 1.600000E+02 34 4662 4 1 9 20
 1.640000E+02 41 4658 8 3 9 21
 1.680000E+02 42 4655 6 5 10 21
 1.720000E+02 40 4653 6 1 11 22
 1.760000E+02 39 4653 5 0 11 23
 1.800000E+02 40 4652 5 1 11 23
 1.840000E+02 40 4652 2 2 11 25
 1.880000E+02 42 4652 5 1 11 25
 1.920000E+02 43 4652 2 5 11 25
 1.960000E+02 45 4651 7 1 12 25
 2.000000E+02 44 4651 2 4 13 25

#Simulation ended (eff.: 0.907303, detail below)
	#Events: 5168
	#Valid embedding but no longer unary when required: 0.000000
	#Valid embedding but not binary when required: 0.000000
	#Clashing instance: 0.000000
	#Lazy negative update: 1.000000
	#Lazy negative update of non local instances: 0.000000
	#Perturbation interrupting time advance: 0.000000
