# time 'Cases' 'Susceptible' 'Exposed' 'Infected' 'Removed' 'Deads'
 0.000000E+00 10 100000 0 10 0 0
 4.000000E+00 12 99995 2 5 1 4
 8.000000E+00 12 99993 3 4 1 4
 1.200000E+01 15 99988 7 1 2 5
 1.600000E+01 17 99987 8 2 2 5
 2.000000E+01 18 99982 7 4 2 5
 2.400000E+01 25 99982 13 4 2 6
 2.800000E+01 29 99978 15 3 3 8
 3.200000E+01 28 99976 10 4 3 11
 3.600000E+01 31 99972 11 5 3 12
 4.000000E+01 34 99967 11 7 4 12
 4.400000E+01 44 99963 15 7 5 17
 4.800000E+01 57 99952 23 6 7 21
 5.200000E+01 65 99942 26 7 9 23
 5.600000E+01 66 99936 20 10 9 27
 6.000000E+01 79 99928 27 10 12 30
 6.400000E+01 91 99918 30 9 15 37
 6.800000E+01 89 99910 21 8 18 42
 7.200000E+01 103 99903 29 6 22 46
 7.600000E+01 106 99892 21 14 23 48
 8.000000E+01 119 99882 30 14 24 51
 8.400000E+01 131 99872 33 11 28 59
 8.800000E+01 134 99862 26 13 30 65
 9.200000E+01 147 99849 32 11 32 72
 9.600000E+01 153 99834 29 14 34 76
 1.000000E+02 168 99820 33 14 36 85
 1.040000E+02 187 99807 40 13 40 94
 1.080000E+02 197 99796 37 15 45 100
 1.120000E+02 222 99783 51 12 50 109
 1.160000E+02 227 99776 45 11 55 116
 1.200000E+02 238 99765 46 17 56 119
 1.240000E+02 242 99756 42 18 57 125
 1.280000E+02 262 99742 47 14 65 136
 1.320000E+02 277 99729 46 19 69 143
 1.360000E+02 301 99719 58 18 74 151
 1.400000E+02 292 99711 36 21 76 159
 1.440000E+02 314 99690 46 16 78 174
 1.480000E+02 330 99679 40 21 87 182
 1.520000E+02 343 99667 43 14 94 192
 1.560000E+02 354 99655 37 22 95 200
 1.600000E+02 372 99643 43 21 99 209
 1.640000E+02 383 99630 37 23 103 220
 1.680000E+02 391 99616 35 22 107 227
 1.720000E+02 391 99607 30 15 110 236
 1.760000E+02 408 99600 38 12 113 245
 1.800000E+02 413 99594 27 18 115 253
 1.840000E+02 422 99587 25 17 118 262
 1.880000E+02 427 99585 25 13 119 270
 1.920000E+02 435 99579 19 17 123 276
 1.960000E+02 458 99567 31 19 124 284
 2.000000E+02 451 99563 21 15 125 290

#Simulation ended (eff.: 0.987268, detail below)
	#Events: 93054
	#Valid embedding but no longer unary when required: 0.000000
	#Valid embedding but not binary when required: 0.000000
	#Clashing instance: 0.000000
	#Lazy negative update: 1.000000
	#Lazy negative update of non local instances: 0.000000
	#Perturbation interrupting time advance: 0.000000
