# time 'Cases' 'Susceptible' 'Exposed' 'Infected' 'Removed' 'Deads'
 0.000000E+00 0 470 0 0 0 0
 4.000000E+00 0 470 0 0 0 0
 8.000000E+00 2 470 2 0 0 0
 1.200000E+01 1 470 1 0 0 0
 1.600000E+01 2 470 2 0 0 0
 2.000000E+01 0 470 0 0 0 0
 2.400000E+01 0 470 0 0 0 0
 2.800000E+01 4 470 4 0 0 0
 3.200000E+01 3 470 3 0 0 0
 3.600000E+01 2 470 2 0 0 0
 4.000000E+01 3 470 3 0 0 0
 4.400000E+01 5 470 5 0 0 0
 4.800000E+01 3 468 2 0 1 0
 5.200000E+01 7 468 6 0 1 0
 5.600000E+01 5 468 3 1 1 0
 6.000000E+01 5 464 2 2 1 0
 6.400000E+01 5 461 2 0 1 2
 6.800000E+01 7 461 3 1 1 2
 7.200000E+01 7 461 3 0 1 3
 7.600000E+01 9 461 5 0 1 3
 8.000000E+01 12 460 6 1 2 3
 8.400000E+01 7 460 1 0 2 4
 8.800000E+01 7 460 1 0 2 4
 9.200000E+01 18 456 10 1 2 5
 9.600000E+01 13 455 4 0 3 6
 1.000000E+02 18 455 8 0 3 7
 1.040000E+02 15 455 1 1 4 9
 1.080000E+02 22 453 6 1 4 11
 1.120000E+02 21 452 6 0 4 11
 1.160000E+02 22 450 5 1 4 12
 1.200000E+02 23 450 6 0 4 13
 1.240000E+02 25 448 6 2 4 13
 1.280000E+02 21 448 2 1 5 13
 1.320000E+02 25 448 5 2 5 13
 1.360000E+02 27 447 5 4 5 13
 1.400000E+02 29 444 4 2 6 17
 1.440000E+02 26 442 2 1 6 17
 1.480000E+02 28 442 4 1 6 17
 1.520000E+02 32 442 7 2 6 17
 1.560000E+02 36 438 8 4 6 18
 1.600000E+02 31 435 2 3 6 20
 1.640000E+02 37 434 8 2 7 20
 1.680000E+02 39 433 7 3 8 21
 1.720000E+02 37 428 6 2 8 21
 1.760000E+02 36 428 3 3 8 22
 1.800000E+02 36 425 2 3 8 23
 1.840000E+02 38 423 5 2 8 23
 1.880000E+02 33 423 1 1 8 23
 1.920000E+02 37 422 3 3 8 23
 1.960000E+02 37 421 4 1 8 24
 2.000000E+02 36 421 3 1 8 24

#Simulation ended (eff.: 0.751908, detail below)
	#Events: 1379
	#Valid embedding but no longer unary when required: 0.000000
	#Valid embedding but not binary when required: 0.000000
	#Clashing instance: 0.000000
	#Lazy negative update: 1.000000
	#Lazy negative update of non local instances: 0.000000
	#Perturbation interrupting time advance: 0.000000
