# time 'Cases' 'Susceptible' 'Exposed' 'Infected' 'Removed' 'Deads'
 0.000000E+00 0 470 0 0 0 0
 4.000000E+00 0 470 0 0 0 0
 8.000000E+00 2 470 1 1 0 0
 1.200000E+01 2 470 1 0 1 0
 1.600000E+01 4 469 2 1 1 0
 2.000000E+01 3 468 1 1 1 0
 2.400000E+01 1 468 0 0 1 0
 2.800000E+01 2 468 1 0 1 0
 3.200000E+01 4 465 1 0 1 2
 3.600000E+01 5 464 2 0 1 2
 4.000000E+01 4 464 1 0 1 2
 4.400000E+01 5 464 2 0 1 2
 4.800000E+01 6 464 2 1 1 2
 5.200000E+01 5 463 0 0 2 3
 5.600000E+01 7 463 1 1 2 3
 6.000000E+01 8 462 2 1 2 3
 6.400000E+01 5 462 0 0 2 3
 6.800000E+01 5 462 0 0 2 3
 7.200000E+01 8 460 2 1 2 3
 7.600000E+01 8 457 2 1 2 3
 8.000000E+01 7 456 1 0 3 3
 8.400000E+01 8 456 2 0 3 3
 8.800000E+01 9 453 1 2 3 3
 9.200000E+01 9 453 1 0 3 5
 9.600000E+01 8 453 0 0 3 5
 1.000000E+02 8 453 0 0 3 5
 1.040000E+02 9 453 1 0 3 5
 1.080000E+02 10 453 1 1 3 5
 1.120000E+02 11 453 1 1 3 6
 1.160000E+02 11 453 1 0 4 6
 1.200000E+02 14 453 3 1 4 6
 1.240000E+02 16 451 3 2 5 6
 1.280000E+02 13 447 0 1 5 7
 1.320000E+02 17 447 2 2 5 8
 1.360000E+02 17 446 1 0 6 10
 1.400000E+02 17 445 0 1 6 10
 1.440000E+02 16 445 0 0 6 10
 1.480000E+02 18 445 1 0 7 10
 1.520000E+02 18 445 0 1 7 10
 1.560000E+02 21 445 2 1 7 11
 1.600000E+02 20 445 1 1 7 11
 1.640000E+02 19 445 0 0 7 12
 1.680000E+02 20 445 1 0 7 12
 1.720000E+02 21 445 2 0 7 12
 1.760000E+02 20 445 1 0 7 12
 1.800000E+02 20 444 1 0 7 12
 1.840000E+02 20 444 1 0 7 12
 1.880000E+02 20 444 0 1 7 12
 1.920000E+02 20 444 1 0 7 12
 1.960000E+02 19 444 0 0 7 12
 2.000000E+02 19 444 0 0 7 12

#Simulation ended (eff.: 0.743902, detail below)
	#Events: 732
	#Valid embedding but no longer unary when required: 0.000000
	#Valid embedding but not binary when required: 0.000000
	#Clashing instance: 0.000000
	#Lazy negative update: 1.000000
	#Lazy negative update of non local instances: 0.000000
	#Perturbation interrupting time advance: 0.000000
