# time 'Cases' 'Susceptible' 'Exposed' 'Infected' 'Removed' 'Deads'
 0.000000E+00 0 1580 0 0 0 0
 4.000000E+00 1 1580 0 1 0 0
 8.000000E+00 6 1580 5 1 0 0
 1.200000E+01 8 1580 7 1 0 0
 1.600000E+01 13 1580 11 1 1 0
 2.000000E+01 11 1577 6 2 2 1
 2.400000E+01 9 1577 5 0 2 2
 2.800000E+01 8 1576 4 0 2 2
 3.200000E+01 18 1574 10 4 2 2
 3.600000E+01 24 1562 11 3 3 7
 4.000000E+01 29 1556 15 1 3 10
 4.400000E+01 28 1552 10 5 3 10
 4.800000E+01 32 1548 11 3 3 15
 5.200000E+01 37 1544 11 3 4 19
 5.600000E+01 41 1543 11 5 4 21
 6.000000E+01 46 1537 13 5 5 23
 6.400000E+01 56 1534 20 5 6 25
 6.800000E+01 52 1531 17 3 6 26
 7.200000E+01 59 1527 20 5 7 27
 7.600000E+01 54 1527 12 7 7 28
 8.000000E+01 60 1523 14 7 9 30
 8.400000E+01 73 1515 23 7 12 31
 8.800000E+01 74 1508 18 8 14 34
 9.200000E+01 85 1506 22 9 17 37
 9.600000E+01 92 1498 26 8 19 39
 1.000000E+02 93 1494 24 9 21 39
 1.040000E+02 98 1492 23 7 24 44
 1.080000E+02 114 1490 33 8 25 48
 1.120000E+02 116 1480 26 11 25 54
 1.160000E+02 121 1471 24 13 26 58
 1.200000E+02 129 1460 25 12 27 65
 1.240000E+02 142 1454 32 11 29 70
 1.280000E+02 134 1447 25 5 30 74
 1.320000E+02 144 1444 30 7 30 77
 1.360000E+02 157 1439 37 6 31 83
 1.400000E+02 158 1433 23 13 32 90
 1.440000E+02 162 1426 22 11 34 95
 1.480000E+02 180 1418 31 12 36 101
 1.520000E+02 175 1416 22 9 36 108
 1.560000E+02 184 1412 25 12 37 110
 1.600000E+02 192 1406 24 10 40 118
 1.640000E+02 196 1401 19 14 41 122
 1.680000E+02 194 1396 17 6 44 127
 1.720000E+02 206 1391 22 6 45 133
 1.760000E+02 209 1386 20 4 48 137
 1.800000E+02 222 1378 28 8 48 138
 1.840000E+02 215 1375 15 8 50 142
 1.880000E+02 218 1370 15 9 50 144
 1.920000E+02 227 1368 22 5 52 148
 1.960000E+02 231 1363 17 12 53 149
 2.000000E+02 231 1358 13 9 57 152

#Simulation ended (eff.: 0.860298, detail below)
	#Events: 5610
	#Valid embedding but no longer unary when required: 0.000000
	#Valid embedding but not binary when required: 0.000000
	#Clashing instance: 0.000000
	#Lazy negative update: 1.000000
	#Lazy negative update of non local instances: 0.000000
	#Perturbation interrupting time advance: 0.000000
