# time 'Cases' 'Susceptible' 'Exposed' 'Infected' 'Removed' 'Deads'
 0.000000E+00 0 1580 0 0 0 0
 4.000000E+00 4 1579 3 1 0 0
 8.000000E+00 4 1577 3 0 1 0
 1.200000E+01 9 1575 6 2 1 0
 1.600000E+01 10 1571 7 1 1 1
 2.000000E+01 12 1569 8 2 1 1
 2.400000E+01 9 1566 4 2 1 2
 2.800000E+01 16 1564 8 3 1 4
 3.200000E+01 18 1560 8 3 2 5
 3.600000E+01 16 1559 6 1 3 6
 4.000000E+01 20 1555 9 2 3 6
 4.400000E+01 21 1552 10 1 3 7
 4.800000E+01 24 1550 10 3 3 8
 5.200000E+01 28 1547 10 5 4 9
 5.600000E+01 32 1545 13 3 5 11
 6.000000E+01 33 1541 12 2 6 13
 6.400000E+01 38 1536 14 1 8 15
 6.800000E+01 48 1532 20 3 9 16
 7.200000E+01 47 1531 14 6 10 17
 7.600000E+01 54 1525 19 4 10 21
 8.000000E+01 63 1523 18 12 11 22
 8.400000E+01 63 1515 19 5 13 26
 8.800000E+01 67 1508 17 7 13 30
 9.200000E+01 69 1504 16 3 14 36
 9.600000E+01 70 1502 14 4 15 37
 1.000000E+02 83 1497 22 6 18 37
 1.040000E+02 81 1494 17 5 19 40
 1.080000E+02 87 1493 20 4 19 44
 1.120000E+02 91 1489 18 7 20 46
 1.160000E+02 96 1488 18 6 21 51
 1.200000E+02 100 1485 15 11 22 52
 1.240000E+02 116 1483 21 11 26 58
 1.280000E+02 123 1476 22 6 28 67
 1.320000E+02 132 1468 22 11 29 70
 1.360000E+02 139 1458 24 6 32 77
 1.400000E+02 142 1456 18 7 35 82
 1.440000E+02 146 1452 19 6 36 85
 1.480000E+02 146 1449 16 8 36 86
 1.520000E+02 155 1449 20 6 37 92
 1.560000E+02 159 1442 19 8 38 94
 1.600000E+02 158 1438 18 6 40 94
 1.640000E+02 159 1436 15 3 43 98
 1.680000E+02 159 1435 9 6 44 100
 1.720000E+02 169 1433 11 9 45 104
 1.760000E+02 168 1430 9 7 45 107
 1.800000E+02 173 1426 15 4 46 108
 1.840000E+02 169 1422 11 2 46 110
 1.880000E+02 173 1420 12 5 46 110
 1.920000E+02 178 1417 11 6 47 114
 1.960000E+02 175 1415 8 2 47 118
 2.000000E+02 181 1410 9 5 48 119

#Simulation ended (eff.: 0.848060, detail below)
	#Events: 4655
	#Valid embedding but no longer unary when required: 0.000000
	#Valid embedding but not binary when required: 0.000000
	#Clashing instance: 0.000000
	#Lazy negative update: 1.000000
	#Lazy negative update of non local instances: 0.000000
	#Perturbation interrupting time advance: 0.000000
