# time 'Cases' 'Susceptible' 'Exposed' 'Infected' 'Removed' 'Deads'
 0.000000E+00 10 10000 0 10 0 0
 4.000000E+00 18 9990 9 3 3 3
 8.000000E+00 18 9988 9 1 3 5
 1.200000E+01 15 9985 5 1 3 6
 1.600000E+01 23 9984 12 1 3 7
 2.000000E+01 24 9979 9 4 3 8
 2.400000E+01 28 9974 10 5 4 9
 2.800000E+01 28 9969 12 0 4 12
 3.200000E+01 32 9968 13 3 4 12
 3.600000E+01 38 9968 14 3 7 14
 4.000000E+01 38 9964 9 2 9 18
 4.400000E+01 41 9962 12 2 9 18
 4.800000E+01 51 9959 18 5 9 19
 5.200000E+01 55 9952 18 5 11 21
 5.600000E+01 64 9942 21 7 13 23
 6.000000E+01 67 9936 19 6 15 27
 6.400000E+01 71 9933 16 10 15 30
 6.800000E+01 77 9924 17 7 18 35
 7.200000E+01 81 9917 19 5 20 37
 7.600000E+01 99 9907 25 10 22 42
 8.000000E+01 107 9892 31 9 23 44
 8.400000E+01 108 9883 26 9 26 47
 8.800000E+01 119 9877 30 9 27 53
 9.200000E+01 129 9865 34 12 28 55
 9.600000E+01 137 9859 33 13 30 61
 1.000000E+02 141 9849 32 11 32 66
 1.040000E+02 145 9842 24 16 34 71
 1.080000E+02 156 9831 27 14 40 75
 1.120000E+02 166 9823 26 13 43 84
 1.160000E+02 174 9816 29 10 45 90
 1.200000E+02 182 9808 30 10 47 95
 1.240000E+02 195 9795 33 15 51 96
 1.280000E+02 210 9786 34 15 55 106
 1.320000E+02 214 9775 31 16 55 112
 1.360000E+02 223 9762 28 15 58 122
 1.400000E+02 228 9756 23 13 62 130
 1.440000E+02 241 9746 28 16 65 132
 1.480000E+02 249 9739 31 12 68 138
 1.520000E+02 255 9731 29 15 70 141
 1.560000E+02 263 9724 28 16 71 148
 1.600000E+02 267 9716 27 8 73 159
 1.640000E+02 269 9710 24 10 74 161
 1.680000E+02 275 9703 23 10 75 167
 1.720000E+02 283 9700 19 15 79 170
 1.760000E+02 290 9693 18 13 85 174
 1.800000E+02 288 9687 12 8 87 181
 1.840000E+02 303 9685 17 11 90 185
 1.880000E+02 307 9681 16 10 91 190
 1.920000E+02 311 9675 17 8 92 194
 1.960000E+02 318 9673 14 9 94 201
 2.000000E+02 316 9670 11 3 96 206

#Simulation ended (eff.: 0.941127, detail below)
	#Events: 13444
	#Valid embedding but no longer unary when required: 0.000000
	#Valid embedding but not binary when required: 0.000000
	#Clashing instance: 0.000000
	#Lazy negative update: 1.000000
	#Lazy negative update of non local instances: 0.000000
	#Perturbation interrupting time advance: 0.000000
