# time 'Cases' 'Susceptible' 'Exposed' 'Infected' 'Removed' 'Deads'
 0.000000E+00 0 700 0 0 0 0
 4.000000E+00 2 700 2 0 0 0
 8.000000E+00 3 699 2 1 0 0
 1.200000E+01 2 698 1 0 0 1
 1.600000E+01 2 698 0 1 0 1
 2.000000E+01 7 698 4 1 0 2
 2.400000E+01 9 696 5 1 0 3
 2.800000E+01 9 696 6 0 0 3
 3.200000E+01 10 694 5 2 0 3
 3.600000E+01 17 690 11 2 0 4
 4.000000E+01 17 688 9 1 2 5
 4.400000E+01 22 686 12 2 3 5
 4.800000E+01 20 685 6 5 3 6
 5.200000E+01 27 683 12 5 4 6
 5.600000E+01 15 683 4 1 4 6
 6.000000E+01 23 682 10 2 4 7
 6.400000E+01 22 680 7 1 4 10
 6.800000E+01 29 678 11 4 4 10
 7.200000E+01 35 678 16 3 4 12
 7.600000E+01 28 678 9 2 5 12
 8.000000E+01 27 674 7 1 5 14
 8.400000E+01 31 672 10 2 5 14
 8.800000E+01 35 671 9 6 5 15
 9.200000E+01 43 666 17 2 6 18
 9.600000E+01 40 663 12 2 6 20
 1.000000E+02 36 662 6 1 7 22
 1.040000E+02 49 659 12 7 7 23
 1.080000E+02 49 652 10 6 10 23
 1.120000E+02 70 649 28 5 10 27
 1.160000E+02 71 644 21 9 13 28
 1.200000E+02 70 641 16 6 17 31
 1.240000E+02 58 636 6 2 17 33
 1.280000E+02 72 633 15 6 17 34
 1.320000E+02 70 629 13 1 18 38
 1.360000E+02 76 624 15 3 19 39
 1.400000E+02 86 621 20 4 21 41
 1.440000E+02 87 618 16 6 21 44
 1.480000E+02 88 615 13 5 21 49
 1.520000E+02 95 611 16 7 21 51
 1.560000E+02 95 608 13 6 24 52
 1.600000E+02 98 606 12 4 26 56
 1.640000E+02 99 603 11 3 26 59
 1.680000E+02 106 601 12 5 26 63
 1.720000E+02 105 597 11 3 26 65
 1.760000E+02 105 597 12 1 27 65
 1.800000E+02 109 596 12 2 30 65
 1.840000E+02 104 595 6 2 30 66
 1.880000E+02 108 590 7 5 30 66
 1.920000E+02 111 587 10 4 30 67
 1.960000E+02 112 581 7 5 30 70
 2.000000E+02 118 579 9 7 30 72

#Simulation ended (eff.: 0.754307, detail below)
	#Events: 3678
	#Valid embedding but no longer unary when required: 0.000000
	#Valid embedding but not binary when required: 0.000000
	#Clashing instance: 0.000000
	#Lazy negative update: 1.000000
	#Lazy negative update of non local instances: 0.000000
	#Perturbation interrupting time advance: 0.000000
