# time 'Cases' 'Susceptible' 'Exposed' 'Infected' 'Removed' 'Deads'
 0.000000E+00 0 7000 0 0 0 0
 4.000000E+00 0 7000 0 0 0 0
 8.000000E+00 3 6998 1 2 0 0
 1.200000E+01 3 6997 2 1 0 0
 1.600000E+01 4 6997 2 1 0 1
 2.000000E+01 3 6996 1 1 0 1
 2.400000E+01 3 6996 1 1 0 1
 2.800000E+01 8 6994 4 3 0 1
 3.200000E+01 9 6992 4 2 1 2
 3.600000E+01 7 6989 2 2 1 2
 4.000000E+01 6 6989 2 0 1 3
 4.400000E+01 8 6989 3 0 1 4
 4.800000E+01 8 6989 3 0 1 4
 5.200000E+01 10 6989 4 0 1 5
 5.600000E+01 7 6989 1 0 1 5
 6.000000E+01 13 6989 6 1 1 5
 6.400000E+01 15 6989 6 1 1 7
 6.800000E+01 12 6989 1 3 1 7
 7.200000E+01 16 6988 7 1 1 7
 7.600000E+01 13 6988 5 0 1 7
 8.000000E+01 14 6986 5 0 1 8
 8.400000E+01 13 6986 2 1 1 9
 8.800000E+01 12 6986 2 0 1 9
 9.200000E+01 13 6986 3 0 1 9
 9.600000E+01 14 6986 4 0 1 9
 1.000000E+02 19 6986 8 0 1 10
 1.040000E+02 17 6984 5 1 1 10
 1.080000E+02 16 6983 2 2 2 10
 1.120000E+02 20 6982 6 1 2 11
 1.160000E+02 18 6982 5 0 2 11
 1.200000E+02 17 6982 3 1 2 11
 1.240000E+02 20 6982 5 1 3 11
 1.280000E+02 20 6982 5 0 3 12
 1.320000E+02 20 6982 5 0 3 12
 1.360000E+02 22 6981 6 0 3 13
 1.400000E+02 21 6981 3 1 3 14
 1.440000E+02 25 6981 8 0 3 14
 1.480000E+02 21 6981 3 1 3 14
 1.520000E+02 23 6980 3 3 3 14
 1.560000E+02 24 6978 6 0 4 14
 1.600000E+02 23 6978 4 1 4 14
 1.640000E+02 24 6978 4 1 4 15
 1.680000E+02 21 6978 2 0 4 15
 1.720000E+02 24 6977 4 0 4 16
 1.760000E+02 23 6976 2 0 4 17
 1.800000E+02 25 6976 3 1 4 17
 1.840000E+02 25 6976 2 0 5 18
 1.880000E+02 25 6976 1 1 5 18
 1.920000E+02 28 6975 3 1 5 19
 1.960000E+02 30 6975 3 0 6 21
 2.000000E+02 30 6975 3 0 6 21

#Simulation ended (eff.: 0.909945, detail below)
	#Events: 6972
	#Valid embedding but no longer unary when required: 0.000000
	#Valid embedding but not binary when required: 0.000000
	#Clashing instance: 0.000000
	#Lazy negative update: 1.000000
	#Lazy negative update of non local instances: 0.000000
	#Perturbation interrupting time advance: 0.000000
