# time 'Cases' 'Susceptible' 'Exposed' 'Infected' 'Removed' 'Deads'
 0.000000E+00 0 15800 0 0 0 0
 4.000000E+00 3 15800 2 1 0 0
 8.000000E+00 4 15800 4 0 0 0
 1.200000E+01 3 15800 3 0 0 0
 1.600000E+01 11 15799 9 2 0 0
 2.000000E+01 11 15798 10 1 0 0
 2.400000E+01 7 15797 4 0 2 1
 2.800000E+01 10 15795 6 1 2 1
 3.200000E+01 9 15795 6 0 2 1
 3.600000E+01 7 15795 3 1 2 1
 4.000000E+01 11 15793 8 0 2 1
 4.400000E+01 7 15793 3 0 2 2
 4.800000E+01 10 15792 4 1 3 2
 5.200000E+01 12 15791 5 1 4 2
 5.600000E+01 18 15790 8 3 5 2
 6.000000E+01 14 15790 6 1 5 2
 6.400000E+01 10 15789 3 0 5 2
 6.800000E+01 13 15789 5 1 5 2
 7.200000E+01 16 15787 5 2 6 3
 7.600000E+01 14 15786 1 2 6 5
 8.000000E+01 14 15786 2 0 7 5
 8.400000E+01 20 15786 8 0 7 5
 8.800000E+01 20 15785 5 2 8 5
 9.200000E+01 20 15782 5 0 8 7
 9.600000E+01 22 15781 6 0 8 8
 1.000000E+02 24 15780 6 1 9 8
 1.040000E+02 30 15780 8 2 10 10
 1.080000E+02 28 15780 6 0 10 12
 1.120000E+02 28 15779 4 2 10 12
 1.160000E+02 38 15775 12 3 10 13
 1.200000E+02 35 15771 6 4 10 15
 1.240000E+02 39 15769 10 0 12 17
 1.280000E+02 38 15768 6 3 12 17
 1.320000E+02 43 15766 8 4 12 19
 1.360000E+02 45 15762 5 6 14 20
 1.400000E+02 49 15757 9 3 15 22
 1.440000E+02 47 15754 4 4 16 23
 1.480000E+02 52 15752 7 2 16 27
 1.520000E+02 47 15749 3 1 16 27
 1.560000E+02 48 15746 3 1 17 27
 1.600000E+02 51 15746 6 1 17 27
 1.640000E+02 51 15746 5 1 18 27
 1.680000E+02 53 15744 6 1 19 27
 1.720000E+02 53 15744 3 1 20 29
 1.760000E+02 54 15744 2 2 21 29
 1.800000E+02 56 15741 3 2 22 29
 1.840000E+02 60 15741 6 0 22 32
 1.880000E+02 59 15738 3 2 22 32
 1.920000E+02 60 15738 2 2 23 33
 1.960000E+02 59 15738 2 1 23 33
 2.000000E+02 60 15737 1 2 23 34

#Simulation ended (eff.: 0.963436, detail below)
	#Events: 14940
	#Valid embedding but no longer unary when required: 0.000000
	#Valid embedding but not binary when required: 0.000000
	#Clashing instance: 0.000000
	#Lazy negative update: 1.000000
	#Lazy negative update of non local instances: 0.000000
	#Perturbation interrupting time advance: 0.000000
