# time 'Cases' 'Susceptible' 'Exposed' 'Infected' 'Removed' 'Deads'
 0.000000E+00 0 4700 0 0 0 0
 4.000000E+00 4 4700 4 0 0 0
 8.000000E+00 0 4700 0 0 0 0
 1.200000E+01 2 4700 2 0 0 0
 1.600000E+01 5 4700 5 0 0 0
 2.000000E+01 4 4700 4 0 0 0
 2.400000E+01 4 4700 4 0 0 0
 2.800000E+01 4 4700 3 1 0 0
 3.200000E+01 4 4699 2 1 1 0
 3.600000E+01 5 4696 3 1 1 0
 4.000000E+01 9 4694 4 3 1 1
 4.400000E+01 7 4693 3 1 2 1
 4.800000E+01 8 4693 5 0 2 1
 5.200000E+01 10 4693 6 0 2 2
 5.600000E+01 9 4693 3 2 2 2
 6.000000E+01 13 4689 6 2 2 3
 6.400000E+01 15 4688 6 1 2 6
 6.800000E+01 14 4687 6 0 2 6
 7.200000E+01 17 4686 7 2 2 6
 7.600000E+01 22 4684 9 4 2 7
 8.000000E+01 23 4682 9 3 2 9
 8.400000E+01 23 4682 7 2 3 11
 8.800000E+01 23 4680 5 2 3 13
 9.200000E+01 24 4679 6 1 3 14
 9.600000E+01 28 4679 9 1 4 14
 1.000000E+02 31 4678 9 3 4 15
 1.040000E+02 33 4675 12 1 5 15
 1.080000E+02 36 4675 12 3 5 16
 1.120000E+02 39 4670 10 7 6 16
 1.160000E+02 45 4666 14 4 6 21
 1.200000E+02 38 4664 6 3 6 23
 1.240000E+02 41 4663 7 2 7 25
 1.280000E+02 44 4661 8 3 7 26
 1.320000E+02 45 4660 7 4 7 27
 1.360000E+02 49 4660 7 2 7 33
 1.400000E+02 49 4658 7 1 8 33
 1.440000E+02 55 4657 11 3 8 33
 1.480000E+02 59 4657 13 2 8 36
 1.520000E+02 62 4654 11 6 8 37
 1.560000E+02 65 4649 14 4 8 39
 1.600000E+02 59 4648 6 2 10 41
 1.640000E+02 69 4648 14 2 10 43
 1.680000E+02 76 4643 11 7 11 47
 1.720000E+02 68 4642 5 2 12 49
 1.760000E+02 70 4642 7 1 12 50
 1.800000E+02 65 4642 2 1 12 50
 1.840000E+02 74 4640 7 2 12 53
 1.880000E+02 71 4640 3 2 13 53
 1.920000E+02 71 4640 2 0 13 56
 1.960000E+02 74 4640 5 0 13 56
 2.000000E+02 72 4640 3 0 13 56

#Simulation ended (eff.: 0.895327, detail below)
	#Events: 5748
	#Valid embedding but no longer unary when required: 0.000000
	#Valid embedding but not binary when required: 0.000000
	#Clashing instance: 0.000000
	#Lazy negative update: 1.000000
	#Lazy negative update of non local instances: 0.000000
	#Perturbation interrupting time advance: 0.000000
