# time 'Cases' 'Susceptible' 'Exposed' 'Infected' 'Removed' 'Deads'
 0.000000E+00 0 15800 0 0 0 0
 4.000000E+00 3 15800 2 1 0 0
 8.000000E+00 4 15800 3 1 0 0
 1.200000E+01 4 15798 3 0 0 1
 1.600000E+01 3 15798 2 0 0 1
 2.000000E+01 8 15798 5 2 0 1
 2.400000E+01 9 15798 4 3 0 2
 2.800000E+01 11 15794 7 2 0 2
 3.200000E+01 16 15793 9 4 0 3
 3.600000E+01 26 15786 15 6 0 5
 4.000000E+01 27 15783 17 4 1 5
 4.400000E+01 31 15781 17 7 2 5
 4.800000E+01 30 15770 16 4 2 8
 5.200000E+01 32 15767 14 6 2 10
 5.600000E+01 40 15761 16 7 4 13
 6.000000E+01 44 15754 20 3 5 16
 6.400000E+01 44 15751 17 4 6 17
 6.800000E+01 48 15748 13 8 8 19
 7.200000E+01 56 15743 17 7 10 22
 7.600000E+01 57 15740 20 3 10 24
 8.000000E+01 60 15735 19 3 13 25
 8.400000E+01 64 15731 16 8 13 27
 8.800000E+01 66 15731 14 5 19 28
 9.200000E+01 83 15727 31 2 20 30
 9.600000E+01 76 15726 20 4 22 30
 1.000000E+02 75 15725 18 2 22 33
 1.040000E+02 81 15721 17 7 22 35
 1.080000E+02 86 15717 16 9 23 38
 1.120000E+02 95 15713 21 7 24 43
 1.160000E+02 100 15710 20 9 27 44
 1.200000E+02 99 15706 16 9 27 47
 1.240000E+02 96 15701 10 5 28 53
 1.280000E+02 118 15697 20 11 29 58
 1.320000E+02 112 15694 11 7 30 64
 1.360000E+02 119 15684 13 7 33 66
 1.400000E+02 129 15681 19 5 35 70
 1.440000E+02 131 15677 18 4 36 73
 1.480000E+02 134 15674 13 6 36 79
 1.520000E+02 139 15673 19 3 36 81
 1.560000E+02 139 15671 17 4 36 82
 1.600000E+02 139 15669 12 7 36 84
 1.640000E+02 145 15660 16 5 37 87
 1.680000E+02 143 15658 10 8 38 87
 1.720000E+02 152 15655 16 6 39 91
 1.760000E+02 162 15646 19 9 41 93
 1.800000E+02 165 15641 19 7 43 96
 1.840000E+02 167 15640 17 7 44 99
 1.880000E+02 169 15634 14 6 45 104
 1.920000E+02 170 15629 12 5 46 107
 1.960000E+02 172 15626 14 3 47 108
 2.000000E+02 177 15625 16 5 47 109

#Simulation ended (eff.: 0.949755, detail below)
	#Events: 17088
	#Valid embedding but no longer unary when required: 0.000000
	#Valid embedding but not binary when required: 0.000000
	#Clashing instance: 0.000000
	#Lazy negative update: 1.000000
	#Lazy negative update of non local instances: 0.000000
	#Perturbation interrupting time advance: 0.000000
