# time 'Cases' 'Susceptible' 'Exposed' 'Infected' 'Removed' 'Deads'
 0.000000E+00 10 10000 0 10 0 0
 4.000000E+00 9 9998 0 7 2 0
 8.000000E+00 9 9997 2 3 3 1
 1.200000E+01 12 9992 4 2 4 2
 1.600000E+01 18 9989 10 2 4 2
 2.000000E+01 20 9986 11 2 5 2
 2.400000E+01 23 9984 13 3 5 2
 2.800000E+01 28 9983 14 5 6 3
 3.200000E+01 30 9976 14 5 7 4
 3.600000E+01 35 9975 20 1 8 6
 4.000000E+01 40 9973 17 5 9 9
 4.400000E+01 55 9958 26 10 9 10
 4.800000E+01 51 9951 21 6 10 14
 5.200000E+01 57 9945 20 8 12 17
 5.600000E+01 71 9936 26 7 13 25
 6.000000E+01 74 9932 24 7 14 29
 6.400000E+01 96 9913 35 12 15 34
 6.800000E+01 93 9905 27 8 18 40
 7.200000E+01 96 9897 26 7 19 44
 7.600000E+01 117 9880 34 13 22 48
 8.000000E+01 138 9867 43 15 27 53
 8.400000E+01 149 9853 43 18 32 56
 8.800000E+01 161 9849 42 18 38 63
 9.200000E+01 172 9841 39 19 42 72
 9.600000E+01 172 9830 27 20 47 78
 1.000000E+02 197 9820 39 18 52 88
 1.040000E+02 211 9801 46 9 55 101
 1.080000E+02 213 9796 38 18 55 102
 1.120000E+02 221 9780 38 10 61 112
 1.160000E+02 237 9773 39 17 65 116
 1.200000E+02 245 9762 40 15 67 123
 1.240000E+02 254 9753 45 10 69 130
 1.280000E+02 254 9749 33 15 71 135
 1.320000E+02 275 9739 41 17 75 142
 1.360000E+02 285 9730 36 18 80 151
 1.400000E+02 294 9716 37 12 85 160
 1.440000E+02 301 9710 36 13 86 166
 1.480000E+02 311 9707 29 22 90 170
 1.520000E+02 320 9700 28 20 94 178
 1.560000E+02 324 9693 21 18 96 189
 1.600000E+02 341 9685 27 17 98 199
 1.640000E+02 335 9683 18 14 103 200
 1.680000E+02 343 9679 21 12 105 205
 1.720000E+02 343 9677 16 7 109 211
 1.760000E+02 342 9675 12 6 110 214
 1.800000E+02 349 9670 13 8 111 217
 1.840000E+02 352 9669 10 12 112 218
 1.880000E+02 363 9657 15 11 113 224
 1.920000E+02 368 9653 17 9 114 228
 1.960000E+02 376 9649 19 9 116 232
 2.000000E+02 375 9646 12 11 118 234

#Simulation ended (eff.: 0.939681, detail below)
	#Events: 14192
	#Valid embedding but no longer unary when required: 0.000000
	#Valid embedding but not binary when required: 0.000000
	#Clashing instance: 0.000000
	#Lazy negative update: 1.000000
	#Lazy negative update of non local instances: 0.000000
	#Perturbation interrupting time advance: 0.000000
