# time 'Cases' 'Susceptible' 'Exposed' 'Infected' 'Removed' 'Deads'
 0.000000E+00 0 15800 0 0 0 0
 4.000000E+00 3 15800 3 0 0 0
 8.000000E+00 3 15800 3 0 0 0
 1.200000E+01 8 15798 6 2 0 0
 1.600000E+01 4 15796 3 1 0 0
 2.000000E+01 6 15795 4 2 0 0
 2.400000E+01 6 15793 5 0 0 1
 2.800000E+01 6 15793 5 0 0 1
 3.200000E+01 7 15793 3 2 0 2
 3.600000E+01 10 15791 7 0 1 2
 4.000000E+01 9 15790 3 0 1 5
 4.400000E+01 16 15789 8 2 1 5
 4.800000E+01 21 15787 11 3 1 6
 5.200000E+01 17 15787 7 2 1 7
 5.600000E+01 21 15785 10 3 1 7
 6.000000E+01 18 15782 7 1 1 9
 6.400000E+01 16 15782 5 0 1 10
 6.800000E+01 21 15782 9 0 1 11
 7.200000E+01 26 15776 9 4 1 12
 7.600000E+01 32 15769 11 7 1 13
 8.000000E+01 43 15760 18 5 1 19
 8.400000E+01 43 15756 15 4 2 22
 8.800000E+01 45 15750 14 5 2 24
 9.200000E+01 45 15748 10 4 3 28
 9.600000E+01 49 15742 13 3 4 29
 1.000000E+02 51 15739 14 2 4 31
 1.040000E+02 50 15733 11 3 4 32
 1.080000E+02 60 15731 17 6 4 33
 1.120000E+02 66 15727 18 8 4 36
 1.160000E+02 64 15719 15 4 4 41
 1.200000E+02 69 15714 14 9 5 41
 1.240000E+02 69 15712 10 10 6 43
 1.280000E+02 75 15710 13 8 7 47
 1.320000E+02 69 15708 9 4 7 49
 1.360000E+02 73 15707 10 5 8 50
 1.400000E+02 82 15700 16 5 9 52
 1.440000E+02 87 15695 18 2 10 57
 1.480000E+02 89 15694 13 5 11 60
 1.520000E+02 94 15692 18 2 13 61
 1.560000E+02 98 15687 16 5 14 63
 1.600000E+02 97 15683 18 1 14 64
 1.640000E+02 94 15683 12 1 15 66
 1.680000E+02 98 15680 9 7 15 67
 1.720000E+02 107 15674 14 8 15 70
 1.760000E+02 104 15670 12 3 16 73
 1.800000E+02 111 15668 16 6 16 73
 1.840000E+02 115 15668 18 4 16 77
 1.880000E+02 119 15667 13 10 17 79
 1.920000E+02 116 15665 7 6 19 84
 1.960000E+02 115 15661 5 4 21 85
 2.000000E+02 120 15658 9 4 22 85

#Simulation ended (eff.: 0.956684, detail below)
	#Events: 16101
	#Valid embedding but no longer unary when required: 0.000000
	#Valid embedding but not binary when required: 0.000000
	#Clashing instance: 0.000000
	#Lazy negative update: 1.000000
	#Lazy negative update of non local instances: 0.000000
	#Perturbation interrupting time advance: 0.000000
