# time 'Cases' 'Susceptible' 'Exposed' 'Infected' 'Removed' 'Deads'
 0.000000E+00 0 700 0 0 0 0
 4.000000E+00 2 700 1 1 0 0
 8.000000E+00 1 699 0 0 0 1
 1.200000E+01 3 699 2 0 0 1
 1.600000E+01 7 698 5 0 0 2
 2.000000E+01 4 698 2 0 0 2
 2.400000E+01 8 698 5 0 0 3
 2.800000E+01 4 698 1 0 0 3
 3.200000E+01 5 698 2 0 0 3
 3.600000E+01 6 697 2 1 0 3
 4.000000E+01 4 697 1 0 0 3
 4.400000E+01 6 697 3 0 0 3
 4.800000E+01 6 697 3 0 0 3
 5.200000E+01 12 695 7 2 0 3
 5.600000E+01 9 690 4 0 0 5
 6.000000E+01 6 689 0 1 0 5
 6.400000E+01 15 687 6 3 0 6
 6.800000E+01 16 687 6 0 1 9
 7.200000E+01 12 687 1 0 1 10
 7.600000E+01 19 687 6 2 1 10
 8.000000E+01 15 686 2 2 1 10
 8.400000E+01 16 685 4 1 1 10
 8.800000E+01 19 682 5 2 1 11
 9.200000E+01 19 682 4 3 1 11
 9.600000E+01 20 682 6 0 3 11
 1.000000E+02 21 682 6 1 3 11
 1.040000E+02 21 680 4 1 3 13
 1.080000E+02 29 679 7 5 3 14
 1.120000E+02 31 679 8 3 4 16
 1.160000E+02 28 678 6 2 4 16
 1.200000E+02 30 677 8 0 4 18
 1.240000E+02 31 677 5 4 4 18
 1.280000E+02 32 675 5 4 5 18
 1.320000E+02 30 674 5 0 6 19
 1.360000E+02 30 674 4 0 6 20
 1.400000E+02 34 674 6 1 6 21
 1.440000E+02 31 674 2 0 8 21
 1.480000E+02 35 674 6 0 8 21
 1.520000E+02 32 674 3 0 8 21
 1.560000E+02 33 674 3 1 8 21
 1.600000E+02 33 674 3 1 8 21
 1.640000E+02 37 674 5 1 8 23
 1.680000E+02 39 673 5 2 9 23
 1.720000E+02 39 672 5 0 9 25
 1.760000E+02 37 672 2 1 9 25
 1.800000E+02 40 672 2 2 9 27
 1.840000E+02 40 670 1 3 9 27
 1.880000E+02 41 667 2 2 9 28
 1.920000E+02 41 666 2 0 9 30
 1.960000E+02 44 666 4 1 9 30
 2.000000E+02 41 666 1 0 9 31

#Simulation ended (eff.: 0.708526, detail below)
	#Events: 1687
	#Valid embedding but no longer unary when required: 0.000000
	#Valid embedding but not binary when required: 0.000000
	#Clashing instance: 0.000000
	#Lazy negative update: 1.000000
	#Lazy negative update of non local instances: 0.000000
	#Perturbation interrupting time advance: 0.000000
