# time 'Cases' 'Susceptible' 'Exposed' 'Infected' 'Removed' 'Deads'
 0.000000E+00 10 10000 0 10 0 0
 4.000000E+00 16 9988 7 6 1 2
 8.000000E+00 14 9984 5 4 1 4
 1.200000E+01 16 9981 8 2 1 5
 1.600000E+01 29 9976 17 4 1 7
 2.000000E+01 29 9973 15 3 3 8
 2.400000E+01 34 9971 16 6 3 9
 2.800000E+01 35 9966 14 5 3 13
 3.200000E+01 36 9962 13 3 4 16
 3.600000E+01 50 9951 23 4 4 19
 4.000000E+01 54 9947 24 5 5 20
 4.400000E+01 60 9938 23 10 6 21
 4.800000E+01 65 9926 21 13 6 25
 5.200000E+01 80 9918 34 11 7 28
 5.600000E+01 85 9906 33 10 8 34
 6.000000E+01 95 9894 33 14 8 40
 6.400000E+01 104 9887 34 16 10 44
 6.800000E+01 114 9875 27 17 13 57
 7.200000E+01 126 9856 32 13 18 63
 7.600000E+01 142 9846 37 11 22 72
 8.000000E+01 158 9839 43 14 24 77
 8.400000E+01 178 9821 51 12 30 85
 8.800000E+01 184 9812 42 14 33 95
 9.200000E+01 195 9800 36 16 37 106
 9.600000E+01 210 9788 42 11 41 116
 1.000000E+02 219 9780 41 17 44 117
 1.040000E+02 236 9765 37 23 49 127
 1.080000E+02 260 9747 46 22 56 136
 1.120000E+02 282 9724 52 24 63 143
 1.160000E+02 289 9712 40 25 71 153
 1.200000E+02 305 9692 47 24 76 158
 1.240000E+02 322 9681 54 21 83 164
 1.280000E+02 341 9667 61 24 86 170
 1.320000E+02 352 9648 58 23 91 180
 1.360000E+02 382 9633 64 25 97 196
 1.400000E+02 392 9611 60 26 102 204
 1.440000E+02 411 9590 60 29 109 213
 1.480000E+02 407 9575 39 26 117 225
 1.520000E+02 438 9562 48 26 124 240
 1.560000E+02 465 9547 58 22 133 252
 1.600000E+02 453 9539 38 13 139 263
 1.640000E+02 486 9531 50 20 144 272
 1.680000E+02 502 9510 45 29 148 280
 1.720000E+02 515 9503 47 28 154 286
 1.760000E+02 526 9489 42 25 158 301
 1.800000E+02 536 9477 37 28 160 311
 1.840000E+02 545 9461 35 21 166 323
 1.880000E+02 546 9456 26 18 169 333
 1.920000E+02 556 9452 28 20 171 337
 1.960000E+02 561 9440 27 14 174 346
 2.000000E+02 577 9430 28 23 176 350

#Simulation ended (eff.: 0.935364, detail below)
	#Events: 16555
	#Valid embedding but no longer unary when required: 0.000000
	#Valid embedding but not binary when required: 0.000000
	#Clashing instance: 0.000000
	#Lazy negative update: 1.000000
	#Lazy negative update of non local instances: 0.000000
	#Perturbation interrupting time advance: 0.000000
