# time 'Cases' 'Susceptible' 'Exposed' 'Infected' 'Removed' 'Deads'
 0.000000E+00 0 15800 0 0 0 0
 4.000000E+00 2 15799 1 1 0 0
 8.000000E+00 8 15794 6 1 1 0
 1.200000E+01 7 15790 3 2 1 1
 1.600000E+01 8 15790 4 2 1 1
 2.000000E+01 13 15787 8 1 1 3
 2.400000E+01 7 15786 2 1 1 3
 2.800000E+01 18 15782 9 5 1 3
 3.200000E+01 14 15782 6 3 1 4
 3.600000E+01 22 15776 10 3 2 7
 4.000000E+01 30 15774 15 3 3 9
 4.400000E+01 28 15773 13 2 4 9
 4.800000E+01 27 15772 10 4 4 9
 5.200000E+01 24 15770 6 5 4 9
 5.600000E+01 40 15766 18 6 5 11
 6.000000E+01 40 15765 12 7 7 14
 6.400000E+01 47 15759 18 6 7 16
 6.800000E+01 47 15751 17 5 9 16
 7.200000E+01 52 15749 18 6 10 18
 7.600000E+01 59 15745 18 6 11 24
 8.000000E+01 57 15742 13 6 13 25
 8.400000E+01 59 15739 13 2 16 28
 8.800000E+01 61 15735 11 4 17 29
 9.200000E+01 68 15730 15 6 17 30
 9.600000E+01 78 15726 22 5 17 34
 1.000000E+02 72 15726 15 2 17 38
 1.040000E+02 71 15723 7 7 19 38
 1.080000E+02 87 15714 19 9 20 39
 1.120000E+02 90 15709 18 5 23 44
 1.160000E+02 92 15708 20 5 23 44
 1.200000E+02 91 15705 12 7 25 47
 1.240000E+02 101 15700 17 10 25 49
 1.280000E+02 100 15695 16 4 26 54
 1.320000E+02 101 15694 11 7 27 56
 1.360000E+02 109 15691 13 7 29 60
 1.400000E+02 110 15685 12 7 30 61
 1.440000E+02 117 15679 16 6 32 63
 1.480000E+02 128 15671 22 7 33 66
 1.520000E+02 128 15665 22 3 35 68
 1.560000E+02 125 15663 17 3 36 69
 1.600000E+02 140 15662 20 11 38 71
 1.640000E+02 134 15658 9 10 40 75
 1.680000E+02 147 15650 16 8 43 80
 1.720000E+02 144 15643 7 6 44 87
 1.760000E+02 148 15640 10 5 44 89
 1.800000E+02 150 15638 10 4 46 90
 1.840000E+02 151 15635 8 3 47 93
 1.880000E+02 154 15634 10 3 47 94
 1.920000E+02 164 15629 10 10 47 97
 1.960000E+02 165 15627 10 6 48 101
 2.000000E+02 175 15621 13 8 49 105

#Simulation ended (eff.: 0.952549, detail below)
	#Events: 16702
	#Valid embedding but no longer unary when required: 0.000000
	#Valid embedding but not binary when required: 0.000000
	#Clashing instance: 0.000000
	#Lazy negative update: 1.000000
	#Lazy negative update of non local instances: 0.000000
	#Perturbation interrupting time advance: 0.000000
