# time 'Cases' 'Susceptible' 'Exposed' 'Infected' 'Removed' 'Deads'
 0.000000E+00 0 7000 0 0 0 0
 4.000000E+00 5 7000 5 0 0 0
 8.000000E+00 2 7000 2 0 0 0
 1.200000E+01 6 7000 5 0 0 1
 1.600000E+01 4 6998 2 0 1 1
 2.000000E+01 4 6996 0 2 1 1
 2.400000E+01 7 6996 3 2 1 1
 2.800000E+01 9 6994 4 2 2 1
 3.200000E+01 8 6993 3 1 2 2
 3.600000E+01 14 6992 8 2 2 2
 4.000000E+01 15 6990 7 2 2 4
 4.400000E+01 13 6990 4 2 2 5
 4.800000E+01 23 6990 12 3 3 5
 5.200000E+01 21 6987 8 3 3 7
 5.600000E+01 14 6983 1 0 5 8
 6.000000E+01 22 6983 8 0 5 9
 6.400000E+01 26 6981 12 0 5 9
 6.800000E+01 28 6980 13 1 5 9
 7.200000E+01 27 6979 10 1 5 11
 7.600000E+01 25 6979 8 1 5 11
 8.000000E+01 27 6976 10 1 5 11
 8.400000E+01 33 6974 9 3 5 16
 8.800000E+01 41 6973 17 2 6 16
 9.200000E+01 36 6969 10 3 6 17
 9.600000E+01 43 6967 16 1 6 20
 1.000000E+02 47 6965 18 2 7 20
 1.040000E+02 49 6964 14 6 7 22
 1.080000E+02 51 6962 16 5 8 22
 1.120000E+02 50 6956 12 6 10 22
 1.160000E+02 54 6953 16 3 10 25
 1.200000E+02 62 6951 21 6 10 25
 1.240000E+02 58 6947 16 6 10 26
 1.280000E+02 66 6944 19 4 13 30
 1.320000E+02 68 6940 16 6 14 32
 1.360000E+02 66 6937 13 4 15 34
 1.400000E+02 73 6931 22 2 15 34
 1.440000E+02 76 6929 19 5 16 36
 1.480000E+02 78 6928 13 6 19 40
 1.520000E+02 92 6928 27 5 20 40
 1.560000E+02 90 6925 16 6 21 47
 1.600000E+02 98 6922 19 5 23 51
 1.640000E+02 94 6921 12 3 25 54
 1.680000E+02 104 6920 15 7 25 57
 1.720000E+02 104 6918 12 6 27 59
 1.760000E+02 105 6911 10 6 28 61
 1.800000E+02 109 6911 12 5 28 64
 1.840000E+02 113 6909 10 4 29 70
 1.880000E+02 116 6908 10 4 29 73
 1.920000E+02 121 6904 13 4 30 74
 1.960000E+02 120 6903 10 3 31 76
 2.000000E+02 125 6898 10 5 32 78

#Simulation ended (eff.: 0.882230, detail below)
	#Events: 9304
	#Valid embedding but no longer unary when required: 0.000000
	#Valid embedding but not binary when required: 0.000000
	#Clashing instance: 0.000000
	#Lazy negative update: 1.000000
	#Lazy negative update of non local instances: 0.000000
	#Perturbation interrupting time advance: 0.000000
