# time 'Cases' 'Susceptible' 'Exposed' 'Infected' 'Removed' 'Deads'
 0.000000E+00 0 15800 0 0 0 0
 4.000000E+00 2 15800 2 0 0 0
 8.000000E+00 3 15800 3 0 0 0
 1.200000E+01 3 15800 3 0 0 0
 1.600000E+01 5 15800 5 0 0 0
 2.000000E+01 6 15799 2 4 0 0
 2.400000E+01 8 15796 4 2 1 1
 2.800000E+01 11 15792 6 1 2 2
 3.200000E+01 14 15790 7 2 2 3
 3.600000E+01 11 15790 6 0 2 3
 4.000000E+01 12 15790 6 1 2 3
 4.400000E+01 18 15788 10 2 3 3
 4.800000E+01 13 15787 5 2 3 3
 5.200000E+01 18 15784 9 1 4 4
 5.600000E+01 23 15783 10 5 4 4
 6.000000E+01 21 15782 7 5 5 4
 6.400000E+01 28 15781 10 6 6 6
 6.800000E+01 33 15775 14 5 7 7
 7.200000E+01 31 15770 13 3 7 8
 7.600000E+01 33 15766 12 5 7 9
 8.000000E+01 44 15764 20 6 7 11
 8.400000E+01 44 15759 15 9 8 12
 8.800000E+01 52 15754 20 10 8 14
 9.200000E+01 44 15751 15 3 11 15
 9.600000E+01 63 15747 28 8 12 15
 1.000000E+02 60 15742 19 8 13 20
 1.040000E+02 68 15731 25 8 13 22
 1.080000E+02 78 15724 28 8 16 26
 1.120000E+02 76 15719 20 9 18 29
 1.160000E+02 81 15713 18 9 23 31
 1.200000E+02 101 15707 31 9 25 36
 1.240000E+02 100 15703 24 7 28 41
 1.280000E+02 111 15697 27 6 30 48
 1.320000E+02 117 15692 27 6 32 52
 1.360000E+02 117 15684 20 9 32 56
 1.400000E+02 119 15681 21 8 34 56
 1.440000E+02 131 15678 27 8 38 58
 1.480000E+02 136 15673 20 16 39 61
 1.520000E+02 150 15656 26 14 42 68
 1.560000E+02 159 15650 36 6 43 74
 1.600000E+02 160 15643 23 15 44 78
 1.640000E+02 156 15640 13 10 46 87
 1.680000E+02 163 15633 16 9 50 88
 1.720000E+02 173 15627 25 7 52 89
 1.760000E+02 167 15622 11 8 55 93
 1.800000E+02 178 15616 15 10 56 97
 1.840000E+02 182 15607 19 8 56 99
 1.880000E+02 183 15602 15 10 56 102
 1.920000E+02 187 15599 16 6 58 107
 1.960000E+02 191 15594 16 8 59 108
 2.000000E+02 189 15592 9 9 62 109

#Simulation ended (eff.: 0.950663, detail below)
	#Events: 17284
	#Valid embedding but no longer unary when required: 0.000000
	#Valid embedding but not binary when required: 0.000000
	#Clashing instance: 0.000000
	#Lazy negative update: 1.000000
	#Lazy negative update of non local instances: 0.000000
	#Perturbation interrupting time advance: 0.000000
