# time 'Cases' 'Susceptible' 'Exposed' 'Infected' 'Removed' 'Deads'
 0.000000E+00 0 7000 0 0 0 0
 4.000000E+00 1 7000 1 0 0 0
 8.000000E+00 2 7000 1 1 0 0
 1.200000E+01 2 6999 1 0 0 1
 1.600000E+01 3 6999 2 0 0 1
 2.000000E+01 1 6999 0 0 0 1
 2.400000E+01 1 6999 0 0 0 1
 2.800000E+01 2 6999 0 1 0 1
 3.200000E+01 3 6999 0 1 0 2
 3.600000E+01 4 6998 1 1 0 2
 4.000000E+01 4 6998 1 0 0 3
 4.400000E+01 5 6997 2 0 0 3
 4.800000E+01 8 6997 5 0 0 3
 5.200000E+01 8 6995 3 2 0 3
 5.600000E+01 6 6995 0 1 0 5
 6.000000E+01 7 6992 1 1 0 5
 6.400000E+01 13 6992 5 3 0 5
 6.800000E+01 9 6992 3 1 0 5
 7.200000E+01 9 6991 3 0 0 6
 7.600000E+01 12 6991 4 2 0 6
 8.000000E+01 12 6990 4 0 0 8
 8.400000E+01 15 6990 7 0 0 8
 8.800000E+01 15 6990 5 1 0 9
 9.200000E+01 19 6990 9 1 0 9
 9.600000E+01 17 6989 4 2 2 9
 1.000000E+02 19 6989 7 1 2 9
 1.040000E+02 16 6989 5 0 2 9
 1.080000E+02 15 6989 4 0 2 9
 1.120000E+02 19 6989 7 0 2 10
 1.160000E+02 17 6989 5 0 2 10
 1.200000E+02 22 6989 8 1 2 11
 1.240000E+02 23 6988 8 1 2 12
 1.280000E+02 18 6988 4 0 2 12
 1.320000E+02 23 6987 8 1 2 12
 1.360000E+02 20 6987 5 0 2 13
 1.400000E+02 22 6987 7 0 2 13
 1.440000E+02 23 6986 6 2 2 13
 1.480000E+02 25 6985 7 2 3 13
 1.520000E+02 24 6985 6 2 3 13
 1.560000E+02 27 6985 7 3 3 14
 1.600000E+02 26 6985 4 3 4 15
 1.640000E+02 24 6984 3 1 4 16
 1.680000E+02 28 6983 6 2 4 16
 1.720000E+02 30 6980 7 2 5 16
 1.760000E+02 33 6979 6 5 6 16
 1.800000E+02 35 6976 8 5 6 16
 1.840000E+02 36 6970 6 3 8 19
 1.880000E+02 35 6969 4 3 8 20
 1.920000E+02 38 6968 6 3 8 21
 1.960000E+02 38 6967 4 2 9 23
 2.000000E+02 39 6967 4 2 9 24

#Simulation ended (eff.: 0.902621, detail below)
	#Events: 7267
	#Valid embedding but no longer unary when required: 0.000000
	#Valid embedding but not binary when required: 0.000000
	#Clashing instance: 0.000000
	#Lazy negative update: 1.000000
	#Lazy negative update of non local instances: 0.000000
	#Perturbation interrupting time advance: 0.000000
