# time 'Cases' 'Susceptible' 'Exposed' 'Infected' 'Removed' 'Deads'
 0.000000E+00 0 15800 0 0 0 0
 4.000000E+00 2 15800 2 0 0 0
 8.000000E+00 4 15800 4 0 0 0
 1.200000E+01 6 15800 5 1 0 0
 1.600000E+01 3 15800 2 0 1 0
 2.000000E+01 4 15800 3 0 1 0
 2.400000E+01 8 15799 5 2 1 0
 2.800000E+01 7 15796 5 0 1 1
 3.200000E+01 4 15796 2 0 1 1
 3.600000E+01 10 15794 5 2 1 2
 4.000000E+01 17 15792 8 4 1 4
 4.400000E+01 16 15789 8 2 1 5
 4.800000E+01 13 15789 5 1 1 6
 5.200000E+01 20 15787 10 1 2 7
 5.600000E+01 19 15786 7 3 2 7
 6.000000E+01 19 15783 6 2 2 9
 6.400000E+01 25 15783 11 2 2 10
 6.800000E+01 33 15780 17 1 2 13
 7.200000E+01 35 15776 14 5 2 14
 7.600000E+01 38 15774 13 5 4 16
 8.000000E+01 35 15772 5 4 6 20
 8.400000E+01 48 15762 13 7 6 22
 8.800000E+01 51 15759 15 4 9 23
 9.200000E+01 54 15757 14 5 10 25
 9.600000E+01 58 15753 17 3 11 27
 1.000000E+02 60 15751 13 3 12 32
 1.040000E+02 65 15747 13 5 12 35
 1.080000E+02 70 15742 14 5 14 37
 1.120000E+02 75 15739 11 9 15 40
 1.160000E+02 78 15731 12 6 17 43
 1.200000E+02 87 15726 16 7 18 46
 1.240000E+02 87 15724 16 4 20 47
 1.280000E+02 87 15719 8 6 24 49
 1.320000E+02 98 15714 17 4 25 52
 1.360000E+02 97 15710 8 8 27 54
 1.400000E+02 112 15707 22 4 29 57
 1.440000E+02 100 15704 9 5 29 57
 1.480000E+02 108 15704 11 7 32 58
 1.520000E+02 113 15700 15 5 33 60
 1.560000E+02 115 15699 11 7 34 63
 1.600000E+02 125 15696 15 6 37 67
 1.640000E+02 127 15694 12 8 38 69
 1.680000E+02 124 15691 7 8 38 71
 1.720000E+02 122 15688 7 2 40 73
 1.760000E+02 127 15687 11 2 41 73
 1.800000E+02 127 15685 9 4 41 73
 1.840000E+02 125 15683 4 2 45 74
 1.880000E+02 131 15682 8 3 45 75
 1.920000E+02 133 15681 4 6 46 77
 1.960000E+02 135 15680 6 1 47 81
 2.000000E+02 132 15679 1 2 47 82

#Simulation ended (eff.: 0.957691, detail below)
	#Events: 16094
	#Valid embedding but no longer unary when required: 0.000000
	#Valid embedding but not binary when required: 0.000000
	#Clashing instance: 0.000000
	#Lazy negative update: 1.000000
	#Lazy negative update of non local instances: 0.000000
	#Perturbation interrupting time advance: 0.000000
