# time 'Cases' 'Susceptible' 'Exposed' 'Infected' 'Removed' 'Deads'
 0.000000E+00 0 7000 0 0 0 0
 4.000000E+00 1 7000 0 1 0 0
 8.000000E+00 1 6999 0 0 0 1
 1.200000E+01 3 6999 2 0 0 1
 1.600000E+01 3 6999 2 0 0 1
 2.000000E+01 2 6998 1 0 0 1
 2.400000E+01 4 6997 3 0 0 1
 2.800000E+01 3 6997 2 0 0 1
 3.200000E+01 7 6995 5 1 0 1
 3.600000E+01 6 6995 3 0 0 3
 4.000000E+01 9 6994 3 2 0 4
 4.400000E+01 15 6991 8 2 0 5
 4.800000E+01 10 6991 3 0 1 6
 5.200000E+01 13 6991 5 1 1 6
 5.600000E+01 15 6989 4 2 1 8
 6.000000E+01 18 6984 7 1 2 8
 6.400000E+01 22 6983 8 3 3 8
 6.800000E+01 25 6981 10 2 3 10
 7.200000E+01 28 6978 8 7 3 10
 7.600000E+01 30 6975 10 5 3 12
 8.000000E+01 27 6971 7 1 3 16
 8.400000E+01 32 6968 11 2 3 16
 8.800000E+01 35 6966 9 6 3 17
 9.200000E+01 33 6965 7 4 4 18
 9.600000E+01 38 6965 11 3 6 18
 1.000000E+02 40 6964 12 1 8 19
 1.040000E+02 34 6964 4 2 9 19
 1.080000E+02 45 6963 12 4 9 20
 1.120000E+02 38 6962 5 3 10 20
 1.160000E+02 40 6959 7 1 10 22
 1.200000E+02 40 6957 6 2 10 22
 1.240000E+02 44 6956 9 2 10 23
 1.280000E+02 49 6956 13 3 10 23
 1.320000E+02 49 6952 11 2 10 26
 1.360000E+02 49 6952 11 1 10 27
 1.400000E+02 54 6950 10 6 10 28
 1.440000E+02 53 6946 10 4 10 29
 1.480000E+02 59 6940 14 4 10 31
 1.520000E+02 61 6938 11 6 11 33
 1.560000E+02 56 6938 8 2 12 34
 1.600000E+02 63 6936 12 3 13 35
 1.640000E+02 57 6936 6 2 13 36
 1.680000E+02 63 6935 8 3 15 37
 1.720000E+02 62 6934 8 1 16 37
 1.760000E+02 61 6934 5 1 17 38
 1.800000E+02 70 6931 10 5 17 38
 1.840000E+02 69 6930 11 2 17 39
 1.880000E+02 65 6930 6 3 17 39
 1.920000E+02 61 6930 3 1 17 40
 1.960000E+02 65 6930 5 3 17 40
 2.000000E+02 68 6928 7 2 17 42

#Simulation ended (eff.: 0.896186, detail below)
	#Events: 7942
	#Valid embedding but no longer unary when required: 0.000000
	#Valid embedding but not binary when required: 0.000000
	#Clashing instance: 0.000000
	#Lazy negative update: 1.000000
	#Lazy negative update of non local instances: 0.000000
	#Perturbation interrupting time advance: 0.000000
