# time 'Cases' 'Susceptible' 'Exposed' 'Infected' 'Removed' 'Deads'
 0.000000E+00 10 100000 0 10 0 0
 4.000000E+00 8 99997 2 0 0 6
 8.000000E+00 13 99994 5 2 0 6
 1.200000E+01 15 99992 7 0 0 8
 1.600000E+01 18 99989 9 1 0 8
 2.000000E+01 16 99989 5 3 0 8
 2.400000E+01 23 99986 6 5 4 8
 2.800000E+01 23 99984 6 3 4 10
 3.200000E+01 24 99981 7 2 4 11
 3.600000E+01 29 99980 12 2 4 11
 4.000000E+01 31 99977 12 3 4 12
 4.400000E+01 36 99973 13 5 4 14
 4.800000E+01 45 99967 19 3 7 16
 5.200000E+01 44 99965 13 5 7 19
 5.600000E+01 51 99958 17 5 7 22
 6.000000E+01 52 99950 15 4 8 25
 6.400000E+01 63 99948 25 5 8 25
 6.800000E+01 59 99947 15 9 8 27
 7.200000E+01 74 99940 21 9 10 34
 7.600000E+01 87 99924 26 12 11 38
 8.000000E+01 91 99916 24 7 13 47
 8.400000E+01 113 99904 36 14 13 50
 8.800000E+01 123 99891 35 16 15 57
 9.200000E+01 126 99878 32 13 18 63
 9.600000E+01 136 99873 36 14 18 68
 1.000000E+02 147 99859 28 22 19 78
 1.040000E+02 163 99843 34 17 21 91
 1.080000E+02 166 99831 27 14 24 101
 1.120000E+02 185 99825 33 16 30 106
 1.160000E+02 200 99812 31 20 31 118
 1.200000E+02 217 99800 39 21 35 122
 1.240000E+02 220 99787 36 16 38 130
 1.280000E+02 230 99779 37 17 42 134
 1.320000E+02 239 99773 34 15 44 146
 1.360000E+02 249 99763 33 16 47 153
 1.400000E+02 252 99754 26 15 50 161
 1.440000E+02 274 99740 38 16 51 169
 1.480000E+02 284 99731 32 18 57 177
 1.520000E+02 302 99715 44 15 59 184
 1.560000E+02 319 99701 45 17 62 195
 1.600000E+02 323 99692 35 19 66 203
 1.640000E+02 343 99676 40 21 70 212
 1.680000E+02 340 99665 28 18 76 218
 1.720000E+02 343 99660 20 16 80 227
 1.760000E+02 357 99654 27 17 80 233
 1.800000E+02 367 99643 28 13 84 242
 1.840000E+02 378 99635 25 19 87 247
 1.880000E+02 380 99629 21 14 91 254
 1.920000E+02 402 99619 28 17 95 262
 1.960000E+02 404 99608 27 10 99 268
 2.000000E+02 407 99601 22 10 103 272

#Simulation ended (eff.: 0.988109, detail below)
	#Events: 91821
	#Valid embedding but no longer unary when required: 0.000000
	#Valid embedding but not binary when required: 0.000000
	#Clashing instance: 0.000000
	#Lazy negative update: 1.000000
	#Lazy negative update of non local instances: 0.000000
	#Perturbation interrupting time advance: 0.000000
