# time 'Cases' 'Susceptible' 'Exposed' 'Infected' 'Removed' 'Deads'
 0.000000E+00 10 10000 0 10 0 0
 4.000000E+00 18 9987 8 5 2 3
 8.000000E+00 22 9981 12 3 3 4
 1.200000E+01 22 9978 10 4 3 5
 1.600000E+01 27 9972 14 1 4 8
 2.000000E+01 29 9968 11 5 5 8
 2.400000E+01 35 9964 14 5 7 9
 2.800000E+01 37 9959 13 5 9 10
 3.200000E+01 41 9954 16 3 10 12
 3.600000E+01 45 9953 16 5 11 13
 4.000000E+01 47 9946 13 9 11 14
 4.400000E+01 59 9938 20 8 13 18
 4.800000E+01 68 9933 24 7 14 23
 5.200000E+01 66 9925 17 9 14 26
 5.600000E+01 73 9919 19 8 15 31
 6.000000E+01 90 9910 28 11 17 34
 6.400000E+01 97 9902 28 10 20 39
 6.800000E+01 91 9897 17 7 23 44
 7.200000E+01 114 9888 34 6 24 50
 7.600000E+01 115 9876 23 15 24 53
 8.000000E+01 125 9866 27 14 24 60
 8.400000E+01 136 9855 31 13 29 63
 8.800000E+01 146 9848 36 9 33 68
 9.200000E+01 150 9844 31 12 35 72
 9.600000E+01 163 9834 32 18 36 77
 1.000000E+02 175 9817 36 9 37 93
 1.040000E+02 185 9801 34 14 39 98
 1.080000E+02 190 9793 28 16 44 102
 1.120000E+02 214 9776 38 18 45 113
 1.160000E+02 229 9768 44 17 50 118
 1.200000E+02 231 9756 35 18 53 125
 1.240000E+02 248 9742 39 18 58 133
 1.280000E+02 256 9731 38 22 62 134
 1.320000E+02 265 9715 43 15 64 143
 1.360000E+02 283 9706 52 17 69 145
 1.400000E+02 288 9698 37 21 71 159
 1.440000E+02 308 9683 45 17 77 169
 1.480000E+02 312 9674 38 11 79 184
 1.520000E+02 329 9664 44 13 81 191
 1.560000E+02 338 9652 33 19 84 202
 1.600000E+02 350 9642 36 22 88 204
 1.640000E+02 351 9635 29 17 93 212
 1.680000E+02 361 9629 34 15 95 217
 1.720000E+02 372 9622 33 20 96 223
 1.760000E+02 382 9606 32 19 99 232
 1.800000E+02 392 9598 34 15 101 242
 1.840000E+02 405 9588 35 15 106 249
 1.880000E+02 409 9584 27 15 109 258
 1.920000E+02 415 9578 27 13 111 264
 1.960000E+02 421 9568 23 12 114 272
 2.000000E+02 432 9561 27 11 119 275

#Simulation ended (eff.: 0.935696, detail below)
	#Events: 14653
	#Valid embedding but no longer unary when required: 0.000000
	#Valid embedding but not binary when required: 0.000000
	#Clashing instance: 0.000000
	#Lazy negative update: 1.000000
	#Lazy negative update of non local instances: 0.000000
	#Perturbation interrupting time advance: 0.000000
