# time 'Cases' 'Susceptible' 'Exposed' 'Infected' 'Removed' 'Deads'
 0.000000E+00 0 470 0 0 0 0
 4.000000E+00 1 470 1 0 0 0
 8.000000E+00 1 470 1 0 0 0
 1.200000E+01 0 470 0 0 0 0
 1.600000E+01 2 470 2 0 0 0
 2.000000E+01 1 470 0 1 0 0
 2.400000E+01 2 469 1 1 0 0
 2.800000E+01 2 469 1 0 0 1
 3.200000E+01 3 469 2 0 0 1
 3.600000E+01 2 469 1 0 0 1
 4.000000E+01 1 469 0 0 0 1
 4.400000E+01 3 469 2 0 0 1
 4.800000E+01 1 469 0 0 0 1
 5.200000E+01 1 469 0 0 0 1
 5.600000E+01 4 469 1 2 0 1
 6.000000E+01 5 467 2 1 0 2
 6.400000E+01 7 467 4 1 0 2
 6.800000E+01 5 467 3 0 0 2
 7.200000E+01 4 467 1 0 0 3
 7.600000E+01 5 467 2 0 0 3
 8.000000E+01 5 467 1 1 0 3
 8.400000E+01 4 466 1 0 0 3
 8.800000E+01 7 466 1 3 0 3
 9.200000E+01 7 466 2 1 0 4
 9.600000E+01 9 465 2 2 0 5
 1.000000E+02 7 463 1 0 0 6
 1.040000E+02 10 463 3 1 0 6
 1.080000E+02 10 463 3 1 0 6
 1.120000E+02 8 463 1 0 0 7
 1.160000E+02 9 463 2 0 0 7
 1.200000E+02 10 463 2 1 0 7
 1.240000E+02 13 462 5 0 0 8
 1.280000E+02 9 462 1 0 0 8
 1.320000E+02 13 462 5 0 0 8
 1.360000E+02 12 462 3 0 1 8
 1.400000E+02 12 462 2 1 1 8
 1.440000E+02 18 462 6 1 2 9
 1.480000E+02 18 462 5 1 2 10
 1.520000E+02 14 461 1 0 2 11
 1.560000E+02 14 461 1 0 2 11
 1.600000E+02 17 461 2 2 2 11
 1.640000E+02 19 461 3 3 2 11
 1.680000E+02 20 461 2 3 2 13
 1.720000E+02 25 459 5 2 2 16
 1.760000E+02 19 458 1 0 2 16
 1.800000E+02 20 458 2 0 2 16
 1.840000E+02 22 453 3 1 2 16
 1.880000E+02 21 452 2 1 2 16
 1.920000E+02 24 451 3 3 2 16
 1.960000E+02 25 450 2 4 3 16
 2.000000E+02 26 448 1 4 4 17

#Simulation ended (eff.: 0.728140, detail below)
	#Events: 916
	#Valid embedding but no longer unary when required: 0.000000
	#Valid embedding but not binary when required: 0.000000
	#Clashing instance: 0.000000
	#Lazy negative update: 1.000000
	#Lazy negative update of non local instances: 0.000000
	#Perturbation interrupting time advance: 0.000000
