# time 'Cases' 'Susceptible' 'Exposed' 'Infected' 'Removed' 'Deads'
 0.000000E+00 0 1580 0 0 0 0
 4.000000E+00 4 1580 4 0 0 0
 8.000000E+00 2 1580 1 1 0 0
 1.200000E+01 4 1580 3 0 1 0
 1.600000E+01 4 1580 2 1 1 0
 2.000000E+01 3 1580 1 1 1 0
 2.400000E+01 5 1578 1 1 1 2
 2.800000E+01 6 1577 2 1 1 2
 3.200000E+01 7 1575 2 1 1 3
 3.600000E+01 11 1573 5 2 1 3
 4.000000E+01 10 1571 4 1 2 3
 4.400000E+01 9 1569 3 1 2 3
 4.800000E+01 15 1569 5 5 2 3
 5.200000E+01 15 1564 4 3 4 4
 5.600000E+01 14 1563 3 2 4 5
 6.000000E+01 20 1559 6 4 5 5
 6.400000E+01 23 1556 6 4 7 6
 6.800000E+01 27 1553 7 2 9 9
 7.200000E+01 32 1552 8 3 9 12
 7.600000E+01 38 1551 12 4 9 13
 8.000000E+01 35 1548 4 5 10 16
 8.400000E+01 40 1543 8 2 10 20
 8.800000E+01 48 1542 15 1 10 22
 9.200000E+01 50 1536 13 3 10 24
 9.600000E+01 58 1531 17 5 10 26
 1.000000E+02 56 1528 13 3 12 28
 1.040000E+02 56 1524 12 2 13 29
 1.080000E+02 62 1518 12 7 14 29
 1.120000E+02 64 1516 12 2 16 34
 1.160000E+02 71 1515 10 9 17 35
 1.200000E+02 82 1511 16 9 17 40
 1.240000E+02 78 1509 7 7 18 46
 1.280000E+02 82 1504 12 5 18 47
 1.320000E+02 86 1503 13 7 19 47
 1.360000E+02 85 1503 14 1 21 49
 1.400000E+02 87 1500 12 4 21 50
 1.440000E+02 91 1499 13 5 22 51
 1.480000E+02 93 1498 9 7 24 53
 1.520000E+02 102 1496 15 3 27 57
 1.560000E+02 105 1493 16 4 28 57
 1.600000E+02 111 1490 15 7 29 60
 1.640000E+02 110 1484 11 7 29 63
 1.680000E+02 110 1483 9 6 31 64
 1.720000E+02 118 1480 13 5 33 67
 1.760000E+02 115 1478 10 2 33 70
 1.800000E+02 117 1476 8 4 33 72
 1.840000E+02 117 1473 7 3 34 73
 1.880000E+02 118 1472 6 4 34 74
 1.920000E+02 121 1470 7 4 34 76
 1.960000E+02 120 1470 6 2 35 77
 2.000000E+02 122 1469 5 3 36 78

#Simulation ended (eff.: 0.840686, detail below)
	#Events: 3430
	#Valid embedding but no longer unary when required: 0.000000
	#Valid embedding but not binary when required: 0.000000
	#Clashing instance: 0.000000
	#Lazy negative update: 1.000000
	#Lazy negative update of non local instances: 0.000000
	#Perturbation interrupting time advance: 0.000000
