# time 'Cases' 'Susceptible' 'Exposed' 'Infected' 'Removed' 'Deads'
 0.000000E+00 0 15800 0 0 0 0
 4.000000E+00 0 15800 0 0 0 0
 8.000000E+00 2 15800 2 0 0 0
 1.200000E+01 2 15800 2 0 0 0
 1.600000E+01 0 15800 0 0 0 0
 2.000000E+01 2 15800 2 0 0 0
 2.400000E+01 2 15800 1 1 0 0
 2.800000E+01 3 15800 2 1 0 0
 3.200000E+01 3 15799 1 1 0 1
 3.600000E+01 5 15798 2 1 0 2
 4.000000E+01 3 15798 1 0 0 2
 4.400000E+01 5 15798 2 1 0 2
 4.800000E+01 4 15798 1 1 0 2
 5.200000E+01 3 15796 0 1 0 2
 5.600000E+01 5 15796 2 0 1 2
 6.000000E+01 7 15796 4 0 1 2
 6.400000E+01 6 15795 2 0 1 3
 6.800000E+01 7 15795 3 0 1 3
 7.200000E+01 9 15794 4 1 1 3
 7.600000E+01 10 15793 4 1 2 3
 8.000000E+01 11 15793 4 1 3 3
 8.400000E+01 9 15792 0 3 3 3
 8.800000E+01 12 15791 2 2 3 5
 9.200000E+01 12 15790 2 2 3 5
 9.600000E+01 12 15790 1 2 3 6
 1.000000E+02 16 15788 4 3 3 6
 1.040000E+02 14 15788 2 2 4 6
 1.080000E+02 14 15786 2 0 4 8
 1.120000E+02 15 15786 3 0 4 8
 1.160000E+02 14 15786 1 1 4 8
 1.200000E+02 15 15786 1 1 4 9
 1.240000E+02 18 15785 3 2 4 9
 1.280000E+02 21 15785 6 0 5 10
 1.320000E+02 21 15785 4 2 5 10
 1.360000E+02 21 15784 4 0 6 11
 1.400000E+02 19 15784 0 2 6 11
 1.440000E+02 20 15783 1 1 6 12
 1.480000E+02 21 15783 1 1 7 12
 1.520000E+02 23 15783 3 1 7 12
 1.560000E+02 22 15782 2 1 7 12
 1.600000E+02 21 15781 1 0 8 12
 1.640000E+02 23 15781 1 1 8 13
 1.680000E+02 24 15780 2 0 8 14
 1.720000E+02 23 15780 0 1 8 14
 1.760000E+02 23 15780 1 0 8 14
 1.800000E+02 25 15779 2 0 9 14
 1.840000E+02 26 15779 1 1 9 15
 1.880000E+02 27 15779 1 1 10 15
 1.920000E+02 29 15777 2 2 10 15
 1.960000E+02 28 15777 1 1 10 16
 2.000000E+02 28 15777 1 1 10 16

#Simulation ended (eff.: 0.972507, detail below)
	#Events: 14149
	#Valid embedding but no longer unary when required: 0.000000
	#Valid embedding but not binary when required: 0.000000
	#Clashing instance: 0.000000
	#Lazy negative update: 1.000000
	#Lazy negative update of non local instances: 0.000000
	#Perturbation interrupting time advance: 0.000000
