# time 'Cases' 'Susceptible' 'Exposed' 'Infected' 'Removed' 'Deads'
 0.000000E+00 0 4700 0 0 0 0
 4.000000E+00 1 4700 1 0 0 0
 8.000000E+00 2 4700 2 0 0 0
 1.200000E+01 3 4700 3 0 0 0
 1.600000E+01 3 4700 3 0 0 0
 2.000000E+01 2 4700 2 0 0 0
 2.400000E+01 2 4700 2 0 0 0
 2.800000E+01 4 4700 4 0 0 0
 3.200000E+01 4 4700 4 0 0 0
 3.600000E+01 2 4700 2 0 0 0
 4.000000E+01 6 4697 5 0 0 1
 4.400000E+01 3 4697 1 1 0 1
 4.800000E+01 4 4697 2 1 0 1
 5.200000E+01 5 4697 3 1 0 1
 5.600000E+01 7 4697 3 2 0 2
 6.000000E+01 9 4697 6 0 0 3
 6.400000E+01 7 4696 4 0 0 3
 6.800000E+01 10 4696 4 2 0 4
 7.200000E+01 8 4693 2 2 0 4
 7.600000E+01 12 4691 6 2 0 4
 8.000000E+01 13 4691 6 1 0 6
 8.400000E+01 11 4691 4 1 0 6
 8.800000E+01 13 4690 5 2 0 6
 9.200000E+01 14 4689 7 0 1 6
 9.600000E+01 20 4689 11 2 1 6
 1.000000E+02 14 4689 5 2 1 6
 1.040000E+02 12 4689 4 1 1 6
 1.080000E+02 22 4686 11 3 1 7
 1.120000E+02 19 4685 7 1 2 9
 1.160000E+02 16 4684 3 2 2 9
 1.200000E+02 22 4680 8 1 2 11
 1.240000E+02 20 4680 6 1 2 11
 1.280000E+02 27 4680 11 3 2 11
 1.320000E+02 18 4679 3 2 2 11
 1.360000E+02 16 4679 2 0 2 12
 1.400000E+02 21 4679 7 0 2 12
 1.440000E+02 19 4679 4 1 2 12
 1.480000E+02 24 4677 8 2 2 12
 1.520000E+02 20 4675 2 3 2 13
 1.560000E+02 21 4673 3 3 2 13
 1.600000E+02 24 4673 5 3 2 14
 1.640000E+02 22 4673 4 1 2 15
 1.680000E+02 23 4673 3 2 3 15
 1.720000E+02 21 4673 1 1 4 15
 1.760000E+02 22 4672 0 2 4 16
 1.800000E+02 27 4671 4 1 4 18
 1.840000E+02 27 4671 2 2 5 18
 1.880000E+02 29 4671 3 3 5 18
 1.920000E+02 24 4670 1 0 5 18
 1.960000E+02 30 4667 5 0 6 19
 2.000000E+02 29 4667 3 1 6 19

#Simulation ended (eff.: 0.910820, detail below)
	#Events: 4933
	#Valid embedding but no longer unary when required: 0.000000
	#Valid embedding but not binary when required: 0.000000
	#Clashing instance: 0.000000
	#Lazy negative update: 1.000000
	#Lazy negative update of non local instances: 0.000000
	#Perturbation interrupting time advance: 0.000000
