# time 'Cases' 'Susceptible' 'Exposed' 'Infected' 'Removed' 'Deads'
 0.000000E+00 10 10000 0 10 0 0
 4.000000E+00 9 9997 2 6 1 0
 8.000000E+00 16 9993 9 1 2 4
 1.200000E+01 16 9990 8 1 2 5
 1.600000E+01 15 9990 5 2 3 5
 2.000000E+01 17 9989 5 1 4 7
 2.400000E+01 22 9986 8 3 4 7
 2.800000E+01 25 9984 6 5 5 9
 3.200000E+01 35 9979 14 5 7 9
 3.600000E+01 33 9976 9 6 8 10
 4.000000E+01 42 9962 14 5 9 14
 4.400000E+01 41 9959 12 5 9 15
 4.800000E+01 51 9955 14 8 11 18
 5.200000E+01 60 9942 21 5 13 21
 5.600000E+01 62 9939 16 8 13 25
 6.000000E+01 69 9932 20 4 15 30
 6.400000E+01 67 9930 14 6 15 32
 6.800000E+01 77 9928 16 7 17 37
 7.200000E+01 89 9916 22 9 19 39
 7.600000E+01 90 9907 20 8 22 40
 8.000000E+01 101 9897 28 9 23 41
 8.400000E+01 105 9894 26 10 26 43
 8.800000E+01 104 9887 21 9 27 47
 9.200000E+01 115 9885 28 9 28 50
 9.600000E+01 121 9878 24 10 30 57
 1.000000E+02 137 9864 31 8 32 66
 1.040000E+02 136 9860 18 11 37 70
 1.080000E+02 158 9851 28 9 40 81
 1.120000E+02 173 9842 31 13 43 86
 1.160000E+02 173 9833 28 12 44 89
 1.200000E+02 186 9827 28 19 45 94
 1.240000E+02 199 9812 27 15 48 109
 1.280000E+02 202 9805 24 11 51 116
 1.320000E+02 210 9793 26 13 54 117
 1.360000E+02 225 9778 31 19 54 121
 1.400000E+02 235 9765 34 16 57 128
 1.440000E+02 226 9758 23 10 58 135
 1.480000E+02 243 9752 32 13 58 140
 1.520000E+02 246 9746 22 13 64 147
 1.560000E+02 252 9744 19 10 68 155
 1.600000E+02 265 9740 22 11 71 161
 1.640000E+02 270 9735 19 14 71 166
 1.680000E+02 276 9728 14 13 74 175
 1.720000E+02 283 9716 15 13 77 178
 1.760000E+02 289 9710 15 11 80 183
 1.800000E+02 293 9707 15 8 81 189
 1.840000E+02 298 9703 15 6 83 194
 1.880000E+02 306 9701 18 9 85 194
 1.920000E+02 303 9695 14 8 85 196
 1.960000E+02 311 9693 18 8 86 199
 2.000000E+02 311 9687 16 5 88 202

#Simulation ended (eff.: 0.941065, detail below)
	#Events: 12966
	#Valid embedding but no longer unary when required: 0.000000
	#Valid embedding but not binary when required: 0.000000
	#Clashing instance: 0.000000
	#Lazy negative update: 1.000000
	#Lazy negative update of non local instances: 0.000000
	#Perturbation interrupting time advance: 0.000000
