# time 'Cases' 'Susceptible' 'Exposed' 'Infected' 'Removed' 'Deads'
 0.000000E+00 0 15800 0 0 0 0
 4.000000E+00 4 15799 3 1 0 0
 8.000000E+00 4 15797 3 0 0 1
 1.200000E+01 3 15795 1 1 0 1
 1.600000E+01 7 15795 4 1 0 2
 2.000000E+01 8 15794 5 1 0 2
 2.400000E+01 6 15794 3 0 1 2
 2.800000E+01 8 15794 3 2 1 2
 3.200000E+01 14 15792 7 2 3 2
 3.600000E+01 13 15789 5 3 3 2
 4.000000E+01 13 15786 4 2 4 3
 4.400000E+01 16 15784 7 1 5 3
 4.800000E+01 18 15784 8 1 5 4
 5.200000E+01 16 15783 6 0 5 5
 5.600000E+01 15 15783 4 1 5 5
 6.000000E+01 18 15782 6 2 5 5
 6.400000E+01 22 15778 8 3 6 5
 6.800000E+01 20 15776 6 1 6 7
 7.200000E+01 24 15775 8 1 6 9
 7.600000E+01 29 15774 12 1 7 9
 8.000000E+01 29 15770 11 2 7 9
 8.400000E+01 29 15766 8 4 7 10
 8.800000E+01 30 15766 5 5 9 11
 9.200000E+01 33 15766 9 2 10 12
 9.600000E+01 33 15765 10 0 10 13
 1.000000E+02 37 15764 10 4 10 13
 1.040000E+02 35 15760 8 3 10 14
 1.080000E+02 38 15756 7 6 10 15
 1.120000E+02 42 15753 10 4 10 18
 1.160000E+02 49 15749 12 5 11 21
 1.200000E+02 52 15745 15 5 11 21
 1.240000E+02 43 15743 6 3 12 22
 1.280000E+02 48 15742 9 4 12 23
 1.320000E+02 52 15741 12 3 12 25
 1.360000E+02 56 15741 15 1 12 28
 1.400000E+02 54 15738 7 4 12 31
 1.440000E+02 59 15737 12 3 13 31
 1.480000E+02 56 15735 9 0 13 34
 1.520000E+02 65 15730 14 3 13 35
 1.560000E+02 64 15725 8 4 14 38
 1.600000E+02 63 15723 5 6 14 38
 1.640000E+02 73 15716 9 9 14 41
 1.680000E+02 80 15712 14 8 15 43
 1.720000E+02 70 15711 2 4 17 47
 1.760000E+02 76 15710 8 1 18 49
 1.800000E+02 82 15706 6 5 18 53
 1.840000E+02 83 15704 7 2 19 55
 1.880000E+02 85 15704 8 1 20 56
 1.920000E+02 86 15702 8 2 20 56
 1.960000E+02 88 15700 6 3 21 58
 2.000000E+02 92 15699 7 4 22 59

#Simulation ended (eff.: 0.959272, detail below)
	#Events: 15451
	#Valid embedding but no longer unary when required: 0.000000
	#Valid embedding but not binary when required: 0.000000
	#Clashing instance: 0.000000
	#Lazy negative update: 1.000000
	#Lazy negative update of non local instances: 0.000000
	#Perturbation interrupting time advance: 0.000000
