# time 'Cases' 'Susceptible' 'Exposed' 'Infected' 'Removed' 'Deads'
 0.000000E+00 0 7000 0 0 0 0
 4.000000E+00 0 7000 0 0 0 0
 8.000000E+00 1 6999 0 1 0 0
 1.200000E+01 1 6999 1 0 0 0
 1.600000E+01 2 6999 2 0 0 0
 2.000000E+01 4 6999 4 0 0 0
 2.400000E+01 4 6999 3 1 0 0
 2.800000E+01 1 6999 1 0 0 0
 3.200000E+01 8 6999 7 1 0 0
 3.600000E+01 6 6999 6 0 0 0
 4.000000E+01 8 6999 7 1 0 0
 4.400000E+01 7 6998 5 1 0 1
 4.800000E+01 9 6997 7 1 0 1
 5.200000E+01 10 6997 6 2 0 2
 5.600000E+01 9 6996 5 2 0 2
 6.000000E+01 5 6995 0 2 0 3
 6.400000E+01 13 6994 7 0 0 6
 6.800000E+01 12 6994 5 1 0 6
 7.200000E+01 11 6993 2 2 1 6
 7.600000E+01 13 6992 4 0 2 7
 8.000000E+01 15 6992 5 1 2 7
 8.400000E+01 20 6992 8 3 2 7
 8.800000E+01 22 6991 11 2 2 7
 9.200000E+01 29 6988 14 4 3 8
 9.600000E+01 26 6986 10 2 3 11
 1.000000E+02 32 6984 15 1 3 13
 1.040000E+02 32 6983 14 2 3 13
 1.080000E+02 31 6982 12 2 3 14
 1.120000E+02 32 6980 13 2 3 14
 1.160000E+02 28 6979 8 1 4 15
 1.200000E+02 33 6976 10 4 4 15
 1.240000E+02 31 6975 7 1 5 18
 1.280000E+02 35 6974 10 1 5 19
 1.320000E+02 37 6973 12 1 5 19
 1.360000E+02 34 6971 8 1 5 20
 1.400000E+02 38 6971 12 0 5 21
 1.440000E+02 47 6971 14 6 5 22
 1.480000E+02 45 6968 10 5 5 25
 1.520000E+02 41 6965 7 2 6 26
 1.560000E+02 43 6963 7 4 6 26
 1.600000E+02 53 6962 15 3 7 28
 1.640000E+02 51 6960 11 3 8 29
 1.680000E+02 46 6957 3 2 11 30
 1.720000E+02 53 6955 8 3 11 31
 1.760000E+02 50 6952 5 2 11 32
 1.800000E+02 56 6951 10 2 12 32
 1.840000E+02 52 6951 5 2 12 33
 1.880000E+02 54 6949 7 1 12 34
 1.920000E+02 53 6949 3 2 13 35
 1.960000E+02 54 6948 2 4 13 35
 2.000000E+02 54 6948 1 3 14 36

#Simulation ended (eff.: 0.890856, detail below)
	#Events: 7901
	#Valid embedding but no longer unary when required: 0.000000
	#Valid embedding but not binary when required: 0.000000
	#Clashing instance: 0.000000
	#Lazy negative update: 1.000000
	#Lazy negative update of non local instances: 0.000000
	#Perturbation interrupting time advance: 0.000000
