# time 'Cases' 'Susceptible' 'Exposed' 'Infected' 'Removed' 'Deads'
 0.000000E+00 0 470 0 0 0 0
 4.000000E+00 2 470 2 0 0 0
 8.000000E+00 1 470 1 0 0 0
 1.200000E+01 2 470 2 0 0 0
 1.600000E+01 3 470 3 0 0 0
 2.000000E+01 1 470 1 0 0 0
 2.400000E+01 2 470 2 0 0 0
 2.800000E+01 2 470 1 1 0 0
 3.200000E+01 2 470 1 0 1 0
 3.600000E+01 3 470 1 1 1 0
 4.000000E+01 6 467 4 1 1 0
 4.400000E+01 2 467 1 0 1 0
 4.800000E+01 5 467 4 0 1 0
 5.200000E+01 5 467 4 0 1 0
 5.600000E+01 6 467 3 1 2 0
 6.000000E+01 5 466 1 1 2 1
 6.400000E+01 8 466 4 0 2 2
 6.800000E+01 7 466 3 0 2 2
 7.200000E+01 10 466 6 0 2 2
 7.600000E+01 9 466 3 1 3 2
 8.000000E+01 10 465 3 1 3 3
 8.400000E+01 14 463 6 2 3 3
 8.800000E+01 16 463 7 0 3 6
 9.200000E+01 16 462 5 2 3 6
 9.600000E+01 16 461 6 1 3 6
 1.000000E+02 22 461 11 1 4 6
 1.040000E+02 22 461 10 2 4 6
 1.080000E+02 22 458 10 2 4 6
 1.120000E+02 22 458 8 1 5 8
 1.160000E+02 27 456 11 2 5 9
 1.200000E+02 24 455 7 1 6 10
 1.240000E+02 30 454 12 1 6 11
 1.280000E+02 26 454 6 3 6 11
 1.320000E+02 28 454 8 1 6 13
 1.360000E+02 34 454 9 4 6 15
 1.400000E+02 31 452 7 1 7 16
 1.440000E+02 30 451 4 3 7 16
 1.480000E+02 36 446 11 1 7 17
 1.520000E+02 37 445 9 2 7 19
 1.560000E+02 34 444 4 4 7 19
 1.600000E+02 43 440 9 6 7 21
 1.640000E+02 42 440 8 5 7 22
 1.680000E+02 46 440 12 4 8 22
 1.720000E+02 41 439 9 1 9 22
 1.760000E+02 42 438 8 2 9 23
 1.800000E+02 43 438 6 3 9 25
 1.840000E+02 42 436 5 1 9 27
 1.880000E+02 44 436 3 5 9 27
 1.920000E+02 47 436 7 2 10 28
 1.960000E+02 45 436 3 3 11 28
 2.000000E+02 45 435 3 2 12 28

#Simulation ended (eff.: 0.753478, detail below)
	#Events: 1733
	#Valid embedding but no longer unary when required: 0.000000
	#Valid embedding but not binary when required: 0.000000
	#Clashing instance: 0.000000
	#Lazy negative update: 1.000000
	#Lazy negative update of non local instances: 0.000000
	#Perturbation interrupting time advance: 0.000000
