# time 'Cases' 'Susceptible' 'Exposed' 'Infected' 'Removed' 'Deads'
 0.000000E+00 0 470 0 0 0 0
 4.000000E+00 2 470 1 1 0 0
 8.000000E+00 2 470 1 0 0 1
 1.200000E+01 1 470 0 0 0 1
 1.600000E+01 1 470 0 0 0 1
 2.000000E+01 1 469 0 0 0 1
 2.400000E+01 2 469 1 0 0 1
 2.800000E+01 3 469 1 1 0 1
 3.200000E+01 3 467 1 1 0 1
 3.600000E+01 5 467 3 0 1 1
 4.000000E+01 5 467 3 0 1 1
 4.400000E+01 3 467 1 0 1 1
 4.800000E+01 4 467 2 0 1 1
 5.200000E+01 3 467 1 0 1 1
 5.600000E+01 5 467 2 1 1 1
 6.000000E+01 4 466 1 1 1 1
 6.400000E+01 9 466 6 0 2 1
 6.800000E+01 8 465 2 1 3 2
 7.200000E+01 8 464 2 0 3 3
 7.600000E+01 9 463 3 0 3 3
 8.000000E+01 8 463 2 0 3 3
 8.400000E+01 9 463 1 2 3 3
 8.800000E+01 13 463 3 1 6 3
 9.200000E+01 16 463 6 0 7 3
 9.600000E+01 16 463 5 0 7 4
 1.000000E+02 15 463 3 1 7 4
 1.040000E+02 12 463 1 0 7 4
 1.080000E+02 19 463 7 1 7 4
 1.120000E+02 16 463 3 1 8 4
 1.160000E+02 14 463 2 0 8 4
 1.200000E+02 17 463 5 0 8 4
 1.240000E+02 15 463 2 0 8 5
 1.280000E+02 18 463 5 0 8 5
 1.320000E+02 19 462 2 3 8 6
 1.360000E+02 24 460 6 4 8 6
 1.400000E+02 20 460 3 0 9 8
 1.440000E+02 23 460 5 1 9 8
 1.480000E+02 24 458 4 1 9 10
 1.520000E+02 22 458 3 0 9 10
 1.560000E+02 26 456 4 2 9 11
 1.600000E+02 26 454 3 1 11 11
 1.640000E+02 26 451 2 2 11 11
 1.680000E+02 31 450 6 3 11 11
 1.720000E+02 29 450 4 2 11 12
 1.760000E+02 26 450 1 1 11 13
 1.800000E+02 28 448 4 0 11 13
 1.840000E+02 26 448 2 0 11 13
 1.880000E+02 29 448 5 0 11 13
 1.920000E+02 30 448 4 2 11 13
 1.960000E+02 32 447 5 2 11 14
 2.000000E+02 30 447 2 2 11 15

#Simulation ended (eff.: 0.743807, detail below)
	#Events: 1141
	#Valid embedding but no longer unary when required: 0.000000
	#Valid embedding but not binary when required: 0.000000
	#Clashing instance: 0.000000
	#Lazy negative update: 1.000000
	#Lazy negative update of non local instances: 0.000000
	#Perturbation interrupting time advance: 0.000000
