# time 'Cases' 'Susceptible' 'Exposed' 'Infected' 'Removed' 'Deads'
 0.000000E+00 0 15800 0 0 0 0
 4.000000E+00 2 15800 2 0 0 0
 8.000000E+00 5 15800 3 2 0 0
 1.200000E+01 5 15800 4 0 0 1
 1.600000E+01 6 15800 4 1 0 1
 2.000000E+01 6 15799 3 1 0 2
 2.400000E+01 8 15797 4 1 0 3
 2.800000E+01 9 15797 3 3 0 3
 3.200000E+01 11 15794 3 4 0 4
 3.600000E+01 20 15790 8 5 1 6
 4.000000E+01 21 15785 10 0 1 10
 4.400000E+01 18 15781 6 1 1 10
 4.800000E+01 26 15778 11 3 1 11
 5.200000E+01 21 15777 7 1 2 11
 5.600000E+01 26 15777 11 1 2 12
 6.000000E+01 31 15777 13 4 2 12
 6.400000E+01 35 15776 13 4 3 15
 6.800000E+01 43 15770 18 7 3 15
 7.200000E+01 43 15768 12 6 5 20
 7.600000E+01 51 15764 18 5 6 22
 8.000000E+01 59 15758 21 6 7 25
 8.400000E+01 62 15748 19 7 8 28
 8.800000E+01 59 15741 15 5 9 30
 9.200000E+01 77 15734 26 9 11 31
 9.600000E+01 77 15730 20 12 11 34
 1.000000E+02 83 15720 23 10 12 38
 1.040000E+02 88 15713 21 7 15 45
 1.080000E+02 97 15710 28 6 15 48
 1.120000E+02 96 15706 19 9 15 53
 1.160000E+02 106 15700 22 8 17 59
 1.200000E+02 107 15692 19 6 17 65
 1.240000E+02 118 15689 26 6 17 69
 1.280000E+02 120 15680 20 10 17 73
 1.320000E+02 136 15669 30 13 17 76
 1.360000E+02 138 15662 25 14 18 81
 1.400000E+02 141 15651 26 10 19 86
 1.440000E+02 140 15650 22 8 22 88
 1.480000E+02 141 15641 15 9 25 92
 1.520000E+02 159 15635 25 11 26 97
 1.560000E+02 157 15630 21 6 26 104
 1.600000E+02 165 15625 20 10 27 108
 1.640000E+02 173 15619 25 10 28 110
 1.680000E+02 179 15615 25 8 30 116
 1.720000E+02 189 15611 26 11 31 121
 1.760000E+02 188 15609 20 8 35 125
 1.800000E+02 196 15604 23 8 37 128
 1.840000E+02 200 15596 21 9 37 133
 1.880000E+02 216 15584 28 9 37 142
 1.920000E+02 209 15581 21 4 37 147
 1.960000E+02 212 15579 18 5 40 149
 2.000000E+02 216 15578 17 7 41 151

#Simulation ended (eff.: 0.948303, detail below)
	#Events: 17463
	#Valid embedding but no longer unary when required: 0.000000
	#Valid embedding but not binary when required: 0.000000
	#Clashing instance: 0.000000
	#Lazy negative update: 1.000000
	#Lazy negative update of non local instances: 0.000000
	#Perturbation interrupting time advance: 0.000000
