# time 'Cases' 'Susceptible' 'Exposed' 'Infected' 'Removed' 'Deads'
 0.000000E+00 0 470 0 0 0 0
 4.000000E+00 2 469 1 0 0 1
 8.000000E+00 2 469 1 0 0 1
 1.200000E+01 3 469 2 0 0 1
 1.600000E+01 2 469 1 0 0 1
 2.000000E+01 1 469 0 0 0 1
 2.400000E+01 2 469 1 0 0 1
 2.800000E+01 3 469 2 0 0 1
 3.200000E+01 4 469 2 1 0 1
 3.600000E+01 7 469 4 1 0 2
 4.000000E+01 4 468 1 0 0 3
 4.400000E+01 3 468 0 0 0 3
 4.800000E+01 4 468 0 1 0 3
 5.200000E+01 8 468 3 2 0 3
 5.600000E+01 8 468 4 0 0 4
 6.000000E+01 8 468 2 1 0 5
 6.400000E+01 10 467 3 1 1 5
 6.800000E+01 8 467 1 1 1 5
 7.200000E+01 11 467 3 1 1 6
 7.600000E+01 12 467 3 1 1 7
 8.000000E+01 11 466 3 0 1 7
 8.400000E+01 11 466 2 1 1 7
 8.800000E+01 11 466 1 1 2 7
 9.200000E+01 16 464 5 0 3 8
 9.600000E+01 18 463 6 1 3 8
 1.000000E+02 25 462 12 1 3 9
 1.040000E+02 14 462 2 0 3 9
 1.080000E+02 18 462 4 2 3 9
 1.120000E+02 18 462 3 2 4 9
 1.160000E+02 20 460 5 1 5 9
 1.200000E+02 17 458 1 0 6 10
 1.240000E+02 22 457 5 0 7 10
 1.280000E+02 23 457 5 0 7 11
 1.320000E+02 23 455 3 0 8 12
 1.360000E+02 26 454 2 2 8 14
 1.400000E+02 29 454 4 2 8 15
 1.440000E+02 28 452 2 3 8 15
 1.480000E+02 29 452 3 1 9 16
 1.520000E+02 30 452 3 1 9 17
 1.560000E+02 30 451 3 0 10 17
 1.600000E+02 30 451 3 0 10 17
 1.640000E+02 33 451 2 1 10 20
 1.680000E+02 35 450 3 1 10 21
 1.720000E+02 35 450 3 1 10 21
 1.760000E+02 32 450 1 0 10 21
 1.800000E+02 31 450 0 0 10 21
 1.840000E+02 37 450 3 3 10 21
 1.880000E+02 39 446 2 2 12 23
 1.920000E+02 41 446 3 2 12 24
 1.960000E+02 43 445 5 2 12 24
 2.000000E+02 39 445 1 2 12 24

#Simulation ended (eff.: 0.740027, detail below)
	#Events: 1113
	#Valid embedding but no longer unary when required: 0.000000
	#Valid embedding but not binary when required: 0.000000
	#Clashing instance: 0.000000
	#Lazy negative update: 1.000000
	#Lazy negative update of non local instances: 0.000000
	#Perturbation interrupting time advance: 0.000000
