# time 'Cases' 'Susceptible' 'Exposed' 'Infected' 'Removed' 'Deads'
 0.000000E+00 0 4700 0 0 0 0
 4.000000E+00 1 4700 0 1 0 0
 8.000000E+00 1 4698 0 1 0 0
 1.200000E+01 5 4698 4 1 0 0
 1.600000E+01 2 4697 1 0 0 1
 2.000000E+01 1 4697 0 0 0 1
 2.400000E+01 3 4697 2 0 0 1
 2.800000E+01 4 4697 3 0 0 1
 3.200000E+01 2 4697 1 0 0 1
 3.600000E+01 1 4697 0 0 0 1
 4.000000E+01 6 4696 4 1 0 1
 4.400000E+01 4 4696 1 2 0 1
 4.800000E+01 6 4695 4 0 0 2
 5.200000E+01 8 4695 6 0 0 2
 5.600000E+01 4 4695 2 0 0 2
 6.000000E+01 8 4695 4 1 0 3
 6.400000E+01 8 4695 4 0 0 4
 6.800000E+01 8 4695 2 1 0 5
 7.200000E+01 12 4687 5 2 0 5
 7.600000E+01 12 4686 4 1 0 7
 8.000000E+01 16 4686 8 1 0 7
 8.400000E+01 16 4682 7 1 0 8
 8.800000E+01 12 4682 2 0 1 9
 9.200000E+01 13 4681 2 1 1 9
 9.600000E+01 21 4681 10 1 1 9
 1.000000E+02 21 4678 8 2 1 10
 1.040000E+02 23 4677 8 3 2 10
 1.080000E+02 28 4675 11 4 2 11
 1.120000E+02 25 4673 8 4 2 11
 1.160000E+02 23 4670 7 2 2 12
 1.200000E+02 22 4670 5 2 2 13
 1.240000E+02 28 4667 9 4 2 13
 1.280000E+02 29 4665 10 2 3 14
 1.320000E+02 30 4662 10 3 3 14
 1.360000E+02 26 4661 5 2 5 14
 1.400000E+02 31 4658 9 2 5 15
 1.440000E+02 28 4657 4 3 5 16
 1.480000E+02 31 4657 6 2 5 18
 1.520000E+02 29 4653 3 2 5 19
 1.560000E+02 33 4653 5 3 6 19
 1.600000E+02 34 4653 7 2 6 19
 1.640000E+02 40 4653 11 4 6 19
 1.680000E+02 34 4652 3 1 8 22
 1.720000E+02 39 4650 5 3 8 23
 1.760000E+02 37 4649 1 3 9 24
 1.800000E+02 41 4647 3 2 12 24
 1.840000E+02 43 4645 2 0 13 28
 1.880000E+02 45 4645 4 0 13 28
 1.920000E+02 47 4645 3 2 13 29
 1.960000E+02 48 4645 4 2 13 29
 2.000000E+02 50 4645 6 1 14 29

#Simulation ended (eff.: 0.902661, detail below)
	#Events: 5258
	#Valid embedding but no longer unary when required: 0.000000
	#Valid embedding but not binary when required: 0.000000
	#Clashing instance: 0.000000
	#Lazy negative update: 1.000000
	#Lazy negative update of non local instances: 0.000000
	#Perturbation interrupting time advance: 0.000000
