# time 'Cases' 'Susceptible' 'Exposed' 'Infected' 'Removed' 'Deads'
 0.000000E+00 10 10000 0 10 0 0
 4.000000E+00 11 9992 2 5 1 3
 8.000000E+00 14 9992 5 1 3 5
 1.200000E+01 14 9992 4 1 4 5
 1.600000E+01 12 9992 2 1 4 5
 2.000000E+01 14 9992 0 3 5 6
 2.400000E+01 14 9991 1 0 7 6
 2.800000E+01 14 9991 1 0 7 6
 3.200000E+01 15 9991 2 0 7 6
 3.600000E+01 17 9990 2 2 7 6
 4.000000E+01 19 9986 3 2 7 7
 4.400000E+01 21 9986 5 1 7 8
 4.800000E+01 20 9984 4 0 7 9
 5.200000E+01 22 9984 5 0 8 9
 5.600000E+01 22 9983 4 1 8 9
 6.000000E+01 24 9982 4 2 8 10
 6.400000E+01 30 9977 7 2 8 13
 6.800000E+01 30 9973 7 2 8 13
 7.200000E+01 31 9970 8 0 9 14
 7.600000E+01 40 9969 12 5 9 14
 8.000000E+01 46 9961 14 5 10 17
 8.400000E+01 45 9958 11 4 11 19
 8.800000E+01 48 9956 13 2 11 22
 9.200000E+01 51 9954 15 2 11 23
 9.600000E+01 53 9952 10 6 11 26
 1.000000E+02 60 9948 12 5 14 29
 1.040000E+02 62 9946 13 3 14 32
 1.080000E+02 57 9944 5 4 15 33
 1.120000E+02 67 9941 12 4 16 35
 1.160000E+02 67 9937 9 5 16 37
 1.200000E+02 70 9936 10 1 17 42
 1.240000E+02 74 9931 10 3 18 43
 1.280000E+02 76 9929 8 6 19 43
 1.320000E+02 81 9928 9 7 20 45
 1.360000E+02 78 9927 5 4 20 49
 1.400000E+02 89 9919 11 5 21 52
 1.440000E+02 93 9916 12 6 21 54
 1.480000E+02 92 9915 12 2 22 56
 1.520000E+02 96 9914 11 5 22 58
 1.560000E+02 106 9909 18 4 23 61
 1.600000E+02 106 9907 16 3 23 64
 1.640000E+02 103 9906 9 6 23 65
 1.680000E+02 110 9905 12 6 25 67
 1.720000E+02 108 9903 7 4 27 70
 1.760000E+02 106 9903 3 3 29 71
 1.800000E+02 112 9901 4 6 30 72
 1.840000E+02 114 9898 5 1 31 77
 1.880000E+02 117 9897 7 2 31 77
 1.920000E+02 119 9897 5 5 31 78
 1.960000E+02 121 9896 4 4 32 81
 2.000000E+02 121 9896 3 3 33 82

#Simulation ended (eff.: 0.955485, detail below)
	#Events: 10260
	#Valid embedding but no longer unary when required: 0.000000
	#Valid embedding but not binary when required: 0.000000
	#Clashing instance: 0.000000
	#Lazy negative update: 1.000000
	#Lazy negative update of non local instances: 0.000000
	#Perturbation interrupting time advance: 0.000000
