# time 'Cases' 'Susceptible' 'Exposed' 'Infected' 'Removed' 'Deads'
 0.000000E+00 10 100000 0 10 0 0
 4.000000E+00 13 99994 3 5 1 4
 8.000000E+00 14 99991 5 3 1 5
 1.200000E+01 22 99983 12 4 1 5
 1.600000E+01 20 99977 10 1 1 8
 2.000000E+01 24 99973 12 1 2 9
 2.400000E+01 28 99972 12 4 3 9
 2.800000E+01 35 99965 17 6 3 9
 3.200000E+01 41 99959 18 7 5 11
 3.600000E+01 44 99950 16 7 7 14
 4.000000E+01 52 99936 18 8 7 19
 4.400000E+01 57 99928 19 6 9 23
 4.800000E+01 63 99919 24 2 9 28
 5.200000E+01 77 99912 37 1 9 30
 5.600000E+01 84 99904 29 13 9 33
 6.000000E+01 105 99884 41 12 13 39
 6.400000E+01 109 99876 37 16 14 42
 6.800000E+01 125 99864 41 15 18 51
 7.200000E+01 121 99856 29 11 21 60
 7.600000E+01 141 99844 36 13 24 68
 8.000000E+01 155 99830 42 11 26 76
 8.400000E+01 176 99821 47 12 29 88
 8.800000E+01 184 99812 48 10 31 95
 9.200000E+01 199 99805 46 19 32 102
 9.600000E+01 219 99791 45 20 41 113
 1.000000E+02 231 99771 48 19 47 117
 1.040000E+02 263 99749 61 25 52 125
 1.080000E+02 269 99736 52 28 57 132
 1.120000E+02 285 99713 54 24 61 146
 1.160000E+02 302 99697 60 22 63 157
 1.200000E+02 313 99683 53 28 67 165
 1.240000E+02 319 99663 50 25 70 174
 1.280000E+02 358 99644 67 25 77 189
 1.320000E+02 373 99630 64 26 83 200
 1.360000E+02 385 99609 53 34 92 206
 1.400000E+02 409 99585 57 35 100 217
 1.440000E+02 413 99569 47 30 106 230
 1.480000E+02 428 99555 49 18 114 247
 1.520000E+02 437 99544 43 21 118 255
 1.560000E+02 451 99531 47 15 122 267
 1.600000E+02 456 99520 42 16 122 276
 1.640000E+02 458 99514 33 14 125 286
 1.680000E+02 483 99503 39 19 125 300
 1.720000E+02 493 99486 42 17 127 307
 1.760000E+02 511 99473 42 20 132 317
 1.800000E+02 525 99456 43 23 134 325
 1.840000E+02 533 99446 39 18 137 339
 1.880000E+02 540 99433 33 15 142 350
 1.920000E+02 555 99425 34 19 145 357
 1.960000E+02 570 99418 39 17 148 366
 2.000000E+02 557 99409 20 12 151 374

#Simulation ended (eff.: 0.985750, detail below)
	#Events: 94698
	#Valid embedding but no longer unary when required: 0.000000
	#Valid embedding but not binary when required: 0.000000
	#Clashing instance: 0.000000
	#Lazy negative update: 1.000000
	#Lazy negative update of non local instances: 0.000000
	#Perturbation interrupting time advance: 0.000000
