# time 'Cases' 'Susceptible' 'Exposed' 'Infected' 'Removed' 'Deads'
 0.000000E+00 0 15800 0 0 0 0
 4.000000E+00 0 15800 0 0 0 0
 8.000000E+00 3 15800 2 1 0 0
 1.200000E+01 4 15800 4 0 0 0
 1.600000E+01 13 15799 12 0 0 1
 2.000000E+01 9 15796 6 1 0 2
 2.400000E+01 15 15791 9 1 1 4
 2.800000E+01 14 15789 8 0 2 4
 3.200000E+01 12 15789 6 0 2 4
 3.600000E+01 14 15789 6 1 2 5
 4.000000E+01 27 15784 13 6 2 6
 4.400000E+01 29 15782 11 4 3 11
 4.800000E+01 38 15773 18 1 5 14
 5.200000E+01 38 15771 16 0 5 17
 5.600000E+01 41 15768 15 4 5 17
 6.000000E+01 43 15763 12 7 6 18
 6.400000E+01 52 15757 19 4 9 20
 6.800000E+01 57 15754 19 5 9 24
 7.200000E+01 58 15751 17 7 10 24
 7.600000E+01 71 15740 20 13 12 26
 8.000000E+01 81 15728 26 10 13 32
 8.400000E+01 78 15722 23 5 15 35
 8.800000E+01 81 15714 22 6 16 37
 9.200000E+01 95 15705 27 6 21 41
 9.600000E+01 89 15702 14 7 22 46
 1.000000E+02 102 15693 20 9 24 49
 1.040000E+02 108 15684 27 3 25 53
 1.080000E+02 115 15680 25 6 29 55
 1.120000E+02 130 15676 32 7 31 60
 1.160000E+02 137 15668 30 11 33 63
 1.200000E+02 140 15663 29 9 34 68
 1.240000E+02 146 15660 25 13 37 71
 1.280000E+02 146 15652 19 11 38 78
 1.320000E+02 145 15650 12 9 40 84
 1.360000E+02 162 15647 27 4 42 89
 1.400000E+02 166 15644 25 8 43 90
 1.440000E+02 166 15641 19 6 45 96
 1.480000E+02 176 15638 22 8 47 99
 1.520000E+02 173 15634 14 7 48 104
 1.560000E+02 180 15633 19 6 49 106
 1.600000E+02 181 15631 16 6 51 108
 1.640000E+02 191 15627 16 11 52 112
 1.680000E+02 189 15621 16 6 53 114
 1.720000E+02 184 15620 8 4 55 117
 1.760000E+02 193 15614 13 3 56 121
 1.800000E+02 200 15610 17 4 57 122
 1.840000E+02 209 15608 22 6 58 123
 1.880000E+02 207 15607 13 8 59 127
 1.920000E+02 213 15604 17 5 61 130
 1.960000E+02 207 15599 9 3 62 133
 2.000000E+02 219 15594 13 7 63 136

#Simulation ended (eff.: 0.945698, detail below)
	#Events: 17520
	#Valid embedding but no longer unary when required: 0.000000
	#Valid embedding but not binary when required: 0.000000
	#Clashing instance: 0.000000
	#Lazy negative update: 1.000000
	#Lazy negative update of non local instances: 0.000000
	#Perturbation interrupting time advance: 0.000000
