# time 'Cases' 'Susceptible' 'Exposed' 'Infected' 'Removed' 'Deads'
 0.000000E+00 0 4700 0 0 0 0
 4.000000E+00 2 4700 2 0 0 0
 8.000000E+00 1 4700 1 0 0 0
 1.200000E+01 3 4700 2 1 0 0
 1.600000E+01 1 4699 0 0 0 1
 2.000000E+01 2 4698 0 1 0 1
 2.400000E+01 4 4697 2 1 0 1
 2.800000E+01 3 4696 0 2 0 1
 3.200000E+01 4 4696 1 1 1 1
 3.600000E+01 6 4694 3 1 1 1
 4.000000E+01 5 4694 3 0 1 1
 4.400000E+01 4 4693 2 0 1 1
 4.800000E+01 3 4693 1 0 1 1
 5.200000E+01 6 4693 4 0 1 1
 5.600000E+01 7 4692 4 1 1 1
 6.000000E+01 6 4689 4 0 1 1
 6.400000E+01 4 4689 2 0 1 1
 6.800000E+01 4 4689 2 0 1 1
 7.200000E+01 5 4689 3 0 1 1
 7.600000E+01 7 4688 4 1 1 1
 8.000000E+01 10 4686 5 3 1 1
 8.400000E+01 16 4685 9 2 2 3
 8.800000E+01 11 4684 4 1 3 3
 9.200000E+01 17 4682 8 2 3 4
 9.600000E+01 16 4682 5 1 4 6
 1.000000E+02 24 4680 6 6 4 8
 1.040000E+02 23 4678 6 5 4 8
 1.080000E+02 21 4676 4 4 5 8
 1.120000E+02 24 4676 6 1 5 12
 1.160000E+02 24 4675 5 2 5 12
 1.200000E+02 25 4674 4 2 5 14
 1.240000E+02 26 4673 5 2 5 14
 1.280000E+02 33 4666 8 4 6 15
 1.320000E+02 30 4664 7 0 6 17
 1.360000E+02 35 4664 9 2 7 17
 1.400000E+02 34 4664 8 1 7 18
 1.440000E+02 30 4664 3 2 7 18
 1.480000E+02 36 4664 7 2 7 20
 1.520000E+02 36 4662 6 2 7 21
 1.560000E+02 37 4661 6 2 7 22
 1.600000E+02 44 4660 10 4 7 23
 1.640000E+02 40 4658 7 1 8 24
 1.680000E+02 42 4656 6 4 8 24
 1.720000E+02 43 4656 1 7 8 27
 1.760000E+02 42 4652 5 1 8 28
 1.800000E+02 44 4652 6 2 8 28
 1.840000E+02 43 4652 3 3 9 28
 1.880000E+02 43 4652 2 2 10 29
 1.920000E+02 44 4652 3 1 10 30
 1.960000E+02 45 4652 4 1 10 30
 2.000000E+02 48 4651 6 2 10 30

#Simulation ended (eff.: 0.901687, detail below)
	#Events: 5292
	#Valid embedding but no longer unary when required: 0.000000
	#Valid embedding but not binary when required: 0.000000
	#Clashing instance: 0.000000
	#Lazy negative update: 1.000000
	#Lazy negative update of non local instances: 0.000000
	#Perturbation interrupting time advance: 0.000000
