# time 'Cases' 'Susceptible' 'Exposed' 'Infected' 'Removed' 'Deads'
 0.000000E+00 0 15800 0 0 0 0
 4.000000E+00 0 15800 0 0 0 0
 8.000000E+00 1 15800 1 0 0 0
 1.200000E+01 4 15800 4 0 0 0
 1.600000E+01 3 15800 3 0 0 0
 2.000000E+01 2 15799 1 0 1 0
 2.400000E+01 2 15799 1 0 1 0
 2.800000E+01 3 15798 2 0 1 0
 3.200000E+01 6 15796 4 1 1 0
 3.600000E+01 8 15795 4 2 1 1
 4.000000E+01 6 15795 4 0 1 1
 4.400000E+01 7 15795 4 1 1 1
 4.800000E+01 14 15794 8 2 1 3
 5.200000E+01 11 15793 5 2 1 3
 5.600000E+01 12 15793 4 1 1 6
 6.000000E+01 17 15793 7 1 2 7
 6.400000E+01 22 15792 9 3 3 7
 6.800000E+01 24 15792 7 4 5 8
 7.200000E+01 24 15790 3 5 8 8
 7.600000E+01 29 15785 4 7 9 9
 8.000000E+01 37 15781 12 3 9 13
 8.400000E+01 33 15779 7 1 10 15
 8.800000E+01 35 15778 7 1 12 15
 9.200000E+01 40 15778 11 1 12 16
 9.600000E+01 44 15778 12 4 12 16
 1.000000E+02 49 15775 13 5 15 16
 1.040000E+02 49 15773 11 5 16 17
 1.080000E+02 49 15773 10 5 16 18
 1.120000E+02 55 15768 15 5 16 19
 1.160000E+02 55 15764 11 6 16 22
 1.200000E+02 62 15758 14 4 18 26
 1.240000E+02 67 15754 13 7 19 28
 1.280000E+02 69 15750 16 1 21 31
 1.320000E+02 66 15746 11 3 21 31
 1.360000E+02 69 15741 11 3 22 33
 1.400000E+02 74 15739 15 2 24 33
 1.440000E+02 74 15738 10 5 24 35
 1.480000E+02 79 15735 9 8 24 38
 1.520000E+02 83 15730 10 6 24 43
 1.560000E+02 81 15726 4 6 25 46
 1.600000E+02 92 15720 12 4 26 50
 1.640000E+02 98 15716 12 7 27 52
 1.680000E+02 95 15711 7 5 28 55
 1.720000E+02 99 15709 9 5 28 57
 1.760000E+02 105 15703 13 7 28 57
 1.800000E+02 103 15703 9 5 31 58
 1.840000E+02 104 15700 8 4 33 59
 1.880000E+02 106 15698 8 4 34 60
 1.920000E+02 111 15696 9 5 35 62
 1.960000E+02 111 15695 7 4 36 64
 2.000000E+02 110 15694 5 3 36 66

#Simulation ended (eff.: 0.959739, detail below)
	#Events: 15590
	#Valid embedding but no longer unary when required: 0.000000
	#Valid embedding but not binary when required: 0.000000
	#Clashing instance: 0.000000
	#Lazy negative update: 1.000000
	#Lazy negative update of non local instances: 0.000000
	#Perturbation interrupting time advance: 0.000000
