# time 'Cases' 'Susceptible' 'Exposed' 'Infected' 'Removed' 'Deads'
 0.000000E+00 10 10000 0 10 0 0
 4.000000E+00 13 9989 4 5 0 4
 8.000000E+00 17 9987 7 3 1 6
 1.200000E+01 18 9984 8 3 1 6
 1.600000E+01 20 9982 8 2 2 8
 2.000000E+01 24 9979 10 2 3 9
 2.400000E+01 24 9975 7 3 4 10
 2.800000E+01 29 9970 10 2 5 12
 3.200000E+01 35 9966 14 3 5 13
 3.600000E+01 38 9960 13 5 6 14
 4.000000E+01 45 9956 19 4 7 15
 4.400000E+01 45 9951 16 3 7 19
 4.800000E+01 49 9949 18 3 7 21
 5.200000E+01 48 9944 13 7 7 21
 5.600000E+01 60 9936 17 10 8 25
 6.000000E+01 56 9927 12 7 9 28
 6.400000E+01 72 9918 21 10 10 31
 6.800000E+01 77 9910 19 8 14 36
 7.200000E+01 88 9897 23 9 16 40
 7.600000E+01 92 9889 19 10 19 44
 8.000000E+01 116 9877 35 12 20 49
 8.400000E+01 119 9870 32 9 26 52
 8.800000E+01 123 9863 23 11 27 62
 9.200000E+01 138 9852 31 9 28 70
 9.600000E+01 137 9843 19 17 29 72
 1.000000E+02 156 9828 35 14 31 76
 1.040000E+02 151 9823 25 11 32 83
 1.080000E+02 176 9812 40 13 33 90
 1.120000E+02 179 9804 34 14 37 94
 1.160000E+02 191 9792 42 12 38 99
 1.200000E+02 198 9787 38 12 43 105
 1.240000E+02 202 9782 34 11 45 112
 1.280000E+02 197 9778 23 9 47 118
 1.320000E+02 206 9773 24 11 47 124
 1.360000E+02 214 9766 25 12 48 129
 1.400000E+02 233 9765 34 12 50 137
 1.440000E+02 236 9760 31 11 53 141
 1.480000E+02 240 9751 26 14 57 143
 1.520000E+02 251 9744 29 13 62 147
 1.560000E+02 254 9737 26 13 62 153
 1.600000E+02 250 9729 19 8 64 159
 1.640000E+02 260 9725 20 8 66 166
 1.680000E+02 270 9720 23 8 69 170
 1.720000E+02 278 9712 19 12 72 175
 1.760000E+02 277 9708 11 13 73 180
 1.800000E+02 292 9703 14 16 75 187
 1.840000E+02 295 9697 15 11 79 190
 1.880000E+02 295 9694 11 8 81 195
 1.920000E+02 298 9687 11 5 84 198
 1.960000E+02 305 9684 13 6 86 200
 2.000000E+02 301 9682 9 3 87 202

#Simulation ended (eff.: 0.941709, detail below)
	#Events: 13199
	#Valid embedding but no longer unary when required: 0.000000
	#Valid embedding but not binary when required: 0.000000
	#Clashing instance: 0.000000
	#Lazy negative update: 1.000000
	#Lazy negative update of non local instances: 0.000000
	#Perturbation interrupting time advance: 0.000000
