# time 'Cases' 'Susceptible' 'Exposed' 'Infected' 'Removed' 'Deads'
 0.000000E+00 10 100000 0 10 0 0
 4.000000E+00 14 99992 5 4 0 5
 8.000000E+00 20 99988 10 3 1 6
 1.200000E+01 20 99981 10 2 1 7
 1.600000E+01 23 99977 12 3 1 7
 2.000000E+01 30 99972 13 6 1 10
 2.400000E+01 37 99961 15 7 1 14
 2.800000E+01 40 99951 16 6 2 16
 3.200000E+01 40 99944 13 6 4 17
 3.600000E+01 45 99938 15 5 6 19
 4.000000E+01 51 99937 16 6 7 22
 4.400000E+01 57 99932 17 10 7 23
 4.800000E+01 65 99922 23 9 7 26
 5.200000E+01 72 99914 26 9 8 29
 5.600000E+01 72 99906 25 7 9 31
 6.000000E+01 78 99900 21 10 11 36
 6.400000E+01 86 99892 23 11 14 38
 6.800000E+01 102 99885 28 13 16 45
 7.200000E+01 118 99866 32 15 20 51
 7.600000E+01 125 99856 33 9 25 58
 8.000000E+01 127 99848 26 11 30 60
 8.400000E+01 138 99843 21 17 33 67
 8.800000E+01 155 99835 29 19 35 72
 9.200000E+01 159 99825 29 6 39 85
 9.600000E+01 176 99808 34 11 40 91
 1.000000E+02 181 99797 30 13 42 96
 1.040000E+02 195 99786 32 16 45 102
 1.080000E+02 214 99775 35 16 52 111
 1.120000E+02 233 99759 46 12 53 122
 1.160000E+02 243 99743 42 16 57 128
 1.200000E+02 258 99729 43 15 59 141
 1.240000E+02 258 99720 32 14 61 151
 1.280000E+02 282 99713 41 18 66 157
 1.320000E+02 295 99704 39 19 73 164
 1.360000E+02 306 99687 40 16 74 176
 1.400000E+02 327 99668 48 17 79 183
 1.440000E+02 340 99656 51 11 82 196
 1.480000E+02 342 99652 35 22 84 201
 1.520000E+02 365 99632 42 25 86 212
 1.560000E+02 368 99619 40 14 93 221
 1.600000E+02 376 99611 39 17 94 226
 1.640000E+02 403 99599 48 21 97 237
 1.680000E+02 403 99590 39 19 99 246
 1.720000E+02 417 99584 42 17 103 255
 1.760000E+02 422 99572 32 23 107 260
 1.800000E+02 431 99566 29 22 110 270
 1.840000E+02 442 99553 31 15 116 280
 1.880000E+02 450 99546 29 16 119 286
 1.920000E+02 451 99543 22 13 121 295
 1.960000E+02 462 99539 27 11 125 299
 2.000000E+02 464 99535 21 8 128 307

#Simulation ended (eff.: 0.987467, detail below)
	#Events: 92974
	#Valid embedding but no longer unary when required: 0.000000
	#Valid embedding but not binary when required: 0.000000
	#Clashing instance: 0.000000
	#Lazy negative update: 1.000000
	#Lazy negative update of non local instances: 0.000000
	#Perturbation interrupting time advance: 0.000000
