# time 'Cases' 'Susceptible' 'Exposed' 'Infected' 'Removed' 'Deads'
 0.000000E+00 0 1580 0 0 0 0
 4.000000E+00 1 1580 1 0 0 0
 8.000000E+00 5 1580 5 0 0 0
 1.200000E+01 6 1580 6 0 0 0
 1.600000E+01 5 1580 4 1 0 0
 2.000000E+01 7 1578 6 1 0 0
 2.400000E+01 6 1578 5 1 0 0
 2.800000E+01 8 1575 5 1 0 2
 3.200000E+01 12 1574 7 3 0 2
 3.600000E+01 9 1573 3 1 0 5
 4.000000E+01 15 1570 7 2 0 6
 4.400000E+01 15 1569 7 1 0 7
 4.800000E+01 19 1566 8 4 0 7
 5.200000E+01 19 1564 9 2 0 8
 5.600000E+01 17 1564 6 1 1 9
 6.000000E+01 23 1561 8 2 1 12
 6.400000E+01 29 1555 10 4 1 14
 6.800000E+01 30 1554 10 3 2 15
 7.200000E+01 30 1550 8 1 3 18
 7.600000E+01 32 1550 8 3 3 18
 8.000000E+01 36 1544 8 5 4 19
 8.400000E+01 42 1542 12 3 5 22
 8.800000E+01 46 1542 12 3 6 25
 9.200000E+01 51 1535 11 7 6 27
 9.600000E+01 53 1530 10 5 8 30
 1.000000E+02 57 1526 11 5 10 31
 1.040000E+02 65 1523 15 9 10 31
 1.080000E+02 61 1517 12 4 10 35
 1.120000E+02 65 1514 15 3 12 35
 1.160000E+02 74 1511 18 6 13 37
 1.200000E+02 71 1506 14 3 14 40
 1.240000E+02 77 1501 12 7 15 43
 1.280000E+02 77 1496 12 4 16 45
 1.320000E+02 81 1493 11 4 17 49
 1.360000E+02 82 1491 9 2 19 52
 1.400000E+02 87 1489 11 0 20 56
 1.440000E+02 91 1486 10 5 20 56
 1.480000E+02 100 1479 18 5 20 57
 1.520000E+02 95 1479 8 7 21 59
 1.560000E+02 103 1478 15 6 21 61
 1.600000E+02 94 1476 3 7 23 61
 1.640000E+02 97 1472 6 3 23 65
 1.680000E+02 103 1471 9 3 24 67
 1.720000E+02 109 1468 7 6 24 72
 1.760000E+02 109 1468 6 2 24 77
 1.800000E+02 112 1464 6 1 26 79
 1.840000E+02 121 1461 9 6 26 80
 1.880000E+02 117 1461 7 0 28 82
 1.920000E+02 120 1461 7 1 29 83
 1.960000E+02 123 1461 5 3 30 85
 2.000000E+02 121 1458 4 1 31 85

#Simulation ended (eff.: 0.843180, detail below)
	#Events: 3468
	#Valid embedding but no longer unary when required: 0.000000
	#Valid embedding but not binary when required: 0.000000
	#Clashing instance: 0.000000
	#Lazy negative update: 1.000000
	#Lazy negative update of non local instances: 0.000000
	#Perturbation interrupting time advance: 0.000000
