# time 'Cases' 'Susceptible' 'Exposed' 'Infected' 'Removed' 'Deads'
 0.000000E+00 0 700 0 0 0 0
 4.000000E+00 1 700 1 0 0 0
 8.000000E+00 2 700 2 0 0 0
 1.200000E+01 0 700 0 0 0 0
 1.600000E+01 1 700 1 0 0 0
 2.000000E+01 5 700 3 2 0 0
 2.400000E+01 9 699 6 2 0 1
 2.800000E+01 12 696 9 1 0 2
 3.200000E+01 11 694 5 2 0 4
 3.600000E+01 13 694 8 1 0 4
 4.000000E+01 17 694 12 1 0 4
 4.400000E+01 11 694 5 2 0 4
 4.800000E+01 15 693 7 2 1 5
 5.200000E+01 15 689 6 2 1 6
 5.600000E+01 20 685 11 1 1 7
 6.000000E+01 17 685 7 2 1 7
 6.400000E+01 26 681 15 2 2 7
 6.800000E+01 28 680 18 1 2 7
 7.200000E+01 24 679 12 3 2 7
 7.600000E+01 25 676 7 6 3 9
 8.000000E+01 27 676 10 3 5 9
 8.400000E+01 34 673 13 4 6 11
 8.800000E+01 33 671 15 0 6 12
 9.200000E+01 37 669 13 5 7 12
 9.600000E+01 41 666 14 7 8 12
 1.000000E+02 42 663 17 4 8 13
 1.040000E+02 47 660 14 12 8 13
 1.080000E+02 46 654 17 6 8 15
 1.120000E+02 44 653 14 4 9 17
 1.160000E+02 46 651 14 4 9 19
 1.200000E+02 53 649 20 2 9 22
 1.240000E+02 48 648 14 1 9 24
 1.280000E+02 50 648 12 4 10 24
 1.320000E+02 59 647 16 6 11 26
 1.360000E+02 62 639 14 7 13 28
 1.400000E+02 69 635 14 5 19 31
 1.440000E+02 73 631 17 1 22 33
 1.480000E+02 66 629 5 5 23 33
 1.520000E+02 76 625 11 6 23 36
 1.560000E+02 81 620 12 4 26 39
 1.600000E+02 85 620 13 4 26 42
 1.640000E+02 88 618 13 5 27 43
 1.680000E+02 87 616 11 2 28 46
 1.720000E+02 92 614 10 6 28 48
 1.760000E+02 90 612 5 6 29 50
 1.800000E+02 98 610 10 6 31 51
 1.840000E+02 104 607 9 5 32 58
 1.880000E+02 105 607 8 3 34 60
 1.920000E+02 105 607 7 1 35 62
 1.960000E+02 100 607 3 0 35 62
 2.000000E+02 102 607 2 3 35 62

#Simulation ended (eff.: 0.754792, detail below)
	#Events: 3623
	#Valid embedding but no longer unary when required: 0.000000
	#Valid embedding but not binary when required: 0.000000
	#Clashing instance: 0.000000
	#Lazy negative update: 1.000000
	#Lazy negative update of non local instances: 0.000000
	#Perturbation interrupting time advance: 0.000000
