# time 'Cases' 'Susceptible' 'Exposed' 'Infected' 'Removed' 'Deads'
 0.000000E+00 0 4700 0 0 0 0
 4.000000E+00 0 4700 0 0 0 0
 8.000000E+00 2 4700 2 0 0 0
 1.200000E+01 0 4700 0 0 0 0
 1.600000E+01 3 4700 3 0 0 0
 2.000000E+01 1 4700 1 0 0 0
 2.400000E+01 1 4700 1 0 0 0
 2.800000E+01 1 4700 1 0 0 0
 3.200000E+01 3 4700 3 0 0 0
 3.600000E+01 4 4700 4 0 0 0
 4.000000E+01 3 4700 1 2 0 0
 4.400000E+01 6 4697 3 0 1 2
 4.800000E+01 6 4696 2 0 2 2
 5.200000E+01 6 4696 2 0 2 2
 5.600000E+01 6 4696 2 0 2 2
 6.000000E+01 11 4694 4 3 2 2
 6.400000E+01 11 4694 3 0 3 5
 6.800000E+01 9 4694 1 0 3 5
 7.200000E+01 12 4694 3 0 3 6
 7.600000E+01 17 4693 6 2 3 6
 8.000000E+01 12 4692 0 0 4 8
 8.400000E+01 16 4692 3 0 5 8
 8.800000E+01 16 4692 3 0 5 8
 9.200000E+01 18 4692 4 1 5 8
 9.600000E+01 14 4691 0 0 6 8
 1.000000E+02 17 4691 3 0 6 8
 1.040000E+02 17 4691 2 0 6 9
 1.080000E+02 24 4691 8 1 6 9
 1.120000E+02 19 4688 3 0 7 9
 1.160000E+02 26 4687 6 2 9 9
 1.200000E+02 26 4685 6 0 9 11
 1.240000E+02 25 4684 3 2 9 11
 1.280000E+02 28 4684 4 2 10 12
 1.320000E+02 32 4683 6 2 10 14
 1.360000E+02 29 4682 4 1 10 14
 1.400000E+02 28 4681 3 1 10 14
 1.440000E+02 29 4680 4 1 10 14
 1.480000E+02 27 4679 1 1 10 15
 1.520000E+02 29 4678 2 2 10 15
 1.560000E+02 30 4678 4 1 10 15
 1.600000E+02 31 4676 5 0 10 16
 1.640000E+02 30 4676 4 0 10 16
 1.680000E+02 29 4676 2 0 11 16
 1.720000E+02 33 4676 6 0 11 16
 1.760000E+02 28 4676 1 0 11 16
 1.800000E+02 29 4676 2 0 11 16
 1.840000E+02 32 4676 3 2 11 16
 1.880000E+02 32 4676 3 0 11 18
 1.920000E+02 32 4676 3 0 11 18
 1.960000E+02 35 4675 3 2 11 19
 2.000000E+02 32 4675 2 0 11 19

#Simulation ended (eff.: 0.924525, detail below)
	#Events: 4716
	#Valid embedding but no longer unary when required: 0.000000
	#Valid embedding but not binary when required: 0.000000
	#Clashing instance: 0.000000
	#Lazy negative update: 1.000000
	#Lazy negative update of non local instances: 0.000000
	#Perturbation interrupting time advance: 0.000000
