# time 'Cases' 'Susceptible' 'Exposed' 'Infected' 'Removed' 'Deads'
 0.000000E+00 0 15800 0 0 0 0
 4.000000E+00 3 15800 3 0 0 0
 8.000000E+00 2 15800 2 0 0 0
 1.200000E+01 2 15800 2 0 0 0
 1.600000E+01 4 15800 2 2 0 0
 2.000000E+01 7 15799 4 3 0 0
 2.400000E+01 9 15797 4 4 0 1
 2.800000E+01 6 15793 1 3 0 2
 3.200000E+01 7 15788 1 1 2 3
 3.600000E+01 11 15786 4 2 2 3
 4.000000E+01 21 15780 12 4 2 3
 4.400000E+01 26 15775 14 4 3 5
 4.800000E+01 25 15769 13 3 4 5
 5.200000E+01 27 15766 15 2 4 6
 5.600000E+01 26 15766 10 4 6 6
 6.000000E+01 23 15765 6 2 6 9
 6.400000E+01 26 15764 7 1 6 12
 6.800000E+01 29 15763 7 3 6 13
 7.200000E+01 27 15762 6 1 6 14
 7.600000E+01 27 15761 6 0 6 15
 8.000000E+01 25 15761 4 0 6 15
 8.400000E+01 29 15761 7 1 6 15
 8.800000E+01 36 15760 6 7 7 16
 9.200000E+01 43 15753 13 3 7 20
 9.600000E+01 37 15749 7 2 7 21
 1.000000E+02 42 15748 10 3 8 21
 1.040000E+02 46 15746 9 5 10 22
 1.080000E+02 50 15744 9 7 10 24
 1.120000E+02 59 15736 17 6 10 26
 1.160000E+02 57 15734 13 6 11 27
 1.200000E+02 54 15732 10 3 11 30
 1.240000E+02 56 15731 7 5 12 32
 1.280000E+02 54 15730 8 0 13 33
 1.320000E+02 59 15729 7 5 13 34
 1.360000E+02 63 15728 11 3 13 36
 1.400000E+02 67 15723 8 7 15 37
 1.440000E+02 63 15722 4 4 15 40
 1.480000E+02 73 15721 11 3 15 44
 1.520000E+02 77 15717 10 6 15 46
 1.560000E+02 80 15716 11 3 15 51
 1.600000E+02 83 15715 9 4 17 53
 1.640000E+02 90 15713 13 5 17 55
 1.680000E+02 91 15711 9 5 18 59
 1.720000E+02 93 15708 8 5 19 61
 1.760000E+02 93 15703 7 3 20 63
 1.800000E+02 97 15703 11 1 20 65
 1.840000E+02 92 15702 2 4 20 66
 1.880000E+02 94 15702 5 2 20 67
 1.920000E+02 101 15702 5 6 21 69
 1.960000E+02 101 15701 3 3 22 73
 2.000000E+02 101 15700 3 1 23 74

#Simulation ended (eff.: 0.959894, detail below)
	#Events: 15581
	#Valid embedding but no longer unary when required: 0.000000
	#Valid embedding but not binary when required: 0.000000
	#Clashing instance: 0.000000
	#Lazy negative update: 1.000000
	#Lazy negative update of non local instances: 0.000000
	#Perturbation interrupting time advance: 0.000000
