# time 'Cases' 'Susceptible' 'Exposed' 'Infected' 'Removed' 'Deads'
 0.000000E+00 0 15800 0 0 0 0
 4.000000E+00 1 15800 1 0 0 0
 8.000000E+00 0 15800 0 0 0 0
 1.200000E+01 2 15799 1 0 0 1
 1.600000E+01 4 15799 2 1 0 1
 2.000000E+01 5 15796 2 1 0 2
 2.400000E+01 4 15796 2 0 0 2
 2.800000E+01 4 15796 2 0 0 2
 3.200000E+01 6 15796 4 0 0 2
 3.600000E+01 5 15796 2 0 0 3
 4.000000E+01 7 15796 3 0 0 4
 4.400000E+01 10 15795 4 1 0 5
 4.800000E+01 12 15794 7 0 0 5
 5.200000E+01 13 15792 6 2 0 5
 5.600000E+01 12 15792 5 0 0 7
 6.000000E+01 10 15792 3 0 0 7
 6.400000E+01 11 15791 2 2 0 7
 6.800000E+01 14 15786 5 1 0 8
 7.200000E+01 14 15786 4 1 1 8
 7.600000E+01 15 15783 5 1 1 8
 8.000000E+01 20 15781 7 3 1 9
 8.400000E+01 18 15780 3 5 1 9
 8.800000E+01 20 15779 5 2 1 12
 9.200000E+01 21 15776 5 3 1 12
 9.600000E+01 24 15771 7 2 2 13
 1.000000E+02 19 15768 1 3 2 13
 1.040000E+02 27 15767 9 3 2 13
 1.080000E+02 31 15766 12 3 2 14
 1.120000E+02 29 15765 6 4 3 16
 1.160000E+02 30 15762 3 6 4 17
 1.200000E+02 35 15760 9 5 4 17
 1.240000E+02 37 15755 8 5 4 20
 1.280000E+02 37 15753 9 3 4 21
 1.320000E+02 47 15749 16 3 4 24
 1.360000E+02 43 15745 12 1 5 25
 1.400000E+02 46 15741 11 3 5 27
 1.440000E+02 49 15738 13 3 5 28
 1.480000E+02 56 15735 16 3 6 31
 1.520000E+02 58 15733 14 5 7 32
 1.560000E+02 61 15729 14 7 7 33
 1.600000E+02 65 15725 16 5 8 36
 1.640000E+02 71 15722 17 6 9 39
 1.680000E+02 75 15716 16 6 9 44
 1.720000E+02 72 15714 11 4 10 47
 1.760000E+02 74 15712 11 5 10 48
 1.800000E+02 77 15712 10 6 10 51
 1.840000E+02 75 15709 8 4 11 52
 1.880000E+02 72 15708 4 3 11 54
 1.920000E+02 78 15708 7 4 12 55
 1.960000E+02 79 15707 4 4 13 58
 2.000000E+02 81 15705 7 0 13 61

#Simulation ended (eff.: 0.960300, detail below)
	#Events: 15239
	#Valid embedding but no longer unary when required: 0.000000
	#Valid embedding but not binary when required: 0.000000
	#Clashing instance: 0.000000
	#Lazy negative update: 1.000000
	#Lazy negative update of non local instances: 0.000000
	#Perturbation interrupting time advance: 0.000000
