# time 'Cases' 'Susceptible' 'Exposed' 'Infected' 'Removed' 'Deads'
 0.000000E+00 0 1580 0 0 0 0
 4.000000E+00 4 1580 2 1 0 1
 8.000000E+00 6 1578 4 0 0 2
 1.200000E+01 4 1578 2 0 0 2
 1.600000E+01 3 1578 1 0 0 2
 2.000000E+01 6 1578 4 0 0 2
 2.400000E+01 5 1578 2 1 0 2
 2.800000E+01 5 1578 2 0 0 3
 3.200000E+01 5 1578 2 0 0 3
 3.600000E+01 5 1578 2 0 0 3
 4.000000E+01 7 1578 3 1 0 3
 4.400000E+01 7 1578 3 0 1 3
 4.800000E+01 7 1578 2 1 1 3
 5.200000E+01 11 1577 4 2 1 4
 5.600000E+01 12 1576 2 3 2 5
 6.000000E+01 16 1571 6 2 2 6
 6.400000E+01 15 1570 5 2 2 6
 6.800000E+01 22 1570 10 2 2 8
 7.200000E+01 24 1566 8 2 3 11
 7.600000E+01 23 1566 5 1 4 13
 8.000000E+01 24 1564 5 2 4 13
 8.400000E+01 23 1564 4 1 4 14
 8.800000E+01 32 1562 10 1 4 17
 9.200000E+01 35 1561 8 4 6 17
 9.600000E+01 40 1558 11 5 7 17
 1.000000E+02 37 1557 7 1 8 21
 1.040000E+02 42 1556 11 1 8 22
 1.080000E+02 39 1554 5 3 8 23
 1.120000E+02 49 1554 12 5 8 24
 1.160000E+02 50 1550 10 4 8 28
 1.200000E+02 46 1548 6 3 8 29
 1.240000E+02 55 1546 11 2 8 34
 1.280000E+02 51 1544 7 1 8 35
 1.320000E+02 51 1543 6 2 8 35
 1.360000E+02 55 1542 9 2 9 35
 1.400000E+02 51 1541 4 1 10 36
 1.440000E+02 56 1541 4 4 10 38
 1.480000E+02 59 1537 6 3 11 39
 1.520000E+02 60 1536 6 2 11 41
 1.560000E+02 67 1534 9 3 12 43
 1.600000E+02 68 1532 7 3 13 45
 1.640000E+02 68 1527 5 2 13 48
 1.680000E+02 65 1526 3 0 13 49
 1.720000E+02 76 1524 12 2 13 49
 1.760000E+02 77 1521 10 4 13 50
 1.800000E+02 79 1521 6 9 13 51
 1.840000E+02 76 1520 3 6 13 54
 1.880000E+02 77 1517 2 3 15 57
 1.920000E+02 81 1515 6 2 16 57
 1.960000E+02 86 1513 6 5 16 59
 2.000000E+02 84 1513 6 1 16 61

#Simulation ended (eff.: 0.844479, detail below)
	#Events: 2677
	#Valid embedding but no longer unary when required: 0.000000
	#Valid embedding but not binary when required: 0.000000
	#Clashing instance: 0.000000
	#Lazy negative update: 1.000000
	#Lazy negative update of non local instances: 0.000000
	#Perturbation interrupting time advance: 0.000000
