# time 'Cases' 'Susceptible' 'Exposed' 'Infected' 'Removed' 'Deads'
 0.000000E+00 0 1580 0 0 0 0
 4.000000E+00 3 1579 2 0 0 1
 8.000000E+00 8 1574 4 1 0 3
 1.200000E+01 11 1571 6 1 0 4
 1.600000E+01 8 1569 2 0 1 5
 2.000000E+01 13 1569 6 1 1 5
 2.400000E+01 21 1567 13 0 2 6
 2.800000E+01 13 1567 3 1 2 7
 3.200000E+01 17 1567 4 3 3 7
 3.600000E+01 22 1564 8 4 3 7
 4.000000E+01 30 1559 15 2 5 8
 4.400000E+01 25 1555 10 2 5 8
 4.800000E+01 31 1552 15 2 5 9
 5.200000E+01 41 1546 23 4 5 9
 5.600000E+01 43 1541 19 5 5 14
 6.000000E+01 50 1539 20 9 6 15
 6.400000E+01 57 1529 25 9 7 16
 6.800000E+01 72 1519 34 10 9 19
 7.200000E+01 87 1512 39 18 11 19
 7.600000E+01 80 1503 31 12 14 23
 8.000000E+01 96 1487 44 9 17 26
 8.400000E+01 96 1475 37 10 18 31
 8.800000E+01 102 1458 36 11 20 35
 9.200000E+01 113 1449 43 12 20 38
 9.600000E+01 120 1442 41 11 22 46
 1.000000E+02 121 1438 34 14 23 50
 1.040000E+02 130 1431 39 7 28 56
 1.080000E+02 145 1422 39 14 30 62
 1.120000E+02 153 1419 38 13 33 69
 1.160000E+02 164 1409 44 11 34 75
 1.200000E+02 170 1400 41 14 35 80
 1.240000E+02 181 1386 41 15 39 86
 1.280000E+02 192 1376 36 18 41 97
 1.320000E+02 206 1368 41 17 44 104
 1.360000E+02 201 1358 37 8 45 111
 1.400000E+02 207 1351 37 11 48 111
 1.440000E+02 197 1347 21 10 49 117
 1.480000E+02 208 1340 21 14 50 123
 1.520000E+02 228 1328 30 14 53 131
 1.560000E+02 236 1323 30 10 57 139
 1.600000E+02 241 1319 24 11 58 148
 1.640000E+02 257 1316 32 10 58 157
 1.680000E+02 253 1314 26 5 59 163
 1.720000E+02 256 1309 18 10 61 167
 1.760000E+02 258 1306 21 2 63 172
 1.800000E+02 263 1305 14 10 64 175
 1.840000E+02 275 1303 18 12 67 178
 1.880000E+02 279 1300 17 8 68 186
 1.920000E+02 282 1298 16 6 69 191
 1.960000E+02 289 1296 14 10 70 195
 2.000000E+02 287 1296 10 10 71 196

#Simulation ended (eff.: 0.862594, detail below)
	#Events: 7075
	#Valid embedding but no longer unary when required: 0.000000
	#Valid embedding but not binary when required: 0.000000
	#Clashing instance: 0.000000
	#Lazy negative update: 1.000000
	#Lazy negative update of non local instances: 0.000000
	#Perturbation interrupting time advance: 0.000000
