# time 'Cases' 'Susceptible' 'Exposed' 'Infected' 'Removed' 'Deads'
 0.000000E+00 0 470 0 0 0 0
 4.000000E+00 0 470 0 0 0 0
 8.000000E+00 0 470 0 0 0 0
 1.200000E+01 1 470 1 0 0 0
 1.600000E+01 4 470 4 0 0 0
 2.000000E+01 2 470 0 1 1 0
 2.400000E+01 3 469 1 0 1 1
 2.800000E+01 3 468 0 1 1 1
 3.200000E+01 2 468 0 0 1 1
 3.600000E+01 4 468 1 1 1 1
 4.000000E+01 6 468 2 1 1 2
 4.400000E+01 6 467 1 1 1 3
 4.800000E+01 7 465 2 1 1 3
 5.200000E+01 9 464 3 2 1 3
 5.600000E+01 6 464 0 1 2 3
 6.000000E+01 7 460 0 2 2 3
 6.400000E+01 12 460 5 1 2 4
 6.800000E+01 11 456 2 1 3 5
 7.200000E+01 13 453 3 2 3 5
 7.600000E+01 18 448 5 3 4 6
 8.000000E+01 15 448 5 0 4 6
 8.400000E+01 15 448 5 0 4 6
 8.800000E+01 13 448 3 0 4 6
 9.200000E+01 12 447 1 0 4 7
 9.600000E+01 16 447 4 1 4 7
 1.000000E+02 16 447 4 0 4 8
 1.040000E+02 17 446 2 3 4 8
 1.080000E+02 19 446 5 0 5 9
 1.120000E+02 20 445 5 0 5 10
 1.160000E+02 21 444 4 1 5 11
 1.200000E+02 22 444 3 3 5 11
 1.240000E+02 23 444 5 1 5 12
 1.280000E+02 29 444 9 3 5 12
 1.320000E+02 24 444 4 1 5 14
 1.360000E+02 24 444 3 2 5 14
 1.400000E+02 24 444 2 2 5 15
 1.440000E+02 26 442 4 1 5 16
 1.480000E+02 28 441 5 0 6 17
 1.520000E+02 31 441 7 1 6 17
 1.560000E+02 26 441 1 0 7 18
 1.600000E+02 29 440 3 0 7 19
 1.640000E+02 29 439 3 0 7 19
 1.680000E+02 31 439 3 2 7 19
 1.720000E+02 30 438 2 0 8 20
 1.760000E+02 30 438 2 0 8 20
 1.800000E+02 29 438 1 0 8 20
 1.840000E+02 32 438 4 0 8 20
 1.880000E+02 34 437 4 1 8 21
 1.920000E+02 35 437 4 1 9 21
 1.960000E+02 32 437 0 2 9 21
 2.000000E+02 32 437 0 0 9 23

#Simulation ended (eff.: 0.738065, detail below)
	#Events: 1144
	#Valid embedding but no longer unary when required: 0.000000
	#Valid embedding but not binary when required: 0.000000
	#Clashing instance: 0.000000
	#Lazy negative update: 1.000000
	#Lazy negative update of non local instances: 0.000000
	#Perturbation interrupting time advance: 0.000000
