# time 'Cases' 'Susceptible' 'Exposed' 'Infected' 'Removed' 'Deads'
 0.000000E+00 0 470 0 0 0 0
 4.000000E+00 0 470 0 0 0 0
 8.000000E+00 2 470 1 0 0 1
 1.200000E+01 3 470 2 0 0 1
 1.600000E+01 4 470 2 1 0 1
 2.000000E+01 3 470 1 1 0 1
 2.400000E+01 5 468 2 2 0 1
 2.800000E+01 5 466 2 0 0 3
 3.200000E+01 3 465 0 0 0 3
 3.600000E+01 7 465 4 0 0 3
 4.000000E+01 7 464 4 0 0 3
 4.400000E+01 5 464 2 0 0 3
 4.800000E+01 7 464 4 0 0 3
 5.200000E+01 7 464 3 1 0 3
 5.600000E+01 10 463 5 2 0 3
 6.000000E+01 7 462 1 2 0 4
 6.400000E+01 7 461 1 1 1 4
 6.800000E+01 7 460 2 0 1 4
 7.200000E+01 6 460 1 0 1 4
 7.600000E+01 10 460 4 1 1 4
 8.000000E+01 5 460 0 0 1 4
 8.400000E+01 11 460 3 1 3 4
 8.800000E+01 11 460 4 0 3 4
 9.200000E+01 13 459 3 2 3 5
 9.600000E+01 14 457 5 0 4 5
 1.000000E+02 13 457 2 1 5 5
 1.040000E+02 18 457 6 1 5 6
 1.080000E+02 14 456 2 0 6 6
 1.120000E+02 15 456 2 1 6 6
 1.160000E+02 20 454 7 1 6 6
 1.200000E+02 18 453 4 1 7 6
 1.240000E+02 17 453 3 0 8 6
 1.280000E+02 18 453 3 1 8 6
 1.320000E+02 23 453 6 2 8 7
 1.360000E+02 22 452 3 2 8 9
 1.400000E+02 20 451 1 2 8 9
 1.440000E+02 22 450 3 1 9 9
 1.480000E+02 23 449 3 1 10 9
 1.520000E+02 20 448 0 1 10 9
 1.560000E+02 21 447 2 0 10 9
 1.600000E+02 23 447 3 1 10 9
 1.640000E+02 22 446 1 2 10 9
 1.680000E+02 20 446 1 0 10 9
 1.720000E+02 20 446 1 0 10 9
 1.760000E+02 23 446 2 1 10 10
 1.800000E+02 25 445 5 0 10 10
 1.840000E+02 23 445 3 0 10 10
 1.880000E+02 22 445 2 0 10 10
 1.920000E+02 25 445 5 0 10 10
 1.960000E+02 25 445 4 1 10 10
 2.000000E+02 23 444 1 1 10 11

#Simulation ended (eff.: 0.746441, detail below)
	#Events: 1101
	#Valid embedding but no longer unary when required: 0.000000
	#Valid embedding but not binary when required: 0.000000
	#Clashing instance: 0.000000
	#Lazy negative update: 1.000000
	#Lazy negative update of non local instances: 0.000000
	#Perturbation interrupting time advance: 0.000000
