# time 'Cases' 'Susceptible' 'Exposed' 'Infected' 'Removed' 'Deads'
 0.000000E+00 0 470 0 0 0 0
 4.000000E+00 4 469 2 2 0 0
 8.000000E+00 2 466 1 1 0 0
 1.200000E+01 1 466 0 0 0 1
 1.600000E+01 1 465 0 0 0 1
 2.000000E+01 2 465 0 1 0 1
 2.400000E+01 3 464 0 1 0 2
 2.800000E+01 3 463 1 0 0 2
 3.200000E+01 6 461 3 0 0 3
 3.600000E+01 7 460 4 0 0 3
 4.000000E+01 5 460 1 1 0 3
 4.400000E+01 5 460 2 0 0 3
 4.800000E+01 8 460 5 0 0 3
 5.200000E+01 9 460 4 2 0 3
 5.600000E+01 8 460 2 3 0 3
 6.000000E+01 12 459 6 0 1 5
 6.400000E+01 11 458 2 2 2 5
 6.800000E+01 15 457 5 0 4 6
 7.200000E+01 16 456 5 1 4 6
 7.600000E+01 16 456 5 0 5 6
 8.000000E+01 16 456 5 0 5 6
 8.400000E+01 17 456 6 0 5 6
 8.800000E+01 12 456 0 0 5 7
 9.200000E+01 18 456 4 1 5 8
 9.600000E+01 16 456 2 0 5 9
 1.000000E+02 18 455 2 2 5 9
 1.040000E+02 21 455 4 2 6 9
 1.080000E+02 21 454 4 1 6 10
 1.120000E+02 22 452 3 3 6 10
 1.160000E+02 24 451 4 3 6 11
 1.200000E+02 21 450 2 0 6 13
 1.240000E+02 26 450 5 1 6 14
 1.280000E+02 21 450 0 0 6 15
 1.320000E+02 25 450 3 1 6 15
 1.360000E+02 26 450 5 0 6 15
 1.400000E+02 23 450 2 0 6 15
 1.440000E+02 23 450 2 0 6 15
 1.480000E+02 22 450 1 0 6 15
 1.520000E+02 23 450 1 0 6 16
 1.560000E+02 22 450 0 0 6 16
 1.600000E+02 23 450 1 0 6 16
 1.640000E+02 23 450 0 1 6 16
 1.680000E+02 22 450 0 0 6 16
 1.720000E+02 23 450 1 0 6 16
 1.760000E+02 22 450 0 0 6 16
 1.800000E+02 23 450 1 0 6 16
 1.840000E+02 23 450 1 0 6 16
 1.880000E+02 23 450 1 0 6 16
 1.920000E+02 23 450 0 0 7 16
 1.960000E+02 23 450 0 0 7 16
 2.000000E+02 24 450 1 0 7 16

#Simulation ended (eff.: 0.733852, detail below)
	#Events: 943
	#Valid embedding but no longer unary when required: 0.000000
	#Valid embedding but not binary when required: 0.000000
	#Clashing instance: 0.000000
	#Lazy negative update: 1.000000
	#Lazy negative update of non local instances: 0.000000
	#Perturbation interrupting time advance: 0.000000
