# time 'Cases' 'Susceptible' 'Exposed' 'Infected' 'Removed' 'Deads'
 0.000000E+00 0 4700 0 0 0 0
 4.000000E+00 3 4700 1 2 0 0
 8.000000E+00 1 4700 0 0 0 1
 1.200000E+01 3 4699 2 0 0 1
 1.600000E+01 5 4699 4 0 0 1
 2.000000E+01 2 4699 1 0 0 1
 2.400000E+01 5 4699 3 1 0 1
 2.800000E+01 4 4698 3 0 0 1
 3.200000E+01 6 4698 2 2 0 2
 3.600000E+01 7 4698 3 1 1 2
 4.000000E+01 7 4698 3 1 1 2
 4.400000E+01 10 4697 6 1 1 2
 4.800000E+01 7 4696 2 0 2 3
 5.200000E+01 10 4695 4 1 2 3
 5.600000E+01 12 4694 5 1 2 4
 6.000000E+01 13 4692 5 2 2 4
 6.400000E+01 16 4690 8 2 2 4
 6.800000E+01 17 4687 7 3 2 5
 7.200000E+01 19 4683 6 1 4 8
 7.600000E+01 26 4681 10 3 4 9
 8.000000E+01 25 4680 10 2 4 9
 8.400000E+01 27 4678 10 3 5 9
 8.800000E+01 26 4678 10 1 5 10
 9.200000E+01 33 4677 12 3 6 12
 9.600000E+01 31 4674 9 2 7 13
 1.000000E+02 38 4674 13 3 8 14
 1.040000E+02 42 4671 11 6 9 16
 1.080000E+02 47 4671 13 3 10 21
 1.120000E+02 51 4662 13 3 10 25
 1.160000E+02 47 4660 10 1 11 25
 1.200000E+02 56 4659 16 2 12 26
 1.240000E+02 53 4658 9 3 12 29
 1.280000E+02 63 4656 17 5 12 29
 1.320000E+02 61 4654 10 7 13 31
 1.360000E+02 58 4652 7 1 15 35
 1.400000E+02 64 4651 12 2 15 35
 1.440000E+02 67 4648 11 3 16 37
 1.480000E+02 65 4645 7 3 16 39
 1.520000E+02 69 4643 10 2 18 39
 1.560000E+02 72 4643 9 4 18 41
 1.600000E+02 69 4643 6 2 18 43
 1.640000E+02 77 4641 11 2 18 46
 1.680000E+02 70 4641 4 0 19 47
 1.720000E+02 81 4640 9 5 19 48
 1.760000E+02 76 4638 5 3 20 48
 1.800000E+02 79 4635 5 4 22 48
 1.840000E+02 83 4634 9 2 22 50
 1.880000E+02 80 4634 2 3 24 51
 1.920000E+02 85 4634 8 1 25 51
 1.960000E+02 87 4632 8 2 25 52
 2.000000E+02 85 4632 4 1 28 52

#Simulation ended (eff.: 0.898599, detail below)
	#Events: 5964
	#Valid embedding but no longer unary when required: 0.000000
	#Valid embedding but not binary when required: 0.000000
	#Clashing instance: 0.000000
	#Lazy negative update: 1.000000
	#Lazy negative update of non local instances: 0.000000
	#Perturbation interrupting time advance: 0.000000
