# time 'Cases' 'Susceptible' 'Exposed' 'Infected' 'Removed' 'Deads'
 0.000000E+00 10 10000 0 10 0 0
 4.000000E+00 20 9986 10 8 1 1
 8.000000E+00 27 9976 17 6 1 3
 1.200000E+01 26 9970 16 4 1 5
 1.600000E+01 26 9965 14 3 3 6
 2.000000E+01 31 9962 13 8 3 7
 2.400000E+01 46 9951 21 8 3 14
 2.800000E+01 51 9943 22 4 5 20
 3.200000E+01 57 9939 24 5 7 21
 3.600000E+01 63 9930 21 11 7 24
 4.000000E+01 78 9918 30 13 11 24
 4.400000E+01 85 9906 33 9 14 29
 4.800000E+01 98 9893 33 13 18 34
 5.200000E+01 118 9876 41 18 22 37
 5.600000E+01 133 9860 50 15 26 42
 6.000000E+01 139 9845 47 15 30 47
 6.400000E+01 152 9835 46 18 32 56
 6.800000E+01 165 9820 40 24 40 61
 7.200000E+01 194 9794 53 27 45 69
 7.600000E+01 204 9776 49 21 55 79
 8.000000E+01 225 9754 54 19 61 91
 8.400000E+01 248 9736 69 18 63 98
 8.800000E+01 268 9721 63 30 67 108
 9.200000E+01 278 9702 53 33 71 121
 9.600000E+01 313 9673 72 26 76 139
 1.000000E+02 337 9653 70 30 83 154
 1.040000E+02 347 9638 66 26 86 169
 1.080000E+02 380 9616 70 39 91 180
 1.120000E+02 396 9591 76 31 97 192
 1.160000E+02 426 9564 84 34 104 204
 1.200000E+02 442 9537 82 27 114 219
 1.240000E+02 481 9513 93 36 119 233
 1.280000E+02 501 9485 88 44 121 248
 1.320000E+02 526 9460 93 29 131 273
 1.360000E+02 534 9435 72 37 135 290
 1.400000E+02 562 9415 74 39 141 308
 1.440000E+02 594 9388 81 39 151 323
 1.480000E+02 622 9364 91 33 159 339
 1.520000E+02 634 9338 83 31 164 356
 1.560000E+02 651 9321 76 26 171 378
 1.600000E+02 671 9307 70 31 173 397
 1.640000E+02 675 9298 53 36 179 407
 1.680000E+02 683 9285 43 32 183 425
 1.720000E+02 707 9278 49 31 186 441
 1.760000E+02 723 9259 51 27 191 454
 1.800000E+02 734 9250 48 27 194 465
 1.840000E+02 744 9237 38 26 198 482
 1.880000E+02 752 9228 38 21 204 489
 1.920000E+02 775 9223 42 28 207 498
 1.960000E+02 781 9213 40 17 210 514
 2.000000E+02 789 9206 34 18 215 522

#Simulation ended (eff.: 0.932548, detail below)
	#Events: 20019
	#Valid embedding but no longer unary when required: 0.000000
	#Valid embedding but not binary when required: 0.000000
	#Clashing instance: 0.000000
	#Lazy negative update: 1.000000
	#Lazy negative update of non local instances: 0.000000
	#Perturbation interrupting time advance: 0.000000
