# time 'Cases' 'Susceptible' 'Exposed' 'Infected' 'Removed' 'Deads'
 0.000000E+00 0 470 0 0 0 0
 4.000000E+00 1 470 0 1 0 0
 8.000000E+00 1 470 1 0 0 0
 1.200000E+01 2 470 2 0 0 0
 1.600000E+01 4 470 3 1 0 0
 2.000000E+01 3 470 2 0 0 1
 2.400000E+01 3 470 1 1 0 1
 2.800000E+01 7 469 4 2 0 1
 3.200000E+01 5 467 4 0 0 1
 3.600000E+01 4 467 3 0 0 1
 4.000000E+01 3 467 2 0 0 1
 4.400000E+01 7 467 4 2 0 1
 4.800000E+01 7 464 3 1 0 3
 5.200000E+01 6 463 3 0 0 3
 5.600000E+01 6 462 2 1 0 3
 6.000000E+01 8 461 5 0 0 3
 6.400000E+01 7 461 3 1 0 3
 6.800000E+01 10 461 7 0 0 3
 7.200000E+01 9 461 5 1 0 3
 7.600000E+01 10 460 5 2 0 3
 8.000000E+01 16 460 11 1 1 3
 8.400000E+01 19 457 12 2 1 4
 8.800000E+01 22 455 13 3 1 5
 9.200000E+01 26 452 14 3 1 8
 9.600000E+01 31 446 15 5 2 9
 1.000000E+02 26 443 6 7 2 11
 1.040000E+02 36 441 15 4 3 14
 1.080000E+02 29 437 6 2 3 18
 1.120000E+02 38 433 12 2 4 20
 1.160000E+02 44 428 16 2 5 21
 1.200000E+02 40 426 9 4 6 21
 1.240000E+02 48 423 13 5 7 23
 1.280000E+02 41 422 7 2 7 25
 1.320000E+02 52 421 14 3 8 27
 1.360000E+02 51 417 5 6 9 31
 1.400000E+02 64 409 12 5 9 38
 1.440000E+02 60 404 8 1 9 42
 1.480000E+02 66 404 11 3 9 43
 1.520000E+02 70 404 13 3 9 45
 1.560000E+02 70 404 7 4 12 47
 1.600000E+02 77 399 10 5 13 49
 1.640000E+02 79 397 12 2 13 52
 1.680000E+02 80 395 11 1 14 54
 1.720000E+02 77 394 5 2 14 56
 1.760000E+02 80 392 7 1 15 57
 1.800000E+02 83 389 8 2 15 58
 1.840000E+02 88 388 10 4 16 58
 1.880000E+02 83 388 6 1 17 59
 1.920000E+02 84 387 4 2 18 60
 1.960000E+02 89 387 9 1 18 61
 2.000000E+02 85 387 4 1 18 62

#Simulation ended (eff.: 0.777337, detail below)
	#Events: 2353
	#Valid embedding but no longer unary when required: 0.000000
	#Valid embedding but not binary when required: 0.000000
	#Clashing instance: 0.000000
	#Lazy negative update: 1.000000
	#Lazy negative update of non local instances: 0.000000
	#Perturbation interrupting time advance: 0.000000
