# time 'Cases' 'Susceptible' 'Exposed' 'Infected' 'Removed' 'Deads'
 0.000000E+00 0 700 0 0 0 0
 4.000000E+00 1 700 0 1 0 0
 8.000000E+00 0 700 0 0 0 0
 1.200000E+01 3 700 3 0 0 0
 1.600000E+01 3 699 2 1 0 0
 2.000000E+01 3 699 1 1 1 0
 2.400000E+01 3 699 0 1 1 1
 2.800000E+01 3 699 1 0 1 1
 3.200000E+01 9 698 6 1 1 1
 3.600000E+01 9 697 5 1 1 2
 4.000000E+01 8 695 3 2 1 2
 4.400000E+01 8 695 4 0 2 2
 4.800000E+01 12 695 6 2 2 2
 5.200000E+01 8 692 3 1 2 2
 5.600000E+01 10 692 5 0 2 3
 6.000000E+01 15 690 7 1 2 5
 6.400000E+01 9 687 1 0 2 6
 6.800000E+01 16 687 5 2 2 7
 7.200000E+01 19 685 7 2 3 7
 7.600000E+01 17 685 4 1 4 8
 8.000000E+01 17 680 2 3 4 8
 8.400000E+01 24 679 8 2 4 10
 8.800000E+01 30 677 12 2 4 12
 9.200000E+01 26 676 7 1 5 13
 9.600000E+01 27 675 7 2 5 13
 1.000000E+02 27 674 4 1 7 15
 1.040000E+02 29 674 6 0 7 16
 1.080000E+02 38 672 12 3 7 16
 1.120000E+02 39 671 11 3 8 17
 1.160000E+02 34 669 6 1 8 19
 1.200000E+02 34 669 4 2 8 20
 1.240000E+02 34 669 4 1 8 21
 1.280000E+02 36 668 4 2 9 21
 1.320000E+02 38 668 6 2 9 21
 1.360000E+02 35 668 4 1 9 21
 1.400000E+02 40 668 6 3 9 22
 1.440000E+02 41 667 3 5 9 24
 1.480000E+02 41 667 6 1 9 25
 1.520000E+02 43 666 8 1 9 25
 1.560000E+02 42 666 6 1 9 26
 1.600000E+02 41 665 3 3 9 26
 1.640000E+02 47 663 7 3 11 26
 1.680000E+02 42 663 2 1 12 27
 1.720000E+02 44 661 3 1 12 28
 1.760000E+02 45 660 3 2 12 28
 1.800000E+02 46 660 5 0 12 29
 1.840000E+02 47 660 3 2 12 30
 1.880000E+02 50 657 4 3 12 31
 1.920000E+02 52 656 6 0 12 34
 1.960000E+02 49 656 2 0 13 34
 2.000000E+02 49 656 2 0 13 34

#Simulation ended (eff.: 0.717520, detail below)
	#Events: 2060
	#Valid embedding but no longer unary when required: 0.000000
	#Valid embedding but not binary when required: 0.000000
	#Clashing instance: 0.000000
	#Lazy negative update: 1.000000
	#Lazy negative update of non local instances: 0.000000
	#Perturbation interrupting time advance: 0.000000
