# time 'Cases' 'Susceptible' 'Exposed' 'Infected' 'Removed' 'Deads'
 0.000000E+00 0 1580 0 0 0 0
 4.000000E+00 3 1580 2 1 0 0
 8.000000E+00 5 1580 4 0 0 1
 1.200000E+01 5 1579 4 0 0 1
 1.600000E+01 5 1579 4 0 0 1
 2.000000E+01 7 1578 5 1 0 1
 2.400000E+01 10 1578 8 0 0 2
 2.800000E+01 9 1577 5 1 0 3
 3.200000E+01 15 1577 9 2 0 4
 3.600000E+01 17 1575 10 2 0 5
 4.000000E+01 16 1574 7 4 0 5
 4.400000E+01 23 1570 13 4 1 5
 4.800000E+01 32 1563 18 5 1 8
 5.200000E+01 32 1558 16 6 1 9
 5.600000E+01 33 1554 19 3 1 10
 6.000000E+01 29 1552 13 2 1 13
 6.400000E+01 36 1550 15 4 3 14
 6.800000E+01 40 1550 15 5 3 17
 7.200000E+01 49 1544 19 6 4 20
 7.600000E+01 65 1536 26 10 7 22
 8.000000E+01 67 1529 22 12 9 24
 8.400000E+01 74 1515 18 16 11 29
 8.800000E+01 87 1502 30 13 12 32
 9.200000E+01 93 1490 31 9 15 38
 9.600000E+01 92 1480 25 7 18 42
 1.000000E+02 96 1474 28 2 19 47
 1.040000E+02 103 1472 28 9 19 47
 1.080000E+02 113 1460 29 10 22 52
 1.120000E+02 124 1455 33 11 24 56
 1.160000E+02 128 1449 22 18 27 61
 1.200000E+02 148 1434 34 19 31 64
 1.240000E+02 160 1427 39 12 34 75
 1.280000E+02 161 1420 33 12 38 78
 1.320000E+02 168 1408 32 10 40 86
 1.360000E+02 185 1401 38 11 44 92
 1.400000E+02 183 1395 29 12 48 94
 1.440000E+02 186 1391 22 9 52 103
 1.480000E+02 208 1383 40 5 52 111
 1.520000E+02 199 1381 20 14 53 112
 1.560000E+02 212 1376 23 12 54 123
 1.600000E+02 220 1373 20 11 57 132
 1.640000E+02 227 1364 22 8 59 138
 1.680000E+02 234 1362 16 15 60 143
 1.720000E+02 238 1359 19 9 62 148
 1.760000E+02 241 1353 18 7 64 152
 1.800000E+02 250 1351 22 9 67 152
 1.840000E+02 247 1349 16 6 68 157
 1.880000E+02 253 1348 18 5 69 161
 1.920000E+02 266 1341 22 8 71 165
 1.960000E+02 272 1337 22 9 73 168
 2.000000E+02 272 1335 15 9 74 174

#Simulation ended (eff.: 0.855756, detail below)
	#Events: 6081
	#Valid embedding but no longer unary when required: 0.000000
	#Valid embedding but not binary when required: 0.000000
	#Clashing instance: 0.000000
	#Lazy negative update: 1.000000
	#Lazy negative update of non local instances: 0.000000
	#Perturbation interrupting time advance: 0.000000
