# time 'Cases' 'Susceptible' 'Exposed' 'Infected' 'Removed' 'Deads'
 0.000000E+00 10 100000 0 10 0 0
 4.000000E+00 14 99993 6 3 2 3
 8.000000E+00 12 99990 5 1 2 4
 1.200000E+01 15 99990 7 1 3 4
 1.600000E+01 14 99990 5 1 3 5
 2.000000E+01 16 99987 5 3 3 5
 2.400000E+01 21 99985 8 5 3 5
 2.800000E+01 23 99982 9 2 4 8
 3.200000E+01 24 99980 8 2 6 8
 3.600000E+01 28 99979 10 3 6 9
 4.000000E+01 28 99976 7 4 7 10
 4.400000E+01 33 99975 10 3 9 11
 4.800000E+01 35 99973 10 5 9 11
 5.200000E+01 35 99969 7 6 11 11
 5.600000E+01 40 99963 7 7 13 13
 6.000000E+01 37 99961 6 2 14 15
 6.400000E+01 41 99959 9 0 16 16
 6.800000E+01 41 99959 6 2 16 17
 7.200000E+01 44 99955 6 5 16 17
 7.600000E+01 46 99952 7 2 16 21
 8.000000E+01 41 99952 2 1 16 22
 8.400000E+01 46 99950 4 2 17 23
 8.800000E+01 54 99949 10 3 18 23
 9.200000E+01 54 99947 9 3 18 24
 9.600000E+01 59 99944 11 2 19 27
 1.000000E+02 60 99942 11 1 19 29
 1.040000E+02 65 99940 12 4 19 30
 1.080000E+02 67 99934 11 2 20 34
 1.120000E+02 68 99933 8 6 20 34
 1.160000E+02 70 99931 7 6 20 37
 1.200000E+02 72 99926 8 2 21 41
 1.240000E+02 75 99923 9 1 22 43
 1.280000E+02 80 99921 10 4 22 44
 1.320000E+02 81 99920 9 5 22 45
 1.360000E+02 81 99920 4 5 23 49
 1.400000E+02 84 99918 4 5 24 51
 1.440000E+02 87 99914 5 3 24 55
 1.480000E+02 88 99914 5 3 24 56
 1.520000E+02 91 99912 6 3 25 57
 1.560000E+02 94 99910 8 3 26 57
 1.600000E+02 94 99908 7 1 26 60
 1.640000E+02 100 99901 9 2 26 63
 1.680000E+02 101 99897 10 1 26 64
 1.720000E+02 101 99896 6 3 26 66
 1.760000E+02 99 99893 4 2 26 67
 1.800000E+02 102 99893 4 2 27 69
 1.840000E+02 107 99892 4 5 28 70
 1.880000E+02 110 99891 5 5 28 72
 1.920000E+02 113 99887 8 3 28 74
 1.960000E+02 114 99886 6 4 28 76
 2.000000E+02 114 99884 4 2 31 77

#Simulation ended (eff.: 0.992041, detail below)
	#Events: 88243
	#Valid embedding but no longer unary when required: 0.000000
	#Valid embedding but not binary when required: 0.000000
	#Clashing instance: 0.000000
	#Lazy negative update: 1.000000
	#Lazy negative update of non local instances: 0.000000
	#Perturbation interrupting time advance: 0.000000
