# time 'Cases' 'Susceptible' 'Exposed' 'Infected' 'Removed' 'Deads'
 0.000000E+00 0 15800 0 0 0 0
 4.000000E+00 0 15800 0 0 0 0
 8.000000E+00 4 15800 4 0 0 0
 1.200000E+01 1 15800 1 0 0 0
 1.600000E+01 3 15800 2 1 0 0
 2.000000E+01 4 15798 3 1 0 0
 2.400000E+01 4 15797 1 3 0 0
 2.800000E+01 7 15794 3 4 0 0
 3.200000E+01 13 15789 8 3 1 1
 3.600000E+01 13 15788 6 3 2 2
 4.000000E+01 12 15786 5 1 3 3
 4.400000E+01 10 15786 3 0 3 4
 4.800000E+01 9 15786 2 0 3 4
 5.200000E+01 12 15786 4 0 4 4
 5.600000E+01 13 15786 3 1 4 5
 6.000000E+01 15 15785 4 1 4 6
 6.400000E+01 15 15785 3 0 4 8
 6.800000E+01 14 15784 2 0 4 8
 7.200000E+01 16 15784 4 0 4 8
 7.600000E+01 15 15784 3 0 4 8
 8.000000E+01 21 15782 6 3 4 8
 8.400000E+01 20 15781 3 4 5 8
 8.800000E+01 18 15780 2 2 5 9
 9.200000E+01 18 15779 3 0 5 10
 9.600000E+01 17 15778 1 1 5 10
 1.000000E+02 23 15774 6 2 5 10
 1.040000E+02 17 15774 2 0 5 10
 1.080000E+02 22 15773 4 2 5 11
 1.120000E+02 22 15773 2 2 6 12
 1.160000E+02 24 15773 3 3 6 12
 1.200000E+02 24 15773 3 1 6 14
 1.240000E+02 25 15772 3 2 6 14
 1.280000E+02 29 15766 5 3 7 14
 1.320000E+02 30 15765 5 1 8 16
 1.360000E+02 35 15762 5 4 8 18
 1.400000E+02 34 15760 2 2 9 21
 1.440000E+02 38 15759 5 1 10 22
 1.480000E+02 37 15758 4 1 10 22
 1.520000E+02 37 15755 2 2 10 23
 1.560000E+02 37 15755 2 1 11 23
 1.600000E+02 39 15755 2 1 11 25
 1.640000E+02 40 15754 1 3 11 25
 1.680000E+02 41 15754 3 1 11 26
 1.720000E+02 42 15753 3 1 11 27
 1.760000E+02 44 15753 4 2 11 27
 1.800000E+02 42 15753 2 2 11 27
 1.840000E+02 40 15753 1 0 11 28
 1.880000E+02 41 15752 0 1 12 28
 1.920000E+02 42 15752 1 1 12 28
 1.960000E+02 41 15752 0 0 12 29
 2.000000E+02 43 15752 1 0 12 30

#Simulation ended (eff.: 0.972138, detail below)
	#Events: 14375
	#Valid embedding but no longer unary when required: 0.000000
	#Valid embedding but not binary when required: 0.000000
	#Clashing instance: 0.000000
	#Lazy negative update: 1.000000
	#Lazy negative update of non local instances: 0.000000
	#Perturbation interrupting time advance: 0.000000
