# time 'Cases' 'Susceptible' 'Exposed' 'Infected' 'Removed' 'Deads'
 0.000000E+00 0 470 0 0 0 0
 4.000000E+00 1 470 1 0 0 0
 8.000000E+00 1 470 1 0 0 0
 1.200000E+01 2 470 2 0 0 0
 1.600000E+01 2 469 2 0 0 0
 2.000000E+01 0 469 0 0 0 0
 2.400000E+01 4 468 3 1 0 0
 2.800000E+01 5 468 2 1 1 1
 3.200000E+01 5 468 1 0 2 2
 3.600000E+01 5 468 1 0 2 2
 4.000000E+01 4 468 0 0 2 2
 4.400000E+01 7 468 2 1 2 2
 4.800000E+01 6 468 1 0 2 3
 5.200000E+01 6 467 1 0 2 3
 5.600000E+01 6 467 1 0 2 3
 6.000000E+01 5 467 0 0 2 3
 6.400000E+01 7 467 2 0 2 3
 6.800000E+01 8 467 2 1 2 3
 7.200000E+01 7 466 1 1 2 3
 7.600000E+01 12 466 5 1 3 3
 8.000000E+01 8 466 0 1 3 4
 8.400000E+01 10 465 2 1 3 4
 8.800000E+01 11 465 2 2 3 4
 9.200000E+01 12 464 2 1 3 6
 9.600000E+01 13 463 3 0 3 7
 1.000000E+02 14 461 4 0 3 7
 1.040000E+02 14 460 3 1 3 7
 1.080000E+02 12 460 0 1 3 8
 1.120000E+02 15 460 2 2 3 8
 1.160000E+02 12 458 0 0 3 9
 1.200000E+02 20 457 8 0 3 9
 1.240000E+02 15 457 3 0 3 9
 1.280000E+02 12 457 0 0 3 9
 1.320000E+02 15 457 1 2 3 9
 1.360000E+02 19 457 5 1 3 10
 1.400000E+02 16 455 1 2 3 10
 1.440000E+02 17 454 2 0 4 11
 1.480000E+02 17 453 2 0 4 11
 1.520000E+02 21 453 6 0 4 11
 1.560000E+02 16 453 1 0 4 11
 1.600000E+02 16 453 1 0 4 11
 1.640000E+02 18 453 2 1 4 11
 1.680000E+02 18 452 1 1 4 12
 1.720000E+02 17 451 0 1 4 12
 1.760000E+02 19 451 1 1 5 12
 1.800000E+02 21 451 2 0 6 13
 1.840000E+02 20 451 1 0 6 13
 1.880000E+02 23 449 4 0 6 13
 1.920000E+02 21 449 2 0 6 13
 1.960000E+02 22 449 2 0 7 13
 2.000000E+02 22 449 2 0 7 13

#Simulation ended (eff.: 0.736402, detail below)
	#Events: 880
	#Valid embedding but no longer unary when required: 0.000000
	#Valid embedding but not binary when required: 0.000000
	#Clashing instance: 0.000000
	#Lazy negative update: 1.000000
	#Lazy negative update of non local instances: 0.000000
	#Perturbation interrupting time advance: 0.000000
