# time 'Cases' 'Susceptible' 'Exposed' 'Infected' 'Removed' 'Deads'
 0.000000E+00 0 7000 0 0 0 0
 4.000000E+00 0 7000 0 0 0 0
 8.000000E+00 0 7000 0 0 0 0
 1.200000E+01 0 7000 0 0 0 0
 1.600000E+01 0 7000 0 0 0 0
 2.000000E+01 1 7000 1 0 0 0
 2.400000E+01 3 6999 1 2 0 0
 2.800000E+01 7 6997 5 1 0 1
 3.200000E+01 3 6996 0 1 0 2
 3.600000E+01 8 6993 6 0 0 2
 4.000000E+01 8 6991 5 1 0 2
 4.400000E+01 7 6990 4 1 0 2
 4.800000E+01 7 6990 5 0 0 2
 5.200000E+01 8 6990 5 1 0 2
 5.600000E+01 12 6989 6 2 1 3
 6.000000E+01 16 6988 9 3 1 3
 6.400000E+01 12 6987 5 0 2 5
 6.800000E+01 20 6986 12 1 2 5
 7.200000E+01 13 6985 4 1 3 5
 7.600000E+01 21 6985 11 0 4 6
 8.000000E+01 30 6984 15 4 4 7
 8.400000E+01 31 6981 13 6 4 8
 8.800000E+01 39 6977 18 5 5 11
 9.200000E+01 31 6974 12 3 5 11
 9.600000E+01 39 6969 17 4 5 13
 1.000000E+02 40 6968 10 8 6 16
 1.040000E+02 50 6963 18 5 7 20
 1.080000E+02 50 6958 11 8 9 22
 1.120000E+02 59 6954 19 6 11 23
 1.160000E+02 51 6954 12 2 12 25
 1.200000E+02 55 6951 9 3 15 28
 1.240000E+02 62 6949 13 4 15 30
 1.280000E+02 63 6945 10 5 16 32
 1.320000E+02 69 6942 12 5 17 35
 1.360000E+02 73 6937 12 5 18 38
 1.400000E+02 78 6936 14 6 19 39
 1.440000E+02 85 6934 15 8 19 43
 1.480000E+02 83 6931 11 6 21 45
 1.520000E+02 85 6928 10 4 22 49
 1.560000E+02 84 6925 9 3 22 50
 1.600000E+02 88 6923 13 2 23 50
 1.640000E+02 94 6923 11 8 24 51
 1.680000E+02 95 6921 11 5 24 55
 1.720000E+02 94 6921 8 2 24 60
 1.760000E+02 97 6920 9 2 25 61
 1.800000E+02 98 6920 8 2 26 62
 1.840000E+02 97 6920 4 4 26 63
 1.880000E+02 103 6918 10 3 26 64
 1.920000E+02 108 6916 11 6 26 65
 1.960000E+02 108 6911 7 8 26 67
 2.000000E+02 111 6907 11 4 27 69

#Simulation ended (eff.: 0.884788, detail below)
	#Events: 8678
	#Valid embedding but no longer unary when required: 0.000000
	#Valid embedding but not binary when required: 0.000000
	#Clashing instance: 0.000000
	#Lazy negative update: 1.000000
	#Lazy negative update of non local instances: 0.000000
	#Perturbation interrupting time advance: 0.000000
