# time 'Cases' 'Susceptible' 'Exposed' 'Infected' 'Removed' 'Deads'
 0.000000E+00 10 100000 0 10 0 0
 4.000000E+00 13 99995 3 5 2 3
 8.000000E+00 18 99989 7 2 3 6
 1.200000E+01 17 99986 6 1 3 7
 1.600000E+01 26 99983 13 3 3 7
 2.000000E+01 22 99979 9 1 3 9
 2.400000E+01 27 99977 10 5 3 9
 2.800000E+01 24 99976 7 4 4 9
 3.200000E+01 29 99975 13 2 5 9
 3.600000E+01 27 99974 10 2 6 9
 4.000000E+01 31 99971 14 2 6 9
 4.400000E+01 43 99966 23 2 8 10
 4.800000E+01 44 99963 17 5 11 11
 5.200000E+01 52 99961 21 3 12 16
 5.600000E+01 61 99957 23 9 12 17
 6.000000E+01 73 99946 27 12 13 21
 6.400000E+01 86 99928 33 13 15 25
 6.800000E+01 104 99908 44 12 16 32
 7.200000E+01 122 99888 55 12 18 37
 7.600000E+01 135 99870 48 23 20 44
 8.000000E+01 149 99852 49 24 21 55
 8.400000E+01 166 99838 51 23 27 65
 8.800000E+01 176 99817 51 21 30 74
 9.200000E+01 192 99804 58 14 35 85
 9.600000E+01 203 99794 53 16 38 96
 1.000000E+02 222 99782 55 26 39 102
 1.040000E+02 229 99758 44 25 46 114
 1.080000E+02 238 99746 44 19 51 124
 1.120000E+02 257 99730 51 20 55 131
 1.160000E+02 278 99717 51 27 58 142
 1.200000E+02 299 99699 61 28 64 146
 1.240000E+02 314 99676 55 21 74 164
 1.280000E+02 338 99660 57 27 82 172
 1.320000E+02 343 99647 51 20 88 184
 1.360000E+02 364 99632 57 19 93 195
 1.400000E+02 372 99618 47 16 102 207
 1.440000E+02 384 99612 42 21 104 217
 1.480000E+02 387 99604 34 20 108 225
 1.520000E+02 403 99591 40 18 111 234
 1.560000E+02 425 99579 45 14 117 249
 1.600000E+02 435 99565 41 22 118 254
 1.640000E+02 439 99559 41 14 124 260
 1.680000E+02 452 99546 39 20 126 267
 1.720000E+02 464 99537 36 22 131 275
 1.760000E+02 464 99525 28 16 137 283
 1.800000E+02 479 99515 32 17 140 290
 1.840000E+02 484 99508 29 16 143 296
 1.880000E+02 493 99502 28 14 148 303
 1.920000E+02 494 99495 17 14 149 314
 1.960000E+02 513 99478 27 17 152 317
 2.000000E+02 530 99468 37 11 155 327

#Simulation ended (eff.: 0.986533, detail below)
	#Events: 93911
	#Valid embedding but no longer unary when required: 0.000000
	#Valid embedding but not binary when required: 0.000000
	#Clashing instance: 0.000000
	#Lazy negative update: 1.000000
	#Lazy negative update of non local instances: 0.000000
	#Perturbation interrupting time advance: 0.000000
