# time 'Cases' 'Susceptible' 'Exposed' 'Infected' 'Removed' 'Deads'
 0.000000E+00 0 700 0 0 0 0
 4.000000E+00 2 700 1 1 0 0
 8.000000E+00 4 699 3 0 0 1
 1.200000E+01 6 699 5 0 0 1
 1.600000E+01 7 698 5 1 0 1
 2.000000E+01 9 696 5 1 1 2
 2.400000E+01 8 696 4 1 1 2
 2.800000E+01 9 694 4 1 1 3
 3.200000E+01 12 694 5 3 1 3
 3.600000E+01 12 692 6 0 2 4
 4.000000E+01 14 690 6 1 3 4
 4.400000E+01 17 686 9 1 3 4
 4.800000E+01 16 686 7 1 3 5
 5.200000E+01 17 685 7 1 4 5
 5.600000E+01 22 682 11 2 4 5
 6.000000E+01 21 681 10 0 5 6
 6.400000E+01 29 678 14 3 5 7
 6.800000E+01 25 672 7 2 6 10
 7.200000E+01 33 671 15 1 6 11
 7.600000E+01 37 671 15 3 6 13
 8.000000E+01 39 668 14 5 6 14
 8.400000E+01 46 666 15 5 7 19
 8.800000E+01 47 660 14 2 8 23
 9.200000E+01 53 655 17 5 8 23
 9.600000E+01 58 650 19 6 8 25
 1.000000E+02 60 646 18 6 8 28
 1.040000E+02 57 645 14 3 11 29
 1.080000E+02 69 642 23 2 12 32
 1.120000E+02 69 642 16 6 13 34
 1.160000E+02 77 637 21 4 14 38
 1.200000E+02 83 635 25 3 15 40
 1.240000E+02 82 633 19 6 17 40
 1.280000E+02 86 633 19 8 17 42
 1.320000E+02 95 627 23 8 17 47
 1.360000E+02 91 626 19 4 18 50
 1.400000E+02 95 623 20 4 19 52
 1.440000E+02 96 623 16 5 21 54
 1.480000E+02 104 623 19 8 22 55
 1.520000E+02 109 620 18 9 25 57
 1.560000E+02 104 614 15 4 26 59
 1.600000E+02 106 613 12 5 29 60
 1.640000E+02 104 613 6 4 29 65
 1.680000E+02 111 612 12 2 30 67
 1.720000E+02 116 608 12 4 31 69
 1.760000E+02 125 601 16 8 31 70
 1.800000E+02 116 601 9 3 32 72
 1.840000E+02 117 597 7 5 33 72
 1.880000E+02 121 594 12 0 35 74
 1.920000E+02 130 592 14 4 37 75
 1.960000E+02 124 592 7 1 38 78
 2.000000E+02 129 592 9 3 39 78

#Simulation ended (eff.: 0.764839, detail below)
	#Events: 4046
	#Valid embedding but no longer unary when required: 0.000000
	#Valid embedding but not binary when required: 0.000000
	#Clashing instance: 0.000000
	#Lazy negative update: 1.000000
	#Lazy negative update of non local instances: 0.000000
	#Perturbation interrupting time advance: 0.000000
