# time 'Cases' 'Susceptible' 'Exposed' 'Infected' 'Removed' 'Deads'
 0.000000E+00 10 10000 0 10 0 0
 4.000000E+00 16 9987 6 5 2 3
 8.000000E+00 16 9983 6 2 3 5
 1.200000E+01 19 9981 9 1 3 6
 1.600000E+01 22 9980 9 4 3 6
 2.000000E+01 19 9977 5 3 3 8
 2.400000E+01 27 9976 13 2 3 9
 2.800000E+01 33 9970 15 3 4 11
 3.200000E+01 40 9963 21 1 6 12
 3.600000E+01 43 9955 20 0 6 17
 4.000000E+01 44 9950 14 4 6 20
 4.400000E+01 51 9945 15 5 6 25
 4.800000E+01 57 9941 17 4 9 27
 5.200000E+01 54 9939 11 4 9 30
 5.600000E+01 65 9935 17 5 9 34
 6.000000E+01 75 9924 23 5 9 38
 6.400000E+01 76 9923 20 6 9 41
 6.800000E+01 79 9917 15 8 11 45
 7.200000E+01 90 9906 20 7 14 49
 7.600000E+01 92 9900 21 8 14 49
 8.000000E+01 99 9891 24 8 15 52
 8.400000E+01 109 9885 27 11 18 53
 8.800000E+01 112 9876 22 9 20 61
 9.200000E+01 123 9869 27 9 23 64
 9.600000E+01 133 9856 31 9 26 67
 1.000000E+02 143 9850 34 12 27 70
 1.040000E+02 144 9843 25 12 30 77
 1.080000E+02 159 9834 27 19 31 82
 1.120000E+02 168 9823 30 15 35 88
 1.160000E+02 181 9813 29 21 38 93
 1.200000E+02 184 9804 31 13 42 98
 1.240000E+02 192 9797 31 12 42 107
 1.280000E+02 201 9786 33 12 43 113
 1.320000E+02 220 9775 43 12 46 119
 1.360000E+02 232 9756 41 15 50 126
 1.400000E+02 234 9745 32 19 50 133
 1.440000E+02 248 9742 37 23 52 136
 1.480000E+02 253 9738 31 14 58 150
 1.520000E+02 257 9734 24 17 58 158
 1.560000E+02 269 9727 27 16 61 165
 1.600000E+02 272 9722 22 12 66 172
 1.640000E+02 281 9718 29 9 69 174
 1.680000E+02 286 9714 22 13 72 179
 1.720000E+02 295 9707 23 17 73 182
 1.760000E+02 295 9699 14 15 76 190
 1.800000E+02 302 9696 18 11 78 195
 1.840000E+02 304 9694 8 12 81 203
 1.880000E+02 314 9687 15 10 82 207
 1.920000E+02 312 9687 11 8 84 209
 1.960000E+02 317 9685 15 5 85 212
 2.000000E+02 324 9679 15 9 86 214

#Simulation ended (eff.: 0.942223, detail below)
	#Events: 13454
	#Valid embedding but no longer unary when required: 0.000000
	#Valid embedding but not binary when required: 0.000000
	#Clashing instance: 0.000000
	#Lazy negative update: 1.000000
	#Lazy negative update of non local instances: 0.000000
	#Perturbation interrupting time advance: 0.000000
