# time 'Cases' 'Susceptible' 'Exposed' 'Infected' 'Removed' 'Deads'
 0.000000E+00 0 7000 0 0 0 0
 4.000000E+00 0 7000 0 0 0 0
 8.000000E+00 2 7000 2 0 0 0
 1.200000E+01 4 6998 3 1 0 0
 1.600000E+01 3 6998 1 2 0 0
 2.000000E+01 2 6997 1 0 1 0
 2.400000E+01 4 6997 2 1 1 0
 2.800000E+01 6 6997 3 2 1 0
 3.200000E+01 5 6995 3 0 1 1
 3.600000E+01 5 6995 3 0 1 1
 4.000000E+01 5 6995 3 0 1 1
 4.400000E+01 5 6995 3 0 1 1
 4.800000E+01 7 6993 3 1 2 1
 5.200000E+01 11 6992 7 1 2 1
 5.600000E+01 10 6992 4 2 2 2
 6.000000E+01 8 6991 1 1 3 3
 6.400000E+01 14 6990 5 1 3 5
 6.800000E+01 13 6989 4 0 3 6
 7.200000E+01 15 6989 5 1 3 6
 7.600000E+01 16 6989 4 3 3 6
 8.000000E+01 18 6988 5 2 4 7
 8.400000E+01 17 6988 4 1 4 8
 8.800000E+01 19 6987 4 3 4 8
 9.200000E+01 25 6985 10 2 4 9
 9.600000E+01 22 6983 4 4 4 10
 1.000000E+02 24 6980 9 0 4 11
 1.040000E+02 25 6979 6 3 4 12
 1.080000E+02 31 6978 10 1 5 15
 1.120000E+02 33 6973 10 2 6 15
 1.160000E+02 34 6970 7 5 6 16
 1.200000E+02 31 6967 6 1 7 17
 1.240000E+02 33 6965 6 2 8 17
 1.280000E+02 35 6961 6 2 8 19
 1.320000E+02 40 6958 11 1 8 20
 1.360000E+02 34 6957 3 1 10 20
 1.400000E+02 39 6956 8 0 10 21
 1.440000E+02 39 6955 5 2 10 22
 1.480000E+02 45 6953 5 5 12 23
 1.520000E+02 47 6951 7 3 13 24
 1.560000E+02 52 6951 14 0 13 25
 1.600000E+02 43 6950 3 1 13 26
 1.640000E+02 49 6949 8 1 14 26
 1.680000E+02 49 6949 7 2 14 26
 1.720000E+02 47 6946 4 2 14 27
 1.760000E+02 52 6943 6 1 14 31
 1.800000E+02 54 6940 5 4 14 31
 1.840000E+02 49 6938 1 2 14 32
 1.880000E+02 53 6938 4 2 15 32
 1.920000E+02 60 6936 8 4 15 33
 1.960000E+02 58 6935 5 2 15 36
 2.000000E+02 58 6935 3 3 15 37

#Simulation ended (eff.: 0.905942, detail below)
	#Events: 7532
	#Valid embedding but no longer unary when required: 0.000000
	#Valid embedding but not binary when required: 0.000000
	#Clashing instance: 0.000000
	#Lazy negative update: 1.000000
	#Lazy negative update of non local instances: 0.000000
	#Perturbation interrupting time advance: 0.000000
