# time 'Cases' 'Susceptible' 'Exposed' 'Infected' 'Removed' 'Deads'
 0.000000E+00 0 15800 0 0 0 0
 4.000000E+00 2 15800 2 0 0 0
 8.000000E+00 6 15800 6 0 0 0
 1.200000E+01 1 15800 1 0 0 0
 1.600000E+01 1 15800 1 0 0 0
 2.000000E+01 3 15800 1 2 0 0
 2.400000E+01 3 15799 2 0 0 1
 2.800000E+01 4 15799 3 0 0 1
 3.200000E+01 3 15799 2 0 0 1
 3.600000E+01 7 15799 5 1 0 1
 4.000000E+01 4 15799 1 1 1 1
 4.400000E+01 6 15798 4 0 1 1
 4.800000E+01 9 15798 6 0 1 2
 5.200000E+01 13 15798 9 1 1 2
 5.600000E+01 13 15796 7 3 1 2
 6.000000E+01 11 15795 6 0 3 2
 6.400000E+01 13 15795 5 3 3 2
 6.800000E+01 20 15791 7 5 4 4
 7.200000E+01 24 15788 10 6 4 4
 7.600000E+01 23 15786 10 3 4 6
 8.000000E+01 20 15786 7 0 5 8
 8.400000E+01 24 15783 10 1 5 8
 8.800000E+01 23 15782 7 2 5 9
 9.200000E+01 28 15779 10 2 5 11
 9.600000E+01 33 15778 13 3 5 12
 1.000000E+02 35 15774 10 7 5 13
 1.040000E+02 41 15772 14 6 5 16
 1.080000E+02 36 15770 9 3 5 19
 1.120000E+02 40 15769 11 3 6 20
 1.160000E+02 44 15768 13 2 7 22
 1.200000E+02 43 15763 7 5 8 23
 1.240000E+02 45 15759 8 2 9 26
 1.280000E+02 48 15756 9 4 9 26
 1.320000E+02 51 15755 11 4 9 27
 1.360000E+02 54 15752 8 6 11 29
 1.400000E+02 56 15749 7 5 14 30
 1.440000E+02 62 15744 10 7 15 30
 1.480000E+02 76 15737 22 7 16 31
 1.520000E+02 68 15736 10 7 18 33
 1.560000E+02 75 15725 12 6 19 38
 1.600000E+02 83 15723 18 5 20 40
 1.640000E+02 82 15720 12 5 21 44
 1.680000E+02 88 15716 15 6 22 45
 1.720000E+02 84 15716 12 5 22 45
 1.760000E+02 84 15715 8 6 22 48
 1.800000E+02 96 15711 16 6 24 50
 1.840000E+02 97 15708 13 6 25 53
 1.880000E+02 92 15702 7 2 27 56
 1.920000E+02 100 15698 9 7 27 57
 1.960000E+02 101 15695 8 5 28 60
 2.000000E+02 102 15694 5 5 30 62

#Simulation ended (eff.: 0.960256, detail below)
	#Events: 15729
	#Valid embedding but no longer unary when required: 0.000000
	#Valid embedding but not binary when required: 0.000000
	#Clashing instance: 0.000000
	#Lazy negative update: 1.000000
	#Lazy negative update of non local instances: 0.000000
	#Perturbation interrupting time advance: 0.000000
