# time 'Cases' 'Susceptible' 'Exposed' 'Infected' 'Removed' 'Deads'
 0.000000E+00 10 100000 0 10 0 0
 4.000000E+00 12 99995 2 5 3 2
 8.000000E+00 13 99991 3 1 4 5
 1.200000E+01 15 99989 5 1 4 5
 1.600000E+01 16 99987 5 2 4 5
 2.000000E+01 18 99986 6 2 4 6
 2.400000E+01 26 99983 11 3 4 8
 2.800000E+01 26 99979 9 0 4 13
 3.200000E+01 27 99975 8 1 4 14
 3.600000E+01 34 99973 12 4 4 14
 4.000000E+01 35 99970 11 1 5 18
 4.400000E+01 42 99967 13 6 5 18
 4.800000E+01 51 99957 15 10 5 21
 5.200000E+01 52 99950 13 6 8 25
 5.600000E+01 59 99944 17 4 9 29
 6.000000E+01 63 99938 18 5 9 31
 6.400000E+01 67 99932 13 9 12 33
 6.800000E+01 73 99926 18 6 13 36
 7.200000E+01 83 99918 24 6 13 40
 7.600000E+01 88 99914 20 11 13 44
 8.000000E+01 101 99902 23 12 16 50
 8.400000E+01 101 99896 19 10 16 56
 8.800000E+01 109 99887 26 6 16 61
 9.200000E+01 118 99881 28 9 17 64
 9.600000E+01 130 99874 33 12 19 66
 1.000000E+02 135 99862 28 11 23 73
 1.040000E+02 142 99852 28 11 26 77
 1.080000E+02 151 99845 28 12 27 84
 1.120000E+02 162 99834 29 16 29 88
 1.160000E+02 175 99827 33 12 33 97
 1.200000E+02 183 99814 29 15 36 103
 1.240000E+02 199 99807 35 16 39 109
 1.280000E+02 209 99803 35 17 43 114
 1.320000E+02 208 99791 28 15 44 121
 1.360000E+02 212 99779 23 16 45 128
 1.400000E+02 230 99759 36 15 46 133
 1.440000E+02 244 99750 35 18 49 142
 1.480000E+02 255 99745 38 16 52 149
 1.520000E+02 265 99733 38 18 54 155
 1.560000E+02 263 99724 31 12 56 164
 1.600000E+02 282 99711 40 15 59 168
 1.640000E+02 298 99699 37 17 67 177
 1.680000E+02 315 99684 46 16 68 185
 1.720000E+02 325 99671 47 20 69 189
 1.760000E+02 340 99658 44 21 78 197
 1.800000E+02 344 99652 33 22 85 204
 1.840000E+02 361 99636 32 25 91 213
 1.880000E+02 371 99623 34 16 100 221
 1.920000E+02 382 99617 38 13 103 228
 1.960000E+02 391 99613 28 17 106 240
 2.000000E+02 392 99607 19 15 110 248

#Simulation ended (eff.: 0.988088, detail below)
	#Events: 91822
	#Valid embedding but no longer unary when required: 0.000000
	#Valid embedding but not binary when required: 0.000000
	#Clashing instance: 0.000000
	#Lazy negative update: 1.000000
	#Lazy negative update of non local instances: 0.000000
	#Perturbation interrupting time advance: 0.000000
