# time 'Cases' 'Susceptible' 'Exposed' 'Infected' 'Removed' 'Deads'
 0.000000E+00 10 10000 0 10 0 0
 4.000000E+00 15 9992 5 5 3 2
 8.000000E+00 20 9985 10 3 3 4
 1.200000E+01 23 9981 11 3 3 6
 1.600000E+01 30 9969 12 3 4 11
 2.000000E+01 28 9967 9 2 4 13
 2.400000E+01 38 9958 15 5 4 14
 2.800000E+01 47 9948 17 6 5 19
 3.200000E+01 55 9944 19 7 8 21
 3.600000E+01 59 9938 21 4 10 24
 4.000000E+01 71 9930 27 4 13 27
 4.400000E+01 73 9923 22 9 14 28
 4.800000E+01 84 9912 26 10 14 34
 5.200000E+01 102 9898 40 9 15 38
 5.600000E+01 110 9884 39 7 18 46
 6.000000E+01 114 9877 37 10 20 47
 6.400000E+01 125 9873 37 14 23 51
 6.800000E+01 151 9851 48 19 26 58
 7.200000E+01 163 9830 49 16 29 69
 7.600000E+01 169 9821 44 15 33 77
 8.000000E+01 182 9810 42 17 37 86
 8.400000E+01 198 9800 51 9 43 95
 8.800000E+01 211 9788 51 14 46 100
 9.200000E+01 221 9773 50 17 48 106
 9.600000E+01 236 9765 47 18 55 116
 1.000000E+02 254 9750 49 19 61 125
 1.040000E+02 265 9734 42 26 65 132
 1.080000E+02 274 9718 45 14 67 148
 1.120000E+02 286 9711 42 19 72 153
 1.160000E+02 298 9699 44 19 77 158
 1.200000E+02 313 9682 47 16 83 167
 1.240000E+02 329 9670 50 14 89 176
 1.280000E+02 336 9660 45 17 91 183
 1.320000E+02 350 9644 35 20 94 201
 1.360000E+02 368 9631 42 18 97 211
 1.400000E+02 375 9622 34 24 100 217
 1.440000E+02 391 9612 34 25 105 227
 1.480000E+02 398 9597 35 12 108 243
 1.520000E+02 418 9584 38 20 111 249
 1.560000E+02 431 9567 40 19 114 258
 1.600000E+02 437 9554 36 14 121 266
 1.640000E+02 449 9540 38 15 124 272
 1.680000E+02 465 9530 43 15 126 281
 1.720000E+02 458 9525 23 17 129 289
 1.760000E+02 474 9517 32 16 129 297
 1.800000E+02 482 9512 27 20 133 302
 1.840000E+02 485 9503 19 20 136 310
 1.880000E+02 491 9495 18 19 139 315
 1.920000E+02 512 9486 33 12 141 326
 1.960000E+02 511 9475 25 9 144 333
 2.000000E+02 512 9474 18 9 146 339

#Simulation ended (eff.: 0.934509, detail below)
	#Events: 15896
	#Valid embedding but no longer unary when required: 0.000000
	#Valid embedding but not binary when required: 0.000000
	#Clashing instance: 0.000000
	#Lazy negative update: 1.000000
	#Lazy negative update of non local instances: 0.000000
	#Perturbation interrupting time advance: 0.000000
