# time 'Cases' 'Susceptible' 'Exposed' 'Infected' 'Removed' 'Deads'
 0.000000E+00 0 15800 0 0 0 0
 4.000000E+00 2 15799 1 1 0 0
 8.000000E+00 4 15799 3 0 0 1
 1.200000E+01 4 15799 3 0 0 1
 1.600000E+01 7 15799 5 0 0 2
 2.000000E+01 7 15798 5 0 0 2
 2.400000E+01 10 15795 7 0 0 3
 2.800000E+01 9 15794 4 1 0 4
 3.200000E+01 13 15794 8 1 0 4
 3.600000E+01 16 15794 8 2 1 5
 4.000000E+01 18 15793 8 3 1 6
 4.400000E+01 18 15788 6 3 1 8
 4.800000E+01 19 15784 7 0 2 10
 5.200000E+01 21 15783 9 0 2 10
 5.600000E+01 19 15781 5 0 2 12
 6.000000E+01 28 15776 10 2 2 14
 6.400000E+01 33 15773 14 3 2 14
 6.800000E+01 25 15771 7 2 2 14
 7.200000E+01 30 15771 10 2 3 15
 7.600000E+01 33 15770 10 2 4 17
 8.000000E+01 44 15766 16 6 4 18
 8.400000E+01 49 15761 18 5 5 21
 8.800000E+01 57 15758 22 6 7 22
 9.200000E+01 60 15756 21 8 7 24
 9.600000E+01 73 15751 31 6 8 28
 1.000000E+02 77 15744 29 8 12 28
 1.040000E+02 72 15738 18 4 16 34
 1.080000E+02 86 15735 20 11 17 38
 1.120000E+02 81 15726 10 14 19 38
 1.160000E+02 95 15722 19 13 19 44
 1.200000E+02 107 15711 27 11 21 48
 1.240000E+02 120 15698 34 9 23 54
 1.280000E+02 120 15694 27 10 28 55
 1.320000E+02 123 15689 21 10 31 61
 1.360000E+02 135 15684 25 9 36 65
 1.400000E+02 146 15678 30 10 38 68
 1.440000E+02 148 15671 25 10 42 71
 1.480000E+02 149 15663 23 10 43 73
 1.520000E+02 151 15658 20 7 46 78
 1.560000E+02 162 15655 24 9 46 83
 1.600000E+02 173 15650 26 12 49 86
 1.640000E+02 176 15646 23 10 51 92
 1.680000E+02 185 15637 22 8 57 98
 1.720000E+02 194 15626 27 8 58 101
 1.760000E+02 196 15622 23 8 59 106
 1.800000E+02 208 15614 19 20 61 108
 1.840000E+02 210 15606 18 13 62 117
 1.880000E+02 212 15601 19 9 63 121
 1.920000E+02 221 15597 23 7 65 126
 1.960000E+02 223 15588 20 9 66 128
 2.000000E+02 227 15585 20 9 68 130

#Simulation ended (eff.: 0.948997, detail below)
	#Events: 17416
	#Valid embedding but no longer unary when required: 0.000000
	#Valid embedding but not binary when required: 0.000000
	#Clashing instance: 0.000000
	#Lazy negative update: 1.000000
	#Lazy negative update of non local instances: 0.000000
	#Perturbation interrupting time advance: 0.000000
