# time 'Cases' 'Susceptible' 'Exposed' 'Infected' 'Removed' 'Deads'
 0.000000E+00 0 1580 0 0 0 0
 4.000000E+00 5 1579 5 0 0 0
 8.000000E+00 4 1579 3 0 0 1
 1.200000E+01 9 1574 8 0 0 1
 1.600000E+01 11 1574 9 1 0 1
 2.000000E+01 10 1572 7 0 0 3
 2.400000E+01 19 1568 12 3 0 4
 2.800000E+01 21 1566 9 3 2 7
 3.200000E+01 23 1561 9 3 3 8
 3.600000E+01 22 1560 8 1 4 9
 4.000000E+01 24 1560 7 3 5 9
 4.400000E+01 37 1558 18 4 5 10
 4.800000E+01 43 1558 20 6 5 12
 5.200000E+01 48 1553 24 1 6 17
 5.600000E+01 44 1553 18 1 6 19
 6.000000E+01 50 1550 19 5 7 19
 6.400000E+01 44 1547 8 6 9 21
 6.800000E+01 53 1542 14 4 9 26
 7.200000E+01 71 1538 26 7 11 27
 7.600000E+01 64 1534 13 4 12 35
 8.000000E+01 71 1530 17 5 12 37
 8.400000E+01 81 1524 20 6 14 41
 8.800000E+01 84 1521 16 6 18 44
 9.200000E+01 103 1514 26 11 19 47
 9.600000E+01 111 1507 28 10 21 52
 1.000000E+02 105 1494 16 12 22 55
 1.040000E+02 115 1483 20 10 23 62
 1.080000E+02 132 1473 25 13 26 68
 1.120000E+02 142 1459 34 9 28 71
 1.160000E+02 135 1457 24 4 30 77
 1.200000E+02 137 1456 18 7 33 79
 1.240000E+02 147 1456 23 8 35 81
 1.280000E+02 164 1446 29 14 36 85
 1.320000E+02 158 1438 22 10 37 89
 1.360000E+02 161 1437 19 12 38 92
 1.400000E+02 154 1432 11 10 39 94
 1.440000E+02 169 1425 24 5 42 98
 1.480000E+02 169 1422 18 7 44 100
 1.520000E+02 169 1418 12 10 45 102
 1.560000E+02 184 1411 20 11 46 107
 1.600000E+02 187 1410 22 8 47 110
 1.640000E+02 188 1409 15 11 47 115
 1.680000E+02 200 1401 20 6 51 123
 1.720000E+02 204 1395 21 5 52 126
 1.760000E+02 201 1392 11 11 52 127
 1.800000E+02 205 1385 14 4 55 132
 1.840000E+02 211 1385 14 5 57 135
 1.880000E+02 210 1384 11 4 58 137
 1.920000E+02 212 1384 9 5 58 140
 1.960000E+02 213 1383 8 4 58 143
 2.000000E+02 218 1378 7 5 60 146

#Simulation ended (eff.: 0.846267, detail below)
	#Events: 5158
	#Valid embedding but no longer unary when required: 0.000000
	#Valid embedding but not binary when required: 0.000000
	#Clashing instance: 0.000000
	#Lazy negative update: 1.000000
	#Lazy negative update of non local instances: 0.000000
	#Perturbation interrupting time advance: 0.000000
