# time 'Cases' 'Susceptible' 'Exposed' 'Infected' 'Removed' 'Deads'
 0.000000E+00 0 7000 0 0 0 0
 4.000000E+00 1 7000 0 1 0 0
 8.000000E+00 2 7000 1 1 0 0
 1.200000E+01 2 7000 1 1 0 0
 1.600000E+01 5 6998 4 1 0 0
 2.000000E+01 4 6998 3 1 0 0
 2.400000E+01 4 6998 2 2 0 0
 2.800000E+01 4 6998 2 0 0 2
 3.200000E+01 4 6997 1 1 0 2
 3.600000E+01 8 6995 5 1 0 2
 4.000000E+01 10 6993 5 3 0 2
 4.400000E+01 17 6992 11 2 1 3
 4.800000E+01 16 6990 8 1 2 5
 5.200000E+01 15 6990 6 0 3 6
 5.600000E+01 18 6988 6 2 3 7
 6.000000E+01 21 6986 10 0 3 8
 6.400000E+01 21 6984 7 1 3 10
 6.800000E+01 28 6981 9 6 3 10
 7.200000E+01 27 6979 11 2 3 11
 7.600000E+01 23 6978 6 2 3 12
 8.000000E+01 24 6976 8 0 3 13
 8.400000E+01 24 6976 6 2 3 13
 8.800000E+01 26 6976 7 3 3 13
 9.200000E+01 36 6974 12 4 3 17
 9.600000E+01 40 6969 16 1 3 20
 1.000000E+02 42 6966 14 2 3 23
 1.040000E+02 38 6961 9 3 3 23
 1.080000E+02 47 6959 18 2 3 24
 1.120000E+02 43 6959 8 7 3 25
 1.160000E+02 51 6954 14 7 4 26
 1.200000E+02 54 6951 19 2 4 29
 1.240000E+02 52 6950 14 4 4 30
 1.280000E+02 50 6948 9 6 5 30
 1.320000E+02 55 6944 13 6 5 31
 1.360000E+02 54 6944 11 3 6 34
 1.400000E+02 58 6943 13 2 7 36
 1.440000E+02 55 6942 9 1 7 38
 1.480000E+02 57 6942 8 2 7 40
 1.520000E+02 62 6940 10 4 8 40
 1.560000E+02 60 6936 6 3 8 43
 1.600000E+02 63 6935 6 5 8 44
 1.640000E+02 62 6934 7 1 8 46
 1.680000E+02 65 6933 8 3 8 46
 1.720000E+02 69 6932 12 1 8 48
 1.760000E+02 77 6932 16 3 8 50
 1.800000E+02 67 6931 5 1 8 53
 1.840000E+02 71 6931 6 3 8 54
 1.880000E+02 70 6931 6 0 8 56
 1.920000E+02 70 6931 5 1 8 56
 1.960000E+02 69 6930 2 1 9 57
 2.000000E+02 74 6929 6 1 9 58

#Simulation ended (eff.: 0.889472, detail below)
	#Events: 8305
	#Valid embedding but no longer unary when required: 0.000000
	#Valid embedding but not binary when required: 0.000000
	#Clashing instance: 0.000000
	#Lazy negative update: 1.000000
	#Lazy negative update of non local instances: 0.000000
	#Perturbation interrupting time advance: 0.000000
