# time 'Cases' 'Susceptible' 'Exposed' 'Infected' 'Removed' 'Deads'
 0.000000E+00 0 15800 0 0 0 0
 4.000000E+00 3 15800 3 0 0 0
 8.000000E+00 5 15800 4 0 0 1
 1.200000E+01 4 15800 1 2 0 1
 1.600000E+01 7 15799 3 1 1 2
 2.000000E+01 11 15798 6 2 1 2
 2.400000E+01 6 15798 3 0 1 2
 2.800000E+01 8 15797 3 2 1 2
 3.200000E+01 14 15797 8 2 1 3
 3.600000E+01 13 15794 6 1 1 5
 4.000000E+01 17 15792 10 0 1 6
 4.400000E+01 21 15790 10 4 1 6
 4.800000E+01 18 15786 7 3 1 7
 5.200000E+01 22 15782 13 1 1 7
 5.600000E+01 22 15782 14 0 1 7
 6.000000E+01 23 15778 8 7 1 7
 6.400000E+01 31 15771 15 4 2 10
 6.800000E+01 30 15767 14 2 3 11
 7.200000E+01 30 15763 8 4 3 15
 7.600000E+01 39 15758 13 4 5 17
 8.000000E+01 39 15756 9 4 5 21
 8.400000E+01 45 15753 12 3 5 25
 8.800000E+01 55 15751 19 4 6 26
 9.200000E+01 61 15747 18 9 7 27
 9.600000E+01 62 15741 18 5 9 30
 1.000000E+02 73 15735 24 5 11 33
 1.040000E+02 76 15725 20 8 11 37
 1.080000E+02 90 15718 22 15 14 39
 1.120000E+02 95 15713 23 14 16 42
 1.160000E+02 96 15705 24 11 17 44
 1.200000E+02 94 15699 20 8 19 47
 1.240000E+02 98 15693 21 4 22 51
 1.280000E+02 112 15690 27 9 24 52
 1.320000E+02 107 15688 14 8 27 58
 1.360000E+02 131 15683 25 16 28 62
 1.400000E+02 128 15676 16 10 35 67
 1.440000E+02 133 15672 16 11 37 69
 1.480000E+02 132 15670 12 7 39 74
 1.520000E+02 146 15667 19 9 39 79
 1.560000E+02 148 15663 15 10 40 83
 1.600000E+02 148 15659 11 9 42 86
 1.640000E+02 149 15655 7 13 42 87
 1.680000E+02 155 15649 11 10 42 92
 1.720000E+02 154 15645 7 9 43 95
 1.760000E+02 156 15643 8 6 43 99
 1.800000E+02 160 15643 10 5 43 102
 1.840000E+02 161 15643 7 5 44 105
 1.880000E+02 169 15641 10 8 46 105
 1.920000E+02 164 15639 5 4 47 108
 1.960000E+02 169 15635 7 4 49 109
 2.000000E+02 168 15635 4 3 50 111

#Simulation ended (eff.: 0.952075, detail below)
	#Events: 16727
	#Valid embedding but no longer unary when required: 0.000000
	#Valid embedding but not binary when required: 0.000000
	#Clashing instance: 0.000000
	#Lazy negative update: 1.000000
	#Lazy negative update of non local instances: 0.000000
	#Perturbation interrupting time advance: 0.000000
