# time 'Cases' 'Susceptible' 'Exposed' 'Infected' 'Removed' 'Deads'
 0.000000E+00 0 470 0 0 0 0
 4.000000E+00 2 470 1 1 0 0
 8.000000E+00 3 469 2 1 0 0
 1.200000E+01 2 469 1 0 0 1
 1.600000E+01 4 469 3 0 0 1
 2.000000E+01 5 469 2 2 0 1
 2.400000E+01 6 468 2 1 1 2
 2.800000E+01 7 468 3 1 1 2
 3.200000E+01 6 468 3 0 1 2
 3.600000E+01 6 468 3 0 1 2
 4.000000E+01 5 468 2 0 1 2
 4.400000E+01 8 468 3 2 1 2
 4.800000E+01 13 467 6 1 2 4
 5.200000E+01 12 467 5 0 2 5
 5.600000E+01 12 465 3 2 2 5
 6.000000E+01 13 464 4 0 3 6
 6.400000E+01 16 463 5 1 4 6
 6.800000E+01 17 463 5 1 5 6
 7.200000E+01 17 463 4 2 5 6
 7.600000E+01 17 463 5 0 5 7
 8.000000E+01 17 461 3 2 5 7
 8.400000E+01 17 461 4 0 5 8
 8.800000E+01 15 461 1 0 5 9
 9.200000E+01 18 461 4 0 5 9
 9.600000E+01 18 461 4 0 5 9
 1.000000E+02 21 461 4 3 5 9
 1.040000E+02 22 459 5 0 5 12
 1.080000E+02 20 458 1 2 5 12
 1.120000E+02 20 458 2 0 5 13
 1.160000E+02 22 458 4 0 5 13
 1.200000E+02 23 458 5 0 5 13
 1.240000E+02 23 458 4 1 5 13
 1.280000E+02 21 458 3 0 5 13
 1.320000E+02 24 458 5 1 5 13
 1.360000E+02 23 457 4 0 5 14
 1.400000E+02 24 457 3 2 5 14
 1.440000E+02 23 456 2 0 5 16
 1.480000E+02 25 456 3 0 6 16
 1.520000E+02 26 456 4 0 6 16
 1.560000E+02 28 456 3 3 6 16
 1.600000E+02 24 455 0 0 8 16
 1.640000E+02 26 455 2 0 8 16
 1.680000E+02 25 455 1 0 8 16
 1.720000E+02 26 455 2 0 8 16
 1.760000E+02 25 455 1 0 8 16
 1.800000E+02 28 455 3 1 8 16
 1.840000E+02 25 455 0 0 9 16
 1.880000E+02 28 455 3 0 9 16
 1.920000E+02 28 455 3 0 9 16
 1.960000E+02 26 455 1 0 9 16
 2.000000E+02 27 455 2 0 9 16

#Simulation ended (eff.: 0.737340, detail below)
	#Events: 1092
	#Valid embedding but no longer unary when required: 0.000000
	#Valid embedding but not binary when required: 0.000000
	#Clashing instance: 0.000000
	#Lazy negative update: 1.000000
	#Lazy negative update of non local instances: 0.000000
	#Perturbation interrupting time advance: 0.000000
