# time 'Cases' 'Susceptible' 'Exposed' 'Infected' 'Removed' 'Deads'
 0.000000E+00 0 4700 0 0 0 0
 4.000000E+00 0 4700 0 0 0 0
 8.000000E+00 0 4700 0 0 0 0
 1.200000E+01 1 4700 1 0 0 0
 1.600000E+01 0 4700 0 0 0 0
 2.000000E+01 1 4700 1 0 0 0
 2.400000E+01 3 4699 2 0 0 1
 2.800000E+01 6 4698 5 0 0 1
 3.200000E+01 5 4698 4 0 0 1
 3.600000E+01 4 4698 3 0 0 1
 4.000000E+01 6 4698 5 0 0 1
 4.400000E+01 3 4698 2 0 0 1
 4.800000E+01 2 4698 0 1 0 1
 5.200000E+01 12 4697 9 1 0 2
 5.600000E+01 10 4696 6 0 0 4
 6.000000E+01 9 4695 3 1 0 5
 6.400000E+01 16 4695 9 1 0 6
 6.800000E+01 14 4694 7 1 0 6
 7.200000E+01 14 4691 4 3 0 7
 7.600000E+01 16 4688 5 1 1 9
 8.000000E+01 13 4688 1 2 1 9
 8.400000E+01 18 4688 4 4 1 9
 8.800000E+01 18 4688 6 0 1 11
 9.200000E+01 19 4688 7 0 1 11
 9.600000E+01 17 4688 4 1 1 11
 1.000000E+02 16 4688 3 1 1 11
 1.040000E+02 23 4687 9 2 1 11
 1.080000E+02 21 4687 7 1 2 11
 1.120000E+02 24 4687 9 2 2 11
 1.160000E+02 21 4685 5 2 2 12
 1.200000E+02 26 4684 8 3 3 12
 1.240000E+02 22 4679 4 2 4 12
 1.280000E+02 24 4679 2 5 4 13
 1.320000E+02 27 4674 4 3 5 15
 1.360000E+02 29 4671 5 1 6 17
 1.400000E+02 36 4671 11 1 6 18
 1.440000E+02 32 4671 7 1 6 18
 1.480000E+02 40 4670 11 5 6 18
 1.520000E+02 34 4668 7 2 6 19
 1.560000E+02 41 4666 10 4 7 20
 1.600000E+02 39 4665 6 4 7 22
 1.640000E+02 41 4665 5 4 8 24
 1.680000E+02 44 4665 8 3 8 25
 1.720000E+02 36 4665 2 0 8 26
 1.760000E+02 46 4664 5 5 10 26
 1.800000E+02 46 4663 6 0 11 29
 1.840000E+02 45 4662 2 2 11 30
 1.880000E+02 48 4662 5 0 12 31
 1.920000E+02 52 4661 8 0 12 32
 1.960000E+02 50 4659 2 3 12 33
 2.000000E+02 52 4658 3 2 12 35

#Simulation ended (eff.: 0.909700, detail below)
	#Events: 5158
	#Valid embedding but no longer unary when required: 0.000000
	#Valid embedding but not binary when required: 0.000000
	#Clashing instance: 0.000000
	#Lazy negative update: 1.000000
	#Lazy negative update of non local instances: 0.000000
	#Perturbation interrupting time advance: 0.000000
