# time 'Cases' 'Susceptible' 'Exposed' 'Infected' 'Removed' 'Deads'
 0.000000E+00 0 7000 0 0 0 0
 4.000000E+00 2 7000 0 2 0 0
 8.000000E+00 4 7000 3 1 0 0
 1.200000E+01 1 6999 0 1 0 0
 1.600000E+01 3 6999 2 0 0 1
 2.000000E+01 1 6999 0 0 0 1
 2.400000E+01 2 6999 0 0 0 2
 2.800000E+01 5 6999 2 0 1 2
 3.200000E+01 4 6999 1 0 1 2
 3.600000E+01 7 6999 4 0 1 2
 4.000000E+01 3 6999 0 0 1 2
 4.400000E+01 4 6999 1 0 1 2
 4.800000E+01 5 6999 2 0 1 2
 5.200000E+01 5 6999 2 0 1 2
 5.600000E+01 5 6999 2 0 1 2
 6.000000E+01 7 6999 4 0 1 2
 6.400000E+01 10 6995 4 2 1 3
 6.800000E+01 14 6994 7 2 1 4
 7.200000E+01 10 6994 4 0 1 5
 7.600000E+01 14 6994 4 4 1 5
 8.000000E+01 9 6992 2 0 1 6
 8.400000E+01 11 6991 3 1 1 6
 8.800000E+01 10 6991 3 0 1 6
 9.200000E+01 16 6991 7 2 1 6
 9.600000E+01 11 6991 2 2 1 6
 1.000000E+02 13 6990 4 1 1 7
 1.040000E+02 22 6987 11 1 2 8
 1.080000E+02 18 6987 8 0 2 8
 1.120000E+02 16 6987 6 0 2 8
 1.160000E+02 20 6986 10 0 2 8
 1.200000E+02 14 6986 3 1 2 8
 1.240000E+02 16 6986 4 2 2 8
 1.280000E+02 18 6984 3 2 3 10
 1.320000E+02 25 6981 8 3 3 11
 1.360000E+02 22 6979 5 2 3 12
 1.400000E+02 23 6979 7 1 3 12
 1.440000E+02 18 6979 2 0 3 13
 1.480000E+02 21 6978 3 1 3 14
 1.520000E+02 21 6977 3 0 3 15
 1.560000E+02 24 6977 6 0 3 15
 1.600000E+02 27 6977 7 1 4 15
 1.640000E+02 25 6976 3 2 5 15
 1.680000E+02 24 6976 3 0 5 16
 1.720000E+02 26 6975 5 0 5 16
 1.760000E+02 23 6975 2 0 5 16
 1.800000E+02 25 6975 3 1 5 16
 1.840000E+02 22 6975 0 1 5 16
 1.880000E+02 30 6975 4 5 5 16
 1.920000E+02 31 6972 7 2 6 16
 1.960000E+02 27 6972 4 1 6 16
 2.000000E+02 28 6972 2 2 8 16

#Simulation ended (eff.: 0.912044, detail below)
	#Events: 7020
	#Valid embedding but no longer unary when required: 0.000000
	#Valid embedding but not binary when required: 0.000000
	#Clashing instance: 0.000000
	#Lazy negative update: 1.000000
	#Lazy negative update of non local instances: 0.000000
	#Perturbation interrupting time advance: 0.000000
