# time 'Cases' 'Susceptible' 'Exposed' 'Infected' 'Removed' 'Deads'
 0.000000E+00 10 100000 0 10 0 0
 4.000000E+00 8 99998 3 1 2 2
 8.000000E+00 10 99996 5 1 2 2
 1.200000E+01 13 99996 8 0 3 2
 1.600000E+01 10 99996 4 1 3 2
 2.000000E+01 12 99995 3 2 4 3
 2.400000E+01 13 99994 3 3 4 3
 2.800000E+01 13 99992 4 2 4 3
 3.200000E+01 17 99990 7 1 5 4
 3.600000E+01 16 99989 5 1 5 5
 4.000000E+01 18 99988 7 1 5 5
 4.400000E+01 24 99985 9 3 5 7
 4.800000E+01 25 99982 9 0 6 10
 5.200000E+01 33 99979 13 4 6 10
 5.600000E+01 31 99976 10 1 7 13
 6.000000E+01 28 99974 5 1 9 13
 6.400000E+01 34 99974 9 2 9 14
 6.800000E+01 35 99974 9 0 10 16
 7.200000E+01 37 99974 9 2 10 16
 7.600000E+01 40 99973 7 5 10 18
 8.000000E+01 48 99965 12 5 11 20
 8.400000E+01 60 99959 22 4 14 20
 8.800000E+01 66 99955 24 7 14 21
 9.200000E+01 69 99949 22 4 15 28
 9.600000E+01 79 99941 21 10 16 32
 1.000000E+02 82 99936 17 11 18 36
 1.040000E+02 91 99926 21 9 18 43
 1.080000E+02 98 99919 26 6 20 46
 1.120000E+02 98 99914 19 11 20 48
 1.160000E+02 104 99910 18 13 22 51
 1.200000E+02 110 99907 16 11 23 60
 1.240000E+02 118 99897 17 12 23 66
 1.280000E+02 128 99888 22 9 24 73
 1.320000E+02 131 99881 18 9 26 78
 1.360000E+02 137 99875 22 7 28 80
 1.400000E+02 139 99869 20 6 29 84
 1.440000E+02 154 99865 24 11 32 87
 1.480000E+02 158 99859 20 10 34 94
 1.520000E+02 160 99857 16 13 35 96
 1.560000E+02 160 99851 10 13 35 102
 1.600000E+02 166 99846 14 11 37 104
 1.640000E+02 170 99840 14 6 38 112
 1.680000E+02 171 99837 14 3 39 115
 1.720000E+02 173 99833 14 2 41 116
 1.760000E+02 179 99832 14 6 42 117
 1.800000E+02 181 99825 13 7 42 119
 1.840000E+02 180 99824 9 7 42 122
 1.880000E+02 183 99819 11 7 42 123
 1.920000E+02 184 99817 8 7 42 127
 1.960000E+02 189 99815 11 5 44 129
 2.000000E+02 194 99813 10 5 48 131

#Simulation ended (eff.: 0.991019, detail below)
	#Events: 89385
	#Valid embedding but no longer unary when required: 0.000000
	#Valid embedding but not binary when required: 0.000000
	#Clashing instance: 0.000000
	#Lazy negative update: 1.000000
	#Lazy negative update of non local instances: 0.000000
	#Perturbation interrupting time advance: 0.000000
