# time 'Cases' 'Susceptible' 'Exposed' 'Infected' 'Removed' 'Deads'
 0.000000E+00 0 15800 0 0 0 0
 4.000000E+00 4 15800 4 0 0 0
 8.000000E+00 2 15800 2 0 0 0
 1.200000E+01 7 15800 7 0 0 0
 1.600000E+01 4 15800 4 0 0 0
 2.000000E+01 5 15800 2 2 0 1
 2.400000E+01 7 15797 4 1 0 2
 2.800000E+01 11 15794 5 4 0 2
 3.200000E+01 16 15790 8 5 0 3
 3.600000E+01 19 15785 10 3 0 6
 4.000000E+01 20 15782 11 1 1 7
 4.400000E+01 13 15780 4 1 1 7
 4.800000E+01 23 15777 10 3 2 8
 5.200000E+01 21 15769 6 5 2 8
 5.600000E+01 26 15765 10 4 3 9
 6.000000E+01 22 15762 5 0 4 13
 6.400000E+01 30 15761 13 0 4 13
 6.800000E+01 31 15759 11 3 4 13
 7.200000E+01 36 15758 13 2 5 16
 7.600000E+01 29 15757 4 2 6 17
 8.000000E+01 44 15755 16 3 7 18
 8.400000E+01 44 15754 14 2 8 20
 8.800000E+01 49 15749 17 2 8 22
 9.200000E+01 49 15745 15 1 9 24
 9.600000E+01 54 15740 16 4 9 25
 1.000000E+02 56 15736 14 5 9 28
 1.040000E+02 61 15734 16 5 9 31
 1.080000E+02 59 15729 14 3 10 32
 1.120000E+02 71 15727 21 4 11 35
 1.160000E+02 69 15722 14 5 12 38
 1.200000E+02 80 15720 17 6 14 43
 1.240000E+02 84 15715 17 5 15 47
 1.280000E+02 89 15712 19 5 16 49
 1.320000E+02 96 15707 17 13 16 50
 1.360000E+02 91 15705 12 7 17 55
 1.400000E+02 103 15697 20 8 18 57
 1.440000E+02 110 15692 19 11 22 58
 1.480000E+02 110 15681 16 7 25 62
 1.520000E+02 119 15672 22 6 26 65
 1.560000E+02 130 15668 26 6 28 70
 1.600000E+02 127 15667 19 8 30 70
 1.640000E+02 130 15661 15 10 32 73
 1.680000E+02 136 15651 15 12 34 75
 1.720000E+02 143 15647 15 14 36 78
 1.760000E+02 149 15640 18 11 38 82
 1.800000E+02 140 15637 9 5 42 84
 1.840000E+02 149 15634 14 7 42 86
 1.880000E+02 150 15632 11 7 42 90
 1.920000E+02 156 15629 14 5 42 95
 1.960000E+02 162 15623 14 7 42 99
 2.000000E+02 164 15620 9 10 43 102

#Simulation ended (eff.: 0.956055, detail below)
	#Events: 16665
	#Valid embedding but no longer unary when required: 0.000000
	#Valid embedding but not binary when required: 0.000000
	#Clashing instance: 0.000000
	#Lazy negative update: 1.000000
	#Lazy negative update of non local instances: 0.000000
	#Perturbation interrupting time advance: 0.000000
