# time 'Cases' 'Susceptible' 'Exposed' 'Infected' 'Removed' 'Deads'
 0.000000E+00 0 4700 0 0 0 0
 4.000000E+00 1 4700 0 0 0 1
 8.000000E+00 2 4700 1 0 0 1
 1.200000E+01 4 4699 2 1 0 1
 1.600000E+01 5 4698 3 0 0 2
 2.000000E+01 4 4697 2 0 0 2
 2.400000E+01 2 4697 0 0 0 2
 2.800000E+01 5 4697 3 0 0 2
 3.200000E+01 3 4697 1 0 0 2
 3.600000E+01 4 4697 2 0 0 2
 4.000000E+01 5 4697 2 1 0 2
 4.400000E+01 7 4697 4 0 1 2
 4.800000E+01 7 4697 4 0 1 2
 5.200000E+01 9 4697 6 0 1 2
 5.600000E+01 12 4697 6 3 1 2
 6.000000E+01 8 4697 3 0 2 3
 6.400000E+01 12 4697 5 2 2 3
 6.800000E+01 11 4697 3 0 3 5
 7.200000E+01 14 4696 5 1 3 5
 7.600000E+01 15 4695 5 2 3 5
 8.000000E+01 15 4694 5 0 3 7
 8.400000E+01 16 4693 5 1 3 7
 8.800000E+01 19 4690 8 0 3 8
 9.200000E+01 17 4690 4 0 3 10
 9.600000E+01 18 4688 4 1 3 10
 1.000000E+02 23 4687 6 3 3 11
 1.040000E+02 32 4683 13 2 5 12
 1.080000E+02 24 4683 4 3 5 12
 1.120000E+02 26 4683 7 2 5 12
 1.160000E+02 23 4682 5 0 5 13
 1.200000E+02 31 4680 9 3 6 13
 1.240000E+02 29 4679 7 3 6 13
 1.280000E+02 28 4677 6 0 6 16
 1.320000E+02 35 4677 9 4 6 16
 1.360000E+02 38 4676 10 3 7 18
 1.400000E+02 39 4672 11 1 7 20
 1.440000E+02 42 4672 13 0 8 21
 1.480000E+02 38 4671 7 0 8 23
 1.520000E+02 41 4670 7 3 8 23
 1.560000E+02 43 4670 9 1 9 24
 1.600000E+02 44 4668 7 4 9 24
 1.640000E+02 46 4664 9 2 9 26
 1.680000E+02 52 4664 10 4 10 28
 1.720000E+02 48 4662 7 0 12 29
 1.760000E+02 47 4662 3 2 12 30
 1.800000E+02 50 4660 5 0 13 32
 1.840000E+02 52 4659 6 0 14 32
 1.880000E+02 48 4659 2 0 14 32
 1.920000E+02 50 4659 4 0 14 32
 1.960000E+02 54 4659 5 2 14 33
 2.000000E+02 50 4659 0 3 14 33

#Simulation ended (eff.: 0.909667, detail below)
	#Events: 5166
	#Valid embedding but no longer unary when required: 0.000000
	#Valid embedding but not binary when required: 0.000000
	#Clashing instance: 0.000000
	#Lazy negative update: 1.000000
	#Lazy negative update of non local instances: 0.000000
	#Perturbation interrupting time advance: 0.000000
