# time 'Cases' 'Susceptible' 'Exposed' 'Infected' 'Removed' 'Deads'
 0.000000E+00 0 7000 0 0 0 0
 4.000000E+00 2 6999 1 1 0 0
 8.000000E+00 2 6999 2 0 0 0
 1.200000E+01 2 6999 2 0 0 0
 1.600000E+01 6 6999 4 1 1 0
 2.000000E+01 10 6999 8 1 1 0
 2.400000E+01 11 6997 8 1 1 1
 2.800000E+01 11 6994 7 2 1 1
 3.200000E+01 15 6992 11 2 1 1
 3.600000E+01 8 6988 3 2 1 2
 4.000000E+01 15 6985 7 3 1 4
 4.400000E+01 12 6984 3 3 1 5
 4.800000E+01 16 6981 8 0 2 6
 5.200000E+01 19 6975 7 2 2 8
 5.600000E+01 17 6974 3 2 2 10
 6.000000E+01 24 6970 11 1 2 10
 6.400000E+01 21 6969 6 2 2 11
 6.800000E+01 27 6966 8 4 2 13
 7.200000E+01 30 6965 12 2 3 13
 7.600000E+01 28 6964 10 1 3 14
 8.000000E+01 36 6964 16 3 3 14
 8.400000E+01 27 6963 7 2 3 15
 8.800000E+01 34 6961 13 2 4 15
 9.200000E+01 37 6957 11 7 4 15
 9.600000E+01 38 6954 11 7 4 16
 1.000000E+02 42 6952 12 4 6 20
 1.040000E+02 38 6948 5 3 6 24
 1.080000E+02 48 6947 12 2 6 28
 1.120000E+02 52 6943 15 2 7 28
 1.160000E+02 57 6942 18 2 7 30
 1.200000E+02 55 6940 11 2 8 34
 1.240000E+02 56 6938 7 4 9 36
 1.280000E+02 69 6933 16 6 11 36
 1.320000E+02 72 6929 15 5 14 38
 1.360000E+02 74 6929 16 3 17 38
 1.400000E+02 82 6928 20 4 18 40
 1.440000E+02 78 6924 13 4 20 41
 1.480000E+02 74 6918 9 3 20 42
 1.520000E+02 84 6916 16 3 20 45
 1.560000E+02 77 6916 7 3 20 47
 1.600000E+02 86 6911 13 4 21 48
 1.640000E+02 79 6911 7 1 21 50
 1.680000E+02 85 6910 8 5 21 51
 1.720000E+02 88 6910 7 7 21 53
 1.760000E+02 90 6908 10 3 23 54
 1.800000E+02 95 6908 12 5 23 55
 1.840000E+02 97 6906 13 5 23 56
 1.880000E+02 97 6900 11 5 24 57
 1.920000E+02 95 6899 9 2 24 60
 1.960000E+02 94 6897 6 4 24 60
 2.000000E+02 95 6896 4 5 24 62

#Simulation ended (eff.: 0.885393, detail below)
	#Events: 8892
	#Valid embedding but no longer unary when required: 0.000000
	#Valid embedding but not binary when required: 0.000000
	#Clashing instance: 0.000000
	#Lazy negative update: 1.000000
	#Lazy negative update of non local instances: 0.000000
	#Perturbation interrupting time advance: 0.000000
