# time 'Cases' 'Susceptible' 'Exposed' 'Infected' 'Removed' 'Deads'
 0.000000E+00 10 100000 0 10 0 0
 4.000000E+00 15 99990 6 6 1 2
 8.000000E+00 17 99981 10 4 1 2
 1.200000E+01 14 99978 7 1 2 4
 1.600000E+01 23 99974 13 3 2 5
 2.000000E+01 27 99969 14 5 2 6
 2.400000E+01 36 99956 18 7 3 8
 2.800000E+01 41 99948 16 9 4 12
 3.200000E+01 51 99935 22 8 7 14
 3.600000E+01 57 99930 21 12 10 14
 4.000000E+01 59 99924 19 7 13 20
 4.400000E+01 80 99914 33 9 15 23
 4.800000E+01 91 99904 34 10 17 30
 5.200000E+01 101 99892 42 9 17 33
 5.600000E+01 120 99875 51 12 18 39
 6.000000E+01 140 99858 55 21 20 44
 6.400000E+01 153 99842 56 16 23 58
 6.800000E+01 163 99827 49 22 24 68
 7.200000E+01 173 99805 46 20 25 82
 7.600000E+01 198 99785 55 23 33 87
 8.000000E+01 226 99761 67 22 38 99
 8.400000E+01 251 99745 82 17 41 111
 8.800000E+01 263 99718 73 22 42 126
 9.200000E+01 279 99697 68 26 47 138
 9.600000E+01 301 99666 80 21 50 150
 1.000000E+02 332 99642 90 25 53 164
 1.040000E+02 369 99612 87 47 56 179
 1.080000E+02 393 99581 94 37 63 199
 1.120000E+02 408 99557 91 31 73 213
 1.160000E+02 442 99529 85 44 80 233
 1.200000E+02 463 99505 82 40 87 254
 1.240000E+02 497 99470 96 31 101 269
 1.280000E+02 518 99445 82 38 106 292
 1.320000E+02 535 99424 86 27 114 308
 1.360000E+02 578 99402 92 43 119 324
 1.400000E+02 601 99371 76 50 131 344
 1.440000E+02 640 99341 97 44 136 363
 1.480000E+02 643 99315 79 39 148 377
 1.520000E+02 671 99295 84 38 155 394
 1.560000E+02 702 99270 90 43 161 408
 1.600000E+02 740 99239 92 44 173 431
 1.640000E+02 756 99215 81 36 183 456
 1.680000E+02 782 99192 70 46 191 475
 1.720000E+02 793 99177 63 38 205 487
 1.760000E+02 821 99154 72 36 209 504
 1.800000E+02 844 99131 73 37 220 514
 1.840000E+02 861 99121 74 31 226 530
 1.880000E+02 880 99102 73 33 230 544
 1.920000E+02 886 99087 56 28 238 564
 1.960000E+02 903 99073 47 33 241 582
 2.000000E+02 927 99055 52 37 247 591

#Simulation ended (eff.: 0.982773, detail below)
	#Events: 99381
	#Valid embedding but no longer unary when required: 0.000000
	#Valid embedding but not binary when required: 0.000000
	#Clashing instance: 0.000000
	#Lazy negative update: 1.000000
	#Lazy negative update of non local instances: 0.000000
	#Perturbation interrupting time advance: 0.000000
