# time 'Cases' 'Susceptible' 'Exposed' 'Infected' 'Removed' 'Deads'
 0.000000E+00 10 10000 0 10 0 0
 4.000000E+00 11 9989 2 9 0 0
 8.000000E+00 21 9984 12 6 2 1
 1.200000E+01 14 9983 7 1 3 3
 1.600000E+01 21 9981 12 1 3 5
 2.000000E+01 22 9979 10 4 3 5
 2.400000E+01 21 9978 8 2 4 7
 2.800000E+01 19 9977 3 3 5 8
 3.200000E+01 28 9974 8 6 5 9
 3.600000E+01 30 9965 9 3 6 12
 4.000000E+01 42 9953 17 7 6 12
 4.400000E+01 52 9946 25 6 6 15
 4.800000E+01 46 9941 14 9 6 17
 5.200000E+01 60 9932 20 11 9 20
 5.600000E+01 63 9924 18 10 11 24
 6.000000E+01 79 9916 28 11 12 28
 6.400000E+01 86 9900 31 11 13 31
 6.800000E+01 92 9888 32 8 15 37
 7.200000E+01 93 9880 26 10 18 39
 7.600000E+01 108 9869 31 15 20 42
 8.000000E+01 116 9860 33 14 21 48
 8.400000E+01 129 9850 38 11 24 56
 8.800000E+01 134 9837 34 7 30 63
 9.200000E+01 139 9831 28 11 31 69
 9.600000E+01 154 9823 29 14 36 75
 1.000000E+02 172 9809 35 14 39 84
 1.040000E+02 184 9798 37 15 43 89
 1.080000E+02 178 9791 26 13 45 94
 1.120000E+02 196 9784 33 12 50 101
 1.160000E+02 192 9774 23 11 52 106
 1.200000E+02 202 9764 22 15 55 110
 1.240000E+02 223 9756 31 13 57 122
 1.280000E+02 233 9746 31 16 58 128
 1.320000E+02 242 9742 30 17 61 134
 1.360000E+02 255 9721 38 13 63 141
 1.400000E+02 263 9715 36 16 64 147
 1.440000E+02 271 9709 31 20 65 155
 1.480000E+02 282 9695 34 19 70 159
 1.520000E+02 282 9691 30 11 72 169
 1.560000E+02 289 9687 26 15 74 174
 1.600000E+02 302 9677 24 23 77 178
 1.640000E+02 308 9671 28 18 77 185
 1.680000E+02 332 9656 42 18 79 193
 1.720000E+02 334 9645 32 19 83 200
 1.760000E+02 342 9633 31 17 85 209
 1.800000E+02 346 9622 27 17 86 216
 1.840000E+02 347 9620 20 14 88 225
 1.880000E+02 351 9615 20 13 90 228
 1.920000E+02 358 9612 18 15 93 232
 1.960000E+02 369 9607 20 15 97 237
 2.000000E+02 372 9603 19 8 98 247

#Simulation ended (eff.: 0.935443, detail below)
	#Events: 14099
	#Valid embedding but no longer unary when required: 0.000000
	#Valid embedding but not binary when required: 0.000000
	#Clashing instance: 0.000000
	#Lazy negative update: 1.000000
	#Lazy negative update of non local instances: 0.000000
	#Perturbation interrupting time advance: 0.000000
