# time 'Cases' 'Susceptible' 'Exposed' 'Infected' 'Removed' 'Deads'
 0.000000E+00 0 1580 0 0 0 0
 4.000000E+00 6 1580 6 0 0 0
 8.000000E+00 1 1580 1 0 0 0
 1.200000E+01 11 1577 8 1 1 1
 1.600000E+01 5 1577 2 0 1 2
 2.000000E+01 8 1576 5 0 1 2
 2.400000E+01 11 1576 7 1 1 2
 2.800000E+01 10 1574 6 1 1 2
 3.200000E+01 11 1573 7 0 1 3
 3.600000E+01 14 1572 6 2 2 4
 4.000000E+01 15 1571 5 3 2 5
 4.400000E+01 18 1571 5 2 3 8
 4.800000E+01 21 1567 7 1 4 9
 5.200000E+01 25 1564 9 1 4 11
 5.600000E+01 32 1561 14 0 6 12
 6.000000E+01 29 1557 10 1 6 12
 6.400000E+01 31 1557 8 2 7 14
 6.800000E+01 43 1552 16 6 7 14
 7.200000E+01 45 1551 17 4 8 16
 7.600000E+01 46 1544 14 5 9 18
 8.000000E+01 52 1539 13 9 9 21
 8.400000E+01 58 1532 18 7 9 24
 8.800000E+01 63 1526 19 4 10 30
 9.200000E+01 69 1525 21 3 12 33
 9.600000E+01 69 1521 19 4 13 33
 1.000000E+02 66 1520 13 3 17 33
 1.040000E+02 62 1519 8 1 20 33
 1.080000E+02 73 1519 14 4 21 34
 1.120000E+02 77 1517 13 6 22 36
 1.160000E+02 89 1515 18 6 25 40
 1.200000E+02 93 1510 15 4 27 47
 1.240000E+02 86 1507 6 4 28 48
 1.280000E+02 93 1504 12 3 28 50
 1.320000E+02 97 1502 13 4 28 52
 1.360000E+02 99 1499 11 2 29 57
 1.400000E+02 107 1491 15 4 29 59
 1.440000E+02 109 1490 12 5 30 62
 1.480000E+02 107 1486 10 3 31 63
 1.520000E+02 115 1482 12 7 31 65
 1.560000E+02 125 1477 17 7 31 70
 1.600000E+02 126 1472 18 6 31 71
 1.640000E+02 126 1470 13 8 32 73
 1.680000E+02 121 1468 9 2 32 78
 1.720000E+02 130 1468 14 5 32 79
 1.760000E+02 136 1468 13 7 34 82
 1.800000E+02 145 1464 16 4 35 90
 1.840000E+02 148 1460 12 4 38 94
 1.880000E+02 154 1456 7 8 39 100
 1.920000E+02 157 1453 10 7 40 100
 1.960000E+02 159 1449 8 6 40 105
 2.000000E+02 162 1447 10 4 41 107

#Simulation ended (eff.: 0.843211, detail below)
	#Events: 4012
	#Valid embedding but no longer unary when required: 0.000000
	#Valid embedding but not binary when required: 0.000000
	#Clashing instance: 0.000000
	#Lazy negative update: 1.000000
	#Lazy negative update of non local instances: 0.000000
	#Perturbation interrupting time advance: 0.000000
