# time 'Cases' 'Susceptible' 'Exposed' 'Infected' 'Removed' 'Deads'
 0.000000E+00 0 470 0 0 0 0
 4.000000E+00 3 468 2 1 0 0
 8.000000E+00 2 467 1 1 0 0
 1.200000E+01 2 467 1 1 0 0
 1.600000E+01 2 467 2 0 0 0
 2.000000E+01 2 467 1 1 0 0
 2.400000E+01 1 467 1 0 0 0
 2.800000E+01 1 467 0 1 0 0
 3.200000E+01 3 467 3 0 0 0
 3.600000E+01 4 467 4 0 0 0
 4.000000E+01 2 467 1 1 0 0
 4.400000E+01 2 467 2 0 0 0
 4.800000E+01 0 467 0 0 0 0
 5.200000E+01 2 467 2 0 0 0
 5.600000E+01 2 467 2 0 0 0
 6.000000E+01 3 466 2 1 0 0
 6.400000E+01 4 465 3 0 0 1
 6.800000E+01 2 464 0 1 0 1
 7.200000E+01 4 463 3 0 0 1
 7.600000E+01 4 462 1 1 0 2
 8.000000E+01 7 461 4 1 0 2
 8.400000E+01 9 461 5 2 0 2
 8.800000E+01 5 461 3 0 0 2
 9.200000E+01 7 461 4 0 1 2
 9.600000E+01 8 461 3 2 1 2
 1.000000E+02 7 460 1 1 1 4
 1.040000E+02 8 455 1 2 1 4
 1.080000E+02 11 455 4 2 1 4
 1.120000E+02 10 454 3 1 1 5
 1.160000E+02 10 454 3 1 1 5
 1.200000E+02 7 454 0 0 1 6
 1.240000E+02 12 454 3 1 1 7
 1.280000E+02 9 454 1 0 1 7
 1.320000E+02 10 453 0 1 1 8
 1.360000E+02 10 453 0 1 1 8
 1.400000E+02 13 453 2 1 1 9
 1.440000E+02 15 453 4 1 1 9
 1.480000E+02 14 452 3 0 2 9
 1.520000E+02 14 452 3 0 2 9
 1.560000E+02 13 452 0 1 2 10
 1.600000E+02 18 450 5 0 3 10
 1.640000E+02 15 450 2 0 3 10
 1.680000E+02 14 450 1 0 3 10
 1.720000E+02 15 450 1 1 3 10
 1.760000E+02 16 449 2 1 3 10
 1.800000E+02 14 449 0 0 4 10
 1.840000E+02 14 449 0 0 4 10
 1.880000E+02 16 449 1 1 4 10
 1.920000E+02 18 448 1 2 5 10
 1.960000E+02 19 447 1 2 5 11
 2.000000E+02 17 446 0 1 5 11

#Simulation ended (eff.: 0.731148, detail below)
	#Events: 892
	#Valid embedding but no longer unary when required: 0.000000
	#Valid embedding but not binary when required: 0.000000
	#Clashing instance: 0.000000
	#Lazy negative update: 1.000000
	#Lazy negative update of non local instances: 0.000000
	#Perturbation interrupting time advance: 0.000000
