# time 'Cases' 'Susceptible' 'Exposed' 'Infected' 'Removed' 'Deads'
 0.000000E+00 0 1580 0 0 0 0
 4.000000E+00 1 1580 0 1 0 0
 8.000000E+00 6 1580 6 0 0 0
 1.200000E+01 3 1580 2 1 0 0
 1.600000E+01 2 1580 1 0 1 0
 2.000000E+01 5 1578 3 1 1 0
 2.400000E+01 4 1578 1 2 1 0
 2.800000E+01 8 1576 5 1 1 1
 3.200000E+01 9 1574 6 0 1 2
 3.600000E+01 10 1574 5 2 1 2
 4.000000E+01 11 1568 6 2 1 2
 4.400000E+01 15 1564 8 3 1 3
 4.800000E+01 15 1560 6 5 1 3
 5.200000E+01 24 1557 14 3 2 5
 5.600000E+01 23 1549 10 4 3 6
 6.000000E+01 26 1549 13 1 5 7
 6.400000E+01 35 1547 17 4 6 8
 6.800000E+01 38 1544 16 6 7 9
 7.200000E+01 41 1541 15 5 8 13
 7.600000E+01 46 1535 14 11 8 13
 8.000000E+01 51 1534 18 6 11 16
 8.400000E+01 57 1525 20 8 11 18
 8.800000E+01 62 1523 21 5 13 23
 9.200000E+01 65 1520 22 4 15 24
 9.600000E+01 68 1515 17 10 15 26
 1.000000E+02 75 1506 18 10 16 31
 1.040000E+02 87 1498 26 10 16 35
 1.080000E+02 108 1487 39 12 17 40
 1.120000E+02 105 1480 27 15 18 45
 1.160000E+02 114 1471 32 8 20 54
 1.200000E+02 124 1460 33 10 22 59
 1.240000E+02 122 1453 27 9 23 63
 1.280000E+02 125 1449 24 9 25 67
 1.320000E+02 135 1442 21 16 28 70
 1.360000E+02 143 1439 27 11 31 74
 1.400000E+02 148 1435 25 10 35 78
 1.440000E+02 171 1423 39 15 36 81
 1.480000E+02 159 1416 21 14 38 86
 1.520000E+02 176 1407 34 9 42 91
 1.560000E+02 161 1402 16 4 42 99
 1.600000E+02 179 1399 25 11 44 99
 1.640000E+02 186 1396 25 8 46 107
 1.680000E+02 187 1394 20 9 48 110
 1.720000E+02 201 1389 29 10 48 114
 1.760000E+02 202 1383 21 11 51 119
 1.800000E+02 210 1380 20 13 53 124
 1.840000E+02 215 1374 18 11 56 130
 1.880000E+02 221 1373 20 10 57 134
 1.920000E+02 229 1370 25 8 59 137
 1.960000E+02 225 1367 13 9 61 142
 2.000000E+02 224 1366 9 7 64 144

#Simulation ended (eff.: 0.852839, detail below)
	#Events: 5378
	#Valid embedding but no longer unary when required: 0.000000
	#Valid embedding but not binary when required: 0.000000
	#Clashing instance: 0.000000
	#Lazy negative update: 1.000000
	#Lazy negative update of non local instances: 0.000000
	#Perturbation interrupting time advance: 0.000000
