# time 'Cases' 'Susceptible' 'Exposed' 'Infected' 'Removed' 'Deads'
 0.000000E+00 0 470 0 0 0 0
 4.000000E+00 0 470 0 0 0 0
 8.000000E+00 2 470 2 0 0 0
 1.200000E+01 0 469 0 0 0 0
 1.600000E+01 4 469 3 1 0 0
 2.000000E+01 3 469 2 1 0 0
 2.400000E+01 4 467 3 0 1 0
 2.800000E+01 4 467 2 0 1 1
 3.200000E+01 5 465 2 1 1 1
 3.600000E+01 6 465 2 1 2 1
 4.000000E+01 4 464 0 0 2 2
 4.400000E+01 5 464 1 0 2 2
 4.800000E+01 5 464 1 0 2 2
 5.200000E+01 4 464 0 0 2 2
 5.600000E+01 5 464 1 0 2 2
 6.000000E+01 6 464 2 0 2 2
 6.400000E+01 7 463 2 1 2 2
 6.800000E+01 8 463 4 0 2 2
 7.200000E+01 8 463 3 1 2 2
 7.600000E+01 12 462 5 1 2 4
 8.000000E+01 9 461 2 0 2 5
 8.400000E+01 10 461 3 0 2 5
 8.800000E+01 8 461 1 0 2 5
 9.200000E+01 7 461 0 0 2 5
 9.600000E+01 12 461 5 0 2 5
 1.000000E+02 9 461 2 0 2 5
 1.040000E+02 10 461 2 1 2 5
 1.080000E+02 11 460 2 2 2 5
 1.120000E+02 11 460 1 1 3 6
 1.160000E+02 20 459 6 3 5 6
 1.200000E+02 18 459 4 1 7 6
 1.240000E+02 16 458 2 1 7 6
 1.280000E+02 17 458 3 0 7 7
 1.320000E+02 19 456 4 1 7 7
 1.360000E+02 18 456 3 1 7 7
 1.400000E+02 17 456 2 1 7 7
 1.440000E+02 20 455 4 1 7 8
 1.480000E+02 18 454 1 2 7 8
 1.520000E+02 19 453 3 1 7 8
 1.560000E+02 16 452 0 1 7 8
 1.600000E+02 18 451 2 1 7 8
 1.640000E+02 19 450 3 1 7 8
 1.680000E+02 20 448 4 1 7 8
 1.720000E+02 21 447 5 1 7 8
 1.760000E+02 22 447 5 1 7 9
 1.800000E+02 22 447 4 2 7 9
 1.840000E+02 25 447 6 1 7 11
 1.880000E+02 23 447 3 0 8 12
 1.920000E+02 26 447 4 0 9 13
 1.960000E+02 25 447 2 1 9 13
 2.000000E+02 24 446 0 1 9 14

#Simulation ended (eff.: 0.733798, detail below)
	#Events: 1053
	#Valid embedding but no longer unary when required: 0.000000
	#Valid embedding but not binary when required: 0.000000
	#Clashing instance: 0.000000
	#Lazy negative update: 1.000000
	#Lazy negative update of non local instances: 0.000000
	#Perturbation interrupting time advance: 0.000000
