# time 'Cases' 'Susceptible' 'Exposed' 'Infected' 'Removed' 'Deads'
 0.000000E+00 0 1580 0 0 0 0
 4.000000E+00 1 1580 1 0 0 0
 8.000000E+00 1 1580 1 0 0 0
 1.200000E+01 5 1580 5 0 0 0
 1.600000E+01 3 1579 1 2 0 0
 2.000000E+01 5 1578 2 1 0 2
 2.400000E+01 5 1577 1 1 0 3
 2.800000E+01 12 1574 7 1 0 4
 3.200000E+01 13 1571 6 2 0 5
 3.600000E+01 17 1568 10 1 1 5
 4.000000E+01 11 1567 2 2 2 5
 4.400000E+01 13 1567 1 3 2 7
 4.800000E+01 16 1566 3 2 2 9
 5.200000E+01 21 1565 8 1 2 10
 5.600000E+01 22 1565 7 2 2 11
 6.000000E+01 23 1563 7 1 3 12
 6.400000E+01 23 1560 5 2 4 12
 6.800000E+01 25 1560 4 3 4 14
 7.200000E+01 27 1558 6 2 4 15
 7.600000E+01 25 1558 4 1 4 16
 8.000000E+01 27 1557 4 1 4 18
 8.400000E+01 34 1556 9 2 4 19
 8.800000E+01 33 1553 7 2 4 20
 9.200000E+01 38 1552 10 2 6 20
 9.600000E+01 38 1551 6 6 6 20
 1.000000E+02 43 1547 8 6 7 22
 1.040000E+02 46 1544 12 5 7 22
 1.080000E+02 49 1541 10 8 8 23
 1.120000E+02 53 1534 13 7 9 24
 1.160000E+02 50 1530 6 8 10 26
 1.200000E+02 53 1526 8 2 11 32
 1.240000E+02 58 1523 11 4 11 32
 1.280000E+02 56 1521 7 3 11 35
 1.320000E+02 68 1520 19 2 11 36
 1.360000E+02 65 1520 13 4 11 37
 1.400000E+02 71 1519 13 4 12 42
 1.440000E+02 75 1517 13 3 13 46
 1.480000E+02 74 1516 5 9 13 47
 1.520000E+02 80 1513 7 9 13 51
 1.560000E+02 94 1509 17 12 13 52
 1.600000E+02 94 1502 16 8 14 56
 1.640000E+02 91 1501 9 6 15 61
 1.680000E+02 100 1496 17 4 15 64
 1.720000E+02 96 1496 8 4 17 67
 1.760000E+02 100 1493 12 2 17 69
 1.800000E+02 101 1491 12 3 17 69
 1.840000E+02 103 1489 9 7 17 70
 1.880000E+02 103 1486 10 4 17 72
 1.920000E+02 101 1485 8 2 17 74
 1.960000E+02 104 1485 7 3 17 77
 2.000000E+02 109 1483 6 7 18 78

#Simulation ended (eff.: 0.834458, detail below)
	#Events: 3216
	#Valid embedding but no longer unary when required: 0.000000
	#Valid embedding but not binary when required: 0.000000
	#Clashing instance: 0.000000
	#Lazy negative update: 1.000000
	#Lazy negative update of non local instances: 0.000000
	#Perturbation interrupting time advance: 0.000000
