# time 'Cases' 'Susceptible' 'Exposed' 'Infected' 'Removed' 'Deads'
 0.000000E+00 0 7000 0 0 0 0
 4.000000E+00 0 7000 0 0 0 0
 8.000000E+00 0 7000 0 0 0 0
 1.200000E+01 0 7000 0 0 0 0
 1.600000E+01 1 7000 1 0 0 0
 2.000000E+01 2 7000 2 0 0 0
 2.400000E+01 1 7000 1 0 0 0
 2.800000E+01 1 7000 1 0 0 0
 3.200000E+01 3 6999 2 0 0 1
 3.600000E+01 1 6999 0 0 0 1
 4.000000E+01 2 6999 1 0 0 1
 4.400000E+01 1 6999 0 0 0 1
 4.800000E+01 3 6999 2 0 0 1
 5.200000E+01 3 6999 2 0 0 1
 5.600000E+01 2 6999 1 0 0 1
 6.000000E+01 2 6999 1 0 0 1
 6.400000E+01 7 6999 6 0 0 1
 6.800000E+01 5 6999 4 0 0 1
 7.200000E+01 4 6999 2 1 0 1
 7.600000E+01 3 6999 1 1 0 1
 8.000000E+01 7 6997 3 2 0 2
 8.400000E+01 8 6997 5 1 0 2
 8.800000E+01 5 6997 2 0 0 3
 9.200000E+01 5 6997 2 0 0 3
 9.600000E+01 4 6997 1 0 0 3
 1.000000E+02 7 6997 3 0 1 3
 1.040000E+02 9 6997 5 0 1 3
 1.080000E+02 6 6997 1 1 1 3
 1.120000E+02 11 6997 4 2 1 4
 1.160000E+02 8 6995 1 0 2 5
 1.200000E+02 10 6995 1 1 2 6
 1.240000E+02 9 6995 1 0 2 6
 1.280000E+02 15 6995 5 1 2 7
 1.320000E+02 14 6994 4 1 2 7
 1.360000E+02 18 6991 6 2 3 7
 1.400000E+02 15 6990 2 2 3 8
 1.440000E+02 19 6990 3 4 3 9
 1.480000E+02 19 6988 4 3 3 9
 1.520000E+02 16 6987 3 1 3 9
 1.560000E+02 18 6987 5 1 3 9
 1.600000E+02 15 6985 1 0 4 10
 1.640000E+02 18 6985 3 1 4 10
 1.680000E+02 19 6985 4 0 5 10
 1.720000E+02 19 6985 3 1 5 10
 1.760000E+02 19 6982 3 1 5 10
 1.800000E+02 17 6982 1 1 5 10
 1.840000E+02 19 6982 2 2 5 10
 1.880000E+02 20 6982 1 3 6 10
 1.920000E+02 19 6980 0 1 6 12
 1.960000E+02 22 6980 2 0 6 14
 2.000000E+02 22 6979 1 0 6 15

#Simulation ended (eff.: 0.927780, detail below)
	#Events: 6616
	#Valid embedding but no longer unary when required: 0.000000
	#Valid embedding but not binary when required: 0.000000
	#Clashing instance: 0.000000
	#Lazy negative update: 1.000000
	#Lazy negative update of non local instances: 0.000000
	#Perturbation interrupting time advance: 0.000000
