# time 'Cases' 'Susceptible' 'Exposed' 'Infected' 'Removed' 'Deads'
 0.000000E+00 0 15800 0 0 0 0
 4.000000E+00 2 15800 2 0 0 0
 8.000000E+00 3 15800 3 0 0 0
 1.200000E+01 7 15800 7 0 0 0
 1.600000E+01 6 15800 6 0 0 0
 2.000000E+01 7 15798 5 1 0 1
 2.400000E+01 7 15796 5 1 0 1
 2.800000E+01 10 15796 6 2 1 1
 3.200000E+01 10 15795 6 0 1 3
 3.600000E+01 11 15795 6 0 1 4
 4.000000E+01 16 15794 8 3 1 4
 4.400000E+01 13 15791 5 2 2 4
 4.800000E+01 15 15791 5 2 3 5
 5.200000E+01 21 15790 11 1 3 6
 5.600000E+01 23 15789 10 4 3 6
 6.000000E+01 23 15784 10 4 3 6
 6.400000E+01 25 15782 10 1 8 6
 6.800000E+01 31 15780 14 2 8 7
 7.200000E+01 36 15775 12 7 9 8
 7.600000E+01 38 15770 11 6 11 10
 8.000000E+01 41 15764 11 5 11 14
 8.400000E+01 41 15760 8 5 12 16
 8.800000E+01 52 15757 16 5 13 18
 9.200000E+01 53 15754 13 5 14 21
 9.600000E+01 53 15749 12 2 16 23
 1.000000E+02 61 15744 18 4 16 23
 1.040000E+02 58 15742 13 3 16 26
 1.080000E+02 54 15742 11 0 17 26
 1.120000E+02 61 15741 12 4 19 26
 1.160000E+02 63 15740 9 7 19 28
 1.200000E+02 66 15736 7 9 19 31
 1.240000E+02 72 15734 13 3 21 35
 1.280000E+02 74 15731 10 4 22 38
 1.320000E+02 75 15731 11 3 22 39
 1.360000E+02 77 15727 10 5 22 40
 1.400000E+02 75 15726 6 4 24 41
 1.440000E+02 78 15723 6 1 28 43
 1.480000E+02 81 15722 7 1 28 45
 1.520000E+02 86 15722 10 1 28 47
 1.560000E+02 85 15722 7 2 29 47
 1.600000E+02 89 15721 10 2 29 48
 1.640000E+02 90 15721 10 2 30 48
 1.680000E+02 88 15720 3 6 30 49
 1.720000E+02 101 15718 9 6 32 54
 1.760000E+02 103 15714 8 7 32 56
 1.800000E+02 102 15714 7 1 33 61
 1.840000E+02 103 15712 5 3 33 62
 1.880000E+02 103 15712 5 2 34 62
 1.920000E+02 101 15712 3 1 35 62
 1.960000E+02 103 15712 3 2 36 62
 2.000000E+02 110 15712 7 4 36 63

#Simulation ended (eff.: 0.957158, detail below)
	#Events: 15751
	#Valid embedding but no longer unary when required: 0.000000
	#Valid embedding but not binary when required: 0.000000
	#Clashing instance: 0.000000
	#Lazy negative update: 1.000000
	#Lazy negative update of non local instances: 0.000000
	#Perturbation interrupting time advance: 0.000000
