# time 'Cases' 'Susceptible' 'Exposed' 'Infected' 'Removed' 'Deads'
 0.000000E+00 0 470 0 0 0 0
 4.000000E+00 0 470 0 0 0 0
 8.000000E+00 1 470 1 0 0 0
 1.200000E+01 3 470 3 0 0 0
 1.600000E+01 0 470 0 0 0 0
 2.000000E+01 0 470 0 0 0 0
 2.400000E+01 2 470 2 0 0 0
 2.800000E+01 1 470 1 0 0 0
 3.200000E+01 0 470 0 0 0 0
 3.600000E+01 4 468 3 1 0 0
 4.000000E+01 3 468 1 0 1 1
 4.400000E+01 3 468 1 0 1 1
 4.800000E+01 4 468 2 0 1 1
 5.200000E+01 3 468 0 1 1 1
 5.600000E+01 4 468 1 1 1 1
 6.000000E+01 7 465 5 0 1 1
 6.400000E+01 4 465 2 0 1 1
 6.800000E+01 6 465 2 1 1 2
 7.200000E+01 7 463 3 1 1 2
 7.600000E+01 9 462 5 0 2 2
 8.000000E+01 8 461 2 1 3 2
 8.400000E+01 7 461 1 0 3 3
 8.800000E+01 11 460 4 1 3 3
 9.200000E+01 14 460 4 4 3 3
 9.600000E+01 15 459 3 2 4 6
 1.000000E+02 12 458 1 0 5 6
 1.040000E+02 15 457 4 0 5 6
 1.080000E+02 15 457 3 1 5 6
 1.120000E+02 17 456 4 1 5 7
 1.160000E+02 21 455 5 3 5 8
 1.200000E+02 17 452 2 1 5 9
 1.240000E+02 22 452 5 2 5 10
 1.280000E+02 20 451 5 0 5 10
 1.320000E+02 22 451 7 0 5 10
 1.360000E+02 21 451 5 1 5 10
 1.400000E+02 25 451 8 1 6 10
 1.440000E+02 21 451 4 0 7 10
 1.480000E+02 22 450 4 1 7 10
 1.520000E+02 21 450 2 2 7 10
 1.560000E+02 25 449 3 3 9 10
 1.600000E+02 28 447 7 1 10 10
 1.640000E+02 29 447 8 1 10 10
 1.680000E+02 28 447 6 1 10 11
 1.720000E+02 26 447 4 1 10 11
 1.760000E+02 26 445 4 1 10 11
 1.800000E+02 29 445 7 0 10 12
 1.840000E+02 23 444 1 0 10 12
 1.880000E+02 26 442 3 0 10 13
 1.920000E+02 30 442 7 0 10 13
 1.960000E+02 29 442 4 2 10 13
 2.000000E+02 25 442 1 0 11 13

#Simulation ended (eff.: 0.740765, detail below)
	#Events: 1143
	#Valid embedding but no longer unary when required: 0.000000
	#Valid embedding but not binary when required: 0.000000
	#Clashing instance: 0.000000
	#Lazy negative update: 1.000000
	#Lazy negative update of non local instances: 0.000000
	#Perturbation interrupting time advance: 0.000000
