# time 'Cases' 'Susceptible' 'Exposed' 'Infected' 'Removed' 'Deads'
 0.000000E+00 10 100000 0 10 0 0
 4.000000E+00 14 99993 3 6 2 3
 8.000000E+00 12 99991 3 1 3 5
 1.200000E+01 14 99991 5 1 3 5
 1.600000E+01 21 99988 10 2 3 6
 2.000000E+01 19 99986 4 5 3 7
 2.400000E+01 27 99981 10 4 5 8
 2.800000E+01 27 99977 9 3 6 9
 3.200000E+01 31 99972 11 3 7 10
 3.600000E+01 36 99970 13 2 9 12
 4.000000E+01 39 99966 11 5 11 12
 4.400000E+01 39 99962 11 3 11 14
 4.800000E+01 41 99959 10 5 11 15
 5.200000E+01 51 99952 14 8 12 17
 5.600000E+01 58 99945 19 6 15 18
 6.000000E+01 62 99941 18 5 18 21
 6.400000E+01 79 99929 31 7 20 21
 6.800000E+01 81 99923 27 4 24 26
 7.200000E+01 72 99921 12 9 25 26
 7.600000E+01 87 99914 22 9 28 28
 8.000000E+01 93 99907 22 11 29 31
 8.400000E+01 102 99903 26 8 31 37
 8.800000E+01 111 99894 27 11 33 40
 9.200000E+01 126 99886 35 11 34 46
 9.600000E+01 133 99878 31 11 36 55
 1.000000E+02 145 99856 31 15 38 61
 1.040000E+02 154 99849 30 15 40 69
 1.080000E+02 155 99838 25 9 44 77
 1.120000E+02 173 99835 34 9 45 85
 1.160000E+02 175 99830 27 9 48 91
 1.200000E+02 190 99822 28 15 51 96
 1.240000E+02 202 99806 32 13 56 101
 1.280000E+02 210 99801 31 12 60 107
 1.320000E+02 224 99788 38 9 63 114
 1.360000E+02 226 99784 24 14 68 120
 1.400000E+02 240 99776 26 18 70 126
 1.440000E+02 255 99765 33 14 72 136
 1.480000E+02 251 99758 27 11 73 140
 1.520000E+02 255 99750 21 15 77 142
 1.560000E+02 272 99744 25 18 79 150
 1.600000E+02 275 99738 24 11 83 157
 1.640000E+02 289 99726 25 19 87 158
 1.680000E+02 286 99722 23 10 90 163
 1.720000E+02 302 99715 25 16 95 166
 1.760000E+02 303 99714 22 10 97 174
 1.800000E+02 309 99704 18 14 97 180
 1.840000E+02 319 99696 23 14 99 183
 1.880000E+02 332 99685 25 18 103 186
 1.920000E+02 334 99682 19 18 105 192
 1.960000E+02 335 99675 15 15 106 199
 2.000000E+02 347 99669 23 11 109 204

#Simulation ended (eff.: 0.988481, detail below)
	#Events: 91220
	#Valid embedding but no longer unary when required: 0.000000
	#Valid embedding but not binary when required: 0.000000
	#Clashing instance: 0.000000
	#Lazy negative update: 1.000000
	#Lazy negative update of non local instances: 0.000000
	#Perturbation interrupting time advance: 0.000000
