# time 'Cases' 'Susceptible' 'Exposed' 'Infected' 'Removed' 'Deads'
 0.000000E+00 10 10000 0 10 0 0
 4.000000E+00 12 9993 3 6 1 2
 8.000000E+00 19 9984 9 1 3 6
 1.200000E+01 20 9979 10 1 3 6
 1.600000E+01 26 9976 15 1 3 7
 2.000000E+01 29 9972 14 5 3 7
 2.400000E+01 35 9965 15 4 4 12
 2.800000E+01 41 9955 16 6 4 15
 3.200000E+01 53 9945 23 8 7 15
 3.600000E+01 53 9944 22 7 8 16
 4.000000E+01 49 9942 16 5 8 20
 4.400000E+01 67 9932 26 10 8 23
 4.800000E+01 73 9925 25 10 11 27
 5.200000E+01 77 9919 21 12 15 29
 5.600000E+01 88 9907 26 12 16 34
 6.000000E+01 98 9893 34 11 16 37
 6.400000E+01 100 9885 27 14 17 42
 6.800000E+01 109 9875 35 9 20 45
 7.200000E+01 110 9869 29 10 22 49
 7.600000E+01 129 9857 36 17 24 52
 8.000000E+01 136 9843 38 13 26 59
 8.400000E+01 163 9823 49 18 28 68
 8.800000E+01 187 9799 59 21 32 75
 9.200000E+01 197 9785 59 24 36 78
 9.600000E+01 198 9771 44 29 39 86
 1.000000E+02 214 9752 51 17 45 101
 1.040000E+02 237 9734 55 24 49 109
 1.080000E+02 252 9720 58 19 53 122
 1.120000E+02 264 9696 52 29 55 128
 1.160000E+02 279 9677 50 28 59 142
 1.200000E+02 315 9660 68 27 67 153
 1.240000E+02 332 9641 70 25 71 166
 1.280000E+02 330 9624 48 31 76 175
 1.320000E+02 355 9602 55 29 81 190
 1.360000E+02 375 9581 65 21 90 199
 1.400000E+02 388 9559 57 22 95 214
 1.440000E+02 400 9549 51 31 99 219
 1.480000E+02 418 9536 45 33 107 233
 1.520000E+02 433 9520 49 30 110 244
 1.560000E+02 450 9501 50 29 113 258
 1.600000E+02 456 9482 48 26 118 264
 1.640000E+02 473 9470 53 20 125 275
 1.680000E+02 486 9460 42 26 131 287
 1.720000E+02 499 9454 43 30 133 293
 1.760000E+02 505 9448 38 23 141 303
 1.800000E+02 520 9437 36 28 143 313
 1.840000E+02 529 9419 31 26 145 327
 1.880000E+02 535 9414 29 23 146 337
 1.920000E+02 548 9405 33 14 154 347
 1.960000E+02 545 9400 23 13 157 352
 2.000000E+02 554 9393 19 12 162 361

#Simulation ended (eff.: 0.936416, detail below)
	#Events: 16789
	#Valid embedding but no longer unary when required: 0.000000
	#Valid embedding but not binary when required: 0.000000
	#Clashing instance: 0.000000
	#Lazy negative update: 1.000000
	#Lazy negative update of non local instances: 0.000000
	#Perturbation interrupting time advance: 0.000000
