# time 'Cases' 'Susceptible' 'Exposed' 'Infected' 'Removed' 'Deads'
 0.000000E+00 0 4700 0 0 0 0
 4.000000E+00 5 4699 2 1 1 1
 8.000000E+00 4 4699 2 0 1 1
 1.200000E+01 2 4699 0 0 1 1
 1.600000E+01 3 4699 1 0 1 1
 2.000000E+01 2 4699 0 0 1 1
 2.400000E+01 2 4699 0 0 1 1
 2.800000E+01 2 4699 0 0 1 1
 3.200000E+01 2 4699 0 0 1 1
 3.600000E+01 3 4699 1 0 1 1
 4.000000E+01 3 4699 1 0 1 1
 4.400000E+01 6 4699 3 1 1 1
 4.800000E+01 3 4699 0 0 2 1
 5.200000E+01 9 4698 5 1 2 1
 5.600000E+01 6 4697 2 0 3 1
 6.000000E+01 7 4696 2 1 3 1
 6.400000E+01 7 4696 1 2 3 1
 6.800000E+01 10 4696 3 2 4 1
 7.200000E+01 12 4695 4 1 5 2
 7.600000E+01 9 4693 0 2 5 2
 8.000000E+01 12 4693 3 0 5 4
 8.400000E+01 10 4693 1 0 5 4
 8.800000E+01 13 4692 3 1 5 4
 9.200000E+01 12 4692 2 1 5 4
 9.600000E+01 15 4692 5 0 6 4
 1.000000E+02 12 4692 2 0 6 4
 1.040000E+02 12 4692 1 0 6 5
 1.080000E+02 14 4692 2 1 6 5
 1.120000E+02 13 4692 2 0 6 5
 1.160000E+02 12 4692 1 0 6 5
 1.200000E+02 13 4692 1 0 6 6
 1.240000E+02 16 4692 2 2 6 6
 1.280000E+02 15 4692 0 1 7 7
 1.320000E+02 19 4691 1 4 7 7
 1.360000E+02 19 4691 3 2 7 7
 1.400000E+02 20 4690 4 0 7 9
 1.440000E+02 20 4690 4 0 7 9
 1.480000E+02 20 4689 2 2 7 9
 1.520000E+02 21 4686 4 1 7 9
 1.560000E+02 19 4686 2 1 7 9
 1.600000E+02 18 4684 0 2 7 9
 1.640000E+02 22 4683 4 0 8 10
 1.680000E+02 20 4683 1 1 8 10
 1.720000E+02 18 4683 0 0 8 10
 1.760000E+02 18 4683 0 0 8 10
 1.800000E+02 20 4683 1 1 8 10
 1.840000E+02 20 4683 1 0 8 11
 1.880000E+02 22 4683 2 1 8 11
 1.920000E+02 22 4683 2 0 8 12
 1.960000E+02 23 4683 1 2 8 12
 2.000000E+02 22 4683 1 0 9 12

#Simulation ended (eff.: 0.930419, detail below)
	#Events: 4533
	#Valid embedding but no longer unary when required: 0.000000
	#Valid embedding but not binary when required: 0.000000
	#Clashing instance: 0.000000
	#Lazy negative update: 1.000000
	#Lazy negative update of non local instances: 0.000000
	#Perturbation interrupting time advance: 0.000000
