# time 'Cases' 'Susceptible' 'Exposed' 'Infected' 'Removed' 'Deads'
 0.000000E+00 0 4700 0 0 0 0
 4.000000E+00 1 4700 1 0 0 0
 8.000000E+00 2 4700 2 0 0 0
 1.200000E+01 1 4700 1 0 0 0
 1.600000E+01 0 4700 0 0 0 0
 2.000000E+01 5 4700 5 0 0 0
 2.400000E+01 5 4699 4 1 0 0
 2.800000E+01 3 4699 2 0 0 1
 3.200000E+01 3 4699 2 0 0 1
 3.600000E+01 7 4699 5 1 0 1
 4.000000E+01 6 4697 3 2 0 1
 4.400000E+01 17 4693 13 3 0 1
 4.800000E+01 9 4691 6 2 0 1
 5.200000E+01 10 4688 6 2 0 2
 5.600000E+01 6 4688 3 0 0 3
 6.000000E+01 7 4687 4 0 0 3
 6.400000E+01 11 4687 8 0 0 3
 6.800000E+01 14 4686 7 2 0 5
 7.200000E+01 18 4685 9 3 0 6
 7.600000E+01 19 4684 9 2 2 6
 8.000000E+01 21 4680 7 6 2 6
 8.400000E+01 23 4676 9 3 2 9
 8.800000E+01 31 4673 12 6 2 11
 9.200000E+01 34 4672 14 3 2 15
 9.600000E+01 34 4671 9 6 3 16
 1.000000E+02 28 4667 4 1 5 18
 1.040000E+02 32 4664 6 2 5 19
 1.080000E+02 42 4662 12 4 5 21
 1.120000E+02 39 4662 9 2 7 21
 1.160000E+02 48 4659 12 5 7 24
 1.200000E+02 52 4654 15 4 7 26
 1.240000E+02 48 4651 9 5 8 26
 1.280000E+02 53 4650 13 2 9 29
 1.320000E+02 53 4646 8 5 9 31
 1.360000E+02 53 4642 8 1 11 33
 1.400000E+02 57 4641 11 2 11 33
 1.440000E+02 60 4638 9 4 13 34
 1.480000E+02 61 4635 8 4 13 36
 1.520000E+02 62 4632 8 4 13 37
 1.560000E+02 61 4630 7 3 13 38
 1.600000E+02 62 4628 5 3 13 41
 1.640000E+02 69 4628 12 1 13 43
 1.680000E+02 69 4628 8 0 17 44
 1.720000E+02 75 4628 11 3 17 44
 1.760000E+02 70 4628 6 3 17 44
 1.800000E+02 67 4628 5 1 17 44
 1.840000E+02 73 4626 7 4 17 45
 1.880000E+02 75 4625 10 1 17 47
 1.920000E+02 79 4624 11 3 17 48
 1.960000E+02 78 4624 8 5 17 48
 2.000000E+02 72 4624 5 1 18 48

#Simulation ended (eff.: 0.895109, detail below)
	#Events: 5948
	#Valid embedding but no longer unary when required: 0.000000
	#Valid embedding but not binary when required: 0.000000
	#Clashing instance: 0.000000
	#Lazy negative update: 1.000000
	#Lazy negative update of non local instances: 0.000000
	#Perturbation interrupting time advance: 0.000000
