# time 'Cases' 'Susceptible' 'Exposed' 'Infected' 'Removed' 'Deads'
 0.000000E+00 0 15800 0 0 0 0
 4.000000E+00 1 15800 1 0 0 0
 8.000000E+00 4 15800 4 0 0 0
 1.200000E+01 5 15797 2 1 1 1
 1.600000E+01 7 15796 4 1 1 1
 2.000000E+01 4 15795 0 1 1 2
 2.400000E+01 12 15794 7 2 1 2
 2.800000E+01 12 15793 6 2 1 3
 3.200000E+01 14 15790 7 2 1 4
 3.600000E+01 13 15788 5 1 1 6
 4.000000E+01 13 15788 5 1 1 6
 4.400000E+01 16 15788 9 0 1 6
 4.800000E+01 18 15788 8 3 1 6
 5.200000E+01 27 15785 14 5 1 7
 5.600000E+01 25 15782 6 8 1 10
 6.000000E+01 38 15769 17 5 2 14
 6.400000E+01 46 15763 21 6 2 17
 6.800000E+01 50 15759 18 9 4 19
 7.200000E+01 55 15749 18 9 6 22
 7.600000E+01 60 15744 17 8 10 25
 8.000000E+01 57 15740 15 4 11 27
 8.400000E+01 62 15739 17 4 11 30
 8.800000E+01 67 15735 15 8 11 33
 9.200000E+01 74 15728 14 11 12 37
 9.600000E+01 80 15721 16 9 16 39
 1.000000E+02 86 15714 23 4 18 41
 1.040000E+02 91 15711 24 6 18 43
 1.080000E+02 96 15707 21 10 20 45
 1.120000E+02 93 15703 13 8 23 49
 1.160000E+02 96 15700 18 4 23 51
 1.200000E+02 94 15699 13 5 23 53
 1.240000E+02 98 15699 15 5 24 54
 1.280000E+02 98 15696 14 3 24 57
 1.320000E+02 103 15692 16 3 25 59
 1.360000E+02 104 15690 13 4 26 61
 1.400000E+02 105 15689 9 7 27 62
 1.440000E+02 118 15684 20 5 28 65
 1.480000E+02 123 15681 21 5 29 68
 1.520000E+02 122 15675 18 3 30 71
 1.560000E+02 126 15672 15 7 31 73
 1.600000E+02 129 15667 16 7 31 75
 1.640000E+02 132 15665 16 7 32 77
 1.680000E+02 136 15661 13 8 34 81
 1.720000E+02 139 15658 14 3 34 88
 1.760000E+02 144 15654 14 6 34 90
 1.800000E+02 150 15651 12 10 35 93
 1.840000E+02 159 15646 14 10 36 99
 1.880000E+02 162 15645 18 5 38 101
 1.920000E+02 157 15643 14 0 39 104
 1.960000E+02 157 15643 14 0 39 104
 2.000000E+02 156 15639 7 4 39 106

#Simulation ended (eff.: 0.952030, detail below)
	#Events: 16671
	#Valid embedding but no longer unary when required: 0.000000
	#Valid embedding but not binary when required: 0.000000
	#Clashing instance: 0.000000
	#Lazy negative update: 1.000000
	#Lazy negative update of non local instances: 0.000000
	#Perturbation interrupting time advance: 0.000000
