# time 'Cases' 'Susceptible' 'Exposed' 'Infected' 'Removed' 'Deads'
 0.000000E+00 0 1580 0 0 0 0
 4.000000E+00 2 1580 2 0 0 0
 8.000000E+00 6 1580 5 1 0 0
 1.200000E+01 5 1579 4 0 1 0
 1.600000E+01 6 1579 4 1 1 0
 2.000000E+01 12 1576 8 1 1 2
 2.400000E+01 10 1576 3 0 4 3
 2.800000E+01 13 1576 5 1 4 3
 3.200000E+01 17 1574 6 3 5 3
 3.600000E+01 19 1570 8 3 5 3
 4.000000E+01 22 1570 10 1 7 4
 4.400000E+01 24 1569 8 2 8 6
 4.800000E+01 21 1568 5 2 8 6
 5.200000E+01 25 1568 8 1 9 7
 5.600000E+01 25 1567 7 1 9 8
 6.000000E+01 29 1566 9 2 9 9
 6.400000E+01 29 1565 6 1 11 11
 6.800000E+01 34 1560 7 4 12 11
 7.200000E+01 35 1558 9 2 12 12
 7.600000E+01 42 1556 15 1 12 14
 8.000000E+01 43 1556 13 2 12 16
 8.400000E+01 43 1552 8 3 14 18
 8.800000E+01 42 1552 6 2 15 19
 9.200000E+01 46 1552 11 0 16 19
 9.600000E+01 48 1551 9 4 16 19
 1.000000E+02 50 1549 10 0 17 23
 1.040000E+02 52 1548 9 3 17 23
 1.080000E+02 59 1544 13 5 17 24
 1.120000E+02 63 1534 17 4 17 25
 1.160000E+02 65 1527 18 2 17 28
 1.200000E+02 66 1525 15 4 17 30
 1.240000E+02 71 1523 17 5 17 32
 1.280000E+02 74 1518 15 7 18 34
 1.320000E+02 69 1515 9 5 19 36
 1.360000E+02 75 1508 11 4 22 38
 1.400000E+02 78 1504 10 5 25 38
 1.440000E+02 82 1501 9 6 27 40
 1.480000E+02 84 1497 3 6 30 45
 1.520000E+02 92 1495 9 3 31 49
 1.560000E+02 95 1493 10 3 31 51
 1.600000E+02 96 1489 6 4 33 53
 1.640000E+02 108 1486 13 6 33 56
 1.680000E+02 108 1483 8 5 35 60
 1.720000E+02 108 1483 7 3 37 61
 1.760000E+02 111 1482 7 4 38 62
 1.800000E+02 115 1482 7 6 38 64
 1.840000E+02 116 1478 7 6 38 65
 1.880000E+02 114 1474 6 1 40 67
 1.920000E+02 114 1471 4 2 40 68
 1.960000E+02 117 1469 5 2 40 70
 2.000000E+02 124 1467 7 4 42 71

#Simulation ended (eff.: 0.840254, detail below)
	#Events: 3440
	#Valid embedding but no longer unary when required: 0.000000
	#Valid embedding but not binary when required: 0.000000
	#Clashing instance: 0.000000
	#Lazy negative update: 1.000000
	#Lazy negative update of non local instances: 0.000000
	#Perturbation interrupting time advance: 0.000000
