# time 'Cases' 'Susceptible' 'Exposed' 'Infected' 'Removed' 'Deads'
 0.000000E+00 0 7000 0 0 0 0
 4.000000E+00 3 7000 3 0 0 0
 8.000000E+00 2 7000 2 0 0 0
 1.200000E+01 0 7000 0 0 0 0
 1.600000E+01 2 7000 2 0 0 0
 2.000000E+01 4 7000 3 0 1 0
 2.400000E+01 4 7000 3 0 1 0
 2.800000E+01 6 7000 4 1 1 0
 3.200000E+01 5 7000 3 0 1 1
 3.600000E+01 2 7000 0 0 1 1
 4.000000E+01 7 7000 5 0 1 1
 4.400000E+01 6 7000 4 0 1 1
 4.800000E+01 7 7000 5 0 1 1
 5.200000E+01 10 7000 7 1 1 1
 5.600000E+01 6 6999 2 1 2 1
 6.000000E+01 8 6998 3 2 2 1
 6.400000E+01 9 6997 3 3 2 1
 6.800000E+01 13 6994 10 0 2 1
 7.200000E+01 16 6993 10 3 2 1
 7.600000E+01 20 6993 14 1 3 2
 8.000000E+01 22 6991 12 5 3 2
 8.400000E+01 20 6986 8 5 3 4
 8.800000E+01 18 6985 6 4 3 5
 9.200000E+01 22 6984 8 5 4 5
 9.600000E+01 18 6981 6 3 4 5
 1.000000E+02 23 6981 7 6 4 6
 1.040000E+02 27 6979 11 1 4 11
 1.080000E+02 27 6976 6 2 5 14
 1.120000E+02 27 6976 5 0 6 16
 1.160000E+02 34 6975 9 3 6 16
 1.200000E+02 35 6972 9 2 7 17
 1.240000E+02 35 6970 7 3 7 18
 1.280000E+02 36 6970 7 3 7 19
 1.320000E+02 36 6969 5 1 7 23
 1.360000E+02 42 6966 9 1 7 25
 1.400000E+02 44 6964 5 4 7 28
 1.440000E+02 44 6962 5 2 7 30
 1.480000E+02 49 6962 9 3 7 30
 1.520000E+02 47 6960 6 4 7 30
 1.560000E+02 44 6959 4 1 7 32
 1.600000E+02 43 6959 4 0 7 32
 1.640000E+02 45 6959 4 1 7 33
 1.680000E+02 47 6958 5 2 7 33
 1.720000E+02 51 6957 5 4 8 34
 1.760000E+02 57 6954 6 7 9 35
 1.800000E+02 54 6952 0 7 10 37
 1.840000E+02 56 6950 3 3 11 39
 1.880000E+02 61 6950 7 2 12 40
 1.920000E+02 59 6948 4 0 13 42
 1.960000E+02 64 6946 7 2 13 42
 2.000000E+02 60 6946 3 2 13 42

#Simulation ended (eff.: 0.890947, detail below)
	#Events: 7696
	#Valid embedding but no longer unary when required: 0.000000
	#Valid embedding but not binary when required: 0.000000
	#Clashing instance: 0.000000
	#Lazy negative update: 1.000000
	#Lazy negative update of non local instances: 0.000000
	#Perturbation interrupting time advance: 0.000000
