# time 'Cases' 'Susceptible' 'Exposed' 'Infected' 'Removed' 'Deads'
 0.000000E+00 0 1580 0 0 0 0
 4.000000E+00 3 1580 3 0 0 0
 8.000000E+00 4 1580 3 1 0 0
 1.200000E+01 4 1579 3 1 0 0
 1.600000E+01 4 1577 2 1 0 1
 2.000000E+01 8 1577 6 1 0 1
 2.400000E+01 8 1573 5 2 0 1
 2.800000E+01 5 1570 1 3 0 1
 3.200000E+01 11 1565 6 1 1 3
 3.600000E+01 13 1565 8 1 1 3
 4.000000E+01 18 1564 9 4 1 4
 4.400000E+01 21 1561 12 4 1 4
 4.800000E+01 23 1557 9 5 3 6
 5.200000E+01 28 1553 13 5 4 6
 5.600000E+01 34 1548 16 8 4 6
 6.000000E+01 37 1542 17 6 4 10
 6.400000E+01 40 1536 17 8 4 11
 6.800000E+01 35 1531 14 3 5 13
 7.200000E+01 51 1526 21 8 5 17
 7.600000E+01 46 1522 15 5 5 21
 8.000000E+01 55 1517 16 9 6 24
 8.400000E+01 70 1511 27 6 9 28
 8.800000E+01 68 1503 21 7 10 30
 9.200000E+01 74 1496 22 4 12 36
 9.600000E+01 82 1494 20 11 12 39
 1.000000E+02 86 1490 23 4 13 46
 1.040000E+02 100 1479 28 8 15 49
 1.080000E+02 109 1471 35 7 16 51
 1.120000E+02 119 1464 35 9 17 58
 1.160000E+02 119 1462 22 12 22 63
 1.200000E+02 144 1449 32 20 23 69
 1.240000E+02 146 1440 31 13 25 77
 1.280000E+02 160 1428 32 11 30 87
 1.320000E+02 164 1420 25 13 31 95
 1.360000E+02 180 1415 33 17 32 98
 1.400000E+02 178 1411 26 15 35 102
 1.440000E+02 176 1403 22 13 36 105
 1.480000E+02 182 1397 21 11 39 111
 1.520000E+02 191 1391 23 12 42 114
 1.560000E+02 197 1386 27 6 45 119
 1.600000E+02 208 1376 32 9 48 119
 1.640000E+02 214 1372 25 14 49 126
 1.680000E+02 221 1371 29 13 49 130
 1.720000E+02 217 1366 25 5 52 135
 1.760000E+02 230 1359 26 9 54 141
 1.800000E+02 238 1351 26 14 54 144
 1.840000E+02 247 1341 22 16 57 152
 1.880000E+02 252 1338 27 10 59 156
 1.920000E+02 259 1334 26 10 60 163
 1.960000E+02 266 1328 28 8 63 167
 2.000000E+02 262 1327 16 10 64 172

#Simulation ended (eff.: 0.861219, detail below)
	#Events: 6007
	#Valid embedding but no longer unary when required: 0.000000
	#Valid embedding but not binary when required: 0.000000
	#Clashing instance: 0.000000
	#Lazy negative update: 1.000000
	#Lazy negative update of non local instances: 0.000000
	#Perturbation interrupting time advance: 0.000000
