# time 'Cases' 'Susceptible' 'Exposed' 'Infected' 'Removed' 'Deads'
 0.000000E+00 0 700 0 0 0 0
 4.000000E+00 2 700 1 1 0 0
 8.000000E+00 2 699 1 0 0 1
 1.200000E+01 4 699 3 0 0 1
 1.600000E+01 2 699 1 0 0 1
 2.000000E+01 7 699 6 0 0 1
 2.400000E+01 8 697 6 1 0 1
 2.800000E+01 2 696 1 0 0 1
 3.200000E+01 4 696 3 0 0 1
 3.600000E+01 6 694 2 2 0 2
 4.000000E+01 4 691 2 0 0 2
 4.400000E+01 5 691 2 0 0 3
 4.800000E+01 6 691 3 0 0 3
 5.200000E+01 6 691 3 0 0 3
 5.600000E+01 11 690 7 1 0 3
 6.000000E+01 9 689 4 1 1 3
 6.400000E+01 9 689 5 0 1 3
 6.800000E+01 13 689 9 0 1 3
 7.200000E+01 9 689 5 0 1 3
 7.600000E+01 13 688 8 1 1 3
 8.000000E+01 15 688 10 1 1 3
 8.400000E+01 10 688 6 0 1 3
 8.800000E+01 14 687 8 1 1 4
 9.200000E+01 16 687 9 2 1 4
 9.600000E+01 13 687 6 0 2 5
 1.000000E+02 15 687 7 1 2 5
 1.040000E+02 17 684 9 1 2 5
 1.080000E+02 12 684 3 1 2 6
 1.120000E+02 21 683 8 3 3 7
 1.160000E+02 23 681 9 1 4 9
 1.200000E+02 28 677 11 3 5 9
 1.240000E+02 26 675 10 1 5 10
 1.280000E+02 23 675 7 1 5 10
 1.320000E+02 30 674 10 5 5 10
 1.360000E+02 25 673 10 0 5 10
 1.400000E+02 28 673 12 1 5 10
 1.440000E+02 21 671 4 1 6 10
 1.480000E+02 25 671 8 0 6 11
 1.520000E+02 32 669 11 3 6 12
 1.560000E+02 33 665 9 4 8 12
 1.600000E+02 34 662 8 5 9 12
 1.640000E+02 35 660 8 3 10 14
 1.680000E+02 37 660 9 4 10 14
 1.720000E+02 36 658 8 2 10 16
 1.760000E+02 37 656 7 3 10 17
 1.800000E+02 44 656 12 4 10 18
 1.840000E+02 38 655 5 1 12 20
 1.880000E+02 39 655 5 1 12 21
 1.920000E+02 37 654 2 0 12 23
 1.960000E+02 46 654 10 0 13 23
 2.000000E+02 50 654 9 4 14 23

#Simulation ended (eff.: 0.729748, detail below)
	#Events: 2171
	#Valid embedding but no longer unary when required: 0.000000
	#Valid embedding but not binary when required: 0.000000
	#Clashing instance: 0.000000
	#Lazy negative update: 1.000000
	#Lazy negative update of non local instances: 0.000000
	#Perturbation interrupting time advance: 0.000000
