# time 'Cases' 'Susceptible' 'Exposed' 'Infected' 'Removed' 'Deads'
 0.000000E+00 10 100000 0 10 0 0
 4.000000E+00 15 99994 5 5 3 2
 8.000000E+00 11 99991 3 0 3 5
 1.200000E+01 15 99991 7 0 3 5
 1.600000E+01 15 99990 6 0 4 5
 2.000000E+01 16 99990 6 1 4 5
 2.400000E+01 16 99988 3 2 4 7
 2.800000E+01 19 99983 4 2 4 9
 3.200000E+01 24 99981 7 1 4 12
 3.600000E+01 27 99976 8 2 5 12
 4.000000E+01 32 99971 9 4 6 13
 4.400000E+01 38 99966 9 7 8 14
 4.800000E+01 41 99961 8 7 9 17
 5.200000E+01 42 99954 9 5 9 19
 5.600000E+01 49 99954 11 4 12 22
 6.000000E+01 52 99949 13 4 12 23
 6.400000E+01 47 99946 8 3 13 23
 6.800000E+01 50 99945 8 5 13 24
 7.200000E+01 53 99941 8 6 13 26
 7.600000E+01 58 99940 11 4 13 30
 8.000000E+01 63 99935 15 3 14 31
 8.400000E+01 62 99933 11 2 15 34
 8.800000E+01 63 99933 7 6 15 35
 9.200000E+01 68 99929 7 5 18 38
 9.600000E+01 75 99926 13 3 18 41
 1.000000E+02 76 99925 12 4 18 42
 1.040000E+02 74 99923 6 4 20 44
 1.080000E+02 78 99921 6 4 21 47
 1.120000E+02 81 99919 8 4 22 47
 1.160000E+02 82 99916 9 1 23 49
 1.200000E+02 83 99913 9 1 24 49
 1.240000E+02 84 99912 7 3 24 50
 1.280000E+02 83 99908 5 4 24 50
 1.320000E+02 89 99904 11 3 24 51
 1.360000E+02 94 99898 11 7 24 52
 1.400000E+02 96 99895 12 3 25 56
 1.440000E+02 102 99889 16 3 26 57
 1.480000E+02 98 99889 7 6 26 59
 1.520000E+02 109 99886 9 10 28 62
 1.560000E+02 106 99883 9 4 28 65
 1.600000E+02 110 99882 10 2 29 69
 1.640000E+02 109 99882 7 3 29 70
 1.680000E+02 112 99879 5 5 29 73
 1.720000E+02 118 99877 9 4 31 74
 1.760000E+02 119 99877 7 5 33 74
 1.800000E+02 126 99873 12 3 34 77
 1.840000E+02 124 99872 7 5 35 77
 1.880000E+02 128 99869 7 3 37 81
 1.920000E+02 134 99865 11 4 38 81
 1.960000E+02 128 99865 3 1 39 85
 2.000000E+02 131 99865 2 4 39 86

#Simulation ended (eff.: 0.992099, detail below)
	#Events: 88523
	#Valid embedding but no longer unary when required: 0.000000
	#Valid embedding but not binary when required: 0.000000
	#Clashing instance: 0.000000
	#Lazy negative update: 1.000000
	#Lazy negative update of non local instances: 0.000000
	#Perturbation interrupting time advance: 0.000000
