# time 'Cases' 'Susceptible' 'Exposed' 'Infected' 'Removed' 'Deads'
 0.000000E+00 0 4700 0 0 0 0
 4.000000E+00 2 4699 1 1 0 0
 8.000000E+00 1 4698 0 0 0 1
 1.200000E+01 3 4698 2 0 0 1
 1.600000E+01 2 4696 0 1 0 1
 2.000000E+01 5 4695 2 1 0 2
 2.400000E+01 6 4694 3 1 0 2
 2.800000E+01 5 4694 1 0 1 3
 3.200000E+01 6 4693 1 1 1 3
 3.600000E+01 9 4693 4 0 2 3
 4.000000E+01 11 4693 6 0 2 3
 4.400000E+01 16 4693 8 2 2 4
 4.800000E+01 14 4691 5 2 3 4
 5.200000E+01 15 4690 6 2 3 4
 5.600000E+01 16 4689 6 1 3 6
 6.000000E+01 16 4688 5 1 3 7
 6.400000E+01 15 4688 3 0 4 8
 6.800000E+01 22 4686 10 0 4 8
 7.200000E+01 26 4682 10 3 4 9
 7.600000E+01 26 4680 7 4 5 10
 8.000000E+01 30 4677 10 4 5 11
 8.400000E+01 31 4676 11 0 7 13
 8.800000E+01 35 4673 10 5 7 13
 9.200000E+01 39 4672 9 6 7 17
 9.600000E+01 42 4669 12 2 8 20
 1.000000E+02 34 4669 6 0 8 20
 1.040000E+02 39 4669 10 1 8 20
 1.080000E+02 38 4669 10 0 8 20
 1.120000E+02 33 4668 4 1 8 20
 1.160000E+02 39 4667 8 2 8 21
 1.200000E+02 43 4664 10 1 9 23
 1.240000E+02 44 4662 10 0 9 25
 1.280000E+02 47 4662 7 5 9 26
 1.320000E+02 46 4661 4 3 12 27
 1.360000E+02 51 4659 8 3 13 27
 1.400000E+02 53 4655 5 5 14 29
 1.440000E+02 56 4654 8 3 14 31
 1.480000E+02 56 4651 7 2 14 33
 1.520000E+02 64 4650 10 4 15 35
 1.560000E+02 65 4646 10 3 16 36
 1.600000E+02 59 4643 7 0 16 36
 1.640000E+02 56 4642 4 0 16 36
 1.680000E+02 63 4642 8 2 16 37
 1.720000E+02 64 4642 9 1 17 37
 1.760000E+02 65 4639 8 1 18 38
 1.800000E+02 62 4638 2 4 18 38
 1.840000E+02 65 4638 5 2 18 40
 1.880000E+02 66 4637 6 0 18 42
 1.920000E+02 66 4637 4 2 18 42
 1.960000E+02 68 4637 7 0 18 43
 2.000000E+02 64 4637 3 0 18 43

#Simulation ended (eff.: 0.897826, detail below)
	#Events: 5659
	#Valid embedding but no longer unary when required: 0.000000
	#Valid embedding but not binary when required: 0.000000
	#Clashing instance: 0.000000
	#Lazy negative update: 1.000000
	#Lazy negative update of non local instances: 0.000000
	#Perturbation interrupting time advance: 0.000000
