# time 'Cases' 'Susceptible' 'Exposed' 'Infected' 'Removed' 'Deads'
 0.000000E+00 0 7000 0 0 0 0
 4.000000E+00 0 7000 0 0 0 0
 8.000000E+00 3 7000 3 0 0 0
 1.200000E+01 2 7000 1 0 0 1
 1.600000E+01 4 6999 2 1 0 1
 2.000000E+01 5 6998 2 1 0 2
 2.400000E+01 5 6997 3 0 0 2
 2.800000E+01 5 6997 2 1 0 2
 3.200000E+01 6 6995 3 1 0 2
 3.600000E+01 8 6994 4 2 0 2
 4.000000E+01 6 6994 2 1 0 3
 4.400000E+01 7 6992 1 1 2 3
 4.800000E+01 11 6991 5 1 2 3
 5.200000E+01 12 6991 5 2 2 3
 5.600000E+01 8 6991 1 2 2 3
 6.000000E+01 11 6990 5 0 2 4
 6.400000E+01 9 6990 2 0 2 5
 6.800000E+01 19 6988 8 3 2 6
 7.200000E+01 21 6984 7 4 2 8
 7.600000E+01 17 6982 4 3 2 8
 8.000000E+01 22 6982 8 2 2 10
 8.400000E+01 20 6982 7 0 2 11
 8.800000E+01 23 6981 10 0 2 11
 9.200000E+01 21 6981 7 1 2 11
 9.600000E+01 24 6980 6 1 2 15
 1.000000E+02 33 6980 14 2 2 15
 1.040000E+02 27 6979 8 2 2 15
 1.080000E+02 32 6978 11 3 2 16
 1.120000E+02 31 6977 10 2 2 17
 1.160000E+02 39 6975 16 1 4 18
 1.200000E+02 45 6972 19 3 5 18
 1.240000E+02 46 6971 17 4 5 20
 1.280000E+02 39 6970 12 1 6 20
 1.320000E+02 48 6969 18 3 7 20
 1.360000E+02 45 6967 13 5 7 20
 1.400000E+02 49 6965 14 4 7 24
 1.440000E+02 51 6964 18 0 7 26
 1.480000E+02 48 6963 12 3 7 26
 1.520000E+02 51 6963 12 2 8 29
 1.560000E+02 48 6962 9 1 8 30
 1.600000E+02 55 6962 12 5 8 30
 1.640000E+02 57 6958 13 5 8 31
 1.680000E+02 55 6956 7 4 10 34
 1.720000E+02 62 6952 12 4 12 34
 1.760000E+02 59 6946 7 5 12 35
 1.800000E+02 59 6946 7 3 12 37
 1.840000E+02 60 6946 6 3 12 39
 1.880000E+02 68 6945 13 2 13 40
 1.920000E+02 65 6943 10 0 14 41
 1.960000E+02 65 6943 7 1 14 43
 2.000000E+02 66 6942 7 2 14 43

#Simulation ended (eff.: 0.889452, detail below)
	#Events: 8255
	#Valid embedding but no longer unary when required: 0.000000
	#Valid embedding but not binary when required: 0.000000
	#Clashing instance: 0.000000
	#Lazy negative update: 1.000000
	#Lazy negative update of non local instances: 0.000000
	#Perturbation interrupting time advance: 0.000000
