# time 'Cases' 'Susceptible' 'Exposed' 'Infected' 'Removed' 'Deads'
 0.000000E+00 0 700 0 0 0 0
 4.000000E+00 1 700 1 0 0 0
 8.000000E+00 0 700 0 0 0 0
 1.200000E+01 0 700 0 0 0 0
 1.600000E+01 2 700 2 0 0 0
 2.000000E+01 0 700 0 0 0 0
 2.400000E+01 3 700 3 0 0 0
 2.800000E+01 3 700 3 0 0 0
 3.200000E+01 4 700 2 2 0 0
 3.600000E+01 5 699 2 2 1 0
 4.000000E+01 7 699 4 0 1 2
 4.400000E+01 4 699 1 0 1 2
 4.800000E+01 11 698 6 1 2 2
 5.200000E+01 8 697 3 1 2 2
 5.600000E+01 11 697 5 2 2 2
 6.000000E+01 10 696 5 1 2 2
 6.400000E+01 7 696 1 1 2 3
 6.800000E+01 15 695 6 3 2 4
 7.200000E+01 12 693 3 1 2 6
 7.600000E+01 12 692 3 1 2 6
 8.000000E+01 15 690 5 2 2 6
 8.400000E+01 12 689 3 1 2 6
 8.800000E+01 12 689 4 0 2 6
 9.200000E+01 14 689 6 0 2 6
 9.600000E+01 20 689 9 3 2 6
 1.000000E+02 21 688 7 2 5 7
 1.040000E+02 21 688 7 1 6 7
 1.080000E+02 24 687 6 3 6 9
 1.120000E+02 21 684 4 1 7 9
 1.160000E+02 29 682 9 3 7 10
 1.200000E+02 25 682 6 1 7 11
 1.240000E+02 24 680 3 2 7 12
 1.280000E+02 28 679 7 1 8 12
 1.320000E+02 27 677 5 2 8 12
 1.360000E+02 28 674 4 2 9 13
 1.400000E+02 29 672 5 1 10 13
 1.440000E+02 31 672 7 1 10 13
 1.480000E+02 29 672 4 0 11 14
 1.520000E+02 30 672 4 1 11 14
 1.560000E+02 30 671 3 1 11 15
 1.600000E+02 31 671 2 1 11 17
 1.640000E+02 30 668 0 0 12 18
 1.680000E+02 33 668 2 1 12 18
 1.720000E+02 35 667 4 1 12 18
 1.760000E+02 33 667 2 1 12 18
 1.800000E+02 36 664 3 2 12 19
 1.840000E+02 35 663 2 1 13 19
 1.880000E+02 41 663 4 4 13 20
 1.920000E+02 37 663 2 1 13 21
 1.960000E+02 39 663 5 0 13 21
 2.000000E+02 38 663 3 1 13 21

#Simulation ended (eff.: 0.710684, detail below)
	#Events: 1663
	#Valid embedding but no longer unary when required: 0.000000
	#Valid embedding but not binary when required: 0.000000
	#Clashing instance: 0.000000
	#Lazy negative update: 1.000000
	#Lazy negative update of non local instances: 0.000000
	#Perturbation interrupting time advance: 0.000000
