# time 'Cases' 'Susceptible' 'Exposed' 'Infected' 'Removed' 'Deads'
 0.000000E+00 0 700 0 0 0 0
 4.000000E+00 1 700 1 0 0 0
 8.000000E+00 2 700 2 0 0 0
 1.200000E+01 2 700 2 0 0 0
 1.600000E+01 3 700 3 0 0 0
 2.000000E+01 3 700 2 1 0 0
 2.400000E+01 5 699 4 1 0 0
 2.800000E+01 6 698 4 1 1 0
 3.200000E+01 8 698 6 0 1 1
 3.600000E+01 7 697 5 0 1 1
 4.000000E+01 6 697 2 0 1 3
 4.400000E+01 7 696 2 1 1 3
 4.800000E+01 11 696 4 2 1 4
 5.200000E+01 15 694 5 4 1 5
 5.600000E+01 20 689 8 3 1 8
 6.000000E+01 22 687 11 1 2 8
 6.400000E+01 22 685 11 1 2 8
 6.800000E+01 21 682 7 3 2 9
 7.200000E+01 23 681 8 3 2 10
 7.600000E+01 20 678 8 0 2 10
 8.000000E+01 28 678 13 2 3 10
 8.400000E+01 28 676 10 3 5 10
 8.800000E+01 31 672 12 3 6 10
 9.200000E+01 39 671 17 5 6 11
 9.600000E+01 32 669 10 2 8 12
 1.000000E+02 30 667 5 4 8 13
 1.040000E+02 34 665 9 3 9 13
 1.080000E+02 37 664 10 3 9 15
 1.120000E+02 44 659 11 7 10 16
 1.160000E+02 39 653 9 2 10 18
 1.200000E+02 47 649 15 3 10 19
 1.240000E+02 49 647 15 5 10 19
 1.280000E+02 46 644 12 4 11 19
 1.320000E+02 54 641 12 9 12 21
 1.360000E+02 46 638 11 0 12 23
 1.400000E+02 56 634 17 3 12 24
 1.440000E+02 56 632 12 5 14 25
 1.480000E+02 57 629 11 5 15 26
 1.520000E+02 57 627 11 1 17 28
 1.560000E+02 62 625 12 2 19 29
 1.600000E+02 64 622 8 7 19 30
 1.640000E+02 63 619 8 4 19 32
 1.680000E+02 69 616 12 2 21 34
 1.720000E+02 69 615 11 3 21 34
 1.760000E+02 73 615 12 3 21 37
 1.800000E+02 72 613 12 1 22 37
 1.840000E+02 81 610 11 7 23 40
 1.880000E+02 79 603 10 2 24 43
 1.920000E+02 82 599 9 4 26 43
 1.960000E+02 76 599 4 1 26 45
 2.000000E+02 83 599 8 4 26 45

#Simulation ended (eff.: 0.739548, detail below)
	#Events: 3078
	#Valid embedding but no longer unary when required: 0.000000
	#Valid embedding but not binary when required: 0.000000
	#Clashing instance: 0.000000
	#Lazy negative update: 1.000000
	#Lazy negative update of non local instances: 0.000000
	#Perturbation interrupting time advance: 0.000000
