# time 'Cases' 'Susceptible' 'Exposed' 'Infected' 'Removed' 'Deads'
 0.000000E+00 0 470 0 0 0 0
 4.000000E+00 2 470 1 0 0 1
 8.000000E+00 1 470 0 0 0 1
 1.200000E+01 4 470 3 0 0 1
 1.600000E+01 2 470 1 0 0 1
 2.000000E+01 5 470 3 1 0 1
 2.400000E+01 6 470 4 0 0 2
 2.800000E+01 5 468 3 0 0 2
 3.200000E+01 3 468 1 0 0 2
 3.600000E+01 3 468 1 0 0 2
 4.000000E+01 5 468 2 1 0 2
 4.400000E+01 7 468 4 1 0 2
 4.800000E+01 6 468 2 2 0 2
 5.200000E+01 10 468 5 1 1 3
 5.600000E+01 9 467 4 0 1 4
 6.000000E+01 8 467 3 0 1 4
 6.400000E+01 10 463 3 2 1 4
 6.800000E+01 7 461 1 0 2 4
 7.200000E+01 10 460 3 1 2 4
 7.600000E+01 10 460 3 0 2 5
 8.000000E+01 11 460 2 0 2 7
 8.400000E+01 11 460 2 0 2 7
 8.800000E+01 19 460 8 1 3 7
 9.200000E+01 18 458 5 3 3 7
 9.600000E+01 23 455 8 2 5 8
 1.000000E+02 19 455 4 1 5 9
 1.040000E+02 22 455 6 2 5 9
 1.080000E+02 21 455 5 1 6 9
 1.120000E+02 23 455 6 1 6 10
 1.160000E+02 22 455 5 0 6 11
 1.200000E+02 31 455 12 1 6 12
 1.240000E+02 26 455 4 3 7 12
 1.280000E+02 28 455 5 3 8 12
 1.320000E+02 25 453 3 1 9 12
 1.360000E+02 27 453 5 1 9 12
 1.400000E+02 31 452 6 1 10 14
 1.440000E+02 32 452 8 0 10 14
 1.480000E+02 29 452 5 0 10 14
 1.520000E+02 34 451 8 2 10 14
 1.560000E+02 29 450 2 3 10 14
 1.600000E+02 35 448 5 2 11 17
 1.640000E+02 30 447 2 0 11 17
 1.680000E+02 35 447 6 0 11 18
 1.720000E+02 33 447 3 1 11 18
 1.760000E+02 32 447 0 2 12 18
 1.800000E+02 37 447 4 2 12 19
 1.840000E+02 39 447 5 1 12 21
 1.880000E+02 40 447 5 1 13 21
 1.920000E+02 38 447 1 1 14 22
 1.960000E+02 41 446 3 1 15 22
 2.000000E+02 43 446 5 0 15 23

#Simulation ended (eff.: 0.740503, detail below)
	#Events: 1384
	#Valid embedding but no longer unary when required: 0.000000
	#Valid embedding but not binary when required: 0.000000
	#Clashing instance: 0.000000
	#Lazy negative update: 1.000000
	#Lazy negative update of non local instances: 0.000000
	#Perturbation interrupting time advance: 0.000000
