# time 'Cases' 'Susceptible' 'Exposed' 'Infected' 'Removed' 'Deads'
 0.000000E+00 0 1580 0 0 0 0
 4.000000E+00 2 1580 2 0 0 0
 8.000000E+00 2 1580 2 0 0 0
 1.200000E+01 7 1580 6 0 0 1
 1.600000E+01 7 1580 5 1 0 1
 2.000000E+01 15 1575 10 1 0 4
 2.400000E+01 11 1574 4 2 1 4
 2.800000E+01 15 1570 7 2 1 5
 3.200000E+01 16 1568 8 1 1 6
 3.600000E+01 17 1567 6 3 1 7
 4.000000E+01 25 1560 12 5 1 7
 4.400000E+01 23 1553 7 4 3 9
 4.800000E+01 29 1549 11 4 3 11
 5.200000E+01 26 1545 8 2 3 13
 5.600000E+01 28 1543 6 2 4 16
 6.000000E+01 39 1539 14 3 5 17
 6.400000E+01 39 1536 11 4 5 19
 6.800000E+01 42 1535 10 7 5 20
 7.200000E+01 42 1530 10 5 6 21
 7.600000E+01 45 1530 10 5 7 23
 8.000000E+01 49 1528 10 6 8 25
 8.400000E+01 60 1523 14 8 10 28
 8.800000E+01 71 1517 19 9 15 28
 9.200000E+01 76 1512 24 5 16 31
 9.600000E+01 77 1508 20 7 16 34
 1.000000E+02 82 1503 15 14 18 35
 1.040000E+02 95 1492 20 12 20 43
 1.080000E+02 105 1480 25 10 21 49
 1.120000E+02 112 1471 25 10 24 53
 1.160000E+02 120 1462 23 13 25 59
 1.200000E+02 120 1454 17 13 25 65
 1.240000E+02 127 1448 19 9 26 73
 1.280000E+02 133 1436 17 8 27 81
 1.320000E+02 143 1427 19 10 28 86
 1.360000E+02 142 1419 12 11 29 90
 1.400000E+02 145 1414 15 5 34 91
 1.440000E+02 151 1412 17 7 35 92
 1.480000E+02 155 1409 14 11 35 95
 1.520000E+02 152 1405 8 7 36 101
 1.560000E+02 159 1404 11 7 38 103
 1.600000E+02 167 1402 14 3 41 109
 1.640000E+02 162 1399 5 6 41 110
 1.680000E+02 172 1395 10 6 42 114
 1.720000E+02 173 1393 8 4 42 119
 1.760000E+02 177 1389 13 3 42 119
 1.800000E+02 180 1386 13 4 42 121
 1.840000E+02 181 1384 10 6 42 123
 1.880000E+02 180 1384 10 2 44 124
 1.920000E+02 183 1384 9 3 46 125
 1.960000E+02 185 1383 6 4 49 126
 2.000000E+02 185 1383 7 0 51 127

#Simulation ended (eff.: 0.850977, detail below)
	#Events: 4357
	#Valid embedding but no longer unary when required: 0.000000
	#Valid embedding but not binary when required: 0.000000
	#Clashing instance: 0.000000
	#Lazy negative update: 1.000000
	#Lazy negative update of non local instances: 0.000000
	#Perturbation interrupting time advance: 0.000000
