# time 'Cases' 'Susceptible' 'Exposed' 'Infected' 'Removed' 'Deads'
 0.000000E+00 10 10000 0 10 0 0
 4.000000E+00 13 9996 3 4 1 5
 8.000000E+00 12 9994 3 0 1 8
 1.200000E+01 19 9991 9 0 1 9
 1.600000E+01 20 9991 10 0 1 9
 2.000000E+01 14 9991 3 1 1 9
 2.400000E+01 17 9991 6 1 1 9
 2.800000E+01 17 9991 3 3 1 10
 3.200000E+01 23 9990 8 2 2 11
 3.600000E+01 22 9988 6 2 2 12
 4.000000E+01 25 9985 7 2 2 14
 4.400000E+01 26 9983 8 1 3 14
 4.800000E+01 31 9980 9 5 3 14
 5.200000E+01 29 9979 6 4 3 16
 5.600000E+01 29 9974 5 2 4 18
 6.000000E+01 40 9969 13 3 5 19
 6.400000E+01 41 9968 13 0 6 22
 6.800000E+01 44 9966 14 0 6 24
 7.200000E+01 42 9963 5 6 6 25
 7.600000E+01 47 9961 6 6 7 28
 8.000000E+01 49 9959 7 4 9 29
 8.400000E+01 56 9953 11 3 10 32
 8.800000E+01 54 9949 9 2 10 33
 9.200000E+01 59 9942 10 3 11 35
 9.600000E+01 67 9940 15 4 13 35
 1.000000E+02 73 9935 16 4 15 38
 1.040000E+02 74 9930 15 4 16 39
 1.080000E+02 83 9925 21 4 18 40
 1.120000E+02 89 9918 20 9 19 41
 1.160000E+02 93 9911 19 8 21 45
 1.200000E+02 91 9908 13 5 24 49
 1.240000E+02 100 9906 18 4 27 51
 1.280000E+02 103 9900 13 10 27 53
 1.320000E+02 108 9897 12 8 32 56
 1.360000E+02 118 9892 19 11 32 56
 1.400000E+02 111 9891 9 9 34 59
 1.440000E+02 115 9887 10 8 35 62
 1.480000E+02 121 9884 14 7 36 64
 1.520000E+02 122 9880 14 6 37 65
 1.560000E+02 129 9877 16 9 38 66
 1.600000E+02 136 9875 19 9 39 69
 1.640000E+02 142 9868 19 10 42 71
 1.680000E+02 139 9864 13 9 43 74
 1.720000E+02 142 9864 12 10 43 77
 1.760000E+02 141 9862 8 7 43 83
 1.800000E+02 142 9857 7 7 45 83
 1.840000E+02 148 9853 11 5 46 86
 1.880000E+02 154 9851 11 5 50 88
 1.920000E+02 155 9848 10 6 50 89
 1.960000E+02 157 9847 9 8 50 90
 2.000000E+02 162 9846 8 11 51 92

#Simulation ended (eff.: 0.952868, detail below)
	#Events: 10998
	#Valid embedding but no longer unary when required: 0.000000
	#Valid embedding but not binary when required: 0.000000
	#Clashing instance: 0.000000
	#Lazy negative update: 1.000000
	#Lazy negative update of non local instances: 0.000000
	#Perturbation interrupting time advance: 0.000000
