# time 'Cases' 'Susceptible' 'Exposed' 'Infected' 'Removed' 'Deads'
 0.000000E+00 0 7000 0 0 0 0
 4.000000E+00 1 7000 1 0 0 0
 8.000000E+00 2 7000 2 0 0 0
 1.200000E+01 1 7000 1 0 0 0
 1.600000E+01 2 7000 2 0 0 0
 2.000000E+01 2 7000 2 0 0 0
 2.400000E+01 3 7000 3 0 0 0
 2.800000E+01 3 6999 2 1 0 0
 3.200000E+01 2 6996 1 1 0 0
 3.600000E+01 1 6996 0 1 0 0
 4.000000E+01 3 6993 2 1 0 0
 4.400000E+01 5 6993 4 0 1 0
 4.800000E+01 2 6993 1 0 1 0
 5.200000E+01 5 6991 2 1 1 1
 5.600000E+01 4 6991 2 0 1 1
 6.000000E+01 5 6991 3 0 1 1
 6.400000E+01 6 6991 4 0 1 1
 6.800000E+01 4 6991 1 1 1 1
 7.200000E+01 5 6990 2 1 1 1
 7.600000E+01 4 6989 2 0 1 1
 8.000000E+01 6 6989 3 1 1 1
 8.400000E+01 8 6989 4 1 1 2
 8.800000E+01 10 6989 6 1 1 2
 9.200000E+01 12 6989 7 2 1 2
 9.600000E+01 9 6988 4 1 2 2
 1.000000E+02 11 6985 5 0 2 4
 1.040000E+02 18 6984 11 1 2 4
 1.080000E+02 15 6983 8 1 2 4
 1.120000E+02 15 6983 7 2 2 4
 1.160000E+02 17 6983 5 4 2 6
 1.200000E+02 17 6982 7 1 2 7
 1.240000E+02 18 6981 6 2 2 8
 1.280000E+02 21 6980 6 3 2 10
 1.320000E+02 20 6980 7 0 2 11
 1.360000E+02 24 6979 7 3 3 11
 1.400000E+02 28 6978 8 3 5 12
 1.440000E+02 25 6976 4 4 5 12
 1.480000E+02 26 6975 6 2 6 12
 1.520000E+02 29 6974 9 2 6 12
 1.560000E+02 28 6974 6 2 6 14
 1.600000E+02 27 6974 4 0 7 16
 1.640000E+02 31 6974 6 1 7 17
 1.680000E+02 34 6972 8 2 7 17
 1.720000E+02 30 6971 4 0 8 18
 1.760000E+02 32 6969 5 1 8 18
 1.800000E+02 32 6969 6 0 8 18
 1.840000E+02 32 6968 4 2 8 18
 1.880000E+02 33 6966 5 0 9 19
 1.920000E+02 30 6966 1 1 9 19
 1.960000E+02 29 6966 1 0 9 19
 2.000000E+02 35 6965 4 1 9 21

#Simulation ended (eff.: 0.907452, detail below)
	#Events: 7197
	#Valid embedding but no longer unary when required: 0.000000
	#Valid embedding but not binary when required: 0.000000
	#Clashing instance: 0.000000
	#Lazy negative update: 1.000000
	#Lazy negative update of non local instances: 0.000000
	#Perturbation interrupting time advance: 0.000000
