# time 'Cases' 'Susceptible' 'Exposed' 'Infected' 'Removed' 'Deads'
 0.000000E+00 0 470 0 0 0 0
 4.000000E+00 0 470 0 0 0 0
 8.000000E+00 0 470 0 0 0 0
 1.200000E+01 2 470 2 0 0 0
 1.600000E+01 2 470 2 0 0 0
 2.000000E+01 2 470 2 0 0 0
 2.400000E+01 0 470 0 0 0 0
 2.800000E+01 2 470 2 0 0 0
 3.200000E+01 2 470 2 0 0 0
 3.600000E+01 2 470 2 0 0 0
 4.000000E+01 0 470 0 0 0 0
 4.400000E+01 2 470 2 0 0 0
 4.800000E+01 2 470 2 0 0 0
 5.200000E+01 0 470 0 0 0 0
 5.600000E+01 1 470 1 0 0 0
 6.000000E+01 3 470 0 1 0 2
 6.400000E+01 6 468 3 1 0 2
 6.800000E+01 6 468 2 1 0 3
 7.200000E+01 8 467 4 0 0 4
 7.600000E+01 6 467 2 0 0 4
 8.000000E+01 6 467 2 0 0 4
 8.400000E+01 5 467 1 0 0 4
 8.800000E+01 5 467 0 0 0 5
 9.200000E+01 6 467 1 0 0 5
 9.600000E+01 6 467 1 0 0 5
 1.000000E+02 7 466 1 1 0 5
 1.040000E+02 6 465 1 0 0 5
 1.080000E+02 7 465 1 1 0 5
 1.120000E+02 6 464 0 1 0 5
 1.160000E+02 8 464 1 1 0 6
 1.200000E+02 12 462 5 1 0 6
 1.240000E+02 9 461 3 0 0 6
 1.280000E+02 8 461 2 0 0 6
 1.320000E+02 9 461 3 0 0 6
 1.360000E+02 10 461 2 1 0 7
 1.400000E+02 8 461 0 1 0 7
 1.440000E+02 13 461 5 0 0 8
 1.480000E+02 14 461 6 0 0 8
 1.520000E+02 11 461 3 0 0 8
 1.560000E+02 10 461 2 0 0 8
 1.600000E+02 10 461 1 1 0 8
 1.640000E+02 13 461 4 1 0 8
 1.680000E+02 13 461 4 1 0 8
 1.720000E+02 13 460 2 2 0 9
 1.760000E+02 11 459 1 0 0 10
 1.800000E+02 13 459 2 1 0 10
 1.840000E+02 11 459 1 0 0 10
 1.880000E+02 10 459 0 0 0 10
 1.920000E+02 11 459 0 1 0 10
 1.960000E+02 11 459 1 0 0 10
 2.000000E+02 11 459 1 0 0 10

#Simulation ended (eff.: 0.738318, detail below)
	#Events: 790
	#Valid embedding but no longer unary when required: 0.000000
	#Valid embedding but not binary when required: 0.000000
	#Clashing instance: 0.000000
	#Lazy negative update: 1.000000
	#Lazy negative update of non local instances: 0.000000
	#Perturbation interrupting time advance: 0.000000
