# time 'Cases' 'Susceptible' 'Exposed' 'Infected' 'Removed' 'Deads'
 0.000000E+00 10 10000 0 10 0 0
 4.000000E+00 12 9991 4 3 2 3
 8.000000E+00 17 9985 9 2 3 3
 1.200000E+01 16 9984 5 4 4 3
 1.600000E+01 22 9981 9 2 4 7
 2.000000E+01 24 9978 8 4 5 7
 2.400000E+01 28 9975 9 4 5 10
 2.800000E+01 32 9974 12 4 5 11
 3.200000E+01 33 9969 9 4 7 13
 3.600000E+01 39 9963 15 3 7 14
 4.000000E+01 45 9958 18 4 8 15
 4.400000E+01 53 9951 22 7 8 16
 4.800000E+01 57 9945 23 7 8 19
 5.200000E+01 58 9938 17 5 12 24
 5.600000E+01 73 9932 29 5 13 26
 6.000000E+01 69 9925 18 9 14 28
 6.400000E+01 79 9917 19 6 18 36
 6.800000E+01 99 9908 28 8 20 43
 7.200000E+01 102 9906 28 5 24 45
 7.600000E+01 101 9903 22 7 24 48
 8.000000E+01 111 9891 22 10 25 54
 8.400000E+01 118 9880 24 10 26 58
 8.800000E+01 126 9872 26 8 27 65
 9.200000E+01 127 9865 17 10 30 70
 9.600000E+01 136 9860 22 11 31 72
 1.000000E+02 146 9854 24 7 34 81
 1.040000E+02 154 9850 24 9 36 85
 1.080000E+02 171 9840 32 14 37 88
 1.120000E+02 166 9834 23 12 37 94
 1.160000E+02 171 9828 25 11 39 96
 1.200000E+02 181 9817 27 10 41 103
 1.240000E+02 200 9808 34 11 45 110
 1.280000E+02 198 9798 24 9 50 115
 1.320000E+02 216 9794 31 9 54 122
 1.360000E+02 223 9777 26 12 58 127
 1.400000E+02 238 9769 27 19 61 131
 1.440000E+02 235 9763 24 14 63 134
 1.480000E+02 244 9753 24 12 63 145
 1.520000E+02 264 9740 32 19 64 149
 1.560000E+02 272 9730 33 21 66 152
 1.600000E+02 274 9724 25 17 70 162
 1.640000E+02 282 9720 18 17 75 172
 1.680000E+02 289 9713 18 17 77 177
 1.720000E+02 293 9705 19 11 79 184
 1.760000E+02 303 9696 24 8 81 190
 1.800000E+02 308 9692 21 10 83 194
 1.840000E+02 318 9686 24 12 84 198
 1.880000E+02 321 9683 19 15 85 202
 1.920000E+02 329 9675 19 9 89 212
 1.960000E+02 333 9671 16 7 92 218
 2.000000E+02 336 9665 13 7 92 224

#Simulation ended (eff.: 0.941543, detail below)
	#Events: 13288
	#Valid embedding but no longer unary when required: 0.000000
	#Valid embedding but not binary when required: 0.000000
	#Clashing instance: 0.000000
	#Lazy negative update: 1.000000
	#Lazy negative update of non local instances: 0.000000
	#Perturbation interrupting time advance: 0.000000
