# time 'Cases' 'Susceptible' 'Exposed' 'Infected' 'Removed' 'Deads'
 0.000000E+00 0 1580 0 0 0 0
 4.000000E+00 3 1579 2 0 1 0
 8.000000E+00 4 1579 3 0 1 0
 1.200000E+01 8 1579 6 1 1 0
 1.600000E+01 7 1578 6 0 1 0
 2.000000E+01 7 1578 6 0 1 0
 2.400000E+01 3 1578 1 1 1 0
 2.800000E+01 3 1577 1 1 1 0
 3.200000E+01 4 1577 1 1 2 0
 3.600000E+01 7 1576 4 1 2 0
 4.000000E+01 5 1575 3 0 2 0
 4.400000E+01 5 1575 2 0 2 1
 4.800000E+01 10 1574 6 1 2 1
 5.200000E+01 11 1574 6 1 2 2
 5.600000E+01 13 1571 7 2 2 2
 6.000000E+01 12 1570 4 4 2 2
 6.400000E+01 18 1563 8 6 2 2
 6.800000E+01 20 1559 10 2 3 5
 7.200000E+01 25 1558 13 3 4 5
 7.600000E+01 23 1555 8 4 4 7
 8.000000E+01 27 1554 9 5 5 8
 8.400000E+01 32 1550 13 3 7 9
 8.800000E+01 36 1548 11 7 8 10
 9.200000E+01 38 1542 10 7 8 13
 9.600000E+01 39 1541 9 6 9 15
 1.000000E+02 40 1537 9 4 10 17
 1.040000E+02 52 1534 16 7 10 19
 1.080000E+02 51 1528 8 8 10 25
 1.120000E+02 57 1526 13 6 12 26
 1.160000E+02 61 1523 11 9 15 26
 1.200000E+02 66 1522 13 8 16 29
 1.240000E+02 69 1514 14 4 19 32
 1.280000E+02 75 1512 15 6 20 34
 1.320000E+02 77 1512 17 2 22 36
 1.360000E+02 80 1508 13 3 24 40
 1.400000E+02 79 1503 11 3 24 41
 1.440000E+02 90 1502 17 7 24 42
 1.480000E+02 85 1500 10 5 27 43
 1.520000E+02 87 1496 8 8 27 44
 1.560000E+02 92 1492 9 7 28 48
 1.600000E+02 98 1482 11 5 29 53
 1.640000E+02 99 1481 14 1 31 53
 1.680000E+02 103 1479 15 2 31 55
 1.720000E+02 105 1476 9 9 31 56
 1.760000E+02 114 1472 16 5 33 60
 1.800000E+02 111 1468 11 4 34 62
 1.840000E+02 111 1465 12 1 35 63
 1.880000E+02 114 1464 10 4 36 64
 1.920000E+02 111 1462 5 5 37 64
 1.960000E+02 116 1461 8 4 38 66
 2.000000E+02 119 1460 9 3 39 68

#Simulation ended (eff.: 0.847081, detail below)
	#Events: 3584
	#Valid embedding but no longer unary when required: 0.000000
	#Valid embedding but not binary when required: 0.000000
	#Clashing instance: 0.000000
	#Lazy negative update: 1.000000
	#Lazy negative update of non local instances: 0.000000
	#Perturbation interrupting time advance: 0.000000
