# time 'Cases' 'Susceptible' 'Exposed' 'Infected' 'Removed' 'Deads'
 0.000000E+00 0 7000 0 0 0 0
 4.000000E+00 0 7000 0 0 0 0
 8.000000E+00 2 7000 2 0 0 0
 1.200000E+01 2 7000 2 0 0 0
 1.600000E+01 5 6999 4 0 0 1
 2.000000E+01 3 6999 2 0 0 1
 2.400000E+01 4 6999 3 0 0 1
 2.800000E+01 2 6999 1 0 0 1
 3.200000E+01 2 6999 1 0 0 1
 3.600000E+01 1 6999 0 0 0 1
 4.000000E+01 5 6996 3 0 0 2
 4.400000E+01 5 6994 2 1 0 2
 4.800000E+01 7 6993 3 1 0 3
 5.200000E+01 5 6993 2 0 0 3
 5.600000E+01 7 6993 3 1 0 3
 6.000000E+01 5 6993 2 0 0 3
 6.400000E+01 5 6993 1 0 0 4
 6.800000E+01 11 6993 7 0 0 4
 7.200000E+01 11 6993 6 1 0 4
 7.600000E+01 12 6992 7 0 1 4
 8.000000E+01 13 6992 6 2 1 4
 8.400000E+01 13 6990 7 1 1 4
 8.800000E+01 18 6985 10 2 2 4
 9.200000E+01 16 6984 6 3 2 5
 9.600000E+01 14 6984 3 2 4 5
 1.000000E+02 16 6984 4 1 5 6
 1.040000E+02 17 6984 3 2 6 6
 1.080000E+02 23 6980 7 3 7 6
 1.120000E+02 24 6980 7 1 8 8
 1.160000E+02 24 6980 5 2 9 8
 1.200000E+02 26 6980 5 4 9 8
 1.240000E+02 27 6977 8 2 9 8
 1.280000E+02 20 6977 1 0 9 10
 1.320000E+02 28 6976 6 3 9 10
 1.360000E+02 24 6974 1 1 10 12
 1.400000E+02 24 6974 1 0 10 13
 1.440000E+02 31 6974 5 2 10 14
 1.480000E+02 29 6973 4 1 10 14
 1.520000E+02 38 6973 7 5 11 15
 1.560000E+02 38 6971 6 3 11 18
 1.600000E+02 45 6969 12 0 12 21
 1.640000E+02 46 6969 10 2 12 22
 1.680000E+02 40 6968 2 3 12 23
 1.720000E+02 47 6967 9 3 12 23
 1.760000E+02 46 6966 6 3 13 24
 1.800000E+02 46 6966 5 3 13 25
 1.840000E+02 47 6966 5 2 13 27
 1.880000E+02 51 6966 9 2 13 27
 1.920000E+02 47 6966 4 1 13 29
 1.960000E+02 47 6965 4 1 13 29
 2.000000E+02 48 6964 4 1 13 30

#Simulation ended (eff.: 0.907539, detail below)
	#Events: 7283
	#Valid embedding but no longer unary when required: 0.000000
	#Valid embedding but not binary when required: 0.000000
	#Clashing instance: 0.000000
	#Lazy negative update: 1.000000
	#Lazy negative update of non local instances: 0.000000
	#Perturbation interrupting time advance: 0.000000
