# time 'Cases' 'Susceptible' 'Exposed' 'Infected' 'Removed' 'Deads'
 0.000000E+00 0 1580 0 0 0 0
 4.000000E+00 1 1580 1 0 0 0
 8.000000E+00 4 1580 3 1 0 0
 1.200000E+01 8 1578 6 1 1 0
 1.600000E+01 7 1576 5 1 1 0
 2.000000E+01 10 1575 5 4 1 0
 2.400000E+01 11 1574 6 3 1 1
 2.800000E+01 13 1573 6 0 3 4
 3.200000E+01 18 1568 6 2 3 7
 3.600000E+01 18 1567 6 2 3 7
 4.000000E+01 31 1566 15 4 3 9
 4.400000E+01 27 1560 8 5 4 10
 4.800000E+01 34 1556 13 4 5 12
 5.200000E+01 42 1553 18 3 6 15
 5.600000E+01 45 1550 18 5 6 16
 6.000000E+01 41 1546 14 3 6 18
 6.400000E+01 47 1544 17 5 7 18
 6.800000E+01 50 1541 13 6 12 19
 7.200000E+01 61 1537 21 6 13 21
 7.600000E+01 57 1534 15 5 14 23
 8.000000E+01 56 1533 10 6 15 25
 8.400000E+01 66 1526 17 6 16 27
 8.800000E+01 78 1522 23 9 18 28
 9.200000E+01 84 1516 24 6 20 34
 9.600000E+01 87 1507 20 6 23 38
 1.000000E+02 93 1503 22 7 23 41
 1.040000E+02 96 1495 21 7 24 44
 1.080000E+02 115 1485 35 9 25 46
 1.120000E+02 120 1480 32 9 27 52
 1.160000E+02 123 1473 27 11 27 58
 1.200000E+02 130 1466 29 7 30 64
 1.240000E+02 146 1457 37 8 32 69
 1.280000E+02 148 1448 32 10 34 72
 1.320000E+02 155 1441 33 10 36 76
 1.360000E+02 160 1440 30 17 37 76
 1.400000E+02 164 1436 26 14 39 85
 1.440000E+02 171 1432 25 11 44 91
 1.480000E+02 176 1425 19 14 48 95
 1.520000E+02 191 1419 30 9 51 101
 1.560000E+02 206 1410 32 12 53 109
 1.600000E+02 205 1407 23 11 57 114
 1.640000E+02 209 1404 21 8 58 122
 1.680000E+02 209 1401 16 5 59 129
 1.720000E+02 221 1396 23 6 61 131
 1.760000E+02 222 1394 15 11 61 135
 1.800000E+02 228 1393 16 11 64 137
 1.840000E+02 235 1387 15 13 64 143
 1.880000E+02 240 1383 18 10 67 145
 1.920000E+02 237 1381 13 8 70 146
 1.960000E+02 238 1379 11 7 71 149
 2.000000E+02 243 1375 8 7 72 156

#Simulation ended (eff.: 0.851966, detail below)
	#Events: 5548
	#Valid embedding but no longer unary when required: 0.000000
	#Valid embedding but not binary when required: 0.000000
	#Clashing instance: 0.000000
	#Lazy negative update: 1.000000
	#Lazy negative update of non local instances: 0.000000
	#Perturbation interrupting time advance: 0.000000
