# time 'Cases' 'Susceptible' 'Exposed' 'Infected' 'Removed' 'Deads'
 0.000000E+00 0 700 0 0 0 0
 4.000000E+00 1 700 1 0 0 0
 8.000000E+00 4 700 4 0 0 0
 1.200000E+01 2 700 2 0 0 0
 1.600000E+01 3 700 2 1 0 0
 2.000000E+01 3 700 2 1 0 0
 2.400000E+01 9 700 7 1 1 0
 2.800000E+01 13 698 9 2 1 1
 3.200000E+01 10 696 5 3 1 1
 3.600000E+01 6 696 2 0 1 3
 4.000000E+01 20 695 14 0 1 5
 4.400000E+01 14 693 5 2 1 6
 4.800000E+01 15 692 5 2 1 7
 5.200000E+01 18 688 7 2 1 8
 5.600000E+01 18 685 7 0 1 10
 6.000000E+01 23 685 10 2 1 10
 6.400000E+01 22 684 10 1 1 10
 6.800000E+01 18 684 7 0 1 10
 7.200000E+01 21 682 6 4 1 10
 7.600000E+01 21 678 6 3 1 11
 8.000000E+01 23 675 8 2 1 12
 8.400000E+01 20 674 4 1 2 13
 8.800000E+01 24 674 8 1 2 13
 9.200000E+01 36 673 13 3 4 16
 9.600000E+01 31 673 6 2 5 18
 1.000000E+02 33 672 7 3 5 18
 1.040000E+02 38 665 11 4 5 18
 1.080000E+02 41 662 12 3 5 21
 1.120000E+02 44 658 9 8 6 21
 1.160000E+02 47 658 15 5 6 21
 1.200000E+02 45 658 10 4 8 23
 1.240000E+02 48 656 12 3 8 25
 1.280000E+02 60 656 19 4 11 26
 1.320000E+02 48 655 7 0 14 27
 1.360000E+02 52 655 9 2 14 27
 1.400000E+02 57 654 10 5 14 28
 1.440000E+02 57 654 8 3 15 31
 1.480000E+02 66 652 15 4 16 31
 1.520000E+02 63 649 9 5 17 32
 1.560000E+02 61 648 4 6 18 33
 1.600000E+02 69 643 12 4 18 35
 1.640000E+02 65 641 8 4 18 35
 1.680000E+02 70 641 12 4 18 36
 1.720000E+02 63 641 7 2 18 36
 1.760000E+02 63 639 6 3 18 36
 1.800000E+02 68 638 8 3 21 36
 1.840000E+02 69 637 7 2 22 38
 1.880000E+02 70 636 6 4 22 38
 1.920000E+02 74 636 7 5 23 39
 1.960000E+02 74 636 4 8 23 39
 2.000000E+02 69 636 4 1 23 41

#Simulation ended (eff.: 0.734635, detail below)
	#Events: 2821
	#Valid embedding but no longer unary when required: 0.000000
	#Valid embedding but not binary when required: 0.000000
	#Clashing instance: 0.000000
	#Lazy negative update: 1.000000
	#Lazy negative update of non local instances: 0.000000
	#Perturbation interrupting time advance: 0.000000
