# time 'Cases' 'Susceptible' 'Exposed' 'Infected' 'Removed' 'Deads'
 0.000000E+00 0 4700 0 0 0 0
 4.000000E+00 2 4699 1 1 0 0
 8.000000E+00 4 4698 2 1 1 0
 1.200000E+01 2 4697 0 0 2 0
 1.600000E+01 3 4697 1 0 2 0
 2.000000E+01 2 4697 0 0 2 0
 2.400000E+01 4 4697 2 0 2 0
 2.800000E+01 3 4697 0 1 2 0
 3.200000E+01 8 4697 5 1 2 0
 3.600000E+01 4 4697 1 1 2 0
 4.000000E+01 5 4697 3 0 2 0
 4.400000E+01 7 4697 4 1 2 0
 4.800000E+01 6 4695 3 0 3 0
 5.200000E+01 11 4695 7 1 3 0
 5.600000E+01 11 4694 6 2 3 0
 6.000000E+01 12 4692 6 1 3 2
 6.400000E+01 9 4690 2 2 3 2
 6.800000E+01 13 4689 6 1 3 3
 7.200000E+01 10 4689 2 1 3 4
 7.600000E+01 11 4689 3 1 3 4
 8.000000E+01 12 4688 4 0 3 5
 8.400000E+01 18 4686 6 2 3 7
 8.800000E+01 21 4682 8 2 4 7
 9.200000E+01 23 4681 7 3 5 8
 9.600000E+01 22 4680 6 3 5 8
 1.000000E+02 31 4678 14 1 6 10
 1.040000E+02 33 4678 13 2 6 12
 1.080000E+02 28 4676 8 2 6 12
 1.120000E+02 33 4676 7 6 7 13
 1.160000E+02 33 4674 8 2 8 15
 1.200000E+02 38 4672 11 4 8 15
 1.240000E+02 35 4670 6 4 8 17
 1.280000E+02 36 4670 6 3 9 18
 1.320000E+02 51 4666 15 8 9 19
 1.360000E+02 46 4664 7 3 13 23
 1.400000E+02 47 4664 6 3 14 24
 1.440000E+02 50 4663 7 5 14 24
 1.480000E+02 58 4661 14 3 14 27
 1.520000E+02 56 4660 9 3 16 28
 1.560000E+02 64 4656 16 2 16 30
 1.600000E+02 62 4654 12 2 17 31
 1.640000E+02 57 4654 7 2 17 31
 1.680000E+02 63 4652 9 5 17 32
 1.720000E+02 61 4649 3 1 20 37
 1.760000E+02 75 4649 13 2 20 40
 1.800000E+02 81 4648 18 2 20 41
 1.840000E+02 77 4647 10 2 23 42
 1.880000E+02 80 4646 9 5 24 42
 1.920000E+02 78 4645 7 1 27 43
 1.960000E+02 75 4644 4 1 27 43
 2.000000E+02 86 4642 10 3 29 44

#Simulation ended (eff.: 0.896415, detail below)
	#Events: 5651
	#Valid embedding but no longer unary when required: 0.000000
	#Valid embedding but not binary when required: 0.000000
	#Clashing instance: 0.000000
	#Lazy negative update: 1.000000
	#Lazy negative update of non local instances: 0.000000
	#Perturbation interrupting time advance: 0.000000
