# time 'Cases' 'Susceptible' 'Exposed' 'Infected' 'Removed' 'Deads'
 0.000000E+00 10 10000 0 10 0 0
 4.000000E+00 14 9992 4 6 0 4
 8.000000E+00 20 9980 10 2 0 8
 1.200000E+01 19 9980 10 0 0 9
 1.600000E+01 22 9979 12 0 0 10
 2.000000E+01 25 9976 8 6 0 11
 2.400000E+01 25 9974 8 4 1 12
 2.800000E+01 30 9971 10 4 2 14
 3.200000E+01 34 9968 13 3 2 16
 3.600000E+01 39 9964 12 7 4 16
 4.000000E+01 43 9958 14 7 5 17
 4.400000E+01 45 9955 15 3 7 20
 4.800000E+01 49 9950 17 5 7 20
 5.200000E+01 58 9944 21 4 9 24
 5.600000E+01 67 9938 24 7 10 26
 6.000000E+01 63 9932 14 8 13 28
 6.400000E+01 75 9927 24 2 15 34
 6.800000E+01 91 9919 29 7 18 37
 7.200000E+01 95 9912 26 12 20 37
 7.600000E+01 101 9902 23 13 25 40
 8.000000E+01 119 9893 32 8 30 49
 8.400000E+01 116 9890 22 9 32 53
 8.800000E+01 127 9882 28 9 32 58
 9.200000E+01 133 9875 27 12 33 61
 9.600000E+01 135 9869 26 12 34 63
 1.000000E+02 148 9858 28 15 36 69
 1.040000E+02 161 9847 33 16 39 73
 1.080000E+02 179 9833 39 22 40 78
 1.120000E+02 180 9824 30 12 43 95
 1.160000E+02 191 9816 31 15 46 99
 1.200000E+02 198 9805 27 17 49 105
 1.240000E+02 211 9791 25 20 54 112
 1.280000E+02 226 9783 34 14 58 120
 1.320000E+02 227 9772 25 17 61 124
 1.360000E+02 233 9762 30 14 62 127
 1.400000E+02 243 9751 37 8 66 132
 1.440000E+02 247 9746 28 15 69 135
 1.480000E+02 270 9740 34 23 72 141
 1.520000E+02 277 9726 37 15 72 153
 1.560000E+02 277 9720 30 15 75 157
 1.600000E+02 286 9708 28 16 77 165
 1.640000E+02 297 9699 31 16 80 170
 1.680000E+02 304 9693 29 16 85 174
 1.720000E+02 311 9683 28 15 88 180
 1.760000E+02 304 9679 16 15 91 182
 1.800000E+02 320 9676 24 14 94 188
 1.840000E+02 324 9671 25 13 95 191
 1.880000E+02 323 9667 16 16 98 193
 1.920000E+02 332 9660 15 14 100 203
 1.960000E+02 335 9651 16 11 104 204
 2.000000E+02 339 9645 15 8 107 209

#Simulation ended (eff.: 0.940923, detail below)
	#Events: 13745
	#Valid embedding but no longer unary when required: 0.000000
	#Valid embedding but not binary when required: 0.000000
	#Clashing instance: 0.000000
	#Lazy negative update: 1.000000
	#Lazy negative update of non local instances: 0.000000
	#Perturbation interrupting time advance: 0.000000
