# time 'Cases' 'Susceptible' 'Exposed' 'Infected' 'Removed' 'Deads'
 0.000000E+00 10 100000 0 10 0 0
 4.000000E+00 14 99994 5 5 1 3
 8.000000E+00 13 99991 5 1 1 6
 1.200000E+01 18 99990 10 0 1 7
 1.600000E+01 18 99989 7 2 1 8
 2.000000E+01 21 99987 10 0 1 10
 2.400000E+01 20 99987 7 1 2 10
 2.800000E+01 20 99987 7 0 3 10
 3.200000E+01 24 99987 8 0 3 13
 3.600000E+01 26 99986 7 2 3 14
 4.000000E+01 25 99986 5 1 4 15
 4.400000E+01 26 99984 3 3 5 15
 4.800000E+01 30 99983 4 4 6 16
 5.200000E+01 30 99982 4 2 7 17
 5.600000E+01 32 99980 5 2 7 18
 6.000000E+01 32 99978 4 2 8 18
 6.400000E+01 35 99975 5 1 8 21
 6.800000E+01 38 99975 7 1 9 21
 7.200000E+01 38 99974 5 1 9 23
 7.600000E+01 38 99974 2 2 9 25
 8.000000E+01 39 99973 3 1 9 26
 8.400000E+01 42 99970 5 2 9 26
 8.800000E+01 43 99968 5 2 10 26
 9.200000E+01 44 99968 4 3 11 26
 9.600000E+01 45 99965 3 3 11 28
 1.000000E+02 49 99963 6 4 11 28
 1.040000E+02 50 99960 5 4 11 30
 1.080000E+02 49 99959 5 2 12 30
 1.120000E+02 52 99958 7 1 13 31
 1.160000E+02 55 99955 6 1 15 33
 1.200000E+02 57 99955 8 0 16 33
 1.240000E+02 58 99955 5 2 17 34
 1.280000E+02 62 99952 8 1 17 36
 1.320000E+02 60 99950 4 1 18 37
 1.360000E+02 61 99950 3 3 18 37
 1.400000E+02 64 99946 4 3 18 39
 1.440000E+02 63 99946 2 2 19 40
 1.480000E+02 65 99944 4 2 19 40
 1.520000E+02 65 99944 3 1 19 42
 1.560000E+02 64 99944 1 1 19 43
 1.600000E+02 65 99944 0 1 20 44
 1.640000E+02 67 99944 2 0 21 44
 1.680000E+02 66 99944 1 0 21 44
 1.720000E+02 65 99944 0 0 21 44
 1.760000E+02 68 99943 2 1 21 44
 1.800000E+02 65 99942 0 0 21 44
 1.840000E+02 67 99942 2 0 21 44
 1.880000E+02 71 99941 5 1 21 44
 1.920000E+02 69 99941 2 1 22 44
 1.960000E+02 71 99940 3 2 22 44
 2.000000E+02 71 99940 1 2 24 44

#Simulation ended (eff.: 0.993046, detail below)
	#Events: 87538
	#Valid embedding but no longer unary when required: 0.000000
	#Valid embedding but not binary when required: 0.000000
	#Clashing instance: 0.000000
	#Lazy negative update: 1.000000
	#Lazy negative update of non local instances: 0.000000
	#Perturbation interrupting time advance: 0.000000
