# time 'Cases' 'Susceptible' 'Exposed' 'Infected' 'Removed' 'Deads'
 0.000000E+00 0 700 0 0 0 0
 4.000000E+00 2 700 2 0 0 0
 8.000000E+00 2 700 2 0 0 0
 1.200000E+01 2 700 2 0 0 0
 1.600000E+01 4 700 4 0 0 0
 2.000000E+01 7 700 5 1 0 1
 2.400000E+01 3 700 2 0 0 1
 2.800000E+01 6 700 5 0 0 1
 3.200000E+01 5 700 4 0 0 1
 3.600000E+01 4 700 3 0 0 1
 4.000000E+01 5 700 2 1 0 2
 4.400000E+01 10 699 6 2 0 2
 4.800000E+01 7 699 2 1 1 3
 5.200000E+01 8 697 3 1 1 3
 5.600000E+01 14 695 9 1 1 3
 6.000000E+01 13 695 8 0 1 4
 6.400000E+01 14 695 7 0 1 6
 6.800000E+01 18 694 7 3 1 7
 7.200000E+01 20 692 9 1 3 7
 7.600000E+01 19 692 8 1 3 7
 8.000000E+01 16 688 3 2 4 7
 8.400000E+01 21 688 5 5 4 7
 8.800000E+01 21 687 7 1 6 7
 9.200000E+01 21 684 7 0 6 8
 9.600000E+01 22 683 7 0 6 9
 1.000000E+02 21 682 4 2 6 9
 1.040000E+02 23 681 5 1 7 10
 1.080000E+02 25 679 5 2 7 11
 1.120000E+02 27 678 5 4 7 11
 1.160000E+02 31 676 8 3 7 13
 1.200000E+02 29 676 7 1 7 14
 1.240000E+02 34 676 9 3 7 15
 1.280000E+02 27 676 3 1 7 16
 1.320000E+02 29 675 2 2 7 18
 1.360000E+02 34 673 7 2 7 18
 1.400000E+02 30 673 1 2 9 18
 1.440000E+02 32 673 4 1 9 18
 1.480000E+02 36 672 5 3 9 19
 1.520000E+02 35 670 3 4 9 19
 1.560000E+02 34 669 1 4 9 20
 1.600000E+02 43 667 8 4 9 22
 1.640000E+02 37 667 1 2 10 24
 1.680000E+02 39 667 3 2 10 24
 1.720000E+02 39 667 3 1 10 25
 1.760000E+02 39 667 2 2 10 25
 1.800000E+02 40 667 2 2 11 25
 1.840000E+02 39 667 1 2 11 25
 1.880000E+02 38 667 0 2 11 25
 1.920000E+02 44 666 5 2 11 26
 1.960000E+02 40 666 2 0 11 27
 2.000000E+02 41 666 3 0 11 27

#Simulation ended (eff.: 0.712208, detail below)
	#Events: 1861
	#Valid embedding but no longer unary when required: 0.000000
	#Valid embedding but not binary when required: 0.000000
	#Clashing instance: 0.000000
	#Lazy negative update: 1.000000
	#Lazy negative update of non local instances: 0.000000
	#Perturbation interrupting time advance: 0.000000
