# time 'Cases' 'Susceptible' 'Exposed' 'Infected' 'Removed' 'Deads'
 0.000000E+00 10 100000 0 10 0 0
 4.000000E+00 16 99987 8 6 0 2
 8.000000E+00 18 99986 10 2 0 6
 1.200000E+01 16 99984 8 2 0 6
 1.600000E+01 21 99982 10 3 1 7
 2.000000E+01 18 99981 6 2 2 8
 2.400000E+01 23 99980 7 2 3 11
 2.800000E+01 30 99979 11 4 4 11
 3.200000E+01 35 99977 13 2 6 14
 3.600000E+01 35 99976 13 0 8 14
 4.000000E+01 39 99974 10 5 10 14
 4.400000E+01 37 99973 7 4 11 15
 4.800000E+01 42 99970 10 4 12 16
 5.200000E+01 45 99967 11 5 13 16
 5.600000E+01 51 99963 16 4 13 18
 6.000000E+01 57 99960 17 2 18 20
 6.400000E+01 65 99958 22 3 18 22
 6.800000E+01 66 99958 17 8 18 23
 7.200000E+01 78 99943 26 8 18 26
 7.600000E+01 88 99931 31 10 18 29
 8.000000E+01 97 99924 34 9 20 34
 8.400000E+01 114 99914 40 13 23 38
 8.800000E+01 120 99908 40 10 27 43
 9.200000E+01 122 99895 34 11 28 49
 9.600000E+01 131 99886 38 12 28 53
 1.000000E+02 143 99877 42 15 30 56
 1.040000E+02 153 99865 42 10 34 67
 1.080000E+02 166 99858 44 15 36 71
 1.120000E+02 186 99837 45 20 40 81
 1.160000E+02 193 99820 46 15 42 90
 1.200000E+02 208 99805 45 21 43 99
 1.240000E+02 225 99795 53 17 47 108
 1.280000E+02 236 99785 50 18 51 117
 1.320000E+02 243 99772 45 20 55 123
 1.360000E+02 251 99761 42 17 58 134
 1.400000E+02 264 99751 34 24 60 146
 1.440000E+02 278 99739 37 17 66 158
 1.480000E+02 291 99730 42 16 68 165
 1.520000E+02 289 99723 34 15 71 169
 1.560000E+02 291 99718 28 9 75 179
 1.600000E+02 308 99711 33 11 78 186
 1.640000E+02 322 99702 33 17 79 193
 1.680000E+02 333 99691 28 23 81 201
 1.720000E+02 340 99680 30 16 84 210
 1.760000E+02 353 99674 27 22 87 217
 1.800000E+02 358 99664 31 11 91 225
 1.840000E+02 374 99657 37 12 93 232
 1.880000E+02 387 99648 35 17 97 238
 1.920000E+02 382 99639 25 11 100 246
 1.960000E+02 381 99634 18 11 102 250
 2.000000E+02 400 99626 24 15 103 258

#Simulation ended (eff.: 0.987510, detail below)
	#Events: 92107
	#Valid embedding but no longer unary when required: 0.000000
	#Valid embedding but not binary when required: 0.000000
	#Clashing instance: 0.000000
	#Lazy negative update: 1.000000
	#Lazy negative update of non local instances: 0.000000
	#Perturbation interrupting time advance: 0.000000
