# time 'Cases' 'Susceptible' 'Exposed' 'Infected' 'Removed' 'Deads'
 0.000000E+00 10 100000 0 10 0 0
 4.000000E+00 19 99989 9 6 0 4
 8.000000E+00 17 99984 9 3 0 5
 1.200000E+01 25 99978 17 2 0 6
 1.600000E+01 23 99975 11 4 1 7
 2.000000E+01 28 99972 16 1 1 10
 2.400000E+01 29 99963 10 8 1 10
 2.800000E+01 46 99952 20 11 1 14
 3.200000E+01 51 99940 22 11 1 17
 3.600000E+01 60 99927 26 7 2 25
 4.000000E+01 80 99908 38 12 2 28
 4.400000E+01 77 99900 32 8 5 32
 4.800000E+01 95 99890 44 8 8 35
 5.200000E+01 103 99879 43 9 9 42
 5.600000E+01 109 99871 35 11 12 51
 6.000000E+01 138 99850 51 15 13 59
 6.400000E+01 150 99836 53 14 17 66
 6.800000E+01 163 99821 49 17 22 75
 7.200000E+01 175 99795 48 19 26 82
 7.600000E+01 215 99772 70 20 32 93
 8.000000E+01 225 99751 60 20 44 101
 8.400000E+01 233 99736 56 20 48 109
 8.800000E+01 263 99721 67 22 53 121
 9.200000E+01 280 99699 66 25 59 130
 9.600000E+01 307 99681 69 31 63 144
 1.000000E+02 334 99661 83 28 66 157
 1.040000E+02 345 99646 71 33 74 167
 1.080000E+02 370 99619 81 30 78 181
 1.120000E+02 402 99591 85 40 80 197
 1.160000E+02 433 99574 85 44 84 220
 1.200000E+02 463 99529 89 44 91 239
 1.240000E+02 498 99503 96 48 99 255
 1.280000E+02 513 99468 89 32 107 285
 1.320000E+02 556 99451 99 32 120 305
 1.360000E+02 584 99422 84 45 132 323
 1.400000E+02 613 99383 85 41 144 343
 1.440000E+02 636 99366 93 37 149 357
 1.480000E+02 651 99338 79 46 156 370
 1.520000E+02 686 99302 91 47 165 383
 1.560000E+02 734 99272 111 47 174 402
 1.600000E+02 738 99246 97 38 178 425
 1.640000E+02 781 99219 108 43 187 443
 1.680000E+02 788 99201 89 43 193 463
 1.720000E+02 797 99191 64 43 206 484
 1.760000E+02 832 99172 76 37 213 506
 1.800000E+02 843 99163 57 38 222 526
 1.840000E+02 867 99147 64 32 228 543
 1.880000E+02 884 99132 55 36 235 558
 1.920000E+02 887 99119 52 25 244 566
 1.960000E+02 901 99107 45 35 247 574
 2.000000E+02 932 99086 52 36 255 589

#Simulation ended (eff.: 0.982985, detail below)
	#Events: 99658
	#Valid embedding but no longer unary when required: 0.000000
	#Valid embedding but not binary when required: 0.000000
	#Clashing instance: 0.000000
	#Lazy negative update: 1.000000
	#Lazy negative update of non local instances: 0.000000
	#Perturbation interrupting time advance: 0.000000
