# time 'Cases' 'Susceptible' 'Exposed' 'Infected' 'Removed' 'Deads'
 0.000000E+00 0 7000 0 0 0 0
 4.000000E+00 1 7000 1 0 0 0
 8.000000E+00 2 7000 2 0 0 0
 1.200000E+01 4 7000 3 1 0 0
 1.600000E+01 2 6998 1 1 0 0
 2.000000E+01 4 6997 3 0 0 1
 2.400000E+01 8 6997 6 0 1 1
 2.800000E+01 8 6997 6 0 1 1
 3.200000E+01 5 6997 3 0 1 1
 3.600000E+01 10 6997 7 0 2 1
 4.000000E+01 17 6997 11 2 2 2
 4.400000E+01 13 6997 6 1 2 4
 4.800000E+01 15 6997 7 1 2 5
 5.200000E+01 15 6993 5 1 2 7
 5.600000E+01 17 6991 8 0 2 7
 6.000000E+01 19 6990 7 3 2 7
 6.400000E+01 27 6986 15 1 3 8
 6.800000E+01 28 6982 13 4 3 8
 7.200000E+01 27 6977 10 3 3 11
 7.600000E+01 33 6971 13 3 5 12
 8.000000E+01 36 6970 12 2 5 17
 8.400000E+01 42 6967 16 3 5 18
 8.800000E+01 46 6965 14 5 6 21
 9.200000E+01 42 6964 10 1 8 23
 9.600000E+01 52 6961 19 2 8 23
 1.000000E+02 47 6958 11 3 8 25
 1.040000E+02 52 6955 14 5 8 25
 1.080000E+02 57 6953 19 2 9 27
 1.120000E+02 56 6952 16 3 9 28
 1.160000E+02 58 6951 17 4 9 28
 1.200000E+02 60 6949 14 5 10 31
 1.240000E+02 63 6946 14 6 10 33
 1.280000E+02 63 6943 12 4 10 37
 1.320000E+02 63 6943 11 4 10 38
 1.360000E+02 65 6940 9 5 10 41
 1.400000E+02 80 6934 21 6 10 43
 1.440000E+02 78 6931 14 9 11 44
 1.480000E+02 68 6928 7 4 12 45
 1.520000E+02 78 6927 15 4 14 45
 1.560000E+02 79 6923 11 5 18 45
 1.600000E+02 81 6921 14 2 18 47
 1.640000E+02 84 6920 12 6 18 48
 1.680000E+02 80 6920 9 2 18 51
 1.720000E+02 84 6917 10 5 18 51
 1.760000E+02 93 6914 15 7 19 52
 1.800000E+02 92 6913 16 2 20 54
 1.840000E+02 90 6912 12 2 20 56
 1.880000E+02 83 6909 4 3 20 56
 1.920000E+02 87 6908 4 4 20 59
 1.960000E+02 94 6906 12 1 20 61
 2.000000E+02 89 6906 6 1 20 62

#Simulation ended (eff.: 0.886312, detail below)
	#Events: 9059
	#Valid embedding but no longer unary when required: 0.000000
	#Valid embedding but not binary when required: 0.000000
	#Clashing instance: 0.000000
	#Lazy negative update: 1.000000
	#Lazy negative update of non local instances: 0.000000
	#Perturbation interrupting time advance: 0.000000
