# time 'Cases' 'Susceptible' 'Exposed' 'Infected' 'Removed' 'Deads'
 0.000000E+00 0 470 0 0 0 0
 4.000000E+00 4 470 3 1 0 0
 8.000000E+00 5 470 4 0 1 0
 1.200000E+01 1 470 0 0 1 0
 1.600000E+01 4 470 3 0 1 0
 2.000000E+01 9 468 6 2 1 0
 2.400000E+01 9 466 6 1 1 1
 2.800000E+01 5 460 2 1 1 1
 3.200000E+01 13 460 10 1 1 1
 3.600000E+01 9 458 5 2 1 1
 4.000000E+01 10 454 6 2 1 1
 4.400000E+01 15 454 10 2 1 2
 4.800000E+01 14 451 5 1 2 6
 5.200000E+01 24 450 13 2 2 7
 5.600000E+01 23 449 11 2 3 7
 6.000000E+01 24 447 10 2 4 8
 6.400000E+01 19 447 5 2 4 8
 6.800000E+01 26 447 11 1 5 9
 7.200000E+01 25 447 9 2 5 9
 7.600000E+01 32 444 12 2 6 12
 8.000000E+01 27 442 6 1 7 13
 8.400000E+01 36 437 10 3 9 14
 8.800000E+01 43 433 15 3 9 16
 9.200000E+01 39 425 9 3 11 16
 9.600000E+01 47 423 17 2 11 17
 1.000000E+02 53 421 19 4 11 19
 1.040000E+02 43 421 7 3 13 20
 1.080000E+02 49 420 11 4 13 21
 1.120000E+02 47 419 11 0 14 22
 1.160000E+02 49 417 9 3 14 23
 1.200000E+02 53 416 12 3 15 23
 1.240000E+02 58 414 13 5 15 25
 1.280000E+02 55 412 8 3 17 27
 1.320000E+02 61 410 11 3 17 30
 1.360000E+02 62 410 11 1 18 32
 1.400000E+02 60 410 9 1 18 32
 1.440000E+02 62 407 9 2 18 33
 1.480000E+02 62 407 9 1 18 34
 1.520000E+02 57 406 2 1 19 35
 1.560000E+02 63 406 9 0 19 35
 1.600000E+02 64 406 8 1 19 36
 1.640000E+02 66 406 10 1 19 36
 1.680000E+02 63 406 6 1 19 37
 1.720000E+02 63 406 4 2 20 37
 1.760000E+02 73 405 12 2 20 39
 1.800000E+02 70 405 11 0 20 39
 1.840000E+02 65 405 6 0 20 39
 1.880000E+02 71 405 8 4 20 39
 1.920000E+02 70 405 5 5 20 40
 1.960000E+02 65 405 2 2 21 40
 2.000000E+02 66 404 2 2 22 40

#Simulation ended (eff.: 0.759603, detail below)
	#Events: 2294
	#Valid embedding but no longer unary when required: 0.000000
	#Valid embedding but not binary when required: 0.000000
	#Clashing instance: 0.000000
	#Lazy negative update: 1.000000
	#Lazy negative update of non local instances: 0.000000
	#Perturbation interrupting time advance: 0.000000
