# time 'Cases' 'Susceptible' 'Exposed' 'Infected' 'Removed' 'Deads'
 0.000000E+00 0 700 0 0 0 0
 4.000000E+00 5 698 3 0 0 2
 8.000000E+00 3 696 1 0 0 2
 1.200000E+01 3 695 1 0 0 2
 1.600000E+01 4 695 2 0 0 2
 2.000000E+01 3 695 1 0 0 2
 2.400000E+01 4 695 2 0 0 2
 2.800000E+01 3 695 1 0 0 2
 3.200000E+01 7 695 5 0 0 2
 3.600000E+01 5 695 2 1 0 2
 4.000000E+01 8 695 5 1 0 2
 4.400000E+01 7 694 3 1 0 3
 4.800000E+01 7 693 1 0 0 6
 5.200000E+01 12 691 5 1 0 6
 5.600000E+01 8 691 2 0 0 6
 6.000000E+01 11 691 3 0 1 7
 6.400000E+01 15 691 6 0 2 7
 6.800000E+01 14 691 3 1 3 7
 7.200000E+01 16 690 5 0 3 8
 7.600000E+01 14 690 3 0 3 8
 8.000000E+01 19 690 6 1 4 8
 8.400000E+01 22 688 8 1 4 9
 8.800000E+01 20 688 5 1 4 10
 9.200000E+01 23 687 7 0 5 11
 9.600000E+01 27 686 10 1 5 11
 1.000000E+02 27 686 9 2 5 11
 1.040000E+02 27 686 10 0 6 11
 1.080000E+02 32 685 13 2 6 11
 1.120000E+02 28 684 6 4 7 11
 1.160000E+02 36 683 15 1 7 13
 1.200000E+02 32 681 5 6 7 14
 1.240000E+02 38 674 7 5 7 19
 1.280000E+02 40 670 11 2 7 20
 1.320000E+02 46 667 11 3 9 23
 1.360000E+02 46 665 10 1 10 25
 1.400000E+02 49 665 11 2 10 26
 1.440000E+02 49 664 9 4 10 26
 1.480000E+02 50 663 6 4 11 29
 1.520000E+02 47 663 3 4 11 29
 1.560000E+02 51 662 6 2 11 32
 1.600000E+02 51 659 4 3 11 33
 1.640000E+02 52 659 6 1 11 34
 1.680000E+02 57 657 8 1 13 35
 1.720000E+02 55 657 3 3 13 36
 1.760000E+02 61 656 7 4 13 37
 1.800000E+02 58 654 5 1 14 38
 1.840000E+02 61 652 5 2 14 40
 1.880000E+02 62 651 5 2 14 41
 1.920000E+02 65 650 6 3 15 41
 1.960000E+02 73 646 12 3 15 43
 2.000000E+02 71 646 7 2 15 47

#Simulation ended (eff.: 0.714382, detail below)
	#Events: 2121
	#Valid embedding but no longer unary when required: 0.000000
	#Valid embedding but not binary when required: 0.000000
	#Clashing instance: 0.000000
	#Lazy negative update: 1.000000
	#Lazy negative update of non local instances: 0.000000
	#Perturbation interrupting time advance: 0.000000
