# time 'Cases' 'Susceptible' 'Exposed' 'Infected' 'Removed' 'Deads'
 0.000000E+00 0 1580 0 0 0 0
 4.000000E+00 3 1580 3 0 0 0
 8.000000E+00 4 1580 4 0 0 0
 1.200000E+01 8 1579 6 2 0 0
 1.600000E+01 8 1575 6 1 0 1
 2.000000E+01 7 1573 5 1 0 1
 2.400000E+01 12 1570 9 2 0 1
 2.800000E+01 8 1569 5 1 0 2
 3.200000E+01 14 1568 10 1 1 2
 3.600000E+01 18 1568 8 7 1 2
 4.000000E+01 23 1562 13 6 1 3
 4.400000E+01 26 1559 15 5 2 4
 4.800000E+01 31 1556 15 7 2 7
 5.200000E+01 34 1549 13 4 5 12
 5.600000E+01 33 1545 11 3 7 12
 6.000000E+01 31 1543 8 3 7 13
 6.400000E+01 43 1539 16 4 8 15
 6.800000E+01 44 1536 17 4 8 15
 7.200000E+01 41 1534 14 3 8 16
 7.600000E+01 46 1529 12 5 10 19
 8.000000E+01 49 1524 12 5 10 22
 8.400000E+01 58 1522 15 4 14 25
 8.800000E+01 67 1514 18 7 15 27
 9.200000E+01 62 1508 8 7 19 28
 9.600000E+01 74 1505 13 10 19 32
 1.000000E+02 85 1502 20 8 20 37
 1.040000E+02 84 1496 15 6 22 41
 1.080000E+02 91 1492 22 4 23 42
 1.120000E+02 92 1488 16 9 23 44
 1.160000E+02 91 1485 9 10 24 48
 1.200000E+02 95 1480 14 4 26 51
 1.240000E+02 98 1475 11 6 28 53
 1.280000E+02 101 1470 10 8 28 55
 1.320000E+02 114 1468 19 9 30 56
 1.360000E+02 120 1464 21 9 31 59
 1.400000E+02 120 1461 17 7 34 62
 1.440000E+02 123 1459 15 8 37 63
 1.480000E+02 123 1456 14 3 38 68
 1.520000E+02 131 1454 16 4 39 72
 1.560000E+02 135 1451 13 9 40 73
 1.600000E+02 150 1450 21 7 42 80
 1.640000E+02 144 1448 12 5 45 82
 1.680000E+02 146 1443 12 4 46 84
 1.720000E+02 153 1442 14 5 47 87
 1.760000E+02 151 1441 9 2 51 89
 1.800000E+02 155 1440 7 4 51 93
 1.840000E+02 153 1440 5 3 51 94
 1.880000E+02 162 1439 10 3 52 97
 1.920000E+02 165 1436 10 5 52 98
 1.960000E+02 161 1434 6 3 53 99
 2.000000E+02 164 1433 6 5 53 100

#Simulation ended (eff.: 0.845451, detail below)
	#Events: 4256
	#Valid embedding but no longer unary when required: 0.000000
	#Valid embedding but not binary when required: 0.000000
	#Clashing instance: 0.000000
	#Lazy negative update: 1.000000
	#Lazy negative update of non local instances: 0.000000
	#Perturbation interrupting time advance: 0.000000
