# time 'Cases' 'Susceptible' 'Exposed' 'Infected' 'Removed' 'Deads'
 0.000000E+00 0 700 0 0 0 0
 4.000000E+00 1 700 1 0 0 0
 8.000000E+00 1 700 1 0 0 0
 1.200000E+01 2 700 2 0 0 0
 1.600000E+01 0 700 0 0 0 0
 2.000000E+01 1 700 1 0 0 0
 2.400000E+01 3 700 1 0 1 1
 2.800000E+01 4 700 2 0 1 1
 3.200000E+01 4 700 0 2 1 1
 3.600000E+01 5 695 0 2 1 2
 4.000000E+01 7 695 3 1 1 2
 4.400000E+01 6 694 1 1 1 3
 4.800000E+01 9 694 4 0 1 4
 5.200000E+01 15 692 6 3 1 5
 5.600000E+01 12 691 3 1 1 7
 6.000000E+01 11 691 3 0 1 7
 6.400000E+01 9 691 0 1 1 7
 6.800000E+01 12 691 3 1 1 7
 7.200000E+01 13 691 2 2 1 8
 7.600000E+01 13 691 1 1 3 8
 8.000000E+01 19 690 6 0 3 10
 8.400000E+01 20 690 6 0 3 11
 8.800000E+01 16 689 2 0 3 11
 9.200000E+01 21 687 6 0 3 12
 9.600000E+01 24 685 5 2 4 13
 1.000000E+02 25 683 6 1 4 14
 1.040000E+02 23 681 3 1 4 15
 1.080000E+02 29 679 6 2 4 17
 1.120000E+02 26 677 0 2 4 20
 1.160000E+02 29 677 4 0 5 20
 1.200000E+02 29 677 4 0 5 20
 1.240000E+02 26 674 1 0 5 20
 1.280000E+02 29 674 3 1 5 20
 1.320000E+02 29 672 1 2 5 21
 1.360000E+02 36 671 5 4 5 22
 1.400000E+02 36 670 6 1 5 24
 1.440000E+02 33 670 3 0 5 25
 1.480000E+02 36 670 4 1 5 26
 1.520000E+02 35 670 2 2 5 26
 1.560000E+02 38 670 5 0 6 27
 1.600000E+02 40 670 5 2 6 27
 1.640000E+02 44 670 7 1 6 30
 1.680000E+02 43 670 3 3 6 31
 1.720000E+02 46 670 4 2 7 33
 1.760000E+02 47 668 4 3 7 33
 1.800000E+02 48 667 4 0 8 36
 1.840000E+02 47 667 2 0 8 37
 1.880000E+02 51 667 5 1 8 37
 1.920000E+02 46 667 1 0 8 37
 1.960000E+02 47 667 1 1 8 37
 2.000000E+02 47 667 1 1 8 37

#Simulation ended (eff.: 0.702765, detail below)
	#Events: 1525
	#Valid embedding but no longer unary when required: 0.000000
	#Valid embedding but not binary when required: 0.000000
	#Clashing instance: 0.000000
	#Lazy negative update: 1.000000
	#Lazy negative update of non local instances: 0.000000
	#Perturbation interrupting time advance: 0.000000
