# time 'Cases' 'Susceptible' 'Exposed' 'Infected' 'Removed' 'Deads'
 0.000000E+00 0 1580 0 0 0 0
 4.000000E+00 1 1580 1 0 0 0
 8.000000E+00 8 1578 7 0 0 1
 1.200000E+01 5 1576 3 1 0 1
 1.600000E+01 9 1575 6 1 0 2
 2.000000E+01 10 1572 4 3 0 3
 2.400000E+01 14 1568 7 3 1 3
 2.800000E+01 13 1568 6 1 3 3
 3.200000E+01 13 1568 5 1 4 3
 3.600000E+01 16 1568 6 2 5 3
 4.000000E+01 21 1566 9 4 5 3
 4.400000E+01 23 1563 10 4 5 4
 4.800000E+01 22 1556 7 4 5 6
 5.200000E+01 29 1554 11 4 7 7
 5.600000E+01 36 1548 16 3 7 10
 6.000000E+01 49 1540 22 7 7 13
 6.400000E+01 39 1535 12 4 9 14
 6.800000E+01 47 1533 18 2 10 17
 7.200000E+01 53 1528 14 10 10 19
 7.600000E+01 65 1517 22 7 13 23
 8.000000E+01 63 1512 18 6 13 26
 8.400000E+01 65 1507 17 7 14 27
 8.800000E+01 70 1499 17 9 15 29
 9.200000E+01 86 1492 27 11 17 31
 9.600000E+01 87 1485 25 7 19 36
 1.000000E+02 88 1479 17 9 19 43
 1.040000E+02 105 1471 24 12 22 47
 1.080000E+02 115 1467 29 11 24 51
 1.120000E+02 119 1462 25 10 26 58
 1.160000E+02 127 1457 27 10 27 63
 1.200000E+02 125 1451 24 7 28 66
 1.240000E+02 133 1444 30 6 29 68
 1.280000E+02 133 1443 22 8 29 74
 1.320000E+02 135 1436 20 7 33 75
 1.360000E+02 140 1435 20 7 34 79
 1.400000E+02 146 1432 20 6 37 83
 1.440000E+02 149 1428 19 6 39 85
 1.480000E+02 156 1424 18 9 40 89
 1.520000E+02 162 1421 18 8 41 95
 1.560000E+02 159 1420 11 9 43 96
 1.600000E+02 168 1417 17 7 44 100
 1.640000E+02 167 1412 14 6 44 103
 1.680000E+02 169 1407 10 7 47 105
 1.720000E+02 171 1407 10 5 47 109
 1.760000E+02 171 1405 7 6 48 110
 1.800000E+02 176 1401 7 7 50 112
 1.840000E+02 175 1400 7 3 52 113
 1.880000E+02 182 1399 11 3 52 116
 1.920000E+02 184 1397 11 4 52 117
 1.960000E+02 186 1397 11 5 52 118
 2.000000E+02 184 1396 5 5 53 121

#Simulation ended (eff.: 0.852415, detail below)
	#Events: 4765
	#Valid embedding but no longer unary when required: 0.000000
	#Valid embedding but not binary when required: 0.000000
	#Clashing instance: 0.000000
	#Lazy negative update: 1.000000
	#Lazy negative update of non local instances: 0.000000
	#Perturbation interrupting time advance: 0.000000
