# time 'Cases' 'Susceptible' 'Exposed' 'Infected' 'Removed' 'Deads'
 0.000000E+00 10 100000 0 10 0 0
 4.000000E+00 14 99989 5 3 1 5
 8.000000E+00 16 99988 7 0 4 5
 1.200000E+01 17 99988 5 3 4 5
 1.600000E+01 16 99987 3 2 5 6
 2.000000E+01 20 99985 6 1 5 8
 2.400000E+01 17 99983 2 2 5 8
 2.800000E+01 20 99982 4 1 5 10
 3.200000E+01 21 99979 3 2 5 11
 3.600000E+01 26 99975 6 2 7 11
 4.000000E+01 28 99975 6 2 8 12
 4.400000E+01 32 99975 10 1 9 12
 4.800000E+01 34 99975 7 6 9 12
 5.200000E+01 36 99970 9 3 10 14
 5.600000E+01 35 99966 5 4 11 15
 6.000000E+01 43 99964 11 3 12 17
 6.400000E+01 44 99962 12 2 12 18
 6.800000E+01 46 99958 12 4 12 18
 7.200000E+01 44 99957 9 3 13 19
 7.600000E+01 55 99954 15 5 14 21
 8.000000E+01 58 99943 14 6 15 23
 8.400000E+01 63 99937 15 5 16 27
 8.800000E+01 68 99934 14 7 18 29
 9.200000E+01 75 99927 20 4 21 30
 9.600000E+01 77 99925 16 8 21 32
 1.000000E+02 90 99921 24 10 21 35
 1.040000E+02 90 99913 21 8 22 39
 1.080000E+02 93 99909 18 9 22 44
 1.120000E+02 91 99903 15 8 23 45
 1.160000E+02 113 99894 26 14 24 49
 1.200000E+02 123 99886 27 14 28 54
 1.240000E+02 123 99880 21 12 32 58
 1.280000E+02 128 99876 24 11 34 59
 1.320000E+02 133 99874 23 9 37 64
 1.360000E+02 136 99868 17 14 40 65
 1.400000E+02 142 99860 19 9 45 69
 1.440000E+02 150 99856 19 10 48 73
 1.480000E+02 159 99851 18 12 51 78
 1.520000E+02 164 99848 14 12 52 86
 1.560000E+02 171 99843 18 7 56 90
 1.600000E+02 174 99838 14 7 57 96
 1.640000E+02 181 99833 13 10 59 99
 1.680000E+02 187 99831 15 4 61 107
 1.720000E+02 190 99826 11 6 62 111
 1.760000E+02 191 99823 10 6 63 112
 1.800000E+02 196 99820 10 8 64 114
 1.840000E+02 195 99817 9 4 65 117
 1.880000E+02 203 99813 11 3 68 121
 1.920000E+02 211 99811 14 7 68 122
 1.960000E+02 210 99807 13 4 70 123
 2.000000E+02 214 99805 13 5 73 123

#Simulation ended (eff.: 0.990870, detail below)
	#Events: 89429
	#Valid embedding but no longer unary when required: 0.000000
	#Valid embedding but not binary when required: 0.000000
	#Clashing instance: 0.000000
	#Lazy negative update: 1.000000
	#Lazy negative update of non local instances: 0.000000
	#Perturbation interrupting time advance: 0.000000
