# time 'Cases' 'Susceptible' 'Exposed' 'Infected' 'Removed' 'Deads'
 0.000000E+00 0 15800 0 0 0 0
 4.000000E+00 1 15799 0 1 0 0
 8.000000E+00 4 15795 3 1 0 0
 1.200000E+01 2 15795 0 1 0 1
 1.600000E+01 6 15793 4 1 0 1
 2.000000E+01 7 15792 4 2 0 1
 2.400000E+01 4 15790 2 1 0 1
 2.800000E+01 7 15790 6 0 0 1
 3.200000E+01 3 15790 1 1 0 1
 3.600000E+01 5 15790 3 1 0 1
 4.000000E+01 6 15790 3 0 0 3
 4.400000E+01 9 15790 5 1 0 3
 4.800000E+01 10 15787 3 3 1 3
 5.200000E+01 13 15786 6 1 1 5
 5.600000E+01 14 15785 6 0 1 7
 6.000000E+01 12 15784 3 1 1 7
 6.400000E+01 14 15781 4 1 1 8
 6.800000E+01 20 15781 8 2 1 9
 7.200000E+01 22 15779 7 4 1 10
 7.600000E+01 21 15778 6 1 2 12
 8.000000E+01 26 15776 9 3 2 12
 8.400000E+01 25 15770 7 2 2 14
 8.800000E+01 35 15770 13 2 2 18
 9.200000E+01 34 15769 9 3 2 20
 9.600000E+01 31 15767 6 3 2 20
 1.000000E+02 42 15763 13 7 2 20
 1.040000E+02 35 15762 6 2 2 25
 1.080000E+02 48 15755 16 4 3 25
 1.120000E+02 47 15752 11 4 4 28
 1.160000E+02 48 15748 11 4 4 29
 1.200000E+02 57 15747 17 3 6 31
 1.240000E+02 63 15746 18 6 6 33
 1.280000E+02 68 15738 21 6 6 35
 1.320000E+02 70 15733 23 3 8 36
 1.360000E+02 68 15730 17 5 8 38
 1.400000E+02 70 15729 14 7 9 40
 1.440000E+02 71 15724 13 5 10 43
 1.480000E+02 71 15723 11 4 10 46
 1.520000E+02 84 15722 17 9 11 47
 1.560000E+02 93 15711 22 7 12 52
 1.600000E+02 93 15706 18 8 13 54
 1.640000E+02 91 15702 13 8 15 55
 1.680000E+02 95 15699 10 10 16 59
 1.720000E+02 104 15696 13 9 18 64
 1.760000E+02 105 15692 11 6 19 69
 1.800000E+02 105 15690 8 5 21 71
 1.840000E+02 105 15689 7 5 21 72
 1.880000E+02 113 15685 15 4 21 73
 1.920000E+02 112 15685 11 5 21 75
 1.960000E+02 107 15683 4 4 24 75
 2.000000E+02 110 15681 7 3 24 76

#Simulation ended (eff.: 0.959406, detail below)
	#Events: 15953
	#Valid embedding but no longer unary when required: 0.000000
	#Valid embedding but not binary when required: 0.000000
	#Clashing instance: 0.000000
	#Lazy negative update: 1.000000
	#Lazy negative update of non local instances: 0.000000
	#Perturbation interrupting time advance: 0.000000
