# time 'Cases' 'Susceptible' 'Exposed' 'Infected' 'Removed' 'Deads'
 0.000000E+00 10 100000 0 10 0 0
 4.000000E+00 14 99993 5 3 0 6
 8.000000E+00 15 99987 6 1 1 7
 1.200000E+01 17 99986 8 1 1 7
 1.600000E+01 20 99979 8 4 1 7
 2.000000E+01 25 99975 10 4 2 9
 2.400000E+01 24 99974 10 1 4 9
 2.800000E+01 26 99973 10 3 4 9
 3.200000E+01 33 99968 15 3 5 10
 3.600000E+01 34 99963 12 4 5 13
 4.000000E+01 39 99960 14 2 9 14
 4.400000E+01 42 99956 14 3 10 15
 4.800000E+01 44 99950 14 4 10 16
 5.200000E+01 54 99944 19 6 11 18
 5.600000E+01 59 99937 22 3 11 23
 6.000000E+01 68 99930 27 7 11 23
 6.400000E+01 72 99924 24 9 14 25
 6.800000E+01 86 99911 30 10 15 31
 7.200000E+01 89 99902 28 11 15 35
 7.600000E+01 105 99889 36 12 18 39
 8.000000E+01 110 99883 33 11 20 46
 8.400000E+01 114 99875 31 13 20 50
 8.800000E+01 132 99858 38 12 24 58
 9.200000E+01 146 99849 42 15 26 63
 9.600000E+01 145 99836 36 14 28 67
 1.000000E+02 174 99816 47 22 31 74
 1.040000E+02 187 99799 47 19 36 85
 1.080000E+02 201 99778 50 17 38 96
 1.120000E+02 222 99754 53 25 39 105
 1.160000E+02 246 99732 61 28 40 117
 1.200000E+02 260 99710 57 28 48 127
 1.240000E+02 273 99692 52 31 52 138
 1.280000E+02 289 99674 52 24 59 154
 1.320000E+02 308 99656 52 28 64 164
 1.360000E+02 327 99639 49 35 66 177
 1.400000E+02 344 99622 55 28 70 191
 1.440000E+02 354 99605 53 25 76 200
 1.480000E+02 368 99592 50 24 83 211
 1.520000E+02 390 99578 52 31 89 218
 1.560000E+02 417 99555 59 25 98 235
 1.600000E+02 425 99538 51 23 101 250
 1.640000E+02 423 99524 44 17 104 258
 1.680000E+02 447 99510 54 21 106 266
 1.720000E+02 449 99497 44 20 110 275
 1.760000E+02 458 99486 39 19 114 286
 1.800000E+02 487 99478 52 20 120 295
 1.840000E+02 492 99467 30 26 126 310
 1.880000E+02 504 99460 31 19 130 324
 1.920000E+02 526 99444 41 15 135 335
 1.960000E+02 526 99436 33 9 137 347
 2.000000E+02 549 99430 43 13 140 353

#Simulation ended (eff.: 0.986314, detail below)
	#Events: 94121
	#Valid embedding but no longer unary when required: 0.000000
	#Valid embedding but not binary when required: 0.000000
	#Clashing instance: 0.000000
	#Lazy negative update: 1.000000
	#Lazy negative update of non local instances: 0.000000
	#Perturbation interrupting time advance: 0.000000
