# time 'Cases' 'Susceptible' 'Exposed' 'Infected' 'Removed' 'Deads'
 0.000000E+00 0 700 0 0 0 0
 4.000000E+00 2 699 1 1 0 0
 8.000000E+00 2 699 1 1 0 0
 1.200000E+01 3 698 2 1 0 0
 1.600000E+01 2 698 1 0 0 1
 2.000000E+01 6 698 3 1 0 2
 2.400000E+01 3 698 1 0 0 2
 2.800000E+01 5 698 3 0 0 2
 3.200000E+01 6 698 4 0 0 2
 3.600000E+01 11 697 7 1 0 3
 4.000000E+01 14 696 9 1 0 4
 4.400000E+01 10 696 4 1 1 4
 4.800000E+01 13 695 5 2 1 5
 5.200000E+01 10 693 3 1 1 5
 5.600000E+01 11 692 4 1 1 5
 6.000000E+01 15 691 9 0 1 5
 6.400000E+01 12 691 6 0 1 5
 6.800000E+01 17 690 8 2 1 6
 7.200000E+01 15 690 5 2 2 6
 7.600000E+01 21 686 7 1 3 10
 8.000000E+01 18 685 4 1 3 10
 8.400000E+01 21 683 6 1 3 11
 8.800000E+01 28 682 12 2 3 11
 9.200000E+01 28 681 9 3 5 11
 9.600000E+01 30 681 11 1 6 12
 1.000000E+02 31 677 9 3 6 13
 1.040000E+02 31 677 8 3 6 14
 1.080000E+02 32 675 8 4 6 14
 1.120000E+02 32 673 7 5 6 14
 1.160000E+02 32 671 9 2 7 14
 1.200000E+02 44 671 19 3 7 15
 1.240000E+02 31 668 5 1 7 18
 1.280000E+02 40 668 12 1 7 20
 1.320000E+02 44 665 13 3 8 20
 1.360000E+02 40 665 8 4 8 20
 1.400000E+02 44 663 10 4 9 21
 1.440000E+02 44 663 7 3 10 24
 1.480000E+02 45 662 8 2 10 25
 1.520000E+02 45 660 6 3 11 25
 1.560000E+02 52 656 9 5 12 26
 1.600000E+02 51 655 8 2 13 28
 1.640000E+02 55 653 10 3 13 29
 1.680000E+02 51 652 7 0 14 30
 1.720000E+02 50 652 6 0 14 30
 1.760000E+02 58 650 10 3 14 31
 1.800000E+02 56 650 8 1 15 32
 1.840000E+02 57 649 6 3 15 33
 1.880000E+02 56 648 4 2 15 35
 1.920000E+02 55 648 2 2 15 36
 1.960000E+02 53 648 0 2 15 36
 2.000000E+02 57 648 1 3 15 38

#Simulation ended (eff.: 0.721557, detail below)
	#Events: 2410
	#Valid embedding but no longer unary when required: 0.000000
	#Valid embedding but not binary when required: 0.000000
	#Clashing instance: 0.000000
	#Lazy negative update: 1.000000
	#Lazy negative update of non local instances: 0.000000
	#Perturbation interrupting time advance: 0.000000
