# time 'Cases' 'Susceptible' 'Exposed' 'Infected' 'Removed' 'Deads'
 0.000000E+00 0 1580 0 0 0 0
 4.000000E+00 1 1580 1 0 0 0
 8.000000E+00 3 1580 3 0 0 0
 1.200000E+01 4 1580 3 0 0 1
 1.600000E+01 4 1580 3 0 0 1
 2.000000E+01 8 1579 5 1 0 2
 2.400000E+01 7 1578 4 1 0 2
 2.800000E+01 9 1577 6 1 0 2
 3.200000E+01 11 1577 8 0 0 3
 3.600000E+01 15 1575 8 3 0 4
 4.000000E+01 18 1572 8 4 1 5
 4.400000E+01 29 1566 16 4 2 7
 4.800000E+01 26 1557 9 3 3 11
 5.200000E+01 30 1557 11 3 3 13
 5.600000E+01 29 1553 9 3 3 14
 6.000000E+01 36 1549 13 4 3 16
 6.400000E+01 45 1545 21 3 3 18
 6.800000E+01 46 1543 18 5 4 19
 7.200000E+01 58 1538 27 5 6 20
 7.600000E+01 53 1535 17 6 8 22
 8.000000E+01 57 1532 15 7 9 26
 8.400000E+01 54 1525 11 5 9 29
 8.800000E+01 71 1520 24 8 9 30
 9.200000E+01 76 1514 25 7 10 34
 9.600000E+01 83 1507 25 11 10 37
 1.000000E+02 93 1487 29 11 13 40
 1.040000E+02 95 1479 25 12 16 42
 1.080000E+02 102 1464 28 9 16 49
 1.120000E+02 110 1454 30 12 17 51
 1.160000E+02 120 1448 36 7 22 55
 1.200000E+02 121 1441 25 16 22 58
 1.240000E+02 133 1435 30 12 26 65
 1.280000E+02 128 1426 19 10 31 68
 1.320000E+02 138 1422 26 7 33 72
 1.360000E+02 149 1418 27 13 33 76
 1.400000E+02 161 1410 34 15 33 79
 1.440000E+02 159 1403 26 10 39 84
 1.480000E+02 170 1394 31 9 40 90
 1.520000E+02 170 1389 26 5 42 97
 1.560000E+02 172 1384 23 4 43 102
 1.600000E+02 182 1380 25 9 44 104
 1.640000E+02 181 1373 21 5 46 109
 1.680000E+02 184 1368 18 11 46 109
 1.720000E+02 190 1363 21 11 47 111
 1.760000E+02 188 1359 14 10 50 114
 1.800000E+02 193 1358 11 11 54 117
 1.840000E+02 206 1354 18 8 56 124
 1.880000E+02 204 1352 10 7 59 128
 1.920000E+02 213 1350 16 4 61 132
 1.960000E+02 222 1348 17 7 61 137
 2.000000E+02 224 1347 16 6 63 139

#Simulation ended (eff.: 0.853719, detail below)
	#Events: 5486
	#Valid embedding but no longer unary when required: 0.000000
	#Valid embedding but not binary when required: 0.000000
	#Clashing instance: 0.000000
	#Lazy negative update: 1.000000
	#Lazy negative update of non local instances: 0.000000
	#Perturbation interrupting time advance: 0.000000
