# time 'Cases' 'Susceptible' 'Exposed' 'Infected' 'Removed' 'Deads'
 0.000000E+00 0 700 0 0 0 0
 4.000000E+00 1 700 1 0 0 0
 8.000000E+00 1 700 1 0 0 0
 1.200000E+01 2 700 2 0 0 0
 1.600000E+01 1 700 1 0 0 0
 2.000000E+01 1 699 0 1 0 0
 2.400000E+01 8 698 6 1 1 0
 2.800000E+01 3 698 1 0 1 1
 3.200000E+01 7 697 4 1 1 1
 3.600000E+01 8 697 5 0 2 1
 4.000000E+01 7 697 4 0 2 1
 4.400000E+01 8 695 4 0 2 2
 4.800000E+01 7 695 2 1 2 2
 5.200000E+01 11 695 6 0 2 3
 5.600000E+01 11 695 3 3 2 3
 6.000000E+01 13 692 6 0 2 5
 6.400000E+01 13 692 6 0 2 5
 6.800000E+01 14 691 4 1 2 7
 7.200000E+01 14 690 3 2 2 7
 7.600000E+01 12 688 2 0 3 7
 8.000000E+01 18 688 6 2 3 7
 8.400000E+01 18 688 7 1 3 7
 8.800000E+01 19 688 8 1 3 7
 9.200000E+01 16 687 5 0 3 8
 9.600000E+01 20 685 6 3 3 8
 1.000000E+02 21 684 6 3 4 8
 1.040000E+02 26 683 11 3 4 8
 1.080000E+02 23 682 6 3 6 8
 1.120000E+02 27 678 9 1 6 11
 1.160000E+02 32 678 11 3 6 12
 1.200000E+02 29 675 8 3 6 12
 1.240000E+02 38 673 14 3 7 14
 1.280000E+02 34 671 7 4 7 16
 1.320000E+02 33 669 5 2 7 19
 1.360000E+02 38 666 11 0 7 20
 1.400000E+02 42 665 13 2 7 20
 1.440000E+02 47 665 16 4 7 20
 1.480000E+02 50 663 18 4 7 21
 1.520000E+02 52 663 13 7 8 24
 1.560000E+02 50 662 10 1 10 29
 1.600000E+02 56 661 13 2 10 31
 1.640000E+02 50 660 7 1 10 32
 1.680000E+02 56 659 9 5 10 32
 1.720000E+02 58 656 10 5 11 32
 1.760000E+02 53 656 6 3 12 32
 1.800000E+02 52 656 6 2 12 32
 1.840000E+02 54 654 5 3 12 34
 1.880000E+02 51 653 3 2 12 34
 1.920000E+02 50 653 3 1 12 34
 1.960000E+02 50 653 2 1 12 35
 2.000000E+02 58 652 8 2 12 36

#Simulation ended (eff.: 0.733503, detail below)
	#Events: 2312
	#Valid embedding but no longer unary when required: 0.000000
	#Valid embedding but not binary when required: 0.000000
	#Clashing instance: 0.000000
	#Lazy negative update: 1.000000
	#Lazy negative update of non local instances: 0.000000
	#Perturbation interrupting time advance: 0.000000
