# time 'Cases' 'Susceptible' 'Exposed' 'Infected' 'Removed' 'Deads'
 0.000000E+00 0 1580 0 0 0 0
 4.000000E+00 3 1580 3 0 0 0
 8.000000E+00 3 1580 3 0 0 0
 1.200000E+01 1 1580 1 0 0 0
 1.600000E+01 6 1580 4 2 0 0
 2.000000E+01 7 1577 4 2 0 1
 2.400000E+01 13 1574 9 1 1 2
 2.800000E+01 8 1573 4 0 2 2
 3.200000E+01 8 1571 4 0 2 2
 3.600000E+01 9 1571 2 2 2 3
 4.000000E+01 9 1568 2 2 2 3
 4.400000E+01 13 1566 4 2 3 4
 4.800000E+01 18 1562 8 2 4 4
 5.200000E+01 17 1560 6 2 4 5
 5.600000E+01 25 1556 12 3 4 6
 6.000000E+01 24 1553 8 4 5 7
 6.400000E+01 29 1551 8 5 7 9
 6.800000E+01 27 1546 6 0 8 13
 7.200000E+01 29 1544 5 2 8 14
 7.600000E+01 39 1541 13 3 8 15
 8.000000E+01 33 1538 7 3 8 15
 8.400000E+01 42 1536 13 3 8 18
 8.800000E+01 37 1534 8 2 8 19
 9.200000E+01 43 1530 6 8 8 21
 9.600000E+01 45 1525 7 5 10 23
 1.000000E+02 46 1521 9 3 10 24
 1.040000E+02 53 1518 14 4 10 25
 1.080000E+02 51 1517 13 2 10 26
 1.120000E+02 47 1516 8 2 10 27
 1.160000E+02 48 1515 9 1 10 28
 1.200000E+02 48 1514 5 3 11 29
 1.240000E+02 52 1512 6 3 12 31
 1.280000E+02 56 1510 7 4 12 33
 1.320000E+02 71 1508 18 4 13 36
 1.360000E+02 65 1507 11 1 14 39
 1.400000E+02 66 1507 8 4 15 39
 1.440000E+02 69 1505 8 5 15 41
 1.480000E+02 69 1505 5 3 17 44
 1.520000E+02 72 1502 8 0 17 47
 1.560000E+02 78 1502 12 1 18 47
 1.600000E+02 75 1501 8 2 18 47
 1.640000E+02 74 1501 6 2 18 48
 1.680000E+02 78 1499 5 4 18 51
 1.720000E+02 81 1499 3 8 19 51
 1.760000E+02 80 1498 4 2 21 53
 1.800000E+02 80 1498 4 1 21 54
 1.840000E+02 80 1498 2 3 21 54
 1.880000E+02 85 1496 7 2 22 54
 1.920000E+02 86 1494 8 1 22 55
 1.960000E+02 83 1493 0 5 23 55
 2.000000E+02 86 1492 5 1 24 56

#Simulation ended (eff.: 0.836038, detail below)
	#Events: 2988
	#Valid embedding but no longer unary when required: 0.000000
	#Valid embedding but not binary when required: 0.000000
	#Clashing instance: 0.000000
	#Lazy negative update: 1.000000
	#Lazy negative update of non local instances: 0.000000
	#Perturbation interrupting time advance: 0.000000
