# time 'Cases' 'Susceptible' 'Exposed' 'Infected' 'Removed' 'Deads'
 0.000000E+00 10 10000 0 10 0 0
 4.000000E+00 16 9989 7 5 1 3
 8.000000E+00 19 9985 10 3 1 5
 1.200000E+01 20 9980 9 1 1 9
 1.600000E+01 21 9977 9 2 1 9
 2.000000E+01 27 9972 9 7 2 9
 2.400000E+01 40 9965 19 6 2 13
 2.800000E+01 40 9955 17 4 3 16
 3.200000E+01 43 9946 17 3 4 19
 3.600000E+01 53 9942 21 6 5 21
 4.000000E+01 58 9937 19 9 5 25
 4.400000E+01 69 9928 25 10 5 29
 4.800000E+01 81 9914 27 10 6 38
 5.200000E+01 87 9904 26 12 6 43
 5.600000E+01 91 9892 21 14 8 48
 6.000000E+01 107 9882 25 10 14 58
 6.400000E+01 126 9864 40 7 17 62
 6.800000E+01 128 9855 34 11 17 66
 7.200000E+01 142 9841 34 13 21 74
 7.600000E+01 160 9828 46 9 23 82
 8.000000E+01 167 9821 40 13 24 90
 8.400000E+01 182 9806 41 19 26 96
 8.800000E+01 197 9791 45 15 31 106
 9.200000E+01 207 9768 47 14 31 115
 9.600000E+01 221 9754 50 21 32 118
 1.000000E+02 242 9730 55 23 36 128
 1.040000E+02 260 9712 61 23 38 138
 1.080000E+02 285 9685 61 28 40 156
 1.120000E+02 323 9663 79 29 48 167
 1.160000E+02 342 9643 76 31 52 183
 1.200000E+02 356 9625 70 28 55 203
 1.240000E+02 382 9604 71 40 57 214
 1.280000E+02 392 9585 63 29 63 237
 1.320000E+02 434 9559 78 38 67 251
 1.360000E+02 456 9527 79 34 77 266
 1.400000E+02 472 9504 77 24 87 284
 1.440000E+02 492 9491 70 36 94 292
 1.480000E+02 502 9477 63 33 98 308
 1.520000E+02 519 9467 61 28 103 327
 1.560000E+02 541 9452 61 32 113 335
 1.600000E+02 562 9428 68 29 118 347
 1.640000E+02 580 9405 62 25 126 367
 1.680000E+02 600 9387 58 26 136 380
 1.720000E+02 616 9377 50 28 142 396
 1.760000E+02 633 9363 54 24 152 403
 1.800000E+02 641 9355 36 33 159 413
 1.840000E+02 649 9336 31 26 164 428
 1.880000E+02 670 9327 41 20 169 440
 1.920000E+02 686 9317 39 23 173 451
 1.960000E+02 689 9307 31 18 178 462
 2.000000E+02 689 9301 25 14 180 470

#Simulation ended (eff.: 0.932726, detail below)
	#Events: 18218
	#Valid embedding but no longer unary when required: 0.000000
	#Valid embedding but not binary when required: 0.000000
	#Clashing instance: 0.000000
	#Lazy negative update: 1.000000
	#Lazy negative update of non local instances: 0.000000
	#Perturbation interrupting time advance: 0.000000
