# time 'Cases' 'Susceptible' 'Exposed' 'Infected' 'Removed' 'Deads'
 0.000000E+00 0 1580 0 0 0 0
 4.000000E+00 1 1580 1 0 0 0
 8.000000E+00 4 1580 4 0 0 0
 1.200000E+01 4 1580 4 0 0 0
 1.600000E+01 4 1580 4 0 0 0
 2.000000E+01 4 1580 4 0 0 0
 2.400000E+01 3 1580 3 0 0 0
 2.800000E+01 16 1580 14 2 0 0
 3.200000E+01 17 1573 10 4 1 2
 3.600000E+01 17 1571 10 3 2 2
 4.000000E+01 21 1568 12 2 3 4
 4.400000E+01 25 1565 13 4 3 5
 4.800000E+01 29 1561 14 3 4 8
 5.200000E+01 31 1557 14 2 5 10
 5.600000E+01 38 1557 16 4 6 12
 6.000000E+01 38 1553 12 3 9 14
 6.400000E+01 43 1549 15 2 10 16
 6.800000E+01 43 1547 13 1 13 16
 7.200000E+01 50 1547 18 3 13 16
 7.600000E+01 54 1545 16 5 16 17
 8.000000E+01 57 1541 17 6 16 18
 8.400000E+01 57 1541 14 4 19 20
 8.800000E+01 62 1536 15 5 20 22
 9.200000E+01 80 1531 25 10 20 25
 9.600000E+01 82 1520 25 9 21 27
 1.000000E+02 93 1512 30 10 21 32
 1.040000E+02 101 1503 31 13 22 35
 1.080000E+02 102 1493 29 10 24 39
 1.120000E+02 100 1485 22 9 27 42
 1.160000E+02 109 1479 26 7 28 48
 1.200000E+02 111 1478 22 6 31 52
 1.240000E+02 123 1474 28 7 33 55
 1.280000E+02 138 1469 34 11 34 59
 1.320000E+02 136 1462 23 13 36 64
 1.360000E+02 146 1456 28 13 37 68
 1.400000E+02 159 1449 31 15 38 75
 1.440000E+02 161 1439 27 15 40 79
 1.480000E+02 166 1434 29 13 42 82
 1.520000E+02 170 1426 25 16 44 85
 1.560000E+02 164 1419 14 13 45 92
 1.600000E+02 188 1415 30 11 48 99
 1.640000E+02 184 1410 23 11 49 101
 1.680000E+02 200 1401 29 14 52 105
 1.720000E+02 195 1398 21 10 54 110
 1.760000E+02 201 1395 17 11 55 118
 1.800000E+02 210 1391 21 9 57 123
 1.840000E+02 218 1385 20 10 60 128
 1.880000E+02 217 1383 15 9 64 129
 1.920000E+02 218 1378 8 10 67 133
 1.960000E+02 229 1375 17 6 69 137
 2.000000E+02 229 1373 9 7 70 143

#Simulation ended (eff.: 0.855468, detail below)
	#Events: 5617
	#Valid embedding but no longer unary when required: 0.000000
	#Valid embedding but not binary when required: 0.000000
	#Clashing instance: 0.000000
	#Lazy negative update: 1.000000
	#Lazy negative update of non local instances: 0.000000
	#Perturbation interrupting time advance: 0.000000
