# time 'Cases' 'Susceptible' 'Exposed' 'Infected' 'Removed' 'Deads'
 0.000000E+00 0 470 0 0 0 0
 4.000000E+00 1 470 1 0 0 0
 8.000000E+00 0 470 0 0 0 0
 1.200000E+01 2 470 2 0 0 0
 1.600000E+01 2 470 2 0 0 0
 2.000000E+01 5 468 4 1 0 0
 2.400000E+01 0 468 0 0 0 0
 2.800000E+01 0 468 0 0 0 0
 3.200000E+01 2 467 1 1 0 0
 3.600000E+01 1 467 0 1 0 0
 4.000000E+01 0 467 0 0 0 0
 4.400000E+01 0 467 0 0 0 0
 4.800000E+01 1 467 1 0 0 0
 5.200000E+01 2 467 2 0 0 0
 5.600000E+01 1 467 1 0 0 0
 6.000000E+01 3 467 3 0 0 0
 6.400000E+01 0 467 0 0 0 0
 6.800000E+01 2 466 1 1 0 0
 7.200000E+01 0 465 0 0 0 0
 7.600000E+01 1 465 1 0 0 0
 8.000000E+01 1 465 1 0 0 0
 8.400000E+01 0 465 0 0 0 0
 8.800000E+01 2 465 2 0 0 0
 9.200000E+01 2 465 2 0 0 0
 9.600000E+01 7 464 4 3 0 0
 1.000000E+02 6 462 4 0 0 2
 1.040000E+02 5 460 2 0 1 2
 1.080000E+02 8 460 5 0 1 2
 1.120000E+02 7 460 2 1 1 3
 1.160000E+02 9 460 5 0 1 3
 1.200000E+02 5 460 1 0 1 3
 1.240000E+02 7 460 2 1 1 3
 1.280000E+02 6 459 1 1 1 3
 1.320000E+02 11 458 5 2 1 3
 1.360000E+02 13 458 6 2 2 3
 1.400000E+02 13 456 6 1 2 4
 1.440000E+02 12 456 4 1 2 5
 1.480000E+02 10 455 1 1 2 6
 1.520000E+02 11 454 0 1 2 8
 1.560000E+02 11 453 0 1 2 8
 1.600000E+02 16 453 5 1 2 8
 1.640000E+02 12 452 2 0 2 8
 1.680000E+02 12 452 2 0 2 8
 1.720000E+02 14 452 2 0 2 10
 1.760000E+02 14 452 1 1 2 10
 1.800000E+02 16 452 3 1 2 10
 1.840000E+02 15 451 2 0 2 11
 1.880000E+02 15 451 1 1 2 11
 1.920000E+02 16 451 1 2 2 11
 1.960000E+02 17 451 2 0 4 11
 2.000000E+02 18 451 0 1 5 12

#Simulation ended (eff.: 0.743679, detail below)
	#Events: 853
	#Valid embedding but no longer unary when required: 0.000000
	#Valid embedding but not binary when required: 0.000000
	#Clashing instance: 0.000000
	#Lazy negative update: 1.000000
	#Lazy negative update of non local instances: 0.000000
	#Perturbation interrupting time advance: 0.000000
