# time 'Cases' 'Susceptible' 'Exposed' 'Infected' 'Removed' 'Deads'
 0.000000E+00 10 100000 0 10 0 0
 4.000000E+00 16 99991 6 7 1 2
 8.000000E+00 12 99987 5 3 1 3
 1.200000E+01 19 99986 12 0 1 6
 1.600000E+01 13 99986 5 1 1 6
 2.000000E+01 15 99986 5 3 1 6
 2.400000E+01 18 99980 5 3 2 8
 2.800000E+01 24 99975 8 3 4 9
 3.200000E+01 28 99971 11 4 4 9
 3.600000E+01 36 99965 15 3 5 13
 4.000000E+01 33 99962 10 4 6 13
 4.400000E+01 35 99959 9 4 6 16
 4.800000E+01 36 99957 6 6 6 18
 5.200000E+01 42 99954 9 1 9 23
 5.600000E+01 49 99950 11 4 9 25
 6.000000E+01 50 99943 9 4 9 28
 6.400000E+01 55 99936 13 5 9 28
 6.800000E+01 53 99933 8 6 9 30
 7.200000E+01 62 99926 17 1 9 35
 7.600000E+01 60 99922 11 3 9 37
 8.000000E+01 63 99919 11 3 9 40
 8.400000E+01 67 99918 12 4 9 42
 8.800000E+01 77 99916 16 6 11 44
 9.200000E+01 75 99912 9 11 11 44
 9.600000E+01 79 99909 12 8 12 47
 1.000000E+02 85 99902 16 9 13 47
 1.040000E+02 87 99891 16 7 16 48
 1.080000E+02 93 99879 17 7 18 51
 1.120000E+02 96 99872 18 5 20 53
 1.160000E+02 99 99867 17 6 21 55
 1.200000E+02 111 99865 23 7 21 60
 1.240000E+02 109 99861 11 10 23 65
 1.280000E+02 127 99850 22 8 27 70
 1.320000E+02 135 99844 23 14 27 71
 1.360000E+02 140 99835 23 7 32 78
 1.400000E+02 143 99832 17 10 32 84
 1.440000E+02 144 99830 10 10 34 90
 1.480000E+02 147 99825 12 6 36 93
 1.520000E+02 156 99822 16 4 38 98
 1.560000E+02 158 99819 14 7 38 99
 1.600000E+02 161 99816 9 5 40 107
 1.640000E+02 162 99814 6 7 42 107
 1.680000E+02 169 99814 11 5 44 109
 1.720000E+02 168 99811 6 7 45 110
 1.760000E+02 174 99809 9 7 46 112
 1.800000E+02 185 99805 12 8 49 116
 1.840000E+02 186 99805 13 5 49 119
 1.880000E+02 186 99801 10 5 50 121
 1.920000E+02 186 99799 8 4 50 124
 1.960000E+02 190 99797 7 7 51 125
 2.000000E+02 196 99796 9 7 53 127

#Simulation ended (eff.: 0.990643, detail below)
	#Events: 89246
	#Valid embedding but no longer unary when required: 0.000000
	#Valid embedding but not binary when required: 0.000000
	#Clashing instance: 0.000000
	#Lazy negative update: 1.000000
	#Lazy negative update of non local instances: 0.000000
	#Perturbation interrupting time advance: 0.000000
