# time 'Cases' 'Susceptible' 'Exposed' 'Infected' 'Removed' 'Deads'
 0.000000E+00 0 470 0 0 0 0
 4.000000E+00 2 470 2 0 0 0
 8.000000E+00 2 470 2 0 0 0
 1.200000E+01 4 470 4 0 0 0
 1.600000E+01 2 470 2 0 0 0
 2.000000E+01 1 469 1 0 0 0
 2.400000E+01 4 469 3 1 0 0
 2.800000E+01 2 468 1 1 0 0
 3.200000E+01 6 467 4 1 1 0
 3.600000E+01 8 467 4 2 2 0
 4.000000E+01 6 467 2 1 2 1
 4.400000E+01 4 467 0 0 2 2
 4.800000E+01 7 466 3 0 2 2
 5.200000E+01 7 466 3 0 2 2
 5.600000E+01 7 466 3 0 2 2
 6.000000E+01 7 465 2 1 2 2
 6.400000E+01 9 465 4 0 3 2
 6.800000E+01 14 465 9 0 3 2
 7.200000E+01 14 464 6 3 3 2
 7.600000E+01 11 462 4 1 3 3
 8.000000E+01 12 462 3 1 3 5
 8.400000E+01 14 461 4 1 3 6
 8.800000E+01 18 459 4 4 4 6
 9.200000E+01 18 457 4 1 5 8
 9.600000E+01 20 455 4 3 5 8
 1.000000E+02 15 453 1 1 5 8
 1.040000E+02 18 452 4 1 5 8
 1.080000E+02 22 452 8 1 5 8
 1.120000E+02 17 452 4 0 5 8
 1.160000E+02 18 452 5 0 5 8
 1.200000E+02 18 452 5 0 5 8
 1.240000E+02 15 452 1 1 5 8
 1.280000E+02 16 452 2 0 5 9
 1.320000E+02 17 452 3 0 5 9
 1.360000E+02 18 452 3 1 5 9
 1.400000E+02 18 452 2 1 5 10
 1.440000E+02 22 451 5 2 5 10
 1.480000E+02 19 451 3 1 5 10
 1.520000E+02 19 451 2 1 5 11
 1.560000E+02 19 451 2 0 5 12
 1.600000E+02 18 451 1 0 5 12
 1.640000E+02 21 451 2 2 5 12
 1.680000E+02 22 450 4 1 5 12
 1.720000E+02 19 450 1 1 5 12
 1.760000E+02 23 449 5 1 5 12
 1.800000E+02 19 448 2 0 5 12
 1.840000E+02 19 448 1 1 5 12
 1.880000E+02 20 448 1 0 6 13
 1.920000E+02 25 448 5 1 6 13
 1.960000E+02 26 448 5 2 6 13
 2.000000E+02 24 448 4 0 6 14

#Simulation ended (eff.: 0.726982, detail below)
	#Events: 1137
	#Valid embedding but no longer unary when required: 0.000000
	#Valid embedding but not binary when required: 0.000000
	#Clashing instance: 0.000000
	#Lazy negative update: 1.000000
	#Lazy negative update of non local instances: 0.000000
	#Perturbation interrupting time advance: 0.000000
