# time 'Cases' 'Susceptible' 'Exposed' 'Infected' 'Removed' 'Deads'
 0.000000E+00 0 1580 0 0 0 0
 4.000000E+00 2 1578 1 0 0 1
 8.000000E+00 3 1578 2 0 0 1
 1.200000E+01 8 1576 7 0 0 1
 1.600000E+01 4 1576 3 0 0 1
 2.000000E+01 9 1576 7 1 0 1
 2.400000E+01 5 1576 4 0 0 1
 2.800000E+01 7 1576 4 2 0 1
 3.200000E+01 5 1575 2 1 0 2
 3.600000E+01 9 1573 4 1 0 4
 4.000000E+01 18 1569 8 4 0 6
 4.400000E+01 19 1566 9 2 1 7
 4.800000E+01 17 1565 6 3 1 7
 5.200000E+01 28 1559 12 6 1 9
 5.600000E+01 31 1555 13 4 3 11
 6.000000E+01 27 1550 7 3 3 14
 6.400000E+01 35 1549 13 2 5 15
 6.800000E+01 33 1547 9 3 5 16
 7.200000E+01 35 1547 10 2 6 17
 7.600000E+01 37 1545 8 5 7 17
 8.000000E+01 39 1543 10 2 7 20
 8.400000E+01 47 1540 14 3 8 22
 8.800000E+01 37 1539 4 2 8 23
 9.200000E+01 48 1535 11 4 9 24
 9.600000E+01 53 1532 14 3 9 27
 1.000000E+02 52 1530 11 2 9 30
 1.040000E+02 50 1530 9 0 10 31
 1.080000E+02 59 1526 16 1 11 31
 1.120000E+02 59 1526 14 2 11 32
 1.160000E+02 66 1520 16 4 11 35
 1.200000E+02 65 1516 12 4 12 37
 1.240000E+02 71 1513 12 6 14 39
 1.280000E+02 73 1508 12 6 14 41
 1.320000E+02 76 1505 12 5 15 44
 1.360000E+02 83 1500 15 4 16 48
 1.400000E+02 87 1498 11 8 17 51
 1.440000E+02 90 1490 11 7 19 53
 1.480000E+02 94 1485 13 5 20 56
 1.520000E+02 88 1483 4 5 21 58
 1.560000E+02 91 1482 8 3 21 59
 1.600000E+02 89 1481 6 2 22 59
 1.640000E+02 87 1480 3 1 23 60
 1.680000E+02 88 1480 3 1 23 61
 1.720000E+02 91 1478 3 4 23 61
 1.760000E+02 94 1477 6 2 25 61
 1.800000E+02 97 1473 8 2 25 62
 1.840000E+02 102 1467 9 4 25 64
 1.880000E+02 102 1462 10 2 25 65
 1.920000E+02 99 1461 5 2 25 67
 1.960000E+02 106 1459 5 6 25 70
 2.000000E+02 113 1456 9 4 26 74

#Simulation ended (eff.: 0.848576, detail below)
	#Events: 3368
	#Valid embedding but no longer unary when required: 0.000000
	#Valid embedding but not binary when required: 0.000000
	#Clashing instance: 0.000000
	#Lazy negative update: 1.000000
	#Lazy negative update of non local instances: 0.000000
	#Perturbation interrupting time advance: 0.000000
