# time 'Cases' 'Susceptible' 'Exposed' 'Infected' 'Removed' 'Deads'
 0.000000E+00 0 470 0 0 0 0
 4.000000E+00 1 470 0 1 0 0
 8.000000E+00 2 468 1 1 0 0
 1.200000E+01 3 468 1 2 0 0
 1.600000E+01 3 466 1 1 0 1
 2.000000E+01 2 466 1 0 0 1
 2.400000E+01 8 465 3 3 0 2
 2.800000E+01 5 463 0 1 1 3
 3.200000E+01 10 463 5 1 1 3
 3.600000E+01 8 460 3 1 1 3
 4.000000E+01 16 460 8 2 1 5
 4.400000E+01 8 458 1 0 1 6
 4.800000E+01 9 458 1 1 1 6
 5.200000E+01 13 458 5 0 1 7
 5.600000E+01 12 458 3 1 1 7
 6.000000E+01 8 458 0 0 1 7
 6.400000E+01 12 458 4 0 1 7
 6.800000E+01 13 457 3 2 1 7
 7.200000E+01 14 456 3 1 1 9
 7.600000E+01 14 456 2 2 1 9
 8.000000E+01 13 456 3 0 1 9
 8.400000E+01 14 455 3 1 1 9
 8.800000E+01 14 455 2 1 1 10
 9.200000E+01 18 455 6 1 1 10
 9.600000E+01 18 454 5 1 1 11
 1.000000E+02 20 454 3 2 1 14
 1.040000E+02 22 452 3 3 1 15
 1.080000E+02 24 451 7 0 1 16
 1.120000E+02 24 450 6 0 1 17
 1.160000E+02 20 450 1 1 1 17
 1.200000E+02 21 450 1 2 1 17
 1.240000E+02 25 450 4 2 1 18
 1.280000E+02 30 445 6 4 2 18
 1.320000E+02 32 444 10 2 2 18
 1.360000E+02 33 441 8 3 2 20
 1.400000E+02 34 438 7 0 3 24
 1.440000E+02 32 438 4 1 3 24
 1.480000E+02 34 436 4 2 3 25
 1.520000E+02 39 432 4 5 3 27
 1.560000E+02 39 432 5 1 4 29
 1.600000E+02 38 432 2 3 4 29
 1.640000E+02 38 432 2 0 6 30
 1.680000E+02 43 432 5 2 6 30
 1.720000E+02 42 431 3 3 6 30
 1.760000E+02 45 429 4 2 7 32
 1.800000E+02 46 428 5 2 7 32
 1.840000E+02 46 427 3 3 8 32
 1.880000E+02 44 427 3 0 9 32
 1.920000E+02 44 427 3 0 9 32
 1.960000E+02 44 424 2 1 9 32
 2.000000E+02 46 423 2 2 9 33

#Simulation ended (eff.: 0.737458, detail below)
	#Events: 1323
	#Valid embedding but no longer unary when required: 0.000000
	#Valid embedding but not binary when required: 0.000000
	#Clashing instance: 0.000000
	#Lazy negative update: 1.000000
	#Lazy negative update of non local instances: 0.000000
	#Perturbation interrupting time advance: 0.000000
