# time 'Cases' 'Susceptible' 'Exposed' 'Infected' 'Removed' 'Deads'
 0.000000E+00 0 15800 0 0 0 0
 4.000000E+00 1 15800 1 0 0 0
 8.000000E+00 2 15800 2 0 0 0
 1.200000E+01 5 15800 5 0 0 0
 1.600000E+01 7 15797 5 1 0 1
 2.000000E+01 14 15795 11 1 0 2
 2.400000E+01 13 15794 8 2 1 2
 2.800000E+01 13 15793 5 2 2 4
 3.200000E+01 16 15793 7 1 3 5
 3.600000E+01 19 15791 6 4 3 6
 4.000000E+01 24 15786 12 2 3 7
 4.400000E+01 26 15782 12 1 3 10
 4.800000E+01 29 15780 12 3 4 10
 5.200000E+01 37 15773 15 7 5 10
 5.600000E+01 38 15767 15 5 6 12
 6.000000E+01 51 15762 23 7 6 15
 6.400000E+01 54 15759 23 7 7 17
 6.800000E+01 56 15750 17 10 9 20
 7.200000E+01 68 15741 22 11 10 25
 7.600000E+01 73 15732 24 7 14 28
 8.000000E+01 79 15718 22 9 16 32
 8.400000E+01 79 15712 17 10 17 35
 8.800000E+01 89 15701 20 14 20 35
 9.200000E+01 91 15690 20 9 22 40
 9.600000E+01 98 15683 24 8 24 42
 1.000000E+02 107 15672 27 10 25 45
 1.040000E+02 117 15666 30 10 28 49
 1.080000E+02 128 15654 32 14 28 54
 1.120000E+02 136 15645 33 11 32 60
 1.160000E+02 143 15637 34 10 33 66
 1.200000E+02 163 15628 42 15 35 71
 1.240000E+02 168 15621 42 17 35 74
 1.280000E+02 171 15611 29 23 37 82
 1.320000E+02 194 15597 41 19 42 92
 1.360000E+02 196 15585 35 18 43 100
 1.400000E+02 207 15577 41 9 48 109
 1.440000E+02 201 15575 23 10 50 118
 1.480000E+02 220 15567 31 15 53 121
 1.520000E+02 230 15563 30 21 55 124
 1.560000E+02 235 15551 24 11 60 140
 1.600000E+02 247 15550 28 10 65 144
 1.640000E+02 250 15543 22 11 69 148
 1.680000E+02 264 15538 28 10 72 154
 1.720000E+02 270 15534 21 18 75 156
 1.760000E+02 285 15528 27 17 78 163
 1.800000E+02 284 15521 22 12 80 170
 1.840000E+02 284 15515 17 12 81 174
 1.880000E+02 287 15511 15 8 85 179
 1.920000E+02 296 15507 21 7 85 183
 1.960000E+02 293 15505 15 7 85 186
 2.000000E+02 300 15504 16 8 86 190

#Simulation ended (eff.: 0.946299, detail below)
	#Events: 18767
	#Valid embedding but no longer unary when required: 0.000000
	#Valid embedding but not binary when required: 0.000000
	#Clashing instance: 0.000000
	#Lazy negative update: 1.000000
	#Lazy negative update of non local instances: 0.000000
	#Perturbation interrupting time advance: 0.000000
