# time 'Cases' 'Susceptible' 'Exposed' 'Infected' 'Removed' 'Deads'
 0.000000E+00 10 100000 0 10 0 0
 4.000000E+00 12 99994 2 5 1 4
 8.000000E+00 14 99989 5 2 1 6
 1.200000E+01 15 99988 5 1 1 8
 1.600000E+01 14 99987 3 1 1 9
 2.000000E+01 24 99984 11 3 1 9
 2.400000E+01 23 99980 8 4 1 10
 2.800000E+01 25 99977 8 5 2 10
 3.200000E+01 30 99975 12 2 4 12
 3.600000E+01 32 99975 10 3 4 15
 4.000000E+01 36 99973 14 1 5 16
 4.400000E+01 37 99973 14 2 5 16
 4.800000E+01 37 99970 11 5 5 16
 5.200000E+01 40 99962 9 7 5 19
 5.600000E+01 56 99957 21 8 6 21
 6.000000E+01 48 99953 10 6 8 24
 6.400000E+01 61 99946 21 4 9 27
 6.800000E+01 68 99943 19 10 9 30
 7.200000E+01 74 99933 21 7 10 36
 7.600000E+01 72 99928 16 6 12 38
 8.000000E+01 79 99922 21 5 12 41
 8.400000E+01 91 99917 28 7 13 43
 8.800000E+01 90 99914 21 9 14 46
 9.200000E+01 95 99910 19 8 15 53
 9.600000E+01 101 99896 15 12 17 57
 1.000000E+02 108 99891 20 6 20 62
 1.040000E+02 120 99884 24 6 23 67
 1.080000E+02 139 99874 33 9 24 73
 1.120000E+02 142 99863 30 7 26 79
 1.160000E+02 151 99859 30 14 26 81
 1.200000E+02 162 99843 34 13 27 88
 1.240000E+02 176 99831 36 14 29 97
 1.280000E+02 182 99813 32 18 32 100
 1.320000E+02 199 99796 39 16 35 109
 1.360000E+02 209 99784 36 17 37 119
 1.400000E+02 217 99774 32 15 42 128
 1.440000E+02 234 99760 31 18 49 136
 1.480000E+02 241 99748 33 14 53 141
 1.520000E+02 251 99739 36 10 57 148
 1.560000E+02 257 99736 33 13 59 152
 1.600000E+02 267 99720 30 15 63 159
 1.640000E+02 277 99707 32 12 63 170
 1.680000E+02 286 99694 29 13 69 175
 1.720000E+02 292 99691 24 14 72 182
 1.760000E+02 305 99689 28 11 73 193
 1.800000E+02 305 99687 19 13 77 196
 1.840000E+02 314 99680 20 13 80 201
 1.880000E+02 317 99673 13 13 81 210
 1.920000E+02 319 99670 11 9 85 214
 1.960000E+02 332 99666 17 10 88 217
 2.000000E+02 331 99663 14 5 90 222

#Simulation ended (eff.: 0.989342, detail below)
	#Events: 91063
	#Valid embedding but no longer unary when required: 0.000000
	#Valid embedding but not binary when required: 0.000000
	#Clashing instance: 0.000000
	#Lazy negative update: 1.000000
	#Lazy negative update of non local instances: 0.000000
	#Perturbation interrupting time advance: 0.000000
