# time 'Cases' 'Susceptible' 'Exposed' 'Infected' 'Removed' 'Deads'
 0.000000E+00 0 1580 0 0 0 0
 4.000000E+00 0 1580 0 0 0 0
 8.000000E+00 2 1580 2 0 0 0
 1.200000E+01 1 1580 1 0 0 0
 1.600000E+01 8 1580 7 1 0 0
 2.000000E+01 5 1580 3 2 0 0
 2.400000E+01 4 1579 2 1 0 1
 2.800000E+01 5 1577 3 1 0 1
 3.200000E+01 5 1577 3 0 1 1
 3.600000E+01 10 1574 6 2 1 1
 4.000000E+01 8 1572 4 1 2 1
 4.400000E+01 12 1570 6 2 3 1
 4.800000E+01 19 1567 12 1 4 2
 5.200000E+01 18 1561 7 3 4 4
 5.600000E+01 20 1558 10 1 5 4
 6.000000E+01 22 1557 9 3 5 5
 6.400000E+01 27 1554 8 6 5 8
 6.800000E+01 35 1546 15 5 6 9
 7.200000E+01 42 1541 19 6 7 10
 7.600000E+01 34 1539 8 6 7 13
 8.000000E+01 41 1535 13 7 8 13
 8.400000E+01 47 1532 16 5 10 16
 8.800000E+01 50 1531 15 6 12 17
 9.200000E+01 51 1527 11 6 14 20
 9.600000E+01 66 1522 20 5 15 26
 1.000000E+02 64 1518 13 6 18 27
 1.040000E+02 74 1509 18 9 19 28
 1.080000E+02 74 1499 18 6 20 30
 1.120000E+02 78 1493 19 4 21 34
 1.160000E+02 83 1490 19 4 22 38
 1.200000E+02 82 1488 12 5 23 42
 1.240000E+02 98 1480 23 6 23 46
 1.280000E+02 97 1471 15 10 23 49
 1.320000E+02 99 1470 15 8 25 51
 1.360000E+02 118 1465 22 13 29 54
 1.400000E+02 112 1459 12 8 32 60
 1.440000E+02 115 1452 12 5 36 62
 1.480000E+02 127 1448 19 6 37 65
 1.520000E+02 128 1445 10 7 40 71
 1.560000E+02 144 1438 18 9 41 76
 1.600000E+02 147 1434 15 8 43 81
 1.640000E+02 150 1431 13 10 43 84
 1.680000E+02 155 1426 17 7 43 88
 1.720000E+02 146 1424 7 7 43 89
 1.760000E+02 155 1419 13 4 45 93
 1.800000E+02 154 1419 10 3 46 95
 1.840000E+02 157 1419 13 1 46 97
 1.880000E+02 153 1418 7 3 46 97
 1.920000E+02 156 1417 6 4 48 98
 1.960000E+02 166 1416 11 6 49 100
 2.000000E+02 164 1415 5 7 51 101

#Simulation ended (eff.: 0.848648, detail below)
	#Events: 4110
	#Valid embedding but no longer unary when required: 0.000000
	#Valid embedding but not binary when required: 0.000000
	#Clashing instance: 0.000000
	#Lazy negative update: 1.000000
	#Lazy negative update of non local instances: 0.000000
	#Perturbation interrupting time advance: 0.000000
