# time 'Cases' 'Susceptible' 'Exposed' 'Infected' 'Removed' 'Deads'
 0.000000E+00 10 100000 0 10 0 0
 4.000000E+00 21 99989 11 8 0 2
 8.000000E+00 23 99978 14 1 3 5
 1.200000E+01 24 99977 14 1 3 6
 1.600000E+01 25 99970 12 4 3 6
 2.000000E+01 24 99966 12 3 3 6
 2.400000E+01 33 99966 17 5 5 6
 2.800000E+01 34 99960 14 4 7 9
 3.200000E+01 37 99958 18 2 7 10
 3.600000E+01 40 99957 21 1 7 11
 4.000000E+01 42 99953 18 4 8 12
 4.400000E+01 63 99947 29 11 10 13
 4.800000E+01 65 99937 26 9 11 19
 5.200000E+01 76 99926 28 9 14 25
 5.600000E+01 87 99920 35 7 17 28
 6.000000E+01 90 99919 27 13 18 32
 6.400000E+01 106 99907 38 10 21 37
 6.800000E+01 106 99897 30 8 24 44
 7.200000E+01 111 99889 27 8 25 51
 7.600000E+01 127 99882 36 8 30 53
 8.000000E+01 130 99876 27 15 33 55
 8.400000E+01 148 99864 32 15 39 62
 8.800000E+01 168 99848 42 15 43 68
 9.200000E+01 183 99835 46 16 44 77
 9.600000E+01 188 99823 42 18 45 83
 1.000000E+02 200 99808 39 24 45 92
 1.040000E+02 222 99792 54 21 50 97
 1.080000E+02 221 99780 47 20 53 101
 1.120000E+02 253 99761 57 27 54 115
 1.160000E+02 277 99736 64 27 59 127
 1.200000E+02 289 99712 53 32 64 140
 1.240000E+02 302 99695 51 30 70 151
 1.280000E+02 319 99679 49 29 77 164
 1.320000E+02 338 99670 49 32 82 175
 1.360000E+02 355 99653 52 32 88 183
 1.400000E+02 381 99637 60 37 90 194
 1.440000E+02 395 99612 57 31 97 210
 1.480000E+02 414 99594 56 26 108 224
 1.520000E+02 425 99578 51 27 112 235
 1.560000E+02 439 99567 51 24 118 246
 1.600000E+02 466 99542 55 25 126 260
 1.640000E+02 480 99529 58 26 130 266
 1.680000E+02 493 99512 54 22 131 286
 1.720000E+02 517 99498 53 28 134 302
 1.760000E+02 530 99481 49 23 138 320
 1.800000E+02 528 99474 32 18 144 334
 1.840000E+02 554 99465 46 15 146 347
 1.880000E+02 561 99451 33 22 154 352
 1.920000E+02 580 99440 42 16 160 362
 1.960000E+02 587 99433 36 19 166 366
 2.000000E+02 602 99421 40 15 172 375

#Simulation ended (eff.: 0.985758, detail below)
	#Events: 94826
	#Valid embedding but no longer unary when required: 0.000000
	#Valid embedding but not binary when required: 0.000000
	#Clashing instance: 0.000000
	#Lazy negative update: 1.000000
	#Lazy negative update of non local instances: 0.000000
	#Perturbation interrupting time advance: 0.000000
