# time 'Cases' 'Susceptible' 'Exposed' 'Infected' 'Removed' 'Deads'
 0.000000E+00 0 1580 0 0 0 0
 4.000000E+00 2 1580 2 0 0 0
 8.000000E+00 5 1580 4 0 0 1
 1.200000E+01 5 1580 3 0 0 2
 1.600000E+01 9 1577 5 1 1 2
 2.000000E+01 13 1576 8 2 1 2
 2.400000E+01 17 1574 8 5 1 3
 2.800000E+01 18 1570 7 4 1 6
 3.200000E+01 20 1564 9 2 1 8
 3.600000E+01 17 1563 6 2 1 8
 4.000000E+01 25 1561 10 5 1 9
 4.400000E+01 25 1558 8 1 2 14
 4.800000E+01 35 1557 13 4 2 16
 5.200000E+01 36 1556 13 3 4 16
 5.600000E+01 41 1555 13 6 6 16
 6.000000E+01 39 1553 7 6 6 20
 6.400000E+01 44 1548 9 4 8 23
 6.800000E+01 49 1539 12 3 8 26
 7.200000E+01 52 1538 13 2 9 28
 7.600000E+01 57 1534 13 7 9 28
 8.000000E+01 65 1527 20 6 9 30
 8.400000E+01 66 1523 16 9 9 32
 8.800000E+01 65 1520 10 8 11 36
 9.200000E+01 78 1517 16 6 14 42
 9.600000E+01 81 1514 16 5 16 44
 1.000000E+02 88 1511 17 7 19 45
 1.040000E+02 93 1508 15 8 21 49
 1.080000E+02 98 1504 16 8 23 51
 1.120000E+02 108 1499 18 11 24 55
 1.160000E+02 115 1491 23 8 25 59
 1.200000E+02 119 1482 24 8 25 62
 1.240000E+02 124 1477 25 7 25 67
 1.280000E+02 140 1470 34 10 26 70
 1.320000E+02 134 1466 23 8 27 76
 1.360000E+02 135 1457 19 8 28 80
 1.400000E+02 145 1454 25 3 32 85
 1.440000E+02 152 1447 22 9 32 89
 1.480000E+02 156 1445 24 8 33 91
 1.520000E+02 172 1433 24 16 35 97
 1.560000E+02 172 1420 21 10 38 103
 1.600000E+02 183 1412 25 10 40 108
 1.640000E+02 183 1409 22 8 43 110
 1.680000E+02 187 1401 23 6 44 114
 1.720000E+02 201 1395 31 5 47 118
 1.760000E+02 205 1391 25 13 47 120
 1.800000E+02 204 1387 19 12 49 124
 1.840000E+02 206 1384 16 8 52 130
 1.880000E+02 211 1382 15 7 53 136
 1.920000E+02 212 1380 11 7 55 139
 1.960000E+02 218 1377 17 3 57 141
 2.000000E+02 212 1377 7 5 57 143

#Simulation ended (eff.: 0.850211, detail below)
	#Events: 5029
	#Valid embedding but no longer unary when required: 0.000000
	#Valid embedding but not binary when required: 0.000000
	#Clashing instance: 0.000000
	#Lazy negative update: 1.000000
	#Lazy negative update of non local instances: 0.000000
	#Perturbation interrupting time advance: 0.000000
