# time 'Cases' 'Susceptible' 'Exposed' 'Infected' 'Removed' 'Deads'
 0.000000E+00 0 700 0 0 0 0
 4.000000E+00 2 700 1 1 0 0
 8.000000E+00 4 700 3 1 0 0
 1.200000E+01 3 700 2 0 0 1
 1.600000E+01 4 699 2 1 0 1
 2.000000E+01 4 699 1 2 0 1
 2.400000E+01 3 699 1 0 1 1
 2.800000E+01 6 699 3 1 1 1
 3.200000E+01 8 696 5 0 1 2
 3.600000E+01 10 696 6 0 1 3
 4.000000E+01 12 696 8 0 1 3
 4.400000E+01 11 694 4 3 1 3
 4.800000E+01 14 692 9 1 1 3
 5.200000E+01 23 690 14 4 1 4
 5.600000E+01 16 686 6 3 1 6
 6.000000E+01 18 685 7 4 1 6
 6.400000E+01 27 685 15 3 2 7
 6.800000E+01 23 684 9 3 3 8
 7.200000E+01 26 682 11 2 3 10
 7.600000E+01 30 679 13 2 4 11
 8.000000E+01 36 677 17 3 5 11
 8.400000E+01 39 676 17 6 5 11
 8.800000E+01 37 671 15 4 5 13
 9.200000E+01 39 669 15 4 6 14
 9.600000E+01 37 667 9 5 7 16
 1.000000E+02 42 665 16 2 7 17
 1.040000E+02 52 661 17 8 7 20
 1.080000E+02 56 655 16 9 8 23
 1.120000E+02 57 645 17 6 8 26
 1.160000E+02 64 641 21 6 8 29
 1.200000E+02 64 638 21 4 8 31
 1.240000E+02 68 632 15 8 10 35
 1.280000E+02 75 627 20 8 10 37
 1.320000E+02 75 622 17 6 10 42
 1.360000E+02 78 619 20 4 10 44
 1.400000E+02 89 610 23 11 10 45
 1.440000E+02 91 606 18 10 12 51
 1.480000E+02 89 600 15 4 14 56
 1.520000E+02 91 597 13 6 14 58
 1.560000E+02 93 594 19 2 14 58
 1.600000E+02 94 593 15 6 15 58
 1.640000E+02 95 590 15 3 15 62
 1.680000E+02 96 590 16 2 16 62
 1.720000E+02 101 586 13 6 19 63
 1.760000E+02 103 585 11 7 19 66
 1.800000E+02 105 584 11 5 20 69
 1.840000E+02 107 582 10 5 20 72
 1.880000E+02 111 577 8 8 22 73
 1.920000E+02 112 574 8 7 22 75
 1.960000E+02 114 572 9 5 23 77
 2.000000E+02 121 567 13 5 24 79

#Simulation ended (eff.: 0.769812, detail below)
	#Events: 3973
	#Valid embedding but no longer unary when required: 0.000000
	#Valid embedding but not binary when required: 0.000000
	#Clashing instance: 0.000000
	#Lazy negative update: 1.000000
	#Lazy negative update of non local instances: 0.000000
	#Perturbation interrupting time advance: 0.000000
