# time 'Cases' 'Susceptible' 'Exposed' 'Infected' 'Removed' 'Deads'
 0.000000E+00 10 10000 0 10 0 0
 4.000000E+00 13 9994 3 5 2 3
 8.000000E+00 15 9993 5 1 3 6
 1.200000E+01 16 9991 6 0 4 6
 1.600000E+01 18 9990 7 0 4 7
 2.000000E+01 18 9986 4 3 4 7
 2.400000E+01 18 9984 4 2 5 7
 2.800000E+01 23 9983 6 3 5 9
 3.200000E+01 27 9979 9 4 5 9
 3.600000E+01 30 9976 10 3 5 12
 4.000000E+01 26 9975 4 4 5 13
 4.400000E+01 35 9968 8 4 7 16
 4.800000E+01 42 9960 13 4 9 16
 5.200000E+01 45 9952 14 3 9 19
 5.600000E+01 45 9948 12 3 9 21
 6.000000E+01 48 9945 12 4 9 23
 6.400000E+01 51 9943 12 5 9 25
 6.800000E+01 58 9941 16 6 9 27
 7.200000E+01 71 9932 21 8 13 29
 7.600000E+01 75 9928 24 4 15 32
 8.000000E+01 84 9924 26 8 15 35
 8.400000E+01 87 9916 20 13 16 38
 8.800000E+01 93 9912 21 11 18 43
 9.200000E+01 102 9904 25 10 20 47
 9.600000E+01 112 9896 27 11 23 51
 1.000000E+02 117 9893 30 7 24 56
 1.040000E+02 127 9884 32 11 25 59
 1.080000E+02 129 9881 29 8 27 65
 1.120000E+02 136 9875 31 12 27 66
 1.160000E+02 145 9871 28 14 33 70
 1.200000E+02 152 9865 27 12 35 78
 1.240000E+02 160 9857 24 15 37 84
 1.280000E+02 186 9843 39 14 40 93
 1.320000E+02 180 9839 29 9 41 101
 1.360000E+02 181 9839 20 7 45 109
 1.400000E+02 191 9836 15 13 49 114
 1.440000E+02 199 9829 15 14 51 119
 1.480000E+02 208 9820 18 14 52 124
 1.520000E+02 213 9809 18 12 52 131
 1.560000E+02 220 9803 20 6 57 137
 1.600000E+02 222 9802 18 3 60 141
 1.640000E+02 229 9800 17 8 61 143
 1.680000E+02 237 9790 18 10 63 146
 1.720000E+02 242 9787 18 10 65 149
 1.760000E+02 253 9779 20 9 68 156
 1.800000E+02 253 9775 16 8 70 159
 1.840000E+02 265 9767 24 10 70 161
 1.880000E+02 264 9764 17 10 71 166
 1.920000E+02 273 9759 22 11 72 168
 1.960000E+02 271 9753 18 7 73 173
 2.000000E+02 271 9750 13 5 76 177

#Simulation ended (eff.: 0.943590, detail below)
	#Events: 12395
	#Valid embedding but no longer unary when required: 0.000000
	#Valid embedding but not binary when required: 0.000000
	#Clashing instance: 0.000000
	#Lazy negative update: 1.000000
	#Lazy negative update of non local instances: 0.000000
	#Perturbation interrupting time advance: 0.000000
