# time 'Cases' 'Susceptible' 'Exposed' 'Infected' 'Removed' 'Deads'
 0.000000E+00 0 4700 0 0 0 0
 4.000000E+00 1 4700 1 0 0 0
 8.000000E+00 2 4700 2 0 0 0
 1.200000E+01 2 4700 2 0 0 0
 1.600000E+01 4 4700 4 0 0 0
 2.000000E+01 7 4697 6 0 0 1
 2.400000E+01 6 4696 3 1 1 1
 2.800000E+01 10 4694 7 1 1 1
 3.200000E+01 9 4693 5 0 1 3
 3.600000E+01 23 4686 16 2 1 4
 4.000000E+01 24 4681 16 1 3 4
 4.400000E+01 29 4678 18 3 3 5
 4.800000E+01 31 4672 17 2 3 9
 5.200000E+01 49 4666 29 5 3 12
 5.600000E+01 51 4650 25 6 5 15
 6.000000E+01 71 4639 43 5 6 17
 6.400000E+01 97 4633 67 4 8 18
 6.800000E+01 124 4613 84 8 8 24
 7.200000E+01 158 4578 109 13 10 26
 7.600000E+01 200 4552 144 12 13 31
 8.000000E+01 221 4499 145 22 16 38
 8.400000E+01 300 4452 209 25 22 44
 8.800000E+01 362 4397 248 31 28 55
 9.200000E+01 444 4343 312 31 33 68
 9.600000E+01 602 4245 428 49 43 82
 1.000000E+02 783 4130 550 60 56 117
 1.040000E+02 989 3973 683 93 67 146
 1.080000E+02 1203 3782 819 106 85 193
 1.120000E+02 1445 3537 944 145 104 252
 1.160000E+02 1867 3247 1258 165 127 317
 1.200000E+02 2314 2928 1536 225 164 389
 1.240000E+02 2861 2586 1914 243 201 503
 1.280000E+02 3441 2175 2242 302 256 641
 1.320000E+02 4119 1692 2618 378 324 799
 1.360000E+02 4909 1263 3042 489 416 962
 1.400000E+02 5754 840 3425 613 519 1197
 1.440000E+02 6459 511 3650 667 650 1492
 1.480000E+02 7221 305 3860 790 772 1799
 1.520000E+02 7788 179 3834 807 944 2203
 1.560000E+02 8165 103 3581 879 1136 2569
 1.600000E+02 8649 52 3417 929 1328 2975
 1.640000E+02 8757 28 2885 948 1495 3429
 1.680000E+02 8895 17 2461 894 1679 3861
 1.720000E+02 8779 10 1833 863 1837 4246
 1.760000E+02 8783 6 1414 780 1995 4594
 1.800000E+02 8651 3 937 681 2143 4890
 1.840000E+02 8565 0 621 546 2245 5153
 1.880000E+02 8530 0 414 411 2337 5368
 1.920000E+02 8479 0 243 311 2397 5528
 1.960000E+02 8485 0 170 220 2432 5663
 2.000000E+02 8423 0 80 149 2455 5739

#Simulation ended (eff.: 0.955133, detail below)
	#Events: 259313
	#Valid embedding but no longer unary when required: 0.000000
	#Valid embedding but not binary when required: 0.000000
	#Clashing instance: 0.000000
	#Lazy negative update: 1.000000
	#Lazy negative update of non local instances: 0.000000
	#Perturbation interrupting time advance: 0.000000
