# time 'Cases' 'Susceptible' 'Exposed' 'Infected' 'Removed' 'Deads'
 0.000000E+00 10 100000 0 10 0 0
 4.000000E+00 15 99990 7 4 1 3
 8.000000E+00 14 99989 6 2 1 5
 1.200000E+01 17 99984 8 2 2 5
 1.600000E+01 27 99977 14 2 4 7
 2.000000E+01 26 99972 12 1 4 9
 2.400000E+01 30 99967 14 3 4 9
 2.800000E+01 36 99965 13 6 7 10
 3.200000E+01 39 99962 14 5 7 13
 3.600000E+01 46 99954 17 6 9 14
 4.000000E+01 53 99944 16 12 10 15
 4.400000E+01 66 99938 27 8 12 19
 4.800000E+01 71 99933 26 9 15 21
 5.200000E+01 78 99926 22 15 17 24
 5.600000E+01 85 99910 29 8 19 29
 6.000000E+01 89 99902 25 13 19 32
 6.400000E+01 108 99888 35 13 23 37
 6.800000E+01 122 99878 39 13 25 45
 7.200000E+01 132 99866 42 13 28 49
 7.600000E+01 150 99853 46 14 29 61
 8.000000E+01 176 99840 58 15 31 72
 8.400000E+01 192 99830 53 24 33 82
 8.800000E+01 197 99821 47 19 36 95
 9.200000E+01 214 99807 50 18 43 103
 9.600000E+01 234 99790 56 17 49 112
 1.000000E+02 245 99779 53 16 53 123
 1.040000E+02 247 99769 38 18 57 134
 1.080000E+02 273 99760 51 20 59 143
 1.120000E+02 281 99746 45 24 61 151
 1.160000E+02 294 99726 45 25 64 160
 1.200000E+02 313 99710 43 28 69 173
 1.240000E+02 338 99695 61 23 74 180
 1.280000E+02 345 99679 58 19 77 191
 1.320000E+02 377 99663 71 27 83 196
 1.360000E+02 395 99648 65 25 91 214
 1.400000E+02 414 99630 67 22 95 230
 1.440000E+02 418 99617 54 24 100 240
 1.480000E+02 428 99607 52 24 104 248
 1.520000E+02 450 99593 52 21 111 266
 1.560000E+02 463 99580 46 28 117 272
 1.600000E+02 471 99569 44 22 123 282
 1.640000E+02 475 99557 40 19 125 291
 1.680000E+02 482 99546 35 22 126 299
 1.720000E+02 501 99536 35 22 130 314
 1.760000E+02 509 99525 36 19 133 321
 1.800000E+02 526 99517 43 16 137 330
 1.840000E+02 534 99510 40 18 138 338
 1.880000E+02 541 99502 32 18 144 347
 1.920000E+02 548 99496 21 18 149 360
 1.960000E+02 563 99482 28 16 152 367
 2.000000E+02 570 99475 33 7 154 376

#Simulation ended (eff.: 0.985775, detail below)
	#Events: 94382
	#Valid embedding but no longer unary when required: 0.000000
	#Valid embedding but not binary when required: 0.000000
	#Clashing instance: 0.000000
	#Lazy negative update: 1.000000
	#Lazy negative update of non local instances: 0.000000
	#Perturbation interrupting time advance: 0.000000
