# time 'Cases' 'Susceptible' 'Exposed' 'Infected' 'Removed' 'Deads'
 0.000000E+00 0 470 0 0 0 0
 4.000000E+00 1 470 1 0 0 0
 8.000000E+00 0 470 0 0 0 0
 1.200000E+01 3 470 3 0 0 0
 1.600000E+01 2 470 0 2 0 0
 2.000000E+01 3 469 2 0 0 1
 2.400000E+01 3 469 2 0 0 1
 2.800000E+01 3 469 1 1 0 1
 3.200000E+01 4 468 2 1 0 1
 3.600000E+01 8 466 6 0 0 2
 4.000000E+01 6 466 3 0 0 3
 4.400000E+01 7 465 2 1 1 3
 4.800000E+01 11 465 5 1 1 4
 5.200000E+01 8 464 2 0 1 5
 5.600000E+01 12 464 6 0 1 5
 6.000000E+01 12 464 4 1 1 6
 6.400000E+01 15 462 6 2 1 6
 6.800000E+01 16 462 7 1 1 7
 7.200000E+01 10 462 1 0 1 8
 7.600000E+01 13 461 3 1 1 8
 8.000000E+01 14 459 4 1 1 8
 8.400000E+01 12 457 2 1 1 8
 8.800000E+01 15 457 4 1 1 9
 9.200000E+01 19 454 6 2 1 10
 9.600000E+01 18 454 7 0 1 10
 1.000000E+02 17 454 2 4 1 10
 1.040000E+02 19 454 4 2 1 12
 1.080000E+02 19 451 3 1 2 13
 1.120000E+02 23 448 7 0 2 14
 1.160000E+02 21 448 4 1 2 14
 1.200000E+02 24 447 5 2 2 15
 1.240000E+02 26 445 5 3 3 15
 1.280000E+02 26 443 4 3 3 16
 1.320000E+02 32 441 9 2 4 17
 1.360000E+02 31 441 8 1 4 18
 1.400000E+02 29 441 5 2 4 18
 1.440000E+02 35 441 10 2 4 19
 1.480000E+02 34 441 6 3 4 21
 1.520000E+02 37 440 8 2 4 23
 1.560000E+02 37 439 10 0 4 23
 1.600000E+02 34 438 2 3 4 25
 1.640000E+02 41 437 8 3 4 26
 1.680000E+02 43 430 8 4 5 26
 1.720000E+02 42 429 6 2 6 28
 1.760000E+02 45 429 7 0 8 30
 1.800000E+02 45 428 5 2 8 30
 1.840000E+02 42 428 3 1 8 30
 1.880000E+02 44 427 1 3 8 32
 1.920000E+02 51 424 7 2 8 34
 1.960000E+02 52 423 7 1 9 35
 2.000000E+02 48 423 4 0 9 35

#Simulation ended (eff.: 0.744947, detail below)
	#Events: 1548
	#Valid embedding but no longer unary when required: 0.000000
	#Valid embedding but not binary when required: 0.000000
	#Clashing instance: 0.000000
	#Lazy negative update: 1.000000
	#Lazy negative update of non local instances: 0.000000
	#Perturbation interrupting time advance: 0.000000
