# time 'Cases' 'Susceptible' 'Exposed' 'Infected' 'Removed' 'Deads'
 0.000000E+00 0 15800 0 0 0 0
 4.000000E+00 5 15800 3 1 0 1
 8.000000E+00 4 15798 2 1 0 1
 1.200000E+01 5 15797 3 1 0 1
 1.600000E+01 12 15795 7 1 1 3
 2.000000E+01 13 15792 6 2 2 3
 2.400000E+01 14 15789 6 2 2 4
 2.800000E+01 12 15788 4 1 2 5
 3.200000E+01 16 15784 5 2 2 7
 3.600000E+01 28 15778 13 1 4 10
 4.000000E+01 25 15774 9 1 4 11
 4.400000E+01 28 15774 12 0 4 12
 4.800000E+01 28 15773 9 3 4 12
 5.200000E+01 34 15772 12 3 4 15
 5.600000E+01 37 15769 14 1 4 18
 6.000000E+01 45 15769 20 3 4 18
 6.400000E+01 44 15769 19 0 4 21
 6.800000E+01 47 15767 19 3 4 21
 7.200000E+01 54 15760 22 6 4 22
 7.600000E+01 57 15756 15 10 6 26
 8.000000E+01 68 15750 21 8 10 29
 8.400000E+01 64 15744 15 5 10 34
 8.800000E+01 73 15738 17 8 12 36
 9.200000E+01 86 15727 30 2 14 40
 9.600000E+01 84 15725 20 8 15 41
 1.000000E+02 103 15714 32 10 18 43
 1.040000E+02 103 15709 26 7 22 48
 1.080000E+02 101 15702 16 10 22 53
 1.120000E+02 108 15699 19 7 24 58
 1.160000E+02 125 15695 27 10 29 59
 1.200000E+02 132 15687 29 10 31 62
 1.240000E+02 127 15686 22 7 33 65
 1.280000E+02 136 15682 26 8 33 69
 1.320000E+02 140 15674 24 10 34 72
 1.360000E+02 140 15661 16 11 35 78
 1.400000E+02 152 15655 23 10 37 82
 1.440000E+02 166 15651 27 10 40 89
 1.480000E+02 172 15644 31 6 42 93
 1.520000E+02 180 15638 30 11 45 94
 1.560000E+02 191 15634 32 9 47 103
 1.600000E+02 188 15628 27 1 50 110
 1.640000E+02 198 15624 24 10 52 112
 1.680000E+02 212 15618 28 16 54 114
 1.720000E+02 226 15606 29 20 57 120
 1.760000E+02 232 15600 24 18 58 132
 1.800000E+02 239 15590 30 8 60 141
 1.840000E+02 246 15584 25 14 61 146
 1.880000E+02 248 15579 21 10 66 151
 1.920000E+02 251 15573 22 9 68 152
 1.960000E+02 261 15572 25 6 69 161
 2.000000E+02 264 15565 20 9 70 165

#Simulation ended (eff.: 0.946521, detail below)
	#Events: 18159
	#Valid embedding but no longer unary when required: 0.000000
	#Valid embedding but not binary when required: 0.000000
	#Clashing instance: 0.000000
	#Lazy negative update: 1.000000
	#Lazy negative update of non local instances: 0.000000
	#Perturbation interrupting time advance: 0.000000
