# time 'Cases' 'Susceptible' 'Exposed' 'Infected' 'Removed' 'Deads'
 0.000000E+00 0 15800 0 0 0 0
 4.000000E+00 1 15800 1 0 0 0
 8.000000E+00 1 15799 0 1 0 0
 1.200000E+01 1 15799 1 0 0 0
 1.600000E+01 1 15799 1 0 0 0
 2.000000E+01 3 15799 3 0 0 0
 2.400000E+01 4 15798 2 1 0 1
 2.800000E+01 8 15797 6 1 0 1
 3.200000E+01 8 15792 4 2 0 2
 3.600000E+01 8 15790 3 2 0 3
 4.000000E+01 9 15790 4 2 0 3
 4.400000E+01 8 15789 2 0 0 6
 4.800000E+01 12 15789 6 0 0 6
 5.200000E+01 13 15787 4 3 0 6
 5.600000E+01 12 15786 2 2 1 7
 6.000000E+01 13 15785 4 1 1 7
 6.400000E+01 14 15784 4 1 1 8
 6.800000E+01 15 15784 5 0 1 9
 7.200000E+01 15 15783 4 1 1 9
 7.600000E+01 17 15783 6 1 1 9
 8.000000E+01 23 15782 9 4 1 9
 8.400000E+01 21 15780 5 5 1 10
 8.800000E+01 18 15779 4 0 1 13
 9.200000E+01 22 15779 8 0 1 13
 9.600000E+01 29 15777 7 6 2 14
 1.000000E+02 29 15774 9 2 2 16
 1.040000E+02 26 15773 5 3 2 16
 1.080000E+02 28 15771 6 3 2 17
 1.120000E+02 32 15770 9 2 4 17
 1.160000E+02 29 15770 5 2 4 18
 1.200000E+02 42 15768 13 6 5 18
 1.240000E+02 41 15763 7 9 5 20
 1.280000E+02 44 15759 10 6 7 21
 1.320000E+02 47 15752 12 4 7 24
 1.360000E+02 48 15751 9 3 7 29
 1.400000E+02 44 15749 4 3 7 30
 1.440000E+02 53 15749 13 1 8 31
 1.480000E+02 52 15748 11 0 8 33
 1.520000E+02 54 15748 11 1 9 33
 1.560000E+02 56 15747 10 4 9 33
 1.600000E+02 59 15746 11 3 9 36
 1.640000E+02 60 15746 8 7 9 36
 1.680000E+02 57 15744 6 2 11 38
 1.720000E+02 59 15744 6 3 11 39
 1.760000E+02 62 15741 9 1 12 40
 1.800000E+02 64 15740 10 0 12 42
 1.840000E+02 66 15740 8 2 12 44
 1.880000E+02 66 15740 8 2 12 44
 1.920000E+02 68 15737 6 3 13 46
 1.960000E+02 71 15734 7 3 13 48
 2.000000E+02 70 15733 6 1 14 49

#Simulation ended (eff.: 0.962956, detail below)
	#Events: 15103
	#Valid embedding but no longer unary when required: 0.000000
	#Valid embedding but not binary when required: 0.000000
	#Clashing instance: 0.000000
	#Lazy negative update: 1.000000
	#Lazy negative update of non local instances: 0.000000
	#Perturbation interrupting time advance: 0.000000
