# time 'Cases' 'Susceptible' 'Exposed' 'Infected' 'Removed' 'Deads'
 0.000000E+00 0 15800 0 0 0 0
 4.000000E+00 0 15800 0 0 0 0
 8.000000E+00 2 15800 2 0 0 0
 1.200000E+01 2 15800 2 0 0 0
 1.600000E+01 3 15800 1 1 0 1
 2.000000E+01 7 15798 4 1 0 2
 2.400000E+01 10 15797 8 0 0 2
 2.800000E+01 10 15796 6 0 0 4
 3.200000E+01 12 15794 7 1 0 4
 3.600000E+01 14 15792 6 4 0 4
 4.000000E+01 18 15791 7 5 2 4
 4.400000E+01 15 15790 4 2 3 6
 4.800000E+01 17 15788 5 2 3 7
 5.200000E+01 23 15784 10 2 3 8
 5.600000E+01 20 15781 6 0 5 9
 6.000000E+01 21 15780 6 1 5 9
 6.400000E+01 25 15777 8 1 5 11
 6.800000E+01 24 15777 8 0 5 11
 7.200000E+01 28 15773 7 1 5 15
 7.600000E+01 33 15770 9 2 6 16
 8.000000E+01 30 15770 8 0 6 16
 8.400000E+01 30 15769 5 2 6 17
 8.800000E+01 31 15769 5 0 8 18
 9.200000E+01 37 15769 10 1 8 18
 9.600000E+01 38 15768 8 1 9 20
 1.000000E+02 42 15766 7 5 9 21
 1.040000E+02 46 15762 10 4 9 23
 1.080000E+02 48 15761 12 2 10 24
 1.120000E+02 52 15754 13 4 10 25
 1.160000E+02 56 15753 14 5 12 25
 1.200000E+02 61 15747 11 8 13 29
 1.240000E+02 63 15744 15 2 15 31
 1.280000E+02 63 15744 12 3 15 33
 1.320000E+02 61 15740 10 3 15 33
 1.360000E+02 75 15735 19 7 15 34
 1.400000E+02 74 15729 14 8 16 36
 1.440000E+02 73 15722 11 7 17 38
 1.480000E+02 81 15721 16 3 20 42
 1.520000E+02 81 15719 12 4 21 44
 1.560000E+02 87 15713 16 3 22 46
 1.600000E+02 78 15711 6 2 22 48
 1.640000E+02 81 15711 9 2 22 48
 1.680000E+02 87 15708 12 4 22 49
 1.720000E+02 84 15708 7 4 23 50
 1.760000E+02 90 15706 10 4 24 52
 1.800000E+02 87 15704 4 4 25 54
 1.840000E+02 87 15704 5 2 25 55
 1.880000E+02 93 15703 7 4 25 57
 1.920000E+02 93 15702 6 3 25 59
 1.960000E+02 96 15701 8 1 25 62
 2.000000E+02 95 15698 3 4 26 62

#Simulation ended (eff.: 0.957968, detail below)
	#Events: 15498
	#Valid embedding but no longer unary when required: 0.000000
	#Valid embedding but not binary when required: 0.000000
	#Clashing instance: 0.000000
	#Lazy negative update: 1.000000
	#Lazy negative update of non local instances: 0.000000
	#Perturbation interrupting time advance: 0.000000
