# time 'Cases' 'Susceptible' 'Exposed' 'Infected' 'Removed' 'Deads'
 0.000000E+00 10 10000 0 10 0 0
 4.000000E+00 12 9991 2 6 1 3
 8.000000E+00 17 9982 9 2 2 4
 1.200000E+01 23 9980 14 2 2 5
 1.600000E+01 15 9978 7 1 2 5
 2.000000E+01 22 9976 10 4 2 6
 2.400000E+01 24 9974 9 3 5 7
 2.800000E+01 38 9968 18 4 7 9
 3.200000E+01 34 9965 12 4 7 11
 3.600000E+01 41 9962 14 8 7 12
 4.000000E+01 51 9952 20 6 8 17
 4.400000E+01 62 9937 24 8 10 20
 4.800000E+01 67 9926 27 7 11 22
 5.200000E+01 60 9922 20 4 13 23
 5.600000E+01 76 9920 25 10 14 27
 6.000000E+01 90 9908 24 15 16 35
 6.400000E+01 102 9898 33 8 18 43
 6.800000E+01 123 9882 42 13 18 50
 7.200000E+01 136 9872 42 18 22 54
 7.600000E+01 139 9852 41 11 24 63
 8.000000E+01 145 9841 33 17 26 69
 8.400000E+01 155 9835 37 11 30 77
 8.800000E+01 183 9821 52 11 34 86
 9.200000E+01 190 9814 46 15 36 93
 9.600000E+01 205 9798 48 17 37 103
 1.000000E+02 206 9792 44 13 41 108
 1.040000E+02 226 9782 46 21 43 116
 1.080000E+02 232 9770 41 18 44 129
 1.120000E+02 241 9752 41 17 47 136
 1.160000E+02 254 9742 42 19 50 143
 1.200000E+02 264 9728 38 25 53 148
 1.240000E+02 279 9710 45 23 56 155
 1.280000E+02 302 9699 52 26 58 166
 1.320000E+02 309 9685 41 25 63 180
 1.360000E+02 319 9668 40 25 67 187
 1.400000E+02 337 9656 50 18 71 198
 1.440000E+02 342 9646 45 13 76 208
 1.480000E+02 361 9639 44 18 80 219
 1.520000E+02 382 9625 48 26 83 225
 1.560000E+02 383 9615 41 17 86 239
 1.600000E+02 385 9611 35 17 86 247
 1.640000E+02 389 9606 33 11 91 254
 1.680000E+02 402 9600 32 17 95 258
 1.720000E+02 418 9593 34 24 97 263
 1.760000E+02 422 9578 30 21 98 273
 1.800000E+02 433 9565 35 18 102 278
 1.840000E+02 441 9559 34 17 104 286
 1.880000E+02 450 9548 31 20 107 292
 1.920000E+02 449 9543 21 17 109 302
 1.960000E+02 459 9531 21 13 113 312
 2.000000E+02 473 9521 22 15 116 320

#Simulation ended (eff.: 0.936869, detail below)
	#Events: 15508
	#Valid embedding but no longer unary when required: 0.000000
	#Valid embedding but not binary when required: 0.000000
	#Clashing instance: 0.000000
	#Lazy negative update: 1.000000
	#Lazy negative update of non local instances: 0.000000
	#Perturbation interrupting time advance: 0.000000
