# time 'Cases' 'Susceptible' 'Exposed' 'Infected' 'Removed' 'Deads'
 0.000000E+00 0 7000 0 0 0 0
 4.000000E+00 1 7000 0 0 0 1
 8.000000E+00 5 6999 4 0 0 1
 1.200000E+01 5 6999 4 0 0 1
 1.600000E+01 8 6999 7 0 0 1
 2.000000E+01 9 6998 6 2 0 1
 2.400000E+01 10 6997 6 3 0 1
 2.800000E+01 10 6995 7 0 1 2
 3.200000E+01 9 6994 4 2 1 2
 3.600000E+01 13 6993 6 1 3 3
 4.000000E+01 17 6991 8 0 4 5
 4.400000E+01 21 6990 11 1 4 5
 4.800000E+01 22 6988 10 3 4 5
 5.200000E+01 23 6987 12 1 5 5
 5.600000E+01 25 6985 12 1 6 6
 6.000000E+01 31 6982 13 3 8 7
 6.400000E+01 30 6980 11 2 9 8
 6.800000E+01 35 6977 13 3 10 9
 7.200000E+01 50 6974 23 4 10 13
 7.600000E+01 44 6971 16 2 10 16
 8.000000E+01 52 6968 19 6 11 16
 8.400000E+01 49 6966 20 1 11 17
 8.800000E+01 52 6965 13 8 13 18
 9.200000E+01 56 6956 17 2 16 21
 9.600000E+01 74 6955 28 5 19 22
 1.000000E+02 71 6952 20 5 22 24
 1.040000E+02 76 6949 19 9 23 25
 1.080000E+02 89 6946 26 12 24 27
 1.120000E+02 94 6937 30 6 27 31
 1.160000E+02 87 6933 19 7 28 33
 1.200000E+02 91 6927 22 5 29 35
 1.240000E+02 100 6924 27 6 29 38
 1.280000E+02 98 6922 15 11 30 42
 1.320000E+02 102 6918 17 7 32 46
 1.360000E+02 117 6913 23 10 33 51
 1.400000E+02 112 6908 22 2 34 54
 1.440000E+02 115 6906 20 4 34 57
 1.480000E+02 121 6903 19 5 36 61
 1.520000E+02 127 6900 18 10 36 63
 1.560000E+02 133 6898 18 8 39 68
 1.600000E+02 133 6896 13 5 39 76
 1.640000E+02 139 6894 16 5 39 79
 1.680000E+02 147 6893 24 2 39 82
 1.720000E+02 147 6889 16 6 41 84
 1.760000E+02 153 6887 22 5 41 85
 1.800000E+02 149 6883 13 7 41 88
 1.840000E+02 157 6879 18 7 41 91
 1.880000E+02 154 6877 15 4 42 93
 1.920000E+02 155 6875 15 3 42 95
 1.960000E+02 155 6873 7 7 42 99
 2.000000E+02 159 6870 7 7 43 102

#Simulation ended (eff.: 0.877692, detail below)
	#Events: 10312
	#Valid embedding but no longer unary when required: 0.000000
	#Valid embedding but not binary when required: 0.000000
	#Clashing instance: 0.000000
	#Lazy negative update: 1.000000
	#Lazy negative update of non local instances: 0.000000
	#Perturbation interrupting time advance: 0.000000
