# time 'Cases' 'Susceptible' 'Exposed' 'Infected' 'Removed' 'Deads'
 0.000000E+00 0 7000 0 0 0 0
 4.000000E+00 0 7000 0 0 0 0
 8.000000E+00 0 7000 0 0 0 0
 1.200000E+01 2 7000 2 0 0 0
 1.600000E+01 3 7000 3 0 0 0
 2.000000E+01 5 7000 5 0 0 0
 2.400000E+01 6 7000 6 0 0 0
 2.800000E+01 4 7000 3 1 0 0
 3.200000E+01 6 6999 5 0 0 1
 3.600000E+01 10 6999 7 2 0 1
 4.000000E+01 13 6994 10 2 0 1
 4.400000E+01 12 6992 9 1 1 1
 4.800000E+01 8 6991 4 2 1 1
 5.200000E+01 11 6991 5 2 2 2
 5.600000E+01 14 6990 8 1 2 3
 6.000000E+01 20 6986 12 2 2 4
 6.400000E+01 19 6986 11 1 2 5
 6.800000E+01 22 6985 12 2 2 6
 7.200000E+01 22 6983 11 2 3 6
 7.600000E+01 19 6982 6 4 3 6
 8.000000E+01 25 6980 8 6 4 7
 8.400000E+01 29 6976 13 3 4 9
 8.800000E+01 27 6972 8 3 5 11
 9.200000E+01 35 6969 17 1 6 11
 9.600000E+01 34 6966 14 3 6 11
 1.000000E+02 28 6966 8 2 6 12
 1.040000E+02 34 6965 9 4 6 15
 1.080000E+02 39 6963 16 2 6 15
 1.120000E+02 37 6960 11 3 6 17
 1.160000E+02 49 6959 19 5 6 19
 1.200000E+02 47 6957 15 7 6 19
 1.240000E+02 51 6955 17 5 7 22
 1.280000E+02 62 6946 22 8 8 24
 1.320000E+02 60 6938 19 6 9 26
 1.360000E+02 62 6932 15 6 10 31
 1.400000E+02 62 6926 10 8 10 34
 1.440000E+02 68 6924 18 6 10 34
 1.480000E+02 65 6923 15 3 10 37
 1.520000E+02 67 6920 14 4 12 37
 1.560000E+02 69 6918 13 6 13 37
 1.600000E+02 75 6913 14 3 16 42
 1.640000E+02 73 6908 12 2 16 43
 1.680000E+02 77 6906 14 3 16 44
 1.720000E+02 70 6903 7 1 17 45
 1.760000E+02 81 6903 13 4 17 47
 1.800000E+02 82 6901 8 6 19 49
 1.840000E+02 80 6900 9 1 19 51
 1.880000E+02 87 6900 12 5 19 51
 1.920000E+02 88 6897 10 5 19 54
 1.960000E+02 91 6897 10 5 20 56
 2.000000E+02 86 6897 8 1 20 57

#Simulation ended (eff.: 0.883295, detail below)
	#Events: 8931
	#Valid embedding but no longer unary when required: 0.000000
	#Valid embedding but not binary when required: 0.000000
	#Clashing instance: 0.000000
	#Lazy negative update: 1.000000
	#Lazy negative update of non local instances: 0.000000
	#Perturbation interrupting time advance: 0.000000
