# time 'Cases' 'Susceptible' 'Exposed' 'Infected' 'Removed' 'Deads'
 0.000000E+00 0 4700 0 0 0 0
 4.000000E+00 1 4700 1 0 0 0
 8.000000E+00 1 4700 1 0 0 0
 1.200000E+01 1 4700 1 0 0 0
 1.600000E+01 1 4700 1 0 0 0
 2.000000E+01 1 4700 0 0 1 0
 2.400000E+01 3 4700 2 0 1 0
 2.800000E+01 2 4700 1 0 1 0
 3.200000E+01 4 4700 3 0 1 0
 3.600000E+01 2 4700 1 0 1 0
 4.000000E+01 6 4700 5 0 1 0
 4.400000E+01 4 4700 3 0 1 0
 4.800000E+01 2 4699 1 0 1 0
 5.200000E+01 8 4697 5 2 1 0
 5.600000E+01 4 4697 2 0 1 1
 6.000000E+01 6 4697 2 1 1 2
 6.400000E+01 6 4696 3 0 1 2
 6.800000E+01 9 4695 5 0 2 2
 7.200000E+01 6 4695 1 0 2 3
 7.600000E+01 5 4695 0 0 2 3
 8.000000E+01 8 4695 2 1 2 3
 8.400000E+01 9 4694 4 0 2 3
 8.800000E+01 6 4694 1 0 2 3
 9.200000E+01 7 4694 1 1 2 3
 9.600000E+01 8 4694 1 1 3 3
 1.000000E+02 8 4694 2 0 3 3
 1.040000E+02 6 4694 0 0 3 3
 1.080000E+02 6 4694 0 0 3 3
 1.120000E+02 8 4694 0 2 3 3
 1.160000E+02 6 4693 0 0 3 3
 1.200000E+02 9 4693 3 0 3 3
 1.240000E+02 8 4693 1 1 3 3
 1.280000E+02 9 4692 2 1 3 3
 1.320000E+02 7 4692 1 0 3 3
 1.360000E+02 7 4692 0 1 3 3
 1.400000E+02 7 4692 0 0 3 4
 1.440000E+02 12 4692 4 1 3 4
 1.480000E+02 10 4692 1 1 3 5
 1.520000E+02 10 4690 1 1 3 5
 1.560000E+02 11 4690 3 0 3 5
 1.600000E+02 8 4690 0 0 3 5
 1.640000E+02 10 4690 1 1 3 5
 1.680000E+02 10 4690 1 1 3 5
 1.720000E+02 14 4690 4 1 3 6
 1.760000E+02 12 4688 2 1 3 6
 1.800000E+02 11 4688 0 1 3 7
 1.840000E+02 13 4688 2 0 4 7
 1.880000E+02 12 4688 0 1 4 7
 1.920000E+02 12 4687 1 0 4 7
 1.960000E+02 12 4687 1 0 4 7
 2.000000E+02 12 4687 1 0 4 7

#Simulation ended (eff.: 0.936772, detail below)
	#Events: 4504
	#Valid embedding but no longer unary when required: 0.000000
	#Valid embedding but not binary when required: 0.000000
	#Clashing instance: 0.000000
	#Lazy negative update: 1.000000
	#Lazy negative update of non local instances: 0.000000
	#Perturbation interrupting time advance: 0.000000
