# time 'Cases' 'Susceptible' 'Exposed' 'Infected' 'Removed' 'Deads'
 0.000000E+00 0 700 0 0 0 0
 4.000000E+00 1 700 1 0 0 0
 8.000000E+00 3 700 3 0 0 0
 1.200000E+01 2 700 2 0 0 0
 1.600000E+01 3 700 2 0 0 1
 2.000000E+01 2 700 1 0 0 1
 2.400000E+01 2 700 0 0 1 1
 2.800000E+01 4 700 2 0 1 1
 3.200000E+01 6 700 3 1 1 1
 3.600000E+01 9 700 5 1 1 2
 4.000000E+01 9 699 5 0 1 3
 4.400000E+01 10 696 6 0 1 3
 4.800000E+01 9 696 5 0 1 3
 5.200000E+01 12 692 6 1 1 4
 5.600000E+01 14 692 8 1 1 4
 6.000000E+01 13 691 6 2 1 4
 6.400000E+01 10 690 5 0 1 4
 6.800000E+01 13 690 7 0 2 4
 7.200000E+01 13 690 6 1 2 4
 7.600000E+01 13 689 6 1 2 4
 8.000000E+01 22 686 13 2 2 5
 8.400000E+01 25 683 10 7 3 5
 8.800000E+01 22 680 9 1 4 8
 9.200000E+01 23 679 11 0 4 8
 9.600000E+01 22 679 9 0 5 8
 1.000000E+02 22 679 8 1 5 8
 1.040000E+02 23 679 8 2 5 8
 1.080000E+02 25 679 11 0 6 8
 1.120000E+02 18 679 4 0 6 8
 1.160000E+02 22 678 5 2 6 9
 1.200000E+02 34 670 12 5 7 10
 1.240000E+02 32 666 7 4 9 12
 1.280000E+02 37 665 11 3 9 14
 1.320000E+02 34 664 6 3 10 15
 1.360000E+02 32 663 2 3 11 16
 1.400000E+02 34 660 4 1 11 18
 1.440000E+02 38 660 8 1 11 18
 1.480000E+02 35 660 3 2 11 19
 1.520000E+02 42 660 9 1 12 20
 1.560000E+02 43 660 9 2 12 20
 1.600000E+02 44 660 6 5 12 21
 1.640000E+02 39 659 2 4 12 21
 1.680000E+02 47 657 7 4 12 24
 1.720000E+02 47 656 2 2 12 31
 1.760000E+02 54 656 4 5 12 33
 1.800000E+02 53 656 4 1 14 34
 1.840000E+02 60 655 9 1 14 36
 1.880000E+02 59 655 4 2 14 39
 1.920000E+02 63 655 5 4 14 40
 1.960000E+02 61 655 1 3 15 42
 2.000000E+02 62 654 4 1 15 42

#Simulation ended (eff.: 0.711678, detail below)
	#Events: 2261
	#Valid embedding but no longer unary when required: 0.000000
	#Valid embedding but not binary when required: 0.000000
	#Clashing instance: 0.000000
	#Lazy negative update: 1.000000
	#Lazy negative update of non local instances: 0.000000
	#Perturbation interrupting time advance: 0.000000
