# time 'Cases' 'Susceptible' 'Exposed' 'Infected' 'Removed' 'Deads'
 0.000000E+00 0 4700 0 0 0 0
 4.000000E+00 2 4700 2 0 0 0
 8.000000E+00 2 4700 2 0 0 0
 1.200000E+01 2 4700 2 0 0 0
 1.600000E+01 1 4700 1 0 0 0
 2.000000E+01 0 4700 0 0 0 0
 2.400000E+01 1 4700 0 1 0 0
 2.800000E+01 0 4700 0 0 0 0
 3.200000E+01 4 4700 3 0 0 1
 3.600000E+01 4 4700 2 1 0 1
 4.000000E+01 5 4697 2 2 0 1
 4.400000E+01 6 4696 4 0 0 2
 4.800000E+01 7 4696 5 0 0 2
 5.200000E+01 3 4696 1 0 0 2
 5.600000E+01 2 4696 0 0 0 2
 6.000000E+01 3 4696 0 1 0 2
 6.400000E+01 6 4695 4 0 0 2
 6.800000E+01 4 4695 1 1 0 2
 7.200000E+01 10 4695 7 1 0 2
 7.600000E+01 12 4695 8 1 1 2
 8.000000E+01 7 4694 2 2 1 2
 8.400000E+01 10 4693 5 1 2 2
 8.800000E+01 9 4691 4 1 2 2
 9.200000E+01 16 4689 10 2 2 2
 9.600000E+01 9 4685 4 1 2 2
 1.000000E+02 13 4685 8 1 2 2
 1.040000E+02 11 4684 5 1 3 2
 1.080000E+02 12 4684 4 2 3 3
 1.120000E+02 20 4683 11 2 3 4
 1.160000E+02 21 4682 11 1 4 5
 1.200000E+02 21 4680 9 2 4 6
 1.240000E+02 17 4679 7 0 4 6
 1.280000E+02 21 4677 8 3 4 6
 1.320000E+02 24 4674 9 4 5 6
 1.360000E+02 27 4667 7 6 6 8
 1.400000E+02 27 4666 7 1 7 12
 1.440000E+02 30 4666 8 1 8 13
 1.480000E+02 32 4663 9 0 8 15
 1.520000E+02 30 4662 5 1 8 16
 1.560000E+02 28 4662 3 1 8 16
 1.600000E+02 32 4661 5 3 8 16
 1.640000E+02 35 4661 5 3 9 18
 1.680000E+02 43 4660 12 1 9 21
 1.720000E+02 40 4658 7 2 10 21
 1.760000E+02 36 4658 3 2 10 21
 1.800000E+02 39 4658 5 3 10 21
 1.840000E+02 41 4657 9 0 10 22
 1.880000E+02 39 4657 3 4 10 22
 1.920000E+02 43 4655 7 3 10 23
 1.960000E+02 45 4655 6 1 13 25
 2.000000E+02 46 4654 5 2 13 26

#Simulation ended (eff.: 0.906989, detail below)
	#Events: 5295
	#Valid embedding but no longer unary when required: 0.000000
	#Valid embedding but not binary when required: 0.000000
	#Clashing instance: 0.000000
	#Lazy negative update: 1.000000
	#Lazy negative update of non local instances: 0.000000
	#Perturbation interrupting time advance: 0.000000
