# time 'Cases' 'Susceptible' 'Exposed' 'Infected' 'Removed' 'Deads'
 0.000000E+00 0 15800 0 0 0 0
 4.000000E+00 3 15800 2 1 0 0
 8.000000E+00 3 15799 2 0 0 1
 1.200000E+01 5 15799 3 1 0 1
 1.600000E+01 4 15799 1 1 0 2
 2.000000E+01 5 15799 2 0 0 3
 2.400000E+01 8 15799 5 0 0 3
 2.800000E+01 10 15799 5 0 0 5
 3.200000E+01 11 15799 3 3 0 5
 3.600000E+01 15 15798 8 1 0 6
 4.000000E+01 14 15794 5 1 1 7
 4.400000E+01 11 15794 2 0 1 8
 4.800000E+01 16 15794 7 0 1 8
 5.200000E+01 16 15793 5 1 2 8
 5.600000E+01 17 15793 4 2 3 8
 6.000000E+01 18 15792 4 1 3 10
 6.400000E+01 19 15789 4 1 3 11
 6.800000E+01 21 15788 5 1 3 12
 7.200000E+01 22 15787 5 0 4 13
 7.600000E+01 25 15785 6 2 4 13
 8.000000E+01 24 15784 6 1 4 13
 8.400000E+01 24 15783 2 2 6 14
 8.800000E+01 30 15782 6 2 7 15
 9.200000E+01 30 15780 6 1 7 16
 9.600000E+01 31 15780 5 3 7 16
 1.000000E+02 37 15777 11 0 8 18
 1.040000E+02 37 15776 9 1 8 19
 1.080000E+02 38 15774 8 3 8 19
 1.120000E+02 42 15773 13 0 8 21
 1.160000E+02 43 15772 9 4 9 21
 1.200000E+02 42 15771 7 3 11 21
 1.240000E+02 39 15768 6 1 11 21
 1.280000E+02 45 15767 7 5 11 22
 1.320000E+02 42 15766 7 1 11 23
 1.360000E+02 46 15764 8 1 13 24
 1.400000E+02 49 15763 9 2 14 24
 1.440000E+02 55 15759 9 7 15 24
 1.480000E+02 58 15756 9 6 16 27
 1.520000E+02 55 15753 4 4 18 29
 1.560000E+02 62 15750 10 4 18 30
 1.600000E+02 62 15748 7 4 20 31
 1.640000E+02 61 15746 5 4 21 31
 1.680000E+02 67 15743 8 5 21 33
 1.720000E+02 67 15743 5 4 22 36
 1.760000E+02 69 15740 4 6 22 37
 1.800000E+02 78 15732 10 5 23 40
 1.840000E+02 76 15729 8 4 24 40
 1.880000E+02 77 15728 7 4 25 41
 1.920000E+02 75 15726 8 0 26 41
 1.960000E+02 81 15723 9 2 27 43
 2.000000E+02 83 15720 10 3 27 43

#Simulation ended (eff.: 0.961854, detail below)
	#Events: 15129
	#Valid embedding but no longer unary when required: 0.000000
	#Valid embedding but not binary when required: 0.000000
	#Clashing instance: 0.000000
	#Lazy negative update: 1.000000
	#Lazy negative update of non local instances: 0.000000
	#Perturbation interrupting time advance: 0.000000
