# time 'Cases' 'Susceptible' 'Exposed' 'Infected' 'Removed' 'Deads'
 0.000000E+00 0 4700 0 0 0 0
 4.000000E+00 1 4700 1 0 0 0
 8.000000E+00 1 4700 1 0 0 0
 1.200000E+01 3 4700 3 0 0 0
 1.600000E+01 3 4700 3 0 0 0
 2.000000E+01 4 4698 3 1 0 0
 2.400000E+01 3 4697 2 0 0 1
 2.800000E+01 2 4697 1 0 0 1
 3.200000E+01 5 4697 4 0 0 1
 3.600000E+01 5 4697 2 1 0 2
 4.000000E+01 7 4694 3 1 1 2
 4.400000E+01 11 4690 4 3 1 3
 4.800000E+01 7 4689 2 0 2 3
 5.200000E+01 11 4689 6 0 2 3
 5.600000E+01 17 4689 9 2 3 3
 6.000000E+01 14 4687 6 1 3 4
 6.400000E+01 20 4687 10 2 3 5
 6.800000E+01 19 4684 8 3 3 5
 7.200000E+01 20 4683 7 5 3 5
 7.600000E+01 30 4679 15 5 4 6
 8.000000E+01 23 4674 7 3 5 8
 8.400000E+01 25 4673 7 4 5 9
 8.800000E+01 30 4670 10 5 5 10
 9.200000E+01 34 4666 15 2 5 12
 9.600000E+01 26 4665 6 2 5 13
 1.000000E+02 24 4664 5 0 6 13
 1.040000E+02 32 4664 9 3 6 14
 1.080000E+02 34 4662 9 4 6 15
 1.120000E+02 44 4659 16 5 6 17
 1.160000E+02 42 4655 13 4 7 18
 1.200000E+02 46 4651 12 4 7 23
 1.240000E+02 46 4648 10 4 7 25
 1.280000E+02 49 4646 12 5 7 25
 1.320000E+02 51 4643 12 4 8 27
 1.360000E+02 49 4642 10 3 8 28
 1.400000E+02 48 4642 7 0 10 31
 1.440000E+02 56 4642 12 1 11 32
 1.480000E+02 61 4642 15 1 12 33
 1.520000E+02 51 4642 3 1 13 34
 1.560000E+02 59 4642 10 2 13 34
 1.600000E+02 58 4640 5 3 13 37
 1.640000E+02 62 4638 8 3 14 37
 1.680000E+02 77 4638 19 6 14 38
 1.720000E+02 65 4636 8 3 15 39
 1.760000E+02 70 4635 11 4 16 39
 1.800000E+02 71 4635 11 2 18 40
 1.840000E+02 66 4634 5 2 19 40
 1.880000E+02 66 4633 4 3 19 40
 1.920000E+02 72 4633 7 3 20 42
 1.960000E+02 69 4632 1 3 20 45
 2.000000E+02 78 4631 6 4 22 46

#Simulation ended (eff.: 0.896578, detail below)
	#Events: 5843
	#Valid embedding but no longer unary when required: 0.000000
	#Valid embedding but not binary when required: 0.000000
	#Clashing instance: 0.000000
	#Lazy negative update: 1.000000
	#Lazy negative update of non local instances: 0.000000
	#Perturbation interrupting time advance: 0.000000
