# time 'Cases' 'Susceptible' 'Exposed' 'Infected' 'Removed' 'Deads'
 0.000000E+00 0 1580 0 0 0 0
 4.000000E+00 2 1580 2 0 0 0
 8.000000E+00 6 1580 5 0 0 1
 1.200000E+01 6 1580 4 1 0 1
 1.600000E+01 4 1580 1 1 0 2
 2.000000E+01 8 1579 4 2 0 2
 2.400000E+01 13 1577 9 0 0 4
 2.800000E+01 12 1577 8 0 0 4
 3.200000E+01 19 1575 12 2 0 5
 3.600000E+01 15 1574 8 0 0 7
 4.000000E+01 17 1572 6 3 1 7
 4.400000E+01 26 1567 12 4 3 7
 4.800000E+01 34 1566 14 7 4 9
 5.200000E+01 35 1560 11 7 7 10
 5.600000E+01 38 1557 13 3 8 14
 6.000000E+01 45 1552 16 4 9 16
 6.400000E+01 43 1546 10 3 12 18
 6.800000E+01 46 1545 12 3 13 18
 7.200000E+01 56 1543 19 4 14 19
 7.600000E+01 54 1538 14 5 15 20
 8.000000E+01 62 1532 15 8 15 24
 8.400000E+01 76 1525 27 4 17 28
 8.800000E+01 69 1522 18 5 17 29
 9.200000E+01 80 1513 21 9 18 32
 9.600000E+01 104 1499 38 7 20 39
 1.000000E+02 102 1489 29 7 22 44
 1.040000E+02 114 1486 34 10 24 46
 1.080000E+02 123 1475 35 10 29 49
 1.120000E+02 122 1470 26 8 31 57
 1.160000E+02 137 1465 26 17 31 63
 1.200000E+02 146 1453 32 9 33 72
 1.240000E+02 149 1447 25 17 33 74
 1.280000E+02 149 1441 21 12 38 78
 1.320000E+02 155 1435 18 14 42 81
 1.360000E+02 172 1426 25 16 47 84
 1.400000E+02 188 1408 33 12 50 93
 1.440000E+02 186 1402 29 10 51 96
 1.480000E+02 187 1395 25 10 53 99
 1.520000E+02 193 1389 22 18 53 100
 1.560000E+02 194 1382 18 12 57 107
 1.600000E+02 196 1377 18 9 58 111
 1.640000E+02 204 1371 24 10 59 111
 1.680000E+02 207 1370 19 12 61 115
 1.720000E+02 205 1366 14 7 63 121
 1.760000E+02 208 1362 15 5 64 124
 1.800000E+02 207 1358 10 5 65 127
 1.840000E+02 216 1356 13 6 67 130
 1.880000E+02 219 1354 13 5 69 132
 1.920000E+02 223 1350 14 6 69 134
 1.960000E+02 223 1345 11 4 69 139
 2.000000E+02 228 1344 13 4 70 141

#Simulation ended (eff.: 0.851351, detail below)
	#Events: 5544
	#Valid embedding but no longer unary when required: 0.000000
	#Valid embedding but not binary when required: 0.000000
	#Clashing instance: 0.000000
	#Lazy negative update: 1.000000
	#Lazy negative update of non local instances: 0.000000
	#Perturbation interrupting time advance: 0.000000
