# time 'Cases' 'Susceptible' 'Exposed' 'Infected' 'Removed' 'Deads'
 0.000000E+00 0 4700 0 0 0 0
 4.000000E+00 1 4700 1 0 0 0
 8.000000E+00 1 4700 1 0 0 0
 1.200000E+01 5 4699 4 1 0 0
 1.600000E+01 3 4699 2 0 1 0
 2.000000E+01 5 4699 4 0 1 0
 2.400000E+01 4 4699 3 0 1 0
 2.800000E+01 2 4699 1 0 1 0
 3.200000E+01 8 4699 7 0 1 0
 3.600000E+01 2 4698 0 0 1 1
 4.000000E+01 4 4698 2 0 1 1
 4.400000E+01 5 4698 3 0 1 1
 4.800000E+01 7 4697 3 1 2 1
 5.200000E+01 12 4696 6 3 2 1
 5.600000E+01 9 4693 1 3 3 2
 6.000000E+01 15 4690 8 1 4 2
 6.400000E+01 11 4689 3 1 5 2
 6.800000E+01 20 4689 10 3 5 2
 7.200000E+01 15 4688 3 5 5 2
 7.600000E+01 16 4688 7 2 5 2
 8.000000E+01 16 4688 5 2 5 4
 8.400000E+01 22 4685 10 2 5 5
 8.800000E+01 21 4683 7 2 6 6
 9.200000E+01 24 4681 9 1 7 7
 9.600000E+01 22 4681 4 3 7 8
 1.000000E+02 30 4678 11 3 8 8
 1.040000E+02 40 4675 17 4 9 10
 1.080000E+02 32 4672 7 3 9 13
 1.120000E+02 38 4671 9 5 10 14
 1.160000E+02 41 4669 9 4 10 18
 1.200000E+02 46 4668 13 3 10 20
 1.240000E+02 46 4666 12 3 11 20
 1.280000E+02 53 4666 15 6 11 21
 1.320000E+02 44 4664 6 3 12 23
 1.360000E+02 49 4662 11 1 14 23
 1.400000E+02 48 4662 9 1 14 24
 1.440000E+02 52 4662 11 0 15 26
 1.480000E+02 54 4662 11 0 16 27
 1.520000E+02 55 4660 8 2 17 28
 1.560000E+02 58 4660 11 2 17 28
 1.600000E+02 58 4660 7 6 17 28
 1.640000E+02 63 4659 11 4 17 31
 1.680000E+02 57 4658 3 5 17 32
 1.720000E+02 63 4653 8 4 18 33
 1.760000E+02 60 4652 3 4 18 35
 1.800000E+02 66 4650 8 1 20 37
 1.840000E+02 61 4649 2 1 20 38
 1.880000E+02 65 4649 3 2 21 39
 1.920000E+02 69 4649 6 2 21 40
 1.960000E+02 68 4648 4 2 21 41
 2.000000E+02 68 4647 3 3 21 41

#Simulation ended (eff.: 0.896426, detail below)
	#Events: 5643
	#Valid embedding but no longer unary when required: 0.000000
	#Valid embedding but not binary when required: 0.000000
	#Clashing instance: 0.000000
	#Lazy negative update: 1.000000
	#Lazy negative update of non local instances: 0.000000
	#Perturbation interrupting time advance: 0.000000
