# time 'Cases' 'Susceptible' 'Exposed' 'Infected' 'Removed' 'Deads'
 0.000000E+00 0 470 0 0 0 0
 4.000000E+00 0 470 0 0 0 0
 8.000000E+00 0 470 0 0 0 0
 1.200000E+01 2 470 2 0 0 0
 1.600000E+01 2 469 1 0 0 1
 2.000000E+01 2 468 1 0 0 1
 2.400000E+01 4 468 2 0 0 2
 2.800000E+01 3 467 1 0 0 2
 3.200000E+01 6 467 4 0 0 2
 3.600000E+01 4 467 1 1 0 2
 4.000000E+01 6 467 4 0 0 2
 4.400000E+01 5 467 2 1 0 2
 4.800000E+01 8 467 4 2 0 2
 5.200000E+01 9 466 4 1 0 4
 5.600000E+01 16 463 10 1 1 4
 6.000000E+01 13 463 5 2 1 5
 6.400000E+01 11 463 5 0 1 5
 6.800000E+01 12 463 5 0 2 5
 7.200000E+01 20 463 12 1 2 5
 7.600000E+01 16 463 7 1 3 5
 8.000000E+01 17 463 5 2 4 6
 8.400000E+01 17 462 5 2 4 6
 8.800000E+01 20 462 6 2 4 8
 9.200000E+01 26 462 11 2 4 9
 9.600000E+01 26 461 10 2 4 10
 1.000000E+02 21 460 4 1 4 12
 1.040000E+02 24 459 4 3 5 12
 1.080000E+02 28 457 6 3 6 13
 1.120000E+02 30 457 8 1 8 13
 1.160000E+02 31 457 8 2 8 13
 1.200000E+02 29 456 3 4 9 13
 1.240000E+02 30 454 2 5 10 13
 1.280000E+02 33 454 8 0 10 15
 1.320000E+02 31 453 4 2 10 15
 1.360000E+02 35 453 5 3 10 17
 1.400000E+02 37 451 7 2 10 18
 1.440000E+02 34 449 4 2 10 18
 1.480000E+02 39 445 6 3 12 18
 1.520000E+02 36 443 3 0 14 19
 1.560000E+02 39 443 6 0 14 19
 1.600000E+02 37 443 3 0 14 20
 1.640000E+02 37 443 3 0 14 20
 1.680000E+02 41 443 5 2 14 20
 1.720000E+02 38 442 3 1 14 20
 1.760000E+02 38 442 2 0 15 21
 1.800000E+02 38 442 2 0 15 21
 1.840000E+02 38 442 2 0 15 21
 1.880000E+02 38 442 2 0 15 21
 1.920000E+02 41 442 5 0 15 21
 1.960000E+02 38 442 2 0 15 21
 2.000000E+02 37 442 0 0 16 21

#Simulation ended (eff.: 0.736647, detail below)
	#Events: 1393
	#Valid embedding but no longer unary when required: 0.000000
	#Valid embedding but not binary when required: 0.000000
	#Clashing instance: 0.000000
	#Lazy negative update: 1.000000
	#Lazy negative update of non local instances: 0.000000
	#Perturbation interrupting time advance: 0.000000
