# time 'Cases' 'Susceptible' 'Exposed' 'Infected' 'Removed' 'Deads'
 0.000000E+00 10 10000 0 10 0 0
 4.000000E+00 13 9997 3 4 1 5
 8.000000E+00 14 9992 4 3 1 6
 1.200000E+01 16 9989 5 4 1 6
 1.600000E+01 15 9983 4 2 1 8
 2.000000E+01 23 9981 10 4 1 8
 2.400000E+01 23 9977 10 0 1 12
 2.800000E+01 33 9974 16 3 1 13
 3.200000E+01 30 9968 8 7 1 14
 3.600000E+01 41 9960 16 10 1 14
 4.000000E+01 46 9953 16 6 3 21
 4.400000E+01 48 9943 13 4 5 26
 4.800000E+01 57 9938 19 5 5 28
 5.200000E+01 65 9936 21 6 6 32
 5.600000E+01 70 9923 24 6 6 34
 6.000000E+01 76 9914 28 4 6 38
 6.400000E+01 95 9904 33 10 7 45
 6.800000E+01 106 9895 38 9 8 51
 7.200000E+01 115 9886 33 17 10 55
 7.600000E+01 123 9877 35 19 11 58
 8.000000E+01 132 9862 38 14 14 66
 8.400000E+01 140 9848 32 20 17 71
 8.800000E+01 144 9835 33 11 19 81
 9.200000E+01 147 9829 29 10 23 85
 9.600000E+01 164 9820 37 11 26 90
 1.000000E+02 183 9810 45 9 30 99
 1.040000E+02 184 9800 37 15 30 102
 1.080000E+02 196 9795 37 19 31 109
 1.120000E+02 208 9772 41 12 34 121
 1.160000E+02 227 9759 46 12 37 132
 1.200000E+02 228 9751 32 14 43 139
 1.240000E+02 241 9739 40 13 46 142
 1.280000E+02 245 9736 31 15 49 150
 1.320000E+02 246 9730 26 16 50 154
 1.360000E+02 257 9725 27 13 54 163
 1.400000E+02 266 9715 30 12 58 166
 1.440000E+02 269 9709 25 11 60 173
 1.480000E+02 283 9700 28 9 62 184
 1.520000E+02 286 9689 24 9 64 189
 1.560000E+02 291 9686 22 10 65 194
 1.600000E+02 294 9683 17 10 68 199
 1.640000E+02 298 9674 18 11 70 199
 1.680000E+02 304 9671 16 11 73 204
 1.720000E+02 313 9665 18 10 74 211
 1.760000E+02 314 9662 16 5 79 214
 1.800000E+02 316 9659 12 10 80 214
 1.840000E+02 317 9658 8 11 81 217
 1.880000E+02 332 9654 13 13 85 221
 1.920000E+02 333 9644 12 10 86 225
 1.960000E+02 340 9638 19 5 87 229
 2.000000E+02 348 9634 17 6 90 235

#Simulation ended (eff.: 0.939513, detail below)
	#Events: 13653
	#Valid embedding but no longer unary when required: 0.000000
	#Valid embedding but not binary when required: 0.000000
	#Clashing instance: 0.000000
	#Lazy negative update: 1.000000
	#Lazy negative update of non local instances: 0.000000
	#Perturbation interrupting time advance: 0.000000
