# time 'Cases' 'Susceptible' 'Exposed' 'Infected' 'Removed' 'Deads'
 0.000000E+00 10 100000 0 10 0 0
 4.000000E+00 16 99990 6 4 1 5
 8.000000E+00 16 99988 6 0 2 8
 1.200000E+01 13 99985 3 0 2 8
 1.600000E+01 17 99984 6 1 2 8
 2.000000E+01 21 99981 8 3 2 8
 2.400000E+01 24 99975 7 5 2 10
 2.800000E+01 28 99972 12 2 4 10
 3.200000E+01 29 99971 8 4 5 12
 3.600000E+01 34 99965 13 2 5 14
 4.000000E+01 31 99962 9 2 5 15
 4.400000E+01 34 99960 10 3 6 15
 4.800000E+01 48 99956 19 6 6 17
 5.200000E+01 56 99951 21 10 7 18
 5.600000E+01 60 99948 24 7 9 20
 6.000000E+01 66 99947 26 6 9 25
 6.400000E+01 66 99941 17 8 10 31
 6.800000E+01 77 99929 19 12 11 35
 7.200000E+01 85 99924 21 12 12 40
 7.600000E+01 91 99916 23 11 13 44
 8.000000E+01 98 99907 27 8 15 48
 8.400000E+01 113 99896 30 13 17 53
 8.800000E+01 116 99888 24 19 17 56
 9.200000E+01 136 99870 38 14 20 64
 9.600000E+01 154 99853 42 15 23 74
 1.000000E+02 155 99840 35 15 26 79
 1.040000E+02 163 99829 35 15 27 86
 1.080000E+02 172 99823 30 18 31 93
 1.120000E+02 195 99812 40 19 34 102
 1.160000E+02 192 99798 29 15 37 111
 1.200000E+02 204 99791 33 13 41 117
 1.240000E+02 216 99781 33 17 42 124
 1.280000E+02 230 99772 43 7 44 136
 1.320000E+02 240 99767 40 15 47 138
 1.360000E+02 248 99757 42 12 50 144
 1.400000E+02 256 99749 41 16 52 147
 1.440000E+02 260 99737 31 18 55 156
 1.480000E+02 277 99730 34 22 58 163
 1.520000E+02 284 99718 32 16 61 175
 1.560000E+02 292 99706 32 12 63 185
 1.600000E+02 304 99703 35 12 67 190
 1.640000E+02 310 99695 34 13 69 194
 1.680000E+02 314 99691 30 12 70 202
 1.720000E+02 327 99681 32 15 73 207
 1.760000E+02 332 99676 29 15 76 212
 1.800000E+02 351 99671 36 13 81 221
 1.840000E+02 345 99668 19 14 86 226
 1.880000E+02 359 99659 22 14 90 233
 1.920000E+02 367 99650 26 7 92 242
 1.960000E+02 372 99645 24 8 95 245
 2.000000E+02 380 99641 18 12 99 251

#Simulation ended (eff.: 0.987901, detail below)
	#Events: 91857
	#Valid embedding but no longer unary when required: 0.000000
	#Valid embedding but not binary when required: 0.000000
	#Clashing instance: 0.000000
	#Lazy negative update: 1.000000
	#Lazy negative update of non local instances: 0.000000
	#Perturbation interrupting time advance: 0.000000
