# time 'Cases' 'Susceptible' 'Exposed' 'Infected' 'Removed' 'Deads'
 0.000000E+00 10 100000 0 10 0 0
 4.000000E+00 14 99989 4 3 4 3
 8.000000E+00 16 99984 5 3 5 3
 1.200000E+01 21 99982 9 4 5 3
 1.600000E+01 23 99979 11 3 5 4
 2.000000E+01 23 99977 8 5 5 5
 2.400000E+01 27 99974 9 4 6 8
 2.800000E+01 32 99969 10 7 7 8
 3.200000E+01 40 99965 17 3 7 13
 3.600000E+01 38 99959 12 5 7 14
 4.000000E+01 51 99952 17 7 9 18
 4.400000E+01 58 99940 22 6 9 21
 4.800000E+01 67 99932 27 8 10 22
 5.200000E+01 75 99920 28 10 11 26
 5.600000E+01 73 99911 25 5 13 30
 6.000000E+01 89 99907 32 8 17 32
 6.400000E+01 91 99898 24 10 19 38
 6.800000E+01 104 99890 28 10 22 44
 7.200000E+01 116 99883 29 14 23 50
 7.600000E+01 130 99870 32 13 30 55
 8.000000E+01 142 99854 29 18 32 63
 8.400000E+01 158 99840 34 16 35 73
 8.800000E+01 169 99831 35 12 35 87
 9.200000E+01 181 99809 39 14 37 91
 9.600000E+01 192 99796 40 16 40 96
 1.000000E+02 203 99786 46 12 43 102
 1.040000E+02 210 99779 41 16 48 105
 1.080000E+02 244 99768 55 21 53 115
 1.120000E+02 248 99757 36 24 59 129
 1.160000E+02 262 99737 36 21 64 141
 1.200000E+02 281 99722 44 18 69 150
 1.240000E+02 280 99714 37 15 71 157
 1.280000E+02 285 99706 34 13 76 162
 1.320000E+02 301 99697 41 18 77 165
 1.360000E+02 316 99683 40 23 80 173
 1.400000E+02 326 99672 36 20 83 187
 1.440000E+02 342 99659 43 19 87 193
 1.480000E+02 346 99642 36 15 91 204
 1.520000E+02 357 99631 31 21 96 209
 1.560000E+02 360 99625 25 14 99 222
 1.600000E+02 388 99609 39 19 102 228
 1.640000E+02 386 99603 34 17 104 231
 1.680000E+02 392 99594 33 13 107 239
 1.720000E+02 404 99583 34 13 110 247
 1.760000E+02 421 99578 39 16 114 252
 1.800000E+02 426 99565 34 21 118 253
 1.840000E+02 434 99553 32 16 119 267
 1.880000E+02 440 99547 31 12 121 276
 1.920000E+02 453 99539 32 11 123 287
 1.960000E+02 456 99535 25 16 126 289
 2.000000E+02 468 99528 30 12 130 296

#Simulation ended (eff.: 0.987256, detail below)
	#Events: 93039
	#Valid embedding but no longer unary when required: 0.000000
	#Valid embedding but not binary when required: 0.000000
	#Clashing instance: 0.000000
	#Lazy negative update: 1.000000
	#Lazy negative update of non local instances: 0.000000
	#Perturbation interrupting time advance: 0.000000
