# time 'Cases' 'Susceptible' 'Exposed' 'Infected' 'Removed' 'Deads'
 0.000000E+00 0 4700 0 0 0 0
 4.000000E+00 2 4699 1 0 1 0
 8.000000E+00 2 4699 1 0 1 0
 1.200000E+01 1 4699 0 0 1 0
 1.600000E+01 4 4699 3 0 1 0
 2.000000E+01 8 4699 6 1 1 0
 2.400000E+01 5 4699 3 0 1 1
 2.800000E+01 4 4699 1 1 1 1
 3.200000E+01 6 4695 3 0 1 2
 3.600000E+01 7 4695 4 0 1 2
 4.000000E+01 7 4694 4 0 1 2
 4.400000E+01 7 4694 4 0 1 2
 4.800000E+01 7 4694 4 0 1 2
 5.200000E+01 7 4693 1 3 1 2
 5.600000E+01 8 4690 3 1 1 3
 6.000000E+01 9 4690 3 1 1 4
 6.400000E+01 10 4689 3 2 1 4
 6.800000E+01 15 4688 9 0 1 5
 7.200000E+01 8 4688 2 0 1 5
 7.600000E+01 14 4687 5 1 1 7
 8.000000E+01 14 4687 5 0 1 8
 8.400000E+01 17 4687 7 1 1 8
 8.800000E+01 20 4685 8 2 1 9
 9.200000E+01 23 4684 9 1 2 11
 9.600000E+01 22 4682 7 1 2 12
 1.000000E+02 25 4679 6 4 3 12
 1.040000E+02 25 4678 8 1 4 12
 1.080000E+02 25 4676 7 1 4 13
 1.120000E+02 22 4676 4 1 4 13
 1.160000E+02 22 4675 4 0 4 14
 1.200000E+02 27 4674 7 2 4 14
 1.240000E+02 26 4674 7 1 4 14
 1.280000E+02 26 4674 7 1 4 14
 1.320000E+02 33 4673 9 5 5 14
 1.360000E+02 36 4670 10 5 6 15
 1.400000E+02 37 4668 9 3 8 17
 1.440000E+02 43 4665 13 4 8 18
 1.480000E+02 41 4663 10 2 8 21
 1.520000E+02 40 4660 4 3 9 24
 1.560000E+02 45 4660 7 4 10 24
 1.600000E+02 42 4657 4 2 10 26
 1.640000E+02 47 4657 8 2 11 26
 1.680000E+02 45 4657 7 0 12 26
 1.720000E+02 43 4657 5 0 12 26
 1.760000E+02 47 4657 7 0 13 27
 1.800000E+02 46 4655 4 1 13 28
 1.840000E+02 44 4655 1 1 13 29
 1.880000E+02 51 4655 6 2 13 30
 1.920000E+02 52 4654 5 4 13 30
 1.960000E+02 48 4652 3 0 14 31
 2.000000E+02 49 4652 4 0 14 31

#Simulation ended (eff.: 0.901325, detail below)
	#Events: 5307
	#Valid embedding but no longer unary when required: 0.000000
	#Valid embedding but not binary when required: 0.000000
	#Clashing instance: 0.000000
	#Lazy negative update: 1.000000
	#Lazy negative update of non local instances: 0.000000
	#Perturbation interrupting time advance: 0.000000
