# time 'Cases' 'Susceptible' 'Exposed' 'Infected' 'Removed' 'Deads'
 0.000000E+00 10 10000 0 10 0 0
 4.000000E+00 11 9994 3 3 1 4
 8.000000E+00 14 9992 6 1 1 6
 1.200000E+01 16 9989 8 0 1 7
 1.600000E+01 13 9988 4 1 1 7
 2.000000E+01 16 9988 6 2 1 7
 2.400000E+01 20 9985 7 4 2 7
 2.800000E+01 21 9982 6 6 2 7
 3.200000E+01 25 9976 9 5 3 8
 3.600000E+01 32 9973 15 2 4 11
 4.000000E+01 32 9971 14 2 4 12
 4.400000E+01 36 9967 12 7 5 12
 4.800000E+01 47 9962 17 6 8 16
 5.200000E+01 52 9952 17 7 8 20
 5.600000E+01 65 9938 25 8 10 22
 6.000000E+01 67 9929 25 5 10 27
 6.400000E+01 88 9918 33 10 11 34
 6.800000E+01 91 9910 29 9 14 39
 7.200000E+01 98 9902 28 11 17 42
 7.600000E+01 113 9888 31 16 19 47
 8.000000E+01 124 9874 36 9 25 54
 8.400000E+01 132 9866 33 15 28 56
 8.800000E+01 158 9845 50 12 31 65
 9.200000E+01 152 9836 33 15 34 70
 9.600000E+01 173 9822 38 22 36 77
 1.000000E+02 183 9810 41 21 39 82
 1.040000E+02 199 9801 45 22 41 91
 1.080000E+02 214 9783 44 17 49 104
 1.120000E+02 236 9771 53 19 51 113
 1.160000E+02 252 9753 48 23 53 128
 1.200000E+02 261 9735 44 24 57 136
 1.240000E+02 278 9719 54 15 62 147
 1.280000E+02 285 9710 40 22 68 155
 1.320000E+02 303 9694 38 21 74 170
 1.360000E+02 313 9683 40 20 78 175
 1.400000E+02 335 9670 41 28 81 185
 1.440000E+02 339 9659 40 18 85 196
 1.480000E+02 360 9651 36 28 87 209
 1.520000E+02 365 9639 29 20 93 223
 1.560000E+02 380 9624 36 16 98 230
 1.600000E+02 386 9615 31 12 102 241
 1.640000E+02 398 9605 36 12 104 246
 1.680000E+02 405 9596 34 17 106 248
 1.720000E+02 419 9585 30 23 111 255
 1.760000E+02 432 9577 35 18 114 265
 1.800000E+02 437 9570 30 16 117 274
 1.840000E+02 438 9565 25 10 120 283
 1.880000E+02 458 9558 29 17 121 291
 1.920000E+02 459 9554 22 17 124 296
 1.960000E+02 467 9548 24 16 126 301
 2.000000E+02 470 9542 26 4 128 312

#Simulation ended (eff.: 0.939195, detail below)
	#Events: 14998
	#Valid embedding but no longer unary when required: 0.000000
	#Valid embedding but not binary when required: 0.000000
	#Clashing instance: 0.000000
	#Lazy negative update: 1.000000
	#Lazy negative update of non local instances: 0.000000
	#Perturbation interrupting time advance: 0.000000
