# time 'Cases' 'Susceptible' 'Exposed' 'Infected' 'Removed' 'Deads'
 0.000000E+00 10 100000 0 10 0 0
 4.000000E+00 11 99993 3 3 1 4
 8.000000E+00 17 99992 8 1 2 6
 1.200000E+01 14 99990 5 1 2 6
 1.600000E+01 17 99989 7 2 2 6
 2.000000E+01 14 99987 2 2 2 8
 2.400000E+01 19 99986 4 1 2 12
 2.800000E+01 17 99985 1 2 2 12
 3.200000E+01 20 99984 3 1 3 13
 3.600000E+01 22 99983 4 1 4 13
 4.000000E+01 24 99981 4 3 4 13
 4.400000E+01 25 99979 3 3 4 15
 4.800000E+01 27 99978 6 0 4 17
 5.200000E+01 26 99977 3 1 4 18
 5.600000E+01 29 99974 6 1 4 18
 6.000000E+01 33 99974 7 1 5 20
 6.400000E+01 39 99969 10 3 6 20
 6.800000E+01 42 99966 12 2 7 21
 7.200000E+01 41 99964 8 4 7 22
 7.600000E+01 48 99962 12 4 8 24
 8.000000E+01 44 99960 6 5 8 25
 8.400000E+01 49 99956 8 4 11 26
 8.800000E+01 48 99953 6 5 11 26
 9.200000E+01 55 99950 12 4 12 27
 9.600000E+01 55 99948 7 5 14 29
 1.000000E+02 64 99945 12 5 15 32
 1.040000E+02 68 99938 9 9 15 35
 1.080000E+02 71 99933 14 6 16 35
 1.120000E+02 74 99932 14 4 18 38
 1.160000E+02 73 99929 8 7 18 40
 1.200000E+02 82 99922 11 8 21 42
 1.240000E+02 86 99915 13 5 23 45
 1.280000E+02 90 99913 14 5 24 47
 1.320000E+02 94 99909 11 9 25 49
 1.360000E+02 93 99909 7 5 29 52
 1.400000E+02 99 99904 10 4 30 55
 1.440000E+02 100 99903 5 7 30 58
 1.480000E+02 102 99900 7 4 31 60
 1.520000E+02 100 99898 6 2 32 60
 1.560000E+02 100 99898 3 4 32 61
 1.600000E+02 105 99896 8 1 32 64
 1.640000E+02 114 99893 11 2 37 64
 1.680000E+02 118 99893 11 3 39 65
 1.720000E+02 114 99891 6 2 40 66
 1.760000E+02 117 99888 6 4 40 67
 1.800000E+02 117 99887 4 2 41 70
 1.840000E+02 119 99886 5 2 42 70
 1.880000E+02 117 99886 1 2 42 72
 1.920000E+02 124 99883 5 4 43 72
 1.960000E+02 122 99883 3 3 43 73
 2.000000E+02 125 99882 5 3 44 73

#Simulation ended (eff.: 0.992329, detail below)
	#Events: 88222
	#Valid embedding but no longer unary when required: 0.000000
	#Valid embedding but not binary when required: 0.000000
	#Clashing instance: 0.000000
	#Lazy negative update: 1.000000
	#Lazy negative update of non local instances: 0.000000
	#Perturbation interrupting time advance: 0.000000
