# time 'Cases' 'Susceptible' 'Exposed' 'Infected' 'Removed' 'Deads'
 0.000000E+00 10 100000 0 10 0 0
 4.000000E+00 8 99994 2 1 1 4
 8.000000E+00 12 99991 6 1 1 4
 1.200000E+01 12 99990 6 0 1 5
 1.600000E+01 14 99989 6 1 1 6
 2.000000E+01 20 99986 11 1 1 7
 2.400000E+01 24 99984 12 2 1 9
 2.800000E+01 29 99981 12 2 3 12
 3.200000E+01 40 99973 15 8 4 13
 3.600000E+01 49 99968 22 6 5 16
 4.000000E+01 53 99961 20 7 6 20
 4.400000E+01 55 99957 21 5 6 23
 4.800000E+01 62 99953 20 8 9 25
 5.200000E+01 62 99941 18 8 9 27
 5.600000E+01 76 99929 27 12 10 27
 6.000000E+01 83 99920 26 13 12 32
 6.400000E+01 99 99910 32 15 12 40
 6.800000E+01 118 99891 40 16 15 47
 7.200000E+01 128 99876 49 10 19 50
 7.600000E+01 135 99864 46 14 21 54
 8.000000E+01 159 99847 53 19 25 62
 8.400000E+01 166 99833 48 21 30 67
 8.800000E+01 185 99820 49 27 33 76
 9.200000E+01 188 99809 34 24 38 92
 9.600000E+01 213 99790 44 27 41 101
 1.000000E+02 234 99778 52 24 47 111
 1.040000E+02 245 99760 50 22 53 120
 1.080000E+02 268 99742 56 28 55 129
 1.120000E+02 280 99727 50 24 61 145
 1.160000E+02 290 99712 49 23 66 152
 1.200000E+02 315 99697 55 25 71 164
 1.240000E+02 330 99681 52 23 79 176
 1.280000E+02 353 99660 63 16 88 186
 1.320000E+02 365 99638 56 20 92 197
 1.360000E+02 384 99628 59 17 100 208
 1.400000E+02 387 99614 46 18 108 215
 1.440000E+02 406 99600 43 22 109 232
 1.480000E+02 429 99586 49 25 111 244
 1.520000E+02 431 99577 37 24 118 252
 1.560000E+02 438 99562 31 26 123 258
 1.600000E+02 448 99547 31 27 126 264
 1.640000E+02 456 99536 29 25 129 273
 1.680000E+02 466 99526 38 13 133 282
 1.720000E+02 479 99517 39 13 136 291
 1.760000E+02 487 99509 30 20 138 299
 1.800000E+02 493 99504 22 18 144 309
 1.840000E+02 497 99497 17 15 147 318
 1.880000E+02 497 99490 15 9 150 323
 1.920000E+02 511 99486 19 10 153 329
 1.960000E+02 513 99483 17 12 155 329
 2.000000E+02 517 99477 15 10 156 336

#Simulation ended (eff.: 0.986152, detail below)
	#Events: 93713
	#Valid embedding but no longer unary when required: 0.000000
	#Valid embedding but not binary when required: 0.000000
	#Clashing instance: 0.000000
	#Lazy negative update: 1.000000
	#Lazy negative update of non local instances: 0.000000
	#Perturbation interrupting time advance: 0.000000
