# time 'Cases' 'Susceptible' 'Exposed' 'Infected' 'Removed' 'Deads'
 0.000000E+00 10 10000 0 10 0 0
 4.000000E+00 15 9989 6 5 0 4
 8.000000E+00 18 9980 10 1 1 6
 1.200000E+01 21 9974 12 2 1 6
 1.600000E+01 25 9969 10 4 3 8
 2.000000E+01 38 9964 19 3 4 12
 2.400000E+01 41 9962 21 2 4 14
 2.800000E+01 44 9958 20 5 4 15
 3.200000E+01 50 9949 22 4 5 19
 3.600000E+01 65 9942 26 9 8 22
 4.000000E+01 65 9934 25 7 10 23
 4.400000E+01 72 9923 25 10 12 25
 4.800000E+01 85 9916 31 11 13 30
 5.200000E+01 102 9903 41 10 14 37
 5.600000E+01 109 9899 36 15 17 41
 6.000000E+01 125 9883 36 15 24 50
 6.400000E+01 143 9867 39 16 27 61
 6.800000E+01 162 9850 46 13 31 72
 7.200000E+01 183 9834 54 16 32 81
 7.600000E+01 196 9818 53 25 34 84
 8.000000E+01 203 9804 50 20 36 97
 8.400000E+01 220 9790 47 21 41 111
 8.800000E+01 230 9770 42 25 46 117
 9.200000E+01 259 9753 55 26 51 127
 9.600000E+01 266 9738 52 23 55 136
 1.000000E+02 287 9721 56 24 58 149
 1.040000E+02 312 9702 61 29 61 161
 1.080000E+02 335 9679 67 31 65 172
 1.120000E+02 342 9656 61 29 69 183
 1.160000E+02 360 9640 64 25 71 200
 1.200000E+02 394 9609 72 32 78 212
 1.240000E+02 416 9584 76 32 85 223
 1.280000E+02 427 9569 67 35 90 235
 1.320000E+02 465 9546 81 35 97 252
 1.360000E+02 464 9533 59 33 101 271
 1.400000E+02 488 9517 67 27 110 284
 1.440000E+02 505 9501 65 26 115 299
 1.480000E+02 524 9480 61 29 121 313
 1.520000E+02 541 9466 57 31 130 323
 1.560000E+02 556 9452 59 26 138 333
 1.600000E+02 582 9439 63 27 142 350
 1.640000E+02 596 9425 54 28 147 367
 1.680000E+02 611 9416 54 28 154 375
 1.720000E+02 619 9401 47 29 157 386
 1.760000E+02 634 9379 49 23 162 400
 1.800000E+02 649 9368 42 25 167 415
 1.840000E+02 657 9360 35 25 174 423
 1.880000E+02 666 9354 32 15 184 435
 1.920000E+02 677 9345 29 16 189 443
 1.960000E+02 687 9338 25 19 194 449
 2.000000E+02 700 9328 30 13 201 456

#Simulation ended (eff.: 0.932764, detail below)
	#Events: 18340
	#Valid embedding but no longer unary when required: 0.000000
	#Valid embedding but not binary when required: 0.000000
	#Clashing instance: 0.000000
	#Lazy negative update: 1.000000
	#Lazy negative update of non local instances: 0.000000
	#Perturbation interrupting time advance: 0.000000
