# time 'Cases' 'Susceptible' 'Exposed' 'Infected' 'Removed' 'Deads'
 0.000000E+00 10 100000 0 10 0 0
 4.000000E+00 11 99995 3 4 1 3
 8.000000E+00 16 99992 7 4 1 4
 1.200000E+01 19 99985 9 2 2 6
 1.600000E+01 18 99984 8 2 2 6
 2.000000E+01 21 99984 9 2 3 7
 2.400000E+01 23 99981 7 4 3 9
 2.800000E+01 28 99974 6 8 4 10
 3.200000E+01 32 99968 10 5 5 12
 3.600000E+01 37 99965 15 3 6 13
 4.000000E+01 44 99963 17 6 6 15
 4.400000E+01 48 99959 18 6 8 16
 4.800000E+01 46 99956 14 5 8 19
 5.200000E+01 52 99945 17 5 9 21
 5.600000E+01 60 99940 21 7 9 23
 6.000000E+01 71 99936 23 9 12 27
 6.400000E+01 73 99929 19 10 13 31
 6.800000E+01 79 99923 20 10 13 36
 7.200000E+01 87 99914 21 11 15 40
 7.600000E+01 97 99910 24 13 17 43
 8.000000E+01 108 99906 25 19 19 45
 8.400000E+01 121 99895 29 15 24 53
 8.800000E+01 121 99887 25 14 25 57
 9.200000E+01 143 99871 35 13 29 66
 9.600000E+01 162 99851 40 16 34 72
 1.000000E+02 167 99839 39 12 37 79
 1.040000E+02 171 99831 41 7 38 85
 1.080000E+02 192 99818 42 20 42 88
 1.120000E+02 211 99796 47 20 45 99
 1.160000E+02 205 99785 34 15 48 108
 1.200000E+02 208 99778 33 11 49 115
 1.240000E+02 229 99769 42 13 54 120
 1.280000E+02 251 99758 41 26 55 129
 1.320000E+02 274 99741 48 26 59 141
 1.360000E+02 288 99724 49 23 67 149
 1.400000E+02 296 99712 46 17 75 158
 1.440000E+02 311 99696 44 21 81 165
 1.480000E+02 306 99690 33 17 84 172
 1.520000E+02 326 99677 37 23 86 180
 1.560000E+02 339 99661 38 19 94 188
 1.600000E+02 349 99649 38 14 99 198
 1.640000E+02 349 99646 29 17 102 201
 1.680000E+02 363 99637 29 17 110 207
 1.720000E+02 370 99631 29 13 113 215
 1.760000E+02 384 99619 32 16 114 222
 1.800000E+02 389 99611 27 17 117 228
 1.840000E+02 391 99603 23 14 121 233
 1.880000E+02 402 99594 25 13 123 241
 1.920000E+02 406 99592 24 12 123 247
 1.960000E+02 412 99585 24 10 128 250
 2.000000E+02 416 99581 22 9 132 253

#Simulation ended (eff.: 0.987917, detail below)
	#Events: 92227
	#Valid embedding but no longer unary when required: 0.000000
	#Valid embedding but not binary when required: 0.000000
	#Clashing instance: 0.000000
	#Lazy negative update: 1.000000
	#Lazy negative update of non local instances: 0.000000
	#Perturbation interrupting time advance: 0.000000
