# time 'Cases' 'Susceptible' 'Exposed' 'Infected' 'Removed' 'Deads'
 0.000000E+00 0 470 0 0 0 0
 4.000000E+00 1 470 1 0 0 0
 8.000000E+00 2 470 1 1 0 0
 1.200000E+01 1 470 1 0 0 0
 1.600000E+01 1 470 1 0 0 0
 2.000000E+01 2 470 2 0 0 0
 2.400000E+01 4 469 2 2 0 0
 2.800000E+01 2 467 1 1 0 0
 3.200000E+01 1 466 0 1 0 0
 3.600000E+01 4 466 4 0 0 0
 4.000000E+01 2 466 2 0 0 0
 4.400000E+01 2 466 1 1 0 0
 4.800000E+01 3 465 2 1 0 0
 5.200000E+01 3 463 2 1 0 0
 5.600000E+01 4 462 3 0 0 1
 6.000000E+01 8 462 5 2 0 1
 6.400000E+01 6 461 3 1 0 2
 6.800000E+01 11 461 7 0 0 4
 7.200000E+01 9 461 3 0 1 5
 7.600000E+01 14 461 8 0 1 5
 8.000000E+01 12 461 3 3 1 5
 8.400000E+01 12 460 4 2 1 5
 8.800000E+01 14 460 5 2 1 6
 9.200000E+01 19 459 7 3 1 8
 9.600000E+01 15 457 3 3 1 8
 1.000000E+02 17 452 4 4 1 8
 1.040000E+02 20 451 5 4 1 10
 1.080000E+02 22 449 8 2 2 10
 1.120000E+02 21 448 4 3 3 11
 1.160000E+02 22 447 5 2 3 12
 1.200000E+02 27 445 9 3 3 12
 1.240000E+02 23 444 5 2 3 13
 1.280000E+02 23 444 4 3 3 13
 1.320000E+02 21 442 2 1 3 15
 1.360000E+02 24 442 3 3 3 15
 1.400000E+02 28 442 7 0 4 17
 1.440000E+02 27 442 6 0 4 17
 1.480000E+02 26 442 2 3 4 17
 1.520000E+02 28 442 2 2 6 18
 1.560000E+02 31 440 5 1 6 19
 1.600000E+02 29 440 2 0 6 21
 1.640000E+02 34 439 4 2 6 22
 1.680000E+02 32 439 2 1 6 23
 1.720000E+02 32 438 1 1 7 23
 1.760000E+02 37 437 4 3 7 23
 1.800000E+02 33 437 2 0 8 23
 1.840000E+02 37 437 4 2 8 23
 1.880000E+02 40 434 5 3 8 24
 1.920000E+02 38 432 5 1 8 24
 1.960000E+02 35 432 2 0 9 24
 2.000000E+02 39 431 5 1 9 24

#Simulation ended (eff.: 0.739741, detail below)
	#Events: 1316
	#Valid embedding but no longer unary when required: 0.000000
	#Valid embedding but not binary when required: 0.000000
	#Clashing instance: 0.000000
	#Lazy negative update: 1.000000
	#Lazy negative update of non local instances: 0.000000
	#Perturbation interrupting time advance: 0.000000
