# time 'Cases' 'Susceptible' 'Exposed' 'Infected' 'Removed' 'Deads'
 0.000000E+00 10 10000 0 10 0 0
 4.000000E+00 15 9991 5 4 3 3
 8.000000E+00 17 9987 7 2 3 5
 1.200000E+01 17 9984 7 2 3 5
 1.600000E+01 22 9982 10 0 4 8
 2.000000E+01 21 9982 7 1 4 9
 2.400000E+01 24 9979 9 1 5 9
 2.800000E+01 25 9974 9 1 5 10
 3.200000E+01 34 9973 18 1 5 10
 3.600000E+01 37 9968 13 6 5 13
 4.000000E+01 44 9960 16 7 5 16
 4.400000E+01 48 9958 19 6 5 18
 4.800000E+01 47 9955 17 3 6 21
 5.200000E+01 55 9950 19 6 7 23
 5.600000E+01 66 9945 24 9 8 25
 6.000000E+01 66 9936 19 11 9 27
 6.400000E+01 78 9922 21 11 12 34
 6.800000E+01 89 9911 22 17 14 36
 7.200000E+01 108 9899 34 15 18 41
 7.600000E+01 108 9888 27 11 23 47
 8.000000E+01 125 9882 39 13 24 49
 8.400000E+01 128 9874 34 10 28 56
 8.800000E+01 131 9860 26 15 30 60
 9.200000E+01 140 9854 26 16 34 64
 9.600000E+01 157 9845 29 15 41 72
 1.000000E+02 178 9828 42 13 43 80
 1.040000E+02 186 9817 41 14 43 88
 1.080000E+02 186 9810 30 13 48 95
 1.120000E+02 190 9798 27 12 49 102
 1.160000E+02 208 9793 32 15 50 111
 1.200000E+02 221 9776 35 17 51 118
 1.240000E+02 239 9763 38 18 57 126
 1.280000E+02 251 9751 41 16 61 133
 1.320000E+02 254 9742 31 20 64 139
 1.360000E+02 265 9727 35 15 67 148
 1.400000E+02 267 9721 28 16 71 152
 1.440000E+02 271 9714 27 11 73 160
 1.480000E+02 281 9706 27 13 77 164
 1.520000E+02 306 9691 39 12 83 172
 1.560000E+02 307 9679 28 14 85 180
 1.600000E+02 322 9670 32 18 87 185
 1.640000E+02 336 9658 36 17 89 194
 1.680000E+02 352 9646 34 21 93 204
 1.720000E+02 357 9638 34 14 97 212
 1.760000E+02 358 9631 28 16 97 217
 1.800000E+02 371 9621 32 11 101 227
 1.840000E+02 365 9616 18 12 104 231
 1.880000E+02 369 9612 16 12 108 233
 1.920000E+02 381 9607 14 13 112 242
 1.960000E+02 393 9605 19 11 117 246
 2.000000E+02 394 9601 17 9 120 248

#Simulation ended (eff.: 0.938612, detail below)
	#Events: 14189
	#Valid embedding but no longer unary when required: 0.000000
	#Valid embedding but not binary when required: 0.000000
	#Clashing instance: 0.000000
	#Lazy negative update: 1.000000
	#Lazy negative update of non local instances: 0.000000
	#Perturbation interrupting time advance: 0.000000
