# time 'Cases' 'Susceptible' 'Exposed' 'Infected' 'Removed' 'Deads'
 0.000000E+00 0 470 0 0 0 0
 4.000000E+00 1 470 0 1 0 0
 8.000000E+00 2 470 1 0 0 1
 1.200000E+01 2 470 1 0 0 1
 1.600000E+01 2 470 0 1 0 1
 2.000000E+01 5 469 2 1 0 2
 2.400000E+01 4 469 0 1 1 2
 2.800000E+01 5 468 1 1 1 2
 3.200000E+01 6 467 2 0 1 3
 3.600000E+01 6 467 2 0 1 3
 4.000000E+01 6 467 0 2 1 3
 4.400000E+01 7 465 1 2 1 3
 4.800000E+01 7 465 2 0 1 4
 5.200000E+01 8 465 1 1 1 5
 5.600000E+01 7 464 1 0 1 5
 6.000000E+01 9 464 3 0 1 5
 6.400000E+01 7 462 0 1 1 5
 6.800000E+01 10 461 2 2 1 5
 7.200000E+01 10 460 3 1 1 5
 7.600000E+01 8 460 1 0 2 5
 8.000000E+01 12 460 5 0 2 5
 8.400000E+01 13 460 6 0 2 5
 8.800000E+01 9 460 1 1 2 5
 9.200000E+01 11 458 2 2 2 5
 9.600000E+01 10 458 2 0 3 5
 1.000000E+02 13 458 5 0 3 5
 1.040000E+02 10 458 2 0 3 5
 1.080000E+02 17 457 8 0 3 6
 1.120000E+02 17 457 5 2 3 7
 1.160000E+02 14 457 2 1 3 8
 1.200000E+02 15 457 3 0 3 9
 1.240000E+02 19 457 7 0 3 9
 1.280000E+02 15 457 2 1 3 9
 1.320000E+02 17 457 4 0 3 10
 1.360000E+02 19 456 4 2 3 10
 1.400000E+02 16 456 0 1 5 10
 1.440000E+02 23 456 7 1 5 10
 1.480000E+02 17 456 2 0 5 10
 1.520000E+02 18 456 2 0 5 11
 1.560000E+02 21 456 5 0 5 11
 1.600000E+02 22 453 5 1 5 11
 1.640000E+02 21 453 5 0 5 11
 1.680000E+02 18 452 1 1 5 11
 1.720000E+02 21 452 4 1 5 11
 1.760000E+02 21 451 2 2 6 11
 1.800000E+02 26 451 6 1 7 12
 1.840000E+02 20 450 1 0 7 12
 1.880000E+02 20 450 0 1 7 12
 1.920000E+02 22 450 2 1 7 12
 1.960000E+02 23 450 3 0 8 12
 2.000000E+02 24 450 2 2 8 12

#Simulation ended (eff.: 0.712892, detail below)
	#Events: 1023
	#Valid embedding but no longer unary when required: 0.000000
	#Valid embedding but not binary when required: 0.000000
	#Clashing instance: 0.000000
	#Lazy negative update: 1.000000
	#Lazy negative update of non local instances: 0.000000
	#Perturbation interrupting time advance: 0.000000
