# time 'Cases' 'Susceptible' 'Exposed' 'Infected' 'Removed' 'Deads'
 0.000000E+00 0 15800 0 0 0 0
 4.000000E+00 2 15800 1 1 0 0
 8.000000E+00 2 15798 0 0 1 1
 1.200000E+01 6 15797 4 0 1 1
 1.600000E+01 10 15795 6 2 1 1
 2.000000E+01 12 15790 6 3 2 1
 2.400000E+01 12 15786 6 2 2 2
 2.800000E+01 13 15785 5 4 2 2
 3.200000E+01 17 15779 8 3 2 4
 3.600000E+01 19 15772 9 3 2 5
 4.000000E+01 20 15768 8 2 3 7
 4.400000E+01 24 15766 11 2 4 7
 4.800000E+01 22 15760 6 3 4 9
 5.200000E+01 35 15755 16 4 4 11
 5.600000E+01 31 15748 7 6 4 14
 6.000000E+01 45 15741 21 5 4 15
 6.400000E+01 46 15737 17 9 5 15
 6.800000E+01 54 15729 20 7 9 18
 7.200000E+01 51 15726 13 5 11 22
 7.600000E+01 60 15723 18 7 11 24
 8.000000E+01 54 15718 8 9 12 25
 8.400000E+01 63 15710 17 7 13 26
 8.800000E+01 78 15707 21 10 15 32
 9.200000E+01 86 15696 25 11 17 33
 9.600000E+01 91 15685 26 9 19 37
 1.000000E+02 103 15676 29 7 22 45
 1.040000E+02 103 15671 24 8 23 48
 1.080000E+02 113 15660 29 9 25 50
 1.120000E+02 124 15647 35 10 27 52
 1.160000E+02 127 15641 33 3 30 61
 1.200000E+02 128 15634 28 5 30 65
 1.240000E+02 134 15630 26 7 30 71
 1.280000E+02 142 15626 28 9 30 75
 1.320000E+02 143 15619 21 12 31 79
 1.360000E+02 147 15610 19 7 34 87
 1.400000E+02 164 15600 24 11 35 94
 1.440000E+02 185 15593 28 16 38 103
 1.480000E+02 185 15586 19 12 40 114
 1.520000E+02 194 15579 17 15 42 120
 1.560000E+02 192 15573 15 11 42 124
 1.600000E+02 206 15571 22 9 46 129
 1.640000E+02 199 15566 9 11 49 130
 1.680000E+02 212 15562 15 14 51 132
 1.720000E+02 211 15555 15 4 53 139
 1.760000E+02 221 15551 18 7 53 143
 1.800000E+02 222 15546 12 9 55 146
 1.840000E+02 222 15543 13 4 57 148
 1.880000E+02 223 15540 8 9 57 149
 1.920000E+02 223 15538 7 4 57 155
 1.960000E+02 235 15532 13 6 58 158
 2.000000E+02 238 15527 12 6 59 161

#Simulation ended (eff.: 0.949944, detail below)
	#Events: 17744
	#Valid embedding but no longer unary when required: 0.000000
	#Valid embedding but not binary when required: 0.000000
	#Clashing instance: 0.000000
	#Lazy negative update: 1.000000
	#Lazy negative update of non local instances: 0.000000
	#Perturbation interrupting time advance: 0.000000
