# time 'Cases' 'Susceptible' 'Exposed' 'Infected' 'Removed' 'Deads'
 0.000000E+00 0 1580 0 0 0 0
 4.000000E+00 2 1579 1 1 0 0
 8.000000E+00 2 1578 2 0 0 0
 1.200000E+01 3 1578 3 0 0 0
 1.600000E+01 5 1575 4 1 0 0
 2.000000E+01 7 1573 4 2 0 1
 2.400000E+01 7 1573 4 0 1 2
 2.800000E+01 7 1573 3 1 1 2
 3.200000E+01 14 1572 8 2 2 2
 3.600000E+01 20 1565 12 0 4 4
 4.000000E+01 15 1562 7 0 4 4
 4.400000E+01 12 1562 4 0 4 4
 4.800000E+01 19 1561 8 3 4 4
 5.200000E+01 23 1559 8 3 8 4
 5.600000E+01 23 1557 8 1 9 5
 6.000000E+01 26 1554 7 4 9 6
 6.400000E+01 27 1553 10 0 11 6
 6.800000E+01 26 1552 7 1 12 6
 7.200000E+01 32 1550 12 1 12 7
 7.600000E+01 26 1549 3 2 13 8
 8.000000E+01 32 1548 9 2 13 8
 8.400000E+01 35 1548 11 1 14 9
 8.800000E+01 38 1541 10 3 15 10
 9.200000E+01 45 1537 15 3 15 12
 9.600000E+01 41 1533 10 3 15 13
 1.000000E+02 45 1530 8 5 16 16
 1.040000E+02 47 1524 10 3 17 17
 1.080000E+02 53 1521 15 3 18 17
 1.120000E+02 48 1520 7 4 18 19
 1.160000E+02 54 1519 10 3 20 21
 1.200000E+02 54 1518 8 2 22 22
 1.240000E+02 63 1516 12 5 22 24
 1.280000E+02 64 1516 12 1 23 28
 1.320000E+02 68 1511 14 1 23 30
 1.360000E+02 61 1510 5 3 23 30
 1.400000E+02 60 1508 4 2 24 30
 1.440000E+02 68 1508 9 3 25 31
 1.480000E+02 68 1508 5 7 25 31
 1.520000E+02 69 1507 4 6 27 32
 1.560000E+02 69 1504 2 7 27 33
 1.600000E+02 72 1500 6 4 28 34
 1.640000E+02 71 1500 5 2 29 35
 1.680000E+02 70 1498 5 0 30 35
 1.720000E+02 69 1498 4 0 30 35
 1.760000E+02 70 1498 4 1 30 35
 1.800000E+02 72 1498 2 3 31 36
 1.840000E+02 76 1497 6 1 32 37
 1.880000E+02 76 1497 6 0 33 37
 1.920000E+02 77 1496 3 4 33 37
 1.960000E+02 78 1495 3 1 33 41
 2.000000E+02 82 1494 7 1 33 41

#Simulation ended (eff.: 0.842811, detail below)
	#Events: 2890
	#Valid embedding but no longer unary when required: 0.000000
	#Valid embedding but not binary when required: 0.000000
	#Clashing instance: 0.000000
	#Lazy negative update: 1.000000
	#Lazy negative update of non local instances: 0.000000
	#Perturbation interrupting time advance: 0.000000
