# time 'Cases' 'Susceptible' 'Exposed' 'Infected' 'Removed' 'Deads'
 0.000000E+00 0 700 0 0 0 0
 4.000000E+00 0 700 0 0 0 0
 8.000000E+00 1 700 1 0 0 0
 1.200000E+01 0 700 0 0 0 0
 1.600000E+01 2 700 2 0 0 0
 2.000000E+01 1 700 1 0 0 0
 2.400000E+01 2 700 2 0 0 0
 2.800000E+01 2 700 1 1 0 0
 3.200000E+01 3 699 2 0 0 1
 3.600000E+01 5 699 3 1 0 1
 4.000000E+01 8 699 5 2 0 1
 4.400000E+01 9 695 5 3 0 1
 4.800000E+01 5 693 2 1 1 1
 5.200000E+01 9 692 6 0 1 2
 5.600000E+01 9 691 3 3 1 2
 6.000000E+01 14 687 8 2 1 3
 6.400000E+01 17 686 9 3 1 4
 6.800000E+01 17 686 8 1 3 5
 7.200000E+01 13 685 4 1 3 5
 7.600000E+01 14 685 5 0 3 6
 8.000000E+01 20 683 9 1 3 7
 8.400000E+01 21 681 3 3 4 11
 8.800000E+01 22 676 3 4 4 11
 9.200000E+01 30 674 9 5 4 12
 9.600000E+01 21 673 5 0 4 12
 1.000000E+02 26 670 6 4 4 12
 1.040000E+02 28 670 9 1 4 14
 1.080000E+02 28 668 9 0 4 15
 1.120000E+02 26 668 6 0 4 16
 1.160000E+02 30 667 8 2 4 16
 1.200000E+02 30 667 6 2 4 18
 1.240000E+02 36 664 9 3 4 20
 1.280000E+02 38 659 10 4 4 20
 1.320000E+02 32 656 7 1 4 20
 1.360000E+02 34 656 6 4 4 20
 1.400000E+02 32 655 3 3 4 22
 1.440000E+02 30 655 3 1 4 22
 1.480000E+02 36 655 7 3 4 22
 1.520000E+02 32 655 2 2 4 24
 1.560000E+02 37 655 5 4 4 24
 1.600000E+02 38 655 6 1 5 26
 1.640000E+02 44 652 10 2 6 26
 1.680000E+02 42 647 6 1 7 28
 1.720000E+02 42 646 5 2 7 28
 1.760000E+02 46 645 5 3 9 29
 1.800000E+02 49 643 6 1 11 31
 1.840000E+02 48 643 5 0 11 32
 1.880000E+02 48 642 5 0 11 32
 1.920000E+02 50 642 3 3 11 33
 1.960000E+02 48 642 2 0 13 33
 2.000000E+02 49 642 1 1 13 34

#Simulation ended (eff.: 0.720971, detail below)
	#Events: 2049
	#Valid embedding but no longer unary when required: 0.000000
	#Valid embedding but not binary when required: 0.000000
	#Clashing instance: 0.000000
	#Lazy negative update: 1.000000
	#Lazy negative update of non local instances: 0.000000
	#Perturbation interrupting time advance: 0.000000
