# time 'Cases' 'Susceptible' 'Exposed' 'Infected' 'Removed' 'Deads'
 0.000000E+00 10 100000 0 10 0 0
 4.000000E+00 19 99986 9 5 2 3
 8.000000E+00 24 99983 14 4 2 4
 1.200000E+01 19 99980 8 2 3 6
 1.600000E+01 19 99979 5 4 3 7
 2.000000E+01 26 99978 12 2 3 9
 2.400000E+01 25 99974 8 3 3 11
 2.800000E+01 35 99964 16 3 3 13
 3.200000E+01 38 99956 16 2 3 17
 3.600000E+01 41 99952 15 3 5 18
 4.000000E+01 44 99950 17 4 5 18
 4.400000E+01 58 99941 24 11 5 18
 4.800000E+01 63 99932 25 8 7 23
 5.200000E+01 67 99922 23 6 10 28
 5.600000E+01 76 99917 26 8 10 32
 6.000000E+01 80 99909 26 4 12 38
 6.400000E+01 85 99901 25 9 12 39
 6.800000E+01 96 99893 29 11 12 44
 7.200000E+01 102 99884 29 9 15 49
 7.600000E+01 115 99875 34 10 17 54
 8.000000E+01 121 99864 31 11 19 60
 8.400000E+01 128 99857 30 10 22 66
 8.800000E+01 127 99845 24 7 26 70
 9.200000E+01 140 99836 28 11 27 74
 9.600000E+01 151 99830 32 10 29 80
 1.000000E+02 163 99821 33 13 31 86
 1.040000E+02 177 99811 44 10 33 90
 1.080000E+02 174 99801 27 21 34 92
 1.120000E+02 191 99786 29 23 39 100
 1.160000E+02 198 99775 34 13 46 105
 1.200000E+02 212 99764 38 11 50 113
 1.240000E+02 226 99754 38 14 52 122
 1.280000E+02 234 99745 37 18 53 126
 1.320000E+02 242 99731 35 17 55 135
 1.360000E+02 249 99725 34 13 58 144
 1.400000E+02 255 99720 28 18 60 149
 1.440000E+02 261 99715 25 16 62 158
 1.480000E+02 270 99710 25 16 65 164
 1.520000E+02 274 99702 22 10 74 168
 1.560000E+02 285 99699 26 12 76 171
 1.600000E+02 293 99696 22 15 80 176
 1.640000E+02 302 99687 21 14 84 183
 1.680000E+02 308 99674 24 7 85 192
 1.720000E+02 313 99670 21 10 85 197
 1.760000E+02 317 99666 20 8 87 202
 1.800000E+02 324 99661 18 11 89 206
 1.840000E+02 326 99657 16 9 91 210
 1.880000E+02 328 99653 11 9 94 214
 1.920000E+02 330 99652 8 7 97 218
 1.960000E+02 336 99650 11 8 97 220
 2.000000E+02 341 99646 11 7 103 220

#Simulation ended (eff.: 0.988555, detail below)
	#Events: 91553
	#Valid embedding but no longer unary when required: 0.000000
	#Valid embedding but not binary when required: 0.000000
	#Clashing instance: 0.000000
	#Lazy negative update: 1.000000
	#Lazy negative update of non local instances: 0.000000
	#Perturbation interrupting time advance: 0.000000
