# time 'Cases' 'Susceptible' 'Exposed' 'Infected' 'Removed' 'Deads'
 0.000000E+00 0 7000 0 0 0 0
 4.000000E+00 1 7000 1 0 0 0
 8.000000E+00 4 7000 4 0 0 0
 1.200000E+01 4 7000 3 0 0 1
 1.600000E+01 7 7000 6 0 0 1
 2.000000E+01 5 7000 2 2 0 1
 2.400000E+01 4 6998 1 1 0 2
 2.800000E+01 6 6995 3 1 0 2
 3.200000E+01 7 6995 4 1 0 2
 3.600000E+01 5 6995 3 0 0 2
 4.000000E+01 5 6995 3 0 0 2
 4.400000E+01 6 6995 3 1 0 2
 4.800000E+01 8 6995 4 1 0 3
 5.200000E+01 8 6995 4 1 0 3
 5.600000E+01 9 6994 4 2 0 3
 6.000000E+01 6 6994 2 0 0 4
 6.400000E+01 13 6994 7 2 0 4
 6.800000E+01 10 6993 5 1 0 4
 7.200000E+01 15 6992 9 1 0 5
 7.600000E+01 17 6992 9 1 2 5
 8.000000E+01 19 6989 9 2 2 6
 8.400000E+01 13 6989 5 0 2 6
 8.800000E+01 18 6989 8 1 2 7
 9.200000E+01 24 6987 8 6 2 8
 9.600000E+01 30 6982 12 4 4 10
 1.000000E+02 33 6982 13 2 5 13
 1.040000E+02 32 6980 9 3 5 15
 1.080000E+02 40 6975 15 4 6 15
 1.120000E+02 44 6969 17 4 6 17
 1.160000E+02 32 6968 4 3 7 18
 1.200000E+02 40 6967 11 0 8 21
 1.240000E+02 37 6966 7 1 8 21
 1.280000E+02 43 6966 7 6 9 21
 1.320000E+02 48 6961 10 4 9 25
 1.360000E+02 52 6959 12 6 9 25
 1.400000E+02 54 6952 12 3 10 29
 1.440000E+02 54 6949 10 3 11 30
 1.480000E+02 51 6947 7 2 11 31
 1.520000E+02 52 6946 8 2 11 31
 1.560000E+02 58 6943 7 9 11 31
 1.600000E+02 56 6942 10 1 12 33
 1.640000E+02 55 6941 7 2 12 34
 1.680000E+02 62 6939 10 4 12 36
 1.720000E+02 67 6938 14 3 13 37
 1.760000E+02 60 6935 9 1 13 37
 1.800000E+02 60 6935 7 3 13 37
 1.840000E+02 60 6933 5 4 13 38
 1.880000E+02 56 6933 3 0 13 40
 1.920000E+02 59 6933 4 2 13 40
 1.960000E+02 60 6933 5 0 14 41
 2.000000E+02 60 6933 3 1 14 42

#Simulation ended (eff.: 0.891974, detail below)
	#Events: 7902
	#Valid embedding but no longer unary when required: 0.000000
	#Valid embedding but not binary when required: 0.000000
	#Clashing instance: 0.000000
	#Lazy negative update: 1.000000
	#Lazy negative update of non local instances: 0.000000
	#Perturbation interrupting time advance: 0.000000
