# time 'Cases' 'Susceptible' 'Exposed' 'Infected' 'Removed' 'Deads'
 0.000000E+00 10 10000 0 10 0 0
 4.000000E+00 13 9990 5 4 1 3
 8.000000E+00 12 9987 5 2 1 4
 1.200000E+01 18 9987 8 5 1 4
 1.600000E+01 18 9986 9 2 2 5
 2.000000E+01 23 9980 10 6 2 5
 2.400000E+01 26 9974 11 8 2 5
 2.800000E+01 33 9967 13 10 3 7
 3.200000E+01 39 9961 19 6 3 11
 3.600000E+01 40 9954 15 5 7 13
 4.000000E+01 52 9944 22 7 8 15
 4.400000E+01 54 9936 20 4 9 21
 4.800000E+01 65 9931 22 9 9 25
 5.200000E+01 73 9924 21 11 10 31
 5.600000E+01 84 9915 30 4 10 40
 6.000000E+01 78 9913 21 6 11 40
 6.400000E+01 83 9910 16 11 12 44
 6.800000E+01 98 9901 25 7 15 51
 7.200000E+01 106 9892 20 15 18 53
 7.600000E+01 123 9880 32 12 20 59
 8.000000E+01 128 9871 31 9 23 65
 8.400000E+01 132 9864 27 10 24 71
 8.800000E+01 144 9861 38 7 25 74
 9.200000E+01 151 9855 33 12 27 79
 9.600000E+01 155 9850 30 10 28 87
 1.000000E+02 159 9842 30 10 29 90
 1.040000E+02 180 9835 39 13 32 96
 1.080000E+02 186 9822 30 19 36 101
 1.120000E+02 190 9809 32 10 39 109
 1.160000E+02 205 9805 38 13 42 112
 1.200000E+02 211 9795 31 17 44 119
 1.240000E+02 225 9780 34 14 51 126
 1.280000E+02 240 9766 40 18 54 128
 1.320000E+02 252 9753 40 15 55 142
 1.360000E+02 250 9747 31 13 57 149
 1.400000E+02 258 9737 28 15 58 157
 1.440000E+02 274 9729 27 22 62 163
 1.480000E+02 299 9717 40 20 67 172
 1.520000E+02 294 9711 23 15 71 185
 1.560000E+02 315 9699 34 10 75 196
 1.600000E+02 317 9693 29 12 76 200
 1.640000E+02 325 9686 27 12 79 207
 1.680000E+02 338 9677 26 18 82 212
 1.720000E+02 352 9669 32 18 84 218
 1.760000E+02 344 9662 20 13 88 223
 1.800000E+02 356 9655 21 12 91 232
 1.840000E+02 366 9652 22 13 92 239
 1.880000E+02 371 9648 19 12 95 245
 1.920000E+02 377 9638 20 13 96 248
 1.960000E+02 384 9634 18 16 98 252
 2.000000E+02 383 9633 11 12 102 258

#Simulation ended (eff.: 0.939679, detail below)
	#Events: 13989
	#Valid embedding but no longer unary when required: 0.000000
	#Valid embedding but not binary when required: 0.000000
	#Clashing instance: 0.000000
	#Lazy negative update: 1.000000
	#Lazy negative update of non local instances: 0.000000
	#Perturbation interrupting time advance: 0.000000
