# time 'Cases' 'Susceptible' 'Exposed' 'Infected' 'Removed' 'Deads'
 0.000000E+00 0 7000 0 0 0 0
 4.000000E+00 1 7000 1 0 0 0
 8.000000E+00 1 7000 1 0 0 0
 1.200000E+01 2 7000 2 0 0 0
 1.600000E+01 3 7000 3 0 0 0
 2.000000E+01 5 6999 5 0 0 0
 2.400000E+01 7 6999 6 1 0 0
 2.800000E+01 7 6999 4 2 0 1
 3.200000E+01 9 6995 7 1 0 1
 3.600000E+01 7 6994 4 1 1 1
 4.000000E+01 6 6992 4 0 1 1
 4.400000E+01 6 6992 3 1 1 1
 4.800000E+01 8 6990 4 2 1 1
 5.200000E+01 8 6988 5 1 1 1
 5.600000E+01 11 6985 7 1 1 2
 6.000000E+01 9 6984 4 2 1 2
 6.400000E+01 17 6982 7 6 2 2
 6.800000E+01 16 6979 6 2 4 4
 7.200000E+01 18 6979 6 2 5 5
 7.600000E+01 16 6977 4 1 5 6
 8.000000E+01 20 6976 7 2 5 6
 8.400000E+01 20 6975 7 2 5 6
 8.800000E+01 28 6974 13 3 5 7
 9.200000E+01 22 6972 5 3 6 8
 9.600000E+01 26 6972 8 3 6 9
 1.000000E+02 30 6969 8 4 7 11
 1.040000E+02 32 6964 10 3 7 12
 1.080000E+02 36 6960 10 5 9 12
 1.120000E+02 34 6958 4 3 10 17
 1.160000E+02 37 6958 7 0 11 19
 1.200000E+02 32 6957 1 1 11 19
 1.240000E+02 40 6957 7 1 11 21
 1.280000E+02 47 6957 13 1 11 22
 1.320000E+02 40 6956 7 0 11 22
 1.360000E+02 46 6955 8 3 12 23
 1.400000E+02 42 6954 2 2 13 25
 1.440000E+02 44 6952 3 3 13 25
 1.480000E+02 48 6952 6 3 13 26
 1.520000E+02 52 6950 7 4 13 28
 1.560000E+02 46 6949 2 1 13 30
 1.600000E+02 50 6949 5 1 14 30
 1.640000E+02 47 6948 2 0 15 30
 1.680000E+02 49 6948 3 1 15 30
 1.720000E+02 52 6946 4 2 16 30
 1.760000E+02 53 6946 5 1 16 31
 1.800000E+02 54 6944 2 3 18 31
 1.840000E+02 51 6941 1 1 18 31
 1.880000E+02 54 6940 4 0 18 32
 1.920000E+02 54 6940 3 1 18 32
 1.960000E+02 55 6940 5 0 18 32
 2.000000E+02 55 6940 3 2 18 32

#Simulation ended (eff.: 0.900443, detail below)
	#Events: 7516
	#Valid embedding but no longer unary when required: 0.000000
	#Valid embedding but not binary when required: 0.000000
	#Clashing instance: 0.000000
	#Lazy negative update: 1.000000
	#Lazy negative update of non local instances: 0.000000
	#Perturbation interrupting time advance: 0.000000
