# time 'Cases' 'Susceptible' 'Exposed' 'Infected' 'Removed' 'Deads'
 0.000000E+00 10 10000 0 10 0 0
 4.000000E+00 16 9993 6 5 2 3
 8.000000E+00 18 9988 7 2 3 6
 1.200000E+01 20 9985 10 0 4 6
 1.600000E+01 17 9985 4 3 4 6
 2.000000E+01 25 9980 9 5 4 7
 2.400000E+01 28 9976 10 4 4 10
 2.800000E+01 25 9972 5 3 4 13
 3.200000E+01 28 9967 5 4 5 14
 3.600000E+01 37 9963 13 2 8 14
 4.000000E+01 39 9962 11 3 9 16
 4.400000E+01 40 9962 10 4 9 17
 4.800000E+01 55 9951 21 4 10 20
 5.200000E+01 62 9942 26 5 11 20
 5.600000E+01 68 9934 26 7 12 23
 6.000000E+01 73 9924 23 13 14 23
 6.400000E+01 87 9912 28 16 15 28
 6.800000E+01 89 9894 28 11 18 32
 7.200000E+01 96 9881 27 13 21 35
 7.600000E+01 122 9861 38 18 23 43
 8.000000E+01 136 9848 41 17 28 50
 8.400000E+01 134 9837 34 16 29 55
 8.800000E+01 153 9821 39 18 33 63
 9.200000E+01 158 9812 31 15 38 74
 9.600000E+01 171 9803 37 11 42 81
 1.000000E+02 184 9792 39 13 47 85
 1.040000E+02 192 9783 37 11 52 92
 1.080000E+02 206 9774 38 15 54 99
 1.120000E+02 214 9766 36 14 58 106
 1.160000E+02 225 9757 38 8 66 113
 1.200000E+02 226 9746 30 10 67 119
 1.240000E+02 242 9734 35 14 67 126
 1.280000E+02 267 9722 49 17 67 134
 1.320000E+02 280 9700 48 16 70 146
 1.360000E+02 287 9691 46 11 76 154
 1.400000E+02 293 9681 34 17 76 166
 1.440000E+02 318 9670 48 15 78 177
 1.480000E+02 324 9657 40 19 80 185
 1.520000E+02 337 9647 34 19 87 197
 1.560000E+02 352 9640 37 19 91 205
 1.600000E+02 364 9626 37 22 94 211
 1.640000E+02 370 9614 32 25 95 218
 1.680000E+02 389 9599 42 16 101 230
 1.720000E+02 396 9588 37 21 103 235
 1.760000E+02 396 9581 26 18 107 245
 1.800000E+02 406 9573 23 20 110 253
 1.840000E+02 417 9562 26 14 115 262
 1.880000E+02 417 9558 20 12 119 266
 1.920000E+02 429 9552 24 15 120 270
 1.960000E+02 438 9547 23 14 121 280
 2.000000E+02 441 9537 18 15 122 286

#Simulation ended (eff.: 0.938589, detail below)
	#Events: 14764
	#Valid embedding but no longer unary when required: 0.000000
	#Valid embedding but not binary when required: 0.000000
	#Clashing instance: 0.000000
	#Lazy negative update: 1.000000
	#Lazy negative update of non local instances: 0.000000
	#Perturbation interrupting time advance: 0.000000
