# time 'Cases' 'Susceptible' 'Exposed' 'Infected' 'Removed' 'Deads'
 0.000000E+00 0 1580 0 0 0 0
 4.000000E+00 2 1580 1 1 0 0
 8.000000E+00 3 1579 1 0 0 2
 1.200000E+01 6 1577 3 1 0 2
 1.600000E+01 6 1575 3 1 0 2
 2.000000E+01 5 1574 2 0 0 3
 2.400000E+01 7 1574 4 0 0 3
 2.800000E+01 12 1574 8 1 0 3
 3.200000E+01 9 1572 3 3 0 3
 3.600000E+01 9 1569 4 0 0 5
 4.000000E+01 13 1568 6 1 1 5
 4.400000E+01 15 1568 8 0 2 5
 4.800000E+01 15 1568 4 3 2 6
 5.200000E+01 18 1564 5 2 4 7
 5.600000E+01 21 1562 7 1 5 8
 6.000000E+01 25 1561 8 2 6 9
 6.400000E+01 36 1559 16 4 7 9
 6.800000E+01 33 1555 9 4 9 11
 7.200000E+01 34 1548 8 4 10 12
 7.600000E+01 39 1544 12 2 10 15
 8.000000E+01 38 1542 7 2 12 17
 8.400000E+01 47 1540 13 5 12 17
 8.800000E+01 44 1537 8 5 12 19
 9.200000E+01 43 1535 6 3 13 21
 9.600000E+01 52 1531 10 5 15 22
 1.000000E+02 53 1529 8 6 16 23
 1.040000E+02 56 1527 12 3 16 25
 1.080000E+02 57 1526 10 2 17 28
 1.120000E+02 59 1525 10 1 19 29
 1.160000E+02 59 1525 8 2 19 30
 1.200000E+02 68 1518 11 6 19 32
 1.240000E+02 76 1511 16 3 20 37
 1.280000E+02 71 1508 7 2 21 41
 1.320000E+02 77 1507 9 3 22 43
 1.360000E+02 82 1505 9 7 22 44
 1.400000E+02 82 1502 8 5 22 47
 1.440000E+02 85 1498 6 6 22 51
 1.480000E+02 87 1495 6 4 23 54
 1.520000E+02 96 1492 13 2 24 57
 1.560000E+02 96 1490 12 3 24 57
 1.600000E+02 96 1488 10 2 24 60
 1.640000E+02 94 1488 7 1 25 61
 1.680000E+02 96 1487 5 4 25 62
 1.720000E+02 97 1486 6 3 25 63
 1.760000E+02 99 1484 4 5 25 65
 1.800000E+02 102 1484 5 6 26 65
 1.840000E+02 104 1483 4 4 27 69
 1.880000E+02 109 1482 7 3 27 72
 1.920000E+02 109 1481 5 3 28 73
 1.960000E+02 110 1477 3 2 30 75
 2.000000E+02 111 1476 3 1 31 76

#Simulation ended (eff.: 0.840075, detail below)
	#Events: 3157
	#Valid embedding but no longer unary when required: 0.000000
	#Valid embedding but not binary when required: 0.000000
	#Clashing instance: 0.000000
	#Lazy negative update: 1.000000
	#Lazy negative update of non local instances: 0.000000
	#Perturbation interrupting time advance: 0.000000
