# time 'Cases' 'Susceptible' 'Exposed' 'Infected' 'Removed' 'Deads'
 0.000000E+00 0 470 0 0 0 0
 4.000000E+00 1 470 1 0 0 0
 8.000000E+00 3 470 3 0 0 0
 1.200000E+01 1 470 1 0 0 0
 1.600000E+01 5 470 5 0 0 0
 2.000000E+01 0 470 0 0 0 0
 2.400000E+01 3 469 1 2 0 0
 2.800000E+01 3 468 2 0 1 0
 3.200000E+01 4 468 3 0 1 0
 3.600000E+01 3 468 1 1 1 0
 4.000000E+01 1 467 0 0 1 0
 4.400000E+01 2 467 1 0 1 0
 4.800000E+01 1 467 0 0 1 0
 5.200000E+01 1 467 0 0 1 0
 5.600000E+01 4 467 2 1 1 0
 6.000000E+01 4 467 3 0 1 0
 6.400000E+01 1 467 0 0 1 0
 6.800000E+01 2 467 1 0 1 0
 7.200000E+01 3 467 2 0 1 0
 7.600000E+01 2 467 1 0 1 0
 8.000000E+01 7 467 5 1 1 0
 8.400000E+01 7 466 3 2 1 1
 8.800000E+01 8 466 4 1 1 2
 9.200000E+01 7 465 3 0 1 3
 9.600000E+01 7 465 3 0 1 3
 1.000000E+02 9 465 4 0 2 3
 1.040000E+02 10 465 5 0 2 3
 1.080000E+02 10 465 2 2 2 4
 1.120000E+02 12 465 4 2 2 4
 1.160000E+02 10 465 0 2 3 5
 1.200000E+02 15 463 4 3 3 5
 1.240000E+02 14 462 3 1 4 6
 1.280000E+02 14 461 3 1 4 6
 1.320000E+02 16 461 5 1 4 6
 1.360000E+02 15 459 3 2 4 6
 1.400000E+02 13 457 3 0 4 6
 1.440000E+02 14 457 4 0 4 6
 1.480000E+02 14 457 2 2 4 6
 1.520000E+02 14 455 2 1 4 7
 1.560000E+02 19 451 6 1 5 7
 1.600000E+02 19 450 5 1 5 8
 1.640000E+02 15 449 1 1 5 8
 1.680000E+02 17 448 3 1 5 8
 1.720000E+02 19 447 5 0 5 9
 1.760000E+02 19 447 3 2 5 9
 1.800000E+02 15 447 0 0 5 10
 1.840000E+02 16 447 1 0 5 10
 1.880000E+02 17 445 0 2 5 10
 1.920000E+02 19 445 1 2 5 11
 1.960000E+02 17 445 1 0 5 11
 2.000000E+02 18 445 1 1 5 11

#Simulation ended (eff.: 0.737016, detail below)
	#Events: 894
	#Valid embedding but no longer unary when required: 0.000000
	#Valid embedding but not binary when required: 0.000000
	#Clashing instance: 0.000000
	#Lazy negative update: 1.000000
	#Lazy negative update of non local instances: 0.000000
	#Perturbation interrupting time advance: 0.000000
