# time 'Cases' 'Susceptible' 'Exposed' 'Infected' 'Removed' 'Deads'
 0.000000E+00 0 470 0 0 0 0
 4.000000E+00 2 470 1 1 0 0
 8.000000E+00 4 470 3 1 0 0
 1.200000E+01 3 469 2 0 1 0
 1.600000E+01 3 469 2 0 1 0
 2.000000E+01 1 469 0 0 1 0
 2.400000E+01 1 469 0 0 1 0
 2.800000E+01 4 468 1 2 1 0
 3.200000E+01 5 465 2 2 1 0
 3.600000E+01 5 461 2 2 1 0
 4.000000E+01 7 460 4 1 2 0
 4.400000E+01 7 459 4 1 2 0
 4.800000E+01 9 459 5 2 2 0
 5.200000E+01 14 457 9 3 2 0
 5.600000E+01 12 456 8 1 2 1
 6.000000E+01 9 455 5 1 2 1
 6.400000E+01 9 455 5 1 2 1
 6.800000E+01 10 455 5 1 3 1
 7.200000E+01 7 454 1 2 3 1
 7.600000E+01 14 450 6 3 4 1
 8.000000E+01 10 449 3 1 5 1
 8.400000E+01 14 449 8 0 5 1
 8.800000E+01 14 447 6 0 5 3
 9.200000E+01 18 447 9 1 5 3
 9.600000E+01 14 447 5 0 6 3
 1.000000E+02 18 447 9 0 6 3
 1.040000E+02 16 447 6 1 6 3
 1.080000E+02 16 447 3 2 7 4
 1.120000E+02 27 447 10 4 8 5
 1.160000E+02 21 446 5 2 8 6
 1.200000E+02 27 443 6 5 8 8
 1.240000E+02 29 439 5 4 11 9
 1.280000E+02 36 437 9 6 11 10
 1.320000E+02 33 437 7 0 13 13
 1.360000E+02 34 435 5 2 14 13
 1.400000E+02 44 433 12 3 15 14
 1.440000E+02 45 429 14 0 15 16
 1.480000E+02 39 428 7 1 15 16
 1.520000E+02 41 428 5 4 15 17
 1.560000E+02 40 427 3 1 16 20
 1.600000E+02 45 426 7 2 16 20
 1.640000E+02 46 426 7 2 17 20
 1.680000E+02 45 426 4 2 18 21
 1.720000E+02 46 418 5 2 18 21
 1.760000E+02 47 417 3 4 18 22
 1.800000E+02 47 417 3 3 19 22
 1.840000E+02 49 415 4 3 20 22
 1.880000E+02 55 413 9 4 20 22
 1.920000E+02 53 412 5 3 21 24
 1.960000E+02 52 412 3 2 22 25
 2.000000E+02 52 412 3 1 23 25

#Simulation ended (eff.: 0.754106, detail below)
	#Events: 1607
	#Valid embedding but no longer unary when required: 0.000000
	#Valid embedding but not binary when required: 0.000000
	#Clashing instance: 0.000000
	#Lazy negative update: 1.000000
	#Lazy negative update of non local instances: 0.000000
	#Perturbation interrupting time advance: 0.000000
