# time 'Cases' 'Susceptible' 'Exposed' 'Infected' 'Removed' 'Deads'
 0.000000E+00 10 100000 0 10 0 0
 4.000000E+00 18 99992 8 7 1 2
 8.000000E+00 15 99986 7 4 2 2
 1.200000E+01 15 99984 7 2 2 4
 1.600000E+01 22 99980 13 3 2 4
 2.000000E+01 23 99976 12 3 3 5
 2.400000E+01 24 99970 11 4 3 6
 2.800000E+01 34 99962 16 6 4 8
 3.200000E+01 41 99956 20 7 4 10
 3.600000E+01 49 99941 21 8 5 15
 4.000000E+01 61 99930 28 7 8 18
 4.400000E+01 70 99922 31 6 12 21
 4.800000E+01 83 99911 32 8 14 29
 5.200000E+01 89 99903 34 8 15 32
 5.600000E+01 88 99896 28 7 15 38
 6.000000E+01 114 99886 37 21 17 39
 6.400000E+01 123 99865 37 16 21 49
 6.800000E+01 143 99844 53 15 22 53
 7.200000E+01 173 99825 66 22 26 59
 7.600000E+01 194 99812 65 27 31 71
 8.000000E+01 218 99788 67 22 43 86
 8.400000E+01 219 99777 58 21 44 96
 8.800000E+01 237 99759 59 23 50 105
 9.200000E+01 270 99737 75 27 56 112
 9.600000E+01 278 99709 70 25 59 124
 1.000000E+02 293 99692 65 31 65 132
 1.040000E+02 321 99674 70 32 72 147
 1.080000E+02 333 99651 66 27 81 159
 1.120000E+02 369 99624 82 25 91 171
 1.160000E+02 387 99604 83 25 95 184
 1.200000E+02 395 99579 73 24 101 197
 1.240000E+02 434 99560 85 37 104 208
 1.280000E+02 440 99535 73 32 106 229
 1.320000E+02 455 99515 68 29 109 249
 1.360000E+02 478 99496 65 38 112 263
 1.400000E+02 519 99462 84 31 116 288
 1.440000E+02 533 99440 80 33 121 299
 1.480000E+02 562 99417 81 41 129 311
 1.520000E+02 593 99392 86 32 136 339
 1.560000E+02 614 99373 77 35 145 357
 1.600000E+02 644 99346 81 36 154 373
 1.640000E+02 664 99320 84 35 160 385
 1.680000E+02 672 99303 71 32 165 404
 1.720000E+02 680 99282 54 35 171 420
 1.760000E+02 689 99271 49 33 176 431
 1.800000E+02 723 99251 63 29 186 445
 1.840000E+02 727 99243 54 22 194 457
 1.880000E+02 743 99232 58 23 197 465
 1.920000E+02 748 99223 37 38 200 473
 1.960000E+02 756 99207 36 27 208 485
 2.000000E+02 768 99198 34 31 211 492

#Simulation ended (eff.: 0.983750, detail below)
	#Events: 97589
	#Valid embedding but no longer unary when required: 0.000000
	#Valid embedding but not binary when required: 0.000000
	#Clashing instance: 0.000000
	#Lazy negative update: 1.000000
	#Lazy negative update of non local instances: 0.000000
	#Perturbation interrupting time advance: 0.000000
