# time 'Cases' 'Susceptible' 'Exposed' 'Infected' 'Removed' 'Deads'
 0.000000E+00 0 700 0 0 0 0
 4.000000E+00 1 700 1 0 0 0
 8.000000E+00 2 700 2 0 0 0
 1.200000E+01 4 699 3 1 0 0
 1.600000E+01 7 693 6 1 0 0
 2.000000E+01 8 693 7 1 0 0
 2.400000E+01 6 692 2 3 0 1
 2.800000E+01 10 689 6 0 0 4
 3.200000E+01 14 688 8 1 0 5
 3.600000E+01 14 687 5 3 1 5
 4.000000E+01 13 683 3 2 1 7
 4.400000E+01 17 683 7 0 2 8
 4.800000E+01 17 683 5 2 2 8
 5.200000E+01 21 681 7 4 2 8
 5.600000E+01 24 681 7 4 3 10
 6.000000E+01 24 679 6 4 3 11
 6.400000E+01 30 676 11 3 4 12
 6.800000E+01 32 675 12 2 4 14
 7.200000E+01 34 674 10 3 4 17
 7.600000E+01 40 674 12 4 4 20
 8.000000E+01 38 673 8 4 5 21
 8.400000E+01 46 670 13 5 6 22
 8.800000E+01 52 666 14 4 9 25
 9.200000E+01 50 662 13 2 9 26
 9.600000E+01 56 660 15 5 10 26
 1.000000E+02 63 655 19 6 11 27
 1.040000E+02 62 654 15 4 12 31
 1.080000E+02 61 650 11 3 14 33
 1.120000E+02 71 646 17 2 16 36
 1.160000E+02 72 644 16 3 16 37
 1.200000E+02 73 644 14 4 17 38
 1.240000E+02 75 642 14 4 17 40
 1.280000E+02 86 639 19 8 18 41
 1.320000E+02 80 633 8 5 21 46
 1.360000E+02 90 632 18 3 22 47
 1.400000E+02 91 630 16 3 23 49
 1.440000E+02 93 630 16 1 23 53
 1.480000E+02 92 630 11 2 24 55
 1.520000E+02 93 627 7 7 24 55
 1.560000E+02 99 626 13 3 25 58
 1.600000E+02 100 625 12 3 25 60
 1.640000E+02 107 625 15 4 26 62
 1.680000E+02 110 622 14 5 27 64
 1.720000E+02 113 621 12 6 28 67
 1.760000E+02 111 620 9 3 29 70
 1.800000E+02 109 619 5 4 29 71
 1.840000E+02 113 618 6 2 30 75
 1.880000E+02 115 617 8 1 31 75
 1.920000E+02 115 615 5 2 32 76
 1.960000E+02 117 615 8 0 32 77
 2.000000E+02 121 615 10 1 32 78

#Simulation ended (eff.: 0.751477, detail below)
	#Events: 3562
	#Valid embedding but no longer unary when required: 0.000000
	#Valid embedding but not binary when required: 0.000000
	#Clashing instance: 0.000000
	#Lazy negative update: 1.000000
	#Lazy negative update of non local instances: 0.000000
	#Perturbation interrupting time advance: 0.000000
