# time 'Cases' 'Susceptible' 'Exposed' 'Infected' 'Removed' 'Deads'
 0.000000E+00 0 1580 0 0 0 0
 4.000000E+00 2 1580 2 0 0 0
 8.000000E+00 6 1580 3 3 0 0
 1.200000E+01 5 1578 2 2 0 1
 1.600000E+01 8 1578 4 1 1 2
 2.000000E+01 10 1577 5 2 1 2
 2.400000E+01 11 1576 6 0 2 3
 2.800000E+01 15 1576 9 1 2 3
 3.200000E+01 10 1574 2 1 3 4
 3.600000E+01 13 1574 5 1 3 4
 4.000000E+01 16 1574 8 0 4 4
 4.400000E+01 13 1574 4 1 4 4
 4.800000E+01 16 1574 5 2 5 4
 5.200000E+01 17 1572 5 1 5 6
 5.600000E+01 15 1571 2 1 6 6
 6.000000E+01 22 1570 6 3 7 6
 6.400000E+01 19 1569 3 2 7 7
 6.800000E+01 26 1566 8 3 8 7
 7.200000E+01 21 1562 1 1 9 10
 7.600000E+01 35 1558 13 2 9 11
 8.000000E+01 36 1556 13 3 9 11
 8.400000E+01 34 1553 7 3 9 15
 8.800000E+01 38 1549 7 3 11 17
 9.200000E+01 40 1544 9 1 11 19
 9.600000E+01 47 1542 11 6 11 19
 1.000000E+02 49 1541 11 5 11 22
 1.040000E+02 50 1537 10 3 11 26
 1.080000E+02 52 1536 7 6 11 28
 1.120000E+02 53 1534 7 1 14 31
 1.160000E+02 62 1530 10 3 16 33
 1.200000E+02 64 1529 10 3 16 35
 1.240000E+02 65 1527 8 2 18 37
 1.280000E+02 73 1526 15 3 18 37
 1.320000E+02 72 1525 10 4 19 39
 1.360000E+02 86 1519 17 6 20 43
 1.400000E+02 86 1512 15 6 20 45
 1.440000E+02 84 1507 12 4 20 48
 1.480000E+02 88 1502 15 3 21 49
 1.520000E+02 87 1500 11 3 22 51
 1.560000E+02 91 1500 10 5 23 53
 1.600000E+02 100 1495 14 7 23 56
 1.640000E+02 107 1490 18 8 24 57
 1.680000E+02 98 1488 6 5 25 62
 1.720000E+02 109 1486 15 3 25 66
 1.760000E+02 109 1486 13 2 26 68
 1.800000E+02 104 1483 4 6 26 68
 1.840000E+02 110 1479 9 1 27 73
 1.880000E+02 113 1478 10 3 27 73
 1.920000E+02 114 1474 7 1 30 76
 1.960000E+02 120 1474 9 3 30 78
 2.000000E+02 128 1469 13 5 31 79

#Simulation ended (eff.: 0.842912, detail below)
	#Events: 3300
	#Valid embedding but no longer unary when required: 0.000000
	#Valid embedding but not binary when required: 0.000000
	#Clashing instance: 0.000000
	#Lazy negative update: 1.000000
	#Lazy negative update of non local instances: 0.000000
	#Perturbation interrupting time advance: 0.000000
