# time 'Cases' 'Susceptible' 'Exposed' 'Infected' 'Removed' 'Deads'
 0.000000E+00 0 1580 0 0 0 0
 4.000000E+00 2 1580 2 0 0 0
 8.000000E+00 3 1580 3 0 0 0
 1.200000E+01 1 1580 1 0 0 0
 1.600000E+01 4 1580 4 0 0 0
 2.000000E+01 6 1578 4 1 0 1
 2.400000E+01 6 1575 3 1 0 2
 2.800000E+01 14 1574 10 2 0 2
 3.200000E+01 16 1569 8 4 1 3
 3.600000E+01 14 1567 4 3 2 5
 4.000000E+01 13 1564 3 3 2 5
 4.400000E+01 24 1560 12 5 2 5
 4.800000E+01 22 1560 9 1 4 8
 5.200000E+01 25 1556 10 2 5 8
 5.600000E+01 24 1554 7 3 5 9
 6.000000E+01 37 1552 16 6 5 10
 6.400000E+01 45 1544 17 9 8 11
 6.800000E+01 48 1541 18 6 10 14
 7.200000E+01 46 1537 13 7 11 15
 7.600000E+01 50 1531 16 6 12 16
 8.000000E+01 58 1525 21 4 16 17
 8.400000E+01 59 1522 21 4 16 18
 8.800000E+01 67 1518 20 8 19 20
 9.200000E+01 74 1512 22 9 20 23
 9.600000E+01 81 1502 26 9 21 25
 1.000000E+02 91 1496 30 12 21 28
 1.040000E+02 97 1494 28 10 23 36
 1.080000E+02 103 1484 28 9 23 43
 1.120000E+02 126 1475 40 13 23 50
 1.160000E+02 124 1465 28 13 28 55
 1.200000E+02 120 1451 19 8 29 64
 1.240000E+02 133 1447 30 3 32 68
 1.280000E+02 139 1445 26 9 32 72
 1.320000E+02 143 1442 23 10 33 77
 1.360000E+02 143 1436 19 9 35 80
 1.400000E+02 156 1431 28 8 36 84
 1.440000E+02 147 1429 15 8 38 86
 1.480000E+02 158 1423 18 12 40 88
 1.520000E+02 167 1420 24 10 42 91
 1.560000E+02 170 1417 17 9 46 98
 1.600000E+02 189 1417 29 11 48 101
 1.640000E+02 189 1409 17 11 51 110
 1.680000E+02 192 1407 17 10 51 114
 1.720000E+02 195 1401 19 5 53 118
 1.760000E+02 193 1396 15 5 55 118
 1.800000E+02 197 1394 13 6 55 123
 1.840000E+02 202 1391 16 4 56 126
 1.880000E+02 210 1387 18 8 56 128
 1.920000E+02 214 1382 14 12 57 131
 1.960000E+02 221 1377 20 6 61 134
 2.000000E+02 225 1370 20 8 61 136

#Simulation ended (eff.: 0.855091, detail below)
	#Events: 5240
	#Valid embedding but no longer unary when required: 0.000000
	#Valid embedding but not binary when required: 0.000000
	#Clashing instance: 0.000000
	#Lazy negative update: 1.000000
	#Lazy negative update of non local instances: 0.000000
	#Perturbation interrupting time advance: 0.000000
